  Iter  Epoch       Start         End   Type   From     To            Opp          Count           Rate             Ne         ESS  Clump
     5      0           0         133   Coal      0     -1      499175.15      16.429497  3.2913292e-05      15191.431      1.0155     -1
     5      1         133       166.2   Coal      0     -1      248897.56       1.000596  4.0201117e-06      124374.65      1.0262     -1
     5      2       166.2      207.68   Coal      0     -1       378782.7       18.73933  4.9472508e-05      10106.623      1.0322     -1
     5      3      207.68      259.53   Coal      0     -1      579873.59      11.083963  1.9114448e-05      26158.224      1.0698     -1
     5      4      259.53      324.31   Coal      0     -1      890400.14      10.123404  1.1369499e-05      43977.311      1.0911     -1
     5      5      324.31      405.26   Coal      0     -1      1379947.6       13.25577  9.6059954e-06      52050.827      1.1557     -1
     5      6      405.26      506.42   Coal      0     -1      2140623.1      41.354722  1.9319011e-05      25881.242      1.2301     -1
     5      7      506.42      632.82   Coal      0     -1      3291954.8      78.077963  2.3717812e-05      21081.203        1.32     -1
     5      8      632.82      790.79   Coal      0     -1      5022344.1      154.84885  3.0831988e-05      16216.924      1.3308     -1
     5      9      790.79      988.18   Coal      0     -1      7613955.6      213.95798  2.8100765e-05       17793.11      1.5913     -1
     5     10      988.18      1234.8   Coal      0     -1       11559840         345.35  2.9874982e-05      16736.412      1.9131     -1
     5     11      1234.8      1543.1   Coal      0     -1       17375905          482.4  2.7762582e-05      18009.852      2.2464     -1
     5     12      1543.1      1928.2   Coal      0     -1       26059473         762.56  2.9262295e-05      17086.835      2.3652     -1
     5     13      1928.2      2409.6   Coal      0     -1       38669724        1138.07  2.9430517e-05      16989.168        2.93     -1
     5     14      2409.6        3011   Coal      0     -1       56927918        1702.31  2.9902903e-05      16720.785       3.293     -1
     5     15        3011      3762.6   Coal      0     -1       82197897        2625.67  3.1943275e-05      15652.747      4.0303     -1
     5     16      3762.6      4701.8   Coal      0     -1  1.1663706e+08        3877.23  3.3241836e-05      15041.287      4.4394     -1
     5     17      4701.8      5875.5   Coal      0     -1  1.6210126e+08        5363.86  3.3089564e-05      15110.504      5.5714     -1
     5     18      5875.5      7342.1   Coal      0     -1  2.2639376e+08        5585.25  2.4670512e-05      20267.111      6.3003     -1
     5     19      7342.1      9174.7   Coal      0     -1  3.2248457e+08         6112.5  1.8954395e-05      26379.106       8.026     -1
     5     20      9174.7       11465   Coal      0     -1  4.6591728e+08        7186.95  1.5425378e-05      32414.117      8.3651     -1
     5     21       11465       14327   Coal      0     -1  6.6886209e+08        9509.61  1.4217595e-05      35167.693      11.103     -1
     5     22       14327       17903   Coal      0     -1  9.3766177e+08       13967.61  1.4896214e-05      33565.577      13.243     -1
     5     23       17903       22372   Coal      0     -1  1.2389461e+09       22525.22  1.8180952e-05       27501.31      14.713     -1
     5     24       22372       27956   Coal      0     -1   1.514001e+09       32694.29  2.1594629e-05      23153.905      19.117     -1
     5     25       27956       34934   Coal      0     -1  1.6884737e+09       43573.97  2.5806721e-05      19374.798      21.058     -1
     5     26       34934       43654   Coal      0     -1  1.7255056e+09       50676.12  2.9368853e-05      17024.839      24.566     -1
     5     27       43654       54551   Coal      0     -1  1.6156002e+09       54466.53  3.3712876e-05      14831.129      24.556     -1
     5     28       54551       68167   Coal      0     -1  1.4122689e+09        49500.9  3.5050621e-05      14265.083      25.557     -1
     5     29       68167       85183   Coal      0     -1  1.1924637e+09       39964.56  3.3514278e-05      14919.015      27.983     -1
     5     30       85183  1.0645e+05   Coal      0     -1  1.1673717e+09       22074.63  1.8909683e-05      26441.479      29.582     -1
     5     31  1.0645e+05  1.3302e+05   Coal      0     -1   1.191326e+09       22926.57  1.9244582e-05      25981.339      30.265     -1
     5     32  1.3302e+05       1e+99   Coal      0     -1  2.4520424e+09       48964.57  1.9968892e-05      25038.945      28.992     -1
     5     -1           0       1e+99  Delay     -1     -1  9.9999962e+08              0              0              0           1     -1
     5     -1           0       1e+99   LogL     -1     -1              1      -17557733      -17557733              0           1     -1
     5     -1           0       1e+99 Recomb     -1     -1           3300   9.900001e-06  3.0000003e-09              0           1     -1
     5     -1           0       1e+99 Resamp     -1     -1  9.9999962e+08        1116357   0.0011163574              0           1     -1
     4      0           0         133   Coal      0     -1      486111.26      11.798794  2.4271798e-05       20600.04       1.015     -1
     4      1         133       166.2   Coal      0     -1       245818.1  0.00013886382  5.6490478e-10  8.8510492e+08      1.0281     -1
     4      2       166.2      207.68   Coal      0     -1      380943.53          17.77  4.6647334e-05      10718.726      1.0412     -1
     4      3      207.68      259.53   Coal      0     -1      579639.28      10.012875  1.7274321e-05      28944.697      1.0564     -1
     4      4      259.53      324.31   Coal      0     -1      892424.87      11.166004  1.2511982e-05      39961.693      1.0771     -1
     4      5      324.31      405.26   Coal      0     -1        1381661       14.95037  1.0820577e-05      46208.256      1.1838     -1
     4      6      405.26      506.42   Coal      0     -1      2119306.6      37.234697  1.7569283e-05       28458.76      1.2458     -1
     4      7      506.42      632.82   Coal      0     -1      3236640.2      73.324472  2.2654502e-05      22070.668      1.2659     -1
     4      8      632.82      790.79   Coal      0     -1      5031527.8         147.54  2.9323101e-05      17051.403      1.5122     -1
     4      9      790.79      988.18   Coal      0     -1      7631272.6         193.32  2.5332603e-05      19737.411      1.9428     -1
     4     10      988.18      1234.8   Coal      0     -1       11552856         332.89  2.8814519e-05      17352.363      1.9676     -1
     4     11      1234.8      1543.1   Coal      0     -1       17492770         496.42  2.8378582e-05      17618.921      2.0498     -1
     4     12      1543.1      1928.2   Coal      0     -1       26168005          780.5    2.98265e-05      16763.616      2.4006     -1
     4     13      1928.2      2409.6   Coal      0     -1       38726262        1160.75    2.99732e-05      16681.569      2.8774     -1
     4     14      2409.6        3011   Coal      0     -1       56873410        1745.04   3.068288e-05      16295.732      3.3799     -1
     4     15        3011      3762.6   Coal      0     -1       82255698        2674.34   3.251252e-05      15378.691      4.2844     -1
     4     16      3762.6      4701.8   Coal      0     -1  1.1626297e+08         3892.5  3.3480136e-05      14934.229      4.2636     -1
     4     17      4701.8      5875.5   Coal      0     -1  1.6135813e+08        5375.19  3.3312174e-05      15009.528      5.2477     -1
     4     18      5875.5      7342.1   Coal      0     -1   2.249906e+08        5633.21  2.5037535e-05      19970.017      6.1568     -1
     4     19      7342.1      9174.7   Coal      0     -1  3.2183783e+08        6076.43  1.8880409e-05      26482.477      7.9445     -1
     4     20      9174.7       11465   Coal      0     -1  4.6543406e+08        7144.94  1.5351133e-05      32570.886      8.8481     -1
     4     21       11465       14327   Coal      0     -1   6.688855e+08        9433.75  1.4103684e-05      35451.729      11.471     -1
     4     22       14327       17903   Coal      0     -1  9.3739951e+08       13937.15  1.4867887e-05      33629.527      13.459     -1
     4     23       17903       22372   Coal      0     -1  1.2400878e+09       22364.66  1.8034739e-05      27724.271      14.534     -1
     4     24       22372       27956   Coal      0     -1  1.5168224e+09        32481.3  2.1414043e-05      23349.164      18.051     -1
     4     25       27956       34934   Coal      0     -1  1.6942486e+09       43510.33  2.5681196e-05      19469.498      20.209     -1
     4     26       34934       43654   Coal      0     -1  1.7318109e+09       50743.07  2.9300584e-05      17064.507      23.541     -1
     4     27       43654       54551   Coal      0     -1   1.618767e+09       54731.92   3.381087e-05      14788.143      25.439     -1
     4     28       54551       68167   Coal      0     -1  1.4089448e+09        49817.5  3.5358022e-05      14141.063      28.214     -1
     4     29       68167       85183   Coal      0     -1   1.184032e+09       40123.46  3.3887142e-05      14754.859      28.419     -1
     4     30       85183  1.0645e+05   Coal      0     -1  1.1558757e+09       22117.59  1.9134921e-05      26130.236      26.722     -1
     4     31  1.0645e+05  1.3302e+05   Coal      0     -1  1.1751471e+09       22812.63  1.9412574e-05      25756.501      30.277     -1
     4     32  1.3302e+05       1e+99   Coal      0     -1  2.4168515e+09       48482.51  2.0060194e-05      24924.983      26.389     -1
     4     -1           0       1e+99  Delay     -1     -1  9.9999962e+08              0              0              0           1     -1
     4     -1           0       1e+99   LogL     -1     -1              1      -17557364      -17557364              0           1     -1
     4     -1           0       1e+99 Recomb     -1     -1           3300   9.900001e-06  3.0000003e-09              0           1     -1
     4     -1           0       1e+99 Resamp     -1     -1  9.9999962e+08        1113890   0.0011138904              0           1     -1
     3      0           0         133   Coal      0     -1      483927.87      20.017237  4.1364092e-05      12087.779      1.0157     -1
     3      1         133       166.2   Coal      0     -1      240142.41  0.00013852425  5.7684209e-10  8.6678834e+08      1.0217     -1
     3      2       166.2      207.68   Coal      0     -1      370653.66      11.674295  3.1496506e-05      15874.777      1.0369     -1
     3      3      207.68      259.53   Coal      0     -1      568350.91      5.4180749  9.5329749e-06      52449.525      1.0569     -1
     3      4      259.53      324.31   Coal      0     -1      886090.25      10.634214  1.2001276e-05      41662.236      1.0936     -1
     3      5      324.31      405.26   Coal      0     -1      1357287.2      10.347979  7.6240159e-06      65582.235      1.2132     -1
     3      6      405.26      506.42   Coal      0     -1        2095517      39.861167  1.9022115e-05      26285.194      1.2192     -1
     3      7      506.42      632.82   Coal      0     -1      3217502.5      72.151677  2.2424746e-05      22296.797      1.3343     -1
     3      8      632.82      790.79   Coal      0     -1      4890428.6      154.13239  3.1517153e-05      15864.377      1.5096     -1
     3      9      790.79      988.18   Coal      0     -1      7432181.4      192.20742  2.5861508e-05      19333.752      1.7375     -1
     3     10      988.18      1234.8   Coal      0     -1       11363109         332.46  2.9257837e-05      17089.438      1.8014     -1
     3     11      1234.8      1543.1   Coal      0     -1       17236723          498.2  2.8903406e-05          17299      2.1917     -1
     3     12      1543.1      1928.2   Coal      0     -1       25860668         815.35  3.1528574e-05       15858.63      2.5555     -1
     3     13      1928.2      2409.6   Coal      0     -1       38318459        1187.26  3.0984023e-05      16137.349      2.6371     -1
     3     14      2409.6        3011   Coal      0     -1       56443588        1746.25  3.0937969e-05      16161.371      3.4502     -1
     3     15        3011      3762.6   Coal      0     -1       81665912        2687.09  3.2903447e-05      15195.976      3.9627     -1
     3     16      3762.6      4701.8   Coal      0     -1  1.1549505e+08        3932.02  3.4044922e-05      14686.478      4.7779     -1
     3     17      4701.8      5875.5   Coal      0     -1  1.6084536e+08        5408.76  3.3627081e-05      14868.968      5.1959     -1
     3     18      5875.5      7342.1   Coal      0     -1  2.2424963e+08        5686.89   2.535964e-05      19716.368      6.1965     -1
     3     19      7342.1      9174.7   Coal      0     -1  3.2079035e+08        6096.24  1.9003813e-05      26310.509      7.3924     -1
     3     20      9174.7       11465   Coal      0     -1  4.6400698e+08         7108.2  1.5319166e-05      32638.853       8.851     -1
     3     21       11465       14327   Coal      0     -1  6.6788634e+08        9368.04  1.4026399e-05      35647.069      10.491     -1
     3     22       14327       17903   Coal      0     -1   9.370277e+08       13838.99   1.476903e-05      33854.628      13.421     -1
     3     23       17903       22372   Coal      0     -1  1.2409866e+09        22286.9  1.7959018e-05      27841.166      14.835     -1
     3     24       22372       27956   Coal      0     -1  1.5203939e+09       32369.88  2.1290457e-05        23484.7      18.117     -1
     3     25       27956       34934   Coal      0     -1  1.7015308e+09       43455.35  2.5538973e-05      19577.921      21.272     -1
     3     26       34934       43654   Coal      0     -1  1.7411947e+09       50925.53  2.9247464e-05      17095.499      24.731     -1
     3     27       43654       54551   Coal      0     -1  1.6245718e+09       55034.98  3.3876607e-05      14759.448      26.691     -1
     3     28       54551       68167   Coal      0     -1  1.4085099e+09       50305.77  3.5715596e-05      13999.486      29.795     -1
     3     29       68167       85183   Coal      0     -1  1.1736345e+09       40328.47  3.4362036e-05      14550.942      27.492     -1
     3     30       85183  1.0645e+05   Coal      0     -1  1.1379415e+09       22102.35  1.9423099e-05      25742.545      29.384     -1
     3     31  1.0645e+05  1.3302e+05   Coal      0     -1  1.1526484e+09       22625.13  1.9628822e-05      25472.746      32.112     -1
     3     32  1.3302e+05       1e+99   Coal      0     -1  2.3582158e+09        47696.4   2.022563e-05      24721.109      27.041     -1
     3     -1           0       1e+99  Delay     -1     -1  9.9999962e+08              0              0              0           1     -1
     3     -1           0       1e+99   LogL     -1     -1              1      -17557411      -17557411              0           1     -1
     3     -1           0       1e+99 Recomb     -1     -1           3300   9.900001e-06  3.0000003e-09              0           1     -1
     3     -1           0       1e+99 Resamp     -1     -1  9.9999962e+08        1110270   0.0011102704              0           1     -1
     2      0           0         133   Coal      0     -1      472064.62      15.212432  3.2225318e-05      15515.751      1.0151     -1
     2      1         133       166.2   Coal      0     -1      240731.83  0.00013956024  5.7973322e-10  8.6246566e+08        1.02     -1
     2      2       166.2      207.68   Coal      0     -1       368718.6      9.5170638  2.5811184e-05      19371.447      1.0353     -1
     2      3      207.68      259.53   Coal      0     -1      561387.15      8.1038528  1.4435408e-05      34637.052      1.0862     -1
     2      4      259.53      324.31   Coal      0     -1      859181.12      9.7960525  1.1401615e-05      43853.436      1.1237     -1
     2      5      324.31      405.26   Coal      0     -1      1327266.1      11.983512  9.0287182e-06      55378.846      1.1377     -1
     2      6      405.26      506.42   Coal      0     -1      2056968.5      27.742871  1.3487261e-05      37072.018      1.2902     -1
     2      7      506.42      632.82   Coal      0     -1      3170757.5      70.417299  2.2208352e-05      22514.052      1.3258     -1
     2      8      632.82      790.79   Coal      0     -1      4890490.6      156.48985  3.1998804e-05      15625.584      1.5077     -1
     2      9      790.79      988.18   Coal      0     -1      7499913.2      209.10943   2.788158e-05      17932.987      1.7763     -1
     2     10      988.18      1234.8   Coal      0     -1       11366375         334.75  2.9450903e-05      16977.408      1.9431     -1
     2     11      1234.8      1543.1   Coal      0     -1       17148524         480.49  2.8019321e-05      17844.829      2.1003     -1
     2     12      1543.1      1928.2   Coal      0     -1       25717236         820.11  3.1889508e-05      15679.138      2.4348     -1
     2     13      1928.2      2409.6   Coal      0     -1       38096463        1231.85  3.2335023e-05       15463.11       2.863     -1
     2     14      2409.6        3011   Coal      0     -1       55881722        1832.47  3.2791938e-05       15247.65       3.474     -1
     2     15        3011      3762.6   Coal      0     -1       80734735        2703.95   3.349178e-05      14929.036      3.5239     -1
     2     16      3762.6      4701.8   Coal      0     -1  1.1432506e+08        4002.42  3.5009122e-05      14281.992      4.6203     -1
     2     17      4701.8      5875.5   Coal      0     -1   1.586615e+08        5510.65  3.4732119e-05      14395.897      5.6428     -1
     2     18      5875.5      7342.1   Coal      0     -1  2.2197672e+08        5664.39  2.5517946e-05      19594.054      6.0531     -1
     2     19      7342.1      9174.7   Coal      0     -1  3.1786876e+08        6052.25  1.9040091e-05      26260.379      7.0654     -1
     2     20      9174.7       11465   Coal      0     -1  4.6081507e+08        7034.62  1.5265603e-05      32753.373      8.8143     -1
     2     21       11465       14327   Coal      0     -1  6.6496927e+08        9260.21  1.3925771e-05      35904.654      11.267     -1
     2     22       14327       17903   Coal      0     -1  9.3441164e+08       13692.58  1.4653692e-05      34121.095      13.966     -1
     2     23       17903       22372   Coal      0     -1  1.2414309e+09       22104.26   1.780547e-05      28081.259       15.23     -1
     2     24       22372       27956   Coal      0     -1  1.5234201e+09       32090.53  2.1064793e-05      23736.288      18.294     -1
     2     25       27956       34934   Coal      0     -1  1.7080935e+09       43303.02  2.5351668e-05      19722.568      20.229     -1
     2     26       34934       43654   Coal      0     -1  1.7497538e+09       51026.52  2.9162114e-05      17145.534      24.194     -1
     2     27       43654       54551   Coal      0     -1  1.6314886e+09       55433.38  3.3977179e-05       14715.76      26.053     -1
     2     28       54551       68167   Coal      0     -1  1.4051865e+09       50754.07  3.6119098e-05      13843.092      27.109     -1
     2     29       68167       85183   Coal      0     -1  1.1610801e+09       40607.07  3.4973531e-05      14296.526      27.895     -1
     2     30       85183  1.0645e+05   Coal      0     -1  1.1174773e+09       22121.64  1.9796054e-05      25257.559      29.673     -1
     2     31  1.0645e+05  1.3302e+05   Coal      0     -1  1.1294503e+09       22532.49  1.9949961e-05      25062.706      28.076     -1
     2     32  1.3302e+05       1e+99   Coal      0     -1  2.2835781e+09       46626.05  2.0417979e-05      24488.221      26.546     -1
     2     -1           0       1e+99  Delay     -1     -1  9.9999962e+08              0              0              0           1     -1
     2     -1           0       1e+99   LogL     -1     -1              1      -17557772      -17557772              0           1     -1
     2     -1           0       1e+99 Recomb     -1     -1           3300   9.900001e-06  3.0000003e-09              0           1     -1
     2     -1           0       1e+99 Resamp     -1     -1  9.9999962e+08        1106826   0.0011068264              0           1     -1
     1      0           0         133   Coal      0     -1      478609.84       8.003619  1.6722638e-05      29899.589       1.017     -1
     1      1         133       166.2   Coal      0     -1      238942.53  0.00013637012  5.7072351e-10  8.7608096e+08      1.0254     -1
     1      2       166.2      207.68   Coal      0     -1      364101.22       8.136859  2.2347794e-05      22373.573      1.0336     -1
     1      3      207.68      259.53   Coal      0     -1       557109.4      5.8754652   1.054634e-05      47409.812      1.0689     -1
     1      4      259.53      324.31   Coal      0     -1      865280.11      8.2741564  9.5624022e-06      52288.117      1.0984     -1
     1      5      324.31      405.26   Coal      0     -1      1346602.4      12.630047  9.3791948e-06       53309.48      1.1794     -1
     1      6      405.26      506.42   Coal      0     -1      2077049.5      34.909809  1.6807404e-05      29748.794      1.2788     -1
     1      7      506.42      632.82   Coal      0     -1      3188071.9       70.56648  2.2134532e-05      22589.138      1.2929     -1
     1      8      632.82      790.79   Coal      0     -1      4886130.7      152.39318  3.1188929e-05      16031.329      1.4772     -1
     1      9      790.79      988.18   Coal      0     -1      7447005.2         244.06  3.2772906e-05      15256.505      1.5805     -1
     1     10      988.18      1234.8   Coal      0     -1       11286693         358.36  3.1750663e-05      15747.703      1.7726     -1
     1     11      1234.8      1543.1   Coal      0     -1       17049110         513.38  3.0111836e-05      16604.766       1.951     -1
     1     12      1543.1      1928.2   Coal      0     -1       25482085         887.57  3.4831137e-05      14354.972      2.2607     -1
     1     13      1928.2      2409.6   Coal      0     -1       37708500        1296.84  3.4391185e-05      14538.609      2.7727     -1
     1     14      2409.6        3011   Coal      0     -1       55248664        1890.34  3.4215126e-05       14613.42      3.3823     -1
     1     15        3011      3762.6   Coal      0     -1       79670825         2722.4  3.4170601e-05      14632.461       3.785     -1
     1     16      3762.6      4701.8   Coal      0     -1  1.1295539e+08        4004.93  3.5455857e-05      14102.042      4.1191     -1
     1     17      4701.8      5875.5   Coal      0     -1   1.566267e+08        5613.56  3.5840377e-05      13950.746      5.0678     -1
     1     18      5875.5      7342.1   Coal      0     -1  2.1896146e+08        5709.41  2.6074954e-05      19175.489      5.6636     -1
     1     19      7342.1      9174.7   Coal      0     -1  3.1379738e+08        6099.85  1.9438818e-05      25721.729      7.0929     -1
     1     20      9174.7       11465   Coal      0     -1  4.5591289e+08        7000.12  1.5354073e-05      32564.648      9.0883     -1
     1     21       11465       14327   Coal      0     -1  6.5936375e+08        9164.12  1.3898429e-05       35975.29      9.8232     -1
     1     22       14327       17903   Coal      0     -1  9.2849505e+08        13564.6  1.4609232e-05      34224.933      13.968     -1
     1     23       17903       22372   Coal      0     -1  1.2362473e+09       21817.65   1.764829e-05      28331.357      15.597     -1
     1     24       22372       27956   Coal      0     -1  1.5225911e+09          31812  2.0893332e-05       23931.08      18.134     -1
     1     25       27956       34934   Coal      0     -1  1.7131352e+09       43128.13  2.5174971e-05      19860.996      20.975     -1
     1     26       34934       43654   Coal      0     -1  1.7573688e+09       51167.94  2.9116222e-05      17172.558      24.051     -1
     1     27       43654       54551   Coal      0     -1  1.6350233e+09        55877.9  3.4175599e-05      14630.322      27.834     -1
     1     28       54551       68167   Coal      0     -1  1.3970521e+09        51235.4  3.6673935e-05      13633.661      30.871     -1
     1     29       68167       85183   Coal      0     -1  1.1419649e+09          40833  3.5756789e-05      13983.358      27.708     -1
     1     30       85183  1.0645e+05   Coal      0     -1  1.0866317e+09        22033.7  2.0277064e-05      24658.402      31.782     -1
     1     31  1.0645e+05  1.3302e+05   Coal      0     -1  1.0945931e+09       22312.33  2.0384132e-05      24528.884      28.417     -1
     1     32  1.3302e+05       1e+99   Coal      0     -1  2.1848924e+09       45236.28  2.0704123e-05       24149.78      26.777     -1
     1     -1           0       1e+99  Delay     -1     -1  9.9999962e+08              0              0              0           1     -1
     1     -1           0       1e+99   LogL     -1     -1              1      -17557647      -17557647              0           1     -1
     1     -1           0       1e+99 Recomb     -1     -1           3300   9.900001e-06  3.0000003e-09              0           1     -1
     1     -1           0       1e+99 Resamp     -1     -1  9.9999962e+08        1100861   0.0011008614              0           1     -1
     0      0           0         133   Coal      0     -1      484269.87      4.0009125  8.2617415e-06      60519.928      1.0141     -1
     0      1         133       166.2   Coal      0     -1      245158.25  0.00099016491  4.0388806e-09  1.2379668e+08      1.0235     -1
     0      2       166.2      207.68   Coal      0     -1      371974.02      5.7215719  1.5381644e-05      32506.279      1.0339     -1
     0      3      207.68      259.53   Coal      0     -1      565864.76      5.7909337  1.0233777e-05      48857.817      1.0561     -1
     0      4      259.53      324.31   Coal      0     -1      867374.64      7.4682596   8.610189e-06      58070.735      1.1625     -1
     0      5      324.31      405.26   Coal      0     -1      1344574.6      17.025577  1.2662426e-05      39486.903      1.1922     -1
     0      6      405.26      506.42   Coal      0     -1      2069592.1      39.813309  1.9237273e-05       25991.21      1.1833     -1
     0      7      506.42      632.82   Coal      0     -1      3173977.8       66.57754  2.0976057e-05      23836.701       1.329     -1
     0      8      632.82      790.79   Coal      0     -1      4814863.9       168.4718   3.498994e-05      14289.822      1.3974     -1
     0      9      790.79      988.18   Coal      0     -1      7309860.4         258.54  3.5368665e-05      14136.807      1.6403     -1
     0     10      988.18      1234.8   Coal      0     -1       11044610         385.23  3.4879456e-05      14335.086      1.7826     -1
     0     11      1234.8      1543.1   Coal      0     -1       16610269         581.45  3.5005454e-05      14283.489      2.2006     -1
     0     12      1543.1      1928.2   Coal      0     -1       24798478         923.78   3.725148e-05      13422.286       2.448     -1
     0     13      1928.2      2409.6   Coal      0     -1       36578301        1326.28  3.6258656e-05      13789.811      3.0749     -1
     0     14      2409.6        3011   Coal      0     -1       53653924        1947.93  3.6305453e-05      13772.036      3.2848     -1
     0     15        3011      3762.6   Coal      0     -1       77357642        2837.59  3.6681444e-05       13630.87      3.7227     -1
     0     16      3762.6      4701.8   Coal      0     -1  1.0962685e+08        4121.51  3.7595809e-05      13299.355      4.3135     -1
     0     17      4701.8      5875.5   Coal      0     -1  1.5208275e+08        5738.92   3.773551e-05      13250.119      5.3989     -1
     0     18      5875.5      7342.1   Coal      0     -1  2.1289099e+08        5811.41  2.7297586e-05      18316.638      6.2544     -1
     0     19      7342.1      9174.7   Coal      0     -1  3.0594939e+08        6097.98  1.9931336e-05      25086.126      7.3536     -1
     0     20      9174.7       11465   Coal      0     -1  4.4737751e+08        6913.08  1.5452453e-05      32357.322      8.2123     -1
     0     21       11465       14327   Coal      0     -1  6.4954308e+08        9046.21  1.3927036e-05      35901.393      10.757     -1
     0     22       14327       17903   Coal      0     -1  9.1929465e+08       13395.19  1.4571161e-05      34314.356      13.188     -1
     0     23       17903       22372   Coal      0     -1  1.2268884e+09       21530.62  1.7548964e-05      28491.711      16.517     -1
     0     24       22372       27956   Coal      0     -1  1.5183685e+09       31440.55  2.0706798e-05       24146.66      18.445     -1
     0     25       27956       34934   Coal      0     -1  1.7146995e+09       42969.53  2.5059511e-05      19952.504      19.847     -1
     0     26       34934       43654   Coal      0     -1  1.7597473e+09       51129.54  2.9055047e-05      17208.714      23.805     -1
     0     27       43654       54551   Coal      0     -1  1.6315132e+09       56241.48  3.4471974e-05      14504.536      25.194     -1
     0     28       54551       68167   Coal      0     -1  1.3837499e+09       51719.77   3.737653e-05      13377.379      26.653     -1
     0     29       68167       85183   Coal      0     -1   1.114428e+09       41087.98   3.686912e-05      13561.485      26.278     -1
     0     30       85183  1.0645e+05   Coal      0     -1  1.0527598e+09        21995.2  2.0892895e-05       23931.58      27.599     -1
     0     31  1.0645e+05  1.3302e+05   Coal      0     -1  1.0513932e+09        22073.6  2.0994619e-05      23815.627      25.211     -1
     0     32  1.3302e+05       1e+99   Coal      0     -1  2.0546758e+09          43482  2.1162463e-05       23626.74      24.373     -1
     0     -1           0       1e+99  Delay     -1     -1  9.9999962e+08              0              0              0           1     -1
     0     -1           0       1e+99   LogL     -1     -1              1      -17558212      -17558212              0           1     -1
     0     -1           0       1e+99 Recomb     -1     -1           3300   9.900001e-06  3.0000003e-09              0           1     -1
     0     -1           0       1e+99 Resamp     -1     -1  9.9999962e+08        1093202   0.0010932024              0           1     -1
