  Iter  Epoch       Start         End   Type   From     To            Opp          Count           Rate             Ne         ESS  Clump
     5      0           0         133   Coal      0     -1      487716.85      21.078597  4.3218923e-05      11569.007      1.0143     -1
     5      1         133       166.2   Coal      0     -1      241040.46    0.018643947  7.7347789e-08      6464308.9      1.0256     -1
     5      2       166.2      207.68   Coal      0     -1      371711.82  9.0532391e-05  2.4355532e-10  2.0529217e+09      1.0382     -1
     5      3      207.68      259.53   Coal      0     -1      570841.54      10.810178  1.8937266e-05      26402.966       1.039     -1
     5      4      259.53      324.31   Coal      0     -1      882354.19      2.5022432  2.8358716e-06      176312.64      1.1073     -1
     5      5      324.31      405.26   Coal      0     -1      1363136.2      12.624856  9.2616249e-06      53986.207      1.1543     -1
     5      6      405.26      506.42   Coal      0     -1        2117745      37.116136  1.7526253e-05       28528.63      1.2403     -1
     5      7      506.42      632.82   Coal      0     -1      3260639.5       62.59812  1.9198111e-05      26044.228      1.3015     -1
     5      8      632.82      790.79   Coal      0     -1        4986731      131.44859  2.6359671e-05       18968.37      1.4861     -1
     5      9      790.79      988.18   Coal      0     -1      7642717.5      162.60847  2.1276263e-05      23500.367      1.6541     -1
     5     10      988.18      1234.8   Coal      0     -1       11680852         286.22  2.4503349e-05      20405.374      1.9071     -1
     5     11      1234.8      1543.1   Coal      0     -1       17644540         570.48  3.2331815e-05      15464.644      2.2562     -1
     5     12      1543.1      1928.2   Coal      0     -1       26394890         763.56  2.8928327e-05      17284.097      2.4849     -1
     5     13      1928.2      2409.6   Coal      0     -1       39026359        1153.82  2.9565146e-05      16911.806      3.0851     -1
     5     14      2409.6        3011   Coal      0     -1       57265835        1751.41  3.0583855e-05      16348.495      3.1711     -1
     5     15        3011      3762.6   Coal      0     -1       82805569        2641.62  3.1901477e-05      15673.255      3.7672     -1
     5     16      3762.6      4701.8   Coal      0     -1  1.1794147e+08        3682.43   3.122252e-05      16014.082      4.5552     -1
     5     17      4701.8      5875.5   Coal      0     -1  1.6441831e+08        5547.14   3.373797e-05      14820.097      5.4073     -1
     5     18      5875.5      7342.1   Coal      0     -1  2.2829848e+08         5793.3   2.537599e-05      19703.665       6.185     -1
     5     19      7342.1      9174.7   Coal      0     -1  3.2518863e+08        6183.01  1.9013611e-05      26296.951       8.034     -1
     5     20      9174.7       11465   Coal      0     -1  4.6921047e+08        7116.19  1.5166307e-05      32967.815       8.416     -1
     5     21       11465       14327   Coal      0     -1  6.7471577e+08        9633.64  1.4278072e-05      35018.735      10.485     -1
     5     22       14327       17903   Coal      0     -1  9.4269395e+08       14290.89  1.5159629e-05      32982.339      12.715     -1
     5     23       17903       22372   Coal      0     -1  1.2414984e+09       22880.93  1.8430092e-05      27129.544      15.436     -1
     5     24       22372       27956   Coal      0     -1  1.5116559e+09       32782.84  2.1686708e-05      23055.597      17.537     -1
     5     25       27956       34934   Coal      0     -1  1.6784803e+09       43973.18   2.619821e-05      19085.274      19.526     -1
     5     26       34934       43654   Coal      0     -1  1.7070157e+09        50681.4   2.969006e-05      16840.653      23.578     -1
     5     27       43654       54551   Coal      0     -1  1.5943653e+09       54087.83  3.3924365e-05      14738.669      23.967     -1
     5     28       54551       68167   Coal      0     -1  1.3937802e+09       49015.46  3.5167281e-05      14217.761      26.237     -1
     5     29       68167       85183   Coal      0     -1  1.1800888e+09       39412.14  3.3397606e-05      14971.133      26.905     -1
     5     30       85183  1.0645e+05   Coal      0     -1  1.1587956e+09       21842.66   1.884945e-05      26525.972      26.896     -1
     5     31  1.0645e+05  1.3302e+05   Coal      0     -1  1.1825793e+09        22718.5  1.9210975e-05       26026.79      27.571     -1
     5     32  1.3302e+05       1e+99   Coal      0     -1  2.4104895e+09       48289.95  2.0033255e-05        24958.5      27.769     -1
     5     -1           0       1e+99  Delay     -1     -1  9.9999964e+08              0              0              0           1     -1
     5     -1           0       1e+99   LogL     -1     -1              1      -17490190      -17490190              0           1     -1
     5     -1           0       1e+99 Recomb     -1     -1           3300   9.900001e-06  3.0000003e-09              0           1     -1
     5     -1           0       1e+99 Resamp     -1     -1  9.9999964e+08        1113795   0.0011137954              0           1     -1
     4      0           0         133   Coal      0     -1      468178.36      17.043893  3.6404701e-05       13734.49      1.0147     -1
     4      1         133       166.2   Coal      0     -1      239747.58      1.0008559  4.1746237e-06      119771.28      1.0182     -1
     4      2       166.2      207.68   Coal      0     -1      368967.16  0.00070206323  1.9027797e-09  2.6277345e+08      1.0309     -1
     4      3      207.68      259.53   Coal      0     -1      569592.88      8.4318784  1.4803342e-05      33776.156      1.0702     -1
     4      4      259.53      324.31   Coal      0     -1      877537.89      3.9662775  4.5197792e-06      110624.87      1.0908     -1
     4      5      324.31      405.26   Coal      0     -1      1352110.8      13.600894  1.0059009e-05      49706.687      1.1603     -1
     4      6      405.26      506.42   Coal      0     -1      2095100.5      29.783029  1.4215561e-05      35172.723      1.1872     -1
     4      7      506.42      632.82   Coal      0     -1      3237243.2        61.3724   1.895823e-05      26373.771      1.2672     -1
     4      8      632.82      790.79   Coal      0     -1      5015752.4      133.14518  2.6545404e-05      18835.652      1.4646     -1
     4      9      790.79      988.18   Coal      0     -1      7628461.7         185.53  2.4320762e-05      20558.567       1.689     -1
     4     10      988.18      1234.8   Coal      0     -1       11638688         295.58  2.5396333e-05      19687.882      1.8128     -1
     4     11      1234.8      1543.1   Coal      0     -1       17479022         556.45  3.1835306e-05      15705.833      2.1637     -1
     4     12      1543.1      1928.2   Coal      0     -1       26164221            755  2.8856201e-05      17327.298      2.4916     -1
     4     13      1928.2      2409.6   Coal      0     -1       38865583        1158.68  2.9812495e-05      16771.491      2.8553     -1
     4     14      2409.6        3011   Coal      0     -1       57017812        1744.29  3.0592019e-05      16344.132      3.2404     -1
     4     15        3011      3762.6   Coal      0     -1       82614661        2623.02  3.1750055e-05      15748.004      3.8503     -1
     4     16      3762.6      4701.8   Coal      0     -1  1.1754484e+08        3682.82  3.1331192e-05      15958.537      4.3659     -1
     4     17      4701.8      5875.5   Coal      0     -1  1.6338798e+08        5594.04   3.423777e-05      14603.755      5.3536     -1
     4     18      5875.5      7342.1   Coal      0     -1  2.2729394e+08        5771.76  2.5393374e-05      19690.176      6.7126     -1
     4     19      7342.1      9174.7   Coal      0     -1   3.242679e+08        6171.29  1.9031455e-05      26272.295      7.3606     -1
     4     20      9174.7       11465   Coal      0     -1  4.6922298e+08        7088.61  1.5107124e-05      33096.967      9.0027     -1
     4     21       11465       14327   Coal      0     -1   6.738512e+08        9537.47  1.4153674e-05      35326.518      10.351     -1
     4     22       14327       17903   Coal      0     -1  9.4135996e+08       14186.55  1.5070271e-05      33177.903      12.939     -1
     4     23       17903       22372   Coal      0     -1  1.2414401e+09       22725.05  1.8305394e-05      27314.353       15.57     -1
     4     24       22372       27956   Coal      0     -1  1.5142327e+09       32665.88  2.1572563e-05      23177.589      17.154     -1
     4     25       27956       34934   Coal      0     -1  1.6860176e+09       43862.09  2.6015202e-05      19219.531      21.034     -1
     4     26       34934       43654   Coal      0     -1  1.7170882e+09       50780.06  2.9573355e-05      16907.111      23.742     -1
     4     27       43654       54551   Coal      0     -1  1.6021238e+09       54416.96  3.3965515e-05      14720.813      26.648     -1
     4     28       54551       68167   Coal      0     -1  1.3934957e+09        49463.6  3.5496054e-05      14086.073      26.419     -1
     4     29       68167       85183   Coal      0     -1  1.1716799e+09       39638.61  3.3830579e-05      14779.528      26.509     -1
     4     30       85183  1.0645e+05   Coal      0     -1   1.145482e+09       21819.97  1.9048723e-05      26248.478      26.987     -1
     4     31  1.0645e+05  1.3302e+05   Coal      0     -1  1.1667498e+09       22644.15  1.9407889e-05       25762.72      26.865     -1
     4     32  1.3302e+05       1e+99   Coal      0     -1  2.3709985e+09       47722.17  2.0127457e-05      24841.688      26.867     -1
     4     -1           0       1e+99  Delay     -1     -1  9.9999964e+08              0              0              0           1     -1
     4     -1           0       1e+99   LogL     -1     -1              1      -17490340      -17490340              0           1     -1
     4     -1           0       1e+99 Recomb     -1     -1           3300   9.900001e-06  3.0000003e-09              0           1     -1
     4     -1           0       1e+99 Resamp     -1     -1  9.9999964e+08        1111999   0.0011119994              0           1     -1
     3      0           0         133   Coal      0     -1      479706.91      14.035237  2.9257942e-05      17089.377      1.0139     -1
     3      1         133       166.2   Coal      0     -1      242306.13  0.00013945128  5.7551693e-10  8.6878417e+08      1.0228     -1
     3      2       166.2      207.68   Coal      0     -1      373121.57      2.2862207  6.1272809e-06      81602.266       1.031     -1
     3      3      207.68      259.53   Coal      0     -1      573824.18       5.941104  1.0353527e-05      48292.723      1.0801     -1
     3      4      259.53      324.31   Coal      0     -1      898409.22      7.0909855  7.8928236e-06      63348.685      1.0686     -1
     3      5      324.31      405.26   Coal      0     -1        1386515       13.90845  1.0031229e-05      49844.339      1.1272     -1
     3      6      405.26      506.42   Coal      0     -1      2128568.3      32.777296  1.5398752e-05      32470.163      1.2255     -1
     3      7      506.42      632.82   Coal      0     -1      3268034.4      67.187736  2.0559066e-05       24320.17      1.4485     -1
     3      8      632.82      790.79   Coal      0     -1      5023220.9      119.73755  2.3836808e-05      20975.963      1.5857     -1
     3      9      790.79      988.18   Coal      0     -1      7640786.6         199.93  2.6166154e-05      19108.655      1.7522     -1
     3     10      988.18      1234.8   Coal      0     -1       11555113         317.85  2.7507304e-05       18176.99      1.7351     -1
     3     11      1234.8      1543.1   Coal      0     -1       17376267         570.24  3.2817175e-05      15235.924       2.048     -1
     3     12      1543.1      1928.2   Coal      0     -1       25984662         758.23  2.9179906e-05      17135.079      2.8195     -1
     3     13      1928.2      2409.6   Coal      0     -1       38671606        1172.37  3.0316041e-05      16492.919      2.8235     -1
     3     14      2409.6        3011   Coal      0     -1       56985469        1794.95  3.1498381e-05      15873.832      3.3842     -1
     3     15        3011      3762.6   Coal      0     -1       82240819        2665.39  3.2409575e-05       15427.54       3.839     -1
     3     16      3762.6      4701.8   Coal      0     -1  1.1696206e+08        3732.81  3.1914709e-05      15666.757      4.6951     -1
     3     17      4701.8      5875.5   Coal      0     -1  1.6287376e+08        5635.13  3.4598145e-05      14451.642      5.5696     -1
     3     18      5875.5      7342.1   Coal      0     -1  2.2630554e+08        5782.05   2.554975e-05      19569.663       6.059     -1
     3     19      7342.1      9174.7   Coal      0     -1  3.2246845e+08        6203.12  1.9236363e-05       25992.44      7.3799     -1
     3     20      9174.7       11465   Coal      0     -1   4.661682e+08        7076.07  1.5179221e-05      32939.768      8.5211     -1
     3     21       11465       14327   Coal      0     -1  6.7089983e+08        9448.69  1.4083608e-05      35502.267      10.493     -1
     3     22       14327       17903   Coal      0     -1  9.3933337e+08       14093.82  1.5004066e-05        33324.3      12.968     -1
     3     23       17903       22372   Coal      0     -1  1.2399043e+09       22511.28  1.8155659e-05      27539.622      15.875     -1
     3     24       22372       27956   Coal      0     -1  1.5170105e+09        32458.7   2.139649e-05      23368.318      18.249     -1
     3     25       27956       34934   Coal      0     -1  1.6923702e+09       43724.87  2.5836469e-05       19352.49      19.407     -1
     3     26       34934       43654   Coal      0     -1   1.727078e+09        50782.8  2.9403884e-05      17004.556      22.666     -1
     3     27       43654       54551   Coal      0     -1   1.609995e+09       54781.05  3.4025602e-05      14694.817      25.002     -1
     3     28       54551       68167   Coal      0     -1  1.3920843e+09       49901.45  3.5846571e-05      13948.336      25.275     -1
     3     29       68167       85183   Coal      0     -1   1.161339e+09       39874.57  3.4334997e-05      14562.401      26.446     -1
     3     30       85183  1.0645e+05   Coal      0     -1  1.1275041e+09       21827.61  1.9359229e-05      25827.475      28.812     -1
     3     31  1.0645e+05  1.3302e+05   Coal      0     -1  1.1435892e+09        22471.4  1.9649889e-05      25445.436      28.409     -1
     3     32  1.3302e+05       1e+99   Coal      0     -1  2.3163752e+09       46945.09  2.0266618e-05      24671.112      27.103     -1
     3     -1           0       1e+99  Delay     -1     -1  9.9999964e+08              0              0              0           1     -1
     3     -1           0       1e+99   LogL     -1     -1              1      -17490540      -17490540              0           1     -1
     3     -1           0       1e+99 Recomb     -1     -1           3300   9.900001e-06  3.0000003e-09              0           1     -1
     3     -1           0       1e+99 Resamp     -1     -1  9.9999964e+08        1109114   0.0011091144              0           1     -1
     2      0           0         133   Coal      0     -1      468558.82      15.007871  3.2029855e-05      15610.436      1.0156     -1
     2      1         133       166.2   Coal      0     -1      239128.37  0.00013515877  5.6521428e-10  8.8462025e+08      1.0248     -1
     2      2       166.2      207.68   Coal      0     -1      371016.09      4.0416113  1.0893359e-05      45899.526      1.0509     -1
     2      3      207.68      259.53   Coal      0     -1      575924.79      3.2480405  5.6396956e-06      88657.266       1.081     -1
     2      4      259.53      324.31   Coal      0     -1      893297.92       5.621539   6.293017e-06      79453.146      1.0823     -1
     2      5      324.31      405.26   Coal      0     -1      1368389.7      15.521529  1.1342916e-05      44080.376      1.2202     -1
     2      6      405.26      506.42   Coal      0     -1      2124702.5      27.877415   1.312062e-05      38107.955      1.3051     -1
     2      7      506.42      632.82   Coal      0     -1      3278204.1      61.381311  1.8724066e-05      26703.601      1.3989     -1
     2      8      632.82      790.79   Coal      0     -1      5017011.9      123.60165  2.4636507e-05      20295.085      1.4364     -1
     2      9      790.79      988.18   Coal      0     -1        7627493         211.85  2.7774526e-05      18002.108      1.7072     -1
     2     10      988.18      1234.8   Coal      0     -1       11520789          343.5  2.9815667e-05      16769.707      1.7331     -1
     2     11      1234.8      1543.1   Coal      0     -1       17231888         585.52  3.3978865e-05       14715.03      2.1702     -1
     2     12      1543.1      1928.2   Coal      0     -1       25836852         768.21  2.9733111e-05      16816.269      2.4385     -1
     2     13      1928.2      2409.6   Coal      0     -1       38420964         1216.8   3.167021e-05      15787.707      2.7212     -1
     2     14      2409.6        3011   Coal      0     -1       56433120        1830.49  3.2436449e-05      15414.758        3.27     -1
     2     15        3011      3762.6   Coal      0     -1       81497797        2676.07  3.2836102e-05      15227.142      3.5662     -1
     2     16      3762.6      4701.8   Coal      0     -1  1.1598223e+08        3833.23  3.3050148e-05      15128.525       4.236     -1
     2     17      4701.8      5875.5   Coal      0     -1  1.6098705e+08        5693.61  3.5366882e-05       14137.52      4.9857     -1
     2     18      5875.5      7342.1   Coal      0     -1   2.242508e+08        5776.23  2.5757901e-05       19411.52      6.3406     -1
     2     19      7342.1      9174.7   Coal      0     -1   3.204585e+08        6221.23  1.9413528e-05      25755.237      6.8273     -1
     2     20      9174.7       11465   Coal      0     -1  4.6340278e+08        7048.82  1.5211001e-05      32870.947      8.8816     -1
     2     21       11465       14327   Coal      0     -1  6.6865265e+08        9365.49   1.400651e-05      35697.686      10.078     -1
     2     22       14327       17903   Coal      0     -1  9.3832663e+08       13985.83  1.4905076e-05      33545.618       12.91     -1
     2     23       17903       22372   Coal      0     -1  1.2429723e+09       22354.41  1.7984641e-05        27801.5      15.746     -1
     2     24       22372       27956   Coal      0     -1  1.5225832e+09        32280.4  2.1201074e-05       23583.71      17.837     -1
     2     25       27956       34934   Coal      0     -1  1.7017795e+09       43595.79  2.5617766e-05      19517.705       21.18     -1
     2     26       34934       43654   Coal      0     -1  1.7385422e+09       50946.52   2.930416e-05      17062.424      23.393     -1
     2     27       43654       54551   Coal      0     -1  1.6168605e+09       55234.45  3.4161543e-05      14636.341      24.133     -1
     2     28       54551       68167   Coal      0     -1  1.3895416e+09       50386.65  3.6261347e-05      13788.787      26.054     -1
     2     29       68167       85183   Coal      0     -1  1.1476413e+09       40145.35  3.4980748e-05      14293.576      28.208     -1
     2     30       85183  1.0645e+05   Coal      0     -1  1.1068197e+09       21904.05  1.9790081e-05      25265.183      28.438     -1
     2     31  1.0645e+05  1.3302e+05   Coal      0     -1  1.1195696e+09       22366.61  1.9977865e-05        25027.7      26.464     -1
     2     32  1.3302e+05       1e+99   Coal      0     -1  2.2419456e+09        45860.2  2.0455537e-05       24443.26      26.576     -1
     2     -1           0       1e+99  Delay     -1     -1  9.9999964e+08              0              0              0           1     -1
     2     -1           0       1e+99   LogL     -1     -1              1      -17490219      -17490219              0           1     -1
     2     -1           0       1e+99 Recomb     -1     -1           3300   9.900001e-06  3.0000003e-09              0           1     -1
     2     -1           0       1e+99 Resamp     -1     -1  9.9999964e+08        1105604   0.0011056044              0           1     -1
     1      0           0         133   Coal      0     -1      489116.11      13.014651   2.660851e-05      18790.981      1.0146     -1
     1      1         133       166.2   Coal      0     -1       246813.9  0.00025820475  1.0461516e-09  4.7794221e+08      1.0269     -1
     1      2       166.2      207.68   Coal      0     -1      379642.45      3.0672481  8.0793076e-06      61886.491      1.0495     -1
     1      3      207.68      259.53   Coal      0     -1       584797.1      4.0009388  6.8415845e-06      73082.486      1.0697     -1
     1      4      259.53      324.31   Coal      0     -1      905724.05      7.1104638  7.8505851e-06       63689.52      1.1177     -1
     1      5      324.31      405.26   Coal      0     -1      1413439.7      12.889192  9.1190255e-06       54830.42      1.1353     -1
     1      6      405.26      506.42   Coal      0     -1      2166577.9      31.572958  1.4572731e-05      34310.658      1.2616     -1
     1      7      506.42      632.82   Coal      0     -1      3295364.6      68.994834  2.0936935e-05      23881.241        1.51     -1
     1      8      632.82      790.79   Coal      0     -1      5037151.9      143.57781  2.8503768e-05       17541.54       1.389     -1
     1      9      790.79      988.18   Coal      0     -1      7626338.9       206.5694  2.7086313e-05      18459.507      1.7291     -1
     1     10      988.18      1234.8   Coal      0     -1       11557348         369.06  3.1932931e-05      15657.817      2.0234     -1
     1     11      1234.8      1543.1   Coal      0     -1       17347180          581.5  3.3521299e-05       14915.89      2.2377     -1
     1     12      1543.1      1928.2   Coal      0     -1       25844257         795.27  3.0771633e-05      16248.731      2.2613     -1
     1     13      1928.2      2409.6   Coal      0     -1       38303137        1241.79   3.242006e-05       15422.55      2.5625     -1
     1     14      2409.6        3011   Coal      0     -1       56111543        1868.87  3.3306338e-05      15012.158       2.998     -1
     1     15        3011      3762.6   Coal      0     -1       80926669        2769.83  3.4226418e-05      14608.598       3.816     -1
     1     16      3762.6      4701.8   Coal      0     -1  1.1463197e+08        3981.22  3.4730452e-05      14396.588      4.6456     -1
     1     17      4701.8      5875.5   Coal      0     -1  1.5863184e+08        5753.57  3.6269957e-05      13785.514      5.5498     -1
     1     18      5875.5      7342.1   Coal      0     -1  2.2099437e+08        5794.03  2.6217998e-05      19070.869      6.1193     -1
     1     19      7342.1      9174.7   Coal      0     -1  3.1593798e+08        6218.26  1.9681901e-05       25404.05      7.3089     -1
     1     20      9174.7       11465   Coal      0     -1  4.5846477e+08        7050.44  1.5378368e-05      32513.202      7.9216     -1
     1     21       11465       14327   Coal      0     -1  6.6311113e+08         9222.7  1.3908227e-05      35949.946      9.9906     -1
     1     22       14327       17903   Coal      0     -1  9.3310431e+08       13750.76  1.4736573e-05       33929.19      14.524     -1
     1     23       17903       22372   Coal      0     -1  1.2408556e+09       22078.98  1.7793352e-05      28100.383      15.176     -1
     1     24       22372       27956   Coal      0     -1  1.5239194e+09       31929.43  2.0952178e-05      23863.868      18.384     -1
     1     25       27956       34934   Coal      0     -1  1.7096686e+09       43414.99  2.5393804e-05      19689.842      20.598     -1
     1     26       34934       43654   Coal      0     -1   1.746625e+09       51077.46  2.9243518e-05      17097.806      23.258     -1
     1     27       43654       54551   Coal      0     -1  1.6210671e+09       55686.75  3.4351908e-05      14555.232      26.937     -1
     1     28       54551       68167   Coal      0     -1  1.3848122e+09       50965.42  3.6803128e-05      13585.802      28.152     -1
     1     29       68167       85183   Coal      0     -1  1.1308046e+09       40499.79  3.5815022e-05      13960.622       28.11     -1
     1     30       85183  1.0645e+05   Coal      0     -1  1.0813572e+09       21924.81  2.0275271e-05      24660.583      26.977     -1
     1     31  1.0645e+05  1.3302e+05   Coal      0     -1  1.0801194e+09        22068.1  2.0431168e-05      24472.414      30.005     -1
     1     32  1.3302e+05       1e+99   Coal      0     -1  2.1603938e+09       44786.21  2.0730577e-05      24118.962      23.594     -1
     1     -1           0       1e+99  Delay     -1     -1  9.9999964e+08              0              0              0           1     -1
     1     -1           0       1e+99   LogL     -1     -1              1      -17491019      -17491019              0           1     -1
     1     -1           0       1e+99 Recomb     -1     -1           3300   9.900001e-06  3.0000003e-09              0           1     -1
     1     -1           0       1e+99 Resamp     -1     -1  9.9999964e+08        1100069   0.0011000694              0           1     -1
     0      0           0         133   Coal      0     -1      492978.57      9.0008316  1.8258059e-05      27385.168      1.0119     -1
     0      1         133       166.2   Coal      0     -1      249757.63    0.001819638  7.2856153e-09       68628383      1.0236     -1
     0      2       166.2      207.68   Coal      0     -1      379783.79      1.0008085  2.6352058e-06       189738.5      1.0324     -1
     0      3      207.68      259.53   Coal      0     -1      577691.65      3.4512412  5.9741927e-06      83693.317      1.0582     -1
     0      4      259.53      324.31   Coal      0     -1      893501.34       10.66296  1.1933905e-05      41897.433      1.1728     -1
     0      5      324.31      405.26   Coal      0     -1        1379053      13.047106  9.4609175e-06      52848.997      1.2042     -1
     0      6      405.26      506.42   Coal      0     -1      2106553.6      39.857215  1.8920579e-05      26426.252      1.1974     -1
     0      7      506.42      632.82   Coal      0     -1      3219432.1      68.220093  2.1190102e-05      23595.923      1.3436     -1
     0      8      632.82      790.79   Coal      0     -1      4916284.4      156.10917  3.1753487e-05      15746.302      1.4133     -1
     0      9      790.79      988.18   Coal      0     -1        7465935         239.69  3.2104485e-05      15574.148      1.6588     -1
     0     10      988.18      1234.8   Coal      0     -1       11304367         402.64  3.5618093e-05       14037.81       1.803     -1
     0     11      1234.8      1543.1   Coal      0     -1       16836042         629.57  3.7394181e-05      13371.064      2.2156     -1
     0     12      1543.1      1928.2   Coal      0     -1       25110864         859.72  3.4236974e-05      14604.094      2.4582     -1
     0     13      1928.2      2409.6   Coal      0     -1       37181533        1326.58  3.5678464e-05      14014.056      3.0804     -1
     0     14      2409.6        3011   Coal      0     -1       54326411        1958.97  3.6059257e-05      13866.065      3.2927     -1
     0     15        3011      3762.6   Coal      0     -1       78359558        2924.71  3.7324228e-05      13396.124      3.7155     -1
     0     16      3762.6      4701.8   Coal      0     -1  1.1118137e+08        4093.92  3.6821997e-05       13578.84      4.2749     -1
     0     17      4701.8      5875.5   Coal      0     -1  1.5398904e+08        5820.94  3.7801003e-05      13227.162      5.3497     -1
     0     18      5875.5      7342.1   Coal      0     -1  2.1493342e+08        5890.44  2.7405882e-05      18244.259      6.2256     -1
     0     19      7342.1      9174.7   Coal      0     -1  3.0899568e+08        6198.28  2.0059439e-05      24925.921      7.2367     -1
     0     20      9174.7       11465   Coal      0     -1  4.5001377e+08        7020.02  1.5599567e-05      32052.171      8.1306     -1
     0     21       11465       14327   Coal      0     -1  6.5357041e+08        9094.57  1.3915211e-05      35931.903      10.613     -1
     0     22       14327       17903   Coal      0     -1   9.234751e+08       13541.74  1.4663893e-05      34097.358      13.038     -1
     0     23       17903       22372   Coal      0     -1  1.2323577e+09       21665.09  1.7580196e-05      28441.094      16.319     -1
     0     24       22372       27956   Coal      0     -1  1.5216028e+09       31537.44   2.072646e-05      24123.753      18.356     -1
     0     25       27956       34934   Coal      0     -1  1.7134162e+09       43077.73  2.5141428e-05      19887.494      19.708     -1
     0     26       34934       43654   Coal      0     -1  1.7547015e+09       51149.96  2.9150235e-05       17152.52      23.445     -1
     0     27       43654       54551   Coal      0     -1   1.624465e+09       56164.72  3.4574287e-05      14461.614      24.844     -1
     0     28       54551       68167   Coal      0     -1  1.3746827e+09       51498.88  3.7462376e-05      13346.724      26.561     -1
     0     29       68167       85183   Coal      0     -1  1.1062379e+09       40841.79  3.6919536e-05      13542.965      26.361     -1
     0     30       85183  1.0645e+05   Coal      0     -1  1.0422984e+09       21832.62  2.0946611e-05      23870.209      27.819     -1
     0     31  1.0645e+05  1.3302e+05   Coal      0     -1  1.0416808e+09       21820.12  2.0947031e-05      23869.731      24.786     -1
     0     32  1.3302e+05       1e+99   Coal      0     -1  2.0191889e+09       42795.02  2.1194164e-05        23591.4      24.576     -1
     0     -1           0       1e+99  Delay     -1     -1  9.9999964e+08              0              0              0           1     -1
     0     -1           0       1e+99   LogL     -1     -1              1      -17490964      -17490964              0           1     -1
     0     -1           0       1e+99 Recomb     -1     -1           3300   9.900001e-06  3.0000003e-09              0           1     -1
     0     -1           0       1e+99 Resamp     -1     -1  9.9999964e+08        1092179   0.0010921794              0           1     -1
