  Iter  Epoch       Start         End   Type   From     To            Opp          Count           Rate             Ne         ESS  Clump
     5      0           0         133   Coal      0     -1      498243.49      28.173034  5.6544711e-05        8842.56      1.0121     -1
     5      1         133       166.2   Coal      0     -1      248913.72      3.8950837  1.5648329e-05      31952.294      1.0325     -1
     5      2       166.2      207.68   Coal      0     -1      374919.73      3.0043575  8.0133354e-06      62395.991      1.0311     -1
     5      3      207.68      259.53   Coal      0     -1      583072.57     0.92034388   1.578438e-06      316768.86      1.0734     -1
     5      4      259.53      324.31   Coal      0     -1      898855.52      12.547236  1.3959124e-05      35818.867      1.1022     -1
     5      5      324.31      405.26   Coal      0     -1      1382910.4      9.3572338  6.7663341e-06      73895.258      1.1103     -1
     5      6      405.26      506.42   Coal      0     -1      2121635.1      19.092153  8.9987919e-06      55563.014      1.3073     -1
     5      7      506.42      632.82   Coal      0     -1      3282217.1      48.097128  1.4653853e-05      34120.718      1.4595     -1
     5      8      632.82      790.79   Coal      0     -1      5016188.9      139.51699  2.7813345e-05      17976.982      1.3707     -1
     5      9      790.79      988.18   Coal      0     -1      7635462.6       207.6267  2.7192419e-05      18387.478      1.7803     -1
     5     10      988.18      1234.8   Coal      0     -1       11625625         333.32  2.8671147e-05      17439.135      1.8205     -1
     5     11      1234.8      1543.1   Coal      0     -1       17665319         456.71  2.5853482e-05      19339.754      2.1682     -1
     5     12      1543.1      1928.2   Coal      0     -1       26507835         737.46  2.7820453e-05      17972.389      2.6074     -1
     5     13      1928.2      2409.6   Coal      0     -1       39595217        1089.45  2.7514687e-05      18172.113      2.8512     -1
     5     14      2409.6        3011   Coal      0     -1       58174769        1684.75  2.8960149e-05      17265.104      3.0327     -1
     5     15        3011      3762.6   Coal      0     -1       84140161        2499.73  2.9709118e-05       16829.85      4.1057     -1
     5     16      3762.6      4701.8   Coal      0     -1  1.2018296e+08        3736.66   3.109143e-05      16081.602      4.3342     -1
     5     17      4701.8      5875.5   Coal      0     -1  1.6691328e+08        5529.35  3.3127083e-05       15093.39      5.3094     -1
     5     18      5875.5      7342.1   Coal      0     -1  2.3234107e+08         5744.1  2.4722706e-05      20224.324      6.3138     -1
     5     19      7342.1      9174.7   Coal      0     -1  3.3211646e+08        6030.72   1.815845e-05       27535.39      6.7192     -1
     5     20      9174.7       11465   Coal      0     -1   4.795827e+08        7269.25  1.5157448e-05      32987.083      8.9842     -1
     5     21       11465       14327   Coal      0     -1  6.8759599e+08        9578.02   1.392972e-05      35894.475       11.32     -1
     5     22       14327       17903   Coal      0     -1  9.5969482e+08       14473.56  1.5081419e-05      33153.378      12.709     -1
     5     23       17903       22372   Coal      0     -1   1.263018e+09       23178.69  1.8351829e-05       27245.24      15.399     -1
     5     24       22372       27956   Coal      0     -1  1.5371659e+09        33181.3  2.1586024e-05      23163.136       18.11     -1
     5     25       27956       34934   Coal      0     -1  1.7086477e+09        44338.7  2.5949585e-05      19268.131      19.671     -1
     5     26       34934       43654   Coal      0     -1  1.7414561e+09       51205.64  2.9403923e-05      17004.534      22.834     -1
     5     27       43654       54551   Coal      0     -1  1.6260261e+09       54932.03  3.3782994e-05      14800.346       25.58     -1
     5     28       54551       68167   Coal      0     -1  1.4176883e+09       49833.09  3.5150951e-05      14224.366      27.091     -1
     5     29       68167       85183   Coal      0     -1  1.1992078e+09       39910.92   3.328107e-05      15023.555      26.327     -1
     5     30       85183  1.0645e+05   Coal      0     -1  1.1773939e+09       22202.01   1.885691e-05      26515.479      29.834     -1
     5     31  1.0645e+05  1.3302e+05   Coal      0     -1  1.2049529e+09       23036.22  1.9117942e-05      26153.443      28.017     -1
     5     32  1.3302e+05       1e+99   Coal      0     -1  2.4831371e+09       49516.72  1.9941195e-05      25073.723      29.267     -1
     5     -1           0       1e+99  Delay     -1     -1  9.9999988e+08              0              0              0           1     -1
     5     -1           0       1e+99   LogL     -1     -1              1      -17668518      -17668518              0           1     -1
     5     -1           0       1e+99 Recomb     -1     -1           3300   9.900001e-06  3.0000003e-09              0           1     -1
     5     -1           0       1e+99 Resamp     -1     -1  9.9999988e+08        1128898   0.0011288981              0           1     -1
     4      0           0         133   Coal      0     -1      504343.56       21.85827  4.3340041e-05      11536.676      1.0127     -1
     4      1         133       166.2   Coal      0     -1      257092.62      2.8709436  1.1166962e-05      44774.933      1.0316     -1
     4      2       166.2      207.68   Coal      0     -1      393743.22      4.0813724  1.0365569e-05       48236.62      1.0333     -1
     4      3      207.68      259.53   Coal      0     -1      609094.83       1.782412  2.9263292e-06      170862.53      1.0528     -1
     4      4      259.53      324.31   Coal      0     -1      932901.33      14.790384  1.5854178e-05      31537.428      1.1015     -1
     4      5      324.31      405.26   Coal      0     -1      1430338.5      13.369855  9.3473363e-06      53491.175      1.1416     -1
     4      6      405.26      506.42   Coal      0     -1      2178089.7      25.366032     1.1646e-05      42933.197      1.2441     -1
     4      7      506.42      632.82   Coal      0     -1      3346338.5      44.299037  1.3238062e-05      37769.879      1.4159     -1
     4      8      632.82      790.79   Coal      0     -1      5106952.5      142.07567  2.7820049e-05       17972.65      1.4593     -1
     4      9      790.79      988.18   Coal      0     -1      7726287.8         207.16  2.6812359e-05      18648.117      1.5864     -1
     4     10      988.18      1234.8   Coal      0     -1       11643859         340.96  2.9282387e-05      17075.111       1.799     -1
     4     11      1234.8      1543.1   Coal      0     -1       17589660         468.79  2.6651454e-05      18760.703      2.0466     -1
     4     12      1543.1      1928.2   Coal      0     -1       26268673         728.77  2.7742932e-05      18022.609      2.4763     -1
     4     13      1928.2      2409.6   Coal      0     -1       39105749        1077.86    2.75627e-05      18140.458      2.7872     -1
     4     14      2409.6        3011   Coal      0     -1       57658538        1697.24  2.9436057e-05      16985.971      3.2038     -1
     4     15        3011      3762.6   Coal      0     -1       83658217        2508.38  2.9983666e-05      16675.746      3.8686     -1
     4     16      3762.6      4701.8   Coal      0     -1   1.193959e+08        3752.22  3.1426707e-05      15910.035      4.8116     -1
     4     17      4701.8      5875.5   Coal      0     -1  1.6587817e+08         5545.5  3.3431163e-05      14956.106       5.035     -1
     4     18      5875.5      7342.1   Coal      0     -1  2.3119787e+08        5749.66  2.4869001e-05      20105.352      5.8617     -1
     4     19      7342.1      9174.7   Coal      0     -1  3.3031972e+08        6072.68  1.8384249e-05      27197.195      7.2682     -1
     4     20      9174.7       11465   Coal      0     -1  4.7739741e+08        7248.47  1.5183304e-05      32930.909      9.1951     -1
     4     21       11465       14327   Coal      0     -1  6.8589619e+08        9531.27  1.3896082e-05      35981.364        9.78     -1
     4     22       14327       17903   Coal      0     -1  9.5924616e+08       14347.41  1.4956964e-05      33429.245      12.103     -1
     4     23       17903       22372   Coal      0     -1  1.2629139e+09       22999.25  1.8211257e-05      27455.546      15.697     -1
     4     24       22372       27956   Coal      0     -1   1.538125e+09       33048.89  2.1486479e-05      23270.448      17.055     -1
     4     25       27956       34934   Coal      0     -1  1.7127346e+09       44193.63  2.5802965e-05      19377.618      19.669     -1
     4     26       34934       43654   Coal      0     -1  1.7464669e+09        51275.3  2.9359446e-05      17030.294      22.856     -1
     4     27       43654       54551   Coal      0     -1  1.6296557e+09       55195.15  3.3869209e-05      14762.671      26.104     -1
     4     28       54551       68167   Coal      0     -1   1.415602e+09       50156.71  3.5431365e-05       14111.79      27.863     -1
     4     29       68167       85183   Coal      0     -1  1.1897769e+09       40110.75  3.3712833e-05      14831.148        27.9     -1
     4     30       85183  1.0645e+05   Coal      0     -1  1.1649246e+09       22213.05   1.906823e-05      26221.626      27.819     -1
     4     31  1.0645e+05  1.3302e+05   Coal      0     -1  1.1860974e+09       22899.33   1.930645e-05      25898.081      29.792     -1
     4     32  1.3302e+05       1e+99   Coal      0     -1  2.4371634e+09       48869.16  2.0051655e-05      24935.598      28.043     -1
     4     -1           0       1e+99  Delay     -1     -1  9.9999988e+08              0              0              0           1     -1
     4     -1           0       1e+99   LogL     -1     -1              1      -17668594      -17668594              0           1     -1
     4     -1           0       1e+99 Recomb     -1     -1           3300   9.900001e-06  3.0000003e-09              0           1     -1
     4     -1           0       1e+99 Resamp     -1     -1  9.9999988e+08        1125979   0.0011259791              0           1     -1
     3      0           0         133   Coal      0     -1      483037.15       16.67148  3.4513866e-05      14486.931      1.0144     -1
     3      1         133       166.2   Coal      0     -1      240574.07      2.0070296  8.3426682e-06      59932.864       1.022     -1
     3      2       166.2      207.68   Coal      0     -1      368967.74      2.0542699  5.5676138e-06      89805.079      1.0398     -1
     3      3      207.68      259.53   Coal      0     -1      567465.54      2.0010357  3.5262682e-06      141792.96      1.0537     -1
     3      4      259.53      324.31   Coal      0     -1      874765.06      16.037515  1.8333511e-05      27272.463      1.1379     -1
     3      5      324.31      405.26   Coal      0     -1      1346160.1      12.155633  9.0298568e-06      55371.864      1.2205     -1
     3      6      405.26      506.42   Coal      0     -1      2075363.3      36.157099  1.7422057e-05      28699.251      1.1987     -1
     3      7      506.42      632.82   Coal      0     -1      3219545.1      47.073963  1.4621309e-05      34196.665      1.4274     -1
     3      8      632.82      790.79   Coal      0     -1      4927574.5      128.23857  2.6024684e-05      19212.529      1.4389     -1
     3      9      790.79      988.18   Coal      0     -1      7515117.6         241.31  3.2109943e-05      15571.501      1.6402     -1
     3     10      988.18      1234.8   Coal      0     -1       11473326         335.55  2.9246097e-05      17096.298      1.7911     -1
     3     11      1234.8      1543.1   Coal      0     -1       17414894          502.7  2.8866095e-05      17321.359      2.0499     -1
     3     12      1543.1      1928.2   Coal      0     -1       26170737         761.66  2.9103498e-05      17180.065      2.3963     -1
     3     13      1928.2      2409.6   Coal      0     -1       38931255        1096.02  2.8152701e-05      17760.285      2.7484     -1
     3     14      2409.6        3011   Coal      0     -1       57488595         1700.1  2.9572822e-05      16907.416      3.1856     -1
     3     15        3011      3762.6   Coal      0     -1       83536837        2551.66  3.0545327e-05      16369.116      3.8398     -1
     3     16      3762.6      4701.8   Coal      0     -1  1.1892009e+08        3808.49  3.2025623e-05      15612.499      4.2887     -1
     3     17      4701.8      5875.5   Coal      0     -1  1.6506102e+08        5650.09   3.423031e-05      14606.938      5.4157     -1
     3     18      5875.5      7342.1   Coal      0     -1  2.2990645e+08        5746.13   2.499334e-05       20005.33      6.3689     -1
     3     19      7342.1      9174.7   Coal      0     -1  3.2815665e+08         6084.2  1.8540535e-05      26967.938      7.5345     -1
     3     20      9174.7       11465   Coal      0     -1  4.7527912e+08        7221.41   1.519404e-05       32907.64      8.5827     -1
     3     21       11465       14327   Coal      0     -1  6.8391747e+08        9493.37  1.3880871e-05      36020.795      10.243     -1
     3     22       14327       17903   Coal      0     -1  9.5731148e+08       14288.31  1.4925456e-05      33499.815      12.533     -1
     3     23       17903       22372   Coal      0     -1  1.2638393e+09       22819.15  1.8055421e-05      27692.515      14.463     -1
     3     24       22372       27956   Coal      0     -1  1.5431512e+09       32889.23  2.1313032e-05      23459.825      17.306     -1
     3     25       27956       34934   Coal      0     -1  1.7215724e+09       44064.29  2.5595374e-05       19534.78      20.755     -1
     3     26       34934       43654   Coal      0     -1  1.7559276e+09       51441.11   2.929569e-05      17067.357      23.427     -1
     3     27       43654       54551   Coal      0     -1  1.6358741e+09        55548.7  3.3956586e-05      14724.684      25.587     -1
     3     28       54551       68167   Coal      0     -1  1.4148395e+09       50518.02  3.5705832e-05      14003.315      26.579     -1
     3     29       68167       85183   Coal      0     -1  1.1802107e+09       40329.07  3.4171075e-05      14632.258      27.961     -1
     3     30       85183  1.0645e+05   Coal      0     -1  1.1488239e+09        22204.7  1.9328201e-05      25868.936      28.608     -1
     3     31  1.0645e+05  1.3302e+05   Coal      0     -1  1.1656765e+09       22772.66  1.9536003e-05      25593.771      30.026     -1
     3     32  1.3302e+05       1e+99   Coal      0     -1   2.385334e+09       48196.02  2.0205145e-05      24746.172      27.466     -1
     3     -1           0       1e+99  Delay     -1     -1  9.9999988e+08              0              0              0           1     -1
     3     -1           0       1e+99   LogL     -1     -1              1      -17668536      -17668536              0           1     -1
     3     -1           0       1e+99 Recomb     -1     -1           3300   9.900001e-06  3.0000003e-09              0           1     -1
     3     -1           0       1e+99 Resamp     -1     -1  9.9999988e+08        1122531   0.0011225311              0           1     -1
     2      0           0         133   Coal      0     -1       489030.2       13.05755  2.6700907e-05      18725.956      1.0152     -1
     2      1         133       166.2   Coal      0     -1      245301.93       3.000538   1.223202e-05      40876.324      1.0224     -1
     2      2       166.2      207.68   Coal      0     -1      372357.01      3.8323192  1.0292056e-05      48581.159      1.0322     -1
     2      3      207.68      259.53   Coal      0     -1      572324.77      2.0005441  3.4954701e-06      143042.27      1.0633     -1
     2      4      259.53      324.31   Coal      0     -1      875048.95      7.3085958  8.3522137e-06      59864.369      1.0935     -1
     2      5      324.31      405.26   Coal      0     -1      1350707.4      13.662793  1.0115287e-05      49430.136      1.2872     -1
     2      6      405.26      506.42   Coal      0     -1      2095677.1      33.743957  1.6101697e-05      31052.628      1.3167     -1
     2      7      506.42      632.82   Coal      0     -1      3242351.6      46.109025  1.4220859e-05      35159.621      1.3296     -1
     2      8      632.82      790.79   Coal      0     -1      4979597.7      122.69111   2.463876e-05      20293.229      1.5655     -1
     2      9      790.79      988.18   Coal      0     -1      7574728.7          255.1  3.3677774e-05      14846.587      1.5671     -1
     2     10      988.18      1234.8   Coal      0     -1       11478741         342.61  2.9847349e-05      16751.907      1.9589     -1
     2     11      1234.8      1543.1   Coal      0     -1       17369346         513.17  2.9544578e-05      16923.579      2.0876     -1
     2     12      1543.1      1928.2   Coal      0     -1       26033366         769.74   2.956744e-05      16910.493      2.4284     -1
     2     13      1928.2      2409.6   Coal      0     -1       38627146        1153.52  2.9862936e-05      16743.163      2.8252     -1
     2     14      2409.6        3011   Coal      0     -1       56852999        1740.36  3.0611578e-05      16333.689      3.2333     -1
     2     15        3011      3762.6   Coal      0     -1       82176803        2567.52  3.1243854e-05      16003.148       4.097     -1
     2     16      3762.6      4701.8   Coal      0     -1    1.17225e+08        3868.48   3.300047e-05        15151.3      4.5747     -1
     2     17      4701.8      5875.5   Coal      0     -1  1.6325556e+08        5638.39  3.4537201e-05      14477.143       5.074     -1
     2     18      5875.5      7342.1   Coal      0     -1  2.2793562e+08        5818.97  2.5529007e-05      19585.564      6.3474     -1
     2     19      7342.1      9174.7   Coal      0     -1  3.2556861e+08        6110.04  1.8767288e-05      26642.101      7.6622     -1
     2     20      9174.7       11465   Coal      0     -1  4.7155126e+08        7146.74  1.5155807e-05      32990.654      8.9017     -1
     2     21       11465       14327   Coal      0     -1  6.7962644e+08        9414.24   1.385208e-05      36095.661      10.304     -1
     2     22       14327       17903   Coal      0     -1  9.5348623e+08       14099.06  1.4786852e-05      33813.823      12.646     -1
     2     23       17903       22372   Coal      0     -1  1.2621441e+09       22580.23  1.7890374e-05       27947.99      14.881     -1
     2     24       22372       27956   Coal      0     -1  1.5451854e+09       32583.43  2.1087069e-05      23711.214      19.257     -1
     2     25       27956       34934   Coal      0     -1  1.7277511e+09       43992.71  2.5462411e-05      19636.789      19.987     -1
     2     26       34934       43654   Coal      0     -1  1.7659113e+09       51543.32  2.9187944e-05       17130.36      23.372     -1
     2     27       43654       54551   Coal      0     -1  1.6410818e+09       55858.52  3.4037621e-05      14689.628      25.215     -1
     2     28       54551       68167   Coal      0     -1  1.4114538e+09       50993.01  3.6128006e-05      13839.679      26.932     -1
     2     29       68167       85183   Coal      0     -1  1.1679394e+09       40610.61  3.4771161e-05      14379.733      25.558     -1
     2     30       85183  1.0645e+05   Coal      0     -1  1.1270906e+09       22170.75   1.967078e-05      25418.413      28.852     -1
     2     31  1.0645e+05  1.3302e+05   Coal      0     -1  1.1420276e+09       22668.12  1.9849012e-05       25190.17       27.21     -1
     2     32  1.3302e+05       1e+99   Coal      0     -1   2.315602e+09       47226.72  2.0395007e-05      24515.804      25.025     -1
     2     -1           0       1e+99  Delay     -1     -1  9.9999988e+08              0              0              0           1     -1
     2     -1           0       1e+99   LogL     -1     -1              1      -17668781      -17668781              0           1     -1
     2     -1           0       1e+99 Recomb     -1     -1           3300   9.900001e-06  3.0000003e-09              0           1     -1
     2     -1           0       1e+99 Resamp     -1     -1  9.9999988e+08        1117620   0.0011176201              0           1     -1
     1      0           0         133   Coal      0     -1      486073.02      13.024494  2.6795344e-05      18659.958      1.0129     -1
     1      1         133       166.2   Coal      0     -1       240844.5      1.0025261  4.1625451e-06      120118.82      1.0218     -1
     1      2       166.2      207.68   Coal      0     -1      365580.79      4.8206768  1.3186352e-05      37917.994      1.0354     -1
     1      3      207.68      259.53   Coal      0     -1       563933.6     0.72064971  1.2778982e-06      391267.49      1.0649     -1
     1      4      259.53      324.31   Coal      0     -1      870250.14       7.615169  8.7505518e-06      57139.254      1.1112     -1
     1      5      324.31      405.26   Coal      0     -1        1360917      11.537012  8.4773808e-06      58980.481      1.2337     -1
     1      6      405.26      506.42   Coal      0     -1      2110935.3      35.592738  1.6861122e-05      29654.017       1.277     -1
     1      7      506.42      632.82   Coal      0     -1      3249526.8      53.189911   1.636851e-05      30546.458      1.4363     -1
     1      8      632.82      790.79   Coal      0     -1      4966496.3      150.86063  3.0375665e-05      16460.545       1.499     -1
     1      9      790.79      988.18   Coal      0     -1      7498797.3         254.83  3.3982783e-05      14713.333      1.5723     -1
     1     10      988.18      1234.8   Coal      0     -1       11340905         361.09   3.183961e-05       15703.71      1.9087     -1
     1     11      1234.8      1543.1   Coal      0     -1       17156531         539.81  3.1463819e-05      15891.269      2.1254     -1
     1     12      1543.1      1928.2   Coal      0     -1       25651079         834.82   3.254522e-05      15363.239      2.2197     -1
     1     13      1928.2      2409.6   Coal      0     -1       38061757        1212.46  3.1855072e-05      15696.088      2.7289     -1
     1     14      2409.6        3011   Coal      0     -1       55954202        1847.03  3.3009674e-05      15147.075      2.8381     -1
     1     15        3011      3762.6   Coal      0     -1       81103327        2666.31   3.287547e-05      15208.908      3.7409     -1
     1     16      3762.6      4701.8   Coal      0     -1  1.1545805e+08        3957.78  3.4278943e-05      14586.214      4.4446     -1
     1     17      4701.8      5875.5   Coal      0     -1  1.6035411e+08        5732.97  3.5751938e-05      13985.256       5.627     -1
     1     18      5875.5      7342.1   Coal      0     -1  2.2380516e+08        5826.78  2.6035057e-05      19204.875        5.58     -1
     1     19      7342.1      9174.7   Coal      0     -1  3.2075318e+08        6107.58   1.904137e-05      26258.615      8.1027     -1
     1     20      9174.7       11465   Coal      0     -1  4.6577672e+08        7135.22  1.5318971e-05      32639.268      8.7163     -1
     1     21       11465       14327   Coal      0     -1  6.7343019e+08         9286.8  1.3790294e-05      36257.386      11.334     -1
     1     22       14327       17903   Coal      0     -1  9.4741218e+08       13883.17   1.465378e-05      34120.888      12.529     -1
     1     23       17903       22372   Coal      0     -1  1.2593353e+09       22288.44  1.7698575e-05      28250.862      15.177     -1
     1     24       22372       27956   Coal      0     -1  1.5462169e+09       32358.96  2.0927827e-05      23891.635      17.361     -1
     1     25       27956       34934   Coal      0     -1  1.7339297e+09       43795.24  2.5257795e-05      19795.869       20.03     -1
     1     26       34934       43654   Coal      0     -1  1.7731246e+09       51632.23  2.9119347e-05      17170.715       22.23     -1
     1     27       43654       54551   Coal      0     -1  1.6442234e+09       56287.47  3.4233468e-05       14605.59      25.618     -1
     1     28       54551       68167   Coal      0     -1  1.4038519e+09       51458.54  3.6655248e-05      13640.612       26.91     -1
     1     29       68167       85183   Coal      0     -1   1.148114e+09       40961.84  3.5677503e-05      14014.434      26.146     -1
     1     30       85183  1.0645e+05   Coal      0     -1  1.0960404e+09       22114.89  2.0177075e-05      24780.599      29.187     -1
     1     31  1.0645e+05  1.3302e+05   Coal      0     -1  1.1008931e+09       22357.11  2.0308157e-05      24620.649      29.385     -1
     1     32  1.3302e+05       1e+99   Coal      0     -1  2.2117303e+09       45804.61  2.0709853e-05      24143.097      24.226     -1
     1     -1           0       1e+99  Delay     -1     -1  9.9999988e+08              0              0              0           1     -1
     1     -1           0       1e+99   LogL     -1     -1              1      -17668648      -17668648              0           1     -1
     1     -1           0       1e+99 Recomb     -1     -1           3300   9.900001e-06  3.0000003e-09              0           1     -1
     1     -1           0       1e+99 Resamp     -1     -1  9.9999988e+08        1111611   0.0011116111              0           1     -1
     0      0           0         133   Coal      0     -1      458835.74      5.0024422  1.0902469e-05      45861.174      1.0137     -1
     0      1         133       166.2   Coal      0     -1      232105.78      4.0007068  1.7236567e-05      29008.096      1.0243     -1
     0      2       166.2      207.68   Coal      0     -1       357628.5      2.0022318  5.5986361e-06      89307.465       1.034     -1
     0      3      207.68      259.53   Coal      0     -1      560011.69     0.26167442    4.67266e-07      1070054.3      1.0527     -1
     0      4      259.53      324.31   Coal      0     -1      867500.51      6.7586237  7.7909162e-06      64177.305      1.1523     -1
     0      5      324.31      405.26   Coal      0     -1      1340968.5      15.774253  1.1763328e-05      42504.978      1.1813     -1
     0      6      405.26      506.42   Coal      0     -1      2061316.7      44.416623  2.1547695e-05      23204.338      1.1759     -1
     0      7      506.42      632.82   Coal      0     -1        3160751      52.662726   1.666146e-05      30009.375      1.3177     -1
     0      8      632.82      790.79   Coal      0     -1      4848758.6      166.81297  3.4403232e-05      14533.518      1.3867     -1
     0      9      790.79      988.18   Coal      0     -1      7304803.9         272.12  3.7252198e-05      13422.027      1.6302     -1
     0     10      988.18      1234.8   Coal      0     -1       11041066         390.66  3.5382452e-05      14131.299      1.7706     -1
     0     11      1234.8      1543.1   Coal      0     -1       16654668         594.87  3.5717915e-05      13998.577      2.1974     -1
     0     12      1543.1      1928.2   Coal      0     -1       25054502         891.83  3.5595598e-05      14046.681      2.4325     -1
     0     13      1928.2      2409.6   Coal      0     -1       37140216        1308.44  3.5229736e-05      14192.556      3.0647     -1
     0     14      2409.6        3011   Coal      0     -1       54555074        1924.65  3.5279029e-05      14172.726      3.2699     -1
     0     15        3011      3762.6   Coal      0     -1       78871106        2850.54  3.6141753e-05      13834.415      3.6893     -1
     0     16      3762.6      4701.8   Coal      0     -1  1.1197746e+08        4122.25  3.6813212e-05       13582.08      4.2499     -1
     0     17      4701.8      5875.5   Coal      0     -1  1.5533543e+08        5875.67  3.7825691e-05      13218.529      5.3035     -1
     0     18      5875.5      7342.1   Coal      0     -1  2.1678377e+08        5896.09  2.7198023e-05      18383.689      6.1846     -1
     0     19      7342.1      9174.7   Coal      0     -1  3.1168117e+08        6099.54  1.9569806e-05      25549.564      7.2604     -1
     0     20      9174.7       11465   Coal      0     -1  4.5604875e+08        7058.23   1.547692e-05      32306.169      8.0617     -1
     0     21       11465       14327   Coal      0     -1  6.6259997e+08        9196.56  1.3879506e-05      36024.338      10.505     -1
     0     22       14327       17903   Coal      0     -1  9.3577493e+08       13640.36  1.4576539e-05      34301.695      12.964     -1
     0     23       17903       22372   Coal      0     -1  1.2476083e+09       21936.86  1.7583131e-05      28436.346      16.202     -1
     0     24       22372       27956   Coal      0     -1  1.5402613e+09       31941.38  2.0737638e-05       24110.75      18.102     -1
     0     25       27956       34934   Coal      0     -1   1.735398e+09       43521.33  2.5078588e-05      19937.327      19.398     -1
     0     26       34934       43654   Coal      0     -1  1.7771984e+09       51694.63  2.9087709e-05      17189.391      23.279     -1
     0     27       43654       54551   Coal      0     -1  1.6437476e+09       56776.48  3.4540875e-05      14475.603      24.744     -1
     0     28       54551       68167   Coal      0     -1  1.3909464e+09       52027.13  3.7404122e-05      13367.511      26.048     -1
     0     29       68167       85183   Coal      0     -1  1.1206793e+09       41285.15  3.6839397e-05      13572.426      25.496     -1
     0     30       85183  1.0645e+05   Coal      0     -1  1.0594526e+09       22092.35  2.0852608e-05      23977.816      26.841     -1
     0     31  1.0645e+05  1.3302e+05   Coal      0     -1  1.0605051e+09       22201.66  2.0934986e-05      23883.465      24.284     -1
     0     32  1.3302e+05       1e+99   Coal      0     -1  2.0622379e+09       43699.92  2.1190532e-05      23595.443      24.947     -1
     0     -1           0       1e+99  Delay     -1     -1  9.9999988e+08              0              0              0           1     -1
     0     -1           0       1e+99   LogL     -1     -1              1      -17669659      -17669659              0           1     -1
     0     -1           0       1e+99 Recomb     -1     -1           3300   9.900001e-06  3.0000003e-09              0           1     -1
     0     -1           0       1e+99 Resamp     -1     -1  9.9999988e+08        1105127   0.0011051271              0           1     -1
