  Iter  Epoch       Start         End   Type   From     To            Opp          Count           Rate             Ne         ESS  Clump
    10      0           0         133   Coal      0     -1      317239.44       43.17033  0.00013608122      3674.2763      1.4155     -1
    10      1         133       166.2   Coal      0     -1      167625.78      1.2515934  7.4665923e-06      66964.952      2.1654     -1
    10      2       166.2      207.68   Coal      0     -1      262470.71      7.9263416  3.0198957e-05      16556.863      2.7975     -1
    10      3      207.68      259.53   Coal      0     -1      409546.33      6.5938621  1.6100406e-05      31055.118      3.1317     -1
    10      4      259.53      324.31   Coal      0     -1      633947.64      55.002861  8.6762466e-05      5762.8606      3.2172     -1
    10      5      324.31      405.26   Coal      0     -1         973609       55.05839  5.6550823e-05      8841.6044      3.7365     -1
    10      6      405.26      506.42   Coal      0     -1      1493654.6      102.94144  6.8919171e-05      7254.8755      4.5676     -1
    10      7      506.42      632.82   Coal      0     -1      2280100.1      224.79881  9.8591644e-05      5071.4237      5.7512     -1
    10      8      632.82      790.79   Coal      0     -1      3457496.2      422.53684  0.00012220891      4091.3548      6.8174     -1
    10      9      790.79      988.18   Coal      0     -1      5198181.8      459.27252  8.8352531e-05      5659.1474      7.9267     -1
    10     10      988.18      1234.8   Coal      0     -1        7850150      599.82656  7.6409566e-05      6543.6833       10.12     -1
    10     11      1234.8      1543.1   Coal      0     -1       11925541      634.76222  5.3227122e-05      9393.7073       11.08     -1
    10     12      1543.1      1928.2   Coal      0     -1       18225187      708.70343  3.8885934e-05       12858.12      14.963     -1
    10     13      1928.2      2409.6   Coal      0     -1       27860649      933.41374  3.3502943e-05      14924.062      17.388     -1
    10     14      2409.6        3011   Coal      0     -1       42505743      1197.7107   2.817762e-05      17744.579       19.21     -1
    10     15        3011      3762.6   Coal      0     -1       64603953      1722.5247  2.6662838e-05      18752.693      24.315     -1
    10     16      3762.6      4701.8   Coal      0     -1       97587066      2567.2554  2.6307332e-05      19006.108      27.857     -1
    10     17      4701.8      5875.5   Coal      0     -1   1.457647e+08      4005.7729   2.748109e-05      18194.329      28.716     -1
    10     18      5875.5      7342.1   Coal      0     -1  2.1650362e+08      4899.9956  2.2632396e-05      22092.226      38.471     -1
    10     19      7342.1      9174.7   Coal      0     -1  3.2115875e+08      5988.9666  1.8647994e-05      26812.535      47.585     -1
    10     20      9174.7       11465   Coal      0     -1  4.7615848e+08      8048.1206  1.6902189e-05      29581.967      53.155     -1
    10     21       11465       14327   Coal      0     -1   6.970263e+08      11903.712  1.7077853e-05      29277.686      63.272     -1
    10     22       14327       17903   Coal      0     -1  9.9563229e+08       18217.89  1.8297809e-05      27325.676      78.857     -1
    10     23       17903       22372   Coal      0     -1  1.3521909e+09      30455.839  2.2523328e-05      22199.206      85.612     -1
    10     24       22372       27956   Coal      0     -1  1.7223906e+09      43783.608  2.5420255e-05      19669.354      97.314     -1
    10     25       27956       34934   Coal      0     -1  2.0317856e+09      59168.138  2.9121251e-05      17169.592      106.36     -1
    10     26       34934       43654   Coal      0     -1  2.2030236e+09      69218.948  3.1419976e-05      15913.443      108.06     -1
    10     27       43654       54551   Coal      0     -1  2.1835395e+09      75667.061  3.4653397e-05        14428.6      108.43     -1
    10     28       54551       68167   Coal      0     -1  1.9264682e+09      69949.095  3.6309499e-05      13770.501      88.026     -1
    10     29       68167       85183   Coal      0     -1   1.628514e+09       54196.93   3.327999e-05      15024.043       77.06     -1
    10     30       85183  1.0645e+05   Coal      0     -1  1.5751763e+09       28490.59  1.8087239e-05      27643.798      71.684     -1
    10     31  1.0645e+05  1.3302e+05   Coal      0     -1  1.6190526e+09       28479.05  1.7589948e-05      28425.326      69.211     -1
    10     32  1.3302e+05       1e+99   Coal      0     -1  4.1314934e+09      70383.262  1.7035792e-05      29349.971      58.905     -1
    10     -1           0       1e+99  Delay     -1     -1  2.5955771e+09              0              0              0           1     -1
    10     -1           0       1e+99   LogL     -1     -1              1      -15647776      -15647776              0           1     -1
    10     -1           0       1e+99 Recomb     -1     -1           4323  1.2969005e-05  3.0000011e-09              0           1     -1
    10     -1           0       1e+99 Resamp     -1     -1  2.5955771e+09         732838  0.00028234106              0           1     -1
     9      0           0         133   Coal      0     -1      299899.68        43.9919  0.00014668872      3408.5784      1.4829     -1
     9      1         133       166.2   Coal      0     -1       166606.3      1.9057838  1.1438846e-05      43710.703      2.0851     -1
     9      2       166.2      207.68   Coal      0     -1      257761.31      8.6226833  3.3452202e-05      14946.699      2.4662     -1
     9      3      207.68      259.53   Coal      0     -1      402766.44        7.16641  1.7792967e-05      28100.991      3.2597     -1
     9      4      259.53      324.31   Coal      0     -1      624143.99      49.190451  7.8812665e-05       6344.158      3.4553     -1
     9      5      324.31      405.26   Coal      0     -1      964457.35      52.428857  5.4360991e-05       9197.772      3.4843     -1
     9      6      405.26      506.42   Coal      0     -1      1493327.1      101.79025  6.8163393e-05      7335.3156      4.6762     -1
     9      7      506.42      632.82   Coal      0     -1      2280803.6      213.58361  9.3644014e-05      5339.3696      5.8022     -1
     9      8      632.82      790.79   Coal      0     -1      3450349.6      413.84375  0.00011994255      4168.6622      6.8144     -1
     9      9      790.79      988.18   Coal      0     -1      5223754.3      458.28189  8.7730369e-05      5699.2807       8.356     -1
     9     10      988.18      1234.8   Coal      0     -1      7890075.7      582.94372  7.3883159e-05      6767.4421      10.967     -1
     9     11      1234.8      1543.1   Coal      0     -1       11964661      624.59067  5.2202955e-05      9578.0019      10.436     -1
     9     12      1543.1      1928.2   Coal      0     -1       18260437      715.04737  3.9158284e-05       12768.69      14.402     -1
     9     13      1928.2      2409.6   Coal      0     -1       27872172      939.80785  3.3718501e-05      14828.654      17.337     -1
     9     14      2409.6        3011   Coal      0     -1       42506249        1203.86  2.8321954e-05      17654.149      20.368     -1
     9     15        3011      3762.6   Coal      0     -1       64586558      1745.6147  2.7027523e-05       18499.66      23.814     -1
     9     16      3762.6      4701.8   Coal      0     -1       97493373      2605.3938  2.6723804e-05      18709.912      28.273     -1
     9     17      4701.8      5875.5   Coal      0     -1  1.4550679e+08      4094.9339  2.8142562e-05      17766.684      30.862     -1
     9     18      5875.5      7342.1   Coal      0     -1  2.1589884e+08      4933.9605  2.2853113e-05      21878.858      38.449     -1
     9     19      7342.1      9174.7   Coal      0     -1  3.2018042e+08      6004.8402  1.8754552e-05      26660.195      44.779     -1
     9     20      9174.7       11465   Coal      0     -1  4.7533698e+08      8032.5293    1.68986e-05      29588.251      56.538     -1
     9     21       11465       14327   Coal      0     -1  6.9580676e+08      11784.222  1.6936055e-05      29522.813      61.675     -1
     9     22       14327       17903   Coal      0     -1  9.9550349e+08      18023.839  1.8105249e-05        27616.3      80.009     -1
     9     23       17903       22372   Coal      0     -1   1.354348e+09      30155.071  2.2265379e-05      22456.388      85.179     -1
     9     24       22372       27956   Coal      0     -1  1.7285573e+09      43531.343  2.5183627e-05      19854.169      97.474     -1
     9     25       27956       34934   Coal      0     -1  2.0425858e+09      59113.611  2.8940577e-05      17276.781      108.23     -1
     9     26       34934       43654   Coal      0     -1  2.2138338e+09      69388.761  3.1343257e-05      15952.394      106.49     -1
     9     27       43654       54551   Coal      0     -1  2.1920491e+09      76245.011  3.4782528e-05      14375.033      107.34     -1
     9     28       54551       68167   Coal      0     -1  1.9273693e+09      70168.861  3.6406548e-05      13733.793      87.784     -1
     9     29       68167       85183   Coal      0     -1  1.6251003e+09       54497.85  3.3535068e-05      14909.765      77.787     -1
     9     30       85183  1.0645e+05   Coal      0     -1  1.5649904e+09       28542.48  1.8238119e-05      27415.108      71.643     -1
     9     31  1.0645e+05  1.3302e+05   Coal      0     -1  1.6060396e+09       28471.09  1.7727514e-05      28204.744      69.755     -1
     9     32  1.3302e+05       1e+99   Coal      0     -1  4.0405323e+09       69520.94  1.7205886e-05      29059.822      52.855     -1
     9     -1           0       1e+99  Delay     -1     -1  2.5955771e+09              0              0              0           1     -1
     9     -1           0       1e+99   LogL     -1     -1              1      -15647736      -15647736              0           1     -1
     9     -1           0       1e+99 Recomb     -1     -1           4323  1.2969005e-05  3.0000011e-09              0           1     -1
     9     -1           0       1e+99 Resamp     -1     -1  2.5955771e+09         730817  0.00028156243              0           1     -1
     8      0           0         133   Coal      0     -1      311140.87      39.677105  0.00012752135       3920.912       1.451     -1
     8      1         133       166.2   Coal      0     -1      163981.67      3.7573745  2.2913381e-05       21821.31      2.0972     -1
     8      2       166.2      207.68   Coal      0     -1       255508.8      7.1141023  2.7842885e-05      17957.909       2.569     -1
     8      3      207.68      259.53   Coal      0     -1      402068.56      7.3328527  1.8237817e-05      27415.562        3.16     -1
     8      4      259.53      324.31   Coal      0     -1         625132      47.967311  7.6731492e-05      6516.2293      3.4573     -1
     8      5      324.31      405.26   Coal      0     -1      969289.07      54.745866  5.6480433e-05      8852.6234      3.5587     -1
     8      6      405.26      506.42   Coal      0     -1      1495401.9      97.572932  6.5248634e-05      7662.9957      5.1113     -1
     8      7      506.42      632.82   Coal      0     -1      2281664.8      204.53579  8.9643224e-05      5577.6664      5.6873     -1
     8      8      632.82      790.79   Coal      0     -1      3452342.2      395.81701  0.00011465173      4361.0332      6.9632     -1
     8      9      790.79      988.18   Coal      0     -1      5211632.1      430.21751  8.2549477e-05      6056.9735      8.7417     -1
     8     10      988.18      1234.8   Coal      0     -1        7886689      570.88381  7.2385739e-05       6907.438      10.923     -1
     8     11      1234.8      1543.1   Coal      0     -1       11990827      597.28923   4.981218e-05      10037.706      10.738     -1
     8     12      1543.1      1928.2   Coal      0     -1       18329673      722.26445  3.9404111e-05      12689.031      13.879     -1
     8     13      1928.2      2409.6   Coal      0     -1       27965078      955.99564  3.4185338e-05      14626.153      16.439     -1
     8     14      2409.6        3011   Coal      0     -1       42600547      1225.9121   2.877691e-05      17375.041      20.969     -1
     8     15        3011      3762.6   Coal      0     -1       64642299      1787.4785  2.7651841e-05      18081.979      24.231     -1
     8     16      3762.6      4701.8   Coal      0     -1       97353166      2673.3149  2.7459969e-05      18208.323      26.503     -1
     8     17      4701.8      5875.5   Coal      0     -1   1.449367e+08      4177.6112  2.8823696e-05      17346.839      31.631     -1
     8     18      5875.5      7342.1   Coal      0     -1  2.1500391e+08      4967.0308  2.3102048e-05      21643.103      38.483     -1
     8     19      7342.1      9174.7   Coal      0     -1  3.1883866e+08      6045.2536  1.8960228e-05      26370.991        46.1     -1
     8     20      9174.7       11465   Coal      0     -1  4.7328571e+08      8022.3623  1.6950358e-05      29497.902      55.365     -1
     8     21       11465       14327   Coal      0     -1  6.9386361e+08      11648.851  1.6788387e-05      29782.493      61.136     -1
     8     22       14327       17903   Coal      0     -1  9.9438917e+08       17833.38  1.7934005e-05      27879.997      80.443     -1
     8     23       17903       22372   Coal      0     -1  1.3554509e+09      29807.217  2.1990629e-05      22736.958      85.749     -1
     8     24       22372       27956   Coal      0     -1  1.7340358e+09      43176.062  2.4899176e-05      20080.985      95.213     -1
     8     25       27956       34934   Coal      0     -1  2.0542332e+09      59053.549  2.8747247e-05       17392.97      107.75     -1
     8     26       34934       43654   Coal      0     -1  2.2302545e+09      69669.091   3.123818e-05      16006.054      109.13     -1
     8     27       43654       54551   Coal      0     -1  2.1971048e+09      76695.786   3.490766e-05      14323.504      107.66     -1
     8     28       54551       68167   Coal      0     -1  1.9305694e+09      70432.391  3.6482703e-05      13705.125      89.176     -1
     8     29       68167       85183   Coal      0     -1  1.6191873e+09       54712.83  3.3790304e-05      14797.144      76.866     -1
     8     30       85183  1.0645e+05   Coal      0     -1  1.5565577e+09       28666.96  1.8416895e-05      27148.985      71.298     -1
     8     31  1.0645e+05  1.3302e+05   Coal      0     -1  1.5928348e+09       28499.52  1.7892326e-05      27944.941      69.126     -1
     8     32  1.3302e+05       1e+99   Coal      0     -1  3.9430452e+09       68733.34  1.7431538e-05      28683.643      54.527     -1
     8     -1           0       1e+99  Delay     -1     -1  2.5955771e+09              0              0              0           1     -1
     8     -1           0       1e+99   LogL     -1     -1              1      -15647947      -15647947              0           1     -1
     8     -1           0       1e+99 Recomb     -1     -1           4323  1.2969005e-05  3.0000011e-09              0           1     -1
     8     -1           0       1e+99 Resamp     -1     -1  2.5955771e+09         728737  0.00028076107              0           1     -1
     7      0           0         133   Coal      0     -1       319047.5      41.641764  0.00013051901      3830.8596       1.436     -1
     7      1         133       166.2   Coal      0     -1      172189.31      2.5849379  1.5012186e-05      33306.276       2.104     -1
     7      2       166.2      207.68   Coal      0     -1      267995.69      7.3881744  2.7568258e-05        18136.8       2.452     -1
     7      3      207.68      259.53   Coal      0     -1      417363.42      8.4799372  2.0317874e-05      24608.874      2.8685     -1
     7      4      259.53      324.31   Coal      0     -1      642416.07      45.924787  7.1487605e-05      6994.2194      3.3723     -1
     7      5      324.31      405.26   Coal      0     -1      994031.49      54.471684  5.4798751e-05      9124.2955      3.4398     -1
     7      6      405.26      506.42   Coal      0     -1        1515547      98.599215  6.5058503e-05      7685.3905      5.0356     -1
     7      7      506.42      632.82   Coal      0     -1      2307982.2      199.27812  8.6343004e-05      5790.8572       5.601     -1
     7      8      632.82      790.79   Coal      0     -1      3473557.2       384.7264  0.00011075862      4514.3213      7.0267     -1
     7      9      790.79      988.18   Coal      0     -1      5257341.5       428.9219  8.1585322e-05      6128.5533      8.5151     -1
     7     10      988.18      1234.8   Coal      0     -1      7952595.8      563.00979  7.0795726e-05      7062.5732      9.6699     -1
     7     11      1234.8      1543.1   Coal      0     -1       12052706      603.32378  5.0057123e-05      9988.5885      11.983     -1
     7     12      1543.1      1928.2   Coal      0     -1       18368268      730.03471  3.9744341e-05      12580.407      13.397     -1
     7     13      1928.2      2409.6   Coal      0     -1       28031122      966.84852  3.4491967e-05      14496.129      17.196     -1
     7     14      2409.6        3011   Coal      0     -1       42654597      1262.2908  2.9593312e-05      16895.709      22.231     -1
     7     15        3011      3762.6   Coal      0     -1       64641906      1834.8761  2.8385241e-05      17614.788      24.148     -1
     7     16      3762.6      4701.8   Coal      0     -1       97247294      2747.3344  2.8251011e-05      17698.482      26.702     -1
     7     17      4701.8      5875.5   Coal      0     -1  1.4468165e+08      4286.4282   2.962662e-05      16876.714       31.33     -1
     7     18      5875.5      7342.1   Coal      0     -1  2.1459538e+08      5028.3904  2.3431961e-05      21338.376      38.205     -1
     7     19      7342.1      9174.7   Coal      0     -1  3.1794441e+08      6087.5049  1.9146444e-05       26114.51      43.985     -1
     7     20      9174.7       11465   Coal      0     -1   4.719607e+08      8002.2007  1.6955227e-05      29489.432      54.348     -1
     7     21       11465       14327   Coal      0     -1  6.9259897e+08      11526.774  1.6642783e-05      30043.053      62.127     -1
     7     22       14327       17903   Coal      0     -1  9.9415088e+08      17618.675  1.7722335e-05      28212.987      79.785     -1
     7     23       17903       22372   Coal      0     -1  1.3580185e+09      29444.605  2.1682035e-05      23060.566      85.973     -1
     7     24       22372       27956   Coal      0     -1  1.7413203e+09      42844.874   2.460482e-05      20321.221      97.148     -1
     7     25       27956       34934   Coal      0     -1  2.0659254e+09      58928.686  2.8524111e-05       17529.03      107.44     -1
     7     26       34934       43654   Coal      0     -1  2.2443699e+09      69878.462  3.1135002e-05      16059.096      109.88     -1
     7     27       43654       54551   Coal      0     -1  2.2060066e+09      77199.948  3.4995339e-05      14287.617      108.21     -1
     7     28       54551       68167   Coal      0     -1  1.9364786e+09      70837.101  3.6580368e-05      13668.534      90.262     -1
     7     29       68167       85183   Coal      0     -1  1.6206446e+09      55184.141  3.4050735e-05      14683.971      78.967     -1
     7     30       85183  1.0645e+05   Coal      0     -1  1.5465498e+09       28810.12   1.862864e-05      26840.392      71.727     -1
     7     31  1.0645e+05  1.3302e+05   Coal      0     -1  1.5779824e+09       28550.11  1.8092794e-05      27635.312      69.687     -1
     7     32  1.3302e+05       1e+99   Coal      0     -1  3.8298615e+09       67771.27  1.7695489e-05       28255.79      55.036     -1
     7     -1           0       1e+99  Delay     -1     -1  2.5955771e+09              0              0              0           1     -1
     7     -1           0       1e+99   LogL     -1     -1              1      -15647999      -15647999              0           1     -1
     7     -1           0       1e+99 Recomb     -1     -1           4323  1.2969005e-05  3.0000011e-09              0           1     -1
     7     -1           0       1e+99 Resamp     -1     -1  2.5955771e+09         726930  0.00028006488              0           1     -1
     6      0           0         133   Coal      0     -1      305819.35      39.606264  0.00012950869      3860.7448      1.4531     -1
     6      1         133       166.2   Coal      0     -1      165555.59      2.2017415  1.3299107e-05      37596.509      2.0139     -1
     6      2       166.2      207.68   Coal      0     -1      259374.88      9.6576644  3.7234386e-05      13428.448      2.6443     -1
     6      3      207.68      259.53   Coal      0     -1      408453.41      9.1007758  2.2281062e-05      22440.582      3.0276     -1
     6      4      259.53      324.31   Coal      0     -1      627244.04      44.740229  7.1328265e-05      7009.8439      3.4474     -1
     6      5      324.31      405.26   Coal      0     -1      963978.66      54.516682  5.6553827e-05      8841.1347      3.7049     -1
     6      6      405.26      506.42   Coal      0     -1      1485253.3      84.757536  5.7066048e-05      8761.7772      4.7474     -1
     6      7      506.42      632.82   Coal      0     -1      2292095.6      195.73657   8.539634e-05      5855.0518      5.6905     -1
     6      8      632.82      790.79   Coal      0     -1      3474069.4      368.19626  0.00010598414      4717.6869      7.0105     -1
     6      9      790.79      988.18   Coal      0     -1      5256422.5      408.12159  7.7642464e-05       6439.775      9.2907     -1
     6     10      988.18      1234.8   Coal      0     -1      7974329.5      539.07592   6.760141e-05      7396.2954      9.2999     -1
     6     11      1234.8      1543.1   Coal      0     -1       12094427      591.68994  4.8922527e-05      10220.241      13.046     -1
     6     12      1543.1      1928.2   Coal      0     -1       18459299      734.24064  3.9776193e-05      12570.333      13.232     -1
     6     13      1928.2      2409.6   Coal      0     -1       28116470      981.50134  3.4908413e-05      14323.195      16.944     -1
     6     14      2409.6        3011   Coal      0     -1       42689843      1286.4025   3.013369e-05      16592.724       21.89     -1
     6     15        3011      3762.6   Coal      0     -1       64691016      1884.3512  2.9128484e-05      17165.328      23.241     -1
     6     16      3762.6      4701.8   Coal      0     -1       97219888      2834.0803  2.9151241e-05      17151.929      25.731     -1
     6     17      4701.8      5875.5   Coal      0     -1  1.4443876e+08       4387.574  3.0376708e-05       16459.98       30.91     -1
     6     18      5875.5      7342.1   Coal      0     -1  2.1380943e+08      5104.5125  2.3874122e-05      20943.178      37.634     -1
     6     19      7342.1      9174.7   Coal      0     -1  3.1688225e+08      6109.7913  1.9280952e-05       25932.33      43.853     -1
     6     20      9174.7       11465   Coal      0     -1  4.7058452e+08      7962.0012  1.6919386e-05        29551.9      55.749     -1
     6     21       11465       14327   Coal      0     -1  6.9129709e+08      11370.362  1.6447866e-05      30399.081      63.715     -1
     6     22       14327       17903   Coal      0     -1  9.9294731e+08      17371.975  1.7495364e-05      28578.999      79.908     -1
     6     23       17903       22372   Coal      0     -1  1.3598594e+09      28995.666  2.1322547e-05      23449.357      86.824     -1
     6     24       22372       27956   Coal      0     -1    1.74939e+09      42460.892  2.4271827e-05      20600.015      98.272     -1
     6     25       27956       34934   Coal      0     -1  2.0791498e+09      58770.662   2.826668e-05      17688.671      105.51     -1
     6     26       34934       43654   Coal      0     -1  2.2621242e+09       70145.96   3.100889e-05      16124.408      108.82     -1
     6     27       43654       54551   Coal      0     -1  2.2213428e+09      77851.069   3.504685e-05      14266.618      106.84     -1
     6     28       54551       68167   Coal      0     -1  1.9430013e+09      71325.683  3.6709024e-05      13620.629      87.777     -1
     6     29       68167       85183   Coal      0     -1   1.615559e+09       55543.56  3.4380398e-05      14543.171      76.048     -1
     6     30       85183  1.0645e+05   Coal      0     -1  1.5307127e+09          28880  1.8867029e-05      26501.258      68.662     -1
     6     31  1.0645e+05  1.3302e+05   Coal      0     -1  1.5601502e+09       28593.91  1.8327665e-05      27281.163      67.715     -1
     6     32  1.3302e+05       1e+99   Coal      0     -1  3.7062295e+09        66673.4   1.798955e-05      27793.914      52.904     -1
     6     -1           0       1e+99  Delay     -1     -1  2.5955771e+09              0              0              0           1     -1
     6     -1           0       1e+99   LogL     -1     -1              1      -15647932      -15647932              0           1     -1
     6     -1           0       1e+99 Recomb     -1     -1           4323  1.2969005e-05  3.0000011e-09              0           1     -1
     6     -1           0       1e+99 Resamp     -1     -1  2.5955771e+09         725579  0.00027954438              0           1     -1
     5      0           0         133   Coal      0     -1       322411.2      42.174804   0.0001308106      3822.3201       1.453     -1
     5      1         133       166.2   Coal      0     -1      172455.14      3.7557909  2.1778364e-05      22958.565      2.2649     -1
     5      2       166.2      207.68   Coal      0     -1      264511.11      9.4329091  3.5661675e-05      14020.654      2.4786     -1
     5      3      207.68      259.53   Coal      0     -1      411949.24      9.1102501  2.2114982e-05      22609.107      3.0582     -1
     5      4      259.53      324.31   Coal      0     -1      633184.05      42.600116  6.7279199e-05      7431.7175       3.262     -1
     5      5      324.31      405.26   Coal      0     -1      973656.92      47.760394   4.905259e-05      10193.142      4.0187     -1
     5      6      405.26      506.42   Coal      0     -1      1508171.7      80.960439  5.3681181e-05       9314.251      4.5009     -1
     5      7      506.42      632.82   Coal      0     -1      2310433.3      190.22578  8.2333381e-05       6072.871      5.3826     -1
     5      8      632.82      790.79   Coal      0     -1      3488804.1       351.4765  0.00010074412      4963.0688       7.197     -1
     5      9      790.79      988.18   Coal      0     -1      5277312.9      381.20047  7.2233821e-05      6921.9653      8.9828     -1
     5     10      988.18      1234.8   Coal      0     -1        8008879      517.21308  6.4579959e-05        7742.34      9.2138     -1
     5     11      1234.8      1543.1   Coal      0     -1       12148051        590.422    4.86022e-05        10287.6      13.648     -1
     5     12      1543.1      1928.2   Coal      0     -1       18527959      732.59266  3.9539847e-05      12645.471      13.011     -1
     5     13      1928.2      2409.6   Coal      0     -1       28207951       1007.254   3.570816e-05      14002.402      17.605     -1
     5     14      2409.6        3011   Coal      0     -1       42855399      1326.6627  3.0956722e-05      16151.581      20.641     -1
     5     15        3011      3762.6   Coal      0     -1       64766387      1940.9768  2.9968891e-05      16683.968      22.806     -1
     5     16      3762.6      4701.8   Coal      0     -1       97193162      2939.0859  3.0239637e-05       16534.59      25.203     -1
     5     17      4701.8      5875.5   Coal      0     -1  1.4402396e+08      4515.4765   3.135226e-05      15947.814      30.873     -1
     5     18      5875.5      7342.1   Coal      0     -1   2.128518e+08      5168.9925  2.4284467e-05      20589.293      39.328     -1
     5     19      7342.1      9174.7   Coal      0     -1  3.1518187e+08      6149.2848  1.9510275e-05      25627.522      43.393     -1
     5     20      9174.7       11465   Coal      0     -1  4.6857477e+08      7900.9732  1.6861713e-05      29652.978      57.693     -1
     5     21       11465       14327   Coal      0     -1  6.8918434e+08      11193.011  1.6240953e-05      30786.371      62.589     -1
     5     22       14327       17903   Coal      0     -1  9.9259042e+08       17109.85  1.7237573e-05      29006.403      79.988     -1
     5     23       17903       22372   Coal      0     -1  1.3634608e+09      28533.982  2.0927614e-05      23891.878      86.389     -1
     5     24       22372       27956   Coal      0     -1  1.7586178e+09      42028.211  2.3898434e-05      20921.873      96.083     -1
     5     25       27956       34934   Coal      0     -1  2.0966351e+09      58627.073  2.7962458e-05      17881.117      106.42     -1
     5     26       34934       43654   Coal      0     -1  2.2827756e+09      70421.541  3.0849087e-05      16207.935      110.25     -1
     5     27       43654       54551   Coal      0     -1  2.2362252e+09      78526.541  3.5115668e-05      14238.658       108.2     -1
     5     28       54551       68167   Coal      0     -1  1.9528388e+09      71981.166  3.6859759e-05      13564.929      91.874     -1
     5     29       68167       85183   Coal      0     -1   1.615323e+09       56118.75  3.4741504e-05      14392.008      78.338     -1
     5     30       85183  1.0645e+05   Coal      0     -1  1.5168301e+09       29010.16  1.9125517e-05      26143.083      69.156     -1
     5     31  1.0645e+05  1.3302e+05   Coal      0     -1  1.5392946e+09       28667.73   1.862394e-05      26847.165      69.249     -1
     5     32  1.3302e+05       1e+99   Coal      0     -1  3.5610271e+09       65242.62  1.8321293e-05       27290.65      51.556     -1
     5     -1           0       1e+99  Delay     -1     -1  2.5955771e+09              0              0              0           1     -1
     5     -1           0       1e+99   LogL     -1     -1              1      -15648253      -15648253              0           1     -1
     5     -1           0       1e+99 Recomb     -1     -1           4323  1.2969005e-05  3.0000011e-09              0           1     -1
     5     -1           0       1e+99 Resamp     -1     -1  2.5955771e+09         722452  0.00027833964              0           1     -1
     4      0           0         133   Coal      0     -1      319314.14      40.490203  0.00012680366      3943.1037      1.4976     -1
     4      1         133       166.2   Coal      0     -1      165997.74       2.232166  1.3446966e-05      37183.108      2.3714     -1
     4      2       166.2      207.68   Coal      0     -1      258747.13      12.759916  4.9314232e-05      10139.061      2.4281     -1
     4      3      207.68      259.53   Coal      0     -1      401009.12      8.6723486  2.1626313e-05      23119.984      2.9078     -1
     4      4      259.53      324.31   Coal      0     -1      617358.22      38.569792  6.2475546e-05      8003.1313      3.8374     -1
     4      5      324.31      405.26   Coal      0     -1      965464.24      43.851514  4.5420133e-05      11008.334       4.407     -1
     4      6      405.26      506.42   Coal      0     -1      1496632.3      78.437719   5.240948e-05      9540.2587      5.0277     -1
     4      7      506.42      632.82   Coal      0     -1      2297597.2      176.19804  7.6687956e-05      6519.9286       5.357     -1
     4      8      632.82      790.79   Coal      0     -1      3500055.8      336.53527  9.6151403e-05      5200.1321      6.8935     -1
     4      9      790.79      988.18   Coal      0     -1      5307640.7       362.8537  6.8364405e-05      7313.7476       8.908     -1
     4     10      988.18      1234.8   Coal      0     -1      8059836.4        488.876  6.0655822e-05      8243.2318       9.381     -1
     4     11      1234.8      1543.1   Coal      0     -1       12243251      576.86777  4.7117207e-05      10611.834      10.716     -1
     4     12      1543.1      1928.2   Coal      0     -1       18641268      745.66776  4.0000914e-05      12499.714      14.552     -1
     4     13      1928.2      2409.6   Coal      0     -1       28310526      1028.0103  3.6311947e-05      13769.573      15.966     -1
     4     14      2409.6        3011   Coal      0     -1       42947960      1384.4645  3.2235862e-05      15510.676      19.751     -1
     4     15        3011      3762.6   Coal      0     -1       64769696      2015.5539   3.111878e-05      16067.468      23.259     -1
     4     16      3762.6      4701.8   Coal      0     -1       97034961      3049.7083  3.1428964e-05      15908.892      25.778     -1
     4     17      4701.8      5875.5   Coal      0     -1  1.4349212e+08      4652.1928  3.2421242e-05      15421.988      28.462     -1
     4     18      5875.5      7342.1   Coal      0     -1  2.1124355e+08      5245.2246  2.4830224e-05      20136.749      40.152     -1
     4     19      7342.1      9174.7   Coal      0     -1  3.1359823e+08      6178.0247  1.9700445e-05      25380.137      43.481     -1
     4     20      9174.7       11465   Coal      0     -1  4.6673619e+08      7832.9026  1.6782291e-05       29793.31      57.928     -1
     4     21       11465       14327   Coal      0     -1  6.8709912e+08      10997.702  1.6005991e-05      31238.304      60.754     -1
     4     22       14327       17903   Coal      0     -1  9.9150814e+08      16784.431  1.6928183e-05      29536.543      78.768     -1
     4     23       17903       22372   Coal      0     -1  1.3659232e+09      28032.824  2.0522986e-05      24362.926      87.338     -1
     4     24       22372       27956   Coal      0     -1  1.7681439e+09      41468.784  2.3453286e-05      21318.974      95.944     -1
     4     25       27956       34934   Coal      0     -1  2.1151359e+09      58419.028  2.7619516e-05      18103.142      107.41     -1
     4     26       34934       43654   Coal      0     -1  2.3058566e+09      70700.192   3.066114e-05      16307.287      109.99     -1
     4     27       43654       54551   Coal      0     -1  2.2573912e+09      79348.381  3.5150478e-05      14224.558      107.77     -1
     4     28       54551       68167   Coal      0     -1  1.9679651e+09      72887.392  3.7036932e-05      13500.038      91.232     -1
     4     29       68167       85183   Coal      0     -1  1.6133255e+09      56764.781  3.5184952e-05      14210.621      78.075     -1
     4     30       85183  1.0645e+05   Coal      0     -1  1.4986267e+09       29111.47  1.9425432e-05      25739.454      68.579     -1
     4     31  1.0645e+05  1.3302e+05   Coal      0     -1  1.5155119e+09       28764.62  1.8980135e-05      26343.333      69.544     -1
     4     32  1.3302e+05       1e+99   Coal      0     -1  3.4093633e+09       63785.27  1.8708851e-05      26725.319      53.155     -1
     4     -1           0       1e+99  Delay     -1     -1  2.5955771e+09              0              0              0           1     -1
     4     -1           0       1e+99   LogL     -1     -1              1      -15648369      -15648369              0           1     -1
     4     -1           0       1e+99 Recomb     -1     -1           4323  1.2969005e-05  3.0000011e-09              0           1     -1
     4     -1           0       1e+99 Resamp     -1     -1  2.5955771e+09         718332  0.00027675233              0           1     -1
     3      0           0         133   Coal      0     -1      324086.96      31.255168  9.6440683e-05       5184.534      1.5069     -1
     3      1         133       166.2   Coal      0     -1      173809.64      1.7637778  1.0147756e-05      49271.977      2.3618     -1
     3      2       166.2      207.68   Coal      0     -1      266901.15      13.943425  5.2241908e-05      9570.8602      2.3784     -1
     3      3      207.68      259.53   Coal      0     -1      415716.72      8.6535473  2.0815971e-05      24020.018      2.9938     -1
     3      4      259.53      324.31   Coal      0     -1      638034.51      32.229992  5.0514496e-05      9898.1489       3.478     -1
     3      5      324.31      405.26   Coal      0     -1      982253.09      40.240335  4.0967379e-05      12204.833      4.3971     -1
     3      6      405.26      506.42   Coal      0     -1      1514676.9      73.591733  4.8585764e-05       10291.08      5.1247     -1
     3      7      506.42      632.82   Coal      0     -1      2322333.9      158.57032  6.8280586e-05      7322.7257      5.2939     -1
     3      8      632.82      790.79   Coal      0     -1      3525421.1      321.95431  9.1323645e-05      5475.0333      7.0133     -1
     3      9      790.79      988.18   Coal      0     -1      5328888.8      355.87305  6.6781851e-05      7487.0641      9.0422     -1
     3     10      988.18      1234.8   Coal      0     -1      8086540.4      475.86389  5.8846412e-05      8496.6948      9.5885     -1
     3     11      1234.8      1543.1   Coal      0     -1       12294171      565.19521  4.5972616e-05       10876.04      11.059     -1
     3     12      1543.1      1928.2   Coal      0     -1       18716242      756.36767  4.0412369e-05       12372.45      13.734     -1
     3     13      1928.2      2409.6   Coal      0     -1       28432102      1046.8781  3.6820285e-05      13579.471      15.237     -1
     3     14      2409.6        3011   Coal      0     -1       43022538      1439.0947  3.3449787e-05      14947.778      20.418     -1
     3     15        3011      3762.6   Coal      0     -1       64738010      2097.0072  3.2392209e-05      15435.811      25.168     -1
     3     16      3762.6      4701.8   Coal      0     -1       96848665      3168.3249  3.2714183e-05      15283.891      27.513     -1
     3     17      4701.8      5875.5   Coal      0     -1  1.4287837e+08      4816.0945  3.3707652e-05      14833.427       29.57     -1
     3     18      5875.5      7342.1   Coal      0     -1   2.099468e+08      5349.7212  2.5481319e-05      19622.218      41.467     -1
     3     19      7342.1      9174.7   Coal      0     -1  3.1182001e+08      6194.1814  1.9864605e-05      25170.397      46.767     -1
     3     20      9174.7       11465   Coal      0     -1  4.6411841e+08      7740.6237  1.6678123e-05      29979.394      59.064     -1
     3     21       11465       14327   Coal      0     -1  6.8481165e+08      10745.052  1.5690521e-05      31866.373      64.149     -1
     3     22       14327       17903   Coal      0     -1   9.909123e+08       16423.64  1.6574262e-05      30167.255      83.725     -1
     3     23       17903       22372   Coal      0     -1  1.3685152e+09      27423.743  2.0039049e-05      24951.284      86.425     -1
     3     24       22372       27956   Coal      0     -1  1.7816558e+09      40919.673  2.2967216e-05      21770.162      103.13     -1
     3     25       27956       34934   Coal      0     -1  2.1359879e+09      58178.181  2.7237131e-05      18357.293      109.97     -1
     3     26       34934       43654   Coal      0     -1  2.3355808e+09      71095.911  3.0440356e-05      16425.564      116.16     -1
     3     27       43654       54551   Coal      0     -1  2.2774552e+09      80119.971  3.5179604e-05      14212.781      109.89     -1
     3     28       54551       68167   Coal      0     -1  1.9788427e+09      73776.391  3.7282595e-05      13411.083      94.237     -1
     3     29       68167       85183   Coal      0     -1  1.6063316e+09      57349.031  3.5701863e-05      14004.871      78.619     -1
     3     30       85183  1.0645e+05   Coal      0     -1  1.4848436e+09       29322.39  1.9747797e-05       25319.28      69.827     -1
     3     31  1.0645e+05  1.3302e+05   Coal      0     -1  1.4891327e+09       28887.57  1.9398922e-05      25774.628       70.56     -1
     3     32  1.3302e+05       1e+99   Coal      0     -1  3.2468233e+09       62184.47  1.9152403e-05      26106.384      51.845     -1
     3     -1           0       1e+99  Delay     -1     -1  2.5955771e+09              0              0              0           1     -1
     3     -1           0       1e+99   LogL     -1     -1              1      -15648619      -15648619              0           1     -1
     3     -1           0       1e+99 Recomb     -1     -1           4323  1.2969005e-05  3.0000011e-09              0           1     -1
     3     -1           0       1e+99 Resamp     -1     -1  2.5955771e+09         715024  0.00027547785              0           1     -1
     2      0           0         133   Coal      0     -1       323207.3       26.68871   8.257459e-05      6055.1315      1.5812     -1
     2      1         133       166.2   Coal      0     -1      167742.79      2.3091148  1.3765807e-05      36321.882      2.2658     -1
     2      2       166.2      207.68   Coal      0     -1      258692.02      8.1334246   3.144057e-05      15903.019      2.7566     -1
     2      3      207.68      259.53   Coal      0     -1      405488.36      10.181835  2.5110056e-05      19912.341      2.9815     -1
     2      4      259.53      324.31   Coal      0     -1      624873.18      23.587018  3.7746889e-05      13246.125      3.5216     -1
     2      5      324.31      405.26   Coal      0     -1      965603.98      33.173718  3.4355407e-05       14553.75      3.7126     -1
     2      6      405.26      506.42   Coal      0     -1      1509149.4      65.072875  4.3118908e-05      11595.841      5.2475     -1
     2      7      506.42      632.82   Coal      0     -1      2325567.8      131.77864  5.6665145e-05      8823.7663      6.0278     -1
     2      8      632.82      790.79   Coal      0     -1      3536864.7      289.79618  8.1935898e-05      6102.3314      6.9692     -1
     2      9      790.79      988.18   Coal      0     -1      5363823.2      334.67515  6.2394889e-05      8013.4769      8.0657     -1
     2     10      988.18      1234.8   Coal      0     -1      8146949.1      454.94971  5.5842955e-05       8953.681      10.847     -1
     2     11      1234.8      1543.1   Coal      0     -1       12395037      571.29297  4.6090463e-05      10848.231      11.857     -1
     2     12      1543.1      1928.2   Coal      0     -1       18844682      765.93498  4.0644623e-05       12301.75       13.64     -1
     2     13      1928.2      2409.6   Coal      0     -1       28556585      1072.2098  3.7546848e-05      13316.697      17.988     -1
     2     14      2409.6        3011   Coal      0     -1       43192146      1505.9875  3.4867161e-05      14340.141        20.4     -1
     2     15        3011      3762.6   Coal      0     -1       64883742      2209.1126  3.4047244e-05      14685.476      24.591     -1
     2     16      3762.6      4701.8   Coal      0     -1       96736731      3314.1677  3.4259662e-05      14594.423      27.675     -1
     2     17      4701.8      5875.5   Coal      0     -1  1.4230169e+08      4997.7743  3.5120976e-05      14236.506      32.686     -1
     2     18      5875.5      7342.1   Coal      0     -1  2.0930617e+08       5496.721  2.6261629e-05      19039.184      40.064     -1
     2     19      7342.1      9174.7   Coal      0     -1  3.0979896e+08      6206.4327  2.0033743e-05      24957.893      45.403     -1
     2     20      9174.7       11465   Coal      0     -1  4.6159154e+08      7657.3335  1.6588982e-05      30140.488      61.692     -1
     2     21       11465       14327   Coal      0     -1  6.8246466e+08      10466.581  1.5336444e-05      32602.082      62.233     -1
     2     22       14327       17903   Coal      0     -1  9.9058312e+08      16019.002  1.6171285e-05      30919.003      84.586     -1
     2     23       17903       22372   Coal      0     -1  1.3733451e+09      26755.072  1.9481681e-05      25665.136      88.735     -1
     2     24       22372       27956   Coal      0     -1  1.7940486e+09      40284.292  2.2454404e-05      22267.347      102.64     -1
     2     25       27956       34934   Coal      0     -1  2.1594025e+09      57840.162  2.6785262e-05      18666.982       110.9     -1
     2     26       34934       43654   Coal      0     -1  2.3687698e+09      71549.122  3.0205181e-05      16553.451      119.08     -1
     2     27       43654       54551   Coal      0     -1  2.3050158e+09      81029.077  3.5153372e-05      14223.387      112.68     -1
     2     28       54551       68167   Coal      0     -1  1.9938064e+09      74832.742  3.7532603e-05      13321.751      97.338     -1
     2     29       68167       85183   Coal      0     -1  1.6029102e+09      58092.014  3.6241591e-05      13796.304      80.716     -1
     2     30       85183  1.0645e+05   Coal      0     -1  1.4654647e+09      29554.481   2.016731e-05      24792.597      69.512     -1
     2     31  1.0645e+05  1.3302e+05   Coal      0     -1  1.4500984e+09       28829.39  1.9880989e-05      25149.654      68.715     -1
     2     32  1.3302e+05       1e+99   Coal      0     -1  3.0695141e+09       60426.52  1.9686022e-05      25398.733      51.757     -1
     2     -1           0       1e+99  Delay     -1     -1  2.5955771e+09              0              0              0           1     -1
     2     -1           0       1e+99   LogL     -1     -1              1      -15648994      -15648994              0           1     -1
     2     -1           0       1e+99 Recomb     -1     -1           4323  1.2969005e-05  3.0000011e-09              0           1     -1
     2     -1           0       1e+99 Resamp     -1     -1  2.5955771e+09         711003  0.00027392868              0           1     -1
     1      0           0         133   Coal      0     -1      328830.99      19.804441  6.0226809e-05      8301.9507      1.4392     -1
     1      1         133       166.2   Coal      0     -1      173391.12       1.274128  7.3482885e-06      68043.055      2.5873     -1
     1      2       166.2      207.68   Coal      0     -1      268867.67      9.7117569  3.6120955e-05      13842.381      2.4036     -1
     1      3      207.68      259.53   Coal      0     -1      414256.25      7.7863267  1.8795918e-05       26601.52       3.312     -1
     1      4      259.53      324.31   Coal      0     -1      634961.24      17.311634   2.726408e-05      18339.148       3.732     -1
     1      5      324.31      405.26   Coal      0     -1      985610.52      28.355147   2.876912e-05      17379.746      3.6842     -1
     1      6      405.26      506.42   Coal      0     -1      1519907.9      53.207084  3.5006781e-05      14282.947      4.4476     -1
     1      7      506.42      632.82   Coal      0     -1      2339574.9      107.63489  4.6006172e-05      10868.107      5.1533     -1
     1      8      632.82      790.79   Coal      0     -1      3572398.7      245.77247  6.8797605e-05      7267.6948      7.8277     -1
     1      9      790.79      988.18   Coal      0     -1      5416259.4      309.83145  5.7203954e-05      8740.6546       7.533     -1
     1     10      988.18      1234.8   Coal      0     -1      8223542.5      427.51344   5.198653e-05       9617.876      10.143     -1
     1     11      1234.8      1543.1   Coal      0     -1       12496083      567.06785  4.5379646e-05      11018.156      12.116     -1
     1     12      1543.1      1928.2   Coal      0     -1       19018095      775.46995  4.0775375e-05      12262.303      14.885     -1
     1     13      1928.2      2409.6   Coal      0     -1       28776779      1117.7454  3.8841921e-05       12872.69      14.055     -1
     1     14      2409.6        3011   Coal      0     -1       43358982      1595.6977  3.6802011e-05      13586.214      19.573     -1
     1     15        3011      3762.6   Coal      0     -1       64893584      2348.7596   3.619402e-05      13814.437      24.544     -1
     1     16      3762.6      4701.8   Coal      0     -1       96397762      3476.5178    3.60643e-05      13864.126      29.486     -1
     1     17      4701.8      5875.5   Coal      0     -1  1.4136081e+08      5198.4832  3.6774572e-05      13596.351      31.015     -1
     1     18      5875.5      7342.1   Coal      0     -1  2.0755279e+08      5626.4546  2.7108547e-05      18444.367      37.167     -1
     1     19      7342.1      9174.7   Coal      0     -1  3.0723965e+08      6213.5427  2.0223766e-05      24723.387      47.305     -1
     1     20      9174.7       11465   Coal      0     -1  4.5844303e+08      7522.8423  1.6409547e-05      30470.068      59.346     -1
     1     21       11465       14327   Coal      0     -1  6.7977163e+08      10154.483   1.493808e-05      33471.505      63.372     -1
     1     22       14327       17903   Coal      0     -1  9.8954783e+08       15529.21  1.5693239e-05      31860.855      83.594     -1
     1     23       17903       22372   Coal      0     -1  1.3791785e+09      26001.696  1.8853032e-05      26520.933      92.464     -1
     1     24       22372       27956   Coal      0     -1  1.8106795e+09      39578.964  2.1858625e-05      22874.266      104.27     -1
     1     25       27956       34934   Coal      0     -1  2.1867187e+09      57434.845   2.626531e-05      19036.516      108.25     -1
     1     26       34934       43654   Coal      0     -1  2.4004914e+09      71841.883   2.992799e-05      16706.768       114.7     -1
     1     27       43654       54551   Coal      0     -1  2.3337709e+09      81961.982  3.5119977e-05      14236.911      108.59     -1
     1     28       54551       68167   Coal      0     -1  2.0119171e+09      76069.402  3.7809411e-05      13224.221      95.315     -1
     1     29       68167       85183   Coal      0     -1  1.6026082e+09       59099.91   3.687733e-05      13558.465      79.039     -1
     1     30       85183  1.0645e+05   Coal      0     -1  1.4484442e+09      29888.232  2.0634713e-05      24231.013      68.901     -1
     1     31  1.0645e+05  1.3302e+05   Coal      0     -1  1.4178523e+09       28959.29  2.0424758e-05      24480.094      68.495     -1
     1     32  1.3302e+05       1e+99   Coal      0     -1  2.8896833e+09        58642.9  2.0293885e-05      24637.964      54.126     -1
     1     -1           0       1e+99  Delay     -1     -1  2.5955771e+09              0              0              0           1     -1
     1     -1           0       1e+99   LogL     -1     -1              1      -15649502      -15649502              0           1     -1
     1     -1           0       1e+99 Recomb     -1     -1           4323  1.2969005e-05  3.0000011e-09              0           1     -1
     1     -1           0       1e+99 Resamp     -1     -1  2.5955771e+09         706143  0.00027205626              0           1     -1
     0      0           0         133   Coal      0     -1      302307.22      8.6583581  2.8640924e-05      17457.537      1.3901     -1
     0      1         133       166.2   Coal      0     -1      167245.14      1.1281577  6.7455338e-06      74123.119      2.3249     -1
     0      2       166.2      207.68   Coal      0     -1      257174.74      4.4680857  1.7373735e-05      28779.075      2.5328     -1
     0      3      207.68      259.53   Coal      0     -1      399632.27      3.7052119  9.2715534e-06      53928.396      2.5878     -1
     0      4      259.53      324.31   Coal      0     -1      629801.49      12.256532  1.9460945e-05      25692.483      3.6599     -1
     0      5      324.31      405.26   Coal      0     -1      980719.46      18.130075  1.8486505e-05      27046.756       3.702     -1
     0      6      405.26      506.42   Coal      0     -1      1520165.8      38.007348  2.5002106e-05      19998.315      5.9888     -1
     0      7      506.42      632.82   Coal      0     -1      2356709.9      81.302424  3.4498274e-05      14493.479      5.8499     -1
     0      8      632.82      790.79   Coal      0     -1      3610149.4      200.18195  5.5449769e-05      9017.1702      6.4193     -1
     0      9      790.79      988.18   Coal      0     -1      5491036.7      269.78531  4.9131945e-05      10176.678      8.6408     -1
     0     10      988.18      1234.8   Coal      0     -1      8359211.2      389.96576  4.6651023e-05      10717.879      9.8429     -1
     0     11      1234.8      1543.1   Coal      0     -1       12702182      555.63559  4.3743319e-05      11430.317      11.088     -1
     0     12      1543.1      1928.2   Coal      0     -1       19229670      800.48037   4.162736e-05      12011.331      14.381     -1
     0     13      1928.2      2409.6   Coal      0     -1       29018159      1152.8148   3.972736e-05      12585.785      15.227     -1
     0     14      2409.6        3011   Coal      0     -1       43614433      1690.0625  3.8750073e-05      12903.202       19.41     -1
     0     15        3011      3762.6   Coal      0     -1       64989940      2495.2796  3.8394859e-05      13022.577      24.453     -1
     0     16      3762.6      4701.8   Coal      0     -1       96152338      3683.0034  3.8303836e-05      13053.523      29.527     -1
     0     17      4701.8      5875.5   Coal      0     -1  1.4047458e+08      5467.6976   3.892304e-05      12845.862      30.772     -1
     0     18      5875.5      7342.1   Coal      0     -1  2.0560167e+08      5787.0984  2.8147138e-05      17763.796      39.102     -1
     0     19      7342.1      9174.7   Coal      0     -1  3.0429031e+08      6204.7945  2.0391035e-05      24520.579      48.935     -1
     0     20      9174.7       11465   Coal      0     -1  4.5473203e+08      7357.2105  1.6179222e-05      30903.835      56.274     -1
     0     21       11465       14327   Coal      0     -1  6.7657081e+08       9799.507  1.4484082e-05      34520.655       65.94     -1
     0     22       14327       17903   Coal      0     -1  9.8829492e+08      15013.763  1.5191581e-05      32912.966      79.062     -1
     0     23       17903       22372   Coal      0     -1  1.3843513e+09      25220.993  1.8218636e-05      27444.425      92.278     -1
     0     24       22372       27956   Coal      0     -1   1.829619e+09      38844.027  2.1230664e-05      23550.841      111.85     -1
     0     25       27956       34934   Coal      0     -1  2.2158608e+09      56842.085  2.5652372e-05      19491.375      109.35     -1
     0     26       34934       43654   Coal      0     -1  2.4384801e+09      72085.349   2.956159e-05       16913.84      115.11     -1
     0     27       43654       54551   Coal      0     -1  2.3790747e+09      83348.298  3.5033914e-05      14271.885      115.04     -1
     0     28       54551       68167   Coal      0     -1  2.0326726e+09      77477.762  3.8116203e-05      13117.781      97.584     -1
     0     29       68167       85183   Coal      0     -1  1.6021633e+09      60228.873  3.7592219e-05      13300.625      81.562     -1
     0     30       85183  1.0645e+05   Coal      0     -1  1.4281424e+09       30258.32  2.1187187e-05      23599.169      68.531     -1
     0     31  1.0645e+05  1.3302e+05   Coal      0     -1  1.3740827e+09      28969.211  2.1082581e-05      23716.261      66.369     -1
     0     32  1.3302e+05       1e+99   Coal      0     -1  2.6967558e+09      56628.821  2.0998869e-05      23810.806      53.648     -1
     0     -1           0       1e+99  Delay     -1     -1  2.5955771e+09              0              0              0           1     -1
     0     -1           0       1e+99   LogL     -1     -1              1      -15650078      -15650078              0           1     -1
     0     -1           0       1e+99 Recomb     -1     -1           4323  1.2969005e-05  3.0000011e-09              0           1     -1
     0     -1           0       1e+99 Resamp     -1     -1  2.5955771e+09         702048  0.00027047858              0           1     -1
