  Iter  Epoch       Start         End   Type   From     To            Opp          Count           Rate             Ne         ESS  Clump
    10      0           0         133   Coal      0     -1      297121.42      29.584002  9.9568728e-05       5021.657      1.5379     -1
    10      1         133       166.2   Coal      0     -1      164059.88       1.077462  6.5674924e-06      76132.558      2.1942     -1
    10      2       166.2      207.68   Coal      0     -1      254776.15      3.3554713  1.3170272e-05      37964.287      2.9851     -1
    10      3      207.68      259.53   Coal      0     -1       398638.1     0.85091612  2.1345579e-06      234240.54      3.0035     -1
    10      4      259.53      324.31   Coal      0     -1      621818.47      6.8006364  1.0936691e-05      45717.668      3.3426     -1
    10      5      324.31      405.26   Coal      0     -1      969974.36      44.953261  4.6344793e-05      10788.698      4.1599     -1
    10      6      405.26      506.42   Coal      0     -1      1507348.7      47.565944  3.1556033e-05      15844.831      5.5286     -1
    10      7      506.42      632.82   Coal      0     -1      2332654.3      134.69573  5.7743545e-05      8658.9766      6.1636     -1
    10      8      632.82      790.79   Coal      0     -1      3560383.5      305.44797   8.579075e-05      5828.1342      6.4879     -1
    10      9      790.79      988.18   Coal      0     -1      5399210.8      403.89117  7.4805593e-05      6683.9922      8.8931     -1
    10     10      988.18      1234.8   Coal      0     -1      8164346.5      511.40302  6.2638574e-05      7982.3017       11.34     -1
    10     11      1234.8      1543.1   Coal      0     -1       12408173      645.45278  5.2018357e-05      9611.9914      11.766     -1
    10     12      1543.1      1928.2   Coal      0     -1       18799182         921.32  4.9008515e-05      10202.309      15.261     -1
    10     13      1928.2      2409.6   Coal      0     -1       28400471      1158.7338   4.079981e-05      12254.959      17.593     -1
    10     14      2409.6        3011   Coal      0     -1       42915787        1524.05  3.5512573e-05      14079.521      20.739     -1
    10     15        3011      3762.6   Coal      0     -1       64422601        2106.97  3.2705448e-05      15287.973      26.308     -1
    10     16      3762.6      4701.8   Coal      0     -1       96501435        2944.71  3.0514676e-05      16385.558      28.083     -1
    10     17      4701.8      5875.5   Coal      0     -1   1.430705e+08        4522.54  3.1610569e-05      15817.495      32.256     -1
    10     18      5875.5      7342.1   Coal      0     -1  2.1181067e+08        5111.92  2.4134384e-05       20717.33      39.201     -1
    10     19      7342.1      9174.7   Coal      0     -1  3.1426336e+08        6042.25  1.9226708e-05      26005.492      49.829     -1
    10     20      9174.7       11465   Coal      0     -1  4.6736235e+08        7937.04  1.6982626e-05      29441.854      60.592     -1
    10     21       11465       14327   Coal      0     -1  6.8601585e+08       11569.69  1.6865048e-05      29647.114      63.594     -1
    10     22       14327       17903   Coal      0     -1  9.8442597e+08       17843.31  1.8125599e-05      27585.296      84.212     -1
    10     23       17903       22372   Coal      0     -1  1.3422303e+09       29763.23  2.2174458e-05      22548.465      90.245     -1
    10     24       22372       27956   Coal      0     -1  1.7160698e+09       43117.12  2.5125505e-05      19900.097      99.315     -1
    10     25       27956       34934   Coal      0     -1  2.0337409e+09        58658.9  2.8842857e-05      17335.314      111.79     -1
    10     26       34934       43654   Coal      0     -1  2.2106524e+09        69058.5  3.1238969e-05       16005.65      111.03     -1
    10     27       43654       54551   Coal      0     -1  2.1875567e+09       75726.24  3.4616813e-05      14443.849      108.18     -1
    10     28       54551       68167   Coal      0     -1  1.9374402e+09       70245.76  3.6256996e-05      13790.442      91.464     -1
    10     29       68167       85183   Coal      0     -1  1.6311581e+09       54590.73  3.3467466e-05      14939.882      79.801     -1
    10     30       85183  1.0645e+05   Coal      0     -1  1.5616251e+09       28734.57  1.8400428e-05       27173.28      72.989     -1
    10     31  1.0645e+05  1.3302e+05   Coal      0     -1   1.615035e+09       28660.61  1.7746123e-05      28175.169      73.201     -1
    10     32  1.3302e+05       1e+99   Coal      0     -1  4.0068435e+09        69307.7  1.7297331e-05      28906.193      56.004     -1
    10     -1           0       1e+99  Delay     -1     -1  2.5967832e+09              0              0              0           1     -1
    10     -1           0       1e+99   LogL     -1     -1              1      -15660748      -15660748              0           1     -1
    10     -1           0       1e+99 Recomb     -1     -1           4257  1.2771005e-05  3.0000011e-09              0           1     -1
    10     -1           0       1e+99 Resamp     -1     -1  2.5967832e+09         731787   0.0002818052              0           1     -1
     9      0           0         133   Coal      0     -1      308477.97      26.054151   8.446033e-05       5919.939      1.5349     -1
     9      1         133       166.2   Coal      0     -1      166586.64      1.9377955  1.1632358e-05      42983.545      2.4225     -1
     9      2       166.2      207.68   Coal      0     -1      259522.26      4.0866134  1.5746678e-05       31752.73      2.5109     -1
     9      3      207.68      259.53   Coal      0     -1      401289.58     0.97523555  2.4302539e-06      205739.82      2.7932     -1
     9      4      259.53      324.31   Coal      0     -1      626814.43      8.3666739  1.3347928e-05      37458.997      3.3444     -1
     9      5      324.31      405.26   Coal      0     -1      979267.26      38.515707   3.933115e-05       12712.57      4.7729     -1
     9      6      405.26      506.42   Coal      0     -1      1517797.4      50.959053  3.3574344e-05      14892.324      5.0747     -1
     9      7      506.42      632.82   Coal      0     -1      2338996.5      129.41918   5.533107e-05      9036.5141      5.7085     -1
     9      8      632.82      790.79   Coal      0     -1      3560785.1      304.48195  8.5509779e-05      5847.2844        6.56     -1
     9      9      790.79      988.18   Coal      0     -1      5404042.2      393.71083  7.2854877e-05      6862.9585      9.1072     -1
     9     10      988.18      1234.8   Coal      0     -1      8197482.8        510.318  6.2253012e-05      8031.7399      11.558     -1
     9     11      1234.8      1543.1   Coal      0     -1       12454984      631.78987  5.0725868e-05      9856.9037       11.86     -1
     9     12      1543.1      1928.2   Coal      0     -1       18833807         924.38   4.908089e-05      10187.264      15.556     -1
     9     13      1928.2      2409.6   Coal      0     -1       28440196        1160.28  4.0797188e-05      12255.747       17.78     -1
     9     14      2409.6        3011   Coal      0     -1       42960230        1527.41  3.5554046e-05      14063.097      21.099     -1
     9     15        3011      3762.6   Coal      0     -1       64551456        2130.19  3.2999875e-05      15151.572      25.734     -1
     9     16      3762.6      4701.8   Coal      0     -1       96645647        2982.46  3.0859745e-05      16202.338          27     -1
     9     17      4701.8      5875.5   Coal      0     -1  1.4314207e+08        4593.84  3.2092871e-05      15579.784      30.396     -1
     9     18      5875.5      7342.1   Coal      0     -1  2.1158826e+08        5178.84  2.4476027e-05      20428.152      39.621     -1
     9     19      7342.1      9174.7   Coal      0     -1  3.1355749e+08        6084.86  1.9405883e-05      25765.382      46.775     -1
     9     20      9174.7       11465   Coal      0     -1  4.6671188e+08        7933.89  1.6999546e-05       29412.55      61.671     -1
     9     21       11465       14327   Coal      0     -1  6.8494192e+08       11482.95  1.6764852e-05      29824.301      62.168     -1
     9     22       14327       17903   Coal      0     -1  9.8390478e+08       17697.73  1.7987239e-05      27797.485      82.459     -1
     9     23       17903       22372   Coal      0     -1  1.3437438e+09       29485.64  2.1942904e-05       22786.41      88.845     -1
     9     24       22372       27956   Coal      0     -1  1.7222165e+09       42891.74  2.4904964e-05      20076.319      99.994     -1
     9     25       27956       34934   Coal      0     -1  2.0442199e+09        58587.1  2.8659882e-05      17445.989      110.65     -1
     9     26       34934       43654   Coal      0     -1  2.2252347e+09       69364.31  3.1171683e-05      16040.199      112.52     -1
     9     27       43654       54551   Coal      0     -1  2.1988374e+09       76261.36  3.4682583e-05      14416.458      108.76     -1
     9     28       54551       68167   Coal      0     -1  1.9397163e+09       70490.74  3.6340748e-05       13758.66      90.619     -1
     9     29       68167       85183   Coal      0     -1  1.6282287e+09       54787.58  3.3648578e-05      14859.469      79.123     -1
     9     30       85183  1.0645e+05   Coal      0     -1  1.5584762e+09       28833.57   1.850113e-05      27025.377          71     -1
     9     31  1.0645e+05  1.3302e+05   Coal      0     -1  1.6045592e+09        28719.2  1.7898499e-05      27935.304       71.79     -1
     9     32  1.3302e+05       1e+99   Coal      0     -1  3.9315416e+09       68690.75  1.7471709e-05      28617.693      56.514     -1
     9     -1           0       1e+99  Delay     -1     -1  2.5967832e+09              0              0              0           1     -1
     9     -1           0       1e+99   LogL     -1     -1              1      -15660760      -15660760              0           1     -1
     9     -1           0       1e+99 Recomb     -1     -1           4257  1.2771005e-05  3.0000011e-09              0           1     -1
     9     -1           0       1e+99 Resamp     -1     -1  2.5967832e+09         730864  0.00028144976              0           1     -1
     8      0           0         133   Coal      0     -1      319927.42      30.647669  9.5795694e-05      5219.4413      1.5272     -1
     8      1         133       166.2   Coal      0     -1      171378.66      1.8337926  1.0700239e-05      46727.928      2.2046     -1
     8      2       166.2      207.68   Coal      0     -1      265710.48      3.7847389  1.4243845e-05      35102.881      2.7714     -1
     8      3      207.68      259.53   Coal      0     -1      413344.31      1.8078679  4.3737578e-06      114318.17      2.8842     -1
     8      4      259.53      324.31   Coal      0     -1      640065.65      11.805346  1.8443961e-05      27109.144      3.2574     -1
     8      5      324.31      405.26   Coal      0     -1      985125.62      37.054237  3.7613718e-05      13293.023      4.2895     -1
     8      6      405.26      506.42   Coal      0     -1      1516993.3      47.122627  3.1063175e-05       16096.23      5.2426     -1
     8      7      506.42      632.82   Coal      0     -1      2334092.2      127.93462  5.4811297e-05       9122.207      6.4111     -1
     8      8      632.82      790.79   Coal      0     -1      3559413.4      295.92713  8.3139297e-05      6014.0032      6.3739     -1
     8      9      790.79      988.18   Coal      0     -1      5387382.7      383.79969  7.1240473e-05      7018.4824      9.3104     -1
     8     10      988.18      1234.8   Coal      0     -1      8185808.2      500.03357  6.1085424e-05      8185.2587      11.663     -1
     8     11      1234.8      1543.1   Coal      0     -1       12447398      627.14864  5.0383916e-05      9923.8019      12.055     -1
     8     12      1543.1      1928.2   Coal      0     -1       18845482         914.74  4.8538954e-05      10301.005      16.273     -1
     8     13      1928.2      2409.6   Coal      0     -1       28486831        1165.26  4.0905217e-05       12223.38      17.025     -1
     8     14      2409.6        3011   Coal      0     -1       43041511        1530.95  3.5569151e-05      14057.125       21.01     -1
     8     15        3011      3762.6   Coal      0     -1       64602010        2157.28  3.3393388e-05      14973.024      26.354     -1
     8     16      3762.6      4701.8   Coal      0     -1       96639012         3037.1  3.1427267e-05      15909.751      27.229     -1
     8     17      4701.8      5875.5   Coal      0     -1   1.429306e+08         4665.9  3.2644515e-05      15316.509      30.919     -1
     8     18      5875.5      7342.1   Coal      0     -1  2.1113017e+08        5236.49  2.4802187e-05      20159.513      39.529     -1
     8     19      7342.1      9174.7   Coal      0     -1  3.1286817e+08        6121.87  1.9566931e-05      25553.317      46.626     -1
     8     20      9174.7       11465   Coal      0     -1   4.655049e+08        7912.67  1.6998038e-05      29415.159      60.417     -1
     8     21       11465       14327   Coal      0     -1  6.8418311e+08       11384.84  1.6640048e-05       30047.99      64.065     -1
     8     22       14327       17903   Coal      0     -1  9.8334556e+08       17543.96  1.7841093e-05      28025.188      82.236     -1
     8     23       17903       22372   Coal      0     -1  1.3451025e+09       29148.14  2.1669828e-05      23073.557      89.943     -1
     8     24       22372       27956   Coal      0     -1  1.7277304e+09       42604.06  2.4658974e-05      20276.594      99.783     -1
     8     25       27956       34934   Coal      0     -1  2.0547473e+09       58527.03  2.8483809e-05      17553.832      111.98     -1
     8     26       34934       43654   Coal      0     -1  2.2338036e+09       69506.36  3.1115698e-05      16069.059      111.53     -1
     8     27       43654       54551   Coal      0     -1  2.2068276e+09       76783.73  3.4793715e-05      14370.411      113.07     -1
     8     28       54551       68167   Coal      0     -1  1.9432134e+09       70831.97  3.6450948e-05      13717.064      92.901     -1
     8     29       68167       85183   Coal      0     -1  1.6236225e+09       54992.23  3.3870083e-05       14762.29      79.081     -1
     8     30       85183  1.0645e+05   Coal      0     -1  1.5492613e+09       28880.29  1.8641329e-05      26822.121      71.574     -1
     8     31  1.0645e+05  1.3302e+05   Coal      0     -1  1.5859141e+09       28677.89  1.8082877e-05      27650.467      70.603     -1
     8     32  1.3302e+05       1e+99   Coal      0     -1  3.8332854e+09       67814.71  1.7691015e-05      28262.934        54.8     -1
     8     -1           0       1e+99  Delay     -1     -1  2.5967832e+09              0              0              0           1     -1
     8     -1           0       1e+99   LogL     -1     -1              1      -15660874      -15660874              0           1     -1
     8     -1           0       1e+99 Recomb     -1     -1           4257  1.2771005e-05  3.0000011e-09              0           1     -1
     8     -1           0       1e+99 Resamp     -1     -1  2.5967832e+09         729487  0.00028091949              0           1     -1
     7      0           0         133   Coal      0     -1      311485.26      26.913983   8.640532e-05      5786.6807      1.4895     -1
     7      1         133       166.2   Coal      0     -1      166874.74      2.0100143  1.2045048e-05      41510.834      2.3744     -1
     7      2       166.2      207.68   Coal      0     -1      259237.33      3.5840611  1.3825405e-05      36165.305       2.508     -1
     7      3      207.68      259.53   Coal      0     -1      405045.17     0.83239158  2.0550587e-06      243302.06      3.2806     -1
     7      4      259.53      324.31   Coal      0     -1      630104.95      13.484895   2.140103e-05      23363.362      3.6146     -1
     7      5      324.31      405.26   Coal      0     -1      974476.05      38.618529  3.9630044e-05      12616.691      4.3864     -1
     7      6      405.26      506.42   Coal      0     -1      1506481.7      48.596512  3.2258283e-05      15499.895      5.7743     -1
     7      7      506.42      632.82   Coal      0     -1      2325177.5      127.27872  5.4739357e-05      9134.1957       6.423     -1
     7      8      632.82      790.79   Coal      0     -1      3552819.7      301.95869  8.4991279e-05      5882.9566      7.0851     -1
     7      9      790.79      988.18   Coal      0     -1      5403945.4      378.39413  7.0021827e-05      7140.6306      9.1379     -1
     7     10      988.18      1234.8   Coal      0     -1      8213741.5      491.37717  5.9823793e-05      8357.8786      10.522     -1
     7     11      1234.8      1543.1   Coal      0     -1       12490061      619.23551  4.9578263e-05      10085.065      12.593     -1
     7     12      1543.1      1928.2   Coal      0     -1       18922571      916.89248  4.8454962e-05      10318.861      15.102     -1
     7     13      1928.2      2409.6   Coal      0     -1       28569731        1164.44  4.0757822e-05      12267.584      17.468     -1
     7     14      2409.6        3011   Coal      0     -1       43153388         1550.1  3.5920702e-05       13919.55      20.867     -1
     7     15        3011      3762.6   Coal      0     -1       64831000         2185.3   3.370764e-05      14833.432       26.33     -1
     7     16      3762.6      4701.8   Coal      0     -1       96790088        3101.11  3.2039541e-05      15605.717      28.069     -1
     7     17      4701.8      5875.5   Coal      0     -1  1.4286095e+08        4781.72  3.3471148e-05      14938.239      29.811     -1
     7     18      5875.5      7342.1   Coal      0     -1  2.1071709e+08        5288.27  2.5096541e-05      19923.064      39.795     -1
     7     19      7342.1      9174.7   Coal      0     -1  3.1191688e+08        6149.14  1.9714034e-05      25362.643      45.839     -1
     7     20      9174.7       11465   Coal      0     -1  4.6437671e+08        7886.62  1.6983238e-05      29440.794      60.783     -1
     7     21       11465       14327   Coal      0     -1  6.8294858e+08        11266.6  1.6496996e-05      30308.548      63.608     -1
     7     22       14327       17903   Coal      0     -1   9.829901e+08       17314.26   1.761387e-05       28386.72      82.785     -1
     7     23       17903       22372   Coal      0     -1  1.3474959e+09       28802.48  2.1374819e-05      23392.011      90.667     -1
     7     24       22372       27956   Coal      0     -1  1.7349928e+09       42290.19  2.4374851e-05      20512.946      102.87     -1
     7     25       27956       34934   Coal      0     -1  2.0646863e+09       58397.29  2.8283856e-05      17677.929      110.76     -1
     7     26       34934       43654   Coal      0     -1  2.2511416e+09       69780.01   3.099761e-05      16130.276      114.44     -1
     7     27       43654       54551   Coal      0     -1  2.2161572e+09       77274.16  3.4868537e-05      14339.575      110.87     -1
     7     28       54551       68167   Coal      0     -1  1.9474574e+09       71209.77  3.6565509e-05      13674.088      92.904     -1
     7     29       68167       85183   Coal      0     -1  1.6225578e+09       55365.87  3.4122587e-05      14653.051      79.006     -1
     7     30       85183  1.0645e+05   Coal      0     -1  1.5391576e+09        28946.6  1.8806781e-05      26586.155      71.467     -1
     7     31  1.0645e+05  1.3302e+05   Coal      0     -1  1.5673778e+09       28661.76   1.828644e-05      27342.664      70.398     -1
     7     32  1.3302e+05       1e+99   Coal      0     -1  3.7283337e+09       66933.32   1.795261e-05      27851.104      56.434     -1
     7     -1           0       1e+99  Delay     -1     -1  2.5967832e+09              0              0              0           1     -1
     7     -1           0       1e+99   LogL     -1     -1              1      -15660957      -15660957              0           1     -1
     7     -1           0       1e+99 Recomb     -1     -1           4257  1.2771005e-05  3.0000011e-09              0           1     -1
     7     -1           0       1e+99 Resamp     -1     -1  2.5967832e+09         727195  0.00028003686              0           1     -1
     6      0           0         133   Coal      0     -1      302749.71      24.857406  8.2105466e-05      6089.7286      1.5226     -1
     6      1         133       166.2   Coal      0     -1      166743.52      2.0359181  1.2209878e-05      40950.449      2.3649     -1
     6      2       166.2      207.68   Coal      0     -1      258571.65      3.0701792  1.1873611e-05      42110.189       2.696     -1
     6      3      207.68      259.53   Coal      0     -1      404454.09      1.6078643  3.9753937e-06      125773.71        3.03     -1
     6      4      259.53      324.31   Coal      0     -1      629626.33      14.362357  2.2810922e-05      21919.324      3.8038     -1
     6      5      324.31      405.26   Coal      0     -1      976096.64      33.238473  3.4052441e-05      14683.235      3.9214     -1
     6      6      405.26      506.42   Coal      0     -1      1507268.4      50.356338  3.3409005e-05      14966.025      5.9051     -1
     6      7      506.42      632.82   Coal      0     -1      2327628.6      120.39172  5.1722908e-05      9666.8965      6.5661     -1
     6      8      632.82      790.79   Coal      0     -1      3563447.7      293.25795  8.2296129e-05      6075.6199      6.8647     -1
     6      9      790.79      988.18   Coal      0     -1      5416403.9      357.79086  6.6056901e-05      7569.2318      8.8357     -1
     6     10      988.18      1234.8   Coal      0     -1      8223151.5      484.47921  5.8916488e-05      8486.5886      11.158     -1
     6     11      1234.8      1543.1   Coal      0     -1       12505067      607.81733  4.8605684e-05      10286.863       12.98     -1
     6     12      1543.1      1928.2   Coal      0     -1       18949520      903.50058  4.7679338e-05      10486.723      13.892     -1
     6     13      1928.2      2409.6   Coal      0     -1       28563110        1157.17  4.0512745e-05      12341.795      17.746     -1
     6     14      2409.6        3011   Coal      0     -1       43119876        1566.02  3.6317823e-05      13767.345      21.797     -1
     6     15        3011      3762.6   Coal      0     -1       64747840        2223.43  3.4339833e-05      14560.351      27.274     -1
     6     16      3762.6      4701.8   Coal      0     -1       96636219        3152.51  3.2622448e-05      15326.869      28.739     -1
     6     17      4701.8      5875.5   Coal      0     -1  1.4252228e+08        4857.52  3.4082532e-05      14670.272      30.548     -1
     6     18      5875.5      7342.1   Coal      0     -1  2.0998356e+08         5346.9  2.5463422e-05      19636.009      39.912     -1
     6     19      7342.1      9174.7   Coal      0     -1  3.1110474e+08        6166.35  1.9820817e-05      25226.004      46.401     -1
     6     20      9174.7       11465   Coal      0     -1  4.6329275e+08        7871.03  1.6989323e-05      29430.249      63.824     -1
     6     21       11465       14327   Coal      0     -1  6.8158195e+08       11140.61  1.6345225e-05      30589.974      64.111     -1
     6     22       14327       17903   Coal      0     -1  9.8231704e+08       17073.12  1.7380458e-05      28767.942      82.805     -1
     6     23       17903       22372   Coal      0     -1  1.3503503e+09        28415.2  2.1042835e-05      23761.057      90.382     -1
     6     24       22372       27956   Coal      0     -1   1.742361e+09       41914.62  2.4056221e-05      20784.645      99.715     -1
     6     25       27956       34934   Coal      0     -1  2.0800652e+09       58298.29  2.8027145e-05      17839.848      111.89     -1
     6     26       34934       43654   Coal      0     -1  2.2658276e+09       70002.52  3.0894902e-05        16183.9       112.8     -1
     6     27       43654       54551   Coal      0     -1  2.2299405e+09       77862.05  3.4916649e-05      14319.816      111.05     -1
     6     28       54551       68167   Coal      0     -1  1.9548438e+09       71744.27  3.6700768e-05      13623.693      93.559     -1
     6     29       68167       85183   Coal      0     -1  1.6249978e+09       55943.85  3.4427032e-05      14523.471       80.92     -1
     6     30       85183  1.0645e+05   Coal      0     -1  1.5294072e+09       29062.51  1.9002467e-05      26312.373      71.823     -1
     6     31  1.0645e+05  1.3302e+05   Coal      0     -1  1.5540831e+09       28776.95  1.8516995e-05      27002.221      70.832     -1
     6     32  1.3302e+05       1e+99   Coal      0     -1  3.6132928e+09       65824.75  1.8217386e-05      27446.309      55.302     -1
     6     -1           0       1e+99  Delay     -1     -1  2.5967832e+09              0              0              0           1     -1
     6     -1           0       1e+99   LogL     -1     -1              1      -15661051      -15661051              0           1     -1
     6     -1           0       1e+99 Recomb     -1     -1           4257  1.2771005e-05  3.0000011e-09              0           1     -1
     6     -1           0       1e+99 Resamp     -1     -1  2.5967832e+09         725365  0.00027933214              0           1     -1
     5      0           0         133   Coal      0     -1      300652.66      22.222841  7.3915333e-05      6764.4964        1.55     -1
     5      1         133       166.2   Coal      0     -1       164934.2      2.9293146  1.7760504e-05      28152.354      2.2377     -1
     5      2       166.2      207.68   Coal      0     -1      258609.48      2.2791602  8.8131349e-06      56733.501      2.7628     -1
     5      3      207.68      259.53   Coal      0     -1      401963.53      0.3814477  9.4896096e-07      526892.07      2.9244     -1
     5      4      259.53      324.31   Coal      0     -1      627281.57      16.456546  2.6234703e-05      19058.725      3.7092     -1
     5      5      324.31      405.26   Coal      0     -1       975694.1      31.586618  3.2373485e-05      15444.738      3.7547     -1
     5      6      405.26      506.42   Coal      0     -1      1511182.4      44.384598  2.9370774e-05      17023.726      5.6965     -1
     5      7      506.42      632.82   Coal      0     -1      2338286.6      114.63313  4.9024415e-05          10199       6.303     -1
     5      8      632.82      790.79   Coal      0     -1      3573859.3       282.8915  7.9155747e-05      6316.6607      6.9243     -1
     5      9      790.79      988.18   Coal      0     -1      5427045.4      341.63369  6.2950218e-05      7942.7843      8.4506     -1
     5     10      988.18      1234.8   Coal      0     -1      8269415.7      466.44796  5.6406399e-05      8864.2426      10.904     -1
     5     11      1234.8      1543.1   Coal      0     -1       12566034      612.79928  4.8766322e-05      10252.977      12.688     -1
     5     12      1543.1      1928.2   Coal      0     -1       19047002      907.19528  4.7629295e-05      10497.741      13.541     -1
     5     13      1928.2      2409.6   Coal      0     -1       28743816        1158.54  4.0305713e-05      12405.189      17.833     -1
     5     14      2409.6        3011   Coal      0     -1       43318804        1584.04   3.656703e-05       13673.52      21.584     -1
     5     15        3011      3762.6   Coal      0     -1       64858864        2272.29  3.5034379e-05      14271.696      25.791     -1
     5     16      3762.6      4701.8   Coal      0     -1       96662101        3227.13   3.338568e-05      14976.481      30.068     -1
     5     17      4701.8      5875.5   Coal      0     -1  1.4225448e+08         4976.1   3.498027e-05      14293.772      29.701     -1
     5     18      5875.5      7342.1   Coal      0     -1  2.0925988e+08        5420.54  2.5903388e-05      19302.494      40.891     -1
     5     19      7342.1      9174.7   Coal      0     -1  3.1000742e+08        6208.91  2.0028263e-05      24964.721      46.355     -1
     5     20      9174.7       11465   Coal      0     -1  4.6165108e+08        7827.99  1.6956508e-05      29487.204       63.52     -1
     5     21       11465       14327   Coal      0     -1  6.8000032e+08       10981.36  1.6149051e-05      30961.571      63.705     -1
     5     22       14327       17903   Coal      0     -1  9.8217295e+08       16837.25  1.7142857e-05      29166.668      82.823     -1
     5     23       17903       22372   Coal      0     -1  1.3528998e+09       27992.04  2.0690402e-05      24165.794      92.336     -1
     5     24       22372       27956   Coal      0     -1  1.7509148e+09       41488.59  2.3695379e-05      21101.161      100.55     -1
     5     25       27956       34934   Coal      0     -1  2.0965777e+09       58210.94  2.7764742e-05      18008.451       115.4     -1
     5     26       34934       43654   Coal      0     -1  2.2845862e+09       70246.72  3.0748115e-05      16261.159      114.17     -1
     5     27       43654       54551   Coal      0     -1  2.2460788e+09       78566.05  3.4979205e-05      14294.207      112.24     -1
     5     28       54551       68167   Coal      0     -1  1.9613412e+09       72299.72  3.6862388e-05      13563.961      93.828     -1
     5     29       68167       85183   Coal      0     -1  1.6195308e+09       56403.94  3.4827333e-05       14356.54        80.7     -1
     5     30       85183  1.0645e+05   Coal      0     -1  1.5154869e+09       29143.21  1.9230261e-05      26000.687      71.437     -1
     5     31  1.0645e+05  1.3302e+05   Coal      0     -1  1.5330638e+09       28817.11  1.8797072e-05      26599.888      70.848     -1
     5     32  1.3302e+05       1e+99   Coal      0     -1  3.4831747e+09       64553.09  1.8532832e-05      26979.148      54.641     -1
     5     -1           0       1e+99  Delay     -1     -1  2.5967832e+09              0              0              0           1     -1
     5     -1           0       1e+99   LogL     -1     -1              1      -15661021      -15661021              0           1     -1
     5     -1           0       1e+99 Recomb     -1     -1           4257  1.2771005e-05  3.0000011e-09              0           1     -1
     5     -1           0       1e+99 Resamp     -1     -1  2.5967832e+09         723375  0.00027856581              0           1     -1
     4      0           0         133   Coal      0     -1      316685.31      24.095043  7.6085131e-05      6571.5863      1.5696     -1
     4      1         133       166.2   Coal      0     -1      163758.06      2.4108749  1.4722176e-05      33962.372      2.4225     -1
     4      2       166.2      207.68   Coal      0     -1      257052.94      1.9723795  7.6730478e-06      65163.155      2.5233     -1
     4      3      207.68      259.53   Coal      0     -1      401110.01      1.3457709  3.3551168e-06      149026.11      3.4675     -1
     4      4      259.53      324.31   Coal      0     -1      623278.68      13.414952    2.15232e-05      23230.746      3.4669     -1
     4      5      324.31      405.26   Coal      0     -1       970050.7      27.689964  2.8544863e-05      17516.287      4.3185     -1
     4      6      405.26      506.42   Coal      0     -1      1508091.6       43.62073  2.8924457e-05      17286.409       4.863     -1
     4      7      506.42      632.82   Coal      0     -1      2335808.7      110.92647  4.7489534e-05      10528.636      6.2003     -1
     4      8      632.82      790.79   Coal      0     -1      3580766.7      271.52902  7.5829856e-05      6593.7089      6.6912     -1
     4      9      790.79      988.18   Coal      0     -1        5444016      333.26294  6.1216378e-05      8167.7488      8.6094     -1
     4     10      988.18      1234.8   Coal      0     -1      8269488.3      455.82503   5.512131e-05      9070.9019      10.899     -1
     4     11      1234.8      1543.1   Coal      0     -1       12577065       610.6675  4.8554054e-05      10297.801      13.213     -1
     4     12      1543.1      1928.2   Coal      0     -1       19072486      890.28384  4.6678962e-05      10711.464      13.143     -1
     4     13      1928.2      2409.6   Coal      0     -1       28833002        1169.92  4.0575726e-05      12322.638      16.956     -1
     4     14      2409.6        3011   Coal      0     -1       43423452        1606.52  3.6996598e-05      13514.756      21.413     -1
     4     15        3011      3762.6   Coal      0     -1       64997309        2327.74  3.5812867e-05      13961.462      25.236     -1
     4     16      3762.6      4701.8   Coal      0     -1       96735271        3309.53  3.4212237e-05      14614.654      26.366     -1
     4     17      4701.8      5875.5   Coal      0     -1  1.4213577e+08        5080.21  3.5741952e-05      13989.163      30.551     -1
     4     18      5875.5      7342.1   Coal      0     -1  2.0819239e+08        5483.32  2.6337754e-05      18984.155      41.694     -1
     4     19      7342.1      9174.7   Coal      0     -1   3.087474e+08        6248.23  2.0237353e-05      24706.789       45.57     -1
     4     20      9174.7       11465   Coal      0     -1  4.5999809e+08        7778.85  1.6910614e-05       29567.23      62.617     -1
     4     21       11465       14327   Coal      0     -1  6.7848787e+08       10786.49  1.5897838e-05      31450.818      63.255     -1
     4     22       14327       17903   Coal      0     -1  9.8154508e+08       16528.21  1.6838972e-05      29693.024      80.177     -1
     4     23       17903       22372   Coal      0     -1  1.3563489e+09        27527.1     2.0295e-05       24636.61      90.255     -1
     4     24       22372       27956   Coal      0     -1  1.7610551e+09       40985.36  2.3273184e-05      21483.953      100.85     -1
     4     25       27956       34934   Coal      0     -1  2.1135991e+09       58059.33  2.7469415e-05      18202.062      113.86     -1
     4     26       34934       43654   Coal      0     -1  2.3063886e+09       70548.18  3.0588159e-05      16346.195      114.61     -1
     4     27       43654       54551   Coal      0     -1  2.2622625e+09       79258.66  3.5035129e-05       14271.39      111.39     -1
     4     28       54551       68167   Coal      0     -1  1.9730623e+09       73088.82  3.7043341e-05      13497.703      93.806     -1
     4     29       68167       85183   Coal      0     -1  1.6182422e+09       57026.14  3.5239559e-05        14188.6      80.976     -1
     4     30       85183  1.0645e+05   Coal      0     -1  1.5027503e+09       29299.68   1.949737e-05      25644.484      71.473     -1
     4     31  1.0645e+05  1.3302e+05   Coal      0     -1  1.5120753e+09       28870.52  1.9093309e-05      26187.185      70.707     -1
     4     32  1.3302e+05       1e+99   Coal      0     -1  3.3492537e+09       63297.49  1.8898984e-05      26456.449      52.853     -1
     4     -1           0       1e+99  Delay     -1     -1  2.5967832e+09              0              0              0           1     -1
     4     -1           0       1e+99   LogL     -1     -1              1      -15661304      -15661304              0           1     -1
     4     -1           0       1e+99 Recomb     -1     -1           4257  1.2771005e-05  3.0000011e-09              0           1     -1
     4     -1           0       1e+99 Resamp     -1     -1  2.5967832e+09         720909  0.00027761617              0           1     -1
     3      0           0         133   Coal      0     -1       306420.6      22.426828  7.3189689e-05      6831.5634      1.6691     -1
     3      1         133       166.2   Coal      0     -1      162665.18      1.4864391  9.1380289e-06      54716.395      2.2714     -1
     3      2       166.2      207.68   Coal      0     -1      254127.34      1.1788453  4.6387977e-06      107786.55       2.933     -1
     3      3      207.68      259.53   Coal      0     -1      399487.44      1.9363751  4.8471489e-06      103153.42      2.9788     -1
     3      4      259.53      324.31   Coal      0     -1      624938.42      10.940373  1.7506322e-05      28561.111      3.8297     -1
     3      5      324.31      405.26   Coal      0     -1      968559.53      28.984713  2.9925587e-05       16708.11      4.3804     -1
     3      6      405.26      506.42   Coal      0     -1        1506534      44.541861  2.9565785e-05       16911.44      4.5398     -1
     3      7      506.42      632.82   Coal      0     -1      2337741.8       100.8856  4.3155151e-05      11586.102      6.7005     -1
     3      8      632.82      790.79   Coal      0     -1      3590384.1      257.72651  7.1782434e-05      6965.4924      7.1688     -1
     3      9      790.79      988.18   Coal      0     -1      5489742.4       316.7043  5.7690194e-05      8666.9842       7.792     -1
     3     10      988.18      1234.8   Coal      0     -1      8324453.5      441.46366  5.3032149e-05      9428.2433      11.497     -1
     3     11      1234.8      1543.1   Coal      0     -1       12655767      602.88576  4.7637237e-05      10495.991      13.053     -1
     3     12      1543.1      1928.2   Coal      0     -1       19169897      878.17288  4.5809994e-05      10914.649      13.233     -1
     3     13      1928.2      2409.6   Coal      0     -1       28886099      1191.9285  4.1263047e-05      12117.379      18.603     -1
     3     14      2409.6        3011   Coal      0     -1       43496259        1627.51  3.7417241e-05      13362.824      20.903     -1
     3     15        3011      3762.6   Coal      0     -1       65018261        2398.55  3.6890405e-05       13553.66      23.465     -1
     3     16      3762.6      4701.8   Coal      0     -1       96500834        3418.92  3.5428917e-05      14112.766      26.964     -1
     3     17      4701.8      5875.5   Coal      0     -1  1.4161917e+08         5173.8   3.653319e-05      13686.185      31.644     -1
     3     18      5875.5      7342.1   Coal      0     -1  2.0721279e+08        5554.68  2.6806647e-05       18652.09      42.946     -1
     3     19      7342.1      9174.7   Coal      0     -1    3.07336e+08        6245.59    2.03217e-05      24604.241      45.787     -1
     3     20      9174.7       11465   Coal      0     -1  4.5802174e+08        7698.02  1.6807106e-05      29749.321        61.5     -1
     3     21       11465       14327   Coal      0     -1  6.7689351e+08        10587.4   1.564116e-05      31966.938      63.885     -1
     3     22       14327       17903   Coal      0     -1  9.8174605e+08       16203.17  1.6504441e-05      30294.876      85.123     -1
     3     23       17903       22372   Coal      0     -1  1.3596433e+09       27011.39  1.9866526e-05      25167.963      90.264     -1
     3     24       22372       27956   Coal      0     -1  1.7748037e+09       40521.95  2.2831793e-05      21899.287      106.73     -1
     3     25       27956       34934   Coal      0     -1  2.1331404e+09       57832.01  2.7111206e-05      18442.558      114.01     -1
     3     26       34934       43654   Coal      0     -1  2.3357873e+09       70979.12  3.0387664e-05      16454.045      119.05     -1
     3     27       43654       54551   Coal      0     -1  2.2798361e+09       80018.55  3.5098378e-05      14245.673      113.11     -1
     3     28       54551       68167   Coal      0     -1  1.9828353e+09       73883.81  3.7261697e-05      13418.605       98.49     -1
     3     29       68167       85183   Coal      0     -1  1.6126356e+09        57632.2  3.5737894e-05      13990.752      83.463     -1
     3     30       85183  1.0645e+05   Coal      0     -1  1.4854372e+09       29465.63  1.9836335e-05      25206.269      73.153     -1
     3     31  1.0645e+05  1.3302e+05   Coal      0     -1  1.4837607e+09       28913.62  1.9486714e-05      25658.508      73.678     -1
     3     32  1.3302e+05       1e+99   Coal      0     -1  3.1870451e+09       61659.04  1.9346774e-05      25844.102      57.366     -1
     3     -1           0       1e+99  Delay     -1     -1  2.5967832e+09              0              0              0           1     -1
     3     -1           0       1e+99   LogL     -1     -1              1      -15661610      -15661610              0           1     -1
     3     -1           0       1e+99 Recomb     -1     -1           4257  1.2771005e-05  3.0000011e-09              0           1     -1
     3     -1           0       1e+99 Resamp     -1     -1  2.5967832e+09         718215  0.00027657873              0           1     -1
     2      0           0         133   Coal      0     -1      311891.18      17.686752  5.6708088e-05      8817.0845      1.6932     -1
     2      1         133       166.2   Coal      0     -1         166704      2.9234484  1.7536762e-05      28511.535      2.3466     -1
     2      2       166.2      207.68   Coal      0     -1      259442.93       1.025374  3.9522143e-06      126511.36      2.4301     -1
     2      3      207.68      259.53   Coal      0     -1      404860.41      2.4671186  6.0937511e-06      82051.267      3.1483     -1
     2      4      259.53      324.31   Coal      0     -1      629436.86      10.105993   1.605561e-05      31141.763      4.0827     -1
     2      5      324.31      405.26   Coal      0     -1      975260.37      30.481205  3.1254428e-05      15997.733      3.9308     -1
     2      6      405.26      506.42   Coal      0     -1      1509268.3      40.717164  2.6978083e-05      18533.563      4.8239     -1
     2      7      506.42      632.82   Coal      0     -1      2337848.2      89.961341  3.8480403e-05      12993.627      5.4818     -1
     2      8      632.82      790.79   Coal      0     -1      3591525.6      237.32619  6.6079492e-05      7566.6441      7.3879     -1
     2      9      790.79      988.18   Coal      0     -1      5471132.7      309.25698   5.652522e-05      8845.6091      7.7197     -1
     2     10      988.18      1234.8   Coal      0     -1      8333364.3      429.86539  5.1583656e-05      9692.9927       10.72     -1
     2     11      1234.8      1543.1   Coal      0     -1       12670570      599.14215  4.7286123e-05      10573.927      12.897     -1
     2     12      1543.1      1928.2   Coal      0     -1       19205103      861.63501  4.4864898e-05       11144.57      15.648     -1
     2     13      1928.2      2409.6   Coal      0     -1       29027555        1203.92  4.1475075e-05      12055.433      16.401     -1
     2     14      2409.6        3011   Coal      0     -1       43595433        1664.94  3.8190698e-05      13092.193      20.157     -1
     2     15        3011      3762.6   Coal      0     -1       65174456        2446.66  3.7540167e-05      13319.067      25.501     -1
     2     16      3762.6      4701.8   Coal      0     -1       96549598        3548.35  3.6751577e-05      13604.858      27.978     -1
     2     17      4701.8      5875.5   Coal      0     -1  1.4134146e+08        5299.95  3.7497489e-05      13334.226      31.838     -1
     2     18      5875.5      7342.1   Coal      0     -1  2.0646992e+08        5663.61  2.7430678e-05      18227.767      45.312     -1
     2     19      7342.1      9174.7   Coal      0     -1  3.0620583e+08        6263.11  2.0453922e-05       24445.19      46.883     -1
     2     20      9174.7       11465   Coal      0     -1  4.5656734e+08        7615.84   1.668065e-05      29974.851      60.643     -1
     2     21       11465       14327   Coal      0     -1  6.7578815e+08       10352.22  1.5318736e-05      32639.769      64.953     -1
     2     22       14327       17903   Coal      0     -1  9.8214678e+08        15831.1  1.6118874e-05      31019.537      86.242     -1
     2     23       17903       22372   Coal      0     -1  1.3643456e+09       26410.47   1.935761e-05      25829.635      89.375     -1
     2     24       22372       27956   Coal      0     -1  1.7866379e+09       39947.94  2.2359282e-05      22362.078      104.56     -1
     2     25       27956       34934   Coal      0     -1  2.1531649e+09        57509.8  2.6709427e-05      18719.982      108.69     -1
     2     26       34934       43654   Coal      0     -1    2.36388e+09       71326.84   3.017363e-05      16570.761      117.11     -1
     2     27       43654       54551   Coal      0     -1  2.3077045e+09       80998.95  3.5099359e-05      14245.274      113.98     -1
     2     28       54551       68167   Coal      0     -1  1.9975643e+09       74939.69  3.7515533e-05      13327.813      98.247     -1
     2     29       68167       85183   Coal      0     -1  1.6054453e+09        58289.2  3.6307186e-05      13771.378      82.697     -1
     2     30       85183  1.0645e+05   Coal      0     -1  1.4672359e+09       29675.05  2.0225139e-05      24721.709      72.796     -1
     2     31  1.0645e+05  1.3302e+05   Coal      0     -1    1.44951e+09       28909.79  1.9944527e-05      25069.535      70.918     -1
     2     32  1.3302e+05       1e+99   Coal      0     -1  3.0318329e+09       60071.53  1.9813602e-05      25235.189      55.392     -1
     2     -1           0       1e+99  Delay     -1     -1  2.5967832e+09              0              0              0           1     -1
     2     -1           0       1e+99   LogL     -1     -1              1      -15661808      -15661808              0           1     -1
     2     -1           0       1e+99 Recomb     -1     -1           4257  1.2771005e-05  3.0000011e-09              0           1     -1
     2     -1           0       1e+99 Resamp     -1     -1  2.5967832e+09         714526  0.00027515813              0           1     -1
     1      0           0         133   Coal      0     -1      301751.17      10.278996  3.4064476e-05      14678.047      1.5078     -1
     1      1         133       166.2   Coal      0     -1      163166.83      4.0796578  2.5002985e-05      19997.612      2.0315     -1
     1      2       166.2      207.68   Coal      0     -1      253996.92     0.30454896  1.1990262e-06      417005.07      2.6358     -1
     1      3      207.68      259.53   Coal      0     -1       397755.6      2.1983227  5.5268178e-06      90467.973      3.0571     -1
     1      4      259.53      324.31   Coal      0     -1      620865.84      9.6768201  1.5586008e-05      32080.055      4.1068     -1
     1      5      324.31      405.26   Coal      0     -1      969080.34      21.040962  2.1712298e-05      23028.423      5.1801     -1
     1      6      405.26      506.42   Coal      0     -1      1505922.9      37.854048  2.5136777e-05      19891.174      4.8595     -1
     1      7      506.42      632.82   Coal      0     -1      2328501.1      79.737612  3.4244181e-05      14601.021      6.1863     -1
     1      8      632.82      790.79   Coal      0     -1      3587979.1      208.49866  5.8110332e-05      8604.3219      7.0575     -1
     1      9      790.79      988.18   Coal      0     -1      5486914.7       281.0729  5.1226038e-05      9760.6612      8.4354     -1
     1     10      988.18      1234.8   Coal      0     -1      8360159.5      409.54612  4.8987835e-05      10206.616      9.7804     -1
     1     11      1234.8      1543.1   Coal      0     -1       12725924      581.37902  4.5684621e-05      10944.602      12.489     -1
     1     12      1543.1      1928.2   Coal      0     -1       19323684      853.47725   4.416742e-05      11320.562      14.926     -1
     1     13      1928.2      2409.6   Coal      0     -1       29132943        1202.73  4.1284192e-05      12111.173      14.601     -1
     1     14      2409.6        3011   Coal      0     -1       43774278        1697.77  3.8784649e-05      12891.698      20.439     -1
     1     15        3011      3762.6   Coal      0     -1       65305125        2507.14  3.8391168e-05      13023.829      25.234     -1
     1     16      3762.6      4701.8   Coal      0     -1       96530702        3664.95  3.7966677e-05      13169.443      27.909     -1
     1     17      4701.8      5875.5   Coal      0     -1  1.4086759e+08        5435.11  3.8583113e-05      12959.037      31.211     -1
     1     18      5875.5      7342.1   Coal      0     -1  2.0602134e+08        5796.21  2.8134028e-05      17772.073      38.013     -1
     1     19      7342.1      9174.7   Coal      0     -1  3.0453881e+08        6268.76  2.0584437e-05      24290.195      47.432     -1
     1     20      9174.7       11465   Coal      0     -1  4.5448795e+08        7495.83  1.6492913e-05      30316.052      59.675     -1
     1     21       11465       14327   Coal      0     -1   6.744763e+08       10062.98  1.4919694e-05      33512.752      64.897     -1
     1     22       14327       17903   Coal      0     -1  9.8256822e+08       15428.83  1.5702553e-05      31841.955      82.545     -1
     1     23       17903       22372   Coal      0     -1  1.3717935e+09       25775.85   1.878989e-05      26610.054      94.375     -1
     1     24       22372       27956   Coal      0     -1  1.8046578e+09       39344.08  2.1801408e-05      22934.299       110.2     -1
     1     25       27956       34934   Coal      0     -1  2.1780268e+09       57069.65  2.6202455e-05      19082.181      107.26     -1
     1     26       34934       43654   Coal      0     -1  2.3986746e+09       71699.98  2.9891499e-05      16727.164      116.54     -1
     1     27       43654       54551   Coal      0     -1  2.3350017e+09       81911.11  3.5079678e-05      14253.266      110.99     -1
     1     28       54551       68167   Coal      0     -1  2.0136367e+09       76107.27  3.7795929e-05      13228.938      97.035     -1
     1     29       68167       85183   Coal      0     -1  1.6107705e+09       59426.53  3.6893232e-05      13552.621      82.314     -1
     1     30       85183  1.0645e+05   Coal      0     -1   1.449783e+09       29981.04  2.0679674e-05      24178.331      69.984     -1
     1     31  1.0645e+05  1.3302e+05   Coal      0     -1  1.4142956e+09       28967.62  2.0482013e-05      24411.664      68.945     -1
     1     32  1.3302e+05       1e+99   Coal      0     -1  2.8552083e+09       58213.06  2.0388376e-05      24523.778      54.716     -1
     1     -1           0       1e+99  Delay     -1     -1  2.5967832e+09              0              0              0           1     -1
     1     -1           0       1e+99   LogL     -1     -1              1      -15662141      -15662141              0           1     -1
     1     -1           0       1e+99 Recomb     -1     -1           4257  1.2771005e-05  3.0000011e-09              0           1     -1
     1     -1           0       1e+99 Resamp     -1     -1  2.5967832e+09         711053  0.00027382071              0           1     -1
     0      0           0         133   Coal      0     -1      307235.87      4.3861247  1.4276083e-05      35023.613      1.3925     -1
     0      1         133       166.2   Coal      0     -1      167414.09      1.8487732  1.1043116e-05      45277.076      2.3661     -1
     0      2       166.2      207.68   Coal      0     -1      262254.35     0.85898616  3.2753934e-06      152653.42      2.5563     -1
     0      3      207.68      259.53   Coal      0     -1       406529.1      1.6520549  4.0638048e-06       123037.4      2.5993     -1
     0      4      259.53      324.31   Coal      0     -1      629588.64      7.4464117  1.1827424e-05      42274.632      3.6892     -1
     0      5      324.31      405.26   Coal      0     -1      975384.27      18.883723  1.9360291e-05      25826.058       3.788     -1
     0      6      405.26      506.42   Coal      0     -1      1514135.7      34.609041  2.2857292e-05      21874.858      6.2626     -1
     0      7      506.42      632.82   Coal      0     -1      2355091.4      68.124846  2.8926626e-05      17285.113      6.0429     -1
     0      8      632.82      790.79   Coal      0     -1      3611042.2      186.61441  5.1678823e-05      9675.1429      6.6209     -1
     0      9      790.79      988.18   Coal      0     -1      5536060.1       260.2997  4.7018944e-05      10634.012      8.9763     -1
     0     10      988.18      1234.8   Coal      0     -1      8441463.4      385.76786  4.5699169e-05      10941.118      10.241     -1
     0     11      1234.8      1543.1   Coal      0     -1       12860966      558.25276  4.3406751e-05      11518.946      11.452     -1
     0     12      1543.1      1928.2   Coal      0     -1       19458762       824.5829  4.2375917e-05      11799.155      14.919     -1
     0     13      1928.2      2409.6   Coal      0     -1       29350182        1219.23  4.1540799e-05       12036.36      15.852     -1
     0     14      2409.6        3011   Coal      0     -1       44003524        1764.93  4.0108833e-05      12466.082      20.356     -1
     0     15        3011      3762.6   Coal      0     -1       65407124        2606.67  3.9852998e-05      12546.107      25.535     -1
     0     16      3762.6      4701.8   Coal      0     -1       96484567        3796.52  3.9348469e-05      12706.975      30.704     -1
     0     17      4701.8      5875.5   Coal      0     -1  1.4048248e+08        5594.67  3.9824682e-05      12555.028      31.571     -1
     0     18      5875.5      7342.1   Coal      0     -1  2.0522145e+08        5874.61  2.8625712e-05      17466.815      39.771     -1
     0     19      7342.1      9174.7   Coal      0     -1  3.0334079e+08        6259.97  2.0636756e-05      24228.614      49.518     -1
     0     20      9174.7       11465   Coal      0     -1   4.529574e+08        7348.28  1.6222894e-05      30820.641      56.422     -1
     0     21       11465       14327   Coal      0     -1  6.7371203e+08        9749.03  1.4470619e-05      34552.772      66.467     -1
     0     22       14327       17903   Coal      0     -1  9.8397368e+08       14922.68  1.5165731e-05      32969.067      80.572     -1
     0     23       17903       22372   Coal      0     -1   1.379328e+09       25068.17   1.817419e-05      27511.542       92.81     -1
     0     24       22372       27956   Coal      0     -1  1.8244319e+09       38692.78  2.1208125e-05       23575.87       112.3     -1
     0     25       27956       34934   Coal      0     -1  2.2110586e+09       56649.65  2.5621054e-05      19515.201      110.48     -1
     0     26       34934       43654   Coal      0     -1  2.4355628e+09       71981.77  2.9554471e-05      16917.914      116.96     -1
     0     27       43654       54551   Coal      0     -1  2.3794312e+09       83308.32  3.5011863e-05      14280.874      116.68     -1
     0     28       54551       68167   Coal      0     -1  2.0345349e+09       77500.42   3.809245e-05      13125.961      98.595     -1
     0     29       68167       85183   Coal      0     -1  1.6041781e+09       60362.96  3.7628591e-05      13287.768      82.508     -1
     0     30       85183  1.0645e+05   Coal      0     -1  1.4294048e+09       30330.66  2.1219084e-05      23563.694      71.472     -1
     0     31  1.0645e+05  1.3302e+05   Coal      0     -1  1.3733861e+09       28998.45  2.1114565e-05      23680.336       69.09     -1
     0     32  1.3302e+05       1e+99   Coal      0     -1  2.6750958e+09        56318.3  2.1052816e-05      23749.792      57.643     -1
     0     -1           0       1e+99  Delay     -1     -1  2.5967832e+09              0              0              0           1     -1
     0     -1           0       1e+99   LogL     -1     -1              1      -15662781      -15662781              0           1     -1
     0     -1           0       1e+99 Recomb     -1     -1           4257  1.2771005e-05  3.0000011e-09              0           1     -1
     0     -1           0       1e+99 Resamp     -1     -1  2.5967832e+09         707271  0.00027236429              0           1     -1
