  Iter  Epoch       Start         End   Type   From     To            Opp          Count           Rate             Ne         ESS  Clump
    10      0           0         133   Coal      0     -1       301387.5      104.97615  0.00034830958      1435.5046      1.4651     -1
    10      1         133       166.2   Coal      0     -1      158678.61      1.4845053  9.3554214e-06      53444.947      2.4534     -1
    10      2       166.2      207.68   Coal      0     -1      248220.97      22.838793  9.2009925e-05      5434.1964      2.7524     -1
    10      3      207.68      259.53   Coal      0     -1      385145.86      15.943872  4.1396972e-05      12078.178      3.0615     -1
    10      4      259.53      324.31   Coal      0     -1      604491.52      18.604599   3.077727e-05      16245.756      3.5729     -1
    10      5      324.31      405.26   Coal      0     -1      941903.19      27.942371  2.9665863e-05      16854.389      4.2053     -1
    10      6      405.26      506.42   Coal      0     -1      1469742.8      42.821802  2.9135574e-05      17161.151      4.9796     -1
    10      7      506.42      632.82   Coal      0     -1      2273296.8      96.735836  4.2553105e-05      11750.024      6.8432     -1
    10      8      632.82      790.79   Coal      0     -1      3479791.7      350.54722  0.00010073799      4963.3708      6.5975     -1
    10      9      790.79      988.18   Coal      0     -1      5240744.9      548.95228    0.000104747      4773.4066      8.8522     -1
    10     10      988.18      1234.8   Coal      0     -1      7812413.9       822.4521  0.00010527503      4749.4644      10.625     -1
    10     11      1234.8      1543.1   Coal      0     -1       11519757      1282.8628  0.00011136197       4489.863      11.117     -1
    10     12      1543.1      1928.2   Coal      0     -1       16863131      1649.7787  9.7833478e-05       5110.725      14.373     -1
    10     13      1928.2      2409.6   Coal      0     -1       24531294      2173.8485  8.8615322e-05      5642.3651      15.562     -1
    10     14      2409.6        3011   Coal      0     -1       35647694      2605.8295  7.3099526e-05      6839.9896      19.143     -1
    10     15        3011      3762.6   Coal      0     -1       51913142      3044.4926  5.8645893e-05      8525.7462      24.159     -1
    10     16      3762.6      4701.8   Coal      0     -1       75846076      3775.4684  4.9778032e-05      10044.592       26.39     -1
    10     17      4701.8      5875.5   Coal      0     -1  1.1056079e+08      4879.5401  4.4134455e-05      11329.017      34.587     -1
    10     18      5875.5      7342.1   Coal      0     -1   1.622887e+08      4936.7719   3.041969e-05      16436.723       35.53     -1
    10     19      7342.1      9174.7   Coal      0     -1  2.4129659e+08      5300.4846  2.1966678e-05      22761.748      46.321     -1
    10     20      9174.7       11465   Coal      0     -1  3.6146766e+08      6579.3676  1.8201815e-05      27469.788      57.248     -1
    10     21       11465       14327   Coal      0     -1  5.3542442e+08      9102.5757  1.7000673e-05        29410.6      62.122     -1
    10     22       14327       17903   Coal      0     -1  7.7368077e+08      14270.977  1.8445562e-05      27106.791       72.47     -1
    10     23       17903       22372   Coal      0     -1  1.0615953e+09      23666.917  2.2293727e-05      22427.833      77.735     -1
    10     24       22372       27956   Coal      0     -1  1.3777298e+09      33711.677  2.4469005e-05      20434.014      100.34     -1
    10     25       27956       34934   Coal      0     -1    1.65083e+09       46462.96  2.8145212e-05      17765.011      104.36     -1
    10     26       34934       43654   Coal      0     -1  1.8005801e+09      56451.727  3.1351967e-05      15947.963      101.45     -1
    10     27       43654       54551   Coal      0     -1  1.7942029e+09      61464.116   3.425706e-05      14595.532      103.07     -1
    10     28       54551       68167   Coal      0     -1  1.5963561e+09      57810.684  3.6214153e-05      13806.757      87.443     -1
    10     29       68167       85183   Coal      0     -1  1.3441397e+09      44926.497  3.3423979e-05       14959.32      75.371     -1
    10     30       85183  1.0645e+05   Coal      0     -1  1.2782119e+09      23601.387  1.8464377e-05      27079.171      66.429     -1
    10     31  1.0645e+05  1.3302e+05   Coal      0     -1   1.323936e+09      23545.217  1.7784256e-05      28114.754      66.811     -1
    10     32  1.3302e+05       1e+99   Coal      0     -1  3.2813631e+09      57224.687  1.7439303e-05       28670.87      54.745     -1
    10     -1           0       1e+99  Delay     -1     -1  2.5915156e+09              0              0              0           1     -1
    10     -1           0       1e+99   LogL     -1     -1              1      -12854665      -12854665              0           1     -1
    10     -1           0       1e+99 Recomb     -1     -1           4554  1.3662005e-05   3.000001e-09              0           1     -1
    10     -1           0       1e+99 Resamp     -1     -1  2.5915156e+09         615531  0.00023751777              0           1     -1
     9      0           0         133   Coal      0     -1      573872.14      200.00744  0.00034852265       1434.627       1.493     -1
     9      1         133       166.2   Coal      0     -1      297667.74      5.5704198  1.8713549e-05      26718.609      2.4726     -1
     9      2       166.2      207.68   Coal      0     -1      464580.09      45.916309  9.8834001e-05      5058.9877      2.7394     -1
     9      3      207.68      259.53   Coal      0     -1      724149.61      25.366069  3.5028769e-05      14273.981      3.3989     -1
     9      4      259.53      324.31   Coal      0     -1      1128732.7      31.883568  2.8247227e-05      17700.853      3.4439     -1
     9      5      324.31      405.26   Coal      0     -1      1757018.6      55.607201  3.1648613e-05      15798.481         4.7     -1
     9      6      405.26      506.42   Coal      0     -1      2729523.9      83.361172  3.0540554e-05      16371.674      5.0831     -1
     9      7      506.42      632.82   Coal      0     -1      4236757.2      187.04977  4.4149278e-05      11325.214      6.8522     -1
     9      8      632.82      790.79   Coal      0     -1      6480193.2      661.07251  0.00010201432      4901.2726      6.5734     -1
     9      9      790.79      988.18   Coal      0     -1      9761281.1      1013.3283    0.000103811      4816.4454      8.9915     -1
     9     10      988.18      1234.8   Coal      0     -1       14590118      1527.0743  0.00010466497      4777.1475      10.105     -1
     9     11      1234.8      1543.1   Coal      0     -1       21518295      2350.9495  0.00010925352      4576.5116      11.075     -1
     9     12      1543.1      1928.2   Coal      0     -1       31509392      2999.8884  9.5206166e-05      5251.7607      14.321     -1
     9     13      1928.2      2409.6   Coal      0     -1       45926241      3973.1673  8.6511921e-05      5779.5503      15.558     -1
     9     14      2409.6        3011   Coal      0     -1       66665249      4802.8632   7.204448e-05      6940.1569      20.123     -1
     9     15        3011      3762.6   Coal      0     -1       97006370      5691.7151  5.8673622e-05      8521.7169      23.096     -1
     9     16      3762.6      4701.8   Coal      0     -1  1.4161951e+08      7073.9822  4.9950618e-05      10009.886      25.104     -1
     9     17      4701.8      5875.5   Coal      0     -1  2.0600888e+08      9223.4348  4.4772025e-05      11167.688      33.081     -1
     9     18      5875.5      7342.1   Coal      0     -1  3.0194462e+08      9309.6944  3.0832456e-05      16216.678      36.367     -1
     9     19      7342.1      9174.7   Coal      0     -1   4.482785e+08       9944.555  2.2183877e-05      22538.892       47.59     -1
     9     20      9174.7       11465   Coal      0     -1  6.7123453e+08       12236.43  1.8229738e-05      27427.712      57.781     -1
     9     21       11465       14327   Coal      0     -1  9.9452819e+08      16822.604  1.6915161e-05      29559.282        62.7     -1
     9     22       14327       17903   Coal      0     -1  1.4385688e+09      26351.741  1.8318027e-05      27295.517      72.937     -1
     9     23       17903       22372   Coal      0     -1  1.9778027e+09      43595.543  2.2042412e-05      22683.543      79.703     -1
     9     24       22372       27956   Coal      0     -1  2.5700463e+09      62499.643  2.4318489e-05      20560.488      99.818     -1
     9     25       27956       34934   Coal      0     -1  3.0883689e+09      86496.246  2.8007097e-05      17852.618      107.77     -1
     9     26       34934       43654   Coal      0     -1  3.3661958e+09      105148.51    3.12366e-05      16006.864      101.29     -1
     9     27       43654       54551   Coal      0     -1  3.3592295e+09      115353.63  3.4339313e-05      14560.571      105.68     -1
     9     28       54551       68167   Coal      0     -1  2.9737026e+09      107907.39  3.6287215e-05      13778.958      87.907     -1
     9     29       68167       85183   Coal      0     -1  2.4998074e+09      84068.933  3.3630164e-05      14867.605      76.081     -1
     9     30       85183  1.0645e+05   Coal      0     -1  2.3804078e+09      44146.638   1.854583e-05      26960.239      68.317     -1
     9     31  1.0645e+05  1.3302e+05   Coal      0     -1  2.4546181e+09      43964.856  1.7911078e-05      27915.685        68.5     -1
     9     32  1.3302e+05       1e+99   Coal      0     -1  6.0148948e+09      105969.05  1.7617773e-05      28380.431      57.547     -1
     9     -1           0       1e+99  Delay     -1     -1  4.8367388e+09              0              0              0           1     -1
     9     -1           0       1e+99   LogL     -1     -1              1      -23927249      -23927249              0           1     -1
     9     -1           0       1e+99 Recomb     -1     -1           8679  2.6037009e-05   3.000001e-09              0           1     -1
     9     -1           0       1e+99 Resamp     -1     -1  4.8367388e+09        1145254  0.00023678227              0           1     -1
     8      0           0         133   Coal      0     -1      570644.38      196.43704  0.00034423723      1452.4867      1.4703     -1
     8      1         133       166.2   Coal      0     -1      301368.47      6.5306342  2.1669932e-05      23073.446      2.4324     -1
     8      2       166.2      207.68   Coal      0     -1      470262.22      45.164139  9.6040331e-05      5206.1462      2.6456     -1
     8      3      207.68      259.53   Coal      0     -1      733737.87      23.531014  3.2070056e-05      15590.868      2.8145     -1
     8      4      259.53      324.31   Coal      0     -1      1146517.7      36.864845  3.2153753e-05      15550.284      3.6307     -1
     8      5      324.31      405.26   Coal      0     -1      1787811.9      62.173341  3.4776221e-05       14377.64      4.5934     -1
     8      6      405.26      506.42   Coal      0     -1      2791147.9      89.533829  3.2077781e-05      15587.113      5.3686     -1
     8      7      506.42      632.82   Coal      0     -1      4340934.6      183.20951  4.2205084e-05      11846.914      6.0229     -1
     8      8      632.82      790.79   Coal      0     -1      6633164.5      675.44482  0.00010182844      4910.2194      6.0109     -1
     8      9      790.79      988.18   Coal      0     -1      9972232.2      1023.1739  0.00010260229      4873.1856       8.394     -1
     8     10      988.18      1234.8   Coal      0     -1       14894545      1537.7591  0.00010324311      4842.9383      10.576     -1
     8     11      1234.8      1543.1   Coal      0     -1       22008989      2334.0439  0.00010604957      4714.7763      10.781     -1
     8     12      1543.1      1928.2   Coal      0     -1       32204438      3002.1262  9.3220886e-05      5363.6049      13.832     -1
     8     13      1928.2      2409.6   Coal      0     -1       46992281      3960.3548   8.427671e-05      5932.8372      15.339     -1
     8     14      2409.6        3011   Coal      0     -1       68365097       4866.647  7.1186135e-05      7023.8396      19.261     -1
     8     15        3011      3762.6   Coal      0     -1       99508685      5811.4308  5.8401242e-05      8561.4617      22.742     -1
     8     16      3762.6      4701.8   Coal      0     -1  1.4532701e+08      7258.4829  4.9945863e-05      10010.839      26.548     -1
     8     17      4701.8      5875.5   Coal      0     -1  2.1106229e+08      9547.4414  4.5235183e-05      11053.343      32.436     -1
     8     18      5875.5      7342.1   Coal      0     -1  3.0889912e+08      9601.2783  3.1082245e-05      16086.354      37.175     -1
     8     19      7342.1      9174.7   Coal      0     -1  4.5828108e+08      10242.015  2.2348762e-05      22372.604      47.217     -1
     8     20      9174.7       11465   Coal      0     -1  6.8521765e+08      12522.997   1.827594e-05      27358.374      54.349     -1
     8     21       11465       14327   Coal      0     -1  1.0168597e+09      17120.297  1.6836441e-05      29697.489      65.868     -1
     8     22       14327       17903   Coal      0     -1  1.4704342e+09      26678.952  1.8143588e-05      27557.945      73.108     -1
     8     23       17903       22372   Coal      0     -1  2.0238129e+09      44144.796  2.1812686e-05      22922.441      78.469     -1
     8     24       22372       27956   Coal      0     -1   2.632559e+09      63591.613  2.4155817e-05      20698.948      99.339     -1
     8     25       27956       34934   Coal      0     -1   3.164703e+09      88321.648  2.7908353e-05      17915.783      106.75     -1
     8     26       34934       43654   Coal      0     -1  3.4484938e+09      107444.32  3.1156885e-05      16047.817      100.04     -1
     8     27       43654       54551   Coal      0     -1  3.4361358e+09      118425.39    3.44647e-05      14507.598      103.83     -1
     8     28       54551       68167   Coal      0     -1  3.0331975e+09      110472.97  3.6421292e-05      13728.234      86.504     -1
     8     29       68167       85183   Coal      0     -1  2.5420985e+09      86080.224  3.3861876e-05      14765.868       75.12     -1
     8     30       85183  1.0645e+05   Coal      0     -1   2.414932e+09      45081.778  1.8667929e-05      26783.904       68.31     -1
     8     31  1.0645e+05  1.3302e+05   Coal      0     -1  2.4828521e+09       44889.62  1.8079861e-05       27655.08      68.077     -1
     8     32  1.3302e+05       1e+99   Coal      0     -1  5.9654494e+09      106379.74  1.7832645e-05      28038.466      56.119     -1
     8     -1           0       1e+99  Delay     -1     -1  4.9239892e+09              0              0              0           1     -1
     8     -1           0       1e+99   LogL     -1     -1              1      -24432172      -24432172              0           1     -1
     8     -1           0       1e+99 Recomb     -1     -1           8283  2.4849008e-05  3.0000009e-09              0           1     -1
     8     -1           0       1e+99 Resamp     -1     -1  4.9239892e+09        1167984   0.0002372028              0           1     -1
     7      0           0         133   Coal      0     -1      311141.03      115.35084  0.00037073491      1348.6726      1.4825     -1
     7      1         133       166.2   Coal      0     -1      164104.02      4.4318872  2.7006573e-05      18514.011      2.2645     -1
     7      2       166.2      207.68   Coal      0     -1      253704.65      27.948596  0.00011016194      4538.7728      2.6952     -1
     7      3      207.68      259.53   Coal      0     -1      393693.75      12.814713  3.2549952e-05      15361.006      3.2655     -1
     7      4      259.53      324.31   Coal      0     -1      610893.47      18.421023  3.0154232e-05       16581.42      3.2595     -1
     7      5      324.31      405.26   Coal      0     -1      949191.68      28.814792   3.035719e-05      16470.563      4.3197     -1
     7      6      405.26      506.42   Coal      0     -1      1479095.8      47.967388  3.2430211e-05      15417.723      5.3898     -1
     7      7      506.42      632.82   Coal      0     -1      2291712.2      100.18453  4.3716016e-05      11437.456      5.4819     -1
     7      8      632.82      790.79   Coal      0     -1        3495684      359.79875  0.00010292657      4857.8323      6.3582     -1
     7      9      790.79      988.18   Coal      0     -1        5248598      542.44813  0.00010335105      4837.8801        8.44     -1
     7     10      988.18      1234.8   Coal      0     -1      7815177.2      798.72223  0.00010220142      4892.2998      10.102     -1
     7     11      1234.8      1543.1   Coal      0     -1       11518840       1198.873  0.00010407932      4804.0284      12.185     -1
     7     12      1543.1      1928.2   Coal      0     -1       16901265      1528.3264  9.0426744e-05      5529.3377      15.048     -1
     7     13      1928.2      2409.6   Coal      0     -1       24714447      2023.1588  8.1861384e-05       6107.886      15.055     -1
     7     14      2409.6        3011   Coal      0     -1       36052243      2510.8822   6.964566e-05      7179.1982      19.634     -1
     7     15        3011      3762.6   Coal      0     -1       52500775      3055.4416  5.8198027e-05      8591.3565      22.942     -1
     7     16      3762.6      4701.8   Coal      0     -1       76559709      3844.3945   5.021433e-05      9957.3169      27.236     -1
     7     17      4701.8      5875.5   Coal      0     -1  1.1113841e+08      5067.9585  4.5600422e-05      10964.811      33.064     -1
     7     18      5875.5      7342.1   Coal      0     -1  1.6250891e+08      5103.2874  3.1403123e-05      15921.983      36.942     -1
     7     19      7342.1      9174.7   Coal      0     -1  2.4100006e+08      5431.7817  2.2538508e-05      22184.254      47.114     -1
     7     20      9174.7       11465   Coal      0     -1  3.6033563e+08      6577.3382  1.8253366e-05      27392.208      53.962     -1
     7     21       11465       14327   Coal      0     -1  5.3451313e+08      8933.3036  1.6712973e-05      29916.879      62.341     -1
     7     22       14327       17903   Coal      0     -1  7.7407972e+08      13891.201   1.794544e-05      27862.231      71.195     -1
     7     23       17903       22372   Coal      0     -1  1.0675931e+09      22965.771  2.1511726e-05      23243.137      77.253     -1
     7     24       22372       27956   Coal      0     -1   1.391069e+09      33310.083  2.3945673e-05      20880.599      96.529     -1
     7     25       27956       34934   Coal      0     -1   1.675333e+09      46470.489  2.7738061e-05      18025.773      105.95     -1
     7     26       34934       43654   Coal      0     -1  1.8250532e+09      56627.993  3.1028133e-05      16114.408      98.887     -1
     7     27       43654       54551   Coal      0     -1  1.8183329e+09      62869.797  3.4575515e-05      14461.101      104.69     -1
     7     28       54551       68167   Coal      0     -1   1.599884e+09      58475.965  3.6550127e-05      13679.843       87.01     -1
     7     29       68167       85183   Coal      0     -1  1.3331764e+09       45515.17  3.4140396e-05      14645.407      74.654     -1
     7     30       85183  1.0645e+05   Coal      0     -1  1.2658593e+09      23821.245   1.881824e-05      26569.966      67.791     -1
     7     31  1.0645e+05  1.3302e+05   Coal      0     -1  1.2971091e+09      23713.983  1.8282181e-05      27349.034      67.868     -1
     7     32  1.3302e+05       1e+99   Coal      0     -1  3.0450627e+09      55021.601  1.8069119e-05       27671.52      53.981     -1
     7     -1           0       1e+99  Delay     -1     -1  2.5915156e+09              0              0              0           1     -1
     7     -1           0       1e+99   LogL     -1     -1              1      -12854845      -12854845              0           1     -1
     7     -1           0       1e+99 Recomb     -1     -1           4554  1.3662005e-05   3.000001e-09              0           1     -1
     7     -1           0       1e+99 Resamp     -1     -1  2.5915156e+09         613639   0.0002367877              0           1     -1
     6      0           0         133   Coal      0     -1      309969.71      124.49965  0.00040165103      1244.8617      1.4553     -1
     6      1         133       166.2   Coal      0     -1      161464.93       2.819409  1.7461433e-05      28634.535      2.2188     -1
     6      2       166.2      207.68   Coal      0     -1      253133.65      25.706053  0.00010155131      4923.6195      2.8898     -1
     6      3      207.68      259.53   Coal      0     -1      389778.37      12.221425  3.1354806e-05      15946.518      3.2041     -1
     6      4      259.53      324.31   Coal      0     -1      609522.77       20.37209  3.3423017e-05      14959.751      3.8536     -1
     6      5      324.31      405.26   Coal      0     -1      947458.27      29.530087  3.1167691e-05      16042.253      4.5895     -1
     6      6      405.26      506.42   Coal      0     -1      1472206.8      49.731493  3.3780236e-05      14801.554      4.9931     -1
     6      7      506.42      632.82   Coal      0     -1        2274366      104.96673  4.6152086e-05      10833.746      5.9674     -1
     6      8      632.82      790.79   Coal      0     -1      3472763.8      359.10981   0.0001034075      4835.2394      6.2803     -1
     6      9      790.79      988.18   Coal      0     -1      5216312.8      546.80707  0.00010482636      4769.7928      8.5551     -1
     6     10      988.18      1234.8   Coal      0     -1      7805059.1      777.89399  9.9665356e-05      5016.7884      10.349     -1
     6     11      1234.8      1543.1   Coal      0     -1       11566382      1163.5657  0.00010059893      4970.2316       11.45     -1
     6     12      1543.1      1928.2   Coal      0     -1       16977769      1507.6247  8.8799932e-05      5630.6349      14.675     -1
     6     13      1928.2      2409.6   Coal      0     -1       24865985      1970.6646  7.9251418e-05      6309.0354      15.874     -1
     6     14      2409.6        3011   Coal      0     -1       36264277      2467.3454  6.8037904e-05      7348.8448      19.482     -1
     6     15        3011      3762.6   Coal      0     -1       52815956      3079.1626  5.8299856e-05      8576.3505      23.049     -1
     6     16      3762.6      4701.8   Coal      0     -1       77003926      3878.2126  5.0363829e-05      9927.7598      31.238     -1
     6     17      4701.8      5875.5   Coal      0     -1  1.1135423e+08      5143.1952  4.6187695e-05      10825.394       30.35     -1
     6     18      5875.5      7342.1   Coal      0     -1  1.6258526e+08      5160.5192  3.1740388e-05      15752.801      38.039     -1
     6     19      7342.1      9174.7   Coal      0     -1  2.4078716e+08      5475.4974  2.2739989e-05      21987.698      48.035     -1
     6     20      9174.7       11465   Coal      0     -1  3.6022688e+08      6573.6365  1.8248601e-05      27399.361      58.638     -1
     6     21       11465       14327   Coal      0     -1  5.3436887e+08      8872.8454  1.6604346e-05      30112.599      64.142     -1
     6     22       14327       17903   Coal      0     -1  7.7478738e+08        13727.1  1.7717247e-05      28221.088      74.804     -1
     6     23       17903       22372   Coal      0     -1  1.0705368e+09      22658.203  2.1165273e-05      23623.603      81.072     -1
     6     24       22372       27956   Coal      0     -1  1.3955468e+09      33074.565  2.3700076e-05      21096.979       97.45     -1
     6     25       27956       34934   Coal      0     -1  1.6863009e+09      46472.067  2.7558585e-05      18143.167      110.73     -1
     6     26       34934       43654   Coal      0     -1  1.8373523e+09      56732.099  3.0877093e-05      16193.234      101.57     -1
     6     27       43654       54551   Coal      0     -1     1.8267e+09      63338.638  3.4673805e-05      14420.108      105.42     -1
     6     28       54551       68167   Coal      0     -1  1.6011323e+09      58767.192   3.670352e-05      13622.672       87.88     -1
     6     29       68167       85183   Coal      0     -1  1.3330523e+09      45894.266  3.4427957e-05      14523.081      76.773     -1
     6     30       85183  1.0645e+05   Coal      0     -1  1.2549974e+09      23843.191  1.8998598e-05      26317.731      69.233     -1
     6     31  1.0645e+05  1.3302e+05   Coal      0     -1  1.2805026e+09      23714.394  1.8519599e-05      26998.425      70.356     -1
     6     32  1.3302e+05       1e+99   Coal      0     -1  2.9575201e+09      54224.919   1.833459e-05      27270.858      56.803     -1
     6     -1           0       1e+99  Delay     -1     -1  2.5915156e+09              0              0              0           1     -1
     6     -1           0       1e+99   LogL     -1     -1              1      -12854940      -12854940              0           1     -1
     6     -1           0       1e+99 Recomb     -1     -1           4554  1.3662005e-05   3.000001e-09              0           1     -1
     6     -1           0       1e+99 Resamp     -1     -1  2.5915156e+09         613013  0.00023654614              0           1     -1
     5      0           0         133   Coal      0     -1      294629.88      113.40285  0.00038489936      1299.0409      1.4536     -1
     5      1         133       166.2   Coal      0     -1      157881.36      1.7830135  1.1293376e-05      44273.742      2.4057     -1
     5      2       166.2      207.68   Coal      0     -1      248992.71      24.403771  9.8009983e-05      5101.5212      2.7524     -1
     5      3      207.68      259.53   Coal      0     -1      391894.86      13.010346  3.3198564e-05      15060.893      2.9777     -1
     5      4      259.53      324.31   Coal      0     -1      611855.57      22.079179  3.6085607e-05       13855.94      3.5394     -1
     5      5      324.31      405.26   Coal      0     -1      949253.17      32.819331  3.4573844e-05        14461.8      5.0425     -1
     5      6      405.26      506.42   Coal      0     -1      1478687.9      46.210987  3.1251345e-05      15999.312       4.833     -1
     5      7      506.42      632.82   Coal      0     -1      2292859.1      104.15388  4.5425331e-05      11007.075      6.1822     -1
     5      8      632.82      790.79   Coal      0     -1      3496038.4      364.92502  0.00010438244      4790.0777      6.5749     -1
     5      9      790.79      988.18   Coal      0     -1      5249876.2      539.23625  0.00010271409      4867.8814      8.9628     -1
     5     10      988.18      1234.8   Coal      0     -1      7845218.1      761.51853  9.7067859e-05      5151.0356      9.5444     -1
     5     11      1234.8      1543.1   Coal      0     -1       11632788      1126.1331   9.680681e-05      5164.9259      10.741     -1
     5     12      1543.1      1928.2   Coal      0     -1       17125395      1445.9621  8.4433797e-05      5921.7993      13.403     -1
     5     13      1928.2      2409.6   Coal      0     -1       25063812      1918.6958  7.6552435e-05      6531.4709      16.945     -1
     5     14      2409.6        3011   Coal      0     -1       36654229      2436.5254  6.6473241e-05      7521.8237       17.25     -1
     5     15        3011      3762.6   Coal      0     -1       53344948      3070.4514  5.7558429e-05       8686.825      23.002     -1
     5     16      3762.6      4701.8   Coal      0     -1       77581554      3913.2485  5.0440451e-05      9912.6791       28.43     -1
     5     17      4701.8      5875.5   Coal      0     -1  1.1195538e+08      5224.0549  4.6661935e-05      10715.372      28.677     -1
     5     18      5875.5      7342.1   Coal      0     -1  1.6326337e+08      5242.7071  3.2111962e-05      15570.521      37.642     -1
     5     19      7342.1      9174.7   Coal      0     -1  2.4104389e+08      5517.8533  2.2891488e-05       21842.18      44.928     -1
     5     20      9174.7       11465   Coal      0     -1  3.5991255e+08      6569.3447  1.8252613e-05      27393.337      54.501     -1
     5     21       11465       14327   Coal      0     -1  5.3411406e+08      8797.4802  1.6471164e-05      30356.082      61.298     -1
     5     22       14327       17903   Coal      0     -1  7.7544209e+08      13549.354  1.7473071e-05      28615.462      72.644     -1
     5     23       17903       22372   Coal      0     -1  1.0744847e+09      22338.222  2.0789708e-05      24050.362      78.986     -1
     5     24       22372       27956   Coal      0     -1  1.4050669e+09      32881.916  2.3402385e-05      21365.344      95.212     -1
     5     25       27956       34934   Coal      0     -1   1.701365e+09      46574.758  2.7374935e-05      18264.883      110.36     -1
     5     26       34934       43654   Coal      0     -1  1.8523403e+09      56881.195  3.0707745e-05      16282.537      101.64     -1
     5     27       43654       54551   Coal      0     -1  1.8369145e+09      63887.185  3.4779618e-05      14376.236       104.4     -1
     5     28       54551       68167   Coal      0     -1  1.6063765e+09       59218.78  3.6864819e-05      13563.067      86.427     -1
     5     29       68167       85183   Coal      0     -1  1.3295901e+09      46249.146  3.4784514e-05      14374.213      74.445     -1
     5     30       85183  1.0645e+05   Coal      0     -1  1.2458123e+09      23942.826  1.9218647e-05        26016.4      66.693     -1
     5     31  1.0645e+05  1.3302e+05   Coal      0     -1   1.260765e+09      23677.822   1.878052e-05      26623.331      64.849     -1
     5     32  1.3302e+05       1e+99   Coal      0     -1  2.8599245e+09      53288.188  1.8632725e-05      26834.507      51.833     -1
     5     -1           0       1e+99  Delay     -1     -1  2.5915156e+09              0              0              0           1     -1
     5     -1           0       1e+99   LogL     -1     -1              1      -12855015      -12855015              0           1     -1
     5     -1           0       1e+99 Recomb     -1     -1           4554  1.3662005e-05   3.000001e-09              0           1     -1
     5     -1           0       1e+99 Resamp     -1     -1  2.5915156e+09         612129  0.00023620503              0           1     -1
     4      0           0         133   Coal      0     -1       305304.6      103.80581  0.00034000737      1470.5564      1.4696     -1
     4      1         133       166.2   Coal      0     -1      160101.94      1.4202376   8.870833e-06      56364.493      2.1792     -1
     4      2       166.2      207.68   Coal      0     -1      249647.92       22.00395  8.8139929e-05      5672.7979      2.4549     -1
     4      3      207.68      259.53   Coal      0     -1      387112.64      14.063193  3.6328425e-05      13763.327      3.2421     -1
     4      4      259.53      324.31   Coal      0     -1      608084.01      18.252934  3.0017126e-05      16657.158      3.6849     -1
     4      5      324.31      405.26   Coal      0     -1      949013.01      34.462365  3.6313901e-05      13768.832      4.1195     -1
     4      6      405.26      506.42   Coal      0     -1      1476993.8      53.695109  3.6354322e-05      13753.523      4.7154     -1
     4      7      506.42      632.82   Coal      0     -1      2291353.6      107.21634  4.6791704e-05      10685.655      6.5782     -1
     4      8      632.82      790.79   Coal      0     -1      3490950.2      368.78639  0.00010564069      4733.0247      7.3464     -1
     4      9      790.79      988.18   Coal      0     -1      5263054.7      525.18448  9.9787006e-05      5010.6724       7.343     -1
     4     10      988.18      1234.8   Coal      0     -1      7864016.1      737.67773  9.3804198e-05      5330.2518      10.063     -1
     4     11      1234.8      1543.1   Coal      0     -1       11685448      1070.3659  9.1598188e-05      5458.6233      11.508     -1
     4     12      1543.1      1928.2   Coal      0     -1       17226509      1405.1085  8.1566639e-05      6129.9571      14.142     -1
     4     13      1928.2      2409.6   Coal      0     -1       25261163      1842.3723  7.2932997e-05      6855.6075      18.104     -1
     4     14      2409.6        3011   Coal      0     -1       36975748      2382.8925  6.4444741e-05       7758.585      18.325     -1
     4     15        3011      3762.6   Coal      0     -1       53863855      3088.8547  5.7345594e-05      8719.0657      21.048     -1
     4     16      3762.6      4701.8   Coal      0     -1       78094929      3939.7776  5.0448571e-05      9911.0835       27.79     -1
     4     17      4701.8      5875.5   Coal      0     -1  1.1268124e+08      5276.9828  4.6831066e-05      10676.673      31.883     -1
     4     18      5875.5      7342.1   Coal      0     -1  1.6372823e+08      5300.2967  3.2372528e-05      15445.195      37.889     -1
     4     19      7342.1      9174.7   Coal      0     -1  2.4159985e+08      5543.2403   2.294389e-05      21792.294      42.216     -1
     4     20      9174.7       11465   Coal      0     -1  3.6089715e+08      6563.3385  1.8186175e-05      27493.413      55.931     -1
     4     21       11465       14327   Coal      0     -1  5.3571183e+08      8728.3061  1.6292913e-05       30688.19      65.897     -1
     4     22       14327       17903   Coal      0     -1  7.7766049e+08      13338.674  1.7152311e-05      29150.592      71.945     -1
     4     23       17903       22372   Coal      0     -1  1.0797657e+09      22030.976  2.0403479e-05      24505.625      80.568     -1
     4     24       22372       27956   Coal      0     -1  1.4160566e+09      32660.825  2.3064633e-05      21678.212      99.153     -1
     4     25       27956       34934   Coal      0     -1  1.7087549e+09      46423.959  2.7168297e-05      18403.804      104.87     -1
     4     26       34934       43654   Coal      0     -1  1.8717004e+09      57110.859  3.0512821e-05      16386.554      102.59     -1
     4     27       43654       54551   Coal      0     -1  1.8519083e+09      64581.262  3.4872818e-05      14337.815      104.41     -1
     4     28       54551       68167   Coal      0     -1  1.6133344e+09      59807.376  3.7070663e-05      13487.754       88.04     -1
     4     29       68167       85183   Coal      0     -1  1.3255736e+09      46685.348   3.521898e-05      14196.891      76.384     -1
     4     30       85183  1.0645e+05   Coal      0     -1  1.2309669e+09      24011.923  1.9506554e-05      25632.411      67.571     -1
     4     31  1.0645e+05  1.3302e+05   Coal      0     -1  1.2369167e+09      23648.925  1.9119254e-05      26151.647      66.638     -1
     4     32  1.3302e+05       1e+99   Coal      0     -1  2.7479829e+09      52212.228  1.9000201e-05      26315.511      56.607     -1
     4     -1           0       1e+99  Delay     -1     -1  2.5915156e+09              0              0              0           1     -1
     4     -1           0       1e+99   LogL     -1     -1              1      -12855323      -12855323              0           1     -1
     4     -1           0       1e+99 Recomb     -1     -1           4554  1.3662005e-05   3.000001e-09              0           1     -1
     4     -1           0       1e+99 Resamp     -1     -1  2.5915156e+09         612438  0.00023632426              0           1     -1
     3      0           0         133   Coal      0     -1      318142.28      95.290906  0.00029952292      1669.3213      1.4279     -1
     3      1         133       166.2   Coal      0     -1       166022.5      2.2034835  1.3272198e-05      37672.734      2.1198     -1
     3      2       166.2      207.68   Coal      0     -1      259370.73      18.134147  6.9915933e-05      7151.4457      2.6129     -1
     3      3      207.68      259.53   Coal      0     -1      402426.23       15.29094  3.7996876e-05      13158.976      3.0753     -1
     3      4      259.53      324.31   Coal      0     -1      625681.23      21.333704  3.4096762e-05      14664.149      3.7418     -1
     3      5      324.31      405.26   Coal      0     -1       966108.5      32.727268  3.3875355e-05      14759.993       4.213     -1
     3      6      405.26      506.42   Coal      0     -1      1497108.4      53.481621  3.5723278e-05      13996.476      4.7926     -1
     3      7      506.42      632.82   Coal      0     -1      2319704.8      111.86167  4.8222375e-05      10368.631      6.1255     -1
     3      8      632.82      790.79   Coal      0     -1      3538144.8      348.39066  9.8467046e-05       5077.841      7.5806     -1
     3      9      790.79      988.18   Coal      0     -1      5316175.1      495.52857  9.3211483e-05      5364.1459      8.2465     -1
     3     10      988.18      1234.8   Coal      0     -1      7948560.8      707.25154  8.8978566e-05      5619.3309      10.326     -1
     3     11      1234.8      1543.1   Coal      0     -1       11828245      1000.8767  8.4617511e-05      5908.9424      9.7994     -1
     3     12      1543.1      1928.2   Coal      0     -1       17428074      1332.0376  7.6430566e-05      6541.8853      14.239     -1
     3     13      1928.2      2409.6   Coal      0     -1       25582785      1786.3443  6.9826029e-05      7160.6535      15.785     -1
     3     14      2409.6        3011   Coal      0     -1       37433895      2328.5156  6.2203401e-05      8038.1457       20.28     -1
     3     15        3011      3762.6   Coal      0     -1       54588228      3034.9474  5.5597103e-05      8993.2743      19.868     -1
     3     16      3762.6      4701.8   Coal      0     -1       78968152      3962.2421  5.0175191e-05      9965.0841      24.327     -1
     3     17      4701.8      5875.5   Coal      0     -1   1.136628e+08       5319.341  4.6799313e-05      10683.918       28.58     -1
     3     18      5875.5      7342.1   Coal      0     -1  1.6472092e+08      5357.9251  3.2527291e-05      15371.708       34.94     -1
     3     19      7342.1      9174.7   Coal      0     -1  2.4264121e+08        5546.01  2.2856835e-05      21875.295      42.719     -1
     3     20      9174.7       11465   Coal      0     -1  3.6201641e+08      6535.3079  1.8052518e-05      27696.967      53.974     -1
     3     21       11465       14327   Coal      0     -1   5.376273e+08      8628.0887  1.6048457e-05      31155.643      65.348     -1
     3     22       14327       17903   Coal      0     -1  7.8090417e+08      13126.708  1.6809627e-05       29744.86      71.721     -1
     3     23       17903       22372   Coal      0     -1  1.0865586e+09       21678.25  1.9951294e-05      25061.031      80.124     -1
     3     24       22372       27956   Coal      0     -1  1.4288798e+09      32464.013  2.2719904e-05      22007.135      98.242     -1
     3     25       27956       34934   Coal      0     -1  1.7261665e+09      46376.078  2.6866515e-05      18610.527      101.99     -1
     3     26       34934       43654   Coal      0     -1   1.892834e+09      57354.853  3.0301048e-05       16501.08      99.834     -1
     3     27       43654       54551   Coal      0     -1  1.8699745e+09      65375.576  3.4960678e-05      14301.782      103.23     -1
     3     28       54551       68167   Coal      0     -1  1.6192793e+09      60360.161  3.7275941e-05      13413.478      86.115     -1
     3     29       68167       85183   Coal      0     -1  1.3199299e+09      47128.804  3.5705534e-05      14003.431      73.821     -1
     3     30       85183  1.0645e+05   Coal      0     -1  1.2233186e+09      24256.577  1.9828504e-05      25216.225      66.717     -1
     3     31  1.0645e+05  1.3302e+05   Coal      0     -1  1.2191794e+09      23786.148  1.9509966e-05      25627.928      65.905     -1
     3     32  1.3302e+05       1e+99   Coal      0     -1  2.6225998e+09      50867.988  1.9396016e-05       25778.49      52.142     -1
     3     -1           0       1e+99  Delay     -1     -1  2.5915156e+09              0              0              0           1     -1
     3     -1           0       1e+99   LogL     -1     -1              1      -12855427      -12855427              0           1     -1
     3     -1           0       1e+99 Recomb     -1     -1           4554  1.3662005e-05   3.000001e-09              0           1     -1
     3     -1           0       1e+99 Resamp     -1     -1  2.5915156e+09         611312  0.00023588977              0           1     -1
     2      0           0         133   Coal      0     -1      315046.31      71.044475  0.00022550486      2217.2471      1.5313     -1
     2      1         133       166.2   Coal      0     -1       164426.2      2.9380065  1.7868238e-05      27982.614      2.3076     -1
     2      2       166.2      207.68   Coal      0     -1      257104.89      16.303969  6.3413685e-05      7884.7334      2.4505     -1
     2      3      207.68      259.53   Coal      0     -1      399388.72      12.559893   3.144779e-05      15899.368      3.4547     -1
     2      4      259.53      324.31   Coal      0     -1      621596.71      18.221198  2.9313537e-05      17056.966      3.1112     -1
     2      5      324.31      405.26   Coal      0     -1       966657.8      35.055904  3.6265061e-05      13787.375      4.0936     -1
     2      6      405.26      506.42   Coal      0     -1      1494958.8      51.459725  3.4422168e-05      14525.523      4.8414     -1
     2      7      506.42      632.82   Coal      0     -1      2319399.1      111.03746  4.7873373e-05      10444.219       5.812     -1
     2      8      632.82      790.79   Coal      0     -1      3537340.8      323.74798  9.1522982e-05      5463.1087      7.6006     -1
     2      9      790.79      988.18   Coal      0     -1      5322565.2      456.95728  8.5852828e-05        5823.92      8.4447     -1
     2     10      988.18      1234.8   Coal      0     -1      7989811.7      665.64996  8.3312346e-05      6001.5115      9.3611     -1
     2     11      1234.8      1543.1   Coal      0     -1       11890557      918.22406  7.7222963e-05       6474.758      11.885     -1
     2     12      1543.1      1928.2   Coal      0     -1       17612611      1248.6949  7.0897774e-05      7052.4076      13.526     -1
     2     13      1928.2      2409.6   Coal      0     -1       25909866      1695.1301  6.5424119e-05      7642.4414      18.056     -1
     2     14      2409.6        3011   Coal      0     -1       37980203       2253.627  5.9336886e-05      8426.4617      18.806     -1
     2     15        3011      3762.6   Coal      0     -1       55345092      2989.7286   5.401976e-05      9255.8723      18.611     -1
     2     16      3762.6      4701.8   Coal      0     -1       80084626      3966.5135  4.9529026e-05      10095.091      25.405     -1
     2     17      4701.8      5875.5   Coal      0     -1   1.150849e+08      5359.4105  4.6569188e-05      10736.713      31.398     -1
     2     18      5875.5      7342.1   Coal      0     -1  1.6635174e+08      5400.9853   3.246726e-05      15400.129      33.591     -1
     2     19      7342.1      9174.7   Coal      0     -1  2.4503286e+08      5579.2895  2.2769556e-05      21959.146      40.596     -1
     2     20      9174.7       11465   Coal      0     -1  3.6437652e+08      6491.0777  1.7814204e-05       28067.49      51.337     -1
     2     21       11465       14327   Coal      0     -1   5.409383e+08      8516.9769  1.5744821e-05      31756.473      63.214     -1
     2     22       14327       17903   Coal      0     -1   7.871119e+08      12909.224  1.6400748e-05      30486.415      73.853     -1
     2     23       17903       22372   Coal      0     -1  1.0971427e+09      21369.749  1.9477639e-05      25670.463      83.536     -1
     2     24       22372       27956   Coal      0     -1  1.4428046e+09      32197.135  2.2315659e-05      22405.791       95.94     -1
     2     25       27956       34934   Coal      0     -1   1.751459e+09      46406.863  2.6496117e-05       18870.69      105.13     -1
     2     26       34934       43654   Coal      0     -1  1.9221251e+09      57804.854  3.0073409e-05      16625.984      103.69     -1
     2     27       43654       54551   Coal      0     -1  1.8904898e+09       66220.02   3.502797e-05      14274.307       104.6     -1
     2     28       54551       68167   Coal      0     -1  1.6309884e+09       61176.04  3.7508568e-05      13330.288      87.967     -1
     2     29       68167       85183   Coal      0     -1  1.3204033e+09      47858.035  3.6245013e-05      13795.001      75.208     -1
     2     30       85183  1.0645e+05   Coal      0     -1  1.2056617e+09      24387.908  2.0227821e-05      24718.431      65.721     -1
     2     31  1.0645e+05  1.3302e+05   Coal      0     -1  1.1942747e+09      23862.645  1.9980867e-05      25023.939      66.411     -1
     2     32  1.3302e+05       1e+99   Coal      0     -1  2.4919493e+09      49532.522  1.9877019e-05      25154.678      53.407     -1
     2     -1           0       1e+99  Delay     -1     -1  2.5915156e+09              0              0              0           1     -1
     2     -1           0       1e+99   LogL     -1     -1              1      -12855778      -12855778              0           1     -1
     2     -1           0       1e+99 Recomb     -1     -1           4554  1.3662005e-05   3.000001e-09              0           1     -1
     2     -1           0       1e+99 Resamp     -1     -1  2.5915156e+09         608605   0.0002348452              0           1     -1
     1      0           0         133   Coal      0     -1      319074.36      50.829371  0.00015930259       3138.681      1.6038     -1
     1      1         133       166.2   Coal      0     -1      168167.27      2.1688131  1.2896761e-05      38769.424      2.4217     -1
     1      2       166.2      207.68   Coal      0     -1      261029.71      10.180591  3.9001658e-05      12819.968      2.5141     -1
     1      3      207.68      259.53   Coal      0     -1      402124.09      10.141495  2.5219816e-05       19825.68      2.9375     -1
     1      4      259.53      324.31   Coal      0     -1      628099.14      14.007207  2.2300949e-05      22420.571      3.3553     -1
     1      5      324.31      405.26   Coal      0     -1      976027.24      32.811449   3.361735e-05      14873.272      3.9485     -1
     1      6      405.26      506.42   Coal      0     -1      1508223.8      45.242709  2.9997344e-05      16668.142      4.4719     -1
     1      7      506.42      632.82   Coal      0     -1      2324217.3      102.01295  4.3891314e-05      11391.776      5.8304     -1
     1      8      632.82      790.79   Coal      0     -1      3544023.2       276.2788   7.795626e-05      6413.8531      6.5264     -1
     1      9      790.79      988.18   Coal      0     -1      5358813.3      402.82575  7.5170701e-05      6651.5277       7.811     -1
     1     10      988.18      1234.8   Coal      0     -1      8071797.6      603.26338  7.4737179e-05      6690.1107      10.515     -1
     1     11      1234.8      1543.1   Coal      0     -1       12067977      826.99775  6.8528281e-05      7296.2578      12.242     -1
     1     12      1543.1      1928.2   Coal      0     -1       17963883       1134.192  6.3137349e-05      7919.2429      11.729     -1
     1     13      1928.2      2409.6   Coal      0     -1       26523868      1587.6828  5.9858644e-05      8353.0124      15.817     -1
     1     14      2409.6        3011   Coal      0     -1       38932019      2161.3806  5.5516787e-05      9006.2848      18.693     -1
     1     15        3011      3762.6   Coal      0     -1       56678396      2884.5435  5.0893174e-05      9824.5003      22.577     -1
     1     16      3762.6      4701.8   Coal      0     -1       81968987      3927.3553  4.7912698e-05      10435.647      22.917     -1
     1     17      4701.8      5875.5   Coal      0     -1   1.175222e+08      5392.3082  4.5883316e-05      10897.207      30.899     -1
     1     18      5875.5      7342.1   Coal      0     -1  1.6951497e+08      5424.0783  3.1997636e-05      15626.155      36.394     -1
     1     19      7342.1      9174.7   Coal      0     -1  2.4814236e+08      5542.1959  2.2334743e-05      22386.647      42.635     -1
     1     20      9174.7       11465   Coal      0     -1  3.6863885e+08      6409.2711  1.7386315e-05      28758.251      51.218     -1
     1     21       11465       14327   Coal      0     -1  5.4744772e+08      8385.8854  1.5318148e-05      32641.021      66.991     -1
     1     22       14327       17903   Coal      0     -1  7.9577744e+08      12664.406  1.5914507e-05      31417.875      72.692     -1
     1     23       17903       22372   Coal      0     -1  1.1109149e+09      21029.962  1.8930309e-05       26412.67      81.941     -1
     1     24       22372       27956   Coal      0     -1  1.4625258e+09      31922.668   2.182708e-05      22907.324      93.078     -1
     1     25       27956       34934   Coal      0     -1  1.7809455e+09      46471.853  2.6093922e-05       19161.55      104.54     -1
     1     26       34934       43654   Coal      0     -1  1.9595387e+09      58413.924  2.9810038e-05      16772.874       105.8     -1
     1     27       43654       54551   Coal      0     -1  1.9136837e+09      67085.934  3.5055915e-05      14262.928      100.86     -1
     1     28       54551       68167   Coal      0     -1  1.6516634e+09      62405.844  3.7783632e-05      13233.243       89.01     -1
     1     29       68167       85183   Coal      0     -1  1.3175605e+09      48639.825  3.6916579e-05       13544.05       74.93     -1
     1     30       85183  1.0645e+05   Coal      0     -1  1.1904705e+09      24621.703   2.068233e-05      24175.226      66.066     -1
     1     31  1.0645e+05  1.3302e+05   Coal      0     -1  1.1629888e+09      23869.552  2.0524318e-05      24361.345      66.102     -1
     1     32  1.3302e+05       1e+99   Coal      0     -1  2.3486108e+09      48004.076  2.0439349e-05      24462.619      53.405     -1
     1     -1           0       1e+99  Delay     -1     -1  2.5915156e+09              0              0              0           1     -1
     1     -1           0       1e+99   LogL     -1     -1              1      -12856377      -12856377              0           1     -1
     1     -1           0       1e+99 Recomb     -1     -1           4554  1.3662005e-05   3.000001e-09              0           1     -1
     1     -1           0       1e+99 Resamp     -1     -1  2.5915156e+09         606294  0.00023395345              0           1     -1
     0      0           0         133   Coal      0     -1      318604.14      21.194937  6.6524361e-05      7516.0437      1.3953     -1
     0      1         133       166.2   Coal      0     -1      167572.26      1.6489233  9.8400734e-06      50812.629      2.3217     -1
     0      2       166.2      207.68   Coal      0     -1      261503.43      5.8275595   2.228483e-05      22436.787      2.5009     -1
     0      3      207.68      259.53   Coal      0     -1      406681.28      5.6114891  1.3798248e-05      36236.485      2.5422     -1
     0      4      259.53      324.31   Coal      0     -1      626968.27      10.924406  1.7424176e-05      28695.761      3.6384     -1
     0      5      324.31      405.26   Coal      0     -1      972580.48      21.854284  2.2470412e-05      22251.483       3.712     -1
     0      6      405.26      506.42   Coal      0     -1      1511447.2      38.187794  2.5265714e-05      19789.664      6.1063     -1
     0      7      506.42      632.82   Coal      0     -1      2343115.8      85.608186  3.6536045e-05      13685.116      5.9297     -1
     0      8      632.82      790.79   Coal      0     -1      3588266.1      223.59286  6.2312228e-05      8024.1072      6.3822     -1
     0      9      790.79      988.18   Coal      0     -1      5447702.2      329.72895  6.0526243e-05      8260.8795      8.6783     -1
     0     10      988.18      1234.8   Coal      0     -1      8223619.1      484.88767  5.8962808e-05      8479.9218      9.8656     -1
     0     11      1234.8      1543.1   Coal      0     -1       12353524      700.20549  5.6680628e-05      8821.3561      11.059     -1
     0     12      1543.1      1928.2   Coal      0     -1       18440359      991.39616  5.3762303e-05      9300.1969      14.204     -1
     0     13      1928.2      2409.6   Coal      0     -1       27338624      1416.8544  5.1826105e-05      9647.6476      15.032     -1
     0     14      2409.6        3011   Coal      0     -1       40188851      1987.1433  4.9445138e-05      10112.218      19.251     -1
     0     15        3011      3762.6   Coal      0     -1       58544672      2747.8369   4.693573e-05      10652.865      23.969     -1
     0     16      3762.6      4701.8   Coal      0     -1       84647812      3833.2325  4.5284484e-05      11041.309      28.581     -1
     0     17      4701.8      5875.5   Coal      0     -1  1.2077101e+08      5332.8017  4.4156306e-05      11323.411      29.382     -1
     0     18      5875.5      7342.1   Coal      0     -1   1.736201e+08      5393.5656  3.1065329e-05      16095.114      37.206     -1
     0     19      7342.1      9174.7   Coal      0     -1  2.5358744e+08      5493.7467  2.1664112e-05      23079.644      46.603     -1
     0     20      9174.7       11465   Coal      0     -1  3.7565842e+08      6298.5008  1.6766564e-05      29821.257      53.021     -1
     0     21       11465       14327   Coal      0     -1   5.557271e+08      8212.5013  1.4777939e-05      33834.217      61.707     -1
     0     22       14327       17903   Coal      0     -1  8.0893727e+08      12394.781  1.5322301e-05      32632.173      74.107     -1
     0     23       17903       22372   Coal      0     -1  1.1314493e+09      20671.568   1.826999e-05      27367.283       85.45     -1
     0     24       22372       27956   Coal      0     -1  1.4970466e+09      31776.552  2.1226161e-05      23555.838      102.57     -1
     0     25       27956       34934   Coal      0     -1   1.811664e+09      46401.499   2.561264e-05      19521.611      100.33     -1
     0     26       34934       43654   Coal      0     -1  1.9986305e+09      58994.196   2.951731e-05      16939.213      105.15     -1
     0     27       43654       54551   Coal      0     -1  1.9565326e+09      68508.282  3.5015149e-05      14279.534      105.44     -1
     0     28       54551       68167   Coal      0     -1  1.6739024e+09       63754.77  3.8087507e-05      13127.664      91.759     -1
     0     29       68167       85183   Coal      0     -1  1.3226675e+09      49738.529  3.7604711e-05      13296.206      78.003     -1
     0     30       85183  1.0645e+05   Coal      0     -1   1.177977e+09      24995.379  2.1218903e-05      23563.895      67.387     -1
     0     31  1.0645e+05  1.3302e+05   Coal      0     -1  1.1330169e+09      23937.023  2.1126802e-05      23666.621      66.195     -1
     0     32  1.3302e+05       1e+99   Coal      0     -1  2.2073957e+09      46533.544  2.1080744e-05      23718.328      54.886     -1
     0     -1           0       1e+99  Delay     -1     -1  2.5915156e+09              0              0              0           1     -1
     0     -1           0       1e+99   LogL     -1     -1              1      -12857496      -12857496              0           1     -1
     0     -1           0       1e+99 Recomb     -1     -1           4554  1.3662005e-05   3.000001e-09              0           1     -1
     0     -1           0       1e+99 Resamp     -1     -1  2.5915156e+09         603421  0.00023284483              0           1     -1
