  Iter  Epoch       Start         End   Type   From     To            Opp          Count           Rate             Ne         ESS  Clump
    10      0           0         133   Coal      0     -1      330453.01       32.54765  9.8494033e-05      5076.4497      1.6686     -1
    10      1         133       166.2   Coal      0     -1      178248.91      1.6995174  9.5345177e-06      52441.038      2.4154     -1
    10      2       166.2      207.68   Coal      0     -1      279545.45      1.4757687  5.2791727e-06      94711.809      3.0221     -1
    10      3      207.68      259.53   Coal      0     -1      434702.85      1.2961157  2.9816131e-06      167694.46      3.8046     -1
    10      4      259.53      324.31   Coal      0     -1      673272.38      1.2325968  1.8307551e-06      273111.35      4.2293     -1
    10      5      324.31      405.26   Coal      0     -1        1046348      6.7824247   6.481997e-06      77136.722      5.1143     -1
    10      6      405.26      506.42   Coal      0     -1      1625531.6      52.909005  3.2548739e-05      15361.578      5.8052     -1
    10      7      506.42      632.82   Coal      0     -1      2512680.8      103.82502   4.132042e-05      12100.555      6.2743     -1
    10      8      632.82      790.79   Coal      0     -1      3823818.4      398.58201  0.00010423665      4796.7774      7.7343     -1
    10      9      790.79      988.18   Coal      0     -1      5703592.4      816.43578  0.00014314413      3492.9829      9.2788     -1
    10     10      988.18      1234.8   Coal      0     -1      8233397.8        1511.03  0.00018352447      2724.4323      9.9145     -1
    10     11      1234.8      1543.1   Coal      0     -1       11519191         2266.7  0.00019677598      2540.9606      12.947     -1
    10     12      1543.1      1928.2   Coal      0     -1       15903423      2709.0562  0.00017034422      2935.2331      13.003     -1
    10     13      1928.2      2409.6   Coal      0     -1       21953040        3191.05    0.000145358      3439.7832      14.226     -1
    10     14      2409.6        3011   Coal      0     -1       30657261        3317.01  0.00010819655      4621.2192       19.19     -1
    10     15        3011      3762.6   Coal      0     -1       43672121        3627.16  8.3054359e-05      6020.1536      20.439     -1
    10     16      3762.6      4701.8   Coal      0     -1       62865322        3960.68   6.300262e-05      7936.1778      26.742     -1
    10     17      4701.8      5875.5   Coal      0     -1       90833551        4750.63  5.2300388e-05      9560.1585      29.527     -1
    10     18      5875.5      7342.1   Coal      0     -1  1.3375143e+08        4423.44  3.3072094e-05      15118.486      38.749     -1
    10     19      7342.1      9174.7   Coal      0     -1   2.001126e+08      4474.4198  2.2359511e-05      22361.849      44.633     -1
    10     20      9174.7       11465   Coal      0     -1  3.0318454e+08      5428.5388  1.7905065e-05      27925.059      59.863     -1
    10     21       11465       14327   Coal      0     -1  4.5239349e+08        7513.21  1.6607688e-05      30106.538      62.775     -1
    10     22       14327       17903   Coal      0     -1  6.6148937e+08       11674.82  1.7649293e-05      28329.746      82.778     -1
    10     23       17903       22372   Coal      0     -1  9.1765034e+08       19424.79  2.1167965e-05      23620.599      89.404     -1
    10     24       22372       27956   Coal      0     -1  1.2042545e+09       28261.59  2.3468121e-05      21305.498       106.4     -1
    10     25       27956       34934   Coal      0     -1  1.4458926e+09       40078.69  2.7718994e-05      18038.172      101.83     -1
    10     26       34934       43654   Coal      0     -1   1.600654e+09       48536.57  3.0322961e-05      16489.155      107.63     -1
    10     27       43654       54551   Coal      0     -1  1.6013307e+09       54281.68  3.3897857e-05      14750.195      102.56     -1
    10     28       54551       68167   Coal      0     -1  1.4215768e+09       50978.74  3.5860701e-05       13942.84      84.367     -1
    10     29       68167       85183   Coal      0     -1  1.1884134e+09       40049.17  3.3699695e-05       14836.93      70.834     -1
    10     30       85183  1.0645e+05   Coal      0     -1  1.1423731e+09       20881.84  1.8279352e-05      27353.267      64.691     -1
    10     31  1.0645e+05  1.3302e+05   Coal      0     -1  1.1828566e+09       21125.97  1.7860127e-05      27995.321       66.51     -1
    10     32  1.3302e+05       1e+99   Coal      0     -1  2.8339777e+09       50271.48  1.7738841e-05      28186.734      53.698     -1
    10     -1           0       1e+99  Delay     -1     -1   2.593446e+09              0              0              0           1     -1
    10     -1           0       1e+99   LogL     -1     -1              1      -11228301      -11228301              0           1     -1
    10     -1           0       1e+99 Recomb     -1     -1           4356  1.3068005e-05  3.0000011e-09              0           1     -1
    10     -1           0       1e+99 Resamp     -1     -1   2.593446e+09         531135  0.00020479894              0           1     -1
     9      0           0         133   Coal      0     -1      340089.86      38.909382  0.00011440912       4370.281      1.6852     -1
     9      1         133       166.2   Coal      0     -1      177546.65      2.4841245   1.399139e-05      35736.262      2.6436     -1
     9      2       166.2      207.68   Coal      0     -1      276568.18      1.5138578  5.4737237e-06      91345.495      3.2632     -1
     9      3      207.68      259.53   Coal      0     -1      431267.86     0.96055062  2.2272715e-06      224489.92      3.4048     -1
     9      4      259.53      324.31   Coal      0     -1      669854.82      2.0150962  3.0082582e-06      166209.14      4.1186     -1
     9      5      324.31      405.26   Coal      0     -1      1043519.4      8.4209215  8.0697317e-06      61959.929      4.5123     -1
     9      6      405.26      506.42   Coal      0     -1      1623225.7      54.835918  3.3782067e-05      14800.752      5.6895     -1
     9      7      506.42      632.82   Coal      0     -1      2507759.1      107.28204  4.2780042e-05      11687.693      6.6251     -1
     9      8      632.82      790.79   Coal      0     -1      3820208.6      410.52744  0.00010746205      4652.8055      7.9315     -1
     9      9      790.79      988.18   Coal      0     -1      5683014.1      828.46526   0.0001457792      3429.8446      9.1424     -1
     9     10      988.18      1234.8   Coal      0     -1        8203937      1502.9193  0.00018319489      2729.3338       10.27     -1
     9     11      1234.8      1543.1   Coal      0     -1       11483645        2240.97  0.00019514449      2562.2041      12.803     -1
     9     12      1543.1      1928.2   Coal      0     -1       15918719        2670.66  0.00016776853      2980.2968      13.309     -1
     9     13      1928.2      2409.6   Coal      0     -1       22040164        3137.48  0.00014235284      3512.3992      15.159     -1
     9     14      2409.6        3011   Coal      0     -1       30854844        3303.35  0.00010706098      4670.2354      19.239     -1
     9     15        3011      3762.6   Coal      0     -1       43906643        3627.35  8.2615062e-05      6052.1652      22.005     -1
     9     16      3762.6      4701.8   Coal      0     -1       63114704         4013.1  6.3584232e-05      7863.5848      26.925     -1
     9     17      4701.8      5875.5   Coal      0     -1       91089945      4813.7949  5.2846612e-05      9461.3445      30.709     -1
     9     18      5875.5      7342.1   Coal      0     -1  1.3376163e+08        4465.25  3.3382143e-05      14978.068      38.631     -1
     9     19      7342.1      9174.7   Coal      0     -1  2.0003921e+08      4532.8988  2.2660051e-05      22065.263      45.976     -1
     9     20      9174.7       11465   Coal      0     -1  3.0241834e+08      5448.1105  1.8015146e-05      27754.424      58.369     -1
     9     21       11465       14327   Coal      0     -1  4.5161294e+08        7479.66  1.6562103e-05      30189.403      62.469     -1
     9     22       14327       17903   Coal      0     -1  6.6091739e+08       11599.59  1.7550741e-05      28488.826      82.101     -1
     9     23       17903       22372   Coal      0     -1   9.178507e+08       19248.88   2.097169e-05      23841.665      88.106     -1
     9     24       22372       27956   Coal      0     -1  1.2068451e+09       28153.98  2.3328578e-05      21432.939      107.44     -1
     9     25       27956       34934   Coal      0     -1  1.4527265e+09       40005.58  2.7538275e-05      18156.548      104.75     -1
     9     26       34934       43654   Coal      0     -1  1.6112341e+09       48759.84  3.0262417e-05      16522.143      110.57     -1
     9     27       43654       54551   Coal      0     -1   1.604622e+09       54541.32  3.3990136e-05       14710.15      103.69     -1
     9     28       54551       68167   Coal      0     -1  1.4233183e+09       51132.12  3.5924587e-05      13918.045      86.989     -1
     9     29       68167       85183   Coal      0     -1  1.1908108e+09       40292.52  3.3836205e-05      14777.071       73.69     -1
     9     30       85183  1.0645e+05   Coal      0     -1  1.1387924e+09       20934.13  1.8382744e-05      27199.421      68.103     -1
     9     31  1.0645e+05  1.3302e+05   Coal      0     -1  1.1741949e+09       21129.61  1.7994977e-05      27785.532      68.832     -1
     9     32  1.3302e+05       1e+99   Coal      0     -1  2.7987743e+09        50109.7  1.7904159e-05      27926.472      57.742     -1
     9     -1           0       1e+99  Delay     -1     -1   2.593446e+09              0              0              0           1     -1
     9     -1           0       1e+99   LogL     -1     -1              1      -11228403      -11228403              0           1     -1
     9     -1           0       1e+99 Recomb     -1     -1           4356  1.3068005e-05  3.0000011e-09              0           1     -1
     9     -1           0       1e+99 Resamp     -1     -1   2.593446e+09         530566  0.00020457954              0           1     -1
     8      0           0         133   Coal      0     -1      329832.11      34.524264  0.00010467223      4776.8159      1.7004     -1
     8      1         133       166.2   Coal      0     -1      175307.49      2.6301313   1.500296e-05      33326.757      2.5796     -1
     8      2       166.2      207.68   Coal      0     -1       275073.4     0.69118276  2.5127212e-06      198987.46      2.8446     -1
     8      3      207.68      259.53   Coal      0     -1      428185.51      1.6847097  3.9345322e-06      127079.91      3.2741     -1
     8      4      259.53      324.31   Coal      0     -1      670552.14      2.1150316  3.1541642e-06       158520.6      4.0632     -1
     8      5      324.31      405.26   Coal      0     -1      1042759.9      7.4413829  7.1362383e-06      70064.925      4.4641     -1
     8      6      405.26      506.42   Coal      0     -1      1622273.3      58.421049  3.6011841e-05      13884.322       5.755     -1
     8      7      506.42      632.82   Coal      0     -1      2511681.3      113.01768  4.4996822e-05      11111.896      6.6617     -1
     8      8      632.82      790.79   Coal      0     -1        3818830      421.27418  0.00011031499      4532.4757        7.94     -1
     8      9      790.79      988.18   Coal      0     -1      5658476.1      839.97267  0.00014844503      3368.2501      8.9055     -1
     8     10      988.18      1234.8   Coal      0     -1      8178431.7      1472.0791  0.00017999528      2777.8506      10.111     -1
     8     11      1234.8      1543.1   Coal      0     -1       11479232        2184.76  0.00019032284       2627.115      12.842     -1
     8     12      1543.1      1928.2   Coal      0     -1       15962948        2624.58    0.000164417      3041.0481      13.307     -1
     8     13      1928.2      2409.6   Coal      0     -1       22160101           3065  0.00013831164      3615.0246      15.282     -1
     8     14      2409.6        3011   Coal      0     -1       31051032        3296.17  0.00010615332      4710.1684      18.503     -1
     8     15        3011      3762.6   Coal      0     -1       44184888        3632.38  8.2208651e-05       6082.085      22.593     -1
     8     16      3762.6      4701.8   Coal      0     -1       63297950        4051.93  6.4013605e-05      7810.8395      27.803     -1
     8     17      4701.8      5875.5   Coal      0     -1       91257140        4869.79  5.3363386e-05      9369.7203      32.345     -1
     8     18      5875.5      7342.1   Coal      0     -1  1.3374114e+08      4525.4311   3.383724e-05      14776.619      37.777     -1
     8     19      7342.1      9174.7   Coal      0     -1  1.9976248e+08      4581.5638  2.2935057e-05      21800.687       46.63     -1
     8     20      9174.7       11465   Coal      0     -1  3.0198647e+08      5478.3122  1.8140919e-05      27561.999      59.061     -1
     8     21       11465       14327   Coal      0     -1  4.5177058e+08           7446  1.6481817e-05      30336.461      67.956     -1
     8     22       14327       17903   Coal      0     -1   6.609406e+08       11525.12  1.7437452e-05      28673.914      82.849     -1
     8     23       17903       22372   Coal      0     -1   9.190168e+08       19079.08  2.0760317e-05      24084.411      87.712     -1
     8     24       22372       27956   Coal      0     -1  1.2100751e+09       28064.47  2.3192337e-05      21558.845      104.46     -1
     8     25       27956       34934   Coal      0     -1  1.4575971e+09       39886.61  2.7364633e-05      18271.759      102.11     -1
     8     26       34934       43654   Coal      0     -1  1.6186968e+09       48955.05  3.0243496e-05       16532.48      110.65     -1
     8     27       43654       54551   Coal      0     -1  1.6084988e+09       54778.82  3.4055865e-05      14681.759      102.28     -1
     8     28       54551       68167   Coal      0     -1  1.4263359e+09       51341.03  3.5995049e-05      13890.799      86.115     -1
     8     29       68167       85183   Coal      0     -1  1.1858976e+09       40337.15  3.4014024e-05      14699.819      72.341     -1
     8     30       85183  1.0645e+05   Coal      0     -1  1.1338265e+09       20971.76  1.8496446e-05      27032.221      67.114     -1
     8     31  1.0645e+05  1.3302e+05   Coal      0     -1  1.1663874e+09       21172.63  1.8152313e-05      27544.699      66.738     -1
     8     32  1.3302e+05       1e+99   Coal      0     -1  2.7286509e+09       49401.04  1.8104566e-05      27617.343        53.2     -1
     8     -1           0       1e+99  Delay     -1     -1   2.593446e+09              0              0              0           1     -1
     8     -1           0       1e+99   LogL     -1     -1              1      -11228386      -11228386              0           1     -1
     8     -1           0       1e+99 Recomb     -1     -1           4356  1.3068005e-05  3.0000011e-09              0           1     -1
     8     -1           0       1e+99 Resamp     -1     -1   2.593446e+09         530311  0.00020448122              0           1     -1
     7      0           0         133   Coal      0     -1      328523.76      33.836363  0.00010299518      4854.5962      1.7067     -1
     7      1         133       166.2   Coal      0     -1      177521.53       2.823814  1.5906882e-05      31432.937      2.6498     -1
     7      2       166.2      207.68   Coal      0     -1       275536.1      2.0789766  7.5452057e-06      66267.246      3.0152     -1
     7      3      207.68      259.53   Coal      0     -1      430893.73      2.2018321  5.1099191e-06      97848.907      3.5831     -1
     7      4      259.53      324.31   Coal      0     -1      668825.89      2.2696803  3.3935294e-06      147339.23      4.6439     -1
     7      5      324.31      405.26   Coal      0     -1        1044467      7.5804577  7.2577281e-06      68892.082      4.4589     -1
     7      6      405.26      506.42   Coal      0     -1      1627085.6      63.937101  3.9295476e-05      12724.111      5.7321     -1
     7      7      506.42      632.82   Coal      0     -1      2509055.8      122.67798  4.8894082e-05      10226.186       6.706     -1
     7      8      632.82      790.79   Coal      0     -1      3809745.5      445.38149  0.00011690584      4276.9464      7.5695     -1
     7      9      790.79      988.18   Coal      0     -1      5649383.4      843.19304  0.00014925399      3349.9941       9.536     -1
     7     10      988.18      1234.8   Coal      0     -1      8153363.8      1463.1067  0.00017944823      2786.3189      8.9327     -1
     7     11      1234.8      1543.1   Coal      0     -1       11454821        2103.37  0.00018362312      2722.9686      12.309     -1
     7     12      1543.1      1928.2   Coal      0     -1       15936007         2531.9  0.00015887919      3147.0452      13.343     -1
     7     13      1928.2      2409.6   Coal      0     -1       22240646        2981.71   0.0001340658      3729.5119      15.345     -1
     7     14      2409.6        3011   Coal      0     -1       31293629        3261.74  0.00010423016       4797.076      18.402     -1
     7     15        3011      3762.6   Coal      0     -1       44519385        3639.77  8.1756969e-05      6115.6866      20.596     -1
     7     16      3762.6      4701.8   Coal      0     -1       63780206        4102.86  6.4328109e-05       7772.652      27.632     -1
     7     17      4701.8      5875.5   Coal      0     -1       91777158      4957.0693  5.4012016e-05      9257.1994      33.599     -1
     7     18      5875.5      7342.1   Coal      0     -1  1.3407224e+08      4595.3242  3.4274986e-05      14587.898       37.37     -1
     7     19      7342.1      9174.7   Coal      0     -1  1.9992767e+08      4635.6004  2.3186387e-05      21564.377      45.762     -1
     7     20      9174.7       11465   Coal      0     -1  3.0140693e+08        5505.15  1.8264842e-05      27374.997      52.786     -1
     7     21       11465       14327   Coal      0     -1   4.513828e+08      7427.4753  1.6454936e-05      30386.018      64.468     -1
     7     22       14327       17903   Coal      0     -1  6.6050518e+08       11451.21  1.7337048e-05      28839.973      80.829     -1
     7     23       17903       22372   Coal      0     -1  9.2052678e+08       18906.92  2.0539239e-05      24343.647       89.51     -1
     7     24       22372       27956   Coal      0     -1  1.2157147e+09       28047.73  2.3070981e-05      21672.247      110.83     -1
     7     25       27956       34934   Coal      0     -1  1.4686397e+09       39880.57  2.7154767e-05      18412.973      109.72     -1
     7     26       34934       43654   Coal      0     -1  1.6198995e+09       48919.69  3.0199213e-05      16556.723      107.02     -1
     7     27       43654       54551   Coal      0     -1  1.6148915e+09       55142.71  3.4146387e-05      14642.838      103.39     -1
     7     28       54551       68167   Coal      0     -1  1.4287983e+09       51570.97  3.6093946e-05      13852.739       87.32     -1
     7     29       68167       85183   Coal      0     -1   1.187689e+09        40612.2  3.4194304e-05      14622.318      73.346     -1
     7     30       85183  1.0645e+05   Coal      0     -1  1.1294485e+09       21048.41  1.8636006e-05      26829.783       67.28     -1
     7     31  1.0645e+05  1.3302e+05   Coal      0     -1  1.1561161e+09       21231.81  1.8364774e-05      27226.036       67.47     -1
     7     32  1.3302e+05       1e+99   Coal      0     -1   2.656384e+09       48682.78  1.8326711e-05      27282.583      55.215     -1
     7     -1           0       1e+99  Delay     -1     -1   2.593446e+09              0              0              0           1     -1
     7     -1           0       1e+99   LogL     -1     -1              1      -11228443      -11228443              0           1     -1
     7     -1           0       1e+99 Recomb     -1     -1           4356  1.3068005e-05  3.0000011e-09              0           1     -1
     7     -1           0       1e+99 Resamp     -1     -1   2.593446e+09         529785   0.0002042784              0           1     -1
     6      0           0         133   Coal      0     -1      336982.24      27.110526  8.0450905e-05      6214.9705      1.7581     -1
     6      1         133       166.2   Coal      0     -1      179952.97      2.1781351  1.2103913e-05      41308.955      2.6392     -1
     6      2       166.2      207.68   Coal      0     -1      278639.91      2.6069123  9.3558468e-06      53442.517      3.1712     -1
     6      3      207.68      259.53   Coal      0     -1      433316.84      2.4177627  5.5796647e-06      89611.119      3.3586     -1
     6      4      259.53      324.31   Coal      0     -1      672242.15      3.1781512  4.7276881e-06      105759.94      4.1242     -1
     6      5      324.31      405.26   Coal      0     -1      1048257.8      10.902299  1.0400398e-05      48075.084      4.4899     -1
     6      6      405.26      506.42   Coal      0     -1      1635531.7      67.585716  4.1323392e-05      12099.684      5.4923     -1
     6      7      506.42      632.82   Coal      0     -1      2517866.8      128.60007  5.1075007e-05      9789.5238       6.332     -1
     6      8      632.82      790.79   Coal      0     -1      3810653.9      457.89342  0.00012016138      4161.0708      7.4712     -1
     6      9      790.79      988.18   Coal      0     -1      5635489.4      841.59109  0.00014933771      3348.1161      8.7453     -1
     6     10      988.18      1234.8   Coal      0     -1      8152789.4         1417.8  0.00017390367       2875.155       9.092     -1
     6     11      1234.8      1543.1   Coal      0     -1       11532904        2035.33  0.00017648027      2833.1779       12.47     -1
     6     12      1543.1      1928.2   Coal      0     -1       16141617        2474.18  0.00015327956      3262.0135      12.662     -1
     6     13      1928.2      2409.6   Coal      0     -1       22528626         2909.6  0.00012915124      3871.4302      15.226     -1
     6     14      2409.6        3011   Coal      0     -1       31641458        3205.32  0.00010130128       4935.772      19.165     -1
     6     15        3011      3762.6   Coal      0     -1       44966465        3610.93  8.0302732e-05      6226.4382      20.624     -1
     6     16      3762.6      4701.8   Coal      0     -1       64354387        4150.28  6.4491019e-05      7753.0176      26.769     -1
     6     17      4701.8      5875.5   Coal      0     -1       92315834        5029.66  5.4483178e-05      9177.1446      32.888     -1
     6     18      5875.5      7342.1   Coal      0     -1  1.3462985e+08       4676.635  3.4736985e-05       14393.88      39.701     -1
     6     19      7342.1      9174.7   Coal      0     -1  2.0021844e+08        4692.88    2.34388e-05       21332.15      45.777     -1
     6     20      9174.7       11465   Coal      0     -1  3.0153294e+08      5523.8992  1.8319389e-05      27293.487      51.643     -1
     6     21       11465       14327   Coal      0     -1  4.5140281e+08      7396.3102  1.6385166e-05      30515.406      63.571     -1
     6     22       14327       17903   Coal      0     -1  6.6110971e+08        11365.7  1.7191852e-05      29083.545      79.368     -1
     6     23       17903       22372   Coal      0     -1  9.2245446e+08       18749.59  2.0325762e-05      24599.323      88.886     -1
     6     24       22372       27956   Coal      0     -1  1.2178677e+09       27975.84  2.2971165e-05      21766.419       108.2     -1
     6     25       27956       34934   Coal      0     -1  1.4696624e+09       39698.82  2.7012204e-05      18510.152      103.33     -1
     6     26       34934       43654   Coal      0     -1  1.6289407e+09        49089.8  3.0136027e-05      16591.437      106.24     -1
     6     27       43654       54551   Coal      0     -1  1.6179143e+09       55414.91  3.4250831e-05      14598.186      101.07     -1
     6     28       54551       68167   Coal      0     -1  1.4325291e+09       51914.22  3.6239556e-05      13797.078      86.551     -1
     6     29       68167       85183   Coal      0     -1  1.1810963e+09       40677.43  3.4440401e-05      14517.833       71.71     -1
     6     30       85183  1.0645e+05   Coal      0     -1  1.1314038e+09       21295.87   1.882252e-05      26563.925      69.326     -1
     6     31  1.0645e+05  1.3302e+05   Coal      0     -1  1.1402073e+09        21201.2  1.8594162e-05       26890.16      67.239     -1
     6     32  1.3302e+05       1e+99   Coal      0     -1  2.5796588e+09       47934.32  1.8581651e-05      26908.265      56.209     -1
     6     -1           0       1e+99  Delay     -1     -1   2.593446e+09              0              0              0           1     -1
     6     -1           0       1e+99   LogL     -1     -1              1      -11228523      -11228523              0           1     -1
     6     -1           0       1e+99 Recomb     -1     -1           4356  1.3068005e-05  3.0000011e-09              0           1     -1
     6     -1           0       1e+99 Resamp     -1     -1   2.593446e+09         529976  0.00020435205              0           1     -1
     5      0           0         133   Coal      0     -1         323352      22.785126  7.0465395e-05      7095.6815      1.8334     -1
     5      1         133       166.2   Coal      0     -1       175732.3      2.3567441   1.341099e-05      37282.855      2.6155     -1
     5      2       166.2      207.68   Coal      0     -1       279159.3     0.91174626   3.266043e-06      153090.45      3.1928     -1
     5      3      207.68      259.53   Coal      0     -1       435726.2      2.4544161   5.632932e-06       88763.72      3.5312     -1
     5      4      259.53      324.31   Coal      0     -1      678963.97      4.6201636  6.8047257e-06      73478.347      4.0343     -1
     5      5      324.31      405.26   Coal      0     -1      1048694.2      14.908964  1.4216693e-05      35169.922      4.9329     -1
     5      6      405.26      506.42   Coal      0     -1      1625446.2      72.205984  4.4422254e-05       11255.62       5.691     -1
     5      7      506.42      632.82   Coal      0     -1        2502681      135.95357  5.4323173e-05      9204.1751      6.1852     -1
     5      8      632.82      790.79   Coal      0     -1      3800576.2      469.41973  0.00012351278      4048.1641      7.5427     -1
     5      9      790.79      988.18   Coal      0     -1      5622391.1      848.58522   0.0001509296      3312.8028      9.1521     -1
     5     10      988.18      1234.8   Coal      0     -1      8157381.4        1350.92  0.00016560707      3019.1949      9.3157     -1
     5     11      1234.8      1543.1   Coal      0     -1       11559351        1938.79  0.00016772481      2981.0736      12.511     -1
     5     12      1543.1      1928.2   Coal      0     -1       16203255        2338.28  0.00014430928      3464.7807      14.432     -1
     5     13      1928.2      2409.6   Coal      0     -1       22774546         2808.8  0.00012333067      4054.1416      15.146     -1
     5     14      2409.6        3011   Coal      0     -1       32127057        3145.08  9.7895054e-05      5107.5103       17.58     -1
     5     15        3011      3762.6   Coal      0     -1       45683909        3619.69  7.9233368e-05      6310.4726      20.601     -1
     5     16      3762.6      4701.8   Coal      0     -1       65177978        4201.76  6.4465945e-05       7756.033      26.831     -1
     5     17      4701.8      5875.5   Coal      0     -1       93153464        5117.17  5.4932686e-05       9102.049      30.892     -1
     5     18      5875.5      7342.1   Coal      0     -1  1.3554212e+08       4758.571  3.5107692e-05      14241.893      38.268     -1
     5     19      7342.1      9174.7   Coal      0     -1  2.0096318e+08      4765.5218  2.3713408e-05      21085.118      44.546     -1
     5     20      9174.7       11465   Coal      0     -1  3.0259114e+08        5567.28  1.8398688e-05       27175.85      55.129     -1
     5     21       11465       14327   Coal      0     -1  4.5244483e+08      7374.9261  1.6300167e-05      30674.533      64.581     -1
     5     22       14327       17903   Coal      0     -1  6.6128874e+08       11271.56  1.7044839e-05      29334.393      74.473     -1
     5     23       17903       22372   Coal      0     -1  9.2684959e+08       18605.77  2.0074206e-05      24907.585      92.117     -1
     5     24       22372       27956   Coal      0     -1    1.21821e+09       27815.18  2.2832828e-05      21898.295      99.993     -1
     5     25       27956       34934   Coal      0     -1  1.4779862e+09       39630.16   2.681362e-05       18647.24      102.65     -1
     5     26       34934       43654   Coal      0     -1  1.6394215e+09       49295.95  3.0069113e-05      16628.359      106.28     -1
     5     27       43654       54551   Coal      0     -1   1.626036e+09        55860.9  3.4354037e-05       14554.33      101.37     -1
     5     28       54551       68167   Coal      0     -1  1.4358045e+09       52310.89  3.6433157e-05      13723.763      87.707     -1
     5     29       68167       85183   Coal      0     -1  1.1817898e+09       41011.19  3.4702609e-05      14408.139      72.918     -1
     5     30       85183  1.0645e+05   Coal      0     -1  1.1213792e+09       21379.23   1.906512e-05      26225.904      67.365     -1
     5     31  1.0645e+05  1.3302e+05   Coal      0     -1  1.1227015e+09       21164.05  1.8851003e-05      26523.788      64.345     -1
     5     32  1.3302e+05       1e+99   Coal      0     -1  2.4962161e+09       47087.43  1.8863523e-05      26506.183      53.315     -1
     5     -1           0       1e+99  Delay     -1     -1   2.593446e+09              0              0              0           1     -1
     5     -1           0       1e+99   LogL     -1     -1              1      -11228727      -11228727              0           1     -1
     5     -1           0       1e+99 Recomb     -1     -1           4356  1.3068005e-05  3.0000011e-09              0           1     -1
     5     -1           0       1e+99 Resamp     -1     -1   2.593446e+09         530120  0.00020440757              0           1     -1
     4      0           0         133   Coal      0     -1      329385.26      23.215635  7.0481707e-05      7094.0393       1.734     -1
     4      1         133       166.2   Coal      0     -1      177136.62      1.1443618  6.4603344e-06      77395.374      2.6364     -1
     4      2       166.2      207.68   Coal      0     -1      274034.31      1.5431535  5.6312421e-06      88790.357      3.2434     -1
     4      3      207.68      259.53   Coal      0     -1       427137.4      3.9204445  9.1784155e-06      54475.633       3.593     -1
     4      4      259.53      324.31   Coal      0     -1      670742.13      4.3484767  6.4830827e-06      77123.804      3.6811     -1
     4      5      324.31      405.26   Coal      0     -1      1050041.1      18.884367  1.7984407e-05      27801.862      4.5715     -1
     4      6      405.26      506.42   Coal      0     -1        1627740      74.057842  4.5497342e-05      10989.653      5.4956     -1
     4      7      506.42      632.82   Coal      0     -1        2512426       143.0426  5.6934053e-05      8782.0903      5.8811     -1
     4      8      632.82      790.79   Coal      0     -1      3810086.7      473.96076  0.00012439632      4019.4115      7.7505     -1
     4      9      790.79      988.18   Coal      0     -1      5625677.7      820.32576  0.00014581812      3428.9291      8.6296     -1
     4     10      988.18      1234.8   Coal      0     -1      8168518.2      1293.8685  0.00015839697       3156.626      8.5618     -1
     4     11      1234.8      1543.1   Coal      0     -1       11609681      1833.3217  0.00015791319      3166.2967      11.813     -1
     4     12      1543.1      1928.2   Coal      0     -1       16366758         2216.6  0.00013543305      3691.8609      16.155     -1
     4     13      1928.2      2409.6   Coal      0     -1       23105020        2694.71  0.00011662876       4287.107      14.437     -1
     4     14      2409.6        3011   Coal      0     -1       32674261        3055.04  9.3499897e-05      5347.5995      17.424     -1
     4     15        3011      3762.6   Coal      0     -1       46479764        3586.84  7.7169927e-05      6479.2079      22.749     -1
     4     16      3762.6      4701.8   Coal      0     -1       66176605        4230.74  6.3931053e-05      7820.9255      25.747     -1
     4     17      4701.8      5875.5   Coal      0     -1       94414988        5223.06  5.5320242e-05      9038.2829      32.459     -1
     4     18      5875.5      7342.1   Coal      0     -1  1.3665329e+08        4837.48   3.539966e-05      14124.429      36.237     -1
     4     19      7342.1      9174.7   Coal      0     -1  2.0264522e+08      4834.3241  2.3856098e-05      20959.002      48.355     -1
     4     20      9174.7       11465   Coal      0     -1  3.0361632e+08        5592.82  1.8420683e-05      27143.402      53.699     -1
     4     21       11465       14327   Coal      0     -1  4.5314553e+08      7329.7385  1.6175242e-05      30911.439      61.103     -1
     4     22       14327       17903   Coal      0     -1  6.6233215e+08      11131.301  1.6806222e-05      29750.886      68.261     -1
     4     23       17903       22372   Coal      0     -1  9.3028986e+08       18467.29  1.9851114e-05      25187.503      87.539     -1
     4     24       22372       27956   Coal      0     -1  1.2250025e+09       27649.43  2.2570917e-05        22152.4      96.172     -1
     4     25       27956       34934   Coal      0     -1  1.4943788e+09       39720.69  2.6580069e-05      18811.088      104.54     -1
     4     26       34934       43654   Coal      0     -1  1.6534429e+09       49587.43   2.999041e-05      16671.996      104.66     -1
     4     27       43654       54551   Coal      0     -1  1.6360146e+09       56377.46  3.4460242e-05      14509.475      100.38     -1
     4     28       54551       68167   Coal      0     -1   1.437787e+09       52733.89  3.6677122e-05      13632.476      87.034     -1
     4     29       68167       85183   Coal      0     -1  1.1763179e+09       41285.65  3.5097358e-05      14246.087      72.726     -1
     4     30       85183  1.0645e+05   Coal      0     -1  1.1106884e+09        21535.8  1.9389597e-05      25787.024      68.317     -1
     4     31  1.0645e+05  1.3302e+05   Coal      0     -1    1.10081e+09       21089.58  1.9158237e-05      26098.434      65.212     -1
     4     32  1.3302e+05       1e+99   Coal      0     -1  2.4003229e+09       46054.84  1.9186935e-05      26059.399      55.596     -1
     4     -1           0       1e+99  Delay     -1     -1   2.593446e+09              0              0              0           1     -1
     4     -1           0       1e+99   LogL     -1     -1              1      -11228880      -11228880              0           1     -1
     4     -1           0       1e+99 Recomb     -1     -1           4356  1.3068005e-05  3.0000011e-09              0           1     -1
     4     -1           0       1e+99 Resamp     -1     -1   2.593446e+09         531110   0.0002047893              0           1     -1
     3      0           0         133   Coal      0     -1      335445.95      23.719258  7.0709628e-05      7071.1729      1.7211     -1
     3      1         133       166.2   Coal      0     -1       180709.2     0.82479374  4.5642045e-06      109548.12      2.6544     -1
     3      2       166.2      207.68   Coal      0     -1      280097.17      1.2648505   4.515756e-06      110723.43      2.6928     -1
     3      3      207.68      259.53   Coal      0     -1      430811.95      4.3825827  1.0172844e-05      49150.464      3.3972     -1
     3      4      259.53      324.31   Coal      0     -1      671828.54      5.6636261  8.4301659e-06      59310.814       3.732     -1
     3      5      324.31      405.26   Coal      0     -1        1045390      20.132938  1.9258782e-05      25962.181      4.4155     -1
     3      6      405.26      506.42   Coal      0     -1      1624699.1      74.188973  4.5663209e-05      10949.734      5.4678     -1
     3      7      506.42      632.82   Coal      0     -1        2512870      147.42218  5.8666854e-05      8522.7001       5.802     -1
     3      8      632.82      790.79   Coal      0     -1      3815319.1      457.72043  0.00011996911      4167.7395       7.052     -1
     3      9      790.79      988.18   Coal      0     -1      5665488.5      755.75437  0.00013339615       3748.234      9.0507     -1
     3     10      988.18      1234.8   Coal      0     -1      8245689.2      1211.6509  0.00014694355      3402.6671      9.6282     -1
     3     11      1234.8      1543.1   Coal      0     -1       11788849      1696.1079  0.00014387392       3475.265      11.021     -1
     3     12      1543.1      1928.2   Coal      0     -1       16703904         2084.7  0.00012480316      4006.3088      14.155     -1
     3     13      1928.2      2409.6   Coal      0     -1       23641889        2534.62  0.00010720886      4663.7936       16.52     -1
     3     14      2409.6        3011   Coal      0     -1       33549291        2941.08  8.7664446e-05      5703.5665      17.713     -1
     3     15        3011      3762.6   Coal      0     -1       47677261        3530.66  7.4053331e-05      6751.8908      23.443     -1
     3     16      3762.6      4701.8   Coal      0     -1       67801034        4253.49  6.2734884e-05      7970.0474      25.576     -1
     3     17      4701.8      5875.5   Coal      0     -1       96265400        5314.52  5.5206959e-05      9056.8292      31.292     -1
     3     18      5875.5      7342.1   Coal      0     -1   1.386381e+08        4919.07  3.5481373e-05      14091.901      36.305     -1
     3     19      7342.1      9174.7   Coal      0     -1   2.043381e+08      4888.3533  2.3922867e-05      20900.505      44.966     -1
     3     20      9174.7       11465   Coal      0     -1  3.0586068e+08        5624.22  1.8388176e-05      27191.386      53.015     -1
     3     21       11465       14327   Coal      0     -1    4.55749e+08      7284.6116  1.5983823e-05      31281.627      61.342     -1
     3     22       14327       17903   Coal      0     -1  6.6622448e+08      11015.208  1.6533778e-05      30241.122      70.794     -1
     3     23       17903       22372   Coal      0     -1  9.3566396e+08        18291.5  1.9549219e-05      25576.469      86.334     -1
     3     24       22372       27956   Coal      0     -1  1.2373226e+09       27568.72  2.2280947e-05      22440.697      99.431     -1
     3     25       27956       34934   Coal      0     -1  1.5069448e+09       39758.12  2.6383262e-05      18951.409      105.14     -1
     3     26       34934       43654   Coal      0     -1  1.6610792e+09        49733.6  2.9940535e-05      16699.769      101.18     -1
     3     27       43654       54551   Coal      0     -1  1.6464705e+09       56956.66  3.4593187e-05      14453.713      100.22     -1
     3     28       54551       68167   Coal      0     -1  1.4426461e+09       53281.68  3.6933299e-05      13537.919      87.648     -1
     3     29       68167       85183   Coal      0     -1  1.1743855e+09       41781.61  3.5577423e-05      14053.857      74.015     -1
     3     30       85183  1.0645e+05   Coal      0     -1  1.0852511e+09       21439.97  1.9755769e-05      25309.063      66.273     -1
     3     31  1.0645e+05  1.3302e+05   Coal      0     -1  1.0787417e+09       21055.33  1.9518418e-05      25616.831      65.396     -1
     3     32  1.3302e+05       1e+99   Coal      0     -1  2.3050291e+09       45043.19  1.9541267e-05      25586.877      56.999     -1
     3     -1           0       1e+99  Delay     -1     -1   2.593446e+09              0              0              0           1     -1
     3     -1           0       1e+99   LogL     -1     -1              1      -11229317      -11229317              0           1     -1
     3     -1           0       1e+99 Recomb     -1     -1           4356  1.3068005e-05  3.0000011e-09              0           1     -1
     3     -1           0       1e+99 Resamp     -1     -1   2.593446e+09         533839  0.00020584157              0           1     -1
     2      0           0         133   Coal      0     -1      331683.76      22.330745  6.7325409e-05      7426.6166      1.6099     -1
     2      1         133       166.2   Coal      0     -1      177942.07      1.1796865    6.62961e-06      75419.218       2.424     -1
     2      2       166.2      207.68   Coal      0     -1      277931.08       2.945106  1.0596534e-05      47185.242      2.7246     -1
     2      3      207.68      259.53   Coal      0     -1      432647.13       4.913621   1.135711e-05      44025.285      3.2432     -1
     2      4      259.53      324.31   Coal      0     -1      677539.01      6.1443669  9.0686541e-06      55134.973      3.5534     -1
     2      5      324.31      405.26   Coal      0     -1      1052569.6       22.41868  2.1298999e-05      23475.281      4.4183     -1
     2      6      405.26      506.42   Coal      0     -1        1624165      73.137988  4.5031132e-05       11103.43      4.8537     -1
     2      7      506.42      632.82   Coal      0     -1      2509655.2      146.69304  5.8451472e-05      8554.1046      6.1418     -1
     2      8      632.82      790.79   Coal      0     -1      3798554.3      427.36476  0.00011250721      4444.1595      6.6752     -1
     2      9      790.79      988.18   Coal      0     -1      5652000.3      679.38218  0.00012020208      4159.6619      8.3892     -1
     2     10      988.18      1234.8   Coal      0     -1      8294963.2      1076.9821  0.00012983567      3851.0218      8.8672     -1
     2     11      1234.8      1543.1   Coal      0     -1       11945041      1482.1353  0.00012407954      4029.6731      11.026     -1
     2     12      1543.1      1928.2   Coal      0     -1       17081030      1875.3814  0.00010979323       4554.015      14.133     -1
     2     13      1928.2      2409.6   Coal      0     -1       24343101      2336.6097  9.5986527e-05      5209.0644      16.701     -1
     2     14      2409.6        3011   Coal      0     -1       34664238         2780.9  8.0223889e-05      6232.5575       19.63     -1
     2     15        3011      3762.6   Coal      0     -1       49302004        3447.63    6.99288e-05      7150.1299      19.963     -1
     2     16      3762.6      4701.8   Coal      0     -1       69930615        4221.28  6.0363833e-05      8283.1055      26.679     -1
     2     17      4701.8      5875.5   Coal      0     -1       98823415         5350.8  5.4145063e-05      9234.4523      28.775     -1
     2     18      5875.5      7342.1   Coal      0     -1  1.4174839e+08        4987.91  3.5188477e-05      14209.197      36.287     -1
     2     19      7342.1      9174.7   Coal      0     -1  2.0826037e+08        4964.96  2.3840157e-05      20973.016      39.521     -1
     2     20      9174.7       11465   Coal      0     -1  3.1030551e+08        5639.31  1.8173412e-05       27512.72      51.154     -1
     2     21       11465       14327   Coal      0     -1  4.6197196e+08      7256.7885  1.5708288e-05      31830.331      60.968     -1
     2     22       14327       17903   Coal      0     -1  6.7431802e+08       10930.85   1.621023e-05       30844.72      68.534     -1
     2     23       17903       22372   Coal      0     -1  9.4443643e+08       18124.17  1.9190461e-05      26054.612      77.957     -1
     2     24       22372       27956   Coal      0     -1  1.2518149e+09       27531.73  2.1993452e-05      22734.039       95.33     -1
     2     25       27956       34934   Coal      0     -1  1.5300054e+09       39994.03  2.6139797e-05      19127.922      104.35     -1
     2     26       34934       43654   Coal      0     -1   1.678023e+09        49998.5  2.9796076e-05      16780.733      96.662     -1
     2     27       43654       54551   Coal      0     -1  1.6604158e+09       57618.95  3.4701518e-05      14408.592      97.211     -1
     2     28       54551       68167   Coal      0     -1  1.4443433e+09       53799.08  3.7248124e-05      13423.495      84.939     -1
     2     29       68167       85183   Coal      0     -1  1.1679072e+09       42197.32  3.6130714e-05      13838.642      72.141     -1
     2     30       85183  1.0645e+05   Coal      0     -1   1.069967e+09       21568.85  2.0158426e-05      24803.524      63.978     -1
     2     31  1.0645e+05  1.3302e+05   Coal      0     -1   1.055531e+09       21092.47  1.9982806e-05      25021.511      64.136     -1
     2     32  1.3302e+05       1e+99   Coal      0     -1   2.203895e+09       44009.09  1.9968778e-05      25039.088      57.975     -1
     2     -1           0       1e+99  Delay     -1     -1   2.593446e+09              0              0              0           1     -1
     2     -1           0       1e+99   LogL     -1     -1              1      -11229873      -11229873              0           1     -1
     2     -1           0       1e+99 Recomb     -1     -1           4356  1.3068005e-05  3.0000011e-09              0           1     -1
     2     -1           0       1e+99 Resamp     -1     -1   2.593446e+09         536692  0.00020694165              0           1     -1
     1      0           0         133   Coal      0     -1       332818.5      15.165372  4.5566494e-05      10972.975       1.478     -1
     1      1         133       166.2   Coal      0     -1       175888.3      2.6034387  1.4801659e-05      33779.997      2.5131     -1
     1      2       166.2      207.68   Coal      0     -1      272493.96      3.2354478  1.1873466e-05      42110.702      3.1148     -1
     1      3      207.68      259.53   Coal      0     -1      425709.25      3.8211856  8.9760455e-06      55703.817      2.9865     -1
     1      4      259.53      324.31   Coal      0     -1      668464.35      6.1330353  9.1748129e-06      54497.024      4.0631     -1
     1      5      324.31      405.26   Coal      0     -1      1044631.7      24.012204  2.2986288e-05      21752.099      4.4341     -1
     1      6      405.26      506.42   Coal      0     -1      1617187.5      68.156601  4.2145145e-05      11863.763      4.5998     -1
     1      7      506.42      632.82   Coal      0     -1        2486480      128.33556  5.1613348e-05      9687.4165      5.5051     -1
     1      8      632.82      790.79   Coal      0     -1      3784593.1      382.14741   0.0001009745      4951.7451      7.1185     -1
     1      9      790.79      988.18   Coal      0     -1      5666967.5      576.31974  0.00010169808      4916.5134       8.262     -1
     1     10      988.18      1234.8   Coal      0     -1      8368390.7      886.08775  0.00010588508      4722.1004       10.47     -1
     1     11      1234.8      1543.1   Coal      0     -1       12210064      1231.7585  0.00010088059      4956.3547      10.722     -1
     1     12      1543.1      1928.2   Coal      0     -1       17649363      1603.1621   9.083399e-05      5504.5474      13.137     -1
     1     13      1928.2      2409.6   Coal      0     -1       25308009      2064.3452   8.156885e-05       6129.791      15.864     -1
     1     14      2409.6        3011   Coal      0     -1       36199460         2562.3  7.0782825e-05      7063.8605       19.66     -1
     1     15        3011      3762.6   Coal      0     -1       51513922        3258.16  6.3248145e-05      7905.3702      19.193     -1
     1     16      3762.6      4701.8   Coal      0     -1       73074315        4137.64  5.6622358e-05      8830.4341       24.56     -1
     1     17      4701.8      5875.5   Coal      0     -1  1.0309805e+08         5359.9  5.1988375e-05      9617.5347      30.985     -1
     1     18      5875.5      7342.1   Coal      0     -1  1.4669589e+08        5057.08  3.4473222e-05      14504.011       32.88     -1
     1     19      7342.1      9174.7   Coal      0     -1  2.1387793e+08      5015.4583  2.3450097e-05      21321.873      39.703     -1
     1     20      9174.7       11465   Coal      0     -1   3.179947e+08      5641.3406   1.774036e-05      28184.321       51.73     -1
     1     21       11465       14327   Coal      0     -1  4.7063177e+08      7218.2233  1.5337306e-05       32600.25      56.846     -1
     1     22       14327       17903   Coal      0     -1  6.8927412e+08       10897.26  1.5809762e-05      31626.029      74.177     -1
     1     23       17903       22372   Coal      0     -1  9.6204784e+08       18017.46  1.8728237e-05      26697.654      78.111     -1
     1     24       22372       27956   Coal      0     -1  1.2712862e+09        27484.4  2.1619364e-05      23127.415      87.758     -1
     1     25       27956       34934   Coal      0     -1  1.5510266e+09       40123.74   2.586915e-05      19328.041      94.777     -1
     1     26       34934       43654   Coal      0     -1  1.7125931e+09       50739.53  2.9627312e-05       16876.32      95.879     -1
     1     27       43654       54551   Coal      0     -1   1.687608e+09       58722.57  3.4796334e-05       14369.33      95.601     -1
     1     28       54551       68167   Coal      0     -1  1.4561528e+09        54740.1  3.7592277e-05      13300.604      82.825     -1
     1     29       68167       85183   Coal      0     -1  1.1680808e+09       42970.85  3.6787567e-05      13591.548      71.593     -1
     1     30       85183  1.0645e+05   Coal      0     -1  1.0552323e+09       21769.51  2.0630063e-05      24236.474      63.021     -1
     1     31  1.0645e+05  1.3302e+05   Coal      0     -1  1.0324973e+09       21157.33  2.0491413e-05      24400.464      64.171     -1
     1     32  1.3302e+05       1e+99   Coal      0     -1  2.0657941e+09       42336.99  2.0494294e-05      24397.035      50.857     -1
     1     -1           0       1e+99  Delay     -1     -1   2.593446e+09              0              0              0           1     -1
     1     -1           0       1e+99   LogL     -1     -1              1      -11230987      -11230987              0           1     -1
     1     -1           0       1e+99 Recomb     -1     -1           4356  1.3068005e-05  3.0000011e-09              0           1     -1
     1     -1           0       1e+99 Resamp     -1     -1   2.593446e+09         540055  0.00020823838              0           1     -1
     0      0           0         133   Coal      0     -1      327868.72      8.3920896  2.5595884e-05      19534.391      1.3862     -1
     0      1         133       166.2   Coal      0     -1      175410.98      2.4409361  1.3915526e-05      35931.088      2.3422     -1
     0      2       166.2      207.68   Coal      0     -1      273860.91       1.426048   5.207198e-06      96020.931      2.5029     -1
     0      3      207.68      259.53   Coal      0     -1      425102.08      2.8134096  6.6181977e-06       75549.27      2.5527     -1
     0      4      259.53      324.31   Coal      0     -1      666210.81      7.0893237  1.0641262e-05      46986.909      3.5903     -1
     0      5      324.31      405.26   Coal      0     -1      1033331.8      20.660418  1.9993982e-05      25007.525      3.6487     -1
     0      6      405.26      506.42   Coal      0     -1        1596384      53.058966  3.3236969e-05       15043.49       5.845     -1
     0      7      506.42      632.82   Coal      0     -1      2464036.8      100.99542  4.0987789e-05      12198.755      5.7633     -1
     0      8      632.82      790.79   Coal      0     -1      3764666.8      283.21552  7.5229903e-05      6646.2933       6.247     -1
     0      9      790.79      988.18   Coal      0     -1      5667018.9       430.4399  7.5955261e-05      6582.8225       8.421     -1
     0     10      988.18      1234.8   Coal      0     -1      8448099.2      638.83682  7.5619002e-05      6612.0947      9.5651     -1
     0     11      1234.8      1543.1   Coal      0     -1       12467460      907.44785  7.2785302e-05      6869.5188      10.665     -1
     0     12      1543.1      1928.2   Coal      0     -1       18211221      1227.7095  6.7415002e-05      7416.7468      13.746     -1
     0     13      1928.2      2409.6   Coal      0     -1       26442991        1680.79  6.3562782e-05      7866.2385      14.486     -1
     0     14      2409.6        3011   Coal      0     -1       38175491      2227.8416  5.8357902e-05        8567.82      18.319     -1
     0     15        3011      3762.6   Coal      0     -1       54597683      2927.5792  5.3620942e-05      9324.7149      22.627     -1
     0     16      3762.6      4701.8   Coal      0     -1       77566451        3914.02  5.0460218e-05       9908.796      26.795     -1
     0     17      4701.8      5875.5   Coal      0     -1  1.0881193e+08         5216.7  4.7942354e-05      10429.192      27.479     -1
     0     18      5875.5      7342.1   Coal      0     -1  1.5459356e+08        5033.93  3.2562352e-05      15355.156      34.488     -1
     0     19      7342.1      9174.7   Coal      0     -1  2.2379011e+08      5008.4399  2.2380077e-05      22341.299      43.038     -1
     0     20      9174.7       11465   Coal      0     -1  3.2950478e+08        5613.79  1.7037052e-05      29347.801      49.179     -1
     0     21       11465       14327   Coal      0     -1  4.8568201e+08      7198.6902  1.4821818e-05      33734.054      57.137     -1
     0     22       14327       17903   Coal      0     -1  7.0618841e+08       10799.77  1.5293043e-05      32694.604      68.071     -1
     0     23       17903       22372   Coal      0     -1  9.8752796e+08       17942.64  1.8169248e-05      27519.026      78.098     -1
     0     24       22372       27956   Coal      0     -1  1.3092679e+09        27659.7  2.1126081e-05      23667.428      92.084     -1
     0     25       27956       34934   Coal      0     -1  1.5845774e+09       40382.51  2.5484719e-05        19619.6      90.251     -1
     0     26       34934       43654   Coal      0     -1  1.7530904e+09       51542.87  2.9401148e-05      17006.138      93.517     -1
     0     27       43654       54551   Coal      0     -1  1.7225516e+09       60085.94  3.4881939e-05      14334.065      93.976     -1
     0     28       54551       68167   Coal      0     -1  1.4773979e+09       56121.32  3.7986599e-05      13162.537      82.084     -1
     0     29       68167       85183   Coal      0     -1  1.1694926e+09        43889.3  3.7528499e-05      13323.208      71.382     -1
     0     30       85183  1.0645e+05   Coal      0     -1  1.0423311e+09       22096.89  2.1199492e-05      23585.471      62.852     -1
     0     31  1.0645e+05  1.3302e+05   Coal      0     -1  1.0023708e+09       21175.89  2.1125805e-05      23667.737      62.818     -1
     0     32  1.3302e+05       1e+99   Coal      0     -1  1.9464361e+09       41093.52  2.1112186e-05      23683.005      53.418     -1
     0     -1           0       1e+99  Delay     -1     -1   2.593446e+09              0              0              0           1     -1
     0     -1           0       1e+99   LogL     -1     -1              1      -11233184      -11233184              0           1     -1
     0     -1           0       1e+99 Recomb     -1     -1           4356  1.3068005e-05  3.0000011e-09              0           1     -1
     0     -1           0       1e+99 Resamp     -1     -1   2.593446e+09         540358  0.00020835521              0           1     -1
