  Iter  Epoch       Start         End   Type   From     To            Opp          Count           Rate             Ne         ESS  Clump
    10      0           0         133   Coal      0     -1      311371.32      117.46352   0.0003772458      1325.3958      1.5392     -1
    10      1         133       166.2   Coal      0     -1      159487.01     0.89719356  5.6254962e-06      88881.049      2.6074     -1
    10      2       166.2      207.68   Coal      0     -1      248933.38      5.2093041  2.0926499e-05      23893.151      2.9916     -1
    10      3      207.68      259.53   Coal      0     -1      389718.43      7.0634434  1.8124479e-05          27587      3.3908     -1
    10      4      259.53      324.31   Coal      0     -1      610126.79      5.7799324    9.47333e-06      52779.751      4.3506     -1
    10      5      324.31      405.26   Coal      0     -1      956867.82      6.1282327  6.4044715e-06      78070.454      4.6744     -1
    10      6      405.26      506.42   Coal      0     -1      1498093.1      32.963718  2.2003785e-05      22723.364      6.0824     -1
    10      7      506.42      632.82   Coal      0     -1      2333833.3      99.257532  4.2529829e-05      11756.455        7.52     -1
    10      8      632.82      790.79   Coal      0     -1      3582004.9      297.97771   8.318741e-05      6010.5249      7.9592     -1
    10      9      790.79      988.18   Coal      0     -1      5382344.6      624.29878  0.00011599012      4310.7121      8.5478     -1
    10     10      988.18      1234.8   Coal      0     -1        7889989      1149.7699  0.00014572516      3431.1164      11.618     -1
    10     11      1234.8      1543.1   Coal      0     -1       11325998       1726.144  0.00015240546      3280.7223      13.271     -1
    10     12      1543.1      1928.2   Coal      0     -1       16024980      2310.9722  0.00014421062      3467.1511       12.53     -1
    10     13      1928.2      2409.6   Coal      0     -1       22486776       2894.577  0.00012872353      3884.2938      15.998     -1
    10     14      2409.6        3011   Coal      0     -1       31736798      3118.1843  9.8251384e-05      5088.9868      18.637     -1
    10     15        3011      3762.6   Coal      0     -1       45415851      3401.4902  7.4896543e-05      6675.8756      23.053     -1
    10     16      3762.6      4701.8   Coal      0     -1       65598714      3850.7686  5.8701892e-05      8517.6131      26.318     -1
    10     17      4701.8      5875.5   Coal      0     -1       95275331       4708.125  4.9415992e-05      10118.182      33.855     -1
    10     18      5875.5      7342.1   Coal      0     -1  1.3979178e+08      4651.9422  3.3277652e-05      15025.099      38.547     -1
    10     19      7342.1      9174.7   Coal      0     -1  2.0866147e+08      4762.9105  2.2826019e-05      21904.827      48.672     -1
    10     20      9174.7       11465   Coal      0     -1  3.1393538e+08      5811.3334  1.8511241e-05      27010.615      55.607     -1
    10     21       11465       14327   Coal      0     -1  4.6845864e+08      7993.3118  1.7063004e-05      29303.163      68.438     -1
    10     22       14327       17903   Coal      0     -1  6.8141298e+08      12339.688  1.8108971e-05      27610.624      83.108     -1
    10     23       17903       22372   Coal      0     -1  9.4365889e+08      20187.191  2.1392466e-05      23372.714      89.745     -1
    10     24       22372       27956   Coal      0     -1  1.2357152e+09      29485.255  2.3860882e-05        20954.8       108.3     -1
    10     25       27956       34934   Coal      0     -1  1.4878574e+09       41147.09  2.7655265e-05       18079.74      108.48     -1
    10     26       34934       43654   Coal      0     -1   1.645714e+09      50505.382  3.0689039e-05      16292.462      115.09     -1
    10     27       43654       54551   Coal      0     -1  1.6319311e+09      56079.242  3.4363732e-05      14550.224      106.92     -1
    10     28       54551       68167   Coal      0     -1   1.449959e+09      52311.771  3.6078105e-05      13858.821      90.786     -1
    10     29       68167       85183   Coal      0     -1  1.1987923e+09      40886.973  3.4106803e-05      14659.832      72.776     -1
    10     30       85183  1.0645e+05   Coal      0     -1  1.1679114e+09      21204.911  1.8156267e-05      27538.701      70.263     -1
    10     31  1.0645e+05  1.3302e+05   Coal      0     -1   1.203392e+09      21356.115    1.77466e-05      28174.411        68.4     -1
    10     32  1.3302e+05       1e+99   Coal      0     -1  2.8443353e+09      50839.886  1.7874083e-05      27973.463      55.471     -1
    10     -1           0       1e+99  Delay     -1     -1   2.579203e+09              0              0              0           1     -1
    10     -1           0       1e+99   LogL     -1     -1              1      -11605788      -11605788              0           1     -1
    10     -1           0       1e+99 Recomb     -1     -1           4818  1.4454006e-05  3.0000012e-09              0           1     -1
    10     -1           0       1e+99 Resamp     -1     -1   2.579203e+09         549334  0.00021298595              0           1     -1
     9      0           0         133   Coal      0     -1      299840.88      123.26572  0.00041110378      1216.2379      1.5922     -1
     9      1         133       166.2   Coal      0     -1      160949.83     0.75318743  4.6796411e-06       106845.8      2.5185     -1
     9      2       166.2      207.68   Coal      0     -1      253661.88       6.151494  2.4250763e-05      20617.908      2.9491     -1
     9      3      207.68      259.53   Coal      0     -1      398403.76      6.8915945  1.7298016e-05      28905.049      3.2186     -1
     9      4      259.53      324.31   Coal      0     -1      618867.49      5.1498168  8.3213561e-06       60086.36      3.9188     -1
     9      5      324.31      405.26   Coal      0     -1      967778.82      8.0463008   8.314194e-06      60138.121      4.3463     -1
     9      6      405.26      506.42   Coal      0     -1      1503114.8       36.01131   2.395779e-05      20870.038      5.7715     -1
     9      7      506.42      632.82   Coal      0     -1      2332836.9      107.56564  4.6109369e-05      10843.783      7.3528     -1
     9      8      632.82      790.79   Coal      0     -1        3578342      305.74261  8.5442534e-05      5851.8863      7.6478     -1
     9      9      790.79      988.18   Coal      0     -1      5373165.6      633.24604  0.00011785344      4242.5576      8.4916     -1
     9     10      988.18      1234.8   Coal      0     -1      7874364.3       1139.135  0.00014466375       3456.291      11.288     -1
     9     11      1234.8      1543.1   Coal      0     -1       11318419      1687.9831  0.00014913594       3352.646      13.782     -1
     9     12      1543.1      1928.2   Coal      0     -1       16073234      2250.0401  0.00013998677      3571.7661      12.781     -1
     9     13      1928.2      2409.6   Coal      0     -1       22629349      2861.6151  0.00012645592      3953.9469      15.732     -1
     9     14      2409.6        3011   Coal      0     -1       31893742      3105.9269  9.7383585e-05      5134.3355      19.074     -1
     9     15        3011      3762.6   Coal      0     -1       45697942      3413.1232  7.4688772e-05      6694.4466      22.665     -1
     9     16      3762.6      4701.8   Coal      0     -1       65927127      3874.3943  5.8767831e-05      8508.0561      28.417     -1
     9     17      4701.8      5875.5   Coal      0     -1       95438795      4781.5106  5.0100282e-05      9979.9837      32.146     -1
     9     18      5875.5      7342.1   Coal      0     -1  1.4009547e+08      4723.5655  3.3716761e-05       14829.42      39.455     -1
     9     19      7342.1      9174.7   Coal      0     -1  2.0876234e+08      4802.5648  2.3004939e-05      21734.463      48.856     -1
     9     20      9174.7       11465   Coal      0     -1  3.1381714e+08       5813.429  1.8524893e-05      26990.709      54.315     -1
     9     21       11465       14327   Coal      0     -1  4.6813864e+08      7952.6758  1.6987865e-05      29432.775      68.824     -1
     9     22       14327       17903   Coal      0     -1  6.8073592e+08      12272.263  1.8027935e-05      27734.735      78.971     -1
     9     23       17903       22372   Coal      0     -1  9.4475128e+08      20036.035  2.1207735e-05      23576.304      90.567     -1
     9     24       22372       27956   Coal      0     -1   1.237869e+09      29386.752  2.3739792e-05      21061.684      107.91     -1
     9     25       27956       34934   Coal      0     -1  1.4923313e+09      41046.719  2.7505099e-05      18178.447      109.16     -1
     9     26       34934       43654   Coal      0     -1  1.6486944e+09       50592.68  3.0686513e-05      16293.803      112.16     -1
     9     27       43654       54551   Coal      0     -1  1.6356277e+09      56319.855  3.4433176e-05       14520.88      106.56     -1
     9     28       54551       68167   Coal      0     -1  1.4500757e+09      52479.971  3.6191194e-05      13815.515      90.598     -1
     9     29       68167       85183   Coal      0     -1  1.1983704e+09      40978.057  3.4194818e-05      14622.098       73.73     -1
     9     30       85183  1.0645e+05   Coal      0     -1  1.1607931e+09      21261.784    1.83166e-05      27297.643      69.867     -1
     9     31  1.0645e+05  1.3302e+05   Coal      0     -1  1.1921668e+09       21344.81  1.7904214e-05      27926.386       68.67     -1
     9     32  1.3302e+05       1e+99   Coal      0     -1  2.7897378e+09      50244.949  1.8010635e-05      27761.375      55.006     -1
     9     -1           0       1e+99  Delay     -1     -1   2.579203e+09              0              0              0           1     -1
     9     -1           0       1e+99   LogL     -1     -1              1      -11605850      -11605850              0           1     -1
     9     -1           0       1e+99 Recomb     -1     -1           4818  1.4454006e-05  3.0000012e-09              0           1     -1
     9     -1           0       1e+99 Resamp     -1     -1   2.579203e+09         549127  0.00021290569              0           1     -1
     8      0           0         133   Coal      0     -1      304638.08      118.37467  0.00038857475      1286.7537      1.5395     -1
     8      1         133       166.2   Coal      0     -1      161809.81      1.2842524  7.9368016e-06      62997.669      2.3821     -1
     8      2       166.2      207.68   Coal      0     -1      250523.73      5.0554664  2.0179591e-05      24777.509      3.1115     -1
     8      3      207.68      259.53   Coal      0     -1      391352.17      6.7188943  1.7168409e-05      29123.257      2.8957     -1
     8      4      259.53      324.31   Coal      0     -1      617911.38      5.9874392  9.6898025e-06      51600.639       3.961     -1
     8      5      324.31      405.26   Coal      0     -1      966615.17      9.0765983  9.3900847e-06      53247.656      4.5656     -1
     8      6      405.26      506.42   Coal      0     -1      1500744.5      38.394853   2.558387e-05      19543.564      5.8765     -1
     8      7      506.42      632.82   Coal      0     -1      2330266.3      106.41291  4.5665555e-05      10949.172      7.1279     -1
     8      8      632.82      790.79   Coal      0     -1      3566984.2      325.84566  9.1350463e-05       5473.426      7.5915     -1
     8      9      790.79      988.18   Coal      0     -1        5344027      637.46578  0.00011928566      4191.6187      8.2935     -1
     8     10      988.18      1234.8   Coal      0     -1      7841927.8       1109.177  0.00014144188      3535.0209        11.5     -1
     8     11      1234.8      1543.1   Coal      0     -1       11288334      1659.4067  0.00014700192      3401.3162      13.313     -1
     8     12      1543.1      1928.2   Coal      0     -1       16062051      2182.4635  0.00013587701      3679.7983      13.256     -1
     8     13      1928.2      2409.6   Coal      0     -1       22671681      2781.9069  0.00012270404      4074.8454      15.674     -1
     8     14      2409.6        3011   Coal      0     -1       32049522      3045.0826  9.5011796e-05      5262.5045      18.594     -1
     8     15        3011      3762.6   Coal      0     -1       45953053      3423.6351  7.4502887e-05      6711.1494      23.019     -1
     8     16      3762.6      4701.8   Coal      0     -1       66244752      3915.5259   5.910696e-05      8459.2407       27.83     -1
     8     17      4701.8      5875.5   Coal      0     -1       95748501      4849.9757  5.0653281e-05       9871.029      32.097     -1
     8     18      5875.5      7342.1   Coal      0     -1  1.4014329e+08      4793.7838  3.4206304e-05      14617.189      40.058     -1
     8     19      7342.1      9174.7   Coal      0     -1  2.0849602e+08        4847.81  2.3251331e-05      21504.145      48.568     -1
     8     20      9174.7       11465   Coal      0     -1  3.1352113e+08        5812.12  1.8538208e-05      26971.323      56.975     -1
     8     21       11465       14327   Coal      0     -1   4.673166e+08      7922.3059  1.6952759e-05      29493.724      66.299     -1
     8     22       14327       17903   Coal      0     -1  6.8033073e+08      12156.968  1.7869203e-05      27981.103      78.185     -1
     8     23       17903       22372   Coal      0     -1  9.4576282e+08      19895.274  2.1036219e-05       23768.53      91.977     -1
     8     24       22372       27956   Coal      0     -1  1.2390384e+09       29244.84  2.3602853e-05       21183.88      105.25     -1
     8     25       27956       34934   Coal      0     -1  1.4982903e+09      41006.013  2.7368536e-05      18269.154      108.65     -1
     8     26       34934       43654   Coal      0     -1  1.6558571e+09      50727.399   3.063513e-05      16321.132      112.22     -1
     8     27       43654       54551   Coal      0     -1   1.637276e+09      56496.256  3.4506249e-05      14490.129      104.31     -1
     8     28       54551       68167   Coal      0     -1  1.4510195e+09      52652.764  3.6286737e-05      13779.139      89.305     -1
     8     29       68167       85183   Coal      0     -1  1.1982831e+09      41159.617  3.4348826e-05      14556.538      73.434     -1
     8     30       85183  1.0645e+05   Coal      0     -1   1.155987e+09      21351.429  1.8470302e-05      27070.483       70.09     -1
     8     31  1.0645e+05  1.3302e+05   Coal      0     -1  1.1864005e+09      21435.724  1.8067865e-05      27673.442      69.185     -1
     8     32  1.3302e+05       1e+99   Coal      0     -1  2.7295463e+09      49584.197  1.8165728e-05      27524.358      54.448     -1
     8     -1           0       1e+99  Delay     -1     -1   2.579203e+09              0              0              0           1     -1
     8     -1           0       1e+99   LogL     -1     -1              1      -11605958      -11605958              0           1     -1
     8     -1           0       1e+99 Recomb     -1     -1           4818  1.4454006e-05  3.0000012e-09              0           1     -1
     8     -1           0       1e+99 Resamp     -1     -1   2.579203e+09         548999  0.00021285607              0           1     -1
     7      0           0         133   Coal      0     -1         302336      113.88929  0.00037669775      1327.3241      1.5515     -1
     7      1         133       166.2   Coal      0     -1      160453.83      1.5541972  9.6862582e-06       51619.52      2.4749     -1
     7      2       166.2      207.68   Coal      0     -1      253248.46      4.1872863  1.6534301e-05      30240.165      3.1537     -1
     7      3      207.68      259.53   Coal      0     -1      397957.41      6.6088153  1.6606841e-05      30108.075      3.2515     -1
     7      4      259.53      324.31   Coal      0     -1      621613.27      7.1345212  1.1477427e-05      43563.769      3.9165     -1
     7      5      324.31      405.26   Coal      0     -1      972435.09      10.980517  1.1291773e-05      44280.024      4.5486     -1
     7      6      405.26      506.42   Coal      0     -1      1512980.3      39.382373  2.6029666e-05      19208.852      5.7837     -1
     7      7      506.42      632.82   Coal      0     -1      2337009.7      110.38436  4.7233162e-05      10585.783      7.2466     -1
     7      8      632.82      790.79   Coal      0     -1        3573328      332.78243  9.3129551e-05      5368.8651      8.0546     -1
     7      9      790.79      988.18   Coal      0     -1      5350594.1       646.3346  0.00012079679      4139.1828      8.0314     -1
     7     10      988.18      1234.8   Coal      0     -1        7867961      1097.5624  0.00013949769      3584.2888       10.86     -1
     7     11      1234.8      1543.1   Coal      0     -1       11340011      1626.4938  0.00014342965      3486.0295      12.803     -1
     7     12      1543.1      1928.2   Coal      0     -1       16168748      2121.9783  0.00013123949      3809.8289      13.559     -1
     7     13      1928.2      2409.6   Coal      0     -1       22832505      2735.4615  0.00011980558      4173.4282      15.405     -1
     7     14      2409.6        3011   Coal      0     -1       32323895      2987.0887  9.2411163e-05      5410.6017      18.778     -1
     7     15        3011      3762.6   Coal      0     -1       46352279      3412.4163   7.361917e-05      6791.7093      22.221     -1
     7     16      3762.6      4701.8   Coal      0     -1       66820135      3955.1868  5.9191541e-05      8447.1529      30.693     -1
     7     17      4701.8      5875.5   Coal      0     -1       96238590      4927.3928  5.1199761e-05      9765.6706      31.558     -1
     7     18      5875.5      7342.1   Coal      0     -1  1.4070101e+08      4855.2782  3.4507771e-05       14489.49      39.686     -1
     7     19      7342.1      9174.7   Coal      0     -1  2.0888476e+08      4897.0189  2.3443639e-05      21327.747      44.743     -1
     7     20      9174.7       11465   Coal      0     -1  3.1370339e+08      5831.3038  1.8588591e-05       26898.22      56.227     -1
     7     21       11465       14327   Coal      0     -1  4.6774536e+08      7895.2674  1.6879414e-05      29621.882      67.219     -1
     7     22       14327       17903   Coal      0     -1  6.7980892e+08      12051.711  1.7728086e-05      28203.835      72.339     -1
     7     23       17903       22372   Coal      0     -1   9.482639e+08      19740.887  2.0817925e-05      24017.764      91.858     -1
     7     24       22372       27956   Coal      0     -1  1.2458432e+09      29185.047  2.3425938e-05      21343.862      108.95     -1
     7     25       27956       34934   Coal      0     -1  1.5052167e+09      40973.605  2.7221068e-05      18368.126      109.83     -1
     7     26       34934       43654   Coal      0     -1  1.6610213e+09      50803.464  3.0585678e-05       16347.52      110.67     -1
     7     27       43654       54551   Coal      0     -1  1.6421112e+09      56758.074  3.4564086e-05      14465.882      103.21     -1
     7     28       54551       68167   Coal      0     -1  1.4557738e+09      53043.401  3.6436567e-05      13722.478      89.966     -1
     7     29       68167       85183   Coal      0     -1  1.1954585e+09      41288.863  3.4538097e-05      14476.768        73.1     -1
     7     30       85183  1.0645e+05   Coal      0     -1  1.1483494e+09      21441.864  1.8671899e-05      26778.208      70.139     -1
     7     31  1.0645e+05  1.3302e+05   Coal      0     -1  1.1741354e+09      21488.094  1.8301206e-05      27320.603      69.125     -1
     7     32  1.3302e+05       1e+99   Coal      0     -1  2.6836271e+09       49233.86  1.8346014e-05      27253.877      55.946     -1
     7     -1           0       1e+99  Delay     -1     -1   2.579203e+09              0              0              0           1     -1
     7     -1           0       1e+99   LogL     -1     -1              1      -11605975      -11605975              0           1     -1
     7     -1           0       1e+99 Recomb     -1     -1           4818  1.4454006e-05  3.0000012e-09              0           1     -1
     7     -1           0       1e+99 Resamp     -1     -1   2.579203e+09         548373  0.00021261336              0           1     -1
     6      0           0         133   Coal      0     -1      294733.17      108.35918  0.00036765179      1359.9825      1.5365     -1
     6      1         133       166.2   Coal      0     -1      159188.36      1.6746449  1.0519895e-05      47528.991      2.7576     -1
     6      2       166.2      207.68   Coal      0     -1      251581.28      5.0195513  1.9952006e-05      25060.136      3.0385     -1
     6      3      207.68      259.53   Coal      0     -1      393012.13      9.2414587  2.3514436e-05      21263.533      3.5562     -1
     6      4      259.53      324.31   Coal      0     -1      620260.24      10.833725  1.7466419e-05      28626.361      4.4927     -1
     6      5      324.31      405.26   Coal      0     -1      970412.75      13.930764  1.4355504e-05      34829.846      4.7303     -1
     6      6      405.26      506.42   Coal      0     -1      1509650.5      45.027439  2.9826399e-05      16763.673       5.759     -1
     6      7      506.42      632.82   Coal      0     -1      2340627.5      118.14919   5.047757e-05      9905.3896      6.5831     -1
     6      8      632.82      790.79   Coal      0     -1      3578312.3      346.21509  9.6753737e-05      5167.7591      7.8939     -1
     6      9      790.79      988.18   Coal      0     -1      5353401.4      632.94512  0.00011823233      4228.9618      8.2292     -1
     6     10      988.18      1234.8   Coal      0     -1      7859626.9      1071.2593    0.000136299      3668.4054      10.093     -1
     6     11      1234.8      1543.1   Coal      0     -1       11303914      1569.8837  0.00013887966      3600.2393      13.262     -1
     6     12      1543.1      1928.2   Coal      0     -1       16148398      2040.7035  0.00012637188      3956.5763      13.943     -1
     6     13      1928.2      2409.6   Coal      0     -1       22881331      2664.6661  0.00011645591      4293.4704      15.785     -1
     6     14      2409.6        3011   Coal      0     -1       32466741      2916.1861  8.9820723e-05      5566.6441       20.03     -1
     6     15        3011      3762.6   Coal      0     -1       46577102      3381.5957  7.2602105e-05      6886.8527      23.716     -1
     6     16      3762.6      4701.8   Coal      0     -1       67103978      3989.0451  5.9445732e-05      8411.0327      29.019     -1
     6     17      4701.8      5875.5   Coal      0     -1       96683978      5008.5317   5.180312e-05      9651.9284      34.027     -1
     6     18      5875.5      7342.1   Coal      0     -1  1.4097106e+08      4902.7637  3.4778513e-05      14376.693      40.164     -1
     6     19      7342.1      9174.7   Coal      0     -1   2.090396e+08      4946.4365  2.3662677e-05      21130.323      48.577     -1
     6     20      9174.7       11465   Coal      0     -1  3.1362013e+08      5823.9867  1.8570194e-05      26924.866      54.887     -1
     6     21       11465       14327   Coal      0     -1  4.6759655e+08      7861.6891  1.6812975e-05      29738.937      64.059     -1
     6     22       14327       17903   Coal      0     -1  6.8108465e+08      11937.193  1.7526739e-05       28527.84      73.532     -1
     6     23       17903       22372   Coal      0     -1  9.5091303e+08      19568.983  2.0579151e-05      24296.435      90.638     -1
     6     24       22372       27956   Coal      0     -1  1.2474159e+09      29027.455  2.3270069e-05      21486.829      102.19     -1
     6     25       27956       34934   Coal      0     -1  1.5155907e+09      40996.873  2.7050095e-05      18484.223      110.63     -1
     6     26       34934       43654   Coal      0     -1  1.6679806e+09      50916.935  3.0526096e-05      16379.428      108.34     -1
     6     27       43654       54551   Coal      0     -1  1.6495679e+09      57128.106  3.4632164e-05      14437.446      103.52     -1
     6     28       54551       68167   Coal      0     -1  1.4575449e+09      53359.506  3.6609169e-05      13657.781      90.731     -1
     6     29       68167       85183   Coal      0     -1  1.1918084e+09      41427.737    3.47604e-05      14384.184      73.362     -1
     6     30       85183  1.0645e+05   Coal      0     -1  1.1405026e+09       21559.02  1.8903087e-05      26450.706      70.716     -1
     6     31  1.0645e+05  1.3302e+05   Coal      0     -1  1.1521853e+09      21381.046   1.855695e-05      26944.083      68.267     -1
     6     32  1.3302e+05       1e+99   Coal      0     -1  2.6257752e+09      48733.996  1.8559851e-05      26939.872      56.808     -1
     6     -1           0       1e+99  Delay     -1     -1   2.579203e+09              0              0              0           1     -1
     6     -1           0       1e+99   LogL     -1     -1              1      -11606077      -11606077              0           1     -1
     6     -1           0       1e+99 Recomb     -1     -1           4818  1.4454006e-05  3.0000012e-09              0           1     -1
     6     -1           0       1e+99 Resamp     -1     -1   2.579203e+09         548433  0.00021263662              0           1     -1
     5      0           0         133   Coal      0     -1       306206.4      107.57581  0.00035131798      1423.2121      1.5436     -1
     5      1         133       166.2   Coal      0     -1      162584.61     0.58670607  3.6086199e-06      138557.12      2.3575     -1
     5      2       166.2      207.68   Coal      0     -1      255563.21      6.9359076  2.7139695e-05      18423.199      2.7491     -1
     5      3      207.68      259.53   Coal      0     -1      400570.51      11.239758  2.8059375e-05      17819.357      3.8961     -1
     5      4      259.53      324.31   Coal      0     -1      623615.18      12.140762  1.9468356e-05      25682.703      3.8657     -1
     5      5      324.31      405.26   Coal      0     -1         974516      20.564507  2.1102278e-05      23694.125      4.8072     -1
     5      6      405.26      506.42   Coal      0     -1      1516493.3      48.136999  3.1742309e-05      15751.847      5.1279     -1
     5      7      506.42      632.82   Coal      0     -1      2340385.4       128.3168  5.4827209e-05      9119.5596      6.3097     -1
     5      8      632.82      790.79   Coal      0     -1      3561438.8      357.30667   0.0001003265      4983.7283      7.7061     -1
     5      9      790.79      988.18   Coal      0     -1      5331629.3      617.32773  0.00011578594      4318.3134      8.0553     -1
     5     10      988.18      1234.8   Coal      0     -1      7846748.8       1038.879  0.00013239611       3776.546      9.8117     -1
     5     11      1234.8      1543.1   Coal      0     -1       11333335       1516.335  0.00013379425      3737.0813      13.027     -1
     5     12      1543.1      1928.2   Coal      0     -1       16266139      1949.9248  0.00011987632      4170.9656      13.709     -1
     5     13      1928.2      2409.6   Coal      0     -1       23172715      2570.0841  0.00011090993      4508.1628      15.083     -1
     5     14      2409.6        3011   Coal      0     -1       32968211      2858.6346  8.6708818e-05      5766.4262       18.32     -1
     5     15        3011      3762.6   Coal      0     -1       47163536      3378.6459  7.1636823e-05      6979.6507      25.242     -1
     5     16      3762.6      4701.8   Coal      0     -1       67822421      4036.2853  5.9512551e-05      8401.5891      27.649     -1
     5     17      4701.8      5875.5   Coal      0     -1       97465030      5094.6441  5.2271508e-05      9565.4404      33.429     -1
     5     18      5875.5      7342.1   Coal      0     -1  1.4153293e+08      4953.3222  3.4997665e-05      14286.668      38.273     -1
     5     19      7342.1      9174.7   Coal      0     -1  2.0974794e+08      5000.4032  2.3840058e-05      20973.103      49.033     -1
     5     20      9174.7       11465   Coal      0     -1  3.1406138e+08       5820.201  1.8532049e-05      26980.287      53.522     -1
     5     21       11465       14327   Coal      0     -1  4.6852307e+08      7809.5675   1.666848e-05      29996.736      65.091     -1
     5     22       14327       17903   Coal      0     -1  6.8249145e+08      11816.442  1.7313685e-05      28878.889      72.842     -1
     5     23       17903       22372   Coal      0     -1   9.537883e+08      19394.551  2.0334231e-05      24589.079      89.094     -1
     5     24       22372       27956   Coal      0     -1  1.2546313e+09      28891.534  2.3027907e-05      21712.785      104.12     -1
     5     25       27956       34934   Coal      0     -1   1.522323e+09      40963.305   2.690842e-05      18581.545      108.64     -1
     5     26       34934       43654   Coal      0     -1  1.6784389e+09      51074.302  3.0429645e-05      16431.345      108.02     -1
     5     27       43654       54551   Coal      0     -1  1.6591469e+09       57572.83  3.4700261e-05      14409.114      104.14     -1
     5     28       54551       68167   Coal      0     -1  1.4578131e+09      53640.237  3.6795003e-05      13588.802      89.579     -1
     5     29       68167       85183   Coal      0     -1  1.1884032e+09      41618.312  3.5020363e-05      14277.408      73.077     -1
     5     30       85183  1.0645e+05   Coal      0     -1   1.131755e+09      21681.067  1.9157033e-05      26100.075      69.168     -1
     5     31  1.0645e+05  1.3302e+05   Coal      0     -1  1.1375108e+09      21426.165  1.8836009e-05      26544.901      67.142     -1
     5     32  1.3302e+05       1e+99   Coal      0     -1  2.5335232e+09      47751.558  1.8847887e-05      26528.173      55.077     -1
     5     -1           0       1e+99  Delay     -1     -1   2.579203e+09              0              0              0           1     -1
     5     -1           0       1e+99   LogL     -1     -1              1      -11606184      -11606184              0           1     -1
     5     -1           0       1e+99 Recomb     -1     -1           4818  1.4454006e-05  3.0000012e-09              0           1     -1
     5     -1           0       1e+99 Resamp     -1     -1   2.579203e+09         549135   0.0002129088              0           1     -1
     4      0           0         133   Coal      0     -1      309733.43      98.107137  0.00031674701      1578.5469      1.4925     -1
     4      1         133       166.2   Coal      0     -1      164924.96      1.9790249  1.1999547e-05      41668.239      2.3618     -1
     4      2       166.2      207.68   Coal      0     -1      257649.88      7.5617464  2.9348923e-05        17036.4      3.1932     -1
     4      3      207.68      259.53   Coal      0     -1      401057.15      11.151892  2.7806242e-05      17981.574      2.9234     -1
     4      4      259.53      324.31   Coal      0     -1      625545.14      13.074657   2.090122e-05      23922.048      3.8678     -1
     4      5      324.31      405.26   Coal      0     -1      979666.99       22.04357  2.2501085e-05       22221.15      4.6393     -1
     4      6      405.26      506.42   Coal      0     -1      1522090.7      47.128101  3.0962742e-05      16148.441      4.7762     -1
     4      7      506.42      632.82   Coal      0     -1      2349929.2       127.9496  5.4448279e-05      9183.0268      6.3893     -1
     4      8      632.82      790.79   Coal      0     -1      3579113.9      359.47488  0.00010043684      4978.2531      7.3416     -1
     4      9      790.79      988.18   Coal      0     -1      5361055.4      595.65793  0.00011110833      4500.1125      7.6947     -1
     4     10      988.18      1234.8   Coal      0     -1      7897239.9      1007.8114  0.00012761565      3918.0148      9.3588     -1
     4     11      1234.8      1543.1   Coal      0     -1       11431069      1447.7269  0.00012664842       3947.937      11.591     -1
     4     12      1543.1      1928.2   Coal      0     -1       16419150      1864.7136  0.00011356944       4402.593      15.476     -1
     4     13      1928.2      2409.6   Coal      0     -1       23460082      2448.2447  0.00010435789      4791.2046      15.565     -1
     4     14      2409.6        3011   Coal      0     -1       33475066       2787.299  8.3264928e-05      6004.9292      18.712     -1
     4     15        3011      3762.6   Coal      0     -1       47998521      3372.0562  7.0253336e-05      7117.0997      22.792     -1
     4     16      3762.6      4701.8   Coal      0     -1       68768746      4069.3895  5.9174985e-05      8449.5163      25.239     -1
     4     17      4701.8      5875.5   Coal      0     -1       98556798       5174.251  5.2500193e-05      9523.7745      32.019     -1
     4     18      5875.5      7342.1   Coal      0     -1   1.427731e+08      5016.5506  3.5136526e-05      14230.206      36.993     -1
     4     19      7342.1      9174.7   Coal      0     -1  2.1079096e+08      5041.7875  2.3918424e-05      20904.387      45.955     -1
     4     20      9174.7       11465   Coal      0     -1  3.1590285e+08      5842.7403   1.849537e-05      27033.792      55.724     -1
     4     21       11465       14327   Coal      0     -1  4.6983575e+08      7756.8295  1.6509662e-05      30285.296      61.085     -1
     4     22       14327       17903   Coal      0     -1   6.851618e+08      11699.507  1.7075539e-05      29281.653      70.371     -1
     4     23       17903       22372   Coal      0     -1  9.5707277e+08      19206.471  2.0067932e-05      24915.373       82.14     -1
     4     24       22372       27956   Coal      0     -1  1.2625126e+09      28784.017  2.2798993e-05      21930.793      99.885     -1
     4     25       27956       34934   Coal      0     -1   1.533864e+09      40988.281   2.672224e-05      18711.006      106.53     -1
     4     26       34934       43654   Coal      0     -1  1.6870033e+09      51139.906  3.0314052e-05      16494.001      102.92     -1
     4     27       43654       54551   Coal      0     -1  1.6713833e+09      58116.251  3.4771348e-05      14379.655      103.24     -1
     4     28       54551       68167   Coal      0     -1  1.4621928e+09      54123.452  3.7015265e-05      13507.941      88.471     -1
     4     29       68167       85183   Coal      0     -1  1.1932318e+09      42163.892  3.5335878e-05      14149.924      73.556     -1
     4     30       85183  1.0645e+05   Coal      0     -1  1.1197906e+09      21794.757  1.9463243e-05      25689.449      67.552     -1
     4     31  1.0645e+05  1.3302e+05   Coal      0     -1  1.1149391e+09       21355.58  1.9154033e-05      26104.163      65.837     -1
     4     32  1.3302e+05       1e+99   Coal      0     -1  2.4445135e+09       46883.87  1.9179223e-05      26069.878      55.058     -1
     4     -1           0       1e+99  Delay     -1     -1   2.579203e+09              0              0              0           1     -1
     4     -1           0       1e+99   LogL     -1     -1              1      -11606387      -11606387              0           1     -1
     4     -1           0       1e+99 Recomb     -1     -1           4818  1.4454006e-05  3.0000012e-09              0           1     -1
     4     -1           0       1e+99 Resamp     -1     -1   2.579203e+09         551058  0.00021365437              0           1     -1
     3      0           0         133   Coal      0     -1      304285.46      86.318979  0.00028367763      1762.5641      1.4802     -1
     3      1         133       166.2   Coal      0     -1      163708.09      2.0647396  1.2612325e-05      39643.761      2.1874     -1
     3      2       166.2      207.68   Coal      0     -1      254764.46      6.7038058   2.631374e-05       19001.48      2.9741     -1
     3      3      207.68      259.53   Coal      0     -1      397837.55      9.7573272  2.4525908e-05      20386.605      3.2473     -1
     3      4      259.53      324.31   Coal      0     -1      623183.24      11.292986  1.8121454e-05      27591.605      4.5651     -1
     3      5      324.31      405.26   Coal      0     -1      968362.45       24.34914  2.5144655e-05      19884.942      4.6356     -1
     3      6      405.26      506.42   Coal      0     -1      1506860.8      50.779898  3.3699129e-05      14837.179      5.1897     -1
     3      7      506.42      632.82   Coal      0     -1        2331365       130.2398  5.5864183e-05      8950.2786      6.6227     -1
     3      8      632.82      790.79   Coal      0     -1        3557227      358.45049  0.00010076683      4961.9502      7.5279     -1
     3      9      790.79      988.18   Coal      0     -1        5327637      576.73564  0.00010825355       4618.786      7.9422     -1
     3     10      988.18      1234.8   Coal      0     -1      7880721.7      942.20251   0.0001195579      4182.0742       9.835     -1
     3     11      1234.8      1543.1   Coal      0     -1       11491744      1335.1284  0.00011618153      4303.6099      11.932     -1
     3     12      1543.1      1928.2   Coal      0     -1       16596921      1732.4885  0.00010438614      4789.9081      13.506     -1
     3     13      1928.2      2409.6   Coal      0     -1       23825622       2289.383  9.6089119e-05      5203.5028      16.558     -1
     3     14      2409.6        3011   Coal      0     -1       34159942      2676.9263  7.8364486e-05      6380.4412      18.189     -1
     3     15        3011      3762.6   Coal      0     -1       48995888       3320.784   6.777679e-05      7377.1567      22.564     -1
     3     16      3762.6      4701.8   Coal      0     -1       70176326      4077.1954  5.8099301e-05      8605.9556      27.753     -1
     3     17      4701.8      5875.5   Coal      0     -1  1.0005959e+08      5236.3587  5.2332404e-05      9554.3098      31.232     -1
     3     18      5875.5      7342.1   Coal      0     -1  1.4459832e+08      5054.7692  3.4957317e-05      14303.157      36.422     -1
     3     19      7342.1      9174.7   Coal      0     -1  2.1306799e+08      5085.4383  2.3867679e-05      20948.832      46.163     -1
     3     20      9174.7       11465   Coal      0     -1   3.177776e+08      5835.8459   1.836456e-05      27226.353      49.677     -1
     3     21       11465       14327   Coal      0     -1  4.7317854e+08      7691.6799  1.6255344e-05      30759.115      63.023     -1
     3     22       14327       17903   Coal      0     -1  6.8966759e+08      11552.343  1.6750596e-05      29849.684      71.595     -1
     3     23       17903       22372   Coal      0     -1  9.6560978e+08      19030.559  1.9708333e-05      25369.979      86.435     -1
     3     24       22372       27956   Coal      0     -1  1.2708781e+09      28596.257  2.2501181e-05      22221.056      95.319     -1
     3     25       27956       34934   Coal      0     -1  1.5570223e+09      41240.921  2.6487045e-05      18877.153      112.24     -1
     3     26       34934       43654   Coal      0     -1  1.6989522e+09       51254.42  3.0168253e-05      16573.714      98.625     -1
     3     27       43654       54551   Coal      0     -1  1.6826738e+09      58607.098  3.4829744e-05      14355.546      100.61     -1
     3     28       54551       68167   Coal      0     -1  1.4691172e+09      54694.234   3.722932e-05      13430.275      87.407     -1
     3     29       68167       85183   Coal      0     -1  1.1920223e+09       42677.89  3.5802928e-05      13965.338       74.62     -1
     3     30       85183  1.0645e+05   Coal      0     -1  1.1035635e+09       21867.21   1.981509e-05      25233.295      68.208     -1
     3     31  1.0645e+05  1.3302e+05   Coal      0     -1  1.0971338e+09      21437.234  1.9539308e-05      25589.443      66.251     -1
     3     32  1.3302e+05       1e+99   Coal      0     -1   2.346945e+09      45872.247  1.9545515e-05      25581.317      56.342     -1
     3     -1           0       1e+99  Delay     -1     -1   2.579203e+09              0              0              0           1     -1
     3     -1           0       1e+99   LogL     -1     -1              1      -11606758      -11606758              0           1     -1
     3     -1           0       1e+99 Recomb     -1     -1           4818  1.4454006e-05  3.0000012e-09              0           1     -1
     3     -1           0       1e+99 Resamp     -1     -1   2.579203e+09         553063  0.00021443175              0           1     -1
     2      0           0         133   Coal      0     -1      318924.24       78.73667  0.00024688205      2025.2586      1.6377     -1
     2      1         133       166.2   Coal      0     -1       168201.6      4.4479317  2.6444051e-05      18907.844      2.3488     -1
     2      2       166.2      207.68   Coal      0     -1      262093.07      8.9915771   3.430681e-05      14574.366      2.6498     -1
     2      3      207.68      259.53   Coal      0     -1      408280.26      9.4113715  2.3051253e-05      21690.795      3.5223     -1
     2      4      259.53      324.31   Coal      0     -1      631492.72      14.925045  2.3634547e-05      21155.472      3.9127     -1
     2      5      324.31      405.26   Coal      0     -1      983233.58      24.183979  2.4596372e-05      20328.201      4.4108     -1
     2      6      405.26      506.42   Coal      0     -1      1526689.1      54.520566  3.5711637e-05      14001.038      5.0045     -1
     2      7      506.42      632.82   Coal      0     -1      2352532.4      129.95323   5.523972e-05      9051.4578      6.0842     -1
     2      8      632.82      790.79   Coal      0     -1      3583769.9      330.99979   9.236078e-05      5413.5532      7.7345     -1
     2      9      790.79      988.18   Coal      0     -1      5384217.8      537.55013  9.9838109e-05      5008.1077      9.3858     -1
     2     10      988.18      1234.8   Coal      0     -1        7983655      862.27387   0.0001080049      4629.4195      8.4821     -1
     2     11      1234.8      1543.1   Coal      0     -1       11660599      1208.4847  0.00010363831       4824.471      11.222     -1
     2     12      1543.1      1928.2   Coal      0     -1       16953115      1575.5685  9.2936812e-05      5379.9995      13.835     -1
     2     13      1928.2      2409.6   Coal      0     -1       24431137      2102.9398  8.6076213e-05      5808.8058      16.478     -1
     2     14      2409.6        3011   Coal      0     -1       35135943      2536.7242  7.2197413e-05      6925.4559      19.966     -1
     2     15        3011      3762.6   Coal      0     -1       50397924      3233.2401  6.4154233e-05       7793.718      20.744     -1
     2     16      3762.6      4701.8   Coal      0     -1       71979965      4064.5352  5.6467591e-05      8854.6366      25.525     -1
     2     17      4701.8      5875.5   Coal      0     -1   1.022687e+08      5263.4032  5.1466416e-05      9715.0733      28.205     -1
     2     18      5875.5      7342.1   Coal      0     -1  1.4728169e+08      5096.5691  3.4604229e-05      14449.101      37.294     -1
     2     19      7342.1      9174.7   Coal      0     -1  2.1589779e+08      5110.6149  2.3671455e-05      21122.487       41.78     -1
     2     20      9174.7       11465   Coal      0     -1  3.2208852e+08      5825.8121  1.8087612e-05       27643.23      53.259     -1
     2     21       11465       14327   Coal      0     -1  4.7908653e+08       7628.603  1.5923226e-05      31400.672      65.455     -1
     2     22       14327       17903   Coal      0     -1  6.9534668e+08       11378.34   1.636355e-05      30555.718      63.162     -1
     2     23       17903       22372   Coal      0     -1  9.7522992e+08      18830.088  1.9308358e-05      25895.522      79.942     -1
     2     24       22372       27956   Coal      0     -1  1.2896778e+09      28555.833  2.2141835e-05      22581.688      96.034     -1
     2     25       27956       34934   Coal      0     -1  1.5692129e+09      41244.491  2.6283554e-05      19023.303      102.37     -1
     2     26       34934       43654   Coal      0     -1  1.7257334e+09      51672.942  2.9942598e-05      16698.618      97.699     -1
     2     27       43654       54551   Coal      0     -1  1.7070042e+09      59563.446  3.4893555e-05      14329.294      100.58     -1
     2     28       54551       68167   Coal      0     -1  1.4722092e+09      55211.842  3.7502715e-05      13332.368      84.366     -1
     2     29       68167       85183   Coal      0     -1  1.1863054e+09      43076.015  3.6311068e-05      13769.906      71.186     -1
     2     30       85183  1.0645e+05   Coal      0     -1  1.0887297e+09      22003.044  2.0209832e-05      24740.433      64.499     -1
     2     31  1.0645e+05  1.3302e+05   Coal      0     -1  1.0774224e+09      21549.176  2.0000675e-05      24999.157      65.196     -1
     2     32  1.3302e+05       1e+99   Coal      0     -1  2.2303102e+09      44605.449  1.9999661e-05      25000.424      51.615     -1
     2     -1           0       1e+99  Delay     -1     -1   2.579203e+09              0              0              0           1     -1
     2     -1           0       1e+99   LogL     -1     -1              1      -11607167      -11607167              0           1     -1
     2     -1           0       1e+99 Recomb     -1     -1           4818  1.4454006e-05  3.0000012e-09              0           1     -1
     2     -1           0       1e+99 Resamp     -1     -1   2.579203e+09         554350  0.00021493074              0           1     -1
     1      0           0         133   Coal      0     -1      317484.05      52.478433  0.00016529471      3024.9003      1.6157     -1
     1      1         133       166.2   Coal      0     -1      169840.72      3.6173372   2.129841e-05      23475.931      2.4629     -1
     1      2       166.2      207.68   Coal      0     -1      263735.49      8.4984243  3.2223287e-05      15516.729      2.7557     -1
     1      3      207.68      259.53   Coal      0     -1      409395.03      9.5962936  2.3440181e-05      21330.893       2.891     -1
     1      4      259.53      324.31   Coal      0     -1      636660.73      15.686679  2.4638992e-05      20293.038      3.8969     -1
     1      5      324.31      405.26   Coal      0     -1      987734.62      26.903103  2.7237177e-05      18357.262      4.0614     -1
     1      6      405.26      506.42   Coal      0     -1      1528480.8      48.304067  3.1602665e-05      15821.451      5.0867     -1
     1      7      506.42      632.82   Coal      0     -1      2352999.9       109.0472  4.6343902e-05      10788.906      5.9915     -1
     1      8      632.82      790.79   Coal      0     -1      3595083.3      300.34448  8.3543121e-05      5984.9332      6.4338     -1
     1      9      790.79      988.18   Coal      0     -1      5414552.5      475.94658   8.790137e-05      5688.1935      8.2682     -1
     1     10      988.18      1234.8   Coal      0     -1      8053953.7      727.36982  9.0312143e-05      5536.3541      10.065     -1
     1     11      1234.8      1543.1   Coal      0     -1       11876753      1025.4962  8.6344833e-05      5790.7345      10.806     -1
     1     12      1543.1      1928.2   Coal      0     -1       17369691      1377.4078  7.9299497e-05      6305.2103      13.895     -1
     1     13      1928.2      2409.6   Coal      0     -1       25196975       1866.798  7.4088179e-05      6748.7149      15.761     -1
     1     14      2409.6        3011   Coal      0     -1       36325965      2344.9126  6.4551969e-05      7745.6971      20.981     -1
     1     15        3011      3762.6   Coal      0     -1       52121410      3064.8389  5.8801918e-05       8503.124      18.463     -1
     1     16      3762.6      4701.8   Coal      0     -1       74566740      3976.4942  5.3327988e-05      9375.9397      23.759     -1
     1     17      4701.8      5875.5   Coal      0     -1  1.0586305e+08      5275.2904  4.9831274e-05       10033.86      31.418     -1
     1     18      5875.5      7342.1   Coal      0     -1  1.5154855e+08      5116.5522  3.3761804e-05      14809.635      34.964     -1
     1     19      7342.1      9174.7   Coal      0     -1   2.211466e+08      5122.1447  2.3161761e-05      21587.305       41.73     -1
     1     20      9174.7       11465   Coal      0     -1  3.2818253e+08      5799.0022  1.7670051e-05      28296.466      50.162     -1
     1     21       11465       14327   Coal      0     -1  4.8615307e+08      7530.2475  1.5489458e-05      32280.019      57.877     -1
     1     22       14327       17903   Coal      0     -1  7.0936087e+08      11262.538  1.5877022e-05      31492.051      72.587     -1
     1     23       17903       22372   Coal      0     -1  9.9036587e+08      18649.066  1.8830481e-05      26552.694       78.96     -1
     1     24       22372       27956   Coal      0     -1  1.3079441e+09      28417.363  2.1726742e-05      23013.115      90.131     -1
     1     25       27956       34934   Coal      0     -1  1.5960255e+09      41442.063   2.596579e-05      19256.106      99.913     -1
     1     26       34934       43654   Coal      0     -1   1.761677e+09      52370.142  2.9727437e-05      16819.479      100.82     -1
     1     27       43654       54551   Coal      0     -1  1.7245803e+09       60266.32    3.49455e-05      14307.994      96.267     -1
     1     28       54551       68167   Coal      0     -1  1.4860369e+09      56151.526   3.778609e-05      13232.382      82.722     -1
     1     29       68167       85183   Coal      0     -1  1.1919386e+09      44000.349  3.6914944e-05       13544.65      72.849     -1
     1     30       85183  1.0645e+05   Coal      0     -1  1.0756601e+09      22236.055  2.0672008e-05      24187.297      63.863     -1
     1     31  1.0645e+05  1.3302e+05   Coal      0     -1  1.0502909e+09      21540.074  2.0508673e-05      24379.929      63.267     -1
     1     32  1.3302e+05       1e+99   Coal      0     -1  2.1042335e+09       43186.86  2.0523797e-05      24361.964      52.877     -1
     1     -1           0       1e+99  Delay     -1     -1   2.579203e+09              0              0              0           1     -1
     1     -1           0       1e+99   LogL     -1     -1              1      -11608006      -11608006              0           1     -1
     1     -1           0       1e+99 Recomb     -1     -1           4818  1.4454006e-05  3.0000012e-09              0           1     -1
     1     -1           0       1e+99 Resamp     -1     -1   2.579203e+09         554872  0.00021513313              0           1     -1
     0      0           0         133   Coal      0     -1      309729.35      21.906027  7.0726352e-05      7069.5008      1.4099     -1
     0      1         133       166.2   Coal      0     -1      166712.81      3.0058243  1.8029954e-05      27731.629      2.3498     -1
     0      2       166.2      207.68   Coal      0     -1      260685.91      5.6004996  2.1483707e-05      23273.451      2.5359     -1
     0      3      207.68      259.53   Coal      0     -1      407376.92      7.3447894  1.8029469e-05      27732.376      2.5637     -1
     0      4      259.53      324.31   Coal      0     -1      628658.04      10.636071  1.6918691e-05      29553.115      3.6575     -1
     0      5      324.31      405.26   Coal      0     -1      979320.82      21.143989  2.1590462e-05      23158.374      3.7106     -1
     0      6      405.26      506.42   Coal      0     -1      1529815.3      42.045062  2.7483751e-05      18192.567      5.9318     -1
     0      7      506.42      632.82   Coal      0     -1      2361534.3       89.71764   3.799125e-05      13160.925      5.8494     -1
     0      8      632.82      790.79   Coal      0     -1      3619558.6      238.82578  6.5982019e-05       7577.822      6.3311     -1
     0      9      790.79      988.18   Coal      0     -1        5437028      370.42411  6.8129889e-05      7338.9228      8.6023     -1
     0     10      988.18      1234.8   Coal      0     -1      8152305.3      553.28171  6.7868129e-05      7367.2283      9.7633     -1
     0     11      1234.8      1543.1   Coal      0     -1       12132998      785.95581  6.4778367e-05      7718.6262      10.927     -1
     0     12      1543.1      1928.2   Coal      0     -1       17890601      1113.9756  6.2265967e-05      8030.0688      14.095     -1
     0     13      1928.2      2409.6   Coal      0     -1       26182001       1555.451  5.9409171e-05      8416.2091      14.806     -1
     0     14      2409.6        3011   Coal      0     -1       38011185      2086.7365  5.4897959e-05      9107.8067      18.763     -1
     0     15        3011      3762.6   Coal      0     -1       54727874      2809.3918  5.1333838e-05       9740.164       23.31     -1
     0     16      3762.6      4701.8   Coal      0     -1       78298063      3805.0232  4.8596645e-05      10288.776      27.961     -1
     0     17      4701.8      5875.5   Coal      0     -1  1.1051346e+08      5143.9063  4.6545517e-05      10742.173      28.797     -1
     0     18      5875.5      7342.1   Coal      0     -1  1.5780438e+08      5056.7268  3.2044275e-05      15603.411       35.89     -1
     0     19      7342.1      9174.7   Coal      0     -1  2.2929264e+08      5091.3564  2.2204622e-05      22517.834      44.431     -1
     0     20      9174.7       11465   Coal      0     -1  3.3829056e+08      5761.1829   1.703028e-05       29359.47      50.527     -1
     0     21       11465       14327   Coal      0     -1  4.9927426e+08      7417.7904  1.4857146e-05       33653.84       58.72     -1
     0     22       14327       17903   Coal      0     -1  7.2589459e+08      11117.508  1.5315596e-05      32646.462      70.886     -1
     0     23       17903       22372   Coal      0     -1  1.0150569e+09      18502.185  1.8227732e-05      27430.731      81.836     -1
     0     24       22372       27956   Coal      0     -1   1.344797e+09      28468.999  2.1169737e-05      23618.621      97.726     -1
     0     25       27956       34934   Coal      0     -1   1.628416e+09      41572.075  2.5529149e-05      19585.455      95.523     -1
     0     26       34934       43654   Coal      0     -1  1.8001181e+09      53072.291  2.9482671e-05      16959.115      98.381     -1
     0     27       43654       54551   Coal      0     -1   1.765878e+09      61723.736  3.4953568e-05      14304.691      98.406     -1
     0     28       54551       68167   Coal      0     -1  1.5124734e+09      57583.904  3.8072673e-05      13132.779      85.236     -1
     0     29       68167       85183   Coal      0     -1  1.1947854e+09      44960.956   3.763099e-05      13286.921      72.878     -1
     0     30       85183  1.0645e+05   Coal      0     -1  1.0640805e+09      22573.808  2.1214379e-05       23568.92      64.089     -1
     0     31  1.0645e+05  1.3302e+05   Coal      0     -1  1.0238036e+09      21618.336  2.1115707e-05      23679.056      63.331     -1
     0     32  1.3302e+05       1e+99   Coal      0     -1  1.9876815e+09      41986.898  2.1123554e-05      23670.259      55.204     -1
     0     -1           0       1e+99  Delay     -1     -1   2.579203e+09              0              0              0           1     -1
     0     -1           0       1e+99   LogL     -1     -1              1      -11609629      -11609629              0           1     -1
     0     -1           0       1e+99 Recomb     -1     -1           4818  1.4454006e-05  3.0000012e-09              0           1     -1
     0     -1           0       1e+99 Resamp     -1     -1   2.579203e+09         552992  0.00021440422              0           1     -1
