  Iter  Epoch       Start         End   Type   From     To            Opp          Count           Rate             Ne         ESS  Clump
    10      0           0         133   Coal      0     -1       309918.7      35.962996   0.0001160401      4308.8554      1.4674     -1
    10      1         133       166.2   Coal      0     -1      164535.75      1.2428737  7.5538216e-06      66191.661      2.3472     -1
    10      2       166.2      207.68   Coal      0     -1      256179.39      1.7005479  6.6381136e-06      75322.604      2.4773     -1
    10      3      207.68      259.53   Coal      0     -1      398859.72      8.7370215  2.1904998e-05       22825.84      2.7041     -1
    10      4      259.53      324.31   Coal      0     -1      626819.35      8.1550343  1.3010183e-05      38431.436       3.224     -1
    10      5      324.31      405.26   Coal      0     -1      972272.79      38.518604  3.9617075e-05      12620.821      4.3734     -1
    10      6      405.26      506.42   Coal      0     -1      1506120.5      88.372919  5.8675861e-05      8521.3917       4.995     -1
    10      7      506.42      632.82   Coal      0     -1      2304959.5      174.86231  7.5863507e-05      6590.7842      6.0857     -1
    10      8      632.82      790.79   Coal      0     -1      3520426.4      318.63123  9.0509274e-05      5524.2958      7.0814     -1
    10      9      790.79      988.18   Coal      0     -1      5343136.4      379.96334  7.1112416e-05       7031.121      9.5747     -1
    10     10      988.18      1234.8   Coal      0     -1        8132907      530.24413  6.5197368e-05      7669.0213      10.793     -1
    10     11      1234.8      1543.1   Coal      0     -1       12357893      671.17999  5.4311846e-05      9206.0947      11.458     -1
    10     12      1543.1      1928.2   Coal      0     -1       18688399      909.45102  4.8663933e-05       10274.55      14.814     -1
    10     13      1928.2      2409.6   Coal      0     -1       28231047      1185.3288  4.1986711e-05       11908.53      17.686     -1
    10     14      2409.6        3011   Coal      0     -1       42669941      1546.3999  3.6240966e-05      13796.542      20.891     -1
    10     15        3011      3762.6   Coal      0     -1       64224446        2067.88  3.2197709e-05      15529.055      24.064     -1
    10     16      3762.6      4701.8   Coal      0     -1       96296467        2938.78  3.0518046e-05      16383.749      26.821     -1
    10     17      4701.8      5875.5   Coal      0     -1  1.4287752e+08        4439.36  3.1071088e-05       16092.13      31.347     -1
    10     18      5875.5      7342.1   Coal      0     -1  2.1143277e+08        5023.65  2.3760035e-05       21043.74      40.495     -1
    10     19      7342.1      9174.7   Coal      0     -1  3.1386831e+08        6018.35  1.9174762e-05      26075.943      44.727     -1
    10     20      9174.7       11465   Coal      0     -1  4.6690156e+08        7909.19  1.6939738e-05      29516.395      56.266     -1
    10     21       11465       14327   Coal      0     -1  6.8506839e+08       11648.36  1.7003208e-05      29406.216      62.382     -1
    10     22       14327       17903   Coal      0     -1  9.8184903e+08       17912.74  1.8243884e-05      27406.444      82.361     -1
    10     23       17903       22372   Coal      0     -1  1.3381008e+09       29749.29  2.2232474e-05      22489.625      88.311     -1
    10     24       22372       27956   Coal      0     -1  1.7105921e+09       43243.29  2.5279721e-05      19778.699      100.19     -1
    10     25       27956       34934   Coal      0     -1  2.0232107e+09       58469.13  2.8899179e-05      17301.529      107.52     -1
    10     26       34934       43654   Coal      0     -1  2.2017548e+09       68896.61  3.1291682e-05      15978.687      111.03     -1
    10     27       43654       54551   Coal      0     -1  2.1830641e+09       75471.89  3.4571541e-05      14462.763      110.88     -1
    10     28       54551       68167   Coal      0     -1  1.9338172e+09       69902.38  3.6147357e-05       13832.27        91.9     -1
    10     29       68167       85183   Coal      0     -1  1.6385325e+09       54518.89  3.3272999e-05        15027.2      80.305     -1
    10     30       85183  1.0645e+05   Coal      0     -1  1.5671683e+09       28812.51  1.8385077e-05      27195.969      72.028     -1
    10     31  1.0645e+05  1.3302e+05   Coal      0     -1  1.6209759e+09        28592.7  1.7639188e-05      28345.976      71.347     -1
    10     32  1.3302e+05       1e+99   Coal      0     -1  4.0359756e+09       69845.82  1.7305808e-05      28892.034      59.033     -1
    10     -1           0       1e+99  Delay     -1     -1  2.5982331e+09              0              0              0           1     -1
    10     -1           0       1e+99   LogL     -1     -1              1      -15638152      -15638152              0           1     -1
    10     -1           0       1e+99 Recomb     -1     -1           4158  1.2474005e-05  3.0000011e-09              0           1     -1
    10     -1           0       1e+99 Resamp     -1     -1  2.5982331e+09         732428  0.00028189465              0           1     -1
     9      0           0         133   Coal      0     -1      313087.74      30.934605  9.8804906e-05      5060.4775      1.4564     -1
     9      1         133       166.2   Coal      0     -1      170017.95      1.5280373  8.9875058e-06      55632.788      2.0911     -1
     9      2       166.2      207.68   Coal      0     -1      263992.68     0.73923756  2.8002199e-06       178557.4      2.5769     -1
     9      3      207.68      259.53   Coal      0     -1      410551.51      9.1834156  2.2368486e-05      22352.877      2.6192     -1
     9      4      259.53      324.31   Coal      0     -1      633036.03      10.959082  1.7311941e-05      28881.799      3.6343     -1
     9      5      324.31      405.26   Coal      0     -1      982550.47      37.132833  3.7792291e-05      13230.211      4.3358     -1
     9      6      405.26      506.42   Coal      0     -1      1520803.2      84.969404  5.5871399e-05      8949.1226      4.4193     -1
     9      7      506.42      632.82   Coal      0     -1      2328321.5      168.43189  7.2340481e-05      6911.7594      5.9221     -1
     9      8      632.82      790.79   Coal      0     -1      3541277.2      309.29368  8.7339585e-05      5724.7811      7.0025     -1
     9      9      790.79      988.18   Coal      0     -1      5366154.7      378.27406  7.0492575e-05      7092.9456      9.0115     -1
     9     10      988.18      1234.8   Coal      0     -1        8132198      532.76608  6.5513171e-05      7632.0531      10.921     -1
     9     11      1234.8      1543.1   Coal      0     -1       12340542      669.37033  5.4241568e-05      9218.0226      12.004     -1
     9     12      1543.1      1928.2   Coal      0     -1       18710063      890.66315  4.7603428e-05      10503.445      14.801     -1
     9     13      1928.2      2409.6   Coal      0     -1       28313959      1182.2106  4.1753631e-05      11975.006       18.57     -1
     9     14      2409.6        3011   Coal      0     -1       42754536      1559.5795  3.6477521e-05      13707.072      20.348     -1
     9     15        3011      3762.6   Coal      0     -1       64292716        2114.44  3.2887707e-05      15203.249      23.846     -1
     9     16      3762.6      4701.8   Coal      0     -1       96300918        2978.92  3.0933454e-05       16163.73      27.999     -1
     9     17      4701.8      5875.5   Coal      0     -1  1.4273759e+08        4511.92  3.1609894e-05      15817.832      31.489     -1
     9     18      5875.5      7342.1   Coal      0     -1   2.113117e+08        5078.63  2.4033833e-05      20804.006      39.495     -1
     9     19      7342.1      9174.7   Coal      0     -1  3.1340904e+08        6059.81  1.9335147e-05      25859.643      45.435     -1
     9     20      9174.7       11465   Coal      0     -1  4.6608102e+08        7896.82   1.694302e-05      29510.678      55.354     -1
     9     21       11465       14327   Coal      0     -1  6.8451489e+08       11599.59  1.6945709e-05      29505.995      61.191     -1
     9     22       14327       17903   Coal      0     -1  9.8148816e+08       17782.02  1.8117407e-05      27597.769      81.176     -1
     9     23       17903       22372   Coal      0     -1  1.3391874e+09       29457.95  2.1996883e-05      22730.493      87.014     -1
     9     24       22372       27956   Coal      0     -1  1.7150861e+09        42964.1  2.5050695e-05      19959.526      99.081     -1
     9     25       27956       34934   Coal      0     -1  2.0327364e+09        58356.6  2.8708396e-05      17416.508      108.79     -1
     9     26       34934       43654   Coal      0     -1  2.2122296e+09       69066.63  3.1220372e-05      16015.184      109.85     -1
     9     27       43654       54551   Coal      0     -1  2.1922145e+09       76009.08  3.4672283e-05      14420.741      110.99     -1
     9     28       54551       68167   Coal      0     -1  1.9383046e+09       70242.87  3.6239335e-05      13797.163      92.436     -1
     9     29       68167       85183   Coal      0     -1  1.6357264e+09       54838.49  3.3525467e-05      14914.035      81.436     -1
     9     30       85183  1.0645e+05   Coal      0     -1  1.5557313e+09       28774.62  1.8495881e-05      27033.046      72.994     -1
     9     31  1.0645e+05  1.3302e+05   Coal      0     -1  1.6096741e+09       28631.44  1.7787103e-05      28110.254      74.277     -1
     9     32  1.3302e+05       1e+99   Coal      0     -1  3.9523288e+09       69078.02  1.7477802e-05      28607.716      58.365     -1
     9     -1           0       1e+99  Delay     -1     -1  2.5982331e+09              0              0              0           1     -1
     9     -1           0       1e+99   LogL     -1     -1              1      -15638152      -15638152              0           1     -1
     9     -1           0       1e+99 Recomb     -1     -1           4158  1.2474005e-05  3.0000011e-09              0           1     -1
     9     -1           0       1e+99 Resamp     -1     -1  2.5982331e+09         731609  0.00028157944              0           1     -1
     8      0           0         133   Coal      0     -1      311948.69       33.46644  0.00010728187      4660.6196      1.4936     -1
     8      1         133       166.2   Coal      0     -1      166565.89     0.30394425  1.8247689e-06       274007.3      2.4972     -1
     8      2       166.2      207.68   Coal      0     -1      258672.81      1.0215173   3.949071e-06      126612.06      2.6394     -1
     8      3      207.68      259.53   Coal      0     -1      404396.49       11.49758  2.8431454e-05      17586.156      3.0187     -1
     8      4      259.53      324.31   Coal      0     -1      635112.31      10.366573  1.6322425e-05      30632.703      3.2738     -1
     8      5      324.31      405.26   Coal      0     -1      982638.51      38.448317  3.9127631e-05      12778.693       4.603     -1
     8      6      405.26      506.42   Coal      0     -1      1518324.2      84.512774  5.5661876e-05      8982.8091      5.3479     -1
     8      7      506.42      632.82   Coal      0     -1      2332236.5      155.41131  6.6636171e-05      7503.4324      5.8822     -1
     8      8      632.82      790.79   Coal      0     -1      3558486.4      299.04407  8.4036874e-05      5949.7692       7.451     -1
     8      9      790.79      988.18   Coal      0     -1      5402221.1       379.5559  7.0259231e-05      7116.5026      9.0841     -1
     8     10      988.18      1234.8   Coal      0     -1      8177367.7      521.27453  6.3746006e-05      7843.6286      11.965     -1
     8     11      1234.8      1543.1   Coal      0     -1       12404872      656.25887  5.2903316e-05      9451.2034       11.81     -1
     8     12      1543.1      1928.2   Coal      0     -1       18796722      873.75509   4.648444e-05      10756.288       15.91     -1
     8     13      1928.2      2409.6   Coal      0     -1       28434544      1191.5044  4.1903413e-05      11932.202      17.346     -1
     8     14      2409.6        3011   Coal      0     -1       42865023        1571.32  3.6657393e-05      13639.813      22.563     -1
     8     15        3011      3762.6   Coal      0     -1       64445489        2135.33  3.3133894e-05      15090.288      25.259     -1
     8     16      3762.6      4701.8   Coal      0     -1       96410741        3034.82  3.1478028e-05      15884.095      26.679     -1
     8     17      4701.8      5875.5   Coal      0     -1  1.4271537e+08         4595.1  3.2197653e-05      15529.082      32.377     -1
     8     18      5875.5      7342.1   Coal      0     -1  2.1108764e+08        5147.84  2.4387217e-05      20502.545      40.749     -1
     8     19      7342.1      9174.7   Coal      0     -1   3.129293e+08        6096.63  1.9482452e-05      25664.121      45.527     -1
     8     20      9174.7       11465   Coal      0     -1  4.6531677e+08        7884.09   1.694349e-05      29509.859      58.966     -1
     8     21       11465       14327   Coal      0     -1  6.8321392e+08       11496.05  1.6826428e-05      29715.159      61.401     -1
     8     22       14327       17903   Coal      0     -1  9.8136622e+08       17600.08  1.7934263e-05      27879.595      82.902     -1
     8     23       17903       22372   Coal      0     -1  1.3416499e+09       29184.38  2.1752605e-05      22985.753      90.192     -1
     8     24       22372       27956   Coal      0     -1  1.7213247e+09       42672.92  2.4790744e-05      20168.817      101.29     -1
     8     25       27956       34934   Coal      0     -1  2.0462644e+09       58329.42  2.8505319e-05      17540.586      112.73     -1
     8     26       34934       43654   Coal      0     -1  2.2284884e+09       69381.94  3.1134082e-05      16059.571      114.82     -1
     8     27       43654       54551   Coal      0     -1  2.1971466e+09       76460.83  3.4800059e-05      14367.792       110.8     -1
     8     28       54551       68167   Coal      0     -1  1.9372984e+09        70432.8  3.6356195e-05      13752.814      91.793     -1
     8     29       68167       85183   Coal      0     -1  1.6269911e+09       55014.05  3.3813369e-05      14787.051      79.925     -1
     8     30       85183  1.0645e+05   Coal      0     -1  1.5508125e+09       28850.72  1.8603616e-05      26876.495      72.095     -1
     8     31  1.0645e+05  1.3302e+05   Coal      0     -1  1.5982181e+09       28706.85  1.7961785e-05      27836.877       73.71     -1
     8     32  1.3302e+05       1e+99   Coal      0     -1  3.8592897e+09        68264.2  1.7688281e-05      28267.303      60.256     -1
     8     -1           0       1e+99  Delay     -1     -1  2.5982331e+09              0              0              0           1     -1
     8     -1           0       1e+99   LogL     -1     -1              1      -15638223      -15638223              0           1     -1
     8     -1           0       1e+99 Recomb     -1     -1           4158  1.2474005e-05  3.0000011e-09              0           1     -1
     8     -1           0       1e+99 Resamp     -1     -1  2.5982331e+09         729732  0.00028085702              0           1     -1
     7      0           0         133   Coal      0     -1      307498.13      27.661646  8.9957119e-05      5558.2038      1.5014     -1
     7      1         133       166.2   Coal      0     -1      164713.72     0.56005125  3.4001493e-06      147052.36      2.2517     -1
     7      2       166.2      207.68   Coal      0     -1      259000.96      2.2589736  8.7218735e-06      57327.133      2.7137     -1
     7      3      207.68      259.53   Coal      0     -1      403972.49      11.055461  2.7366866e-05      18270.269      2.8933     -1
     7      4      259.53      324.31   Coal      0     -1      628616.07      8.0646602   1.282923e-05        38973.5        3.87     -1
     7      5      324.31      405.26   Coal      0     -1      977862.44      39.282357  4.0171659e-05      12446.586      3.9697     -1
     7      6      405.26      506.42   Coal      0     -1        1524063        76.6572  5.0297922e-05      9940.7686      5.3181     -1
     7      7      506.42      632.82   Coal      0     -1      2341699.2      145.57145   6.216488e-05      8043.1266      5.9815     -1
     7      8      632.82      790.79   Coal      0     -1      3558120.1      292.34304  8.2162216e-05      6085.5223       6.427     -1
     7      9      790.79      988.18   Coal      0     -1      5379884.4      368.47059  6.8490428e-05      7300.2902      8.9512     -1
     7     10      988.18      1234.8   Coal      0     -1      8174092.6      510.71668  6.2479923e-05      8002.5707      11.859     -1
     7     11      1234.8      1543.1   Coal      0     -1       12411364      653.10526  5.2621552e-05      9501.8102      12.022     -1
     7     12      1543.1      1928.2   Coal      0     -1       18833515      870.91323  4.6242735e-05      10812.509      16.117     -1
     7     13      1928.2      2409.6   Coal      0     -1       28457773      1181.4804  4.1516966e-05      12043.269      17.536     -1
     7     14      2409.6        3011   Coal      0     -1       42991542      1585.3412  3.6875653e-05      13559.082      20.642     -1
     7     15        3011      3762.6   Coal      0     -1       64580191         2135.8   3.307206e-05      15118.502       25.56     -1
     7     16      3762.6      4701.8   Coal      0     -1       96565757        3092.35  3.2023257e-05      15613.653      26.273     -1
     7     17      4701.8      5875.5   Coal      0     -1   1.427191e+08        4677.12  3.2771507e-05      15257.156      31.111     -1
     7     18      5875.5      7342.1   Coal      0     -1  2.1055749e+08        5223.27  2.4806859e-05      20155.716      40.475     -1
     7     19      7342.1      9174.7   Coal      0     -1   3.116879e+08        6145.52  1.9716903e-05      25358.952      46.023     -1
     7     20      9174.7       11465   Coal      0     -1  4.6375265e+08        7856.77  1.6941725e-05      29512.933      59.253     -1
     7     21       11465       14327   Coal      0     -1  6.8172393e+08       11352.96   1.665331e-05      30024.061        64.1     -1
     7     22       14327       17903   Coal      0     -1   9.801649e+08       17381.24  1.7732975e-05      28196.058      81.971     -1
     7     23       17903       22372   Coal      0     -1  1.3431827e+09       28800.83  2.1442229e-05      23318.472       89.12     -1
     7     24       22372       27956   Coal      0     -1  1.7282297e+09       42335.48  2.4496443e-05      20411.126      99.671     -1
     7     25       27956       34934   Coal      0     -1  2.0570706e+09       58224.07  2.8304361e-05      17665.122      111.05     -1
     7     26       34934       43654   Coal      0     -1  2.2387281e+09        69546.2   3.106505e-05      16095.258      111.29     -1
     7     27       43654       54551   Coal      0     -1  2.2070727e+09       76969.33  3.4873944e-05      14337.352      110.07     -1
     7     28       54551       68167   Coal      0     -1  1.9434615e+09       70894.62  3.6478531e-05      13706.692       92.52     -1
     7     29       68167       85183   Coal      0     -1  1.6212219e+09       55294.89  3.4106922e-05      14659.781      79.863     -1
     7     30       85183  1.0645e+05   Coal      0     -1   1.542139e+09       28942.92  1.8768036e-05       26641.04       72.91     -1
     7     31  1.0645e+05  1.3302e+05   Coal      0     -1  1.5828577e+09       28751.47   1.816428e-05      27526.552      73.284     -1
     7     32  1.3302e+05       1e+99   Coal      0     -1  3.7492735e+09       67232.08  1.7932029e-05      27883.069      59.352     -1
     7     -1           0       1e+99  Delay     -1     -1  2.5982331e+09              0              0              0           1     -1
     7     -1           0       1e+99   LogL     -1     -1              1      -15638371      -15638371              0           1     -1
     7     -1           0       1e+99 Recomb     -1     -1           4158  1.2474005e-05  3.0000011e-09              0           1     -1
     7     -1           0       1e+99 Resamp     -1     -1  2.5982331e+09         727863  0.00028013769              0           1     -1
     6      0           0         133   Coal      0     -1      302248.04      24.864156  8.2264076e-05      6077.9872      1.5061     -1
     6      1         133       166.2   Coal      0     -1      163997.34   0.0061206107  3.7321402e-08       13397139      1.9405     -1
     6      2       166.2      207.68   Coal      0     -1      255049.38      2.1887291  8.5815895e-06      58264.264       2.646     -1
     6      3      207.68      259.53   Coal      0     -1      396542.46      10.587219  2.6698828e-05      18727.414      3.3397     -1
     6      4      259.53      324.31   Coal      0     -1      621602.66      7.5903857  1.2210993e-05      40946.711      4.1451     -1
     6      5      324.31      405.26   Coal      0     -1      968464.44      37.535632  3.8757883e-05      12900.601      4.2113     -1
     6      6      405.26      506.42   Coal      0     -1      1501984.3      74.702952  4.9736175e-05      10053.045      5.2408     -1
     6      7      506.42      632.82   Coal      0     -1      2314785.2      138.37533   5.977891e-05      8364.1539      6.2709     -1
     6      8      632.82      790.79   Coal      0     -1      3548880.3      286.35884  8.0689912e-05      6196.5615      6.0305     -1
     6      9      790.79      988.18   Coal      0     -1      5386740.3      361.79794  6.7164542e-05      7444.4043      9.3406     -1
     6     10      988.18      1234.8   Coal      0     -1      8179410.1      495.65965   6.059846e-05      8251.0348      10.507     -1
     6     11      1234.8      1543.1   Coal      0     -1       12438472      641.54494   5.157747e-05      9694.1552      11.957     -1
     6     12      1543.1      1928.2   Coal      0     -1       18842451      859.52862  4.5616605e-05      10960.921      16.376     -1
     6     13      1928.2      2409.6   Coal      0     -1       28501474      1174.5149  4.1208917e-05      12133.296      15.589     -1
     6     14      2409.6        3011   Coal      0     -1       42975690        1604.73  3.7340412e-05      13390.318      21.038     -1
     6     15        3011      3762.6   Coal      0     -1       64489193        2177.67  3.3767983e-05      14806.925      25.192     -1
     6     16      3762.6      4701.8   Coal      0     -1       96432343        3142.91  3.2591866e-05      15341.251        26.6     -1
     6     17      4701.8      5875.5   Coal      0     -1  1.4239387e+08        4757.83  3.3413166e-05      14964.161      31.003     -1
     6     18      5875.5      7342.1   Coal      0     -1  2.1000797e+08        5279.69  2.5140427e-05      19888.286      38.947     -1
     6     19      7342.1      9174.7   Coal      0     -1  3.1094803e+08        6189.66   1.990577e-05      25118.345       44.98     -1
     6     20      9174.7       11465   Coal      0     -1  4.6259018e+08        7837.09  1.6941756e-05      29512.879      59.205     -1
     6     21       11465       14327   Coal      0     -1  6.8085049e+08       11206.77  1.6459957e-05       30376.75       64.56     -1
     6     22       14327       17903   Coal      0     -1  9.8028207e+08       17162.18   1.750739e-05      28559.369      81.834     -1
     6     23       17903       22372   Coal      0     -1  1.3461965e+09       28426.78  2.1116367e-05      23678.315      89.994     -1
     6     24       22372       27956   Coal      0     -1  1.7358934e+09       41949.56  2.4165977e-05      20690.245      100.34     -1
     6     25       27956       34934   Coal      0     -1  2.0701668e+09       58075.65  2.8053609e-05      17823.019      110.04     -1
     6     26       34934       43654   Coal      0     -1  2.2574108e+09       69805.76  3.0922931e-05       16169.23      112.56     -1
     6     27       43654       54551   Coal      0     -1  2.2213979e+09       77607.44  3.4936307e-05      14311.759      108.78     -1
     6     28       54551       68167   Coal      0     -1  1.9495274e+09       71394.33  3.6621352e-05      13653.237      92.112     -1
     6     29       68167       85183   Coal      0     -1  1.6217828e+09       55809.42  3.4412389e-05      14529.651      79.934     -1
     6     30       85183  1.0645e+05   Coal      0     -1  1.5330209e+09       29071.83  1.8963753e-05      26366.089      72.489     -1
     6     31  1.0645e+05  1.3302e+05   Coal      0     -1  1.5596985e+09       28729.71  1.8420041e-05      27144.347       70.33     -1
     6     32  1.3302e+05       1e+99   Coal      0     -1  3.6353462e+09       66149.28  1.8196143e-05      27478.351      55.855     -1
     6     -1           0       1e+99  Delay     -1     -1  2.5982331e+09              0              0              0           1     -1
     6     -1           0       1e+99   LogL     -1     -1              1      -15638418      -15638418              0           1     -1
     6     -1           0       1e+99 Recomb     -1     -1           4158  1.2474005e-05  3.0000011e-09              0           1     -1
     6     -1           0       1e+99 Resamp     -1     -1  2.5982331e+09         726477  0.00027960425              0           1     -1
     5      0           0         133   Coal      0     -1      310278.27      23.007689  7.4151791e-05      6742.9255      1.5617     -1
     5      1         133       166.2   Coal      0     -1      163915.82    0.011565552  7.0557878e-08        7086381       2.304     -1
     5      2       166.2      207.68   Coal      0     -1      260993.73      2.7179322  1.0413784e-05      48013.289      2.9167     -1
     5      3      207.68      259.53   Coal      0     -1      407571.62      9.5342277  2.3392766e-05      21374.129      2.8697     -1
     5      4      259.53      324.31   Coal      0     -1      632659.62      8.1055121  1.2811806e-05      39026.505      3.4534     -1
     5      5      324.31      405.26   Coal      0     -1      982799.44      37.222641  3.7874096e-05      13201.635       4.156     -1
     5      6      405.26      506.42   Coal      0     -1      1516859.4      69.166738  4.5598649e-05      10965.237      5.5911     -1
     5      7      506.42      632.82   Coal      0     -1        2333749      137.61336  5.8966647e-05      8479.3697      6.0132     -1
     5      8      632.82      790.79   Coal      0     -1      3555803.3      292.16368   8.216531e-05      6085.2932      7.2139     -1
     5      9      790.79      988.18   Coal      0     -1      5405094.6      353.91764  6.5478528e-05      7636.0911      8.8937     -1
     5     10      988.18      1234.8   Coal      0     -1        8214540      480.57855  5.8503403e-05      8546.5113      10.872     -1
     5     11      1234.8      1543.1   Coal      0     -1       12463857      636.75358  5.1088002e-05      9787.0337      12.807     -1
     5     12      1543.1      1928.2   Coal      0     -1       18911581      863.12117  4.5639821e-05      10955.345      13.893     -1
     5     13      1928.2      2409.6   Coal      0     -1       28553542      1183.6002  4.1451957e-05      12062.157       17.64     -1
     5     14      2409.6        3011   Coal      0     -1       43015322      1623.3351  3.7738533e-05      13249.058      21.142     -1
     5     15        3011      3762.6   Coal      0     -1       64473621        2212.73  3.4319927e-05      14568.795      26.721     -1
     5     16      3762.6      4701.8   Coal      0     -1       96222720        3200.24  3.3258673e-05      15033.672      28.265     -1
     5     17      4701.8      5875.5   Coal      0     -1  1.4187751e+08        4867.46  3.4307481e-05      14574.081      30.457     -1
     5     18      5875.5      7342.1   Coal      0     -1  2.0867066e+08        5320.05   2.549496e-05       19611.72      42.381     -1
     5     19      7342.1      9174.7   Coal      0     -1  3.0968715e+08        6198.98  2.0016911e-05      24978.879      47.617     -1
     5     20      9174.7       11465   Coal      0     -1  4.6101428e+08        7787.93  1.6893034e-05      29597.998      60.164     -1
     5     21       11465       14327   Coal      0     -1  6.7931667e+08       11061.45  1.6283201e-05      30706.493      65.479     -1
     5     22       14327       17903   Coal      0     -1  9.7963249e+08        16906.5  1.7258002e-05      28972.067      85.002     -1
     5     23       17903       22372   Coal      0     -1  1.3484029e+09       27995.78  2.0762177e-05      24082.253      91.988     -1
     5     24       22372       27956   Coal      0     -1   1.743845e+09       41487.99    2.37911e-05      21016.263      100.91     -1
     5     25       27956       34934   Coal      0     -1  2.0890105e+09        57991.1  2.7760081e-05      18011.475      117.61     -1
     5     26       34934       43654   Coal      0     -1  2.2744009e+09       70002.83   3.077858e-05      16245.064      114.03     -1
     5     27       43654       54551   Coal      0     -1  2.2363294e+09       78246.16  3.4988655e-05      14290.346      112.56     -1
     5     28       54551       68167   Coal      0     -1   1.956789e+09       71991.71  3.6790737e-05      13590.377      95.562     -1
     5     29       68167       85183   Coal      0     -1  1.6213929e+09       56385.81  3.4776155e-05      14377.668      83.937     -1
     5     30       85183  1.0645e+05   Coal      0     -1  1.5172232e+09       29147.86   1.921132e-05      26026.323      73.357     -1
     5     31  1.0645e+05  1.3302e+05   Coal      0     -1  1.5373194e+09       28755.42   1.870491e-05      26730.949       72.87     -1
     5     32  1.3302e+05       1e+99   Coal      0     -1  3.5044014e+09       64865.64  1.8509763e-05      27012.771      56.708     -1
     5     -1           0       1e+99  Delay     -1     -1  2.5982331e+09              0              0              0           1     -1
     5     -1           0       1e+99   LogL     -1     -1              1      -15638628      -15638628              0           1     -1
     5     -1           0       1e+99 Recomb     -1     -1           4158  1.2474005e-05  3.0000011e-09              0           1     -1
     5     -1           0       1e+99 Resamp     -1     -1  2.5982331e+09         723147  0.00027832261              0           1     -1
     4      0           0         133   Coal      0     -1      301501.86      19.476657  6.4598796e-05      7740.0823       1.587     -1
     4      1         133       166.2   Coal      0     -1      164210.97     0.12002997  7.3094976e-07      684041.54      2.1402     -1
     4      2       166.2      207.68   Coal      0     -1      255697.91      2.8619195  1.1192581e-05       44672.45      2.4598     -1
     4      3      207.68      259.53   Coal      0     -1      401630.34      7.1862223  1.7892628e-05       27944.47      3.2177     -1
     4      4      259.53      324.31   Coal      0     -1         632389        8.82891  1.3961201e-05      35813.538      3.4377     -1
     4      5      324.31      405.26   Coal      0     -1       976971.1      32.584125  3.3352189e-05       14991.52      4.3245     -1
     4      6      405.26      506.42   Coal      0     -1        1512291      70.014124  4.6296728e-05      10799.899      5.4117     -1
     4      7      506.42      632.82   Coal      0     -1      2332690.2      133.56699   5.725878e-05      8732.2852      6.4464     -1
     4      8      632.82      790.79   Coal      0     -1      3562599.1      288.77142  8.1056391e-05       6168.545      7.0662     -1
     4      9      790.79      988.18   Coal      0     -1      5418987.7      345.12133  6.3687418e-05      7850.8443       8.847     -1
     4     10      988.18      1234.8   Coal      0     -1      8256394.2      467.63098  5.6638644e-05      8827.8949      11.472     -1
     4     11      1234.8      1543.1   Coal      0     -1       12543182       625.8143  4.9892787e-05      10021.489      12.435     -1
     4     12      1543.1      1928.2   Coal      0     -1       18981060      860.74625  4.5347638e-05      11025.933      13.407     -1
     4     13      1928.2      2409.6   Coal      0     -1       28724691      1191.8532   4.149229e-05      12050.432       17.72     -1
     4     14      2409.6        3011   Coal      0     -1       43222969      1639.6324  3.7934283e-05      13180.689      21.196     -1
     4     15        3011      3762.6   Coal      0     -1       64695940        2288.59  3.5374554e-05      14134.454      25.473     -1
     4     16      3762.6      4701.8   Coal      0     -1       96335957        3294.67  3.4199795e-05      14619.971      26.928     -1
     4     17      4701.8      5875.5   Coal      0     -1  1.4165583e+08        4975.02  3.5120476e-05      14236.709      29.755     -1
     4     18      5875.5      7342.1   Coal      0     -1  2.0772316e+08        5429.09   2.613618e-05      19130.569      43.172     -1
     4     19      7342.1      9174.7   Coal      0     -1  3.0830748e+08        6236.97  2.0229707e-05      24716.126       44.35     -1
     4     20      9174.7       11465   Coal      0     -1  4.5918524e+08        7719.07  1.6810362e-05       29743.56      59.274     -1
     4     21       11465       14327   Coal      0     -1  6.7723634e+08       10870.36  1.6051058e-05      31150.594       62.53     -1
     4     22       14327       17903   Coal      0     -1  9.7910534e+08       16588.04  1.6942038e-05      29512.388      81.515     -1
     4     23       17903       22372   Coal      0     -1  1.3524631e+09        27526.6  2.0352939e-05      24566.477      91.429     -1
     4     24       22372       27956   Coal      0     -1  1.7547539e+09       40988.56   2.335858e-05      21405.411      99.321     -1
     4     25       27956       34934   Coal      0     -1  2.1058916e+09       57828.89  2.7460525e-05      18207.955      112.65     -1
     4     26       34934       43654   Coal      0     -1  2.2999825e+09       70337.93  3.0581941e-05      16349.518      114.45     -1
     4     27       43654       54551   Coal      0     -1  2.2573801e+09          79085  3.5033976e-05       14271.86      111.99     -1
     4     28       54551       68167   Coal      0     -1  1.9701218e+09       72855.76  3.6980332e-05      13520.701      95.216     -1
     4     29       68167       85183   Coal      0     -1  1.6143637e+09       56865.97  3.5225006e-05      14194.462      80.767     -1
     4     30       85183  1.0645e+05   Coal      0     -1  1.5022993e+09       29272.66  1.9485239e-05      25660.451      71.292     -1
     4     31  1.0645e+05  1.3302e+05   Coal      0     -1  1.5182924e+09       28888.12  1.9026717e-05      26278.838      71.688     -1
     4     32  1.3302e+05       1e+99   Coal      0     -1   3.368961e+09       63544.63  1.8861788e-05      26508.621      56.188     -1
     4     -1           0       1e+99  Delay     -1     -1  2.5982331e+09              0              0              0           1     -1
     4     -1           0       1e+99   LogL     -1     -1              1      -15638646      -15638646              0           1     -1
     4     -1           0       1e+99 Recomb     -1     -1           4158  1.2474005e-05  3.0000011e-09              0           1     -1
     4     -1           0       1e+99 Resamp     -1     -1  2.5982331e+09         720789  0.00027741507              0           1     -1
     3      0           0         133   Coal      0     -1      308691.72      21.214605  6.8724243e-05       7275.453      1.5559     -1
     3      1         133       166.2   Coal      0     -1      166699.52     0.15903414   9.540168e-07      524099.79      2.5875     -1
     3      2       166.2      207.68   Coal      0     -1      259581.49      2.3990466  9.2419786e-06      54100.969      2.8348     -1
     3      3      207.68      259.53   Coal      0     -1      405103.21      9.8322993  2.4271097e-05      20600.635      3.2995     -1
     3      4      259.53      324.31   Coal      0     -1      629210.48      9.5085207  1.5111828e-05      33086.665      3.7462     -1
     3      5      324.31      405.26   Coal      0     -1       978998.1      27.159847  2.7742492e-05      18022.894      4.5117     -1
     3      6      405.26      506.42   Coal      0     -1      1521137.2      60.144294  3.9539034e-05      12645.731      5.0514     -1
     3      7      506.42      632.82   Coal      0     -1      2342781.9       122.7872  5.2410855e-05      9540.0085      6.4574     -1
     3      8      632.82      790.79   Coal      0     -1        3579948      264.66331  7.3929373e-05      6763.2117      6.6356     -1
     3      9      790.79      988.18   Coal      0     -1      5441263.9      330.11233  6.0668318e-05      8241.5338      8.6768     -1
     3     10      988.18      1234.8   Coal      0     -1      8278349.5      439.46758  5.3086376e-05      9418.6123      10.628     -1
     3     11      1234.8      1543.1   Coal      0     -1       12579433      605.49947  4.8134081e-05       10387.65      13.033     -1
     3     12      1543.1      1928.2   Coal      0     -1       19081658      865.34635  4.5349642e-05      11025.445      13.615     -1
     3     13      1928.2      2409.6   Coal      0     -1       28810995      1194.3716  4.1455409e-05      12061.152      17.521     -1
     3     14      2409.6        3011   Coal      0     -1       43342077      1657.2476  3.8236459e-05      13076.525      22.013     -1
     3     15        3011      3762.6   Coal      0     -1       64814521        2359.56  3.6404805e-05      13734.451      24.109     -1
     3     16      3762.6      4701.8   Coal      0     -1       96307081        3388.99  3.5189417e-05      14208.818      26.891     -1
     3     17      4701.8      5875.5   Coal      0     -1  1.4135144e+08        5104.73  3.6113745e-05      13845.144      32.012     -1
     3     18      5875.5      7342.1   Coal      0     -1   2.068955e+08        5535.99  2.6757421e-05      18686.405      43.558     -1
     3     19      7342.1      9174.7   Coal      0     -1  3.0689039e+08        6249.79  2.0364893e-05      24552.056      46.599     -1
     3     20      9174.7       11465   Coal      0     -1   4.574317e+08        7648.93  1.6721469e-05      29901.679      60.006     -1
     3     21       11465       14327   Coal      0     -1  6.7607141e+08       10634.38   1.572967e-05      31787.063      64.163     -1
     3     22       14327       17903   Coal      0     -1  9.7949794e+08       16252.47  1.6592654e-05      30133.818      81.637     -1
     3     23       17903       22372   Coal      0     -1  1.3571393e+09       27017.82   1.990792e-05      25115.633      94.313     -1
     3     24       22372       27956   Coal      0     -1  1.7663215e+09       40454.43  2.2903209e-05      21831.002      102.08     -1
     3     25       27956       34934   Coal      0     -1  2.1259107e+09       57642.34  2.7114186e-05      18440.531      113.67     -1
     3     26       34934       43654   Coal      0     -1  2.3253492e+09        70604.3   3.036288e-05      16467.476      115.59     -1
     3     27       43654       54551   Coal      0     -1  2.2756348e+09       79872.91  3.5099178e-05      14245.348      112.59     -1
     3     28       54551       68167   Coal      0     -1  1.9797568e+09       73696.58  3.7225068e-05      13431.809      97.252     -1
     3     29       68167       85183   Coal      0     -1  1.6108944e+09       57523.41  3.5708989e-05      14002.076       82.62     -1
     3     30       85183  1.0645e+05   Coal      0     -1  1.4835035e+09       29389.61  1.9810948e-05       25238.57      72.375     -1
     3     31  1.0645e+05  1.3302e+05   Coal      0     -1  1.4892264e+09       28937.63  1.9431317e-05      25731.658      74.351     -1
     3     32  1.3302e+05       1e+99   Coal      0     -1   3.213767e+09       62000.89  1.9292279e-05      25917.104      55.322     -1
     3     -1           0       1e+99  Delay     -1     -1  2.5982331e+09              0              0              0           1     -1
     3     -1           0       1e+99   LogL     -1     -1              1      -15638977      -15638977              0           1     -1
     3     -1           0       1e+99 Recomb     -1     -1           4158  1.2474005e-05  3.0000011e-09              0           1     -1
     3     -1           0       1e+99 Resamp     -1     -1  2.5982331e+09         718606  0.00027657488              0           1     -1
     2      0           0         133   Coal      0     -1      311155.83       22.55563  7.2489819e-05      6897.5203      1.5777     -1
     2      1         133       166.2   Coal      0     -1       166463.8    0.042123465   2.530488e-07      1975903.5      2.3496     -1
     2      2       166.2      207.68   Coal      0     -1      259706.06      2.5895572   9.971108e-06      50144.879      2.7924     -1
     2      3      207.68      259.53   Coal      0     -1      403579.86      8.9485487  2.2172932e-05      22550.018       3.246     -1
     2      4      259.53      324.31   Coal      0     -1      631256.05      7.6414487  1.2105149e-05      41304.736      3.6029     -1
     2      5      324.31      405.26   Coal      0     -1      980469.66      26.307678   2.683171e-05      18634.667      4.2086     -1
     2      6      405.26      506.42   Coal      0     -1        1525078      48.104748  3.1542485e-05      15851.636      4.6343     -1
     2      7      506.42      632.82   Coal      0     -1      2355334.8      117.78809  5.0009066e-05      9998.1872      6.2824     -1
     2      8      632.82      790.79   Coal      0     -1      3595156.5      234.35333  6.5185849e-05      7670.3764      6.8639     -1
     2      9      790.79      988.18   Coal      0     -1        5477877       304.7932  5.5640754e-05      8986.2191      8.2058     -1
     2     10      988.18      1234.8   Coal      0     -1      8346500.3      432.69678  5.1841702e-05      9644.7451      10.888     -1
     2     11      1234.8      1543.1   Coal      0     -1       12677241      605.89964  4.7794283e-05      10461.502      11.857     -1
     2     12      1543.1      1928.2   Coal      0     -1       19163420      858.45698  4.4796647e-05       11161.55      13.706     -1
     2     13      1928.2      2409.6   Coal      0     -1       28909769      1199.6462  4.1496222e-05       12049.29      17.391     -1
     2     14      2409.6        3011   Coal      0     -1       43476842      1685.4572  3.8766781e-05       12897.64      20.213     -1
     2     15        3011      3762.6   Coal      0     -1       64884266        2433.33  3.7502621e-05      13332.402        23.6     -1
     2     16      3762.6      4701.8   Coal      0     -1       96231450         3497.2  3.6341549e-05      13758.357      26.922     -1
     2     17      4701.8      5875.5   Coal      0     -1  1.4103909e+08        5265.29  3.7332133e-05      13393.288      30.814     -1
     2     18      5875.5      7342.1   Coal      0     -1  2.0608479e+08        5639.26  2.7363786e-05      18272.325      43.724     -1
     2     19      7342.1      9174.7   Coal      0     -1  3.0552711e+08        6275.28  2.0539192e-05      24343.704      43.265     -1
     2     20      9174.7       11465   Coal      0     -1  4.5587021e+08        7567.82  1.6600822e-05      30118.991      58.542     -1
     2     21       11465       14327   Coal      0     -1  6.7477324e+08       10395.89  1.5406494e-05      32453.847      60.988     -1
     2     22       14327       17903   Coal      0     -1  9.8003164e+08       15869.11  1.6192447e-05      30878.595      81.434     -1
     2     23       17903       22372   Coal      0     -1  1.3608153e+09       26444.18    1.94326e-05      25729.959       87.64     -1
     2     24       22372       27956   Coal      0     -1  1.7818741e+09       39885.64  2.2384095e-05      22337.289      103.31     -1
     2     25       27956       34934   Coal      0     -1  2.1474912e+09       57356.84  2.6708766e-05      18720.446       110.1     -1
     2     26       34934       43654   Coal      0     -1  2.3593573e+09       71079.84   3.012678e-05       16596.53      118.42     -1
     2     27       43654       54551   Coal      0     -1  2.2982676e+09       80695.35  3.5111381e-05      14240.397      110.59     -1
     2     28       54551       68167   Coal      0     -1  1.9933183e+09       74718.45  3.7484456e-05      13338.862      95.753     -1
     2     29       68167       85183   Coal      0     -1  1.6087084e+09       58310.91  3.6247035e-05      13794.232      80.903     -1
     2     30       85183  1.0645e+05   Coal      0     -1  1.4682011e+09       29657.66  2.0199998e-05      24752.478      70.198     -1
     2     31  1.0645e+05  1.3302e+05   Coal      0     -1   1.453073e+09       28918.91  1.9901898e-05      25123.232       70.69     -1
     2     32  1.3302e+05       1e+99   Coal      0     -1  3.0477802e+09        60333.5  1.9795883e-05      25257.778      55.583     -1
     2     -1           0       1e+99  Delay     -1     -1  2.5982331e+09              0              0              0           1     -1
     2     -1           0       1e+99   LogL     -1     -1              1      -15639207      -15639207              0           1     -1
     2     -1           0       1e+99 Recomb     -1     -1           4158  1.2474005e-05  3.0000011e-09              0           1     -1
     2     -1           0       1e+99 Resamp     -1     -1  2.5982331e+09         715234  0.00027527708              0           1     -1
     1      0           0         133   Coal      0     -1      307658.83      18.404232  5.9820263e-05      8358.3718      1.4734     -1
     1      1         133       166.2   Coal      0     -1         165422     0.10164352  6.1444983e-07      813736.09      2.3767     -1
     1      2       166.2      207.68   Coal      0     -1      259585.62      2.0059714  7.7275905e-06      64703.221      2.9219     -1
     1      3      207.68      259.53   Coal      0     -1      401950.44      8.9877112  2.2360247e-05      22361.112      3.0442     -1
     1      4      259.53      324.31   Coal      0     -1      633816.35      8.9327518  1.4093596e-05      35477.105      4.3851     -1
     1      5      324.31      405.26   Coal      0     -1      983385.45      23.214839  2.3607059e-05      21180.105      4.6308     -1
     1      6      405.26      506.42   Coal      0     -1      1526692.3      39.103228  2.5613039e-05      19521.307      5.4267     -1
     1      7      506.42      632.82   Coal      0     -1      2360839.1      105.04629  4.4495322e-05      11237.136      5.4009     -1
     1      8      632.82      790.79   Coal      0     -1      3610635.8      207.99346  5.7605769e-05      8679.6862      7.7595     -1
     1      9      790.79      988.18   Coal      0     -1      5509165.2      289.89596  5.2620669e-05      9501.9696      7.8471     -1
     1     10      988.18      1234.8   Coal      0     -1      8385242.4      415.49815  4.9551119e-05      10090.589      10.187     -1
     1     11      1234.8      1543.1   Coal      0     -1       12707219      588.64927  4.6324003e-05       10793.54      12.808     -1
     1     12      1543.1      1928.2   Coal      0     -1       19263634      841.03112  4.3659006e-05      11452.391      15.374     -1
     1     13      1928.2      2409.6   Coal      0     -1       29100242      1218.7418  4.1880814e-05      11938.641      15.186     -1
     1     14      2409.6        3011   Coal      0     -1       43632279        1731.22  3.9677506e-05      12601.598      20.597     -1
     1     15        3011      3762.6   Coal      0     -1       65000185         2512.5  3.8653736e-05       12935.36      25.637     -1
     1     16      3762.6      4701.8   Coal      0     -1       96177783        3620.52  3.7644037e-05      13282.316      29.781     -1
     1     17      4701.8      5875.5   Coal      0     -1  1.4051168e+08        5412.39  3.8519146e-05      12980.558      31.483     -1
     1     18      5875.5      7342.1   Coal      0     -1  2.0556991e+08        5752.67  2.7984009e-05      17867.347      42.718     -1
     1     19      7342.1      9174.7   Coal      0     -1  3.0388397e+08        6253.81  2.0579598e-05      24295.907      47.544     -1
     1     20      9174.7       11465   Coal      0     -1   4.538368e+08        7457.87  1.6432934e-05      30426.704      61.742     -1
     1     21       11465       14327   Coal      0     -1   6.731902e+08       10086.28  1.4982809e-05       33371.58      64.591     -1
     1     22       14327       17903   Coal      0     -1  9.8037741e+08       15417.08  1.5725658e-05      31795.172      82.785     -1
     1     23       17903       22372   Coal      0     -1  1.3680004e+09       25768.23   1.883642e-05      26544.322       95.16     -1
     1     24       22372       27956   Coal      0     -1  1.7976623e+09       39236.58  2.1826446e-05      22907.989      106.58     -1
     1     25       27956       34934   Coal      0     -1  2.1742412e+09       56996.25  2.6214318e-05      19073.546      111.56     -1
     1     26       34934       43654   Coal      0     -1  2.3937092e+09       71531.87  2.9883275e-05      16731.767      121.83     -1
     1     27       43654       54551   Coal      0     -1   2.330538e+09       81743.16  3.5074803e-05      14255.248      116.45     -1
     1     28       54551       68167   Coal      0     -1  2.0081086e+09        75873.7  3.7783663e-05      13233.233      101.02     -1
     1     29       68167       85183   Coal      0     -1  1.6050544e+09       59221.67  3.6896985e-05      13551.243      86.895     -1
     1     30       85183  1.0645e+05   Coal      0     -1  1.4491809e+09       29945.96   2.066406e-05      24196.601      73.361     -1
     1     31  1.0645e+05  1.3302e+05   Coal      0     -1  1.4184483e+09       29032.87   2.046805e-05      24428.316      73.673     -1
     1     32  1.3302e+05       1e+99   Coal      0     -1    2.87137e+09       58470.48  2.0363269e-05      24554.014      58.099     -1
     1     -1           0       1e+99  Delay     -1     -1  2.5982331e+09              0              0              0           1     -1
     1     -1           0       1e+99   LogL     -1     -1              1      -15639795      -15639795              0           1     -1
     1     -1           0       1e+99 Recomb     -1     -1           4158  1.2474005e-05  3.0000011e-09              0           1     -1
     1     -1           0       1e+99 Resamp     -1     -1  2.5982331e+09         710722  0.00027354051              0           1     -1
     0      0           0         133   Coal      0     -1      305684.28      8.5423307  2.7944946e-05      17892.323      1.3821     -1
     0      1         133       166.2   Coal      0     -1      166324.89     0.44420466  2.6707047e-06      187216.51      2.3954     -1
     0      2       166.2      207.68   Coal      0     -1      259596.73      1.5935545  6.1385769e-06      81452.103      2.5935     -1
     0      3      207.68      259.53   Coal      0     -1       405973.8      5.3598735  1.3202511e-05      37871.584      2.6364     -1
     0      4      259.53      324.31   Coal      0     -1      634504.73      6.3496669  1.0007281e-05      49963.624      3.7114     -1
     0      5      324.31      405.26   Coal      0     -1      986663.62      15.310217   1.551716e-05      32222.392      3.7653     -1
     0      6      405.26      506.42   Coal      0     -1      1522012.2      35.325977  2.3210049e-05      21542.394      6.2475     -1
     0      7      506.42      632.82   Coal      0     -1      2358174.5      79.092386  3.3539667e-05      14907.721      6.1347     -1
     0      8      632.82      790.79   Coal      0     -1      3620430.3      185.34765  5.1194924e-05      9766.5933      6.6744     -1
     0      9      790.79      988.18   Coal      0     -1      5547311.6      263.68575  4.7533972e-05      10518.793      9.0521     -1
     0     10      988.18      1234.8   Coal      0     -1      8458376.1      390.50068  4.6167334e-05      10830.168      10.262     -1
     0     11      1234.8      1543.1   Coal      0     -1       12861682      569.46735  4.4276275e-05       11292.73      11.415     -1
     0     12      1543.1      1928.2   Coal      0     -1       19487715      828.46613  4.2512225e-05      11761.323      14.801     -1
     0     13      1928.2      2409.6   Coal      0     -1       29384073      1216.8193  4.1410844e-05      12074.132      15.694     -1
     0     14      2409.6        3011   Coal      0     -1       43988343      1772.9002  4.0303865e-05      12405.758      20.222     -1
     0     15        3011      3762.6   Coal      0     -1       65375215        2600.95  3.9784955e-05      12567.565      25.174     -1
     0     16      3762.6      4701.8   Coal      0     -1       96470125        3800.58  3.9396445e-05        12691.5       30.15     -1
     0     17      4701.8      5875.5   Coal      0     -1  1.4050228e+08        5583.72  3.9741135e-05      12581.422      30.913     -1
     0     18      5875.5      7342.1   Coal      0     -1  2.0514738e+08        5844.87  2.8491079e-05      17549.353      39.151     -1
     0     19      7342.1      9174.7   Coal      0     -1  3.0296164e+08        6246.68  2.0618716e-05      24249.812      49.508     -1
     0     20      9174.7       11465   Coal      0     -1  4.5225738e+08        7343.56  1.6237568e-05      30792.788       56.73     -1
     0     21       11465       14327   Coal      0     -1  6.7256292e+08        9760.05  1.4511728e-05      34454.891      66.728     -1
     0     22       14327       17903   Coal      0     -1  9.8210621e+08       14911.17  1.5182849e-05      32931.896      80.648     -1
     0     23       17903       22372   Coal      0     -1  1.3760408e+09        25019.8  1.8182455e-05      27499.036      93.675     -1
     0     24       22372       27956   Coal      0     -1  1.8203334e+09       38588.05  2.1198342e-05       23586.75       113.8     -1
     0     25       27956       34934   Coal      0     -1  2.2060888e+09       56523.71  2.5621685e-05       19514.72      110.64     -1
     0     26       34934       43654   Coal      0     -1  2.4310321e+09       71811.96  2.9539701e-05      16926.373      115.77     -1
     0     27       43654       54551   Coal      0     -1  2.3743188e+09       83117.52  3.5006891e-05      14282.902      116.09     -1
     0     28       54551       68167   Coal      0     -1  2.0305344e+09       77319.78  3.8078537e-05      13130.757      100.02     -1
     0     29       68167       85183   Coal      0     -1  1.6030381e+09       60264.03  3.7593635e-05      13300.124      83.671     -1
     0     30       85183  1.0645e+05   Coal      0     -1  1.4303003e+09       30320.86  2.1198946e-05      23586.078      71.626     -1
     0     31  1.0645e+05  1.3302e+05   Coal      0     -1   1.375653e+09       29035.65  2.1106813e-05      23689.033      69.726     -1
     0     32  1.3302e+05       1e+99   Coal      0     -1  2.6848746e+09       56491.55  2.1040666e-05      23763.506      58.771     -1
     0     -1           0       1e+99  Delay     -1     -1  2.5982331e+09              0              0              0           1     -1
     0     -1           0       1e+99   LogL     -1     -1              1      -15640158      -15640158              0           1     -1
     0     -1           0       1e+99 Recomb     -1     -1           4158  1.2474005e-05  3.0000011e-09              0           1     -1
     0     -1           0       1e+99 Resamp     -1     -1  2.5982331e+09         706606  0.00027195636              0           1     -1
