  Iter  Epoch       Start         End   Type   From     To            Opp          Count           Rate             Ne         ESS  Clump
    10      0           0         133   Coal      0     -1      308661.58      26.227771  8.4972582e-05       5884.251      1.5277     -1
    10      1         133       166.2   Coal      0     -1      162561.37       2.722735  1.6748967e-05      29852.588      2.1548     -1
    10      2       166.2      207.68   Coal      0     -1      253941.49       3.733636  1.4702741e-05      34007.264      2.6916     -1
    10      3      207.68      259.53   Coal      0     -1      399798.94      24.624481  6.1592162e-05       8117.916      3.0277     -1
    10      4      259.53      324.31   Coal      0     -1      621683.88      7.5587202  1.2158463e-05      41123.621      3.7237     -1
    10      5      324.31      405.26   Coal      0     -1      972998.49      23.761484  2.4420885e-05      20474.278      4.2973     -1
    10      6      405.26      506.42   Coal      0     -1      1511563.7      67.772359  4.4835928e-05      11151.771      4.8514     -1
    10      7      506.42      632.82   Coal      0     -1      2320803.2      161.91849  6.9768299e-05      7166.5786      5.8351     -1
    10      8      632.82      790.79   Coal      0     -1      3533284.7      308.47902  8.7306585e-05      5726.9449      6.9217     -1
    10      9      790.79      988.18   Coal      0     -1      5367767.5      378.83588  7.0576061e-05      7084.5552       8.799     -1
    10     10      988.18      1234.8   Coal      0     -1      8162105.6      487.68014  5.9749306e-05      8368.2981      11.014     -1
    10     11      1234.8      1543.1   Coal      0     -1       12400175      652.49912  5.2620153e-05      9502.0628      11.303     -1
    10     12      1543.1      1928.2   Coal      0     -1       18770800      883.39022  4.7061938e-05      10624.297      15.939     -1
    10     13      1928.2      2409.6   Coal      0     -1       28447990      1150.8167  4.0453356e-05      12359.914      16.562     -1
    10     14      2409.6        3011   Coal      0     -1       43001653        1505.08  3.5000515e-05      14285.504      20.159     -1
    10     15        3011      3762.6   Coal      0     -1       64718281        1998.41  3.0878601e-05      16192.443      25.754     -1
    10     16      3762.6      4701.8   Coal      0     -1       97184628        2896.78  2.9806977e-05      16774.596       26.96     -1
    10     17      4701.8      5875.5   Coal      0     -1  1.4424258e+08        4443.16  3.0803386e-05      16231.982      30.672     -1
    10     18      5875.5      7342.1   Coal      0     -1  2.1353238e+08        5064.57  2.3718043e-05      21080.998       38.92     -1
    10     19      7342.1      9174.7   Coal      0     -1  3.1684512e+08        6037.17  1.9054009e-05      26241.196      47.147     -1
    10     20      9174.7       11465   Coal      0     -1  4.7156298e+08         7870.5  1.6690242e-05      29957.625      59.254     -1
    10     21       11465       14327   Coal      0     -1  6.9258443e+08       11441.11  1.6519444e-05      30267.362      59.572     -1
    10     22       14327       17903   Coal      0     -1  9.9472658e+08       17788.03  1.7882331e-05      27960.561      82.011     -1
    10     23       17903       22372   Coal      0     -1  1.3574433e+09       29821.64  2.1968976e-05      22759.367      87.409     -1
    10     24       22372       27956   Coal      0     -1  1.7373876e+09       43430.91  2.4997824e-05      20001.741      99.385     -1
    10     25       27956       34934   Coal      0     -1  2.0566115e+09       59242.26  2.8805761e-05      17357.639      106.53     -1
    10     26       34934       43654   Coal      0     -1  2.2343922e+09       69857.45  3.1264632e-05      15992.512      109.09     -1
    10     27       43654       54551   Coal      0     -1   2.211404e+09       76379.22   3.453879e-05      14476.477      107.92     -1
    10     28       54551       68167   Coal      0     -1  1.9638279e+09       70688.72  3.5995374e-05      13890.674      89.578     -1
    10     29       68167       85183   Coal      0     -1  1.6609648e+09       55391.49  3.3348984e-05       14992.96      78.162     -1
    10     30       85183  1.0645e+05   Coal      0     -1  1.5931112e+09       29074.43  1.8250094e-05      27397.119      70.354     -1
    10     31  1.0645e+05  1.3302e+05   Coal      0     -1  1.6605225e+09       29192.97  1.7580593e-05      28440.452      71.857     -1
    10     32  1.3302e+05       1e+99   Coal      0     -1  4.1381645e+09       71167.22  1.7197774e-05      29073.529      55.718     -1
    10     -1           0       1e+99  Delay     -1     -1  2.5971955e+09              0              0              0           1     -1
    10     -1           0       1e+99   LogL     -1     -1              1      -15806730      -15806730              0           1     -1
    10     -1           0       1e+99 Recomb     -1     -1           4158  1.2474005e-05  3.0000011e-09              0           1     -1
    10     -1           0       1e+99 Resamp     -1     -1  2.5971955e+09         739142  0.00028459236              0           1     -1
     9      0           0         133   Coal      0     -1      307377.39       28.52603  9.2804582e-05       5387.665      1.5067     -1
     9      1         133       166.2   Coal      0     -1      165773.82      1.5263137  9.2072062e-06       54305.29      2.3233     -1
     9      2       166.2      207.68   Coal      0     -1      260165.63      4.9532486  1.9038828e-05      26262.121      2.5333     -1
     9      3      207.68      259.53   Coal      0     -1      405701.69      25.214348  6.2149971e-05      8045.0561       2.876     -1
     9      4      259.53      324.31   Coal      0     -1      626500.47      10.209975  1.6296835e-05      30680.805      3.3839     -1
     9      5      324.31      405.26   Coal      0     -1      978461.45      25.483176  2.6044129e-05      19198.185       4.606     -1
     9      6      405.26      506.42   Coal      0     -1      1519119.1      69.522252  4.5764848e-05      10925.416       4.761     -1
     9      7      506.42      632.82   Coal      0     -1      2324723.5       151.5028  6.5170246e-05      7672.2129      5.7933     -1
     9      8      632.82      790.79   Coal      0     -1      3550831.5      296.44517  8.3486125e-05      5989.0191      6.7018     -1
     9      9      790.79      988.18   Coal      0     -1      5372832.9      378.67246  7.0479106e-05      7094.3011       8.527     -1
     9     10      988.18      1234.8   Coal      0     -1      8157903.8      482.09582  5.9095551e-05      8460.8738      11.406     -1
     9     11      1234.8      1543.1   Coal      0     -1       12409883      649.64506  5.2349009e-05      9551.2792      11.664     -1
     9     12      1543.1      1928.2   Coal      0     -1       18780336      861.95449   4.589665e-05      10894.041      16.051     -1
     9     13      1928.2      2409.6   Coal      0     -1       28440311      1132.7876  3.9830351e-05      12553.241      16.827     -1
     9     14      2409.6        3011   Coal      0     -1       43019626        1528.48   3.552983e-05      14072.682      20.489     -1
     9     15        3011      3762.6   Coal      0     -1       64793199         2006.5  3.0967756e-05      16145.826      25.964     -1
     9     16      3762.6      4701.8   Coal      0     -1       97226233        2943.23  3.0271974e-05      16516.928      28.183     -1
     9     17      4701.8      5875.5   Coal      0     -1  1.4415916e+08        4506.89  3.1263293e-05      15993.197      31.812     -1
     9     18      5875.5      7342.1   Coal      0     -1  2.1324261e+08        5128.53  2.4050212e-05      20789.837      38.536     -1
     9     19      7342.1      9174.7   Coal      0     -1  3.1632537e+08        6071.03  1.9192359e-05      26052.035      47.387     -1
     9     20      9174.7       11465   Coal      0     -1  4.7061286e+08        7882.13   1.674865e-05      29853.152      61.175     -1
     9     21       11465       14327   Coal      0     -1  6.9156019e+08       11382.15  1.6458654e-05      30379.155      63.147     -1
     9     22       14327       17903   Coal      0     -1  9.9364474e+08       17646.27  1.7759134e-05      28154.526      82.698     -1
     9     23       17903       22372   Coal      0     -1  1.3583464e+09       29550.22  2.1754554e-05      22983.693      89.199     -1
     9     24       22372       27956   Coal      0     -1  1.7411327e+09       43138.07  2.4775866e-05      20180.929      98.054     -1
     9     25       27956       34934   Coal      0     -1  2.0660154e+09        59139.2  2.8624762e-05      17467.394      109.51     -1
     9     26       34934       43654   Coal      0     -1  2.2460833e+09       70056.97  3.1190726e-05      16030.406      110.23     -1
     9     27       43654       54551   Coal      0     -1  2.2199831e+09       76852.04    3.46183e-05      14443.228      108.38     -1
     9     28       54551       68167   Coal      0     -1  1.9671447e+09       71025.79  3.6106032e-05      13848.102      92.064     -1
     9     29       68167       85183   Coal      0     -1  1.6508515e+09       55443.49  3.3584784e-05      14887.695      78.799     -1
     9     30       85183  1.0645e+05   Coal      0     -1  1.5836511e+09       29072.78  1.8358071e-05      27235.976       71.95     -1
     9     31  1.0645e+05  1.3302e+05   Coal      0     -1  1.6386821e+09       29082.35  1.7747402e-05      28173.137      72.491     -1
     9     32  1.3302e+05       1e+99   Coal      0     -1  4.0632813e+09       70564.45  1.7366371e-05      28791.277      57.532     -1
     9     -1           0       1e+99  Delay     -1     -1  2.5971955e+09              0              0              0           1     -1
     9     -1           0       1e+99   LogL     -1     -1              1      -15806812      -15806812              0           1     -1
     9     -1           0       1e+99 Recomb     -1     -1           4158  1.2474005e-05  3.0000011e-09              0           1     -1
     9     -1           0       1e+99 Resamp     -1     -1  2.5971955e+09         737792  0.00028407257              0           1     -1
     8      0           0         133   Coal      0     -1       313665.1      24.050117  7.6674506e-05      6521.0723      1.5157     -1
     8      1         133       166.2   Coal      0     -1      169229.76      2.3413979  1.3835615e-05      36138.617      2.1474     -1
     8      2       166.2      207.68   Coal      0     -1       261973.5      6.4373911   2.457268e-05      20347.801      2.7088     -1
     8      3      207.68      259.53   Coal      0     -1      404910.44      21.450016  5.2974716e-05      9438.4649      2.7716     -1
     8      4      259.53      324.31   Coal      0     -1      627011.53      7.5406055  1.2026263e-05      41575.675      3.4051     -1
     8      5      324.31      405.26   Coal      0     -1      974134.38      30.638388  3.1451911e-05      15897.285      4.3473     -1
     8      6      405.26      506.42   Coal      0     -1      1502169.3      61.568038  4.0986086e-05      12199.262      4.7759     -1
     8      7      506.42      632.82   Coal      0     -1      2321555.8       147.1491   6.338383e-05      7888.4473      5.8251     -1
     8      8      632.82      790.79   Coal      0     -1      3538040.5      295.22429  8.3442881e-05      5992.1229      6.9123     -1
     8      9      790.79      988.18   Coal      0     -1      5369014.9      367.45395  6.8439735e-05      7305.6975      8.8408     -1
     8     10      988.18      1234.8   Coal      0     -1        8175625      469.30898  5.7403437e-05      8710.2798       11.07     -1
     8     11      1234.8      1543.1   Coal      0     -1       12434857      629.66922  5.0637433e-05      9874.1182      11.651     -1
     8     12      1543.1      1928.2   Coal      0     -1       18814842      853.56091   4.536636e-05      11021.382      15.788     -1
     8     13      1928.2      2409.6   Coal      0     -1       28529525      1122.0092  3.9328003e-05      12713.587      16.436     -1
     8     14      2409.6        3011   Coal      0     -1       43073951        1535.94   3.565821e-05      14022.016      22.093     -1
     8     15        3011      3762.6   Coal      0     -1       64854707        2037.55  3.1417149e-05      15914.875      25.233     -1
     8     16      3762.6      4701.8   Coal      0     -1       97240142        2995.41  3.0804254e-05      16231.524      28.482     -1
     8     17      4701.8      5875.5   Coal      0     -1  1.4399897e+08        4585.99   3.184738e-05      15699.878      31.302     -1
     8     18      5875.5      7342.1   Coal      0     -1  2.1280374e+08        5205.97  2.4463715e-05      20438.433      38.395     -1
     8     19      7342.1      9174.7   Coal      0     -1  3.1546171e+08        6104.97  1.9352492e-05      25836.467      48.481     -1
     8     20      9174.7       11465   Coal      0     -1  4.6934061e+08        7861.39  1.6749861e-05      29850.994      61.137     -1
     8     21       11465       14327   Coal      0     -1  6.9037722e+08       11280.01  1.6338908e-05        30601.8      67.022     -1
     8     22       14327       17903   Coal      0     -1  9.9331519e+08       17477.67  1.7595291e-05      28416.694      81.887     -1
     8     23       17903       22372   Coal      0     -1  1.3601622e+09       29241.57   2.149859e-05      23257.339      89.113     -1
     8     24       22372       27956   Coal      0     -1  1.7467303e+09       42815.11  2.4511574e-05      20398.527      98.371     -1
     8     25       27956       34934   Coal      0     -1  2.0767811e+09       59063.97  2.8440152e-05      17580.778      109.82     -1
     8     26       34934       43654   Coal      0     -1  2.2606313e+09       70292.29  3.1094098e-05      16080.222      112.72     -1
     8     27       43654       54551   Coal      0     -1  2.2286559e+09          77290  3.4680096e-05      14417.492       109.5     -1
     8     28       54551       68167   Coal      0     -1  1.9705918e+09       71393.38  3.6229412e-05      13800.942      91.162     -1
     8     29       68167       85183   Coal      0     -1  1.6471377e+09       55657.59   3.379049e-05      14797.063      77.559     -1
     8     30       85183  1.0645e+05   Coal      0     -1  1.5785909e+09       29193.35  1.8493297e-05      27036.824      71.823     -1
     8     31  1.0645e+05  1.3302e+05   Coal      0     -1  1.6288902e+09       29155.11  1.7898757e-05      27934.901       71.61     -1
     8     32  1.3302e+05       1e+99   Coal      0     -1  3.9716057e+09       69783.22  1.7570531e-05      28456.739      56.787     -1
     8     -1           0       1e+99  Delay     -1     -1  2.5971955e+09              0              0              0           1     -1
     8     -1           0       1e+99   LogL     -1     -1              1      -15806795      -15806795              0           1     -1
     8     -1           0       1e+99 Recomb     -1     -1           4158  1.2474005e-05  3.0000011e-09              0           1     -1
     8     -1           0       1e+99 Resamp     -1     -1  2.5971955e+09         736258  0.00028348193              0           1     -1
     7      0           0         133   Coal      0     -1      312400.85       26.57914  8.5080241e-05      5876.8052      1.4974     -1
     7      1         133       166.2   Coal      0     -1       166085.4      1.8217228  1.0968591e-05      45584.707       2.314     -1
     7      2       166.2      207.68   Coal      0     -1      260097.69      4.7012247  1.8074842e-05      27662.759      2.5835     -1
     7      3      207.68      259.53   Coal      0     -1      406909.48      19.918056    4.89496e-05      10214.588      3.0271     -1
     7      4      259.53      324.31   Coal      0     -1      629617.02      7.0441645  1.1188015e-05      44690.681      3.0944     -1
     7      5      324.31      405.26   Coal      0     -1      976203.63      30.810662  3.1561716e-05      15841.978      4.9261     -1
     7      6      405.26      506.42   Coal      0     -1      1510478.3      59.478456  3.9377232e-05      12697.693      4.9848     -1
     7      7      506.42      632.82   Coal      0     -1      2330454.9      141.10783  6.0549477e-05      8257.7096      6.0367     -1
     7      8      632.82      790.79   Coal      0     -1      3552626.5      289.36135  8.1449977e-05      6138.7372      6.6589     -1
     7      9      790.79      988.18   Coal      0     -1      5413430.8      363.01671   6.705853e-05       7456.173      9.5085     -1
     7     10      988.18      1234.8   Coal      0     -1      8244775.1      462.27273  5.6068567e-05      8917.6525      10.305     -1
     7     11      1234.8      1543.1   Coal      0     -1       12519209      626.86143  5.0071967e-05      9985.6272      11.798     -1
     7     12      1543.1      1928.2   Coal      0     -1       18908264      849.74995  4.4940664e-05      11125.781      16.212     -1
     7     13      1928.2      2409.6   Coal      0     -1       28662444      1128.1216  3.9358878e-05      12703.614      16.716     -1
     7     14      2409.6        3011   Coal      0     -1       43252849        1535.57   3.550217e-05      14083.646      20.647     -1
     7     15        3011      3762.6   Coal      0     -1       64949421        2069.17  3.1858175e-05      15694.559      26.068     -1
     7     16      3762.6      4701.8   Coal      0     -1       97193632        3037.08  3.1247726e-05      16001.164      28.365     -1
     7     17      4701.8      5875.5   Coal      0     -1  1.4362754e+08        4651.19  3.2383691e-05      15439.871      31.252     -1
     7     18      5875.5      7342.1   Coal      0     -1  2.1215658e+08        5280.51  2.4889683e-05      20088.645      38.055     -1
     7     19      7342.1      9174.7   Coal      0     -1  3.1436034e+08        6110.64   1.943833e-05      25722.375      47.821     -1
     7     20      9174.7       11465   Coal      0     -1  4.6803944e+08        7843.56  1.6758331e-05      29835.906      61.408     -1
     7     21       11465       14327   Coal      0     -1  6.8918626e+08       11181.86  1.6224729e-05      30817.157      66.524     -1
     7     22       14327       17903   Coal      0     -1  9.9245784e+08       17287.42  1.7418795e-05      28704.626      81.621     -1
     7     23       17903       22372   Coal      0     -1  1.3623346e+09        28913.4  2.1223421e-05      23558.879      90.452     -1
     7     24       22372       27956   Coal      0     -1  1.7539083e+09       42457.33  2.4207269e-05      20654.953       98.54     -1
     7     25       27956       34934   Coal      0     -1  2.0890721e+09       58984.28  2.8234679e-05      17708.719       110.2     -1
     7     26       34934       43654   Coal      0     -1  2.2747118e+09       70448.02  3.0970086e-05      16144.611      113.34     -1
     7     27       43654       54551   Coal      0     -1  2.2408387e+09       77862.09  3.4746852e-05      14389.793      109.17     -1
     7     28       54551       68167   Coal      0     -1  1.9741585e+09       71817.48  3.6378782e-05      13744.275       92.42     -1
     7     29       68167       85183   Coal      0     -1  1.6435446e+09       55911.72  3.4018986e-05      14697.675      79.211     -1
     7     30       85183  1.0645e+05   Coal      0     -1  1.5695166e+09        29268.7  1.8648225e-05      26812.203       72.27     -1
     7     31  1.0645e+05  1.3302e+05   Coal      0     -1  1.6120439e+09       29196.71  1.8111609e-05      27606.603       72.08     -1
     7     32  1.3302e+05       1e+99   Coal      0     -1  3.8674917e+09       68820.42  1.7794587e-05      28098.432      57.175     -1
     7     -1           0       1e+99  Delay     -1     -1  2.5971955e+09              0              0              0           1     -1
     7     -1           0       1e+99   LogL     -1     -1              1      -15806922      -15806922              0           1     -1
     7     -1           0       1e+99 Recomb     -1     -1           4158  1.2474005e-05  3.0000011e-09              0           1     -1
     7     -1           0       1e+99 Resamp     -1     -1  2.5971955e+09         734615  0.00028284933              0           1     -1
     6      0           0         133   Coal      0     -1      302987.97      24.283284  8.0146034e-05      6238.6119      1.5657     -1
     6      1         133       166.2   Coal      0     -1      167106.74      1.4846653  8.8845326e-06       56277.58      2.3393     -1
     6      2       166.2      207.68   Coal      0     -1      261417.51      5.8547663  2.2396229e-05      22325.187      2.5645     -1
     6      3      207.68      259.53   Coal      0     -1      406306.61      17.346423  4.2692937e-05      11711.539      2.9507     -1
     6      4      259.53      324.31   Coal      0     -1      633076.99      10.612151  1.6762812e-05       29827.93      3.2218     -1
     6      5      324.31      405.26   Coal      0     -1      978682.58      29.105941  2.9739919e-05       16812.42      4.4928     -1
     6      6      405.26      506.42   Coal      0     -1      1511922.4      62.235079   4.116288e-05      12146.866      5.0836     -1
     6      7      506.42      632.82   Coal      0     -1      2331005.3      135.12534  5.7968696e-05       8625.345      5.7862     -1
     6      8      632.82      790.79   Coal      0     -1      3555476.8      280.89081  7.9002292e-05      6328.9303      6.2934     -1
     6      9      790.79      988.18   Coal      0     -1      5398996.5      349.86438  6.4801741e-05      7715.8421      9.5302     -1
     6     10      988.18      1234.8   Coal      0     -1      8233662.3      458.05504  5.5631992e-05      8987.6343      9.8096     -1
     6     11      1234.8      1543.1   Coal      0     -1       12503142      621.38933  4.9698654e-05      10060.635       11.75     -1
     6     12      1543.1      1928.2   Coal      0     -1       18947708       845.3139  4.4612989e-05      11207.498      15.947     -1
     6     13      1928.2      2409.6   Coal      0     -1       28662733      1139.9732  3.9771965e-05       12571.67      16.993     -1
     6     14      2409.6        3011   Coal      0     -1       43258170        1552.19  3.5882008e-05       13934.56      20.411     -1
     6     15        3011      3762.6   Coal      0     -1       64983976        2102.74  3.2357823e-05      15452.214      24.628     -1
     6     16      3762.6      4701.8   Coal      0     -1       97265065        3111.84  3.1993399e-05      15628.224      28.199     -1
     6     17      4701.8      5875.5   Coal      0     -1  1.4361527e+08        4750.81  3.3080117e-05       15114.82      29.743     -1
     6     18      5875.5      7342.1   Coal      0     -1  2.1165749e+08        5357.07  2.5310089e-05      19754.968       39.03     -1
     6     19      7342.1      9174.7   Coal      0     -1  3.1345247e+08        6149.43  1.9618381e-05      25486.303      46.698     -1
     6     20      9174.7       11465   Coal      0     -1   4.666964e+08        7818.92  1.6753761e-05      29844.045      62.441     -1
     6     21       11465       14327   Coal      0     -1   6.874135e+08       11051.42  1.6076815e-05      31100.687      63.811     -1
     6     22       14327       17903   Coal      0     -1  9.9191847e+08       17075.37  1.7214489e-05      29045.299      80.955     -1
     6     23       17903       22372   Coal      0     -1  1.3642296e+09       28544.72  2.0923691e-05      23896.357       90.51     -1
     6     24       22372       27956   Coal      0     -1   1.760895e+09        42050.1  2.3879959e-05      20938.059      98.174     -1
     6     25       27956       34934   Coal      0     -1  2.1028513e+09       58848.04   2.798488e-05      17866.791       110.7     -1
     6     26       34934       43654   Coal      0     -1  2.2906498e+09       70670.45  3.0851705e-05       16206.56      112.52     -1
     6     27       43654       54551   Coal      0     -1  2.2536332e+09        78460.8  3.4815248e-05      14361.523      109.99     -1
     6     28       54551       68167   Coal      0     -1  1.9811767e+09       72352.49  3.6519958e-05      13691.144      93.728     -1
     6     29       68167       85183   Coal      0     -1  1.6471216e+09       56447.08  3.4270135e-05      14589.963       80.02     -1
     6     30       85183  1.0645e+05   Coal      0     -1  1.5621572e+09       29430.42  1.8839602e-05      26539.839      71.671     -1
     6     31  1.0645e+05  1.3302e+05   Coal      0     -1  1.5912521e+09       29207.19  1.8354847e-05      27240.761      70.678     -1
     6     32  1.3302e+05       1e+99   Coal      0     -1  3.7610507e+09       67907.58  1.8055481e-05      27692.422      55.491     -1
     6     -1           0       1e+99  Delay     -1     -1  2.5971955e+09              0              0              0           1     -1
     6     -1           0       1e+99   LogL     -1     -1              1      -15806888      -15806888              0           1     -1
     6     -1           0       1e+99 Recomb     -1     -1           4158  1.2474005e-05  3.0000011e-09              0           1     -1
     6     -1           0       1e+99 Resamp     -1     -1  2.5971955e+09         733028  0.00028223829              0           1     -1
     5      0           0         133   Coal      0     -1      303661.95       26.69752  8.7918555e-05      5687.0816      1.5042     -1
     5      1         133       166.2   Coal      0     -1      166272.29      1.4920063  8.9732712e-06       55721.04       2.362     -1
     5      2       166.2      207.68   Coal      0     -1      258688.81      7.0811123  2.7373091e-05      18266.114      2.4734     -1
     5      3      207.68      259.53   Coal      0     -1      405196.25      15.206026   3.752756e-05      13323.542      2.8086     -1
     5      4      259.53      324.31   Coal      0     -1      623976.17      11.290829  1.8094968e-05      27631.991      3.3374     -1
     5      5      324.31      405.26   Coal      0     -1       977447.3      28.574285  2.9233581e-05      17103.618      4.2509     -1
     5      6      405.26      506.42   Coal      0     -1        1507844      63.573938  4.2162145e-05      11858.979      5.0035     -1
     5      7      506.42      632.82   Coal      0     -1      2328507.3      127.68282  5.4834622e-05      9118.3268      5.8349     -1
     5      8      632.82      790.79   Coal      0     -1      3555629.4      268.38836  7.5482659e-05       6624.038      6.0146     -1
     5      9      790.79      988.18   Coal      0     -1        5407021       345.7117  6.3937555e-05      7820.1301      8.7114     -1
     5     10      988.18      1234.8   Coal      0     -1      8222468.7      452.10456  5.4984042e-05      9093.5475      10.848     -1
     5     11      1234.8      1543.1   Coal      0     -1       12503466      614.55528  4.9150792e-05      10172.776      11.987     -1
     5     12      1543.1      1928.2   Coal      0     -1       18970407      848.47596  4.4726293e-05      11179.107      13.083     -1
     5     13      1928.2      2409.6   Coal      0     -1       28726524        1148.24  3.9971421e-05      12508.937      17.295     -1
     5     14      2409.6        3011   Coal      0     -1       43309655        1574.03  3.6343629e-05       13757.57      20.749     -1
     5     15        3011      3762.6   Coal      0     -1       65003371        2145.64  3.3008134e-05      15147.781      25.365     -1
     5     16      3762.6      4701.8   Coal      0     -1       97082952        3199.82  3.2959649e-05      15170.065      27.396     -1
     5     17      4701.8      5875.5   Coal      0     -1  1.4317751e+08        4818.77  3.3655913e-05       14856.23      29.978     -1
     5     18      5875.5      7342.1   Coal      0     -1  2.1077493e+08        5436.35  2.5792204e-05      19385.703      39.726     -1
     5     19      7342.1      9174.7   Coal      0     -1  3.1204715e+08        6175.71  1.9790952e-05      25264.071      46.802     -1
     5     20      9174.7       11465   Coal      0     -1  4.6508555e+08        7764.65    1.66951e-05      29948.907      61.575     -1
     5     21       11465       14327   Coal      0     -1  6.8592927e+08        10918.3   1.591753e-05      31411.908      64.162     -1
     5     22       14327       17903   Coal      0     -1  9.9074253e+08       16840.09  1.6997443e-05      29416.189      80.718     -1
     5     23       17903       22372   Coal      0     -1  1.3661122e+09       28112.77  2.0578668e-05      24297.005      90.237     -1
     5     24       22372       27956   Coal      0     -1  1.7692389e+09       41612.63  2.3520074e-05      21258.436      99.732     -1
     5     25       27956       34934   Coal      0     -1  2.1181549e+09       58718.78  2.7721665e-05      18036.435      111.63     -1
     5     26       34934       43654   Coal      0     -1  2.3095832e+09       70904.11  3.0699959e-05      16286.667      111.52     -1
     5     27       43654       54551   Coal      0     -1  2.2697716e+09       79113.39  3.4855221e-05      14345.053       108.4     -1
     5     28       54551       68167   Coal      0     -1  1.9880078e+09        72944.8  3.6692411e-05      13626.796      90.801     -1
     5     29       68167       85183   Coal      0     -1  1.6458778e+09        57011.6  3.4639023e-05      14434.587      77.279     -1
     5     30       85183  1.0645e+05   Coal      0     -1   1.547694e+09       29504.33  1.9063414e-05      26228.251      68.757     -1
     5     31  1.0645e+05  1.3302e+05   Coal      0     -1  1.5690851e+09        29212.8  1.8617729e-05      26856.122      67.021     -1
     5     32  1.3302e+05       1e+99   Coal      0     -1  3.6289244e+09       66645.56    1.83651e-05      27225.553      52.922     -1
     5     -1           0       1e+99  Delay     -1     -1  2.5971955e+09              0              0              0           1     -1
     5     -1           0       1e+99   LogL     -1     -1              1      -15806959      -15806959              0           1     -1
     5     -1           0       1e+99 Recomb     -1     -1           4158  1.2474005e-05  3.0000011e-09              0           1     -1
     5     -1           0       1e+99 Resamp     -1     -1  2.5971955e+09         730196  0.00028114788              0           1     -1
     4      0           0         133   Coal      0     -1      303630.67      23.867643  7.8607485e-05      6360.7174      1.5753     -1
     4      1         133       166.2   Coal      0     -1       163177.6      1.4617074  8.9577702e-06      55817.462      2.2377     -1
     4      2       166.2      207.68   Coal      0     -1      254977.82      7.9290385  3.1096973e-05      16078.735      2.6153     -1
     4      3      207.68      259.53   Coal      0     -1      401258.89      13.067861  3.2567157e-05       15352.89      2.8266     -1
     4      4      259.53      324.31   Coal      0     -1      627120.35      10.296817  1.6419205e-05      30452.145      3.7084     -1
     4      5      324.31      405.26   Coal      0     -1      969306.87      26.171872  2.7000606e-05      18518.103      3.8027     -1
     4      6      405.26      506.42   Coal      0     -1      1507290.5       60.12779  3.9891309e-05      12534.059      4.8891     -1
     4      7      506.42      632.82   Coal      0     -1      2330249.1      124.10678  5.3259019e-05      9388.0814       5.998     -1
     4      8      632.82      790.79   Coal      0     -1      3573229.2       248.1174  6.9437863e-05      7200.6824      6.0737     -1
     4      9      790.79      988.18   Coal      0     -1      5434925.1       332.7196  6.1218802e-05      8167.4255      8.6357     -1
     4     10      988.18      1234.8   Coal      0     -1      8266348.6      444.92365   5.382348e-05      9289.6261      10.929     -1
     4     11      1234.8      1543.1   Coal      0     -1       12566028      612.37867  4.8732876e-05      10260.014      12.794     -1
     4     12      1543.1      1928.2   Coal      0     -1       19060893      850.44711  4.4617379e-05      11206.396      12.369     -1
     4     13      1928.2      2409.6   Coal      0     -1       28809285      1163.7191   4.039389e-05       12378.11      17.298     -1
     4     14      2409.6        3011   Coal      0     -1       43393594        1601.09  3.6896921e-05      13551.266      21.228     -1
     4     15        3011      3762.6   Coal      0     -1       65067235        2211.73  3.3991455e-05      14709.579      25.326     -1
     4     16      3762.6      4701.8   Coal      0     -1       97044796         3283.4   3.383386e-05      14778.095      26.437     -1
     4     17      4701.8      5875.5   Coal      0     -1  1.4291324e+08        4919.28  3.4421443e-05      14525.829      29.735     -1
     4     18      5875.5      7342.1   Coal      0     -1  2.1012185e+08        5525.32   2.629579e-05      19014.451      39.748     -1
     4     19      7342.1      9174.7   Coal      0     -1  3.1106103e+08        6221.46   2.000077e-05      24999.038      46.428     -1
     4     20      9174.7       11465   Coal      0     -1  4.6362198e+08        7730.02  1.6673109e-05      29988.407      59.949     -1
     4     21       11465       14327   Coal      0     -1  6.8433049e+08       10763.85  1.5729023e-05       31788.37       62.58     -1
     4     22       14327       17903   Coal      0     -1  9.9030885e+08       16549.71  1.6711665e-05      29919.221      79.192     -1
     4     23       17903       22372   Coal      0     -1  1.3685334e+09       27653.97  2.0207011e-05      24743.887      88.226     -1
     4     24       22372       27956   Coal      0     -1   1.779397e+09       41146.12  2.3123631e-05      21622.902      102.08     -1
     4     25       27956       34934   Coal      0     -1  2.1358846e+09       58578.19  2.7425728e-05      18231.056      113.52     -1
     4     26       34934       43654   Coal      0     -1  2.3303041e+09       71147.94  3.0531611e-05      16376.469      114.33     -1
     4     27       43654       54551   Coal      0     -1  2.2855114e+09       79812.39  3.4921021e-05      14318.024      110.04     -1
     4     28       54551       68167   Coal      0     -1   1.997819e+09       73758.14   3.691933e-05      13543.041      94.721     -1
     4     29       68167       85183   Coal      0     -1  1.6355069e+09       57394.25  3.5092637e-05      14248.003      79.396     -1
     4     30       85183  1.0645e+05   Coal      0     -1  1.5322734e+09       29651.56  1.9351351e-05      25837.989      71.731     -1
     4     31  1.0645e+05  1.3302e+05   Coal      0     -1  1.5507574e+09       29422.65  1.8973084e-05      26353.122       72.39     -1
     4     32  1.3302e+05       1e+99   Coal      0     -1  3.4743224e+09       65066.65  1.8727868e-05      26698.181      54.565     -1
     4     -1           0       1e+99  Delay     -1     -1  2.5971955e+09              0              0              0           1     -1
     4     -1           0       1e+99   LogL     -1     -1              1      -15807228      -15807228              0           1     -1
     4     -1           0       1e+99 Recomb     -1     -1           4158  1.2474005e-05  3.0000011e-09              0           1     -1
     4     -1           0       1e+99 Resamp     -1     -1  2.5971955e+09         727449   0.0002800902              0           1     -1
     3      0           0         133   Coal      0     -1      305518.29      21.167605   6.928425e-05      7216.6474       1.554     -1
     3      1         133       166.2   Coal      0     -1      163911.03      3.1738568   1.936329e-05      25822.058      2.2968     -1
     3      2       166.2      207.68   Coal      0     -1       256973.5       7.807554   3.038272e-05      16456.723      2.4505     -1
     3      3      207.68      259.53   Coal      0     -1      399410.98      6.2677356  1.5692447e-05      31862.462      3.0408     -1
     3      4      259.53      324.31   Coal      0     -1         621774      12.646471  2.0339337e-05      24582.905      3.9472     -1
     3      5      324.31      405.26   Coal      0     -1       964095.6      23.836477  2.4724184e-05      20223.114      4.2499     -1
     3      6      405.26      506.42   Coal      0     -1      1502434.8       57.47945  3.8257534e-05      13069.321      4.7648     -1
     3      7      506.42      632.82   Coal      0     -1      2315303.7      116.78693  5.0441303e-05      9912.5116      6.2744     -1
     3      8      632.82      790.79   Coal      0     -1      3554405.4      242.34332  6.8181113e-05      7333.4092      7.0033     -1
     3      9      790.79      988.18   Coal      0     -1      5423702.1       315.4829  5.8167446e-05      8595.8733      7.3157     -1
     3     10      988.18      1234.8   Coal      0     -1      8258571.6      430.38447  5.2113669e-05      9594.4117      11.321     -1
     3     11      1234.8      1543.1   Coal      0     -1       12579863         602.18  4.7868565e-05      10445.268      12.162     -1
     3     12      1543.1      1928.2   Coal      0     -1       19090573      835.29634  4.3754388e-05      11427.425      13.455     -1
     3     13      1928.2      2409.6   Coal      0     -1       28871473      1176.3588  4.0744676e-05      12271.542       16.01     -1
     3     14      2409.6        3011   Coal      0     -1       43448921        1635.48  3.7641441e-05      13283.232      18.327     -1
     3     15        3011      3762.6   Coal      0     -1       65061429        2277.78  3.5009683e-05      14281.763      24.511     -1
     3     16      3762.6      4701.8   Coal      0     -1       96904537        3384.03  3.4921275e-05      14317.919      27.711     -1
     3     17      4701.8      5875.5   Coal      0     -1  1.4238768e+08        5057.87  3.5521823e-05      14075.854      31.301     -1
     3     18      5875.5      7342.1   Coal      0     -1   2.092239e+08        5606.82  2.6798181e-05      18657.983       40.54     -1
     3     19      7342.1      9174.7   Coal      0     -1  3.0952682e+08        6240.43  2.0161193e-05      24800.119      46.933     -1
     3     20      9174.7       11465   Coal      0     -1  4.6121528e+08        7662.48  1.6613673e-05      30095.693      58.846     -1
     3     21       11465       14327   Coal      0     -1  6.8235046e+08       10561.57  1.5478219e-05      32303.458      65.438     -1
     3     22       14327       17903   Coal      0     -1  9.8988522e+08       16213.66  1.6379333e-05      30526.273      82.666     -1
     3     23       17903       22372   Coal      0     -1  1.3713737e+09       27097.88  1.9759661e-05      25304.078      87.634     -1
     3     24       22372       27956   Coal      0     -1  1.7910139e+09       40675.85  2.2711075e-05      22015.691      104.42     -1
     3     25       27956       34934   Coal      0     -1   2.152878e+09       58293.42  2.7076973e-05      18465.875      112.13     -1
     3     26       34934       43654   Coal      0     -1  2.3596906e+09       71563.38  3.0327442e-05      16486.718      118.93     -1
     3     27       43654       54551   Coal      0     -1  2.3061598e+09       80620.94  3.4958956e-05      14302.487      111.52     -1
     3     28       54551       68167   Coal      0     -1  2.0053836e+09       74550.43  3.7175147e-05      13449.846      96.252     -1
     3     29       68167       85183   Coal      0     -1  1.6321306e+09       58087.89  3.5590222e-05      14048.803      79.782     -1
     3     30       85183  1.0645e+05   Coal      0     -1  1.5151346e+09       29824.98  1.9684707e-05      25400.429      71.438     -1
     3     31  1.0645e+05  1.3302e+05   Coal      0     -1  1.5153357e+09       29366.23  1.9379356e-05       25800.65      69.996     -1
     3     32  1.3302e+05       1e+99   Coal      0     -1  3.3208351e+09       63612.53  1.9155582e-05      26102.052       53.75     -1
     3     -1           0       1e+99  Delay     -1     -1  2.5971955e+09              0              0              0           1     -1
     3     -1           0       1e+99   LogL     -1     -1              1      -15807526      -15807526              0           1     -1
     3     -1           0       1e+99 Recomb     -1     -1           4158  1.2474005e-05  3.0000011e-09              0           1     -1
     3     -1           0       1e+99 Resamp     -1     -1  2.5971955e+09         723955   0.0002787449              0           1     -1
     2      0           0         133   Coal      0     -1       310006.7      15.432597  4.9781494e-05      10043.893      1.6367     -1
     2      1         133       166.2   Coal      0     -1      165787.05      1.8222111  1.0991275e-05      45490.626      2.1214     -1
     2      2       166.2      207.68   Coal      0     -1      256653.27      5.3964636   2.102628e-05      23779.765      3.0803     -1
     2      3      207.68      259.53   Coal      0     -1      400868.08      4.0693828  1.0151426e-05      49254.162      3.3832     -1
     2      4      259.53      324.31   Coal      0     -1      627796.87      11.719498   1.866766e-05      26784.289      3.1715     -1
     2      5      324.31      405.26   Coal      0     -1      976036.96      23.357919  2.3931388e-05      20893.063      4.2242     -1
     2      6      405.26      506.42   Coal      0     -1      1516944.6      50.728146     3.3441e-05      14951.706      4.7148     -1
     2      7      506.42      632.82   Coal      0     -1        2340214      103.27561  4.4130838e-05      11329.946      6.1383     -1
     2      8      632.82      790.79   Coal      0     -1      3582732.5      224.68612  6.2713619e-05      7972.7499      7.1432     -1
     2      9      790.79      988.18   Coal      0     -1        5464692      299.67324  5.4838084e-05      9117.7511      7.4008     -1
     2     10      988.18      1234.8   Coal      0     -1      8345347.5      424.13029  5.0822365e-05      9838.1884       10.13     -1
     2     11      1234.8      1543.1   Coal      0     -1       12683518      576.55257  4.5456834e-05      10999.446      12.641     -1
     2     12      1543.1      1928.2   Coal      0     -1       19221158         837.01  4.3546283e-05      11482.036      14.739     -1
     2     13      1928.2      2409.6   Coal      0     -1       29028995        1187.64  4.0912198e-05      12221.294      16.524     -1
     2     14      2409.6        3011   Coal      0     -1       43704308        1670.85  3.8230785e-05      13078.465      19.911     -1
     2     15        3011      3762.6   Coal      0     -1       65269564        2351.16  3.6022303e-05       13880.29      24.764     -1
     2     16      3762.6      4701.8   Coal      0     -1       96836625        3523.29  3.6383858e-05      13742.358      28.228     -1
     2     17      4701.8      5875.5   Coal      0     -1  1.4198665e+08        5177.13   3.646209e-05      13712.873      30.694     -1
     2     18      5875.5      7342.1   Coal      0     -1  2.0804416e+08        5693.11  2.7364911e-05      18271.574      41.542     -1
     2     19      7342.1      9174.7   Coal      0     -1   3.080669e+08         6258.4  2.0315068e-05      24612.273      48.066     -1
     2     20      9174.7       11465   Coal      0     -1  4.5944331e+08        7585.34   1.650985e-05      30284.952      60.156     -1
     2     21       11465       14327   Coal      0     -1  6.8069548e+08       10335.19   1.518328e-05      32930.961      64.555     -1
     2     22       14327       17903   Coal      0     -1  9.8999152e+08       15840.24  1.6000379e-05      31249.259      86.212     -1
     2     23       17903       22372   Coal      0     -1  1.3762903e+09       26510.33  1.9262165e-05      25957.622      89.585     -1
     2     24       22372       27956   Coal      0     -1  1.8040511e+09       40121.71  2.2239786e-05       22482.23      104.36     -1
     2     25       27956       34934   Coal      0     -1  2.1737578e+09       57965.01  2.6665809e-05      18750.603      108.34     -1
     2     26       34934       43654   Coal      0     -1  2.3868439e+09       71861.01  3.0107126e-05      16607.364      117.82     -1
     2     27       43654       54551   Coal      0     -1  2.3330692e+09       81635.34  3.4990536e-05      14289.578      114.98     -1
     2     28       54551       68167   Coal      0     -1  2.0208659e+09       75633.65  3.7426358e-05      13359.569       98.93     -1
     2     29       68167       85183   Coal      0     -1  1.6294914e+09        58914.8   3.615533e-05      13829.219      83.671     -1
     2     30       85183  1.0645e+05   Coal      0     -1  1.4967748e+09       30089.88  2.0103145e-05       24871.73       72.93     -1
     2     31  1.0645e+05  1.3302e+05   Coal      0     -1  1.4843064e+09       29489.32  1.9867408e-05      25166.846      72.133     -1
     2     32  1.3302e+05       1e+99   Coal      0     -1  3.1335241e+09       61673.42  1.9681808e-05       25404.17      55.181     -1
     2     -1           0       1e+99  Delay     -1     -1  2.5971955e+09              0              0              0           1     -1
     2     -1           0       1e+99   LogL     -1     -1              1      -15807799      -15807799              0           1     -1
     2     -1           0       1e+99 Recomb     -1     -1           4158  1.2474005e-05  3.0000011e-09              0           1     -1
     2     -1           0       1e+99 Resamp     -1     -1  2.5971955e+09         720072  0.00027724983              0           1     -1
     1      0           0         133   Coal      0     -1      301136.86      10.073053  3.3450083e-05      14947.646      1.4935     -1
     1      1         133       166.2   Coal      0     -1      163622.66      1.8377807  1.1231823e-05      44516.373      2.1296     -1
     1      2       166.2      207.68   Coal      0     -1      255324.95      4.8334132  1.8930438e-05      26412.489      2.5914     -1
     1      3      207.68      259.53   Coal      0     -1      397262.93      3.9033201  9.8255332e-06      50887.824      3.2728     -1
     1      4      259.53      324.31   Coal      0     -1      626772.02      11.468535  1.8297778e-05      27325.723      4.0715     -1
     1      5      324.31      405.26   Coal      0     -1      974555.18      18.753742  1.9243387e-05      25982.952      3.8976     -1
     1      6      405.26      506.42   Coal      0     -1      1509022.8      40.117991  2.6585411e-05      18807.307       5.068     -1
     1      7      506.42      632.82   Coal      0     -1      2342133.2      90.622198  3.8692162e-05      12922.514      5.5626     -1
     1      8      632.82      790.79   Coal      0     -1      3593670.4      206.52502  5.7469104e-05       8700.327      6.9884     -1
     1      9      790.79      988.18   Coal      0     -1      5476901.2      277.58995  5.0683761e-05      9865.0926      8.0461     -1
     1     10      988.18      1234.8   Coal      0     -1      8344627.5      397.27695   4.760871e-05       10502.28       9.821     -1
     1     11      1234.8      1543.1   Coal      0     -1       12697883      563.99725  4.4416636e-05      11257.043      13.037     -1
     1     12      1543.1      1928.2   Coal      0     -1       19281449      834.53507  4.3281762e-05       11552.21        14.7     -1
     1     13      1928.2      2409.6   Coal      0     -1       29142863       1196.868  4.1068992e-05      12174.635      14.775     -1
     1     14      2409.6        3011   Coal      0     -1       43747870        1706.61  3.9010128e-05      12817.184      19.906     -1
     1     15        3011      3762.6   Coal      0     -1       65199253        2435.56  3.7355643e-05      13384.859      25.555     -1
     1     16      3762.6      4701.8   Coal      0     -1       96633854        3655.51  3.7828461e-05      13217.561       28.43     -1
     1     17      4701.8      5875.5   Coal      0     -1  1.4139502e+08        5343.38   3.779044e-05      13230.859      31.264     -1
     1     18      5875.5      7342.1   Coal      0     -1  2.0709565e+08        5781.38  2.7916472e-05      17910.573      37.364     -1
     1     19      7342.1      9174.7   Coal      0     -1  3.0651627e+08        6267.62   2.044792e-05      24452.365      50.379     -1
     1     20      9174.7       11465   Coal      0     -1  4.5731017e+08        7479.64  1.6355726e-05      30570.333      58.279     -1
     1     21       11465       14327   Coal      0     -1  6.7902801e+08       10075.42  1.4838003e-05      33697.256      64.221     -1
     1     22       14327       17903   Coal      0     -1  9.8993766e+08       15441.05  1.5598002e-05      32055.387      81.111     -1
     1     23       17903       22372   Coal      0     -1   1.383161e+09       25889.17  1.8717395e-05      26713.119      95.333     -1
     1     24       22372       27956   Coal      0     -1   1.820175e+09       39508.26  2.1705748e-05      23035.373      108.68     -1
     1     25       27956       34934   Coal      0     -1  2.1973257e+09       57481.48  2.6159745e-05      19113.336      104.06     -1
     1     26       34934       43654   Coal      0     -1  2.4215421e+09       72255.83  2.9838767e-05      16756.724      116.83     -1
     1     27       43654       54551   Coal      0     -1  2.3585939e+09       82547.88  3.4998768e-05      14286.217      111.88     -1
     1     28       54551       68167   Coal      0     -1   2.027129e+09       76474.74  3.7725641e-05      13253.585      94.079     -1
     1     29       68167       85183   Coal      0     -1  1.6279485e+09       59878.07  3.6781304e-05      13593.863      81.554     -1
     1     30       85183  1.0645e+05   Coal      0     -1  1.4749846e+09       30361.97  2.0584601e-05      24290.002      70.124     -1
     1     31  1.0645e+05  1.3302e+05   Coal      0     -1  1.4429467e+09        29441.1  2.0403457e-05      24505.652      69.547     -1
     1     32  1.3302e+05       1e+99   Coal      0     -1  2.9443049e+09       59709.59   2.027969e-05       24655.21      53.556     -1
     1     -1           0       1e+99  Delay     -1     -1  2.5971955e+09              0              0              0           1     -1
     1     -1           0       1e+99   LogL     -1     -1              1      -15808165      -15808165              0           1     -1
     1     -1           0       1e+99 Recomb     -1     -1           4158  1.2474005e-05  3.0000011e-09              0           1     -1
     1     -1           0       1e+99 Resamp     -1     -1  2.5971955e+09         715722  0.00027557494              0           1     -1
     0      0           0         133   Coal      0     -1      313986.08         6.0536  1.9279836e-05      25933.831      1.3839     -1
     0      1         133       166.2   Coal      0     -1      169457.79     0.76045275  4.4875644e-06      111419.01      2.3326     -1
     0      2       166.2      207.68   Coal      0     -1      263216.52      2.5445116  9.6669907e-06      51722.404      2.5404     -1
     0      3      207.68      259.53   Coal      0     -1      410828.35       3.294604  8.0194175e-06      62348.668      2.5783     -1
     0      4      259.53      324.31   Coal      0     -1      635194.57      8.0289551  1.2640151e-05       39556.49      3.6316     -1
     0      5      324.31      405.26   Coal      0     -1      983841.63       15.80066  1.6060166e-05      31132.928      3.7141     -1
     0      6      405.26      506.42   Coal      0     -1      1523426.7      31.498436  2.0676043e-05      24182.577      6.0277     -1
     0      7      506.42      632.82   Coal      0     -1      2357624.1       77.45651  3.2853631e-05      15219.018      5.9139     -1
     0      8      632.82      790.79   Coal      0     -1      3621678.1      174.30138  4.8127243e-05      10389.126      6.4362     -1
     0      9      790.79      988.18   Coal      0     -1        5527151      254.95721  4.6128143e-05       10839.37      8.7882     -1
     0     10      988.18      1234.8   Coal      0     -1      8436502.2      373.23664  4.4240686e-05      11301.814      10.027     -1
     0     11      1234.8      1543.1   Coal      0     -1       12840860      558.41403  4.3487277e-05      11497.616      11.237     -1
     0     12      1543.1      1928.2   Coal      0     -1       19450808      813.53478  4.1825243e-05      11954.503      14.569     -1
     0     13      1928.2      2409.6   Coal      0     -1       29342508        1208.74  4.1194161e-05      12137.643      15.535     -1
     0     14      2409.6        3011   Coal      0     -1       43970819        1754.76  3.9907376e-05      12529.012      20.051     -1
     0     15        3011      3762.6   Coal      0     -1       65455163         2561.1  3.9127547e-05      12778.721      25.046     -1
     0     16      3762.6      4701.8   Coal      0     -1       96695438        3795.38  3.9250869e-05      12738.571      30.043     -1
     0     17      4701.8      5875.5   Coal      0     -1  1.4090525e+08        5541.67  3.9329053e-05      12713.248       31.09     -1
     0     18      5875.5      7342.1   Coal      0     -1  2.0587427e+08        5866.42  2.8495159e-05       17546.84      39.373     -1
     0     19      7342.1      9174.7   Coal      0     -1  3.0451302e+08         6249.2  2.0521947e-05       24364.16      49.086     -1
     0     20      9174.7       11465   Coal      0     -1  4.5507056e+08        7366.64  1.6187907e-05      30887.254      56.192     -1
     0     21       11465       14327   Coal      0     -1  6.7727218e+08        9786.89  1.4450453e-05      34600.991      65.764     -1
     0     22       14327       17903   Coal      0     -1  9.9001273e+08       14975.33  1.5126401e-05      33054.789       79.55     -1
     0     23       17903       22372   Coal      0     -1  1.3884896e+09       25184.43  1.8138005e-05      27566.428      92.091     -1
     0     24       22372       27956   Coal      0     -1  1.8375825e+09       38891.18  2.1164318e-05      23624.668       111.3     -1
     0     25       27956       34934   Coal      0     -1  2.2284979e+09       57022.08  2.5587675e-05      19540.657      108.99     -1
     0     26       34934       43654   Coal      0     -1  2.4558526e+09       72455.58  2.9503228e-05      16947.298      114.99     -1
     0     27       43654       54551   Coal      0     -1  2.4001589e+09       83924.49  3.4966223e-05      14299.514      116.28     -1
     0     28       54551       68167   Coal      0     -1   2.054198e+09       78146.45  3.8042316e-05      13143.259      99.772     -1
     0     29       68167       85183   Coal      0     -1  1.6223554e+09        60904.2  3.7540603e-05      13318.912      82.707     -1
     0     30       85183  1.0645e+05   Coal      0     -1  1.4507246e+09       30708.04  2.1167381e-05      23621.251      70.903     -1
     0     31  1.0645e+05  1.3302e+05   Coal      0     -1  1.3977541e+09       29434.18  2.1058197e-05      23743.724      68.571     -1
     0     32  1.3302e+05       1e+99   Coal      0     -1  2.7432132e+09       57569.79  2.0986262e-05       23825.11      56.184     -1
     0     -1           0       1e+99  Delay     -1     -1  2.5971955e+09              0              0              0           1     -1
     0     -1           0       1e+99   LogL     -1     -1              1      -15808634      -15808634              0           1     -1
     0     -1           0       1e+99 Recomb     -1     -1           4158  1.2474005e-05  3.0000011e-09              0           1     -1
     0     -1           0       1e+99 Resamp     -1     -1  2.5971955e+09         711195  0.00027383191              0           1     -1
