  Iter  Epoch       Start         End   Type   From     To            Opp          Count           Rate             Ne         ESS  Clump
    10      0           0         133   Coal      0     -1      292848.83      164.50963  0.00056175616       890.0659      1.3055     -1
    10      1         133       166.2   Coal      0     -1      153209.07      23.779697  0.00015521076      3221.4261      2.1357     -1
    10      2       166.2      207.68   Coal      0     -1      239512.57       10.98601  4.5868198e-05      10900.799      2.4367     -1
    10      3      207.68      259.53   Coal      0     -1      372935.58      10.393937  2.7870597e-05      17940.053      3.0358     -1
    10      4      259.53      324.31   Coal      0     -1      577730.34      16.167556  2.7984607e-05      17866.965      3.3078     -1
    10      5      324.31      405.26   Coal      0     -1      898695.48      33.467757  3.7240375e-05      13426.288      4.2035     -1
    10      6      405.26      506.42   Coal      0     -1      1392847.2       66.28503  4.7589593e-05      10506.499      5.2145     -1
    10      7      506.42      632.82   Coal      0     -1      2159181.4      120.64299  5.5874412e-05        8948.64      5.2474     -1
    10      8      632.82      790.79   Coal      0     -1      3306730.5      260.11921  7.8663565e-05      6356.1828      6.2202     -1
    10      9      790.79      988.18   Coal      0     -1        5034395      376.16481  7.4718969e-05      6691.7412      7.8486     -1
    10     10      988.18      1234.8   Coal      0     -1      7660894.8      534.39634  6.9756387e-05      7167.8024      9.7534     -1
    10     11      1234.8      1543.1   Coal      0     -1       11544024      797.82136  6.9111199e-05      7234.7175      11.494     -1
    10     12      1543.1      1928.2   Coal      0     -1       17254959      1174.6579  6.8076535e-05      7344.6746      13.378     -1
    10     13      1928.2      2409.6   Coal      0     -1       25706416      1499.1906  5.8319705e-05      8573.4316       14.54     -1
    10     14      2409.6        3011   Coal      0     -1       38148433      2009.6107  5.2678722e-05      9491.4983      17.057     -1
    10     15        3011      3762.6   Coal      0     -1       56455035       2459.276  4.3561678e-05      11477.978      22.437     -1
    10     16      3762.6      4701.8   Coal      0     -1       83710911      3237.7455  3.8677699e-05      12927.346      25.353     -1
    10     17      4701.8      5875.5   Coal      0     -1   1.232174e+08      4511.2502  3.6612121e-05      13656.679      30.434     -1
    10     18      5875.5      7342.1   Coal      0     -1  1.8171814e+08      4900.1409  2.6965612e-05      18542.134      37.676     -1
    10     19      7342.1      9174.7   Coal      0     -1  2.6964159e+08      5508.3665  2.0428475e-05       24475.64      46.422     -1
    10     20      9174.7       11465   Coal      0     -1  4.0146157e+08      7176.5477  1.7876052e-05      27970.383      52.695     -1
    10     21       11465       14327   Coal      0     -1  5.9183081e+08      10037.553  1.6960174e-05       29480.83       63.09     -1
    10     22       14327       17903   Coal      0     -1  8.4969721e+08      15825.149  1.8624457e-05      26846.421      69.456     -1
    10     23       17903       22372   Coal      0     -1  1.1624786e+09       25752.59  2.2153174e-05       22570.13      79.495     -1
    10     24       22372       27956   Coal      0     -1  1.4959504e+09      37482.893   2.505624e-05      19955.109      95.758     -1
    10     25       27956       34934   Coal      0     -1   1.783549e+09       50600.08  2.8370445e-05      17623.974      104.44     -1
    10     26       34934       43654   Coal      0     -1  1.9394206e+09      60781.534  3.1340047e-05      15954.028      99.875     -1
    10     27       43654       54551   Coal      0     -1  1.9243496e+09      66658.145  3.4639311e-05      14434.467      102.08     -1
    10     28       54551       68167   Coal      0     -1  1.7106266e+09      61602.668  3.6011756e-05      13884.355      87.378     -1
    10     29       68167       85183   Coal      0     -1  1.4425224e+09      48251.367  3.3449302e-05      14947.995      76.156     -1
    10     30       85183  1.0645e+05   Coal      0     -1  1.3870741e+09      25361.947  1.8284493e-05      27345.576      69.165     -1
    10     31  1.0645e+05  1.3302e+05   Coal      0     -1  1.4207641e+09      25263.591  1.7781693e-05      28118.808      66.514     -1
    10     32  1.3302e+05       1e+99   Coal      0     -1  3.5050171e+09      60891.592  1.7372695e-05      28780.797      53.252     -1
    10     -1           0       1e+99  Delay     -1     -1  2.5870024e+09              0              0              0           1     -1
    10     -1           0       1e+99   LogL     -1     -1              1      -13801561      -13801561              0           1     -1
    10     -1           0       1e+99 Recomb     -1     -1           4851  1.4553006e-05  3.0000012e-09              0           1     -1
    10     -1           0       1e+99 Resamp     -1     -1  2.5870024e+09         666944  0.00025780571              0           1     -1
     9      0           0         133   Coal      0     -1      289387.56       178.5597  0.00061702617       810.3384       1.335     -1
     9      1         133       166.2   Coal      0     -1      150848.52        27.7167  0.00018373863      2721.2569      2.2556     -1
     9      2       166.2      207.68   Coal      0     -1      233363.08      9.5388662  4.0875644e-05      12232.223      2.3752     -1
     9      3      207.68      259.53   Coal      0     -1      365184.37      9.1886823  2.5161762e-05      19871.422       3.071     -1
     9      4      259.53      324.31   Coal      0     -1      573863.21      16.170253  2.8177887e-05      17744.411      3.8984     -1
     9      5      324.31      405.26   Coal      0     -1      896599.32      37.301284  4.1603069e-05      12018.344      4.2467     -1
     9      6      405.26      506.42   Coal      0     -1      1386535.7      69.632783  5.0220692e-05      9956.0557      4.7004     -1
     9      7      506.42      632.82   Coal      0     -1      2146567.7       117.4446  5.4712741e-05      9138.6393      5.7878     -1
     9      8      632.82      790.79   Coal      0     -1      3307185.4      250.33372  7.5693888e-05      6605.5531      6.7882     -1
     9      9      790.79      988.18   Coal      0     -1      5039627.2      378.31138  7.5067333e-05      6660.6868      7.9975     -1
     9     10      988.18      1234.8   Coal      0     -1      7645930.5      536.54249  7.0173603e-05      7125.1864      9.8371     -1
     9     11      1234.8      1543.1   Coal      0     -1       11536219      774.10561  6.7102192e-05      7451.3214      11.883     -1
     9     12      1543.1      1928.2   Coal      0     -1       17272547      1152.6365  6.6732282e-05      7492.6256      13.914     -1
     9     13      1928.2      2409.6   Coal      0     -1       25725395      1468.6276  5.7088632e-05       8758.311      15.522     -1
     9     14      2409.6        3011   Coal      0     -1       38232339      1998.1883  5.2264349e-05      9566.7508      18.545     -1
     9     15        3011      3762.6   Coal      0     -1       56617860      2477.1404  4.3751926e-05      11428.068      22.558     -1
     9     16      3762.6      4701.8   Coal      0     -1       83854152      3258.8257  3.8863021e-05      12865.701      24.465     -1
     9     17      4701.8      5875.5   Coal      0     -1   1.232925e+08      4568.1958  3.7051692e-05       13494.66      29.863     -1
     9     18      5875.5      7342.1   Coal      0     -1  1.8160336e+08       4985.859  2.7454663e-05      18211.843       37.23     -1
     9     19      7342.1      9174.7   Coal      0     -1  2.6919698e+08      5545.5729  2.0600427e-05      24271.341      45.888     -1
     9     20      9174.7       11465   Coal      0     -1  4.0079774e+08      7184.9332  1.7926581e-05      27891.543      54.014     -1
     9     21       11465       14327   Coal      0     -1  5.9105916e+08      9991.8962   1.690507e-05      29576.926      63.174     -1
     9     22       14327       17903   Coal      0     -1  8.4920143e+08      15673.742  1.8457037e-05      27089.939      70.759     -1
     9     23       17903       22372   Coal      0     -1  1.1633477e+09       25507.52  2.1925963e-05      22804.015        80.4     -1
     9     24       22372       27956   Coal      0     -1  1.4997348e+09      37289.649  2.4864162e-05      20109.264      97.718     -1
     9     25       27956       34934   Coal      0     -1  1.7900746e+09      50542.958  2.8235113e-05      17708.447      104.98     -1
     9     26       34934       43654   Coal      0     -1  1.9477946e+09      60804.418  3.1217058e-05      16016.884      99.038     -1
     9     27       43654       54551   Coal      0     -1  1.9247626e+09      66833.547  3.4723008e-05      14399.674      98.065     -1
     9     28       54551       68167   Coal      0     -1  1.7142541e+09      61933.144  3.6128335e-05      13839.553      86.503     -1
     9     29       68167       85183   Coal      0     -1  1.4406154e+09      48477.751  3.3650725e-05      14858.521      74.979     -1
     9     30       85183  1.0645e+05   Coal      0     -1  1.3817057e+09       25441.88  1.8413386e-05      27154.159      69.862     -1
     9     31  1.0645e+05  1.3302e+05   Coal      0     -1  1.4096581e+09       25251.29   1.791306e-05      27912.596      66.378     -1
     9     32  1.3302e+05       1e+99   Coal      0     -1  3.4614748e+09       60674.98   1.752865e-05       28524.73      54.509     -1
     9     -1           0       1e+99  Delay     -1     -1  2.5870024e+09              0              0              0           1     -1
     9     -1           0       1e+99   LogL     -1     -1              1      -13801551      -13801551              0           1     -1
     9     -1           0       1e+99 Recomb     -1     -1           4851  1.4553006e-05  3.0000012e-09              0           1     -1
     9     -1           0       1e+99 Resamp     -1     -1  2.5870024e+09         664324  0.00025679295              0           1     -1
     8      0           0         133   Coal      0     -1      286589.25      165.95732  0.00057907728      863.44262       1.342     -1
     8      1         133       166.2   Coal      0     -1      149651.59      29.832787  0.00019934828      2508.1731      2.3707     -1
     8      2       166.2      207.68   Coal      0     -1      233677.64      9.4418655  4.0405515e-05      12374.548      2.6798     -1
     8      3      207.68      259.53   Coal      0     -1      364790.45      8.5574727  2.3458598e-05      21314.146      2.9621     -1
     8      4      259.53      324.31   Coal      0     -1       572983.1      19.397714  3.3853902e-05      14769.346      3.4727     -1
     8      5      324.31      405.26   Coal      0     -1      895108.59      34.249869  3.8263368e-05      13067.329       4.385     -1
     8      6      405.26      506.42   Coal      0     -1      1401412.8      69.417362  4.9533844e-05      10094.109      5.1927     -1
     8      7      506.42      632.82   Coal      0     -1      2161065.8      119.56103  5.5325032e-05      9037.5004      5.5996     -1
     8      8      632.82      790.79   Coal      0     -1      3310132.4      247.62875   7.480932e-05      6683.6592      6.8411     -1
     8      9      790.79      988.18   Coal      0     -1      5043168.9      396.08191    7.85383e-05      6366.3206      7.6774     -1
     8     10      988.18      1234.8   Coal      0     -1      7656857.9      538.26943  7.0298997e-05       7112.477      9.2449     -1
     8     11      1234.8      1543.1   Coal      0     -1       11549349      751.19265  6.5041993e-05      7687.3413      11.919     -1
     8     12      1543.1      1928.2   Coal      0     -1       17277942      1131.6695  6.5497934e-05      7633.8286      13.644     -1
     8     13      1928.2      2409.6   Coal      0     -1       25745794      1462.3728  5.6800456e-05      8802.7463       15.85     -1
     8     14      2409.6        3011   Coal      0     -1       38335757      1968.4748   5.134827e-05      9737.4263      17.735     -1
     8     15        3011      3762.6   Coal      0     -1       56761693      2482.9682  4.3743731e-05      11430.209      22.609     -1
     8     16      3762.6      4701.8   Coal      0     -1       83975700      3292.7557  3.9210816e-05      12751.584      24.452     -1
     8     17      4701.8      5875.5   Coal      0     -1  1.2327849e+08      4640.6546   3.764367e-05      13282.446      30.039     -1
     8     18      5875.5      7342.1   Coal      0     -1  1.8144565e+08      5042.5727  2.7791092e-05      17991.377      38.217     -1
     8     19      7342.1      9174.7   Coal      0     -1  2.6885394e+08      5575.9953  2.0739869e-05      24108.156        46.6     -1
     8     20      9174.7       11465   Coal      0     -1  4.0051071e+08      7175.0553  1.7914765e-05      27909.939      56.282     -1
     8     21       11465       14327   Coal      0     -1  5.9064247e+08      9928.5315  1.6809715e-05      29744.704      65.172     -1
     8     22       14327       17903   Coal      0     -1  8.4956506e+08      15505.013   1.825053e-05      27396.464      71.026     -1
     8     23       17903       22372   Coal      0     -1  1.1659514e+09      25260.774  2.1665375e-05      23078.298      81.078     -1
     8     24       22372       27956   Coal      0     -1  1.5063213e+09      37105.796  2.4633388e-05      20297.654      98.858     -1
     8     25       27956       34934   Coal      0     -1  1.7972228e+09      50472.489  2.8083602e-05      17803.984      103.92     -1
     8     26       34934       43654   Coal      0     -1   1.960461e+09      60974.737  3.1102245e-05       16076.01      102.42     -1
     8     27       43654       54551   Coal      0     -1  1.9343154e+09      67248.409     3.4766e-05      14381.867      100.38     -1
     8     28       54551       68167   Coal      0     -1  1.7182327e+09      62354.186   3.628972e-05      13778.006      89.397     -1
     8     29       68167       85183   Coal      0     -1  1.4383186e+09      48746.323  3.3891186e-05      14753.098      76.057     -1
     8     30       85183  1.0645e+05   Coal      0     -1  1.3710141e+09      25465.476   1.857419e-05      26919.074      69.091     -1
     8     31  1.0645e+05  1.3302e+05   Coal      0     -1  1.4010152e+09      25322.032  1.8074059e-05      27663.957      67.093     -1
     8     32  1.3302e+05       1e+99   Coal      0     -1  3.3669691e+09      59702.865  1.7731932e-05      28197.718      53.355     -1
     8     -1           0       1e+99  Delay     -1     -1  2.5870024e+09              0              0              0           1     -1
     8     -1           0       1e+99   LogL     -1     -1              1      -13801629      -13801629              0           1     -1
     8     -1           0       1e+99 Recomb     -1     -1           4851  1.4553006e-05  3.0000012e-09              0           1     -1
     8     -1           0       1e+99 Resamp     -1     -1  2.5870024e+09         662425   0.0002560589              0           1     -1
     7      0           0         133   Coal      0     -1      295725.78       165.9497  0.00056116076      891.01026      1.3654     -1
     7      1         133       166.2   Coal      0     -1      150424.69      23.135832  0.00015380342      3250.9029      2.1977     -1
     7      2       166.2      207.68   Coal      0     -1      234341.21      6.2315391  2.6591734e-05      18802.835      2.9169     -1
     7      3      207.68      259.53   Coal      0     -1      365392.65      9.6515395  2.6414159e-05      18929.242      3.1162     -1
     7      4      259.53      324.31   Coal      0     -1       570749.8      17.340271  3.0381563e-05      16457.349      3.2321     -1
     7      5      324.31      405.26   Coal      0     -1      890287.75      39.345311  4.4193926e-05      11313.772      4.0665     -1
     7      6      405.26      506.42   Coal      0     -1      1382150.6      65.446493  4.7351204e-05      10559.394       5.137     -1
     7      7      506.42      632.82   Coal      0     -1      2143833.7      123.30276  5.7515075e-05       8693.373      5.6875     -1
     7      8      632.82      790.79   Coal      0     -1      3290465.8      251.60943  7.6466202e-05      6538.8366      7.0152     -1
     7      9      790.79      988.18   Coal      0     -1        5006453      401.00457   8.009754e-05       6242.389      7.7507     -1
     7     10      988.18      1234.8   Coal      0     -1      7611867.7      525.39666  6.9023357e-05      7243.9247      9.7434     -1
     7     11      1234.8      1543.1   Coal      0     -1       11525791      748.17386  6.4913019e-05      7702.6151      11.454     -1
     7     12      1543.1      1928.2   Coal      0     -1       17292287      1121.2108  6.4838779e-05      7711.4346      13.357     -1
     7     13      1928.2      2409.6   Coal      0     -1       25796772      1441.1138  5.5864116e-05      8950.2894      15.778     -1
     7     14      2409.6        3011   Coal      0     -1       38381959      1937.0214  5.0466974e-05      9907.4693       18.05     -1
     7     15        3011      3762.6   Coal      0     -1       56882198      2492.9407  4.3826378e-05      11408.654      22.041     -1
     7     16      3762.6      4701.8   Coal      0     -1       84204395      3319.4092  3.9420854e-05      12683.642      26.044     -1
     7     17      4701.8      5875.5   Coal      0     -1  1.2345928e+08      4712.5811  3.8171137e-05      13098.902      29.416     -1
     7     18      5875.5      7342.1   Coal      0     -1  1.8101015e+08      5108.5446  2.8222421e-05      17716.411      38.463     -1
     7     19      7342.1      9174.7   Coal      0     -1  2.6843358e+08      5603.2677  2.0873945e-05      23953.306      46.913     -1
     7     20      9174.7       11465   Coal      0     -1  3.9950673e+08      7148.5976   1.789356e-05      27943.014      50.616     -1
     7     21       11465       14327   Coal      0     -1   5.899433e+08      9847.9621  1.6693066e-05      29952.557      64.948     -1
     7     22       14327       17903   Coal      0     -1  8.4897189e+08      15303.593   1.802603e-05      27737.665      68.149     -1
     7     23       17903       22372   Coal      0     -1  1.1688352e+09      25024.241  2.1409554e-05       23354.06       82.63     -1
     7     24       22372       27956   Coal      0     -1  1.5109619e+09      36841.572  2.4382859e-05      20506.209       95.69     -1
     7     25       27956       34934   Coal      0     -1  1.8119401e+09      50487.004  2.7863507e-05      17944.619      109.08     -1
     7     26       34934       43654   Coal      0     -1  1.9717973e+09      61079.685  3.0976655e-05      16141.187      101.78     -1
     7     27       43654       54551   Coal      0     -1   1.949053e+09      67804.116  3.4788236e-05      14372.675      102.02     -1
     7     28       54551       68167   Coal      0     -1   1.719259e+09      62673.029  3.6453512e-05        13716.1      87.368     -1
     7     29       68167       85183   Coal      0     -1   1.434595e+09      49005.278  3.4159661e-05      14637.148      76.681     -1
     7     30       85183  1.0645e+05   Coal      0     -1  1.3672249e+09      25633.796  1.8748778e-05      26668.405      70.763     -1
     7     31  1.0645e+05  1.3302e+05   Coal      0     -1   1.382807e+09      25252.351   1.826166e-05      27379.768      67.891     -1
     7     32  1.3302e+05       1e+99   Coal      0     -1  3.2966554e+09      59177.624  1.7950807e-05      27853.902      54.472     -1
     7     -1           0       1e+99  Delay     -1     -1  2.5870024e+09              0              0              0           1     -1
     7     -1           0       1e+99   LogL     -1     -1              1      -13801628      -13801628              0           1     -1
     7     -1           0       1e+99 Recomb     -1     -1           4851  1.4553006e-05  3.0000012e-09              0           1     -1
     7     -1           0       1e+99 Resamp     -1     -1  2.5870024e+09         659997  0.00025512036              0           1     -1
     6      0           0         133   Coal      0     -1      293085.36       144.3489  0.00049251487      1015.1978      1.3492     -1
     6      1         133       166.2   Coal      0     -1      154495.29      22.472197  0.00014545555      3437.4763      2.1513     -1
     6      2       166.2      207.68   Coal      0     -1       240956.1      5.0653489  2.1021875e-05      23784.748      2.4826     -1
     6      3      207.68      259.53   Coal      0     -1      380967.18      9.0852522  2.3847861e-05      20966.241       3.054     -1
     6      4      259.53      324.31   Coal      0     -1      592316.57      19.169213  3.2363122e-05      15449.684      3.1082     -1
     6      5      324.31      405.26   Coal      0     -1      912263.89      43.017391  4.7154547e-05      10603.431      3.6087     -1
     6      6      405.26      506.42   Coal      0     -1      1404814.3      63.085524  4.4906665e-05      11134.205      5.1066     -1
     6      7      506.42      632.82   Coal      0     -1      2171706.9      128.01347  5.8946014e-05      8482.3377      5.6459     -1
     6      8      632.82      790.79   Coal      0     -1      3326506.8      260.51668  7.8315389e-05      6384.4413      7.1187     -1
     6      9      790.79      988.18   Coal      0     -1      5048970.3      394.09524  7.8054576e-05      6405.7744      6.9981     -1
     6     10      988.18      1234.8   Coal      0     -1      7658267.7      510.52051  6.6662663e-05      7500.4505      10.294     -1
     6     11      1234.8      1543.1   Coal      0     -1       11576996      741.22733  6.4025878e-05      7809.3423      11.303     -1
     6     12      1543.1      1928.2   Coal      0     -1       17349919      1086.3468  6.2613938e-05      7985.4424      13.925     -1
     6     13      1928.2      2409.6   Coal      0     -1       25952549      1420.0912  5.4718754e-05       9137.635      14.939     -1
     6     14      2409.6        3011   Coal      0     -1       38622901      1937.6413  5.0168198e-05      9966.4732       18.61     -1
     6     15        3011      3762.6   Coal      0     -1       57174917      2513.3021  4.3958125e-05      11374.461      22.394     -1
     6     16      3762.6      4701.8   Coal      0     -1       84453498      3371.9014   3.992613e-05      12523.127      25.926     -1
     6     17      4701.8      5875.5   Coal      0     -1  1.2356415e+08      4788.6506   3.875437e-05      12901.771      30.899     -1
     6     18      5875.5      7342.1   Coal      0     -1  1.8123407e+08      5184.4388  2.8606315e-05      17478.658      36.291     -1
     6     19      7342.1      9174.7   Coal      0     -1  2.6807971e+08      5655.7778  2.1097373e-05      23699.633      46.721     -1
     6     20      9174.7       11465   Coal      0     -1  3.9899364e+08       7112.095  1.7825084e-05      28050.359      51.793     -1
     6     21       11465       14327   Coal      0     -1  5.8964462e+08      9750.5122  1.6536252e-05      30236.597      64.494     -1
     6     22       14327       17903   Coal      0     -1   8.496568e+08      15094.082  1.7764916e-05      28145.362      67.478     -1
     6     23       17903       22372   Coal      0     -1  1.1718687e+09      24730.755  2.1103691e-05      23692.538        81.1     -1
     6     24       22372       27956   Coal      0     -1  1.5191132e+09      36596.138  2.4090461e-05      20755.103       96.43     -1
     6     25       27956       34934   Coal      0     -1  1.8230578e+09      50435.133  2.7665131e-05      18073.292      108.23     -1
     6     26       34934       43654   Coal      0     -1   1.987931e+09      61293.321   3.083272e-05      16216.539      101.58     -1
     6     27       43654       54551   Coal      0     -1  1.9590482e+09      68237.186  3.4831805e-05      14354.697      100.39     -1
     6     28       54551       68167   Coal      0     -1   1.723288e+09      63086.295  3.6608098e-05       13658.18      86.187     -1
     6     29       68167       85183   Coal      0     -1  1.4351901e+09       49456.63  3.4459985e-05      14509.583      76.208     -1
     6     30       85183  1.0645e+05   Coal      0     -1  1.3548829e+09      25703.235  1.8970816e-05      26356.272      69.357     -1
     6     31  1.0645e+05  1.3302e+05   Coal      0     -1  1.3701326e+09       25322.62  1.8481876e-05      27053.531      67.152     -1
     6     32  1.3302e+05       1e+99   Coal      0     -1  3.1976225e+09       58244.26  1.8214864e-05      27450.108      53.712     -1
     6     -1           0       1e+99  Delay     -1     -1  2.5870024e+09              0              0              0           1     -1
     6     -1           0       1e+99   LogL     -1     -1              1      -13801771      -13801771              0           1     -1
     6     -1           0       1e+99 Recomb     -1     -1           4851  1.4553006e-05  3.0000012e-09              0           1     -1
     6     -1           0       1e+99 Resamp     -1     -1  2.5870024e+09         658477  0.00025453281              0           1     -1
     5      0           0         133   Coal      0     -1      295004.15      145.46167  0.00049308346      1014.0271      1.4294     -1
     5      1         133       166.2   Coal      0     -1      154356.52      20.111147  0.00013029023      3837.5862      2.0817     -1
     5      2       166.2      207.68   Coal      0     -1      238906.77      5.0985822  2.1341305e-05      23428.745      2.6017     -1
     5      3      207.68      259.53   Coal      0     -1      373363.19      8.5798094  2.2979795e-05      21758.245      2.6457     -1
     5      4      259.53      324.31   Coal      0     -1      584857.43       21.32996  3.6470359e-05      13709.764      3.6047     -1
     5      5      324.31      405.26   Coal      0     -1      911085.39      42.196299  4.6314318e-05      10795.797      4.2802     -1
     5      6      405.26      506.42   Coal      0     -1      1410308.1      61.552284  4.3644564e-05       11456.18      5.0745     -1
     5      7      506.42      632.82   Coal      0     -1      2177561.3      115.51957  5.3049974e-05      9425.0753        6.12     -1
     5      8      632.82      790.79   Coal      0     -1        3342124      262.29485  7.8481484e-05      6370.9295      6.6236     -1
     5      9      790.79      988.18   Coal      0     -1      5077135.4      374.78676  7.3818548e-05      6773.3654      7.8995     -1
     5     10      988.18      1234.8   Coal      0     -1      7709741.9       505.4741  6.5563037e-05      7626.2483      8.4365     -1
     5     11      1234.8      1543.1   Coal      0     -1       11600668      733.45833  6.3225523e-05      7908.1987      12.123     -1
     5     12      1543.1      1928.2   Coal      0     -1       17379484      1057.4344  6.0843833e-05      8217.7597      14.813     -1
     5     13      1928.2      2409.6   Coal      0     -1       25996427      1404.4077  5.4023106e-05      9255.2991       16.33     -1
     5     14      2409.6        3011   Coal      0     -1       38743691      1910.1909  4.9303276e-05      10141.314      17.161     -1
     5     15        3011      3762.6   Coal      0     -1       57445972      2521.0454  4.3885503e-05      11393.284      21.054     -1
     5     16      3762.6      4701.8   Coal      0     -1       84614214      3404.4494  4.0234959e-05      12427.004      27.684     -1
     5     17      4701.8      5875.5   Coal      0     -1  1.2362534e+08      4891.8721   3.957014e-05      12635.791      30.896     -1
     5     18      5875.5      7342.1   Coal      0     -1  1.8100169e+08      5242.4955  2.8963794e-05      17262.932      35.263     -1
     5     19      7342.1      9174.7   Coal      0     -1   2.674275e+08       5703.821  2.1328476e-05      23442.837      46.911     -1
     5     20      9174.7       11465   Coal      0     -1   3.983039e+08      7063.5399  1.7734047e-05      28194.355      54.347     -1
     5     21       11465       14327   Coal      0     -1   5.885535e+08      9625.9966  1.6355347e-05      30571.042      62.712     -1
     5     22       14327       17903   Coal      0     -1   8.501093e+08      14851.364  1.7469946e-05       28620.58      68.593     -1
     5     23       17903       22372   Coal      0     -1  1.1754647e+09      24388.653  2.0748095e-05      24098.598       84.82     -1
     5     24       22372       27956   Coal      0     -1  1.5266045e+09       36283.51  2.3767459e-05      21037.166      96.977     -1
     5     25       27956       34934   Coal      0     -1  1.8354819e+09      50378.563   2.744705e-05      18216.894      107.11     -1
     5     26       34934       43654   Coal      0     -1  2.0047705e+09      61494.482  3.0674075e-05       16300.41      103.08     -1
     5     27       43654       54551   Coal      0     -1  1.9797428e+09      69007.179  3.4856638e-05       14344.47      104.65     -1
     5     28       54551       68167   Coal      0     -1  1.7313475e+09      63658.975  3.6768456e-05      13598.613      88.394     -1
     5     29       68167       85183   Coal      0     -1  1.4290424e+09      49764.682  3.4823796e-05      14357.998      76.701     -1
     5     30       85183  1.0645e+05   Coal      0     -1  1.3399737e+09      25744.467  1.9212666e-05      26024.498      69.697     -1
     5     31  1.0645e+05  1.3302e+05   Coal      0     -1  1.3550271e+09      25415.959  1.8756789e-05      26657.014      69.304     -1
     5     32  1.3302e+05       1e+99   Coal      0     -1  3.0746804e+09        56973.9  1.8530024e-05      26983.236      52.114     -1
     5     -1           0       1e+99  Delay     -1     -1  2.5870024e+09              0              0              0           1     -1
     5     -1           0       1e+99   LogL     -1     -1              1      -13801961      -13801961              0           1     -1
     5     -1           0       1e+99 Recomb     -1     -1           4851  1.4553006e-05  3.0000012e-09              0           1     -1
     5     -1           0       1e+99 Resamp     -1     -1  2.5870024e+09         655801  0.00025349841              0           1     -1
     4      0           0         133   Coal      0     -1       294398.5      127.26165  0.00043227684      1156.6662      1.4158     -1
     4      1         133       166.2   Coal      0     -1      152669.72      19.926786  0.00013052219      3830.7664      2.1376     -1
     4      2       166.2      207.68   Coal      0     -1      235857.89      4.1959661   1.779023e-05      28105.314      2.5767     -1
     4      3      207.68      259.53   Coal      0     -1      371789.27      4.9467552  1.3305266e-05      37579.106      2.7103     -1
     4      4      259.53      324.31   Coal      0     -1      583812.99       18.70184  3.2033957e-05      15608.437      3.6797     -1
     4      5      324.31      405.26   Coal      0     -1      910987.41       38.88412  4.2683488e-05      11714.132      4.3302     -1
     4      6      405.26      506.42   Coal      0     -1        1410540      62.851685  4.4558599e-05      11221.179      4.7678     -1
     4      7      506.42      632.82   Coal      0     -1      2181224.8      117.89797  5.4051272e-05      9250.4761      5.2828     -1
     4      8      632.82      790.79   Coal      0     -1      3337685.7      259.49754  7.7747747e-05      6431.0545      6.9616     -1
     4      9      790.79      988.18   Coal      0     -1      5067531.7      369.61222  7.2937327e-05      6855.2005      8.7251     -1
     4     10      988.18      1234.8   Coal      0     -1      7705587.1      487.02379  6.3203982e-05       7910.894      8.4303     -1
     4     11      1234.8      1543.1   Coal      0     -1       11628439      721.91639  6.2081968e-05      8053.8685      11.834     -1
     4     12      1543.1      1928.2   Coal      0     -1       17472260      1033.8241  5.9169455e-05      8450.3061      15.064     -1
     4     13      1928.2      2409.6   Coal      0     -1       26126187       1385.172  5.3018528e-05      9430.6654      15.525     -1
     4     14      2409.6        3011   Coal      0     -1       38904770      1884.7293  4.8444684e-05       10321.05      17.423     -1
     4     15        3011      3762.6   Coal      0     -1       57664694      2534.0915  4.3945286e-05      11377.785      20.994     -1
     4     16      3762.6      4701.8   Coal      0     -1       84858998      3468.8994  4.0878392e-05      12231.401      25.739     -1
     4     17      4701.8      5875.5   Coal      0     -1  1.2380396e+08      4981.7249  4.0238818e-05      12425.812      30.543     -1
     4     18      5875.5      7342.1   Coal      0     -1  1.8044059e+08      5279.9743  2.9261567e-05       17087.26      38.814     -1
     4     19      7342.1      9174.7   Coal      0     -1  2.6676311e+08      5723.7816  2.1456421e-05      23303.048      41.555     -1
     4     20      9174.7       11465   Coal      0     -1  3.9758128e+08      7021.3858  1.7660253e-05      28312.166      54.733     -1
     4     21       11465       14327   Coal      0     -1  5.8817105e+08      9483.2974  1.6123367e-05      31010.893      63.459     -1
     4     22       14327       17903   Coal      0     -1  8.5098542e+08      14582.615  1.7136152e-05       29178.08      68.485     -1
     4     23       17903       22372   Coal      0     -1  1.1797573e+09      24026.868  2.0365942e-05      24550.792      84.903     -1
     4     24       22372       27956   Coal      0     -1  1.5345741e+09      35920.141  2.3407237e-05      21360.915      94.657     -1
     4     25       27956       34934   Coal      0     -1  1.8536297e+09      50427.889  2.7204942e-05      18379.014      112.58     -1
     4     26       34934       43654   Coal      0     -1  2.0238675e+09      61736.385  3.0504163e-05      16391.205      106.38     -1
     4     27       43654       54551   Coal      0     -1  1.9910803e+09      69560.071  3.4935845e-05      14311.948      105.62     -1
     4     28       54551       68167   Coal      0     -1  1.7387972e+09        64312.9  3.6987004e-05      13518.262      90.863     -1
     4     29       68167       85183   Coal      0     -1  1.4258696e+09      50270.342  3.5255918e-05      14182.016      77.095     -1
     4     30       85183  1.0645e+05   Coal      0     -1  1.3237432e+09      25832.319    1.95146e-05      25621.843      67.911     -1
     4     31  1.0645e+05  1.3302e+05   Coal      0     -1  1.3379531e+09      25516.238  1.9071101e-05      26217.678      69.523     -1
     4     32  1.3302e+05       1e+99   Coal      0     -1  2.9551906e+09      55850.588  1.8899149e-05      26456.217       54.73     -1
     4     -1           0       1e+99  Delay     -1     -1  2.5870024e+09              0              0              0           1     -1
     4     -1           0       1e+99   LogL     -1     -1              1      -13802047      -13802047              0           1     -1
     4     -1           0       1e+99 Recomb     -1     -1           4851  1.4553006e-05  3.0000012e-09              0           1     -1
     4     -1           0       1e+99 Resamp     -1     -1  2.5870024e+09         653716  0.00025269246              0           1     -1
     3      0           0         133   Coal      0     -1      297997.47      114.26157  0.00038343135      1304.0144      1.4546     -1
     3      1         133       166.2   Coal      0     -1      156696.69      26.596957  0.00016973528      2945.7635      2.2162     -1
     3      2       166.2      207.68   Coal      0     -1       244559.6      6.1809828  2.5273932e-05      19783.229       2.612     -1
     3      3      207.68      259.53   Coal      0     -1      384069.67      5.8533068  1.5240221e-05      32807.922      2.8707     -1
     3      4      259.53      324.31   Coal      0     -1       592227.1      18.605243  3.1415723e-05      15915.597      3.5693     -1
     3      5      324.31      405.26   Coal      0     -1      915986.23      37.845572  4.1316747e-05       12101.63      3.6472     -1
     3      6      405.26      506.42   Coal      0     -1      1413847.9      67.720136  4.7897754e-05      10438.903      4.6719     -1
     3      7      506.42      632.82   Coal      0     -1      2178908.3      114.96727  5.2763702e-05      9476.2115      6.0949     -1
     3      8      632.82      790.79   Coal      0     -1      3344471.4      254.04978  7.5961115e-05      6582.3152      6.8131     -1
     3      9      790.79      988.18   Coal      0     -1      5086819.1      370.72087  7.2878722e-05      6860.7131      8.6354     -1
     3     10      988.18      1234.8   Coal      0     -1      7725438.4       474.5906   6.143219e-05      8139.0554      9.9978     -1
     3     11      1234.8      1543.1   Coal      0     -1       11684206      697.09502   5.966131e-05      8380.6407      10.549     -1
     3     12      1543.1      1928.2   Coal      0     -1       17549470      1018.3567  5.8027776e-05      8616.5632      13.614     -1
     3     13      1928.2      2409.6   Coal      0     -1       26259133      1356.9973  5.1677154e-05      9675.4553      17.355     -1
     3     14      2409.6        3011   Coal      0     -1       39135815      1865.9659  4.7679239e-05      10486.745      18.406     -1
     3     15        3011      3762.6   Coal      0     -1       57999932      2539.6791  4.3787622e-05      11418.752      20.154     -1
     3     16      3762.6      4701.8   Coal      0     -1       85213858      3535.1159  4.1485223e-05      12052.484        26.3     -1
     3     17      4701.8      5875.5   Coal      0     -1  1.2396309e+08      5059.5561   4.081502e-05      12250.392      30.981     -1
     3     18      5875.5      7342.1   Coal      0     -1  1.8077266e+08      5365.3023  2.9679832e-05      16846.456       37.33     -1
     3     19      7342.1      9174.7   Coal      0     -1  2.6678294e+08      5739.0962   2.151223e-05      23242.592      46.997     -1
     3     20      9174.7       11465   Coal      0     -1  3.9726513e+08      6935.3217  1.7457665e-05      28640.714      53.142     -1
     3     21       11465       14327   Coal      0     -1  5.8814509e+08      9326.8457  1.5858069e-05      31529.689      61.464     -1
     3     22       14327       17903   Coal      0     -1  8.5338102e+08      14282.589  1.6736474e-05      29874.872      72.441     -1
     3     23       17903       22372   Coal      0     -1  1.1852375e+09      23625.435  1.9933082e-05      25083.929      86.404     -1
     3     24       22372       27956   Coal      0     -1   1.546492e+09      35492.088  2.2950063e-05      21786.433      95.701     -1
     3     25       27956       34934   Coal      0     -1  1.8692794e+09      50344.197  2.6932409e-05      18564.993      108.91     -1
     3     26       34934       43654   Coal      0     -1  2.0491272e+09      62102.049  3.0306585e-05      16498.065      108.92     -1
     3     27       43654       54551   Coal      0     -1  2.0094951e+09      70310.281  3.4989028e-05      14290.194      106.12     -1
     3     28       54551       68167   Coal      0     -1  1.7439481e+09      64925.945  3.7229287e-05      13430.287      89.595     -1
     3     29       68167       85183   Coal      0     -1  1.4163357e+09      50639.177  3.5753653e-05      13984.585      75.825     -1
     3     30       85183  1.0645e+05   Coal      0     -1  1.3099157e+09       26011.81  1.9857621e-05       25179.25      68.756     -1
     3     31  1.0645e+05  1.3302e+05   Coal      0     -1  1.3083999e+09      25454.443  1.9454635e-05      25700.816      68.261     -1
     3     32  1.3302e+05       1e+99   Coal      0     -1  2.8161921e+09      54422.929  1.9325006e-05      25873.214      51.256     -1
     3     -1           0       1e+99  Delay     -1     -1  2.5870024e+09              0              0              0           1     -1
     3     -1           0       1e+99   LogL     -1     -1              1      -13802263      -13802263              0           1     -1
     3     -1           0       1e+99 Recomb     -1     -1           4851  1.4553006e-05  3.0000012e-09              0           1     -1
     3     -1           0       1e+99 Resamp     -1     -1  2.5870024e+09         650289  0.00025136776              0           1     -1
     2      0           0         133   Coal      0     -1      315145.24      97.537772  0.00030950102      1615.5036      1.4455     -1
     2      1         133       166.2   Coal      0     -1      160590.24      22.559587  0.00014047919       3559.246      2.0796     -1
     2      2       166.2      207.68   Coal      0     -1      247343.12      3.3467182   1.353067e-05      36953.085      2.5634     -1
     2      3      207.68      259.53   Coal      0     -1      384544.06      5.3269302  1.3852587e-05       36094.34      2.8227     -1
     2      4      259.53      324.31   Coal      0     -1      598391.84      14.244752  2.3805058e-05       21003.94      3.2895     -1
     2      5      324.31      405.26   Coal      0     -1      927336.56      35.833054   3.864083e-05      12939.681      4.3202     -1
     2      6      405.26      506.42   Coal      0     -1      1436036.3      67.317204  4.6877091e-05      10666.191      4.5174     -1
     2      7      506.42      632.82   Coal      0     -1      2204245.3      108.90515  4.9407001e-05      10120.023      5.9691     -1
     2      8      632.82      790.79   Coal      0     -1      3373460.2      243.55978  7.2198798e-05       6925.323      7.1043     -1
     2      9      790.79      988.18   Coal      0     -1      5115898.3      343.99667  6.7240717e-05      7435.9707      8.5602     -1
     2     10      988.18      1234.8   Coal      0     -1      7757565.4      460.54277   5.936692e-05      8422.1987      9.9718     -1
     2     11      1234.8      1543.1   Coal      0     -1       11742948      670.93102  5.7134801e-05      8751.2338      13.061     -1
     2     12      1543.1      1928.2   Coal      0     -1       17680622      992.34029  5.6125869e-05      8908.5481      13.319     -1
     2     13      1928.2      2409.6   Coal      0     -1       26459651      1332.5199  5.0360448e-05      9928.4263      17.255     -1
     2     14      2409.6        3011   Coal      0     -1       39437673      1840.4144  4.6666405e-05      10714.346      20.498     -1
     2     15        3011      3762.6   Coal      0     -1       58429916      2564.4234  4.3888877e-05      11392.408      21.184     -1
     2     16      3762.6      4701.8   Coal      0     -1       85707305      3581.4448  4.1786926e-05      11965.465      25.759     -1
     2     17      4701.8      5875.5   Coal      0     -1  1.2452499e+08      5158.6155  4.1426347e-05      12069.613      31.038     -1
     2     18      5875.5      7342.1   Coal      0     -1  1.8137106e+08      5423.2934  2.9901648e-05      16721.486      36.583     -1
     2     19      7342.1      9174.7   Coal      0     -1  2.6718172e+08      5758.7604  2.1553721e-05       23197.85      44.357     -1
     2     20      9174.7       11465   Coal      0     -1  3.9800395e+08      6839.9185  1.7185554e-05      29094.203      52.223     -1
     2     21       11465       14327   Coal      0     -1  5.9044305e+08       9153.186  1.5502233e-05      32253.417      64.585     -1
     2     22       14327       17903   Coal      0     -1  8.5750179e+08      13964.551  1.6285157e-05      30702.806       74.78     -1
     2     23       17903       22372   Coal      0     -1  1.1932426e+09      23212.804   1.945355e-05       25702.25      84.577     -1
     2     24       22372       27956   Coal      0     -1  1.5617309e+09      35056.145  2.2446981e-05       22274.71      94.192     -1
     2     25       27956       34934   Coal      0     -1  1.8907184e+09      50242.882  2.6573434e-05      18815.784      105.74     -1
     2     26       34934       43654   Coal      0     -1   2.079072e+09      62589.587  3.0104578e-05      16608.769      109.67     -1
     2     27       43654       54551   Coal      0     -1  2.0299659e+09      71099.335  3.5024892e-05      14275.562      103.79     -1
     2     28       54551       68167   Coal      0     -1  1.7602484e+09      65973.477  3.7479641e-05      13340.576       92.02     -1
     2     29       68167       85183   Coal      0     -1   1.417976e+09      51452.742  3.6286045e-05      13779.402      77.783     -1
     2     30       85183  1.0645e+05   Coal      0     -1  1.2921893e+09      26152.406  2.0238835e-05      24704.979      67.003     -1
     2     31  1.0645e+05  1.3302e+05   Coal      0     -1  1.2811139e+09      25529.675  1.9927717e-05      25090.681      66.695     -1
     2     32  1.3302e+05       1e+99   Coal      0     -1  2.6845913e+09      53192.265  1.9813915e-05       25234.79      55.098     -1
     2     -1           0       1e+99  Delay     -1     -1  2.5870024e+09              0              0              0           1     -1
     2     -1           0       1e+99   LogL     -1     -1              1      -13802542      -13802542              0           1     -1
     2     -1           0       1e+99 Recomb     -1     -1           4851  1.4553006e-05  3.0000012e-09              0           1     -1
     2     -1           0       1e+99 Resamp     -1     -1  2.5870024e+09         646912  0.00025006238              0           1     -1
     1      0           0         133   Coal      0     -1      306736.07       66.28116  0.00021608531      2313.9009      1.5412     -1
     1      1         133       166.2   Coal      0     -1      158807.33      14.668072  9.2363947e-05      5413.3676      2.2255     -1
     1      2       166.2      207.68   Coal      0     -1      247867.15      3.9502626  1.5937015e-05      31373.503      2.4651     -1
     1      3      207.68      259.53   Coal      0     -1      385011.69      4.7463682  1.2327855e-05      40558.557      2.6808     -1
     1      4      259.53      324.31   Coal      0     -1       599702.3      10.400522  1.7342808e-05      28830.395      3.3401     -1
     1      5      324.31      405.26   Coal      0     -1      931151.41      31.113621  3.3414137e-05      14963.726      4.3714     -1
     1      6      405.26      506.42   Coal      0     -1      1440862.2      61.328163  4.2563518e-05      11747.149      5.1521     -1
     1      7      506.42      632.82   Coal      0     -1        2220971      100.55236  4.5274057e-05      11043.852      6.1881     -1
     1      8      632.82      790.79   Coal      0     -1      3402690.5      216.14114  6.3520657e-05      7871.4551      6.7809     -1
     1      9      790.79      988.18   Coal      0     -1      5169851.7      318.92641  6.1689663e-05      8105.0856       7.643     -1
     1     10      988.18      1234.8   Coal      0     -1      7843618.3      435.71768  5.5550596e-05      9000.8035      11.125     -1
     1     11      1234.8      1543.1   Coal      0     -1       11878434      622.94256  5.2443154e-05      9534.1329      13.065     -1
     1     12      1543.1      1928.2   Coal      0     -1       17895110      928.93063  5.1909747e-05      9632.1025      12.523     -1
     1     13      1928.2      2409.6   Coal      0     -1       26821352      1278.6798  4.7673949e-05      10487.908        16.2     -1
     1     14      2409.6        3011   Coal      0     -1       39948782      1820.9271  4.5581542e-05      10969.352      20.263     -1
     1     15        3011      3762.6   Coal      0     -1       58989512      2564.1312  4.3467577e-05      11502.826      25.275     -1
     1     16      3762.6      4701.8   Coal      0     -1       86430181      3644.4777  4.2166725e-05      11857.691      24.177     -1
     1     17      4701.8      5875.5   Coal      0     -1  1.2520203e+08      5235.9626  4.1820111e-05       11955.97      28.697     -1
     1     18      5875.5      7342.1   Coal      0     -1  1.8206374e+08      5437.0236  2.9863298e-05       16742.96      37.742     -1
     1     19      7342.1      9174.7   Coal      0     -1  2.6786258e+08      5740.5805  2.1431066e-05      23330.618      45.789     -1
     1     20      9174.7       11465   Coal      0     -1  3.9897196e+08      6734.0958  1.6878619e-05      29623.276      54.102     -1
     1     21       11465       14327   Coal      0     -1  5.9196628e+08      8962.8984  1.5140894e-05       33023.15      64.637     -1
     1     22       14327       17903   Coal      0     -1  8.6196874e+08      13594.349  1.5771278e-05      31703.201      78.586     -1
     1     23       17903       22372   Coal      0     -1  1.2033076e+09      22714.328  1.8876576e-05      26487.854      90.397     -1
     1     24       22372       27956   Coal      0     -1  1.5795108e+09       34566.31  2.1884187e-05      22847.548      97.343     -1
     1     25       27956       34934   Coal      0     -1  1.9198718e+09      50158.985  2.6126216e-05      19137.865      110.76     -1
     1     26       34934       43654   Coal      0     -1  2.1077473e+09      62938.718  2.9860656e-05      16744.441      109.49     -1
     1     27       43654       54551   Coal      0     -1  2.0582046e+09      72075.661  3.5018706e-05      14278.083      106.37     -1
     1     28       54551       68167   Coal      0     -1  1.7783319e+09      67091.659  3.7727299e-05      13253.003      93.024     -1
     1     29       68167       85183   Coal      0     -1  1.4159812e+09      52274.987  3.6917853e-05      13543.583      76.717     -1
     1     30       85183  1.0645e+05   Coal      0     -1  1.2797757e+09      26478.619  2.0690047e-05      24166.209        67.7     -1
     1     31  1.0645e+05  1.3302e+05   Coal      0     -1  1.2502797e+09      25587.164  2.0465153e-05      24431.775      67.429     -1
     1     32  1.3302e+05       1e+99   Coal      0     -1  2.5247247e+09      51444.895  2.0376437e-05      24538.146      52.066     -1
     1     -1           0       1e+99  Delay     -1     -1  2.5870024e+09              0              0              0           1     -1
     1     -1           0       1e+99   LogL     -1     -1              1      -13802867      -13802867              0           1     -1
     1     -1           0       1e+99 Recomb     -1     -1           4851  1.4553006e-05  3.0000012e-09              0           1     -1
     1     -1           0       1e+99 Resamp     -1     -1  2.5870024e+09         640663  0.00024764685              0           1     -1
     0      0           0         133   Coal      0     -1      307138.52      28.185291  9.1767359e-05      5448.5604      1.3915     -1
     0      1         133       166.2   Coal      0     -1      162002.51      6.7783188  4.1840826e-05      11950.051       2.388     -1
     0      2       166.2      207.68   Coal      0     -1      251667.69      3.9973764   1.588355e-05      31479.108      2.5766     -1
     0      3      207.68      259.53   Coal      0     -1      390280.08       3.588794  9.1954323e-06      54374.823      2.6376     -1
     0      4      259.53      324.31   Coal      0     -1      603414.99      8.0468429  1.3335504e-05      37493.896      3.7453     -1
     0      5      324.31      405.26   Coal      0     -1       934459.5      21.842974  2.3374982e-05      21390.391      3.8094     -1
     0      6      405.26      506.42   Coal      0     -1      1446206.2      45.459291  3.1433477e-05      15906.608      6.2487     -1
     0      7      506.42      632.82   Coal      0     -1      2236709.5      79.530229  3.5556798e-05      14062.009        6.07     -1
     0      8      632.82      790.79   Coal      0     -1      3443458.3      188.33915  5.4694768e-05      9141.6422      6.5483     -1
     0      9      790.79      988.18   Coal      0     -1      5264918.2      286.60047  5.4435884e-05      9185.1177      8.7452     -1
     0     10      988.18      1234.8   Coal      0     -1      7999981.9       396.8666  4.9608437e-05      10078.931      10.031     -1
     0     11      1234.8      1543.1   Coal      0     -1       12115381      576.28523  4.7566412e-05      10511.619      11.338     -1
     0     12      1543.1      1928.2   Coal      0     -1       18242259      856.10922  4.6930001e-05      10654.166      14.577     -1
     0     13      1928.2      2409.6   Coal      0     -1       27335443      1237.0033  4.5252727e-05      11049.058      15.409     -1
     0     14      2409.6        3011   Coal      0     -1       40681908      1781.5187  4.3791424e-05      11417.761       19.65     -1
     0     15        3011      3762.6   Coal      0     -1       59933183      2556.2729  4.2652046e-05      11722.767      24.673     -1
     0     16      3762.6      4701.8   Coal      0     -1       87694769      3681.5185   4.198105e-05      11910.136       29.53     -1
     0     17      4701.8      5875.5   Coal      0     -1  1.2662042e+08      5281.2614  4.1709398e-05      11987.706      30.431     -1
     0     18      5875.5      7342.1   Coal      0     -1  1.8377609e+08      5446.0859  2.9634355e-05      16872.309      38.014     -1
     0     19      7342.1      9174.7   Coal      0     -1  2.6999732e+08      5709.4586  2.1146353e-05       23644.74      47.505     -1
     0     20      9174.7       11465   Coal      0     -1   4.015753e+08      6603.6005   1.644424e-05      30405.784      54.396     -1
     0     21       11465       14327   Coal      0     -1  5.9581572e+08      8729.1249  1.4650713e-05      34128.033      63.803     -1
     0     22       14327       17903   Coal      0     -1  8.6872296e+08      13219.725  1.5217423e-05      32857.074      77.288     -1
     0     23       17903       22372   Coal      0     -1   1.216178e+09      22175.196  1.8233513e-05      27422.034      89.611     -1
     0     24       22372       27956   Coal      0     -1  1.6087515e+09      34131.474  2.1216126e-05      23566.979      108.53     -1
     0     25       27956       34934   Coal      0     -1  1.9484971e+09       49899.49   2.560922e-05      19524.219      106.49     -1
     0     26       34934       43654   Coal      0     -1  2.1485709e+09       63439.59  2.9526412e-05      16933.991      110.73     -1
     0     27       43654       54551   Coal      0     -1  2.1007822e+09      73527.539  3.5000078e-05      14285.683       111.5     -1
     0     28       54551       68167   Coal      0     -1  1.7971016e+09      68407.741  3.8065595e-05      13135.221      95.912     -1
     0     29       68167       85183   Coal      0     -1  1.4179176e+09       53350.12  3.7625684e-05      13288.795      80.544     -1
     0     30       85183  1.0645e+05   Coal      0     -1  1.2628432e+09       26797.33  2.1219839e-05      23562.855      69.013     -1
     0     31  1.0645e+05  1.3302e+05   Coal      0     -1   1.214558e+09      25623.304  2.1096814e-05      23700.261      66.545     -1
     0     32  1.3302e+05       1e+99   Coal      0     -1  2.3683245e+09      49862.304  2.1053831e-05      23748.647      57.753     -1
     0     -1           0       1e+99  Delay     -1     -1  2.5870024e+09              0              0              0           1     -1
     0     -1           0       1e+99   LogL     -1     -1              1      -13803627      -13803627              0           1     -1
     0     -1           0       1e+99 Recomb     -1     -1           4851  1.4553006e-05  3.0000012e-09              0           1     -1
     0     -1           0       1e+99 Resamp     -1     -1  2.5870024e+09         635272  0.00024556297              0           1     -1
