  Iter  Epoch       Start         End   Type   From     To            Opp          Count           Rate             Ne         ESS  Clump
    10      0           0         133   Coal      0     -1       311607.4      65.782509  0.00021110702       2368.467       1.388     -1
    10      1         133       166.2   Coal      0     -1      162517.96      21.326056  0.00013122277      3810.3145       2.086     -1
    10      2       166.2      207.68   Coal      0     -1      252838.77      18.989225  7.5104088e-05      6657.4272      2.4539     -1
    10      3      207.68      259.53   Coal      0     -1      392073.95      10.271448  2.6197732e-05      19085.622      3.2185     -1
    10      4      259.53      324.31   Coal      0     -1      610237.68      40.720221   6.672846e-05      7493.0547      3.4939     -1
    10      5      324.31      405.26   Coal      0     -1      940423.57       33.07896  3.5174533e-05       14214.83      3.8429     -1
    10      6      405.26      506.42   Coal      0     -1      1460363.7       63.71346  4.3628488e-05      11460.402      5.2782     -1
    10      7      506.42      632.82   Coal      0     -1      2252721.9      129.25077  5.7375378e-05      8714.5396      5.7591     -1
    10      8      632.82      790.79   Coal      0     -1      3436713.4      230.40983  6.7043655e-05      7457.8272       7.506     -1
    10      9      790.79      988.18   Coal      0     -1      5270109.2      261.92788  4.9700656e-05      10060.229      8.0253     -1
    10     10      988.18      1234.8   Coal      0     -1      8065231.3        332.601  4.1238868e-05      12124.484      11.009     -1
    10     11      1234.8      1543.1   Coal      0     -1       12413270       379.6809  3.0586694e-05      16346.978      11.361     -1
    10     12      1543.1      1928.2   Coal      0     -1       19084434      473.43728   2.480751e-05      20155.187      17.575     -1
    10     13      1928.2      2409.6   Coal      0     -1       29368676      661.06448  2.2509169e-05      22213.171      16.015     -1
    10     14      2409.6        3011   Coal      0     -1       45034564      967.43911  2.1482147e-05      23275.141      22.268     -1
    10     15        3011      3762.6   Coal      0     -1       68616435      1438.8599  2.0969611e-05      23844.029      25.874     -1
    10     16      3762.6      4701.8   Coal      0     -1  1.0387973e+08        2335.84  2.2486004e-05      22236.054      30.602     -1
    10     17      4701.8      5875.5   Coal      0     -1  1.5513074e+08      3968.4637  2.5581413e-05      19545.441      32.785     -1
    10     18      5875.5      7342.1   Coal      0     -1  2.3024387e+08      4849.6866   2.106326e-05      23738.015      39.734     -1
    10     19      7342.1      9174.7   Coal      0     -1  3.4124098e+08      6025.1105  1.7656468e-05      28318.234      45.335     -1
    10     20      9174.7       11465   Coal      0     -1  5.0600342e+08      8250.1768  1.6304587e-05      30666.217      58.132     -1
    10     21       11465       14327   Coal      0     -1  7.4134221e+08      12065.186  1.6274787e-05      30722.369      69.648     -1
    10     22       14327       17903   Coal      0     -1  1.0557256e+09      19524.445  1.8493863e-05      27035.996       73.76     -1
    10     23       17903       22372   Coal      0     -1  1.4346066e+09       31565.63  2.2002987e-05      22724.188      91.928     -1
    10     24       22372       27956   Coal      0     -1  1.8233929e+09       46549.73  2.5529182e-05      19585.429      96.857     -1
    10     25       27956       34934   Coal      0     -1  2.1418273e+09       63024.15  2.9425412e-05      16992.116      109.69     -1
    10     26       34934       43654   Coal      0     -1  2.3183797e+09       73068.47  3.1517041e-05      15864.433      116.49     -1
    10     27       43654       54551   Coal      0     -1  2.2747263e+09       79474.59   3.493809e-05      14311.029      107.58     -1
    10     28       54551       68167   Coal      0     -1  2.0178583e+09       73340.68  3.6345803e-05      13756.747      92.519     -1
    10     29       68167       85183   Coal      0     -1  1.6928432e+09        56853.8    3.35848e-05      14887.687       77.69     -1
    10     30       85183  1.0645e+05   Coal      0     -1  1.6311009e+09       29786.07  1.8261329e-05      27380.264      70.168     -1
    10     31  1.0645e+05  1.3302e+05   Coal      0     -1  1.7032888e+09      29674.394  1.7421822e-05      28699.639      69.834     -1
    10     32  1.3302e+05       1e+99   Coal      0     -1  4.3493348e+09      73929.131  1.6997802e-05      29415.568      54.621     -1
    10     -1           0       1e+99  Delay     -1     -1  2.5970586e+09              0              0              0           1     -1
    10     -1           0       1e+99   LogL     -1     -1              1      -16435039      -16435039              0           1     -1
    10     -1           0       1e+99 Recomb     -1     -1           4257  1.2771004e-05   3.000001e-09              0           1     -1
    10     -1           0       1e+99 Resamp     -1     -1  2.5970586e+09         762091  0.00029344389              0           1     -1
     9      0           0         133   Coal      0     -1      296911.51      60.870587  0.00020501256       2438.875      1.4019     -1
     9      1         133       166.2   Coal      0     -1      157102.98      19.391809  0.00012343375      4050.7561      2.3782     -1
     9      2       166.2      207.68   Coal      0     -1      242667.75      16.167828  6.6625369e-05      7504.6489      2.4457     -1
     9      3      207.68      259.53   Coal      0     -1      380269.39      11.961604  3.1455605e-05      15895.418      2.9178     -1
     9      4      259.53      324.31   Coal      0     -1      596305.71      35.659039  5.9799928e-05      8361.2141       3.526     -1
     9      5      324.31      405.26   Coal      0     -1      924474.45      28.304265    3.06166e-05       16331.01      4.7062     -1
     9      6      405.26      506.42   Coal      0     -1      1439659.6      56.173098  3.9018319e-05      12814.494      4.2541     -1
     9      7      506.42      632.82   Coal      0     -1      2228784.3      123.51619  5.5418636e-05      9022.2357      6.7049     -1
     9      8      632.82      790.79   Coal      0     -1      3422545.9      228.26727  6.6695166e-05      7496.7952      7.2695     -1
     9      9      790.79      988.18   Coal      0     -1      5262512.1      261.25141  4.9643859e-05      10071.739      9.1013     -1
     9     10      988.18      1234.8   Coal      0     -1      8079587.8      332.99679  4.1214577e-05       12131.63      10.712     -1
     9     11      1234.8      1543.1   Coal      0     -1       12436097      380.87061  3.0626218e-05      16325.881      11.565     -1
     9     12      1543.1      1928.2   Coal      0     -1       19094509      484.82283  2.5390694e-05      19692.254      15.636     -1
     9     13      1928.2      2409.6   Coal      0     -1       29305435      671.11615   2.290074e-05      21833.355      17.461     -1
     9     14      2409.6        3011   Coal      0     -1       44908843      981.67726  2.1859331e-05      22873.527      20.909     -1
     9     15        3011      3762.6   Coal      0     -1       68365958      1467.8066  2.1469846e-05      23288.477      26.406     -1
     9     16      3762.6      4701.8   Coal      0     -1  1.0351863e+08      2359.6838  2.2794773e-05      21934.853      31.967     -1
     9     17      4701.8      5875.5   Coal      0     -1  1.5455422e+08      4023.4002  2.6032289e-05      19206.917      33.456     -1
     9     18      5875.5      7342.1   Coal      0     -1  2.2945187e+08       4895.277  2.1334658e-05      23436.045      40.724     -1
     9     19      7342.1      9174.7   Coal      0     -1  3.4024631e+08      6058.5727  1.7806432e-05      28079.741      44.799     -1
     9     20      9174.7       11465   Coal      0     -1  5.0457916e+08       8241.596  1.6333604e-05      30611.738      58.695     -1
     9     21       11465       14327   Coal      0     -1  7.3949903e+08      11970.124  1.6186801e-05      30889.365      70.097     -1
     9     22       14327       17903   Coal      0     -1  1.0545136e+09       19291.96  1.8294653e-05       27330.39      77.646     -1
     9     23       17903       22372   Coal      0     -1   1.435082e+09       31283.32  2.1798978e-05      22936.855      94.804     -1
     9     24       22372       27956   Coal      0     -1  1.8276852e+09       46192.65  2.5273855e-05       19783.29      99.638     -1
     9     25       27956       34934   Coal      0     -1  2.1500555e+09       62877.73  2.9244701e-05      17097.114      110.23     -1
     9     26       34934       43654   Coal      0     -1  2.3291598e+09       73339.74  3.1487638e-05      15879.248      116.81     -1
     9     27       43654       54551   Coal      0     -1  2.2868512e+09       79986.81  3.4976832e-05      14295.177       109.5     -1
     9     28       54551       68167   Coal      0     -1   2.019588e+09       73628.41  3.6457143e-05      13714.733      93.251     -1
     9     29       68167       85183   Coal      0     -1  1.6898912e+09       57092.29  3.3784595e-05      14799.644      79.507     -1
     9     30       85183  1.0645e+05   Coal      0     -1  1.6217973e+09       29818.21  1.8385904e-05      27194.746      73.459     -1
     9     31  1.0645e+05  1.3302e+05   Coal      0     -1  1.6942139e+09       29813.32   1.759714e-05      28413.708      74.299     -1
     9     32  1.3302e+05       1e+99   Coal      0     -1  4.2396907e+09       72973.49  1.7211984e-05      29049.527      57.238     -1
     9     -1           0       1e+99  Delay     -1     -1  2.5970586e+09              0              0              0           1     -1
     9     -1           0       1e+99   LogL     -1     -1              1      -16435190      -16435190              0           1     -1
     9     -1           0       1e+99 Recomb     -1     -1           4257  1.2771004e-05   3.000001e-09              0           1     -1
     9     -1           0       1e+99 Resamp     -1     -1  2.5970586e+09         760166  0.00029270267              0           1     -1
     8      0           0         133   Coal      0     -1      302846.76      59.041701   0.0001949557      2564.6852      1.3914     -1
     8      1         133       166.2   Coal      0     -1      160956.97      16.623692  0.00010328035      4841.1921      2.1882     -1
     8      2       166.2      207.68   Coal      0     -1      250372.94       12.08543  4.8269714e-05      10358.462      2.4494     -1
     8      3      207.68      259.53   Coal      0     -1      388036.91      13.600467  3.5049416e-05      14265.573      2.6596     -1
     8      4      259.53      324.31   Coal      0     -1      604977.13      33.009416  5.4563081e-05      9163.7053      3.5399     -1
     8      5      324.31      405.26   Coal      0     -1      934077.75      28.616195  3.0635774e-05      16320.789      4.7049     -1
     8      6      405.26      506.42   Coal      0     -1      1454935.8      58.653898  4.0313738e-05       12402.72       4.426     -1
     8      7      506.42      632.82   Coal      0     -1      2239312.2      118.76407  5.3035959e-05      9427.5659      6.9479     -1
     8      8      632.82      790.79   Coal      0     -1      3435184.3      218.66795  6.3655376e-05      7854.7961      7.8205     -1
     8      9      790.79      988.18   Coal      0     -1      5253149.1      259.22287  4.9346185e-05      10132.496      9.1604     -1
     8     10      988.18      1234.8   Coal      0     -1      8075898.8      333.29977   4.127092e-05      12115.068      10.675     -1
     8     11      1234.8      1543.1   Coal      0     -1       12398596      382.14748  3.0821835e-05      16222.266      12.067     -1
     8     12      1543.1      1928.2   Coal      0     -1       19037456      495.85621  2.6046349e-05      19196.548      16.688     -1
     8     13      1928.2      2409.6   Coal      0     -1       29250355      684.83903  2.3413016e-05      21355.643      19.053     -1
     8     14      2409.6        3011   Coal      0     -1       44849010      1005.2223  2.2413479e-05      22308.005      21.054     -1
     8     15        3011      3762.6   Coal      0     -1       68324628      1498.5973  2.1933487e-05      22796.193      26.213     -1
     8     16      3762.6      4701.8   Coal      0     -1   1.033298e+08      2435.0189  2.3565506e-05      21217.453      31.801     -1
     8     17      4701.8      5875.5   Coal      0     -1  1.5417974e+08        4110.95   2.666336e-05      18752.326      34.736     -1
     8     18      5875.5      7342.1   Coal      0     -1  2.2866563e+08      4962.3119  2.1701171e-05      23040.231      39.616     -1
     8     19      7342.1      9174.7   Coal      0     -1  3.3902935e+08      6081.3216  1.7937449e-05      27874.644      48.216     -1
     8     20      9174.7       11465   Coal      0     -1   5.031745e+08         8212.3  1.6320978e-05      30635.419       60.33     -1
     8     21       11465       14327   Coal      0     -1  7.3792147e+08      11857.327  1.6068548e-05      31116.687      71.494     -1
     8     22       14327       17903   Coal      0     -1  1.0543359e+09      19044.196  1.8062741e-05      27681.291       79.09     -1
     8     23       17903       22372   Coal      0     -1  1.4379623e+09       30957.73  2.1528889e-05      23224.608      94.893     -1
     8     24       22372       27956   Coal      0     -1  1.8356393e+09       45852.69  2.4979139e-05      20016.703      99.691     -1
     8     25       27956       34934   Coal      0     -1   2.162892e+09       62751.89  2.9012956e-05       17233.68      110.25     -1
     8     26       34934       43654   Coal      0     -1  2.3432496e+09       73608.24  3.1412889e-05      15917.033      118.17     -1
     8     27       43654       54551   Coal      0     -1  2.2968292e+09       80471.81  3.5036045e-05      14271.017       110.6     -1
     8     28       54551       68167   Coal      0     -1  2.0232159e+09       73950.11  3.6550775e-05      13679.601      93.077     -1
     8     29       68167       85183   Coal      0     -1  1.6877108e+09      57383.316   3.400068e-05      14705.588      79.507     -1
     8     30       85183  1.0645e+05   Coal      0     -1  1.6129039e+09      29861.254   1.851397e-05      27006.634      72.435     -1
     8     31  1.0645e+05  1.3302e+05   Coal      0     -1  1.6793824e+09      29911.841  1.7811215e-05        28072.2      74.368     -1
     8     32  1.3302e+05       1e+99   Coal      0     -1   4.130672e+09      72005.762  1.7431973e-05      28682.927      55.615     -1
     8     -1           0       1e+99  Delay     -1     -1  2.5970586e+09              0              0              0           1     -1
     8     -1           0       1e+99   LogL     -1     -1              1      -16435313      -16435313              0           1     -1
     8     -1           0       1e+99 Recomb     -1     -1           4257  1.2771004e-05   3.000001e-09              0           1     -1
     8     -1           0       1e+99 Resamp     -1     -1  2.5970586e+09         758919  0.00029222251              0           1     -1
     7      0           0         133   Coal      0     -1      305662.64      63.287562  0.00020705037      2414.8713      1.3978     -1
     7      1         133       166.2   Coal      0     -1       160996.5      10.824652  6.7235323e-05      7436.5673      2.5132     -1
     7      2       166.2      207.68   Coal      0     -1      249600.28      10.651333   4.267356e-05      11716.857      2.5426     -1
     7      3      207.68      259.53   Coal      0     -1      387632.51      13.009395  3.3561155e-05      14898.176      3.0371     -1
     7      4      259.53      324.31   Coal      0     -1      599629.11      37.109701  6.1887757e-05      8079.1423      3.6354     -1
     7      5      324.31      405.26   Coal      0     -1      936823.84      25.390003  2.7102217e-05      18448.676      4.4019     -1
     7      6      405.26      506.42   Coal      0     -1      1459067.4      59.628741  4.0867708e-05      12234.599      4.8915     -1
     7      7      506.42      632.82   Coal      0     -1      2239039.5      110.65635   4.942135e-05      10117.085      6.5372     -1
     7      8      632.82      790.79   Coal      0     -1      3440307.4      216.48265  6.2925378e-05      7945.9197      8.1502     -1
     7      9      790.79      988.18   Coal      0     -1      5279743.2      254.66083  4.8233564e-05      10366.225      8.5354     -1
     7     10      988.18      1234.8   Coal      0     -1      8097545.8      327.93521  4.0498099e-05      12346.259      9.8392     -1
     7     11      1234.8      1543.1   Coal      0     -1       12425855       384.6831   3.095828e-05      16150.768      12.484     -1
     7     12      1543.1      1928.2   Coal      0     -1       19118456      507.14623  2.6526527e-05      18849.056      13.472     -1
     7     13      1928.2      2409.6   Coal      0     -1       29315610      698.00789  2.3810109e-05      20999.484      18.871     -1
     7     14      2409.6        3011   Coal      0     -1       44917251      1031.7681  2.2970419e-05      21767.126       19.95     -1
     7     15        3011      3762.6   Coal      0     -1       68295198      1551.8767  2.2723072e-05      22004.067      26.151     -1
     7     16      3762.6      4701.8   Coal      0     -1  1.0323711e+08        2512.57  2.4337857e-05      20544.126      31.415     -1
     7     17      4701.8      5875.5   Coal      0     -1  1.5385053e+08      4194.6942  2.7264737e-05      18338.706      32.208     -1
     7     18      5875.5      7342.1   Coal      0     -1  2.2807924e+08         5034.8  2.2074784e-05      22650.278      41.351     -1
     7     19      7342.1      9174.7   Coal      0     -1  3.3793047e+08      6112.2455  1.8087287e-05      27643.725      44.713     -1
     7     20      9174.7       11465   Coal      0     -1  5.0153414e+08      8177.7816  1.6305533e-05      30664.437      60.429     -1
     7     21       11465       14327   Coal      0     -1  7.3643807e+08       11754.14  1.5960799e-05      31326.753      69.913     -1
     7     22       14327       17903   Coal      0     -1  1.0537328e+09       18777.73  1.7820201e-05      28058.046        78.5     -1
     7     23       17903       22372   Coal      0     -1  1.4396208e+09       30597.45  2.1253825e-05      23525.177      94.141     -1
     7     24       22372       27956   Coal      0     -1  1.8419155e+09        45402.2  2.4649447e-05      20284.431      97.648     -1
     7     25       27956       34934   Coal      0     -1   2.177402e+09       62599.27  2.8749524e-05      17391.593       108.9     -1
     7     26       34934       43654   Coal      0     -1  2.3595923e+09       73934.82  3.1333727e-05      15957.246      114.67     -1
     7     27       43654       54551   Coal      0     -1  2.3111161e+09       81077.32  3.5081457e-05      14252.544      109.12     -1
     7     28       54551       68167   Coal      0     -1  2.0311795e+09       74512.71  3.6684453e-05      13629.752      92.677     -1
     7     29       68167       85183   Coal      0     -1  1.6872251e+09       57756.39  3.4231586e-05      14606.393       78.27     -1
     7     30       85183  1.0645e+05   Coal      0     -1  1.6076374e+09      30001.141  1.8661634e-05      26792.937      72.352     -1
     7     31  1.0645e+05  1.3302e+05   Coal      0     -1  1.6589303e+09       29962.17  1.8061138e-05      27683.748      72.493     -1
     7     32  1.3302e+05       1e+99   Coal      0     -1  4.0174052e+09       71061.11   1.768831e-05      28267.256      55.437     -1
     7     -1           0       1e+99  Delay     -1     -1  2.5970586e+09              0              0              0           1     -1
     7     -1           0       1e+99   LogL     -1     -1              1      -16435358      -16435358              0           1     -1
     7     -1           0       1e+99 Recomb     -1     -1           4257  1.2771004e-05   3.000001e-09              0           1     -1
     7     -1           0       1e+99 Resamp     -1     -1  2.5970586e+09         756189  0.00029117132              0           1     -1
     6      0           0         133   Coal      0     -1       302634.1      57.316992   0.0001893937      2640.0033      1.3984     -1
     6      1         133       166.2   Coal      0     -1      159680.63      8.8740694  5.5573863e-05      8997.0352      2.2707     -1
     6      2       166.2      207.68   Coal      0     -1      249189.21      8.1046022  3.2523889e-05      15373.315      2.2786     -1
     6      3      207.68      259.53   Coal      0     -1       385814.2       12.99876  3.3691762e-05      14840.423      3.2525     -1
     6      4      259.53      324.31   Coal      0     -1      596479.91      37.745621  6.3280625e-05      7901.3126      3.7422     -1
     6      5      324.31      405.26   Coal      0     -1      929169.18      23.124532  2.4887321e-05      20090.551       3.663     -1
     6      6      405.26      506.42   Coal      0     -1      1437027.8      55.368161  3.8529639e-05      12977.023      4.7235     -1
     6      7      506.42      632.82   Coal      0     -1      2244432.1      110.98307  4.9448172e-05      10111.597      6.7065     -1
     6      8      632.82      790.79   Coal      0     -1      3441263.3      199.77289  5.8052196e-05      8612.9386        7.99     -1
     6      9      790.79      988.18   Coal      0     -1      5285360.9      246.66512  4.6669494e-05      10713.637      8.3732     -1
     6     10      988.18      1234.8   Coal      0     -1      8115820.7      314.00313   3.869025e-05      12923.152      9.3795     -1
     6     11      1234.8      1543.1   Coal      0     -1       12454691      379.21487  3.0447554e-05       16421.68      11.851     -1
     6     12      1543.1      1928.2   Coal      0     -1       19114094      515.03886  2.6945502e-05      18555.973       16.32     -1
     6     13      1928.2      2409.6   Coal      0     -1       29329374      722.16864  2.4622709e-05      20306.458      16.878     -1
     6     14      2409.6        3011   Coal      0     -1       44846076      1071.1243  2.3884459e-05      20934.115      20.557     -1
     6     15        3011      3762.6   Coal      0     -1       68205263      1601.3407  2.3478257e-05        21296.3      27.563     -1
     6     16      3762.6      4701.8   Coal      0     -1  1.0293882e+08      2578.7789  2.5051567e-05      19958.831      28.919     -1
     6     17      4701.8      5875.5   Coal      0     -1  1.5330749e+08      4291.1034  2.7990174e-05      17863.412      33.138     -1
     6     18      5875.5      7342.1   Coal      0     -1  2.2705169e+08      5122.9991   2.256314e-05      22160.036      40.105     -1
     6     19      7342.1      9174.7   Coal      0     -1   3.363175e+08      6166.8432  1.8336373e-05      27268.206      47.911     -1
     6     20      9174.7       11465   Coal      0     -1  4.9915313e+08      8148.9079  1.6325467e-05      30626.996       57.28     -1
     6     21       11465       14327   Coal      0     -1  7.3422164e+08       11604.97  1.5805814e-05       31633.93      74.209     -1
     6     22       14327       17903   Coal      0     -1   1.051589e+09      18481.148  1.7574496e-05      28450.317      75.688     -1
     6     23       17903       22372   Coal      0     -1  1.4420254e+09      30182.775  2.0930821e-05      23888.218      96.163     -1
     6     24       22372       27956   Coal      0     -1   1.851409e+09      44940.134  2.4273477e-05      20598.614      101.34     -1
     6     25       27956       34934   Coal      0     -1  2.1917325e+09       62367.15  2.8455639e-05      17571.209      109.35     -1
     6     26       34934       43654   Coal      0     -1  2.3767409e+09      74179.433  3.1210568e-05      16020.215       115.5     -1
     6     27       43654       54551   Coal      0     -1  2.3259555e+09       81707.65  3.5128638e-05      14233.401      111.84     -1
     6     28       54551       68167   Coal      0     -1  2.0376449e+09       75040.22  3.6826936e-05      13577.019      94.311     -1
     6     29       68167       85183   Coal      0     -1  1.6924651e+09      58397.362  3.4504323e-05      14490.938      81.887     -1
     6     30       85183  1.0645e+05   Coal      0     -1  1.5959156e+09      30109.852   1.886682e-05      26501.552      72.292     -1
     6     31  1.0645e+05  1.3302e+05   Coal      0     -1  1.6418908e+09      30083.684  1.8322585e-05      27288.726       74.74     -1
     6     32  1.3302e+05       1e+99   Coal      0     -1  3.8825931e+09      69829.971  1.7985395e-05      27800.334      57.218     -1
     6     -1           0       1e+99  Delay     -1     -1  2.5970586e+09              0              0              0           1     -1
     6     -1           0       1e+99   LogL     -1     -1              1      -16435452      -16435452              0           1     -1
     6     -1           0       1e+99 Recomb     -1     -1           4257  1.2771004e-05   3.000001e-09              0           1     -1
     6     -1           0       1e+99 Resamp     -1     -1  2.5970586e+09         755973  0.00029108815              0           1     -1
     5      0           0         133   Coal      0     -1      291818.85      63.604387  0.00021795846      2294.0151      1.4458     -1
     5      1         133       166.2   Coal      0     -1      160648.32      12.312591  7.6643135e-05      6523.7415      2.3426     -1
     5      2       166.2      207.68   Coal      0     -1      250758.83      10.914401  4.3525489e-05      11487.522      2.9999     -1
     5      3      207.68      259.53   Coal      0     -1      388519.99      13.407408  3.4508926e-05      14489.005       3.105     -1
     5      4      259.53      324.31   Coal      0     -1      599309.15      30.939271  5.1624894e-05      9685.2499      3.5703     -1
     5      5      324.31      405.26   Coal      0     -1      932721.26      24.568251  2.6340399e-05      18982.248      4.0828     -1
     5      6      405.26      506.42   Coal      0     -1        1446407      55.837072  3.8603982e-05      12952.032      5.0103     -1
     5      7      506.42      632.82   Coal      0     -1        2236080      106.01727  4.7412111e-05      10545.829      5.8614     -1
     5      8      632.82      790.79   Coal      0     -1      3432432.6      192.50019  5.6082729e-05      8915.4007      7.7985     -1
     5      9      790.79      988.18   Coal      0     -1      5256399.7      237.74513  4.5229652e-05      11054.695      9.4103     -1
     5     10      988.18      1234.8   Coal      0     -1      8088272.5       305.8241  3.7810805e-05      13223.733      10.216     -1
     5     11      1234.8      1543.1   Coal      0     -1       12435559      380.96002  3.0634733e-05      16321.344       12.56     -1
     5     12      1543.1      1928.2   Coal      0     -1       19125576       527.6585  2.7589156e-05      18123.063      14.439     -1
     5     13      1928.2      2409.6   Coal      0     -1       29296258      746.34842  2.5475896e-05      19626.395      18.273     -1
     5     14      2409.6        3011   Coal      0     -1       44801278      1111.0678  2.4799914e-05      20161.361      19.916     -1
     5     15        3011      3762.6   Coal      0     -1       67990221      1668.6672  2.4542753e-05      20372.613       26.72     -1
     5     16      3762.6      4701.8   Coal      0     -1  1.0257917e+08      2677.6435  2.6103189e-05      19154.748      30.113     -1
     5     17      4701.8      5875.5   Coal      0     -1  1.5249208e+08       4426.456  2.9027449e-05      17225.076      34.209     -1
     5     18      5875.5      7342.1   Coal      0     -1  2.2558452e+08      5207.5909  2.3084877e-05      21659.201      39.421     -1
     5     19      7342.1      9174.7   Coal      0     -1  3.3430699e+08      6190.8304  1.8518399e-05      27000.174      49.497     -1
     5     20      9174.7       11465   Coal      0     -1  4.9657875e+08      8084.6352  1.6280671e-05      30711.265      58.476     -1
     5     21       11465       14327   Coal      0     -1  7.3129363e+08       11417.97  1.5613386e-05      32023.803      75.389     -1
     5     22       14327       17903   Coal      0     -1  1.0497267e+09       18117.38   1.725914e-05      28970.158      74.613     -1
     5     23       17903       22372   Coal      0     -1  1.4440719e+09      29712.026  2.0575171e-05      24301.135      99.333     -1
     5     24       22372       27956   Coal      0     -1  1.8590369e+09       44407.08  2.3887142e-05      20931.763      101.11     -1
     5     25       27956       34934   Coal      0     -1   2.208351e+09       62098.47  2.8119837e-05      17781.042      110.16     -1
     5     26       34934       43654   Coal      0     -1  2.3989987e+09       74481.89  3.1047074e-05      16104.577      117.58     -1
     5     27       43654       54551   Coal      0     -1  2.3442387e+09       82415.75  3.5156722e-05      14222.031      112.62     -1
     5     28       54551       68167   Coal      0     -1  2.0487232e+09       75728.82   3.696391e-05      13526.708      96.677     -1
     5     29       68167       85183   Coal      0     -1  1.6880857e+09       58892.72  3.4887281e-05      14331.871      81.814     -1
     5     30       85183  1.0645e+05   Coal      0     -1  1.5858917e+09      30305.019  1.9109135e-05      26165.496      73.561     -1
     5     31  1.0645e+05  1.3302e+05   Coal      0     -1  1.6155424e+09      30092.242  1.8626712e-05      26843.171       73.65     -1
     5     32  1.3302e+05       1e+99   Coal      0     -1  3.7391469e+09       68485.07  1.8315694e-05      27298.993      55.802     -1
     5     -1           0       1e+99  Delay     -1     -1  2.5970586e+09              0              0              0           1     -1
     5     -1           0       1e+99   LogL     -1     -1              1      -16435727      -16435727              0           1     -1
     5     -1           0       1e+99 Recomb     -1     -1           4257  1.2771004e-05   3.000001e-09              0           1     -1
     5     -1           0       1e+99 Resamp     -1     -1  2.5970586e+09         752327  0.00028968426              0           1     -1
     4      0           0         133   Coal      0     -1      290346.39       50.12247  0.00017262991      2896.3695      1.4664     -1
     4      1         133       166.2   Coal      0     -1      158512.04      12.498408  7.8848322e-05       6341.289      2.2433     -1
     4      2       166.2      207.68   Coal      0     -1      247609.52      8.3110162  3.3565011e-05      14896.465      2.4863     -1
     4      3      207.68      259.53   Coal      0     -1      383920.31      14.672884  3.8218566e-05      13082.647      2.9667     -1
     4      4      259.53      324.31   Coal      0     -1      599728.93      22.609508  3.7699545e-05      13262.759      3.7953     -1
     4      5      324.31      405.26   Coal      0     -1      934056.01      23.147307  2.4781498e-05      20176.343      4.5247     -1
     4      6      405.26      506.42   Coal      0     -1        1447619      50.691214  3.5016959e-05      14278.796      5.1602     -1
     4      7      506.42      632.82   Coal      0     -1      2248250.2      98.739132  4.3918213e-05      11384.798      6.1215     -1
     4      8      632.82      790.79   Coal      0     -1        3466303      182.24438  5.2576012e-05      9510.0405      7.4006     -1
     4      9      790.79      988.18   Coal      0     -1      5309420.3      240.88962  4.5370229e-05      11020.443      9.5996     -1
     4     10      988.18      1234.8   Coal      0     -1      8157560.6      304.87244  3.7372991e-05      13378.646      10.595     -1
     4     11      1234.8      1543.1   Coal      0     -1       12527533       393.9107  3.1443596e-05      15901.489      12.243     -1
     4     12      1543.1      1928.2   Coal      0     -1       19226659      544.63635  2.8327145e-05      17650.914      14.038     -1
     4     13      1928.2      2409.6   Coal      0     -1       29416624      789.39557  2.6835016e-05      18632.372      17.116     -1
     4     14      2409.6        3011   Coal      0     -1       44885198      1167.2064  2.6004262e-05      19227.617      19.476     -1
     4     15        3011      3762.6   Coal      0     -1       67971251      1749.0293  2.5731898e-05      19431.135       27.49     -1
     4     16      3762.6      4701.8   Coal      0     -1  1.0232181e+08       2813.879  2.7500287e-05      18181.629      28.858     -1
     4     17      4701.8      5875.5   Coal      0     -1   1.516662e+08      4565.2797  3.0100837e-05      16610.834      33.181     -1
     4     18      5875.5      7342.1   Coal      0     -1  2.2410495e+08      5291.2647  2.3610656e-05      21176.879      40.243     -1
     4     19      7342.1      9174.7   Coal      0     -1  3.3210702e+08      6227.0607  1.8750163e-05      26666.435       48.12     -1
     4     20      9174.7       11465   Coal      0     -1  4.9389236e+08      8009.5278  1.6217153e-05      30831.553      56.666     -1
     4     21       11465       14327   Coal      0     -1  7.2869406e+08      11233.146  1.5415449e-05      32434.994      73.523     -1
     4     22       14327       17903   Coal      0     -1  1.0489896e+09      17729.559  1.6901559e-05       29583.07      75.884     -1
     4     23       17903       22372   Coal      0     -1  1.4465132e+09      29204.166  2.0189353e-05      24765.529      97.741     -1
     4     24       22372       27956   Coal      0     -1   1.869517e+09       43837.94  2.3448805e-05      21323.048      102.06     -1
     4     25       27956       34934   Coal      0     -1  2.2268747e+09        61776.8   2.774148e-05      18023.552      107.78     -1
     4     26       34934       43654   Coal      0     -1  2.4242056e+09       74823.32  3.0865089e-05      16199.532      117.39     -1
     4     27       43654       54551   Coal      0     -1    2.36651e+09       83210.81  3.5161825e-05      14219.967      113.64     -1
     4     28       54551       68167   Coal      0     -1  2.0614003e+09       76618.19  3.7168031e-05      13452.421      96.745     -1
     4     29       68167       85183   Coal      0     -1  1.6822433e+09        59395.7  3.5307438e-05      14161.322      80.579     -1
     4     30       85183  1.0645e+05   Coal      0     -1  1.5741359e+09      30542.869  1.9402942e-05      25769.287      72.562     -1
     4     31  1.0645e+05  1.3302e+05   Coal      0     -1  1.5861963e+09      30108.006  1.8981262e-05      26341.769      71.628     -1
     4     32  1.3302e+05       1e+99   Coal      0     -1  3.5812853e+09      66958.401  1.8696751e-05      26742.614      56.393     -1
     4     -1           0       1e+99  Delay     -1     -1  2.5970586e+09              0              0              0           1     -1
     4     -1           0       1e+99   LogL     -1     -1              1      -16435885      -16435885              0           1     -1
     4     -1           0       1e+99 Recomb     -1     -1           4257  1.2771004e-05   3.000001e-09              0           1     -1
     4     -1           0       1e+99 Resamp     -1     -1  2.5970586e+09         748137  0.00028807089              0           1     -1
     3      0           0         133   Coal      0     -1      312960.23      42.499674  0.00013579896      3681.9133      1.4591     -1
     3      1         133       166.2   Coal      0     -1      163180.53      10.532046  6.4542293e-05      7746.8584      2.0063     -1
     3      2       166.2      207.68   Coal      0     -1      251926.16       6.718744  2.6669497e-05       18748.01      2.7042     -1
     3      3      207.68      259.53   Coal      0     -1      392073.95      16.306952   4.159152e-05      12021.681      3.0635     -1
     3      4      259.53      324.31   Coal      0     -1      607324.75      19.885252   3.274237e-05      15270.733      3.8935     -1
     3      5      324.31      405.26   Coal      0     -1      938406.32      22.974808  2.4482794e-05      20422.506      4.4769     -1
     3      6      405.26      506.42   Coal      0     -1      1452169.4      47.797913  3.2914832e-05       15190.72      5.0889     -1
     3      7      506.42      632.82   Coal      0     -1      2249715.9      97.671887   4.341521e-05      11516.701      5.8899     -1
     3      8      632.82      790.79   Coal      0     -1      3462969.2      173.61711  5.0135331e-05      9973.0069      7.3119     -1
     3      9      790.79      988.18   Coal      0     -1      5301941.6      236.71659  4.4647152e-05      11198.923       9.067     -1
     3     10      988.18      1234.8   Coal      0     -1        8145474      300.22656  3.6858083e-05      13565.545      11.788     -1
     3     11      1234.8      1543.1   Coal      0     -1       12492424      411.38458  3.2930726e-05      15183.388      13.484     -1
     3     12      1543.1      1928.2   Coal      0     -1       19163436      554.63393    2.89423e-05      17275.752      13.989     -1
     3     13      1928.2      2409.6   Coal      0     -1       29342323      827.91429  2.8215703e-05      17720.629      17.019     -1
     3     14      2409.6        3011   Coal      0     -1       44722917      1227.7222  2.7451747e-05      18213.777      22.173     -1
     3     15        3011      3762.6   Coal      0     -1       67643353      1853.0198  2.7393967e-05      18252.194      27.885     -1
     3     16      3762.6      4701.8   Coal      0     -1  1.0167829e+08      2963.4458  2.9145315e-05      17155.416      29.493     -1
     3     17      4701.8      5875.5   Coal      0     -1  1.5047123e+08      4738.8279  3.1493249e-05      15876.418       34.94     -1
     3     18      5875.5      7342.1   Coal      0     -1  2.2206658e+08      5416.6055  2.4391808e-05      20498.685      41.881     -1
     3     19      7342.1      9174.7   Coal      0     -1  3.2901228e+08      6257.4778  1.9018979e-05      26289.529      50.533     -1
     3     20      9174.7       11465   Coal      0     -1  4.8979419e+08      7930.7711  1.6192048e-05      30879.355      57.967     -1
     3     21       11465       14327   Coal      0     -1  7.2479637e+08       11017.45  1.5200752e-05      32893.109      80.511     -1
     3     22       14327       17903   Coal      0     -1  1.0461161e+09      17257.971  1.6497185e-05      30308.201      78.191     -1
     3     23       17903       22372   Coal      0     -1  1.4481542e+09      28614.317  1.9759165e-05      25304.714      100.07     -1
     3     24       22372       27956   Coal      0     -1  1.8799041e+09       43177.99  2.2968187e-05      21769.241      104.34     -1
     3     25       27956       34934   Coal      0     -1  2.2487885e+09       61417.74  2.7311479e-05       18307.32      111.52     -1
     3     26       34934       43654   Coal      0     -1  2.4487011e+09       74981.32  3.0620854e-05      16328.741      116.97     -1
     3     27       43654       54551   Coal      0     -1  2.3917318e+09       84103.19  3.5164139e-05      14219.032      116.65     -1
     3     28       54551       68167   Coal      0     -1  2.0752837e+09       77564.01  3.7375136e-05      13377.878      99.774     -1
     3     29       68167       85183   Coal      0     -1  1.6770004e+09       59992.01  3.5773401e-05      13976.865      81.942     -1
     3     30       85183  1.0645e+05   Coal      0     -1  1.5574289e+09       30754.79  1.9747155e-05      25320.103      73.032     -1
     3     31  1.0645e+05  1.3302e+05   Coal      0     -1  1.5614919e+09      30276.812  1.9389669e-05      25786.927      72.935     -1
     3     32  1.3302e+05       1e+99   Coal      0     -1  3.4266691e+09      65540.486  1.9126587e-05      26141.621      55.456     -1
     3     -1           0       1e+99  Delay     -1     -1  2.5970586e+09              0              0              0           1     -1
     3     -1           0       1e+99   LogL     -1     -1              1      -16436072      -16436072              0           1     -1
     3     -1           0       1e+99 Recomb     -1     -1           4257  1.2771004e-05   3.000001e-09              0           1     -1
     3     -1           0       1e+99 Resamp     -1     -1  2.5970586e+09         744683  0.00028674093              0           1     -1
     2      0           0         133   Coal      0     -1      289504.15      31.746413  0.00010965789      4559.6356       1.571     -1
     2      1         133       166.2   Coal      0     -1      156442.52      7.1616473  4.5778138e-05      10922.244       2.384     -1
     2      2       166.2      207.68   Coal      0     -1      242433.38      4.4442987  1.8332041e-05       27274.65      2.6611     -1
     2      3      207.68      259.53   Coal      0     -1      381213.54      13.245016  3.4744349e-05       14390.83      3.0991     -1
     2      4      259.53      324.31   Coal      0     -1      601206.34       16.42595  2.7321651e-05      18300.505      3.5663     -1
     2      5      324.31      405.26   Coal      0     -1      933306.54      19.338466   2.072038e-05      24130.831      3.9562     -1
     2      6      405.26      506.42   Coal      0     -1      1446406.8      40.513969  2.8010079e-05      17850.717       5.398     -1
     2      7      506.42      632.82   Coal      0     -1      2245667.1      83.658548  3.7253317e-05      13421.624      6.1577     -1
     2      8      632.82      790.79   Coal      0     -1      3448513.5      158.97207  4.6098724e-05      10846.287      7.9392     -1
     2      9      790.79      988.18   Coal      0     -1      5315878.4      231.70162  4.3586705e-05      11471.388      8.5939     -1
     2     10      988.18      1234.8   Coal      0     -1      8150245.7      303.60579  3.7251121e-05      13422.415      10.974     -1
     2     11      1234.8      1543.1   Coal      0     -1       12485242      430.83097  3.4507218e-05      14489.722      13.563     -1
     2     12      1543.1      1928.2   Coal      0     -1       19133302      595.76172  3.1137422e-05      16057.848      15.528     -1
     2     13      1928.2      2409.6   Coal      0     -1       29235551      882.05433  3.0170607e-05      16572.421      17.292     -1
     2     14      2409.6        3011   Coal      0     -1       44494964      1316.9585  2.9597922e-05      16893.078      22.413     -1
     2     15        3011      3762.6   Coal      0     -1       67196650      1984.2009   2.952827e-05      16932.925      25.883     -1
     2     16      3762.6      4701.8   Coal      0     -1  1.0074043e+08      3121.6594  3.0987156e-05      16135.718      30.118     -1
     2     17      4701.8      5875.5   Coal      0     -1  1.4888144e+08       4936.441  3.3156859e-05      15079.836      34.524     -1
     2     18      5875.5      7342.1   Coal      0     -1   2.194752e+08       5539.726  2.5240784e-05      19809.211       40.43     -1
     2     19      7342.1      9174.7   Coal      0     -1  3.2527825e+08      6289.8471  1.9336821e-05      25857.405      53.866     -1
     2     20      9174.7       11465   Coal      0     -1   4.850261e+08      7816.5935   1.611582e-05      31025.414      55.853     -1
     2     21       11465       14327   Coal      0     -1  7.1921091e+08      10758.949  1.4959379e-05      33423.847      78.232     -1
     2     22       14327       17903   Coal      0     -1  1.0426666e+09        16747.3  1.6061989e-05      31129.394      83.105     -1
     2     23       17903       22372   Coal      0     -1  1.4493761e+09      27938.113  1.9275958e-05      25939.048      100.44     -1
     2     24       22372       27956   Coal      0     -1  1.8895832e+09       42415.31  2.2446913e-05      22274.777      104.14     -1
     2     25       27956       34934   Coal      0     -1  2.2699531e+09       60872.06  2.6816439e-05      18645.279      109.72     -1
     2     26       34934       43654   Coal      0     -1    2.48211e+09       75273.22  3.0326304e-05      16487.337      118.31     -1
     2     27       43654       54551   Coal      0     -1  2.4217889e+09       85132.37   3.515268e-05      14223.667      118.64     -1
     2     28       54551       68167   Coal      0     -1   2.091891e+09       78662.26  3.7603422e-05      13296.662       100.3     -1
     2     29       68167       85183   Coal      0     -1  1.6838505e+09       61061.33  3.6262917e-05       13788.19      82.816     -1
     2     30       85183  1.0645e+05   Coal      0     -1  1.5438482e+09      31096.336  2.0142095e-05      24823.635      72.812     -1
     2     31  1.0645e+05  1.3302e+05   Coal      0     -1  1.5275125e+09      30364.478  1.9878383e-05      25152.951      72.083     -1
     2     32  1.3302e+05       1e+99   Coal      0     -1  3.2385072e+09       63673.43  1.9661352e-05      25430.601      55.571     -1
     2     -1           0       1e+99  Delay     -1     -1  2.5970586e+09              0              0              0           1     -1
     2     -1           0       1e+99   LogL     -1     -1              1      -16436433      -16436433              0           1     -1
     2     -1           0       1e+99 Recomb     -1     -1           4257  1.2771004e-05   3.000001e-09              0           1     -1
     2     -1           0       1e+99 Resamp     -1     -1  2.5970586e+09         740996  0.00028532124              0           1     -1
     1      0           0         133   Coal      0     -1      301952.13      21.182937  7.0153296e-05      7127.2488      1.7024     -1
     1      1         133       166.2   Coal      0     -1      160316.98      2.7457073   1.712674e-05      29194.114      2.2048     -1
     1      2       166.2      207.68   Coal      0     -1      247518.95      3.5784302  1.4457197e-05       34584.85      2.5496     -1
     1      3      207.68      259.53   Coal      0     -1      385876.12      10.443649  2.7064772e-05        18474.2      3.7347     -1
     1      4      259.53      324.31   Coal      0     -1      606414.53       13.78816  2.2737187e-05      21990.408      3.2864     -1
     1      5      324.31      405.26   Coal      0     -1      937586.77      17.097982  1.8236159e-05      27418.054      4.0187     -1
     1      6      405.26      506.42   Coal      0     -1      1458626.4        35.4778  2.4322746e-05       20556.89      4.8297     -1
     1      7      506.42      632.82   Coal      0     -1      2257596.6      75.576827  3.3476675e-05      14935.773      5.8635     -1
     1      8      632.82      790.79   Coal      0     -1      3468725.8      159.88555  4.6093452e-05      10847.528      7.4576     -1
     1      9      790.79      988.18   Coal      0     -1      5332993.4      223.68137  4.1942931e-05       11920.96      8.7277     -1
     1     10      988.18      1234.8   Coal      0     -1        8197959       301.6203  3.6792121e-05      13589.866      10.139     -1
     1     11      1234.8      1543.1   Coal      0     -1       12528349      447.59932   3.572692e-05      13995.049      13.689     -1
     1     12      1543.1      1928.2   Coal      0     -1       19177782      644.22126  3.3592063e-05      14884.469      15.594     -1
     1     13      1928.2      2409.6   Coal      0     -1       29240794      965.45885  3.3017532e-05       15143.47      16.012     -1
     1     14      2409.6        3011   Coal      0     -1       44345064      1447.9186  3.2651178e-05      15313.383       19.74     -1
     1     15        3011      3762.6   Coal      0     -1       66633559      2167.1044  3.2522718e-05      15373.869      27.168     -1
     1     16      3762.6      4701.8   Coal      0     -1       99642438      3324.6917  3.3366222e-05      14985.215      32.649     -1
     1     17      4701.8      5875.5   Coal      0     -1  1.4687796e+08      5179.9953  3.5267341e-05      14177.423      34.224     -1
     1     18      5875.5      7342.1   Coal      0     -1  2.1637538e+08      5674.5192  2.6225345e-05      19065.526       39.93     -1
     1     19      7342.1      9174.7   Coal      0     -1  3.2100643e+08      6328.3253  1.9714014e-05      25362.668      51.647     -1
     1     20      9174.7       11465   Coal      0     -1  4.8002618e+08      7693.5824  1.6027422e-05      31196.532      61.472     -1
     1     21       11465       14327   Coal      0     -1  7.1326146e+08      10468.029  1.4676286e-05      34068.564      72.524     -1
     1     22       14327       17903   Coal      0     -1  1.0383782e+09      16197.544  1.5598886e-05       32053.57      84.141     -1
     1     23       17903       22372   Coal      0     -1  1.4505343e+09        27193.9  1.8747505e-05      26670.215      104.01     -1
     1     24       22372       27956   Coal      0     -1  1.9004096e+09      41513.397  2.1844447e-05      22889.112      105.43     -1
     1     25       27956       34934   Coal      0     -1  2.2948881e+09       60257.59   2.625731e-05      19042.316      109.11     -1
     1     26       34934       43654   Coal      0     -1  2.5206583e+09       75525.09  2.9962447e-05      16687.556      122.41     -1
     1     27       43654       54551   Coal      0     -1  2.4560571e+09       86219.81   3.510497e-05      14242.997      120.83     -1
     1     28       54551       68167   Coal      0     -1   2.105277e+09       79727.93  3.7870519e-05      13202.882       101.1     -1
     1     29       68167       85183   Coal      0     -1  1.6855628e+09       62229.77  3.6919283e-05      13543.058      86.128     -1
     1     30       85183  1.0645e+05   Coal      0     -1  1.5184067e+09       31317.68  2.0625357e-05      24242.004      71.192     -1
     1     31  1.0645e+05  1.3302e+05   Coal      0     -1  1.4859851e+09      30342.282  2.0418968e-05      24487.036      70.568     -1
     1     32  1.3302e+05       1e+99   Coal      0     -1  3.0413047e+09       61671.12   2.027785e-05      24657.446       56.51     -1
     1     -1           0       1e+99  Delay     -1     -1  2.5970586e+09              0              0              0           1     -1
     1     -1           0       1e+99   LogL     -1     -1              1      -16436934      -16436934              0           1     -1
     1     -1           0       1e+99 Recomb     -1     -1           4257  1.2771004e-05   3.000001e-09              0           1     -1
     1     -1           0       1e+99 Resamp     -1     -1  2.5970586e+09         736312  0.00028351766              0           1     -1
     0      0           0         133   Coal      0     -1      297491.13       10.18672  3.4242098e-05      14601.909      1.4139     -1
     0      1         133       166.2   Coal      0     -1       160617.6      1.6777889   1.044586e-05      47865.854      2.4245     -1
     0      2       166.2      207.68   Coal      0     -1      250928.64       1.553153  6.1896203e-06        80780.4       2.604     -1
     0      3      207.68      259.53   Coal      0     -1      388781.57      6.7837497  1.7448743e-05      28655.359      2.6479     -1
     0      4      259.53      324.31   Coal      0     -1      602243.37         9.6523  1.6027242e-05      31196.884       3.829     -1
     0      5      324.31      405.26   Coal      0     -1       937143.4      12.986619  1.3857664e-05      36081.116      3.8816     -1
     0      6      405.26      506.42   Coal      0     -1      1462081.6      32.298728   2.209092e-05      22633.734      6.2442     -1
     0      7      506.42      632.82   Coal      0     -1      2260599.3      72.785949  3.2197634e-05      15529.091      6.1392     -1
     0      8      632.82      790.79   Coal      0     -1      3485473.2      152.05721  4.3625988e-05      11461.058      6.6682     -1
     0      9      790.79      988.18   Coal      0     -1      5349543.2      225.16558  4.2090618e-05      11879.132      9.1475     -1
     0     10      988.18      1234.8   Coal      0     -1      8178083.6      318.96957  3.9002972e-05      12819.536      10.494     -1
     0     11      1234.8      1543.1   Coal      0     -1       12510949      475.40647  3.7999234e-05       13158.16      11.703     -1
     0     12      1543.1      1928.2   Coal      0     -1       19077724      699.26742  3.6653607e-05      13641.222      15.259     -1
     0     13      1928.2      2409.6   Coal      0     -1       29051158      1062.6838  3.6579739e-05      13668.769      16.053     -1
     0     14      2409.6        3011   Coal      0     -1       43894265       1589.482   3.621161e-05      13807.726       20.84     -1
     0     15        3011      3762.6   Coal      0     -1       65959808      2376.1419  3.6024088e-05      13879.602       26.07     -1
     0     16      3762.6      4701.8   Coal      0     -1       98177117      3611.1381  3.6781872e-05      13593.653      31.485     -1
     0     17      4701.8      5875.5   Coal      0     -1  1.4418218e+08      5438.5242  3.7719808e-05      13255.635      32.668     -1
     0     18      5875.5      7342.1   Coal      0     -1  2.1217047e+08      5823.2751  2.7446209e-05      18217.452      41.194     -1
     0     19      7342.1      9174.7   Coal      0     -1  3.1529865e+08      6332.2618  2.0083378e-05      24896.211      51.841     -1
     0     20      9174.7       11465   Coal      0     -1  4.7261506e+08      7543.4983  1.5961189e-05      31325.987      59.473     -1
     0     21       11465       14327   Coal      0     -1  7.0555538e+08      10119.197  1.4342172e-05      34862.222      68.914     -1
     0     22       14327       17903   Coal      0     -1  1.0324547e+09      15585.421  1.5095502e-05      33122.449      82.995     -1
     0     23       17903       22372   Coal      0     -1  1.4485374e+09      26319.975  1.8170035e-05      27517.833      96.166     -1
     0     24       22372       27956   Coal      0     -1  1.9155256e+09       40589.57  2.1189782e-05      23596.278      117.04     -1
     0     25       27956       34934   Coal      0     -1  2.3224892e+09       59521.67  2.5628395e-05       19509.61      113.65     -1
     0     26       34934       43654   Coal      0     -1  2.5563998e+09      75605.088   2.957483e-05      16906.268      120.59     -1
     0     27       43654       54551   Coal      0     -1  2.4927897e+09       87329.43  3.5032811e-05      14272.335      120.75     -1
     0     28       54551       68167   Coal      0     -1  2.1297617e+09       81176.26  3.8115185e-05      13118.131      102.16     -1
     0     29       68167       85183   Coal      0     -1  1.6781552e+09       63166.74  3.7640582e-05      13283.535      86.215     -1
     0     30       85183  1.0645e+05   Coal      0     -1  1.4982063e+09       31740.12  2.1185413e-05      23601.145      72.669     -1
     0     31  1.0645e+05  1.3302e+05   Coal      0     -1  1.4421498e+09       30390.45  2.1073018e-05      23727.024      70.821     -1
     0     32  1.3302e+05       1e+99   Coal      0     -1  2.8298477e+09      59414.672  2.0995713e-05      23814.385      56.866     -1
     0     -1           0       1e+99  Delay     -1     -1  2.5970586e+09              0              0              0           1     -1
     0     -1           0       1e+99   LogL     -1     -1              1      -16437685      -16437685              0           1     -1
     0     -1           0       1e+99 Recomb     -1     -1           4257  1.2771004e-05   3.000001e-09              0           1     -1
     0     -1           0       1e+99 Resamp     -1     -1  2.5970586e+09         731400  0.00028162629              0           1     -1
