  Iter  Epoch       Start         End   Type   From     To            Opp          Count           Rate             Ne         ESS  Clump
    10      0           0         133   Coal      0     -1      308333.18      41.271082  0.00013385222      3735.4628      1.4741     -1
    10      1         133       166.2   Coal      0     -1      163264.78      6.0451447  3.7026631e-05      13503.794      2.1389     -1
    10      2       166.2      207.68   Coal      0     -1      253790.67      6.7588504  2.6631595e-05      18774.692      2.8095     -1
    10      3      207.68      259.53   Coal      0     -1      398530.51      5.4142668  1.3585577e-05      36803.738       3.286     -1
    10      4      259.53      324.31   Coal      0     -1      619070.03      9.0296715  1.4585864e-05      34279.765      3.5808     -1
    10      5      324.31      405.26   Coal      0     -1      959732.46      42.165117  4.3934241e-05      11380.645       4.254     -1
    10      6      405.26      506.42   Coal      0     -1      1486430.7      59.157258  3.9798194e-05      12563.384      4.6778     -1
    10      7      506.42      632.82   Coal      0     -1      2306071.1      131.41396  5.6986082e-05      8774.0722      5.9577     -1
    10      8      632.82      790.79   Coal      0     -1      3525350.5      271.78365   7.709408e-05      6485.5823      6.4599     -1
    10      9      790.79      988.18   Coal      0     -1      5371241.8      289.28956  5.3858972e-05      9283.5043      8.8189     -1
    10     10      988.18      1234.8   Coal      0     -1      8205545.3       452.9676  5.5202621e-05       9057.541      11.296     -1
    10     11      1234.8      1543.1   Coal      0     -1       12473084       612.5976  4.9113563e-05      10180.487      11.955     -1
    10     12      1543.1      1928.2   Coal      0     -1       18898646      851.61611  4.5062282e-05      11095.754      15.755     -1
    10     13      1928.2      2409.6   Coal      0     -1       28625150      1134.2541   3.962439e-05      12618.491      15.263     -1
    10     14      2409.6        3011   Coal      0     -1       43309074      1412.6302  3.2617418e-05      15329.233      21.132     -1
    10     15        3011      3762.6   Coal      0     -1       65302872      1974.2968  3.0232925e-05      16538.261      25.979     -1
    10     16      3762.6      4701.8   Coal      0     -1       97936257      2905.9034  2.9671374e-05      16851.259       28.76     -1
    10     17      4701.8      5875.5   Coal      0     -1  1.4502295e+08        4543.23  3.1327662e-05      15960.336      33.661     -1
    10     18      5875.5      7342.1   Coal      0     -1  2.1421738e+08        5223.98   2.438635e-05      20503.274      38.419     -1
    10     19      7342.1      9174.7   Coal      0     -1  3.1748386e+08         6112.5  1.9252948e-05       25970.05      52.007     -1
    10     20      9174.7       11465   Coal      0     -1  4.7127756e+08        8049.21  1.7079553e-05      29274.771      57.383     -1
    10     21       11465       14327   Coal      0     -1    6.91934e+08       11539.47  1.6677125e-05      29981.186      64.766     -1
    10     22       14327       17903   Coal      0     -1  9.9319226e+08       17877.78  1.8000322e-05      27777.282      83.074     -1
    10     23       17903       22372   Coal      0     -1  1.3539289e+09       30091.62  2.2225406e-05      22496.777      89.992     -1
    10     24       22372       27956   Coal      0     -1  1.7307927e+09       43570.65  2.5173811e-05      19861.911      100.55     -1
    10     25       27956       34934   Coal      0     -1  2.0459799e+09       59249.52  2.8958995e-05      17265.793      107.17     -1
    10     26       34934       43654   Coal      0     -1  2.2215137e+09       69576.92  3.1319599e-05      15964.444      109.62     -1
    10     27       43654       54551   Coal      0     -1  2.1977348e+09       76222.46  3.4682283e-05      14416.583      107.92     -1
    10     28       54551       68167   Coal      0     -1  1.9502185e+09        70531.6  3.6165998e-05       13825.14      91.736     -1
    10     29       68167       85183   Coal      0     -1  1.6359233e+09       54917.27  3.3569588e-05      14894.434      78.871     -1
    10     30       85183  1.0645e+05   Coal      0     -1  1.5708856e+09       28785.88  1.8324618e-05      27285.698      72.252     -1
    10     31  1.0645e+05  1.3302e+05   Coal      0     -1  1.6383548e+09       28820.89  1.7591361e-05      28423.043      73.195     -1
    10     32  1.3302e+05       1e+99   Coal      0     -1   4.078801e+09        70237.7  1.7220183e-05      29035.696      56.138     -1
    10     -1           0       1e+99  Delay     -1     -1  2.5957002e+09              0              0              0           1     -1
    10     -1           0       1e+99   LogL     -1     -1              1      -15784790      -15784790              0           1     -1
    10     -1           0       1e+99 Recomb     -1     -1           4323  1.2969005e-05  3.0000011e-09              0           1     -1
    10     -1           0       1e+99 Resamp     -1     -1  2.5957002e+09         737414  0.00028409059              0           1     -1
     9      0           0         133   Coal      0     -1      309466.89       40.11594  0.00012962918      3857.1561      1.5364     -1
     9      1         133       166.2   Coal      0     -1      164980.63      7.0497349  4.2730682e-05      11701.194      2.0998     -1
     9      2       166.2      207.68   Coal      0     -1      253433.29      4.2200131  1.6651376e-05      30027.548       2.524     -1
     9      3      207.68      259.53   Coal      0     -1      395389.16      4.8455759  1.2255207e-05      40798.985      2.8285     -1
     9      4      259.53      324.31   Coal      0     -1      615077.49      7.8541739  1.2769406e-05       39156.09      3.8515     -1
     9      5      324.31      405.26   Coal      0     -1      956784.42      43.656774  4.5628642e-05      10958.029      4.3983     -1
     9      6      405.26      506.42   Coal      0     -1      1483431.9      60.303802  4.0651546e-05      12299.655      5.3532     -1
     9      7      506.42      632.82   Coal      0     -1      2289252.4      129.94125  5.6761435e-05      8808.7977      5.9308     -1
     9      8      632.82      790.79   Coal      0     -1      3515139.2      263.50123  7.4961821e-05      6670.0621      7.6414     -1
     9      9      790.79      988.18   Coal      0     -1      5364645.8      297.65061  5.5483739e-05      9011.6493      8.7689     -1
     9     10      988.18      1234.8   Coal      0     -1        8186694      442.77345  5.4084524e-05      9244.7887      10.263     -1
     9     11      1234.8      1543.1   Coal      0     -1       12455127      601.17161  4.8266998e-05      10359.045      11.822     -1
     9     12      1543.1      1928.2   Coal      0     -1       18902786      834.95387  4.4170941e-05      11319.659      15.814     -1
     9     13      1928.2      2409.6   Coal      0     -1       28628382      1118.6249  3.9073981e-05      12796.239      16.944     -1
     9     14      2409.6        3011   Coal      0     -1       43335379      1421.5868  3.2804301e-05      15241.904      20.548     -1
     9     15        3011      3762.6   Coal      0     -1       65378370       2006.656  3.0692964e-05      16290.378      26.395     -1
     9     16      3762.6      4701.8   Coal      0     -1       98020595      2966.4185  3.0263216e-05      16521.707      28.898     -1
     9     17      4701.8      5875.5   Coal      0     -1  1.4507968e+08         4586.9   3.161642e-05      15814.567      33.381     -1
     9     18      5875.5      7342.1   Coal      0     -1  2.1391261e+08        5272.13  2.4646187e-05      20287.114       38.39     -1
     9     19      7342.1      9174.7   Coal      0     -1  3.1685115e+08         6176.9  1.9494643e-05      25648.072      50.453     -1
     9     20      9174.7       11465   Coal      0     -1  4.7035599e+08        8050.43  1.7115611e-05      29213.097      57.894     -1
     9     21       11465       14327   Coal      0     -1  6.9119784e+08       11477.51  1.6605246e-05      30110.967      69.353     -1
     9     22       14327       17903   Coal      0     -1  9.9257653e+08       17721.23  1.7853767e-05      28005.294      85.378     -1
     9     23       17903       22372   Coal      0     -1  1.3554334e+09       29792.46  2.1980025e-05      22747.926       91.34     -1
     9     24       22372       27956   Coal      0     -1  1.7346487e+09       43271.64  2.4945477e-05      20043.714      100.55     -1
     9     25       27956       34934   Coal      0     -1  2.0551051e+09       59152.63  2.8783262e-05      17371.207       111.3     -1
     9     26       34934       43654   Coal      0     -1  2.2323397e+09       69750.69  3.1245554e-05      16002.277      112.23     -1
     9     27       43654       54551   Coal      0     -1  2.2072269e+09       76715.36  3.4756444e-05      14385.821      111.73     -1
     9     28       54551       68167   Coal      0     -1  1.9533624e+09       70845.39  3.6268431e-05      13786.094      94.072     -1
     9     29       68167       85183   Coal      0     -1  1.6340968e+09       55125.05  3.3734262e-05      14821.726      78.366     -1
     9     30       85183  1.0645e+05   Coal      0     -1  1.5660683e+09       28839.99  1.8415538e-05      27150.986      71.775     -1
     9     31  1.0645e+05  1.3302e+05   Coal      0     -1  1.6268491e+09       28883.53  1.7754277e-05      28162.228      73.826     -1
     9     32  1.3302e+05       1e+99   Coal      0     -1  3.9999775e+09       69587.22  1.7396903e-05      28740.748      56.127     -1
     9     -1           0       1e+99  Delay     -1     -1  2.5957002e+09              0              0              0           1     -1
     9     -1           0       1e+99   LogL     -1     -1              1      -15784905      -15784905              0           1     -1
     9     -1           0       1e+99 Recomb     -1     -1           4323  1.2969005e-05  3.0000011e-09              0           1     -1
     9     -1           0       1e+99 Resamp     -1     -1  2.5957002e+09         735698  0.00028342949              0           1     -1
     8      0           0         133   Coal      0     -1       305611.6       31.58909  0.00010336352      4837.2966      1.5256     -1
     8      1         133       166.2   Coal      0     -1      164555.24      5.9411335  3.6104189e-05      13848.808      2.1908     -1
     8      2       166.2      207.68   Coal      0     -1       254778.3      4.4163053  1.7333915e-05      28845.187      2.5253     -1
     8      3      207.68      259.53   Coal      0     -1      397564.34      5.6404697  1.4187564e-05      35242.131      2.7008     -1
     8      4      259.53      324.31   Coal      0     -1      621807.52      8.7063297  1.4001647e-05      35710.083      3.7071     -1
     8      5      324.31      405.26   Coal      0     -1      968681.95      38.110813  3.9342958e-05      12708.755      4.3488     -1
     8      6      405.26      506.42   Coal      0     -1      1501907.1      63.390565  4.2206714e-05      11846.456      5.1493     -1
     8      7      506.42      632.82   Coal      0     -1      2306132.3      132.84338  5.7604405e-05      8679.8918      5.5021     -1
     8      8      632.82      790.79   Coal      0     -1      3523493.3      260.40967  7.3906674e-05      6765.2889       6.805     -1
     8      9      790.79      988.18   Coal      0     -1      5384685.8      287.88916   5.346443e-05      9352.0121      8.9661     -1
     8     10      988.18      1234.8   Coal      0     -1      8206312.6      438.35159  5.3416389e-05       9360.423      10.926     -1
     8     11      1234.8      1543.1   Coal      0     -1       12511218      586.52523  4.6879946e-05      10665.541       12.41     -1
     8     12      1543.1      1928.2   Coal      0     -1       18998818      818.38609  4.3075631e-05      11607.491      13.508     -1
     8     13      1928.2      2409.6   Coal      0     -1       28731937      1100.6633  3.8308008e-05      13052.101      17.591     -1
     8     14      2409.6        3011   Coal      0     -1       43516685      1427.0786  3.2793826e-05      15246.772      21.587     -1
     8     15        3011      3762.6   Coal      0     -1       65545385      2046.0156   3.121525e-05      16017.812       26.03     -1
     8     16      3762.6      4701.8   Coal      0     -1       98019174      3018.5895  3.0795909e-05      16235.923      28.052     -1
     8     17      4701.8      5875.5   Coal      0     -1  1.4483254e+08        4643.97   3.206441e-05      15593.613      32.659     -1
     8     18      5875.5      7342.1   Coal      0     -1    2.13554e+08        5324.31  2.4931914e-05      20054.617      38.059     -1
     8     19      7342.1      9174.7   Coal      0     -1  3.1600627e+08        6204.72    1.96348e-05       25464.99      48.229     -1
     8     20      9174.7       11465   Coal      0     -1  4.6925338e+08        8034.45  1.7121773e-05      29202.582      57.541     -1
     8     21       11465       14327   Coal      0     -1  6.9028231e+08       11389.93  1.6500394e-05      30302.307       70.16     -1
     8     22       14327       17903   Coal      0     -1  9.9176013e+08       17575.46  1.7721483e-05      28214.343        85.7     -1
     8     23       17903       22372   Coal      0     -1  1.3565375e+09        29469.1  2.1723763e-05       23016.27      92.426     -1
     8     24       22372       27956   Coal      0     -1  1.7405081e+09       42937.76  2.4669669e-05      20267.803       101.2     -1
     8     25       27956       34934   Coal      0     -1  2.0675394e+09       59082.87  2.8576417e-05      17496.945      111.75     -1
     8     26       34934       43654   Coal      0     -1  2.2449599e+09       69932.89  3.1151065e-05      16050.816      111.99     -1
     8     27       43654       54551   Coal      0     -1  2.2166336e+09       77195.87  3.4825725e-05      14357.203      110.98     -1
     8     28       54551       68167   Coal      0     -1  1.9542147e+09        71186.9  3.6427369e-05      13725.943      93.248     -1
     8     29       68167       85183   Coal      0     -1  1.6360215e+09       55520.62  3.3936363e-05      14733.459      80.306     -1
     8     30       85183  1.0645e+05   Coal      0     -1   1.559456e+09       28899.25  1.8531623e-05      26980.907      72.114     -1
     8     31  1.0645e+05  1.3302e+05   Coal      0     -1  1.6133646e+09        28941.6   1.793866e-05      27872.762      73.427     -1
     8     32  1.3302e+05       1e+99   Coal      0     -1  3.9134757e+09       68877.43  1.7600066e-05      28408.985      58.118     -1
     8     -1           0       1e+99  Delay     -1     -1  2.5957002e+09              0              0              0           1     -1
     8     -1           0       1e+99   LogL     -1     -1              1      -15784925      -15784925              0           1     -1
     8     -1           0       1e+99 Recomb     -1     -1           4323  1.2969005e-05  3.0000011e-09              0           1     -1
     8     -1           0       1e+99 Resamp     -1     -1  2.5957002e+09         733636   0.0002826351              0           1     -1
     7      0           0         133   Coal      0     -1      304205.86      31.116063  0.00010228621      4888.2446         1.5     -1
     7      1         133       166.2   Coal      0     -1      162391.14      4.6961705  2.8918884e-05      17289.741      2.1658     -1
     7      2       166.2      207.68   Coal      0     -1      255493.19      3.1453111  1.2310743e-05      40614.932      2.8109     -1
     7      3      207.68      259.53   Coal      0     -1      401417.21      6.9189506  1.7236308e-05      29008.533      3.2298     -1
     7      4      259.53      324.31   Coal      0     -1      626412.71      7.2175455  1.1522029e-05      43395.134      3.5549     -1
     7      5      324.31      405.26   Coal      0     -1      976643.33      34.193925  3.5011682e-05      14280.948      4.1887     -1
     7      6      405.26      506.42   Coal      0     -1      1510318.3      53.936819  3.5712219e-05       14000.81      5.0147     -1
     7      7      506.42      632.82   Coal      0     -1      2318004.7      130.92214  5.6480531e-05      8852.6079       5.621     -1
     7      8      632.82      790.79   Coal      0     -1      3525748.6      258.60849  7.3348534e-05      6816.7688      7.1014     -1
     7      9      790.79      988.18   Coal      0     -1      5377067.8      288.25913  5.3608981e-05      9326.7954      8.6172     -1
     7     10      988.18      1234.8   Coal      0     -1        8222532      434.94704  5.2896971e-05       9452.337      10.787     -1
     7     11      1234.8      1543.1   Coal      0     -1       12516759      577.39736  4.6129941e-05      10838.947      11.808     -1
     7     12      1543.1      1928.2   Coal      0     -1       19019642      809.24554  4.2547884e-05      11751.466      14.011     -1
     7     13      1928.2      2409.6   Coal      0     -1       28790147      1103.7969  3.8339399e-05      13041.415      17.216     -1
     7     14      2409.6        3011   Coal      0     -1       43508886      1449.3543  3.3311685e-05      15009.748      22.122     -1
     7     15        3011      3762.6   Coal      0     -1       65477894        2091.05  3.1935206e-05      15656.702      25.174     -1
     7     16      3762.6      4701.8   Coal      0     -1       97957875        3076.19  3.1403192e-05      15921.948      27.043     -1
     7     17      4701.8      5875.5   Coal      0     -1  1.4460729e+08        4733.01  3.2730093e-05      15276.461      31.101     -1
     7     18      5875.5      7342.1   Coal      0     -1  2.1309311e+08        5391.05  2.5299034e-05        19763.6      39.427     -1
     7     19      7342.1      9174.7   Coal      0     -1  3.1514038e+08        6234.46   1.978312e-05      25274.072      48.171     -1
     7     20      9174.7       11465   Coal      0     -1   4.682051e+08        8028.87   1.714819e-05      29157.596       59.33     -1
     7     21       11465       14327   Coal      0     -1  6.8846956e+08       11268.77  1.6367855e-05       30547.68      68.044     -1
     7     22       14327       17903   Coal      0     -1  9.9094129e+08        17377.8  1.7536659e-05      28511.702       85.64     -1
     7     23       17903       22372   Coal      0     -1  1.3580746e+09       29116.89  2.1439831e-05      23321.079      92.504     -1
     7     24       22372       27956   Coal      0     -1  1.7469658e+09       42586.46  2.4377387e-05      20510.812      101.25     -1
     7     25       27956       34934   Coal      0     -1  2.0792472e+09       58983.39  2.8367666e-05      17625.701       112.9     -1
     7     26       34934       43654   Coal      0     -1  2.2621617e+09       70183.44  3.1024944e-05      16116.064      113.84     -1
     7     27       43654       54551   Coal      0     -1  2.2282801e+09       77762.11  3.4897816e-05      14327.544      111.12     -1
     7     28       54551       68167   Coal      0     -1  1.9580343e+09       71591.41    3.65629e-05      13675.064      93.707     -1
     7     29       68167       85183   Coal      0     -1  1.6286769e+09       55725.95  3.4215473e-05      14613.272      80.334     -1
     7     30       85183  1.0645e+05   Coal      0     -1  1.5521162e+09       29021.38  1.8697943e-05      26740.909      72.741     -1
     7     31  1.0645e+05  1.3302e+05   Coal      0     -1  1.5963696e+09       28971.73   1.814851e-05       27550.47      72.962     -1
     7     32  1.3302e+05       1e+99   Coal      0     -1  3.8135832e+09       67969.92  1.7823112e-05      28053.462      56.667     -1
     7     -1           0       1e+99  Delay     -1     -1  2.5957002e+09              0              0              0           1     -1
     7     -1           0       1e+99   LogL     -1     -1              1      -15784971      -15784971              0           1     -1
     7     -1           0       1e+99 Recomb     -1     -1           4323  1.2969005e-05  3.0000011e-09              0           1     -1
     7     -1           0       1e+99 Resamp     -1     -1  2.5957002e+09         732770  0.00028230147              0           1     -1
     6      0           0         133   Coal      0     -1      312543.64       35.77018  0.00011444859      4368.7737      1.4906     -1
     6      1         133       166.2   Coal      0     -1      163573.03      5.2698327  3.2217002e-05      15519.756      2.2205     -1
     6      2       166.2      207.68   Coal      0     -1      256317.97      4.6699659  1.8219424e-05      27443.238      2.3393     -1
     6      3      207.68      259.53   Coal      0     -1      395052.89      5.9270143   1.500309e-05      33326.467      3.0317     -1
     6      4      259.53      324.31   Coal      0     -1      617849.98      8.9376277  1.4465692e-05       34564.54      3.7557     -1
     6      5      324.31      405.26   Coal      0     -1      961200.63       33.77467  3.5138003e-05      14229.608      4.0568     -1
     6      6      405.26      506.42   Coal      0     -1      1498048.9      51.479996  3.4364697e-05      14549.815      5.2795     -1
     6      7      506.42      632.82   Coal      0     -1      2313813.4      129.52682  5.5979804e-05      8931.7926      5.4873     -1
     6      8      632.82      790.79   Coal      0     -1      3542960.2      253.63328  7.1587956e-05      6984.4151      6.2795     -1
     6      9      790.79      988.18   Coal      0     -1      5409304.7      284.70183  5.2631872e-05      9499.9471       8.502     -1
     6     10      988.18      1234.8   Coal      0     -1      8234706.5      430.08603  5.2228459e-05      9573.3248      11.107     -1
     6     11      1234.8      1543.1   Coal      0     -1       12534068      587.77612  4.6894281e-05      10662.281      11.634     -1
     6     12      1543.1      1928.2   Coal      0     -1       19036088      804.87766  4.2281674e-05      11825.454      13.871     -1
     6     13      1928.2      2409.6   Coal      0     -1       28820079       1097.996    3.80983e-05      13123.945      18.221     -1
     6     14      2409.6        3011   Coal      0     -1       43617307      1454.6265  3.3349756e-05      14992.613      22.091     -1
     6     15        3011      3762.6   Coal      0     -1       65599123      2123.5768   3.237203e-05      15445.432      25.001     -1
     6     16      3762.6      4701.8   Coal      0     -1       97894282      3132.7266  3.2001119e-05      15624.454      28.049     -1
     6     17      4701.8      5875.5   Coal      0     -1  1.4438846e+08        4818.21  3.3369771e-05      14983.621      32.624     -1
     6     18      5875.5      7342.1   Coal      0     -1  2.1266222e+08        5448.94  2.5622511e-05      19514.091      38.014     -1
     6     19      7342.1      9174.7   Coal      0     -1  3.1425371e+08        6250.02  1.9888453e-05      25140.216      46.328     -1
     6     20      9174.7       11465   Coal      0     -1  4.6683759e+08         7991.1  1.7117516e-05      29209.845      58.523     -1
     6     21       11465       14327   Coal      0     -1  6.8769566e+08       11148.81  1.6211837e-05      30841.662      69.864     -1
     6     22       14327       17903   Coal      0     -1  9.9084944e+08        17165.4  1.7323924e-05      28861.822      85.512     -1
     6     23       17903       22372   Coal      0     -1  1.3599245e+09        28718.1  2.1117422e-05      23677.133      89.162     -1
     6     24       22372       27956   Coal      0     -1  1.7559737e+09       42234.21  2.4051733e-05      20788.523      104.46     -1
     6     25       27956       34934   Coal      0     -1  2.0934676e+09       58859.95  2.8116008e-05      17783.464      114.06     -1
     6     26       34934       43654   Coal      0     -1  2.2773285e+09       70374.84  3.0902367e-05       16179.99       112.8     -1
     6     27       43654       54551   Coal      0     -1  2.2428957e+09       78405.32  3.4957185e-05      14303.211      111.74     -1
     6     28       54551       68167   Coal      0     -1  1.9662894e+09       72148.61  3.6692772e-05      13626.662      93.389     -1
     6     29       68167       85183   Coal      0     -1   1.632979e+09       56346.11  3.4505103e-05       14490.61      81.809     -1
     6     30       85183  1.0645e+05   Coal      0     -1  1.5413428e+09       29135.67  1.8902783e-05      26451.131          73     -1
     6     31  1.0645e+05  1.3302e+05   Coal      0     -1  1.5723732e+09       28948.63  1.8410789e-05      27157.989      72.721     -1
     6     32  1.3302e+05       1e+99   Coal      0     -1   3.703476e+09        67005.1  1.8092489e-05      27635.777      58.241     -1
     6     -1           0       1e+99  Delay     -1     -1  2.5957002e+09              0              0              0           1     -1
     6     -1           0       1e+99   LogL     -1     -1              1      -15785013      -15785013              0           1     -1
     6     -1           0       1e+99 Recomb     -1     -1           4323  1.2969005e-05  3.0000011e-09              0           1     -1
     6     -1           0       1e+99 Resamp     -1     -1  2.5957002e+09         730885  0.00028157527              0           1     -1
     5      0           0         133   Coal      0     -1      309694.13      35.326974  0.00011407053       4383.253      1.5004     -1
     5      1         133       166.2   Coal      0     -1      164231.22        2.80992  1.7109536e-05      29223.469      2.2223     -1
     5      2       166.2      207.68   Coal      0     -1      254785.11      2.9578786  1.1609307e-05      43068.892      2.8373     -1
     5      3      207.68      259.53   Coal      0     -1      396294.94      4.1841469  1.0558164e-05       47356.72      2.8623     -1
     5      4      259.53      324.31   Coal      0     -1      622023.31      9.6772727  1.5557733e-05      32138.358      3.7539     -1
     5      5      324.31      405.26   Coal      0     -1       959753.2      31.900525  3.3238259e-05      15042.906      4.2212     -1
     5      6      405.26      506.42   Coal      0     -1      1488453.8      46.973524  3.1558603e-05       15843.54      4.9056     -1
     5      7      506.42      632.82   Coal      0     -1      2299627.5      119.15241  5.1813786e-05      9649.9413      5.8625     -1
     5      8      632.82      790.79   Coal      0     -1      3530755.5      232.74069  6.5918098e-05      7585.1703      6.9794     -1
     5      9      790.79      988.18   Coal      0     -1      5371507.6      273.33464   5.088602e-05      9825.8814      9.2098     -1
     5     10      988.18      1234.8   Coal      0     -1        8202603      421.27711  5.1358954e-05      9735.4008      10.784     -1
     5     11      1234.8      1543.1   Coal      0     -1       12485592      568.11604  4.5501729e-05      10988.593      11.927     -1
     5     12      1543.1      1928.2   Coal      0     -1       19002115      788.34745  4.1487353e-05      12051.865      13.569     -1
     5     13      1928.2      2409.6   Coal      0     -1       28861942      1104.3769  3.8264122e-05      13067.071      18.516     -1
     5     14      2409.6        3011   Coal      0     -1       43666081      1469.1063  3.3644107e-05      14861.444      22.243     -1
     5     15        3011      3762.6   Coal      0     -1       65615128      2165.7999  3.3007631e-05      15148.012      24.947     -1
     5     16      3762.6      4701.8   Coal      0     -1       97852449      3204.5968  3.2749275e-05      15267.514      27.788     -1
     5     17      4701.8      5875.5   Coal      0     -1  1.4403089e+08        4917.24  3.4140176e-05      14645.502      30.517     -1
     5     18      5875.5      7342.1   Coal      0     -1  2.1184899e+08        5524.15  2.6075885e-05      19174.805      39.653     -1
     5     19      7342.1      9174.7   Coal      0     -1  3.1322804e+08        6260.44  1.9986844e-05      25016.455      47.244     -1
     5     20      9174.7       11465   Coal      0     -1  4.6570415e+08        7949.95  1.7070816e-05      29289.753      61.817     -1
     5     21       11465       14327   Coal      0     -1  6.8602334e+08       11006.55  1.6043988e-05      31164.322      66.143     -1
     5     22       14327       17903   Coal      0     -1  9.9002511e+08       16910.92  1.7081304e-05       29271.77      83.836     -1
     5     23       17903       22372   Coal      0     -1  1.3628528e+09       28294.86  2.0761494e-05      24083.046      90.044     -1
     5     24       22372       27956   Coal      0     -1  1.7644543e+09        41793.3  2.3686246e-05      21109.297      102.06     -1
     5     25       27956       34934   Coal      0     -1  2.1088862e+09        58716.5  2.7842422e-05      17958.208      111.49     -1
     5     26       34934       43654   Coal      0     -1  2.2992672e+09       70700.68  3.0749223e-05      16260.573      113.75     -1
     5     27       43654       54551   Coal      0     -1  2.2571537e+09       79069.49  3.5030619e-05      14273.228      111.73     -1
     5     28       54551       68167   Coal      0     -1  1.9720017e+09       72693.49  3.6862794e-05      13563.812      94.239     -1
     5     29       68167       85183   Coal      0     -1  1.6224521e+09       56601.47  3.4886374e-05      14332.243      81.109     -1
     5     30       85183  1.0645e+05   Coal      0     -1  1.5265055e+09       29223.02  1.9143736e-05      26118.203      73.581     -1
     5     31  1.0645e+05  1.3302e+05   Coal      0     -1  1.5547203e+09       29033.61  1.8674491e-05      26774.492      72.909     -1
     5     32  1.3302e+05       1e+99   Coal      0     -1  3.5681732e+09       65691.54  1.8410412e-05      27158.544      55.936     -1
     5     -1           0       1e+99  Delay     -1     -1  2.5957002e+09              0              0              0           1     -1
     5     -1           0       1e+99   LogL     -1     -1              1      -15785336      -15785336              0           1     -1
     5     -1           0       1e+99 Recomb     -1     -1           4323  1.2969005e-05  3.0000011e-09              0           1     -1
     5     -1           0       1e+99 Resamp     -1     -1  2.5957002e+09         728860  0.00028079514              0           1     -1
     4      0           0         133   Coal      0     -1      307710.67      36.939262  0.00012004544      4165.0896       1.561     -1
     4      1         133       166.2   Coal      0     -1      162582.71      3.9680364  2.4406263e-05      20486.545      2.2459     -1
     4      2       166.2      207.68   Coal      0     -1      253888.22      4.1810842  1.6468209e-05      30361.529      2.5385     -1
     4      3      207.68      259.53   Coal      0     -1      398806.95      7.1518887   1.793321e-05      27881.233      2.5574     -1
     4      4      259.53      324.31   Coal      0     -1      624026.53      9.7351132   1.560048e-05      32050.297      3.2948     -1
     4      5      324.31      405.26   Coal      0     -1      964614.14      32.902299  3.4109285e-05      14658.765      4.3964     -1
     4      6      405.26      506.42   Coal      0     -1        1494950      47.819876  3.1987608e-05      15631.053      5.4176     -1
     4      7      506.42      632.82   Coal      0     -1      2308203.4      108.61088  4.7054291e-05      10626.023      6.1049     -1
     4      8      632.82      790.79   Coal      0     -1      3541600.8      228.25461  6.4449558e-05      7758.0051      6.4969     -1
     4      9      790.79      988.18   Coal      0     -1      5404181.7      278.39497  5.1514732e-05      9705.9615      8.1431     -1
     4     10      988.18      1234.8   Coal      0     -1      8243406.6      416.13507  5.0480958e-05      9904.7248      12.004     -1
     4     11      1234.8      1543.1   Coal      0     -1       12550092      564.43701  4.4974732e-05      11117.354      13.071     -1
     4     12      1543.1      1928.2   Coal      0     -1       19114714      795.51948  4.1618174e-05      12013.982      12.742     -1
     4     13      1928.2      2409.6   Coal      0     -1       28911443      1103.0555  3.8152903e-05      13105.163      18.965     -1
     4     14      2409.6        3011   Coal      0     -1       43730355        1501.02  3.4324442e-05      14566.879      19.156     -1
     4     15        3011      3762.6   Coal      0     -1       65620894        2227.24  3.3941019e-05      14731.438      24.218     -1
     4     16      3762.6      4701.8   Coal      0     -1       97776488      3289.0088  3.3638034e-05      14864.127      28.958     -1
     4     17      4701.8      5875.5   Coal      0     -1  1.4372013e+08        5037.68  3.5052014e-05      14264.516      30.591     -1
     4     18      5875.5      7342.1   Coal      0     -1   2.109028e+08        5568.62  2.6403727e-05       18936.72      40.411     -1
     4     19      7342.1      9174.7   Coal      0     -1  3.1174677e+08        6276.15  2.0132206e-05      24835.828      47.715     -1
     4     20      9174.7       11465   Coal      0     -1   4.638897e+08        7878.29   1.698311e-05      29441.015      60.642     -1
     4     21       11465       14327   Coal      0     -1  6.8449529e+08       10848.11  1.5848334e-05      31549.058      68.169     -1
     4     22       14327       17903   Coal      0     -1  9.8944144e+08       16613.25  1.6790534e-05      29778.684      82.474     -1
     4     23       17903       22372   Coal      0     -1  1.3656087e+09       27784.63  2.0345967e-05      24574.895      87.926     -1
     4     24       22372       27956   Coal      0     -1  1.7754001e+09       41350.27  2.3290677e-05      21467.818       105.5     -1
     4     25       27956       34934   Coal      0     -1  2.1265296e+09       58491.55  2.7505636e-05      18178.093      114.14     -1
     4     26       34934       43654   Coal      0     -1  2.3215098e+09       70972.88  3.0571863e-05      16354.908      115.43     -1
     4     27       43654       54551   Coal      0     -1  2.2739698e+09       79747.85  3.5069881e-05      14257.248      111.48     -1
     4     28       54551       68167   Coal      0     -1  1.9828148e+09       73451.19  3.7043898e-05        13497.5      94.719     -1
     4     29       68167       85183   Coal      0     -1  1.6217506e+09        57200.5  3.5270836e-05      14176.018      79.847     -1
     4     30       85183  1.0645e+05   Coal      0     -1  1.5142501e+09       29413.09  1.9424195e-05      25741.092      71.143     -1
     4     31  1.0645e+05  1.3302e+05   Coal      0     -1  1.5312244e+09       29136.42  1.9028185e-05      26276.811      72.941     -1
     4     32  1.3302e+05       1e+99   Coal      0     -1  3.4313386e+09       64441.07  1.8780155e-05      26623.849      56.291     -1
     4     -1           0       1e+99  Delay     -1     -1  2.5957002e+09              0              0              0           1     -1
     4     -1           0       1e+99   LogL     -1     -1              1      -15785305      -15785305              0           1     -1
     4     -1           0       1e+99 Recomb     -1     -1           4323  1.2969005e-05  3.0000011e-09              0           1     -1
     4     -1           0       1e+99 Resamp     -1     -1  2.5957002e+09         726649  0.00027994334              0           1     -1
     3      0           0         133   Coal      0     -1      308852.48      30.723022  9.9474747e-05      5026.4013      1.5956     -1
     3      1         133       166.2   Coal      0     -1      166268.21      3.0329637  1.8241393e-05      27410.188      2.3043     -1
     3      2       166.2      207.68   Coal      0     -1      258607.67      2.8587889   1.105454e-05      45230.284       2.837     -1
     3      3      207.68      259.53   Coal      0     -1      403106.98      10.263925  2.5462037e-05      19637.078       2.888     -1
     3      4      259.53      324.31   Coal      0     -1      627268.42      11.282445  1.7986629e-05      27798.427      3.6719     -1
     3      5      324.31      405.26   Coal      0     -1      967759.33      28.011087   2.894427e-05      17274.577      4.2209     -1
     3      6      405.26      506.42   Coal      0     -1      1505454.6      45.321285  3.0104718e-05      16608.692      4.4691     -1
     3      7      506.42      632.82   Coal      0     -1      2323970.3      98.912787  4.2561983e-05      11747.573      6.4052     -1
     3      8      632.82      790.79   Coal      0     -1      3555933.5      223.22452  6.2775224e-05      7964.9258      6.9616     -1
     3      9      790.79      988.18   Coal      0     -1      5436588.1       277.4744  5.1038334e-05      9796.5581      7.8287     -1
     3     10      988.18      1234.8   Coal      0     -1      8285942.3      406.73285  4.9087096e-05      10185.976      11.283     -1
     3     11      1234.8      1543.1   Coal      0     -1       12604900      556.45097   4.414561e-05      11326.155      12.627     -1
     3     12      1543.1      1928.2   Coal      0     -1       19153873      789.18477   4.120236e-05      12135.227      14.635     -1
     3     13      1928.2      2409.6   Coal      0     -1       28955709      1122.3134  3.8759659e-05       12900.01      18.012     -1
     3     14      2409.6        3011   Coal      0     -1       43768988      1539.4309  3.5171727e-05      14215.964      18.911     -1
     3     15        3011      3762.6   Coal      0     -1       65583742        2278.44  3.4740927e-05      14392.247      24.153     -1
     3     16      3762.6      4701.8   Coal      0     -1       97494951        3374.93  3.4616459e-05      14443.996      28.348     -1
     3     17      4701.8      5875.5   Coal      0     -1  1.4307806e+08        5180.36  3.6206529e-05      13809.664      32.029     -1
     3     18      5875.5      7342.1   Coal      0     -1  2.0988498e+08        5630.27  2.6825502e-05       18638.98      39.265     -1
     3     19      7342.1      9174.7   Coal      0     -1  3.1019707e+08        6302.63  2.0318148e-05      24608.542      48.539     -1
     3     20      9174.7       11465   Coal      0     -1   4.618546e+08        7802.59   1.689404e-05      29596.236      59.593     -1
     3     21       11465       14327   Coal      0     -1  6.8254943e+08       10636.75  1.5583853e-05      32084.491       65.92     -1
     3     22       14327       17903   Coal      0     -1  9.8957258e+08       16296.41   1.646813e-05      30361.674      85.459     -1
     3     23       17903       22372   Coal      0     -1  1.3694405e+09       27221.85  1.9878082e-05      25153.333      88.329     -1
     3     24       22372       27956   Coal      0     -1  1.7861709e+09       40846.17  2.2868008e-05      21864.607      104.26     -1
     3     25       27956       34934   Coal      0     -1  2.1453665e+09       58226.51  2.7140589e-05      18422.592      111.61     -1
     3     26       34934       43654   Coal      0     -1  2.3525173e+09       71404.08  3.0352202e-05      16473.269      119.43     -1
     3     27       43654       54551   Coal      0     -1   2.296602e+09       80589.49  3.5090751e-05      14248.769      112.39     -1
     3     28       54551       68167   Coal      0     -1  1.9961443e+09       74371.53  3.7257592e-05      13420.083      95.082     -1
     3     29       68167       85183   Coal      0     -1  1.6217165e+09       57954.24  3.5736358e-05      13991.353      80.353     -1
     3     30       85183  1.0645e+05   Coal      0     -1  1.5004265e+09       29656.98    1.97657e-05      25296.346      71.727     -1
     3     31  1.0645e+05  1.3302e+05   Coal      0     -1  1.5033373e+09        29201.3  1.9424317e-05      25740.931      72.362     -1
     3     32  1.3302e+05       1e+99   Coal      0     -1  3.2713139e+09        62823.6  1.9204394e-05      26035.709      53.724     -1
     3     -1           0       1e+99  Delay     -1     -1  2.5957002e+09              0              0              0           1     -1
     3     -1           0       1e+99   LogL     -1     -1              1      -15785567      -15785567              0           1     -1
     3     -1           0       1e+99 Recomb     -1     -1           4323  1.2969005e-05  3.0000011e-09              0           1     -1
     3     -1           0       1e+99 Resamp     -1     -1  2.5957002e+09         722705  0.00027842391              0           1     -1
     2      0           0         133   Coal      0     -1      311767.14      19.298565  6.1900575e-05      8077.4693      1.6446     -1
     2      1         133       166.2   Coal      0     -1      165404.12      2.5144474  1.5201842e-05       32890.75      2.3015     -1
     2      2       166.2      207.68   Coal      0     -1      256972.87      3.2060701  1.2476298e-05      40075.991      2.4949     -1
     2      3      207.68      259.53   Coal      0     -1      400082.69      7.7246971  1.9307751e-05      25896.335      3.0235     -1
     2      4      259.53      324.31   Coal      0     -1       621858.6      10.934926  1.7584264e-05      28434.515      4.0375     -1
     2      5      324.31      405.26   Coal      0     -1      959994.54      23.880577  2.4875742e-05      20099.903      4.3264     -1
     2      6      405.26      506.42   Coal      0     -1      1490527.7      44.041609  2.9547662e-05      16921.813      4.9081     -1
     2      7      506.42      632.82   Coal      0     -1      2310715.9       87.77104  3.7984349e-05      13163.316       6.775     -1
     2      8      632.82      790.79   Coal      0     -1      3553290.6      207.75267  5.8467684e-05      8551.7325      7.1888     -1
     2      9      790.79      988.18   Coal      0     -1      5428285.7      275.38275  5.0731071e-05      9855.8929      7.6013     -1
     2     10      988.18      1234.8   Coal      0     -1      8280237.3      401.64626  4.8506612e-05      10307.873      10.373     -1
     2     11      1234.8      1543.1   Coal      0     -1       12624487       561.8389  4.4503898e-05      11234.971      13.246     -1
     2     12      1543.1      1928.2   Coal      0     -1       19215476      785.35974   4.087121e-05       12233.55      15.507     -1
     2     13      1928.2      2409.6   Coal      0     -1       29107547      1138.1314  3.9100903e-05      12787.429      15.751     -1
     2     14      2409.6        3011   Coal      0     -1       43858769       1596.038  3.6390398e-05      13739.888      20.964     -1
     2     15        3011      3762.6   Coal      0     -1       65522947        2356.77   3.596862e-05      13901.006      25.828     -1
     2     16      3762.6      4701.8   Coal      0     -1       97221880        3493.63  3.5934606e-05      13914.164      30.665     -1
     2     17      4701.8      5875.5   Coal      0     -1  1.4247027e+08        5284.23  3.7090055e-05      13480.702      32.297     -1
     2     18      5875.5      7342.1   Coal      0     -1  2.0884435e+08        5701.08  2.7298225e-05       18316.21      38.677     -1
     2     19      7342.1      9174.7   Coal      0     -1  3.0878548e+08        6327.39  2.0491216e-05      24400.699      49.825     -1
     2     20      9174.7       11465   Coal      0     -1  4.5993219e+08        7697.35  1.6735837e-05      29876.008      58.425     -1
     2     21       11465       14327   Coal      0     -1  6.8096012e+08       10394.68  1.5264741e-05      32755.223      66.035     -1
     2     22       14327       17903   Coal      0     -1  9.8996783e+08       15935.65  1.6097139e-05       31061.42      85.475     -1
     2     23       17903       22372   Coal      0     -1  1.3749213e+09        26618.4  1.9359944e-05      25826.521      90.158     -1
     2     24       22372       27956   Coal      0     -1  1.7997641e+09       40241.14  2.2359119e-05       22362.24      104.01     -1
     2     25       27956       34934   Coal      0     -1   2.167796e+09       57893.72  2.6706259e-05      18722.203      109.95     -1
     2     26       34934       43654   Coal      0     -1  2.3798568e+09       71748.73   3.014834e-05      16584.661      118.48     -1
     2     27       43654       54551   Coal      0     -1  2.3240617e+09       81553.39  3.5090889e-05      14248.713      114.82     -1
     2     28       54551       68167   Coal      0     -1  2.0100874e+09       75420.57  3.7521039e-05      13325.857      98.222     -1
     2     29       68167       85183   Coal      0     -1  1.6193445e+09       58751.72  3.6281173e-05      13781.252      84.019     -1
     2     30       85183  1.0645e+05   Coal      0     -1  1.4825288e+09       29898.55  2.0167265e-05      24792.653      73.098     -1
     2     31  1.0645e+05  1.3302e+05   Coal      0     -1  1.4713914e+09       29257.05  1.9883935e-05      25145.928       72.57     -1
     2     32  1.3302e+05       1e+99   Coal      0     -1  3.1031905e+09       61192.67  1.9719276e-05        25355.9      55.548     -1
     2     -1           0       1e+99  Delay     -1     -1  2.5957002e+09              0              0              0           1     -1
     2     -1           0       1e+99   LogL     -1     -1              1      -15785950      -15785950              0           1     -1
     2     -1           0       1e+99 Recomb     -1     -1           4323  1.2969005e-05  3.0000011e-09              0           1     -1
     2     -1           0       1e+99 Resamp     -1     -1  2.5957002e+09         719035  0.00027701003              0           1     -1
     1      0           0         133   Coal      0     -1      303437.41      13.889053  4.5772383e-05      10923.617      1.4987     -1
     1      1         133       166.2   Coal      0     -1      163057.04       2.658232  1.6302467e-05      30670.205      2.5554     -1
     1      2       166.2      207.68   Coal      0     -1      255772.14      4.0555732  1.5856196e-05      31533.414       2.539     -1
     1      3      207.68      259.53   Coal      0     -1      401767.97      5.7573109   1.432994e-05      34891.982      3.0648     -1
     1      4      259.53      324.31   Coal      0     -1      622994.73      9.2901767  1.4912127e-05      33529.757      4.0676     -1
     1      5      324.31      405.26   Coal      0     -1      967375.16      18.557063  1.9182903e-05      26064.877      4.0917     -1
     1      6      405.26      506.42   Coal      0     -1      1489241.5      37.820004   2.539548e-05      19688.543      5.5464     -1
     1      7      506.42      632.82   Coal      0     -1      2308382.2      80.137633  3.4715929e-05       14402.61      5.2998     -1
     1      8      632.82      790.79   Coal      0     -1      3563792.5      187.19258  5.2526228e-05       9519.054      7.8403     -1
     1      9      790.79      988.18   Coal      0     -1      5455918.9      261.83661  4.7991294e-05      10418.556      8.3889     -1
     1     10      988.18      1234.8   Coal      0     -1      8334947.9      384.60685  4.6143881e-05      10835.673      9.9093     -1
     1     11      1234.8      1543.1   Coal      0     -1       12701720      545.23482  4.2926062e-05      11647.935      13.528     -1
     1     12      1543.1      1928.2   Coal      0     -1       19310558      789.22688  4.0870226e-05      12233.845      15.279     -1
     1     13      1928.2      2409.6   Coal      0     -1       29222196      1162.5905  3.9784502e-05      12567.708      15.378     -1
     1     14      2409.6        3011   Coal      0     -1       43902518      1657.9845  3.7765134e-05      13239.725      19.297     -1
     1     15        3011      3762.6   Coal      0     -1       65494624      2465.6451  3.7646526e-05      13281.438      25.721     -1
     1     16      3762.6      4701.8   Coal      0     -1       96990383         3633.4  3.7461446e-05      13347.056      28.637     -1
     1     17      4701.8      5875.5   Coal      0     -1  1.4175266e+08        5418.53  3.8225245e-05      13080.361      31.249     -1
     1     18      5875.5      7342.1   Coal      0     -1  2.0756454e+08        5772.17  2.7809037e-05      17979.767      37.592     -1
     1     19      7342.1      9174.7   Coal      0     -1  3.0684054e+08        6305.94  2.0551196e-05      24329.485      48.874     -1
     1     20      9174.7       11465   Coal      0     -1  4.5771301e+08        7575.33  1.6550392e-05      30210.764      58.697     -1
     1     21       11465       14327   Coal      0     -1  6.7928527e+08       10131.56   1.491503e-05      33523.232      67.894     -1
     1     22       14327       17903   Coal      0     -1  9.8966457e+08        15510.1  1.5672078e-05      31903.875       82.97     -1
     1     23       17903       22372   Coal      0     -1  1.3822762e+09       25961.65  1.8781811e-05      26621.501      98.333     -1
     1     24       22372       27956   Coal      0     -1  1.8175831e+09        39591.9  2.1782718e-05      22953.977      112.14     -1
     1     25       27956       34934   Coal      0     -1  2.1927663e+09       57456.31   2.620266e-05      19082.032      109.19     -1
     1     26       34934       43654   Coal      0     -1  2.4151236e+09       72141.61  2.9870773e-05       16738.77       117.6     -1
     1     27       43654       54551   Coal      0     -1  2.3500649e+09       82434.54  3.5077559e-05      14254.128      111.21     -1
     1     28       54551       68167   Coal      0     -1  2.0244932e+09       76557.17  3.7815474e-05        13222.1      98.291     -1
     1     29       68167       85183   Coal      0     -1  1.6165112e+09       59662.11  3.6907946e-05      13547.218      82.598     -1
     1     30       85183  1.0645e+05   Coal      0     -1  1.4620306e+09        30175.5  2.0639445e-05      24225.457      71.056     -1
     1     31  1.0645e+05  1.3302e+05   Coal      0     -1  1.4310329e+09       29243.76  2.0435422e-05       24467.32      69.582     -1
     1     32  1.3302e+05       1e+99   Coal      0     -1  2.9111143e+09       59175.63  2.0327484e-05       24597.24      54.176     -1
     1     -1           0       1e+99  Delay     -1     -1  2.5957002e+09              0              0              0           1     -1
     1     -1           0       1e+99   LogL     -1     -1              1      -15786159      -15786159              0           1     -1
     1     -1           0       1e+99 Recomb     -1     -1           4323  1.2969005e-05  3.0000011e-09              0           1     -1
     1     -1           0       1e+99 Resamp     -1     -1  2.5957002e+09         715246  0.00027555031              0           1     -1
     0      0           0         133   Coal      0     -1      300425.79      7.5031713  2.4975124e-05      20019.921       1.406     -1
     0      1         133       166.2   Coal      0     -1      161333.41      2.9440714  1.8248368e-05       27399.71      2.4242     -1
     0      2       166.2      207.68   Coal      0     -1      252055.06      3.3414087  1.3256662e-05      37716.886      2.6011     -1
     0      3      207.68      259.53   Coal      0     -1      395117.08      4.9759966  1.2593727e-05      39702.306      2.6474     -1
     0      4      259.53      324.31   Coal      0     -1      617964.37      6.6771424  1.0805061e-05      46274.614      3.7306     -1
     0      5      324.31      405.26   Coal      0     -1      964518.41      16.657421  1.7270195e-05      28951.613         3.8     -1
     0      6      405.26      506.42   Coal      0     -1      1495710.6      34.071654  2.2779576e-05      21949.487      6.2942     -1
     0      7      506.42      632.82   Coal      0     -1      2325517.3      64.541738  2.7753712e-05      18015.608      6.1294     -1
     0      8      632.82      790.79   Coal      0     -1      3588094.7      166.73459  4.6468838e-05      10759.899      6.6149     -1
     0      9      790.79      988.18   Coal      0     -1      5507737.9      247.07706  4.4859988e-05       11145.79      8.9471     -1
     0     10      988.18      1234.8   Coal      0     -1      8406288.8      365.88978   4.352572e-05      11487.461      10.289     -1
     0     11      1234.8      1543.1   Coal      0     -1       12830228      539.00536  4.2010583e-05      11901.763      11.442     -1
     0     12      1543.1      1928.2   Coal      0     -1       19470520      794.74776  4.0818004e-05      12249.497      14.984     -1
     0     13      1928.2      2409.6   Coal      0     -1       29432161      1187.9083  4.0360892e-05       12388.23      15.752     -1
     0     14      2409.6        3011   Coal      0     -1       44183473       1736.469  3.9301323e-05      12722.218       20.09     -1
     0     15        3011      3762.6   Coal      0     -1       65652026        2580.66  3.9308155e-05      12720.007      25.246     -1
     0     16      3762.6      4701.8   Coal      0     -1       96845774        3801.67  3.9254888e-05      12737.267      30.353     -1
     0     17      4701.8      5875.5   Coal      0     -1  1.4114674e+08        5584.34  3.9564072e-05      12637.728      31.293     -1
     0     18      5875.5      7342.1   Coal      0     -1  2.0631416e+08        5860.41  2.8405272e-05      17602.366      39.476     -1
     0     19      7342.1      9174.7   Coal      0     -1  3.0506269e+08        6279.51  2.0584326e-05      24290.326      49.317     -1
     0     20      9174.7       11465   Coal      0     -1  4.5547341e+08        7414.47  1.6278601e-05       30715.17      56.937     -1
     0     21       11465       14327   Coal      0     -1  6.7747106e+08        9803.56  1.4470817e-05      34552.298      66.858     -1
     0     22       14327       17903   Coal      0     -1  9.9002109e+08       15005.42  1.5156667e-05      32988.783      80.717     -1
     0     23       17903       22372   Coal      0     -1  1.3879286e+09       25245.17  1.8189099e-05      27488.992      94.127     -1
     0     24       22372       27956   Coal      0     -1  1.8358028e+09       38913.69  2.1197097e-05      23588.135      115.01     -1
     0     25       27956       34934   Coal      0     -1  2.2254493e+09       57003.16  2.5614226e-05      19520.403       111.2     -1
     0     26       34934       43654   Coal      0     -1  2.4516091e+09       72414.99  2.9537739e-05      16927.497      116.56     -1
     0     27       43654       54551   Coal      0     -1  2.3944231e+09        83831.3  3.5011063e-05        14281.2      116.55     -1
     0     28       54551       68167   Coal      0     -1  2.0475108e+09       77994.04  3.8092126e-05      13126.072      100.66     -1
     0     29       68167       85183   Coal      0     -1  1.6158168e+09       60778.01  3.7614419e-05      13292.775      84.408     -1
     0     30       85183  1.0645e+05   Coal      0     -1  1.4428862e+09       30558.84  2.1178968e-05      23608.327      71.982     -1
     0     31  1.0645e+05  1.3302e+05   Coal      0     -1  1.3893627e+09       29280.95  2.1075095e-05      23724.686      68.515     -1
     0     32  1.3302e+05       1e+99   Coal      0     -1  2.7207397e+09       57219.84  2.1030987e-05      23774.443      57.079     -1
     0     -1           0       1e+99  Delay     -1     -1  2.5957002e+09              0              0              0           1     -1
     0     -1           0       1e+99   LogL     -1     -1              1      -15786633      -15786633              0           1     -1
     0     -1           0       1e+99 Recomb     -1     -1           4323  1.2969005e-05  3.0000011e-09              0           1     -1
     0     -1           0       1e+99 Resamp     -1     -1  2.5957002e+09         711287  0.00027402509              0           1     -1
