  Iter  Epoch       Start         End   Type   From     To            Opp          Count           Rate             Ne         ESS  Clump
    10      0           0         133   Coal      0     -1      326848.23      68.794509  0.00021047845      2375.5401       1.548     -1
    10      1         133       166.2   Coal      0     -1       175662.7      5.2039925  2.9624914e-05      16877.686      2.5948     -1
    10      2       166.2      207.68   Coal      0     -1      274719.01      8.8468677  3.2203333e-05      15526.343      2.9474     -1
    10      3      207.68      259.53   Coal      0     -1      424021.57      19.027382  4.4873618e-05      11142.404      3.6054     -1
    10      4      259.53      324.31   Coal      0     -1       653084.9      36.451384  5.5814158e-05      8958.3005      4.1147     -1
    10      5      324.31      405.26   Coal      0     -1      1011049.5      32.613828  3.2257401e-05      15500.319      5.0808     -1
    10      6      405.26      506.42   Coal      0     -1      1569052.9      99.638487  6.3502311e-05      7873.7292      5.2761     -1
    10      7      506.42      632.82   Coal      0     -1      2394982.8      264.41294  0.00011040285      4528.8684      7.0278     -1
    10      8      632.82      790.79   Coal      0     -1      3568793.7       709.6322  0.00019884372      2514.5376      6.9319     -1
    10      9      790.79      988.18   Coal      0     -1      5173174.3      1119.1307  0.00021633347      2311.2467      9.5048     -1
    10     10      988.18      1234.8   Coal      0     -1      7296979.3      1732.8509   0.0002374751      2105.4839      10.469     -1
    10     11      1234.8      1543.1   Coal      0     -1       10015397      2326.0722  0.00023224962       2152.856      11.925     -1
    10     12      1543.1      1928.2   Coal      0     -1       13573556      2911.7754  0.00021451824      2330.8042      13.577     -1
    10     13      1928.2      2409.6   Coal      0     -1       18393569      3169.4965  0.00017231547      2901.6548       16.18     -1
    10     14      2409.6        3011   Coal      0     -1       25393292      3164.3786  0.00012461474      4012.3663      17.657     -1
    10     15        3011      3762.6   Coal      0     -1       36056289      3175.0376  8.8057806e-05      5678.0884      21.602     -1
    10     16      3762.6      4701.8   Coal      0     -1       52054769      3448.2754  6.6243218e-05      7547.9425      23.529     -1
    10     17      4701.8      5875.5   Coal      0     -1       75730465        3979.44  5.2547413e-05      9515.2163      29.937     -1
    10     18      5875.5      7342.1   Coal      0     -1  1.1203746e+08      3742.2113   3.340143e-05      14969.419      36.073     -1
    10     19      7342.1      9174.7   Coal      0     -1  1.6842423e+08      3715.2226  2.2058718e-05      22666.775      45.172     -1
    10     20      9174.7       11465   Coal      0     -1  2.5569548e+08      4516.3489  1.7662999e-05      28307.764      54.686     -1
    10     21       11465       14327   Coal      0     -1  3.8378124e+08      6181.6627  1.6107256e-05      31041.911      61.914     -1
    10     22       14327       17903   Coal      0     -1  5.6253081e+08      9634.2466  1.7126612e-05      29194.333      72.799     -1
    10     23       17903       22372   Coal      0     -1  7.8641642e+08      16116.649  2.0493785e-05      24397.641      82.813     -1
    10     24       22372       27956   Coal      0     -1  1.0332216e+09      24048.766  2.3275517e-05        21481.8      90.878     -1
    10     25       27956       34934   Coal      0     -1   1.257777e+09      34139.278  2.7142554e-05      18421.259      99.904     -1
    10     26       34934       43654   Coal      0     -1  1.3961696e+09      41602.849  2.9797848e-05      16779.735       99.16     -1
    10     27       43654       54551   Coal      0     -1  1.4035738e+09      47094.188  3.3553054e-05      14901.773      94.594     -1
    10     28       54551       68167   Coal      0     -1  1.2565333e+09      44698.584  3.5572941e-05      14055.627      81.295     -1
    10     29       68167       85183   Coal      0     -1  1.0406277e+09      35411.817  3.4029287e-05      14693.226      66.776     -1
    10     30       85183  1.0645e+05   Coal      0     -1  1.0001239e+09      18322.613  1.8320343e-05      27292.065      62.763     -1
    10     31  1.0645e+05  1.3302e+05   Coal      0     -1  1.0313944e+09      18509.569   1.794616e-05      27861.114      62.208     -1
    10     32  1.3302e+05       1e+99   Coal      0     -1  2.4643703e+09      43588.267  1.7687386e-05      28268.734       49.03     -1
    10     -1           0       1e+99  Delay     -1     -1   2.588217e+09              0              0              0           1     -1
    10     -1           0       1e+99   LogL     -1     -1              1     -9700525.8     -9700525.8              0           1     -1
    10     -1           0       1e+99 Recomb     -1     -1           4521  1.3563005e-05   3.000001e-09              0           1     -1
    10     -1           0       1e+99 Resamp     -1     -1   2.588217e+09         461742  0.00017840158              0           1     -1
     9      0           0         133   Coal      0     -1      321655.88       67.98435   0.0002113574      2365.6612      1.5999     -1
     9      1         133       166.2   Coal      0     -1      173730.29      5.7986594  3.3377365e-05      14980.212      2.8874     -1
     9      2       166.2      207.68   Coal      0     -1      270059.57      7.0759796  2.6201551e-05       19082.84      3.4017     -1
     9      3      207.68      259.53   Coal      0     -1      419815.78      19.440978  4.6308355e-05      10797.188       3.555     -1
     9      4      259.53      324.31   Coal      0     -1      651779.99      37.283532  5.7202634e-05      8740.8562      4.0592     -1
     9      5      324.31      405.26   Coal      0     -1      1017575.7      36.873034  3.6236156e-05      13798.373      4.5691     -1
     9      6      405.26      506.42   Coal      0     -1      1575586.1      101.72983  6.4566338e-05      7743.9733      5.2623     -1
     9      7      506.42      632.82   Coal      0     -1      2415928.3      267.69141  0.00011080271      4512.5249      7.1524     -1
     9      8      632.82      790.79   Coal      0     -1        3585260      726.79007  0.00020271614      2466.5031      6.8959     -1
     9      9      790.79      988.18   Coal      0     -1      5163179.7      1126.1249  0.00021810687      2292.4542      9.7175     -1
     9     10      988.18      1234.8   Coal      0     -1      7278523.7      1723.0828  0.00023673521      2112.0644      10.495     -1
     9     11      1234.8      1543.1   Coal      0     -1       10020520       2288.615  0.00022839284      2189.2105      11.953     -1
     9     12      1543.1      1928.2   Coal      0     -1       13596115      2858.0819  0.00021021313      2378.5384      14.315     -1
     9     13      1928.2      2409.6   Coal      0     -1       18452375      3133.6268  0.00016982241      2944.2521      16.508     -1
     9     14      2409.6        3011   Coal      0     -1       25510075      3137.5397  0.00012299218      4065.2992      18.267     -1
     9     15        3011      3762.6   Coal      0     -1       36210055      3187.0754  8.8016311e-05      5680.7653      21.119     -1
     9     16      3762.6      4701.8   Coal      0     -1       52189972      3487.6412  6.6825887e-05      7482.1304      25.606     -1
     9     17      4701.8      5875.5   Coal      0     -1       75802295      4034.5708  5.3224916e-05      9394.0966       29.08     -1
     9     18      5875.5      7342.1   Coal      0     -1  1.1199408e+08      3810.8456  3.4027207e-05      14694.124      37.093     -1
     9     19      7342.1      9174.7   Coal      0     -1  1.6799355e+08      3750.6651  2.2326244e-05      22395.168      45.024     -1
     9     20      9174.7       11465   Coal      0     -1  2.5539484e+08      4543.0687  1.7788412e-05      28108.186      56.069     -1
     9     21       11465       14327   Coal      0     -1  3.8331854e+08      6161.9365  1.6075237e-05       31103.74      64.458     -1
     9     22       14327       17903   Coal      0     -1  5.6220226e+08      9567.8476  1.7018515e-05      29379.767      73.812     -1
     9     23       17903       22372   Coal      0     -1  7.8633848e+08      15991.332  2.0336448e-05      24586.397      82.724     -1
     9     24       22372       27956   Coal      0     -1  1.0372968e+09      23954.784   2.309347e-05      21651.142      95.616     -1
     9     25       27956       34934   Coal      0     -1  1.2608372e+09      34092.852  2.7039852e-05      18491.226       101.2     -1
     9     26       34934       43654   Coal      0     -1  1.4033593e+09      41776.981   2.976927e-05      16795.844      102.61     -1
     9     27       43654       54551   Coal      0     -1  1.4061984e+09      47316.097  3.3648237e-05      14859.619      96.394     -1
     9     28       54551       68167   Coal      0     -1  1.2577618e+09      44868.788  3.5673519e-05      14015.999      82.601     -1
     9     29       68167       85183   Coal      0     -1  1.0376253e+09      35416.092   3.413187e-05      14649.065      66.981     -1
     9     30       85183  1.0645e+05   Coal      0     -1  9.9835937e+08      18383.424  1.8413634e-05      27153.793      63.741     -1
     9     31  1.0645e+05  1.3302e+05   Coal      0     -1  1.0240361e+09      18549.526  1.8114134e-05      27602.755      65.174     -1
     9     32  1.3302e+05       1e+99   Coal      0     -1  2.4188145e+09      43173.143  1.7848885e-05      28012.954       52.65     -1
     9     -1           0       1e+99  Delay     -1     -1   2.588217e+09              0              0              0           1     -1
     9     -1           0       1e+99   LogL     -1     -1              1     -9700546.6     -9700546.6              0           1     -1
     9     -1           0       1e+99 Recomb     -1     -1           4521  1.3563005e-05   3.000001e-09              0           1     -1
     9     -1           0       1e+99 Resamp     -1     -1   2.588217e+09         460983  0.00017810833              0           1     -1
     8      0           0         133   Coal      0     -1      329511.75      61.863414  0.00018774266      2663.2199      1.6077     -1
     8      1         133       166.2   Coal      0     -1      170857.81      6.7723961  3.9637615e-05      12614.281      2.7389     -1
     8      2       166.2      207.68   Coal      0     -1      267677.85       6.622418  2.4740254e-05      20209.979      3.0282     -1
     8      3      207.68      259.53   Coal      0     -1      419773.18       14.57419  3.4719203e-05      14401.252      3.3142     -1
     8      4      259.53      324.31   Coal      0     -1      653105.54      36.188936  5.5410548e-05      9023.5526      4.0943     -1
     8      5      324.31      405.26   Coal      0     -1      1016160.8      37.889838  3.7287245e-05      13409.411      5.0315     -1
     8      6      405.26      506.42   Coal      0     -1      1568450.7      99.766734  6.3608461e-05      7860.5895      5.4604     -1
     8      7      506.42      632.82   Coal      0     -1      2399394.1      268.89913   0.0001120696      4461.5133      6.8557     -1
     8      8      632.82      790.79   Coal      0     -1      3569542.3      747.36595  0.00020937305      2388.0819      7.0483     -1
     8      9      790.79      988.18   Coal      0     -1      5144299.4      1129.0557  0.00021947706      2278.1424      9.3942     -1
     8     10      988.18      1234.8   Coal      0     -1      7262466.9      1708.8014  0.00023529215      2125.0178      10.368     -1
     8     11      1234.8      1543.1   Coal      0     -1       10036430      2248.6797  0.00022405174      2231.6274      11.538     -1
     8     12      1543.1      1928.2   Coal      0     -1       13652165      2797.9257  0.00020494373      2439.6941      13.843     -1
     8     13      1928.2      2409.6   Coal      0     -1       18560653       3066.614  0.00016522124      3026.2453      16.138     -1
     8     14      2409.6        3011   Coal      0     -1       25739720      3116.9161  0.00012109363      4129.0364       17.49     -1
     8     15        3011      3762.6   Coal      0     -1       36511732       3210.995  8.7944199e-05      5685.4234      20.603     -1
     8     16      3762.6      4701.8   Coal      0     -1       52515711         3517.3  6.6976147e-05      7465.3443      25.376     -1
     8     17      4701.8      5875.5   Coal      0     -1       76053699      4114.1823  5.4095755e-05      9242.8695      28.855     -1
     8     18      5875.5      7342.1   Coal      0     -1  1.1217293e+08      3860.1017  3.4412061e-05      14529.789      37.543     -1
     8     19      7342.1      9174.7   Coal      0     -1  1.6803043e+08      3808.7046  2.2666754e-05      22058.738       45.84     -1
     8     20      9174.7       11465   Coal      0     -1  2.5477016e+08      4559.4512  1.7896331e-05      27938.687      55.327     -1
     8     21       11465       14327   Coal      0     -1  3.8299842e+08      6153.0044  1.6065352e-05      31122.878      64.592     -1
     8     22       14327       17903   Coal      0     -1  5.6286542e+08      9508.6275  1.6893252e-05      29597.617      77.076     -1
     8     23       17903       22372   Coal      0     -1  7.8699308e+08      15850.608  2.0140721e-05      24825.327      82.706     -1
     8     24       22372       27956   Coal      0     -1  1.0391832e+09      23821.815  2.2923594e-05      21811.589      94.397     -1
     8     25       27956       34934   Coal      0     -1  1.2653534e+09      34051.663  2.6910793e-05      18579.906      100.65     -1
     8     26       34934       43654   Coal      0     -1  1.4081969e+09      41907.354  2.9759585e-05       16801.31      102.55     -1
     8     27       43654       54551   Coal      0     -1  1.4087589e+09      47551.543  3.3754208e-05      14812.968       97.15     -1
     8     28       54551       68167   Coal      0     -1  1.2547254e+09      44965.666  3.5837057e-05      13952.038      82.328     -1
     8     29       68167       85183   Coal      0     -1  1.0329289e+09       35381.97  3.4254022e-05      14596.826      66.645     -1
     8     30       85183  1.0645e+05   Coal      0     -1  9.9314472e+08      18403.125  1.8530154e-05      26983.046      62.643     -1
     8     31  1.0645e+05  1.3302e+05   Coal      0     -1  1.0202685e+09      18633.012  1.8262852e-05      27377.981      63.895     -1
     8     32  1.3302e+05       1e+99   Coal      0     -1  2.3735925e+09      42742.165  1.8007373e-05      27766.405      52.532     -1
     8     -1           0       1e+99  Delay     -1     -1   2.588217e+09              0              0              0           1     -1
     8     -1           0       1e+99   LogL     -1     -1              1     -9700616.6     -9700616.6              0           1     -1
     8     -1           0       1e+99 Recomb     -1     -1           4521  1.3563005e-05   3.000001e-09              0           1     -1
     8     -1           0       1e+99 Resamp     -1     -1   2.588217e+09         459995   0.0001777266              0           1     -1
     7      0           0         133   Coal      0     -1      326912.36       69.96464   0.0002140165      2336.2684      1.5408     -1
     7      1         133       166.2   Coal      0     -1      172757.58      6.6320277  3.8389214e-05      13024.492      2.7531     -1
     7      2       166.2      207.68   Coal      0     -1      269473.18      10.532866  3.9086882e-05      12792.015      3.0619     -1
     7      3      207.68      259.53   Coal      0     -1      421893.76      15.636154  3.7061828e-05       13490.97      3.1809     -1
     7      4      259.53      324.31   Coal      0     -1      656200.82      39.878158  6.0771271e-05      8227.5719      4.3934     -1
     7      5      324.31      405.26   Coal      0     -1      1017241.4      44.202012  4.3452826e-05      11506.732       4.946     -1
     7      6      405.26      506.42   Coal      0     -1      1568581.2      104.58234  6.6673209e-05       7499.264      6.0849     -1
     7      7      506.42      632.82   Coal      0     -1      2397267.5      281.38473  0.00011737728      4259.7683      6.7344     -1
     7      8      632.82      790.79   Coal      0     -1      3553042.5      748.94917  0.00021079094      2372.0184      7.1176     -1
     7      9      790.79      988.18   Coal      0     -1      5127896.8      1114.0538  0.00021725354      2301.4584      9.3027     -1
     7     10      988.18      1234.8   Coal      0     -1        7228451      1688.5061  0.00023359168      2140.4872      10.717     -1
     7     11      1234.8      1543.1   Coal      0     -1       10004781      2203.5049  0.00022024518      2270.1972      12.274     -1
     7     12      1543.1      1928.2   Coal      0     -1       13688198      2727.4766  0.00019925754      2509.3153      14.341     -1
     7     13      1928.2      2409.6   Coal      0     -1       18710842       2995.729  0.00016010658      3122.9197      15.839     -1
     7     14      2409.6        3011   Coal      0     -1       25981119      3094.7322  0.00011911466       4197.636      18.682     -1
     7     15        3011      3762.6   Coal      0     -1       36813718      3233.4558  8.7832905e-05      5692.6274      19.979     -1
     7     16      3762.6      4701.8   Coal      0     -1       52881361      3561.2844  6.7344794e-05      7424.4789      25.296     -1
     7     17      4701.8      5875.5   Coal      0     -1       76360736       4180.629  5.4748412e-05      9132.6851      29.056     -1
     7     18      5875.5      7342.1   Coal      0     -1  1.1216233e+08      3933.1725  3.5066786e-05      14258.507      36.156     -1
     7     19      7342.1      9174.7   Coal      0     -1  1.6782951e+08       3852.932  2.2957417e-05      21779.454      45.859     -1
     7     20      9174.7       11465   Coal      0     -1  2.5434159e+08       4576.704   1.799432e-05      27786.546      53.752     -1
     7     21       11465       14327   Coal      0     -1  3.8274409e+08      6141.6103  1.6046258e-05      31159.913      64.538     -1
     7     22       14327       17903   Coal      0     -1  5.6333774e+08      9456.8381  1.6787155e-05      29784.677      78.852     -1
     7     23       17903       22372   Coal      0     -1   7.879082e+08      15718.069  1.9949112e-05      25063.772      83.488     -1
     7     24       22372       27956   Coal      0     -1  1.0406256e+09      23692.457  2.2767513e-05      21961.116       93.07     -1
     7     25       27956       34934   Coal      0     -1  1.2690123e+09      33979.397  2.6776256e-05       18673.26      100.64     -1
     7     26       34934       43654   Coal      0     -1  1.4155287e+09      42091.853  2.9735781e-05      16814.759      104.71     -1
     7     27       43654       54551   Coal      0     -1  1.4135798e+09      47856.833  3.3855062e-05       14768.84       97.98     -1
     7     28       54551       68167   Coal      0     -1  1.2495845e+09       44966.39  3.5985075e-05      13894.649      80.087     -1
     7     29       68167       85183   Coal      0     -1  1.0312948e+09       35508.42  3.4430913e-05      14521.834      65.777     -1
     7     30       85183  1.0645e+05   Coal      0     -1  9.8994897e+08      18519.276  1.8707304e-05      26727.528      64.206     -1
     7     31  1.0645e+05  1.3302e+05   Coal      0     -1   1.004947e+09       18574.18  1.8482745e-05      27052.259      62.695     -1
     7     32  1.3302e+05       1e+99   Coal      0     -1  2.3186298e+09       42184.14  1.8193564e-05      27482.246      49.409     -1
     7     -1           0       1e+99  Delay     -1     -1   2.588217e+09              0              0              0           1     -1
     7     -1           0       1e+99   LogL     -1     -1              1     -9700623.6     -9700623.6              0           1     -1
     7     -1           0       1e+99 Recomb     -1     -1           4521  1.3563005e-05   3.000001e-09              0           1     -1
     7     -1           0       1e+99 Resamp     -1     -1   2.588217e+09         459233  0.00017743219              0           1     -1
     6      0           0         133   Coal      0     -1      333815.36       72.36759  0.00021678927      2306.3872      1.5914     -1
     6      1         133       166.2   Coal      0     -1      174009.83      4.6250563  2.6579282e-05      18811.645      2.6865     -1
     6      2       166.2      207.68   Coal      0     -1      272036.13      12.346619  4.5385952e-05      11016.625      3.0941     -1
     6      3      207.68      259.53   Coal      0     -1      424671.85      17.676592  4.1624121e-05      12012.266      3.6218     -1
     6      4      259.53      324.31   Coal      0     -1      663055.46      41.005086  6.1842619e-05      8085.0393      4.0243     -1
     6      5      324.31      405.26   Coal      0     -1      1025777.5      41.574374  4.0529623e-05      12336.656       5.061     -1
     6      6      405.26      506.42   Coal      0     -1      1587384.4      110.44014  6.9573659e-05      7186.6279      5.3655     -1
     6      7      506.42      632.82   Coal      0     -1      2408591.4      292.50835  0.00012144374      4117.1327       7.164     -1
     6      8      632.82      790.79   Coal      0     -1      3550852.7      743.33857  0.00020934086      2388.4491      7.5002     -1
     6      9      790.79      988.18   Coal      0     -1      5135509.6      1101.8149  0.00021454831      2330.4775      9.1514     -1
     6     10      988.18      1234.8   Coal      0     -1      7253146.5      1633.5057   0.0002252134      2220.1166      10.953     -1
     6     11      1234.8      1543.1   Coal      0     -1       10068998      2158.1646  0.00021433757      2332.7688      12.588     -1
     6     12      1543.1      1928.2   Coal      0     -1       13804982      2654.4813   0.0001922843      2600.3163      12.523     -1
     6     13      1928.2      2409.6   Coal      0     -1       18925774      2938.0101  0.00015523857      3220.8491      15.539     -1
     6     14      2409.6        3011   Coal      0     -1       26272478      3055.7644  0.00011631048      4298.8389      18.248     -1
     6     15        3011      3762.6   Coal      0     -1       37223655      3230.5834  8.6788452e-05      5761.1351      20.709     -1
     6     16      3762.6      4701.8   Coal      0     -1       53293839      3600.5875  6.7561045e-05      7400.7144      26.718     -1
     6     17      4701.8      5875.5   Coal      0     -1       76733608      4262.7399  5.5552449e-05      9000.5032      28.664     -1
     6     18      5875.5      7342.1   Coal      0     -1  1.1260131e+08      3992.9155  3.5460649e-05      14100.137       37.77     -1
     6     19      7342.1      9174.7   Coal      0     -1  1.6798364e+08      3909.4893  2.3273036e-05       21484.09      43.798     -1
     6     20      9174.7       11465   Coal      0     -1  2.5457816e+08      4611.1043  1.8112725e-05      27604.902      55.035     -1
     6     21       11465       14327   Coal      0     -1  3.8303597e+08      6131.4582  1.6007526e-05      31235.308      67.776     -1
     6     22       14327       17903   Coal      0     -1  5.6150219e+08      9367.0617  1.6682146e-05      29972.163       74.62     -1
     6     23       17903       22372   Coal      0     -1   7.905926e+08      15631.495  1.9771871e-05      25288.451      88.713     -1
     6     24       22372       27956   Coal      0     -1   1.044189e+09      23568.568  2.2571171e-05      22152.151      97.154     -1
     6     25       27956       34934   Coal      0     -1   1.272906e+09      33904.893  2.6635818e-05      18771.715      102.14     -1
     6     26       34934       43654   Coal      0     -1   1.424448e+09      42347.344   2.972895e-05      16818.623      108.99     -1
     6     27       43654       54551   Coal      0     -1  1.4129234e+09       48007.89  3.3977701e-05      14715.533      98.146     -1
     6     28       54551       68167   Coal      0     -1  1.2525306e+09      45232.478  3.6112873e-05      13845.478      83.508     -1
     6     29       68167       85183   Coal      0     -1  1.0298859e+09      35622.958  3.4589227e-05      14455.368      69.156     -1
     6     30       85183  1.0645e+05   Coal      0     -1  9.8313307e+08      18602.025  1.8921167e-05      26425.431      64.814     -1
     6     31  1.0645e+05  1.3302e+05   Coal      0     -1  9.8983711e+08      18525.607  1.8715814e-05      26715.376      62.406     -1
     6     32  1.3302e+05       1e+99   Coal      0     -1  2.2625432e+09       41702.72  1.8431789e-05      27127.046      51.854     -1
     6     -1           0       1e+99  Delay     -1     -1   2.588217e+09              0              0              0           1     -1
     6     -1           0       1e+99   LogL     -1     -1              1     -9700673.3     -9700673.3              0           1     -1
     6     -1           0       1e+99 Recomb     -1     -1           4521  1.3563005e-05   3.000001e-09              0           1     -1
     6     -1           0       1e+99 Resamp     -1     -1   2.588217e+09         458000   0.0001769558              0           1     -1
     5      0           0         133   Coal      0     -1      339008.49         68.634  0.00020245511      2469.6833      1.6443     -1
     5      1         133       166.2   Coal      0     -1      177732.79      3.7538452  2.1120724e-05      23673.431      2.9864     -1
     5      2       166.2      207.68   Coal      0     -1      277029.65      12.429034  4.4865355e-05      11144.457      3.1783     -1
     5      3      207.68      259.53   Coal      0     -1      428695.44      18.531191  4.3226938e-05      11566.861      3.7624     -1
     5      4      259.53      324.31   Coal      0     -1      665867.95      35.987149  5.4045474e-05      9251.4684       4.227     -1
     5      5      324.31      405.26   Coal      0     -1        1025286      48.633486  4.7434067e-05      10540.947      5.0095     -1
     5      6      405.26      506.42   Coal      0     -1      1584851.2      106.49876  6.7197958e-05      7440.7023      5.7913     -1
     5      7      506.42      632.82   Coal      0     -1      2413483.8      297.40522  0.00012322652      4057.5681      7.1475     -1
     5      8      632.82      790.79   Coal      0     -1        3566382      748.67349  0.00020992521      2381.8007       7.404     -1
     5      9      790.79      988.18   Coal      0     -1      5149595.5      1102.8298  0.00021415853      2334.7191      9.2748     -1
     5     10      988.18      1234.8   Coal      0     -1      7286708.3      1584.1716  0.00021740566      2299.8481      11.892     -1
     5     11      1234.8      1543.1   Coal      0     -1       10140044      2087.3908  0.00020585618      2428.8802      11.881     -1
     5     12      1543.1      1928.2   Coal      0     -1       13951097      2547.7298  0.00018261859      2737.9468       13.34     -1
     5     13      1928.2      2409.6   Coal      0     -1       19209695      2840.2319  0.00014785409      3381.7124      16.953     -1
     5     14      2409.6        3011   Coal      0     -1       26715442      3001.0309  0.00011233319      4451.0442      19.338     -1
     5     15        3011      3762.6   Coal      0     -1       37820933      3223.0491  8.5218657e-05      5867.2598      21.348     -1
     5     16      3762.6      4701.8   Coal      0     -1       54187693      3651.1398  6.7379504e-05      7420.6543      28.368     -1
     5     17      4701.8      5875.5   Coal      0     -1       77578539      4352.7572  5.6107749e-05       8911.425      29.546     -1
     5     18      5875.5      7342.1   Coal      0     -1  1.1322587e+08      4060.7795  3.5864415e-05      13941.396      35.713     -1
     5     19      7342.1      9174.7   Coal      0     -1  1.6948313e+08      3992.6129  2.3557583e-05      21224.588      43.282     -1
     5     20      9174.7       11465   Coal      0     -1  2.5506654e+08       4631.888  1.8159528e-05      27533.755      54.723     -1
     5     21       11465       14327   Coal      0     -1  3.8362618e+08      6121.5517  1.5957075e-05      31334.063      67.541     -1
     5     22       14327       17903   Coal      0     -1  5.6355962e+08      9323.6411  1.6544197e-05      30222.078      77.771     -1
     5     23       17903       22372   Coal      0     -1   7.958256e+08      15588.062  1.9587283e-05      25526.766      96.434     -1
     5     24       22372       27956   Coal      0     -1    1.04572e+09      23396.218  2.2373311e-05      22348.056      94.788     -1
     5     25       27956       34934   Coal      0     -1  1.2781182e+09      33853.995  2.6487375e-05      18876.918      101.75     -1
     5     26       34934       43654   Coal      0     -1  1.4247123e+09      42418.064  2.9773073e-05      16793.698      105.67     -1
     5     27       43654       54551   Coal      0     -1  1.4126886e+09      48167.726  3.4096493e-05      14664.265      97.688     -1
     5     28       54551       68167   Coal      0     -1  1.2516352e+09      45403.654  3.6275468e-05       13783.42      84.007     -1
     5     29       68167       85183   Coal      0     -1  1.0301728e+09      35886.425  3.4835345e-05      14353.238      69.225     -1
     5     30       85183  1.0645e+05   Coal      0     -1  9.7637959e+08       18705.53  1.9158051e-05      26098.688      65.248     -1
     5     31  1.0645e+05  1.3302e+05   Coal      0     -1  9.7569268e+08      18514.091  1.8975331e-05      26350.002      63.806     -1
     5     32  1.3302e+05       1e+99   Coal      0     -1   2.190053e+09      40983.693  1.8713563e-05       26718.59      53.085     -1
     5     -1           0       1e+99  Delay     -1     -1   2.588217e+09              0              0              0           1     -1
     5     -1           0       1e+99   LogL     -1     -1              1     -9700789.3     -9700789.3              0           1     -1
     5     -1           0       1e+99 Recomb     -1     -1           4521  1.3563005e-05   3.000001e-09              0           1     -1
     5     -1           0       1e+99 Resamp     -1     -1   2.588217e+09         456522  0.00017638475              0           1     -1
     4      0           0         133   Coal      0     -1      345655.06      61.439194  0.00017774713       2812.985        1.67     -1
     4      1         133       166.2   Coal      0     -1      178995.87      5.4167758  3.0262016e-05      16522.363      2.6099     -1
     4      2       166.2      207.68   Coal      0     -1      276960.32      10.924766  3.9445241e-05        12675.8      3.2243     -1
     4      3      207.68      259.53   Coal      0     -1      430432.67      15.160058  3.5220509e-05      14196.274      3.7577     -1
     4      4      259.53      324.31   Coal      0     -1      666696.69      31.197478  4.6794109e-05      10685.106      4.2908     -1
     4      5      324.31      405.26   Coal      0     -1      1036165.7      52.147571  5.0327442e-05      9934.9376      4.6769     -1
     4      6      405.26      506.42   Coal      0     -1      1592882.8      111.65699  7.0097428e-05      7132.9293      5.5398     -1
     4      7      506.42      632.82   Coal      0     -1      2425723.6      306.46713   0.0001263405      3957.5593       6.987     -1
     4      8      632.82      790.79   Coal      0     -1      3594157.7      741.10098  0.00020619601      2424.8772      6.6773     -1
     4      9      790.79      988.18   Coal      0     -1        5168274      1059.8217  0.00020506299      2438.2752      9.5866     -1
     4     10      988.18      1234.8   Coal      0     -1      7333248.6      1506.1676  0.00020538887      2434.4065       10.69     -1
     4     11      1234.8      1543.1   Coal      0     -1       10245388      1990.7442  0.00019430638      2573.2557      11.783     -1
     4     12      1543.1      1928.2   Coal      0     -1       14148190      2405.3211   0.0001700091       2941.019      14.143     -1
     4     13      1928.2      2409.6   Coal      0     -1       19597000      2699.4007  0.00013774561      3629.8797      16.214     -1
     4     14      2409.6        3011   Coal      0     -1       27384916      2924.2568  0.00010678348       4682.372      17.625     -1
     4     15        3011      3762.6   Coal      0     -1       38742781      3220.5678  8.3126915e-05      6014.8991        22.5     -1
     4     16      3762.6      4701.8   Coal      0     -1       55136282      3687.1978  6.6874255e-05      7476.7188      25.637     -1
     4     17      4701.8      5875.5   Coal      0     -1       78749789       4449.301  5.6499212e-05       8849.681      29.353     -1
     4     18      5875.5      7342.1   Coal      0     -1   1.143636e+08      4131.4494  3.6125562e-05      13840.615      35.393     -1
     4     19      7342.1      9174.7   Coal      0     -1  1.6992467e+08      4039.3732  2.3771552e-05      21033.544      45.499     -1
     4     20      9174.7       11465   Coal      0     -1   2.561223e+08      4666.1496  1.8218443e-05      27444.716      52.814     -1
     4     21       11465       14327   Coal      0     -1  3.8491713e+08      6130.3584  1.5926437e-05      31394.342      67.683     -1
     4     22       14327       17903   Coal      0     -1  5.6588288e+08      9278.3958  1.6396318e-05      30494.651      80.799     -1
     4     23       17903       22372   Coal      0     -1  7.9492396e+08      15457.476  1.9445226e-05      25713.252      89.461     -1
     4     24       22372       27956   Coal      0     -1  1.0527704e+09      23305.768  2.2137561e-05      22586.048      98.301     -1
     4     25       27956       34934   Coal      0     -1  1.2849806e+09      33800.821  2.6304538e-05      19008.127      100.46     -1
     4     26       34934       43654   Coal      0     -1  1.4326163e+09      42576.474  2.9719384e-05      16824.036      104.86     -1
     4     27       43654       54551   Coal      0     -1  1.4357635e+09      49052.734  3.4164913e-05      14634.897      104.11     -1
     4     28       54551       68167   Coal      0     -1  1.2497039e+09      45616.925  3.6502187e-05       13697.81      81.944     -1
     4     29       68167       85183   Coal      0     -1   1.020217e+09      35881.673  3.5170628e-05      14216.408      66.831     -1
     4     30       85183  1.0645e+05   Coal      0     -1  9.6358513e+08      18722.113   1.942964e-05      25733.878      62.393     -1
     4     31  1.0645e+05  1.3302e+05   Coal      0     -1  9.5806962e+08      18457.763  1.9265576e-05      25953.026      60.608     -1
     4     32  1.3302e+05       1e+99   Coal      0     -1  2.1072625e+09       40163.74  1.9059675e-05      26233.396      47.513     -1
     4     -1           0       1e+99  Delay     -1     -1   2.588217e+09              0              0              0           1     -1
     4     -1           0       1e+99   LogL     -1     -1              1     -9700835.9     -9700835.9              0           1     -1
     4     -1           0       1e+99 Recomb     -1     -1           4521  1.3563005e-05   3.000001e-09              0           1     -1
     4     -1           0       1e+99 Resamp     -1     -1   2.588217e+09         456425  0.00017634727              0           1     -1
     3      0           0         133   Coal      0     -1      329260.74      55.063205  0.00016723283      2989.8436      1.7389     -1
     3      1         133       166.2   Coal      0     -1      177871.61      4.4396158  2.4959665e-05       20032.32      2.8606     -1
     3      2       166.2      207.68   Coal      0     -1      277790.17      11.058941  3.9810413e-05      12559.528      3.2778     -1
     3      3      207.68      259.53   Coal      0     -1      428908.29      17.240615  4.0196507e-05      12438.892      3.6645     -1
     3      4      259.53      324.31   Coal      0     -1      661020.25      31.189929  4.7184529e-05      10596.694       4.037     -1
     3      5      324.31      405.26   Coal      0     -1      1024885.5      50.750153  4.9517877e-05      10097.363      4.6506     -1
     3      6      405.26      506.42   Coal      0     -1      1583003.9       115.1583  7.2746693e-05      6873.1646      5.5265     -1
     3      7      506.42      632.82   Coal      0     -1      2411035.2      288.22505  0.00011954411      4182.5566      6.8529     -1
     3      8      632.82      790.79   Coal      0     -1      3573643.8      684.95686  0.00019166904      2608.6634      7.5921     -1
     3      9      790.79      988.18   Coal      0     -1      5176070.7      1007.5916  0.00019466342       2568.536      8.2763     -1
     3     10      988.18      1234.8   Coal      0     -1      7390480.2      1404.6951  0.00019006818      2630.6349      10.942     -1
     3     11      1234.8      1543.1   Coal      0     -1       10373523      1835.9674  0.00017698592      2825.0835       13.35     -1
     3     12      1543.1      1928.2   Coal      0     -1       14472959      2228.9881  0.00015401053      3246.5313      12.956     -1
     3     13      1928.2      2409.6   Coal      0     -1       20201587      2561.5887  0.00012680136      3943.1754      14.813     -1
     3     14      2409.6        3011   Coal      0     -1       28294633      2827.2255  9.9920911e-05      5003.9576      18.899     -1
     3     15        3011      3762.6   Coal      0     -1       40015716      3196.8017  7.9888655e-05       6258.711      22.114     -1
     3     16      3762.6      4701.8   Coal      0     -1       56805995      3725.0374  6.5574723e-05      7624.8893      27.069     -1
     3     17      4701.8      5875.5   Coal      0     -1       80645850      4546.6475  5.6377948e-05      8868.7159      30.171     -1
     3     18      5875.5      7342.1   Coal      0     -1  1.1659949e+08      4226.7809  3.6250423e-05      13792.942      38.239     -1
     3     19      7342.1      9174.7   Coal      0     -1  1.7231072e+08      4118.6625  2.3902532e-05      20918.286      42.704     -1
     3     20      9174.7       11465   Coal      0     -1  2.5890035e+08      4697.5141  1.8144101e-05      27557.165      54.582     -1
     3     21       11465       14327   Coal      0     -1   3.865653e+08       6110.402  1.5806908e-05       31631.74      59.925     -1
     3     22       14327       17903   Coal      0     -1  5.6963241e+08      9255.2942  1.6247836e-05      30773.328      77.706     -1
     3     23       17903       22372   Coal      0     -1  8.0105843e+08      15392.965  1.9215783e-05      26020.277      87.007     -1
     3     24       22372       27956   Coal      0     -1   1.067842e+09      23399.319  2.1912716e-05      22817.801      103.88     -1
     3     25       27956       34934   Coal      0     -1  1.2959525e+09      33806.164  2.6085959e-05        19167.4      98.847     -1
     3     26       34934       43654   Coal      0     -1  1.4433457e+09      42814.761  2.9663552e-05      16855.703      101.46     -1
     3     27       43654       54551   Coal      0     -1  1.4290535e+09      49153.541  3.4395871e-05      14536.628      96.592     -1
     3     28       54551       68167   Coal      0     -1  1.2566796e+09       46200.72  3.6764122e-05      13600.216      84.729     -1
     3     29       68167       85183   Coal      0     -1  1.0236212e+09      36392.314  3.5552521e-05        14063.7      69.556     -1
     3     30       85183  1.0645e+05   Coal      0     -1  9.5287503e+08      18825.259  1.9756273e-05      25308.418      63.605     -1
     3     31  1.0645e+05  1.3302e+05   Coal      0     -1  9.4317679e+08      18498.608  1.9613086e-05      25493.183      62.425     -1
     3     32  1.3302e+05       1e+99   Coal      0     -1   2.010404e+09      39133.965  1.9465722e-05      25686.178      51.026     -1
     3     -1           0       1e+99  Delay     -1     -1   2.588217e+09              0              0              0           1     -1
     3     -1           0       1e+99   LogL     -1     -1              1     -9701256.8     -9701256.8              0           1     -1
     3     -1           0       1e+99 Recomb     -1     -1           4521  1.3563005e-05   3.000001e-09              0           1     -1
     3     -1           0       1e+99 Resamp     -1     -1   2.588217e+09         458326  0.00017708175              0           1     -1
     2      0           0         133   Coal      0     -1       343266.7      49.083676  0.00014298991      3496.7501      1.6392     -1
     2      1         133       166.2   Coal      0     -1      179413.77      4.3282532   2.412442e-05      20725.887      2.2367     -1
     2      2       166.2      207.68   Coal      0     -1      277702.43      11.397113  4.1040739e-05      12183.017      2.6488     -1
     2      3      207.68      259.53   Coal      0     -1      430260.49      12.681772  2.9474637e-05      16963.737      3.5277     -1
     2      4      259.53      324.31   Coal      0     -1      668463.66      29.437815  4.4038019e-05      11353.826      4.0161     -1
     2      5      324.31      405.26   Coal      0     -1      1041384.6      53.686009  5.1552526e-05      9698.8458      4.3414     -1
     2      6      405.26      506.42   Coal      0     -1      1599965.7       113.9126  7.1196905e-05      7022.7772      4.9937     -1
     2      7      506.42      632.82   Coal      0     -1      2436717.9      266.85339  0.00010951345      4565.6492      5.6005     -1
     2      8      632.82      790.79   Coal      0     -1      3625104.4      628.56121   0.0001733912      2883.6526      7.2124     -1
     2      9      790.79      988.18   Coal      0     -1        5258285       901.7994  0.00017150067      2915.4405      8.4597     -1
     2     10      988.18      1234.8   Coal      0     -1        7545870      1246.3408   0.0001651686      3027.2097      9.4162     -1
     2     11      1234.8      1543.1   Coal      0     -1       10657515      1659.8362  0.00015574326      3210.4118      12.519     -1
     2     12      1543.1      1928.2   Coal      0     -1       14941003      1976.2164  0.00013226799      3780.2041      14.087     -1
     2     13      1928.2      2409.6   Coal      0     -1       20947264       2338.912  0.00011165716      4477.9932      14.532     -1
     2     14      2409.6        3011   Coal      0     -1       29492807      2682.4135  9.0951449e-05      5497.4385      19.232     -1
     2     15        3011      3762.6   Coal      0     -1       41706524        3109.17  7.4548767e-05       6707.019      23.228     -1
     2     16      3762.6      4701.8   Coal      0     -1       58895980      3738.6549  6.3478948e-05      7876.6271      23.568     -1
     2     17      4701.8      5875.5   Coal      0     -1       83437947        4619.06  5.5359224e-05      9031.9185      30.364     -1
     2     18      5875.5      7342.1   Coal      0     -1  1.1989069e+08       4315.254  3.5993235e-05      13891.499      34.797     -1
     2     19      7342.1      9174.7   Coal      0     -1  1.7635338e+08      4208.7205  2.3865267e-05      20950.949      45.688     -1
     2     20      9174.7       11465   Coal      0     -1  2.6324036e+08      4742.3591  1.8015319e-05      27754.157      52.353     -1
     2     21       11465       14327   Coal      0     -1  3.9173836e+08      6114.0397  1.5607457e-05      32035.968      57.071     -1
     2     22       14327       17903   Coal      0     -1  5.7395604e+08      9206.9412  1.6041196e-05      31169.746      67.385     -1
     2     23       17903       22372   Coal      0     -1  8.0681234e+08      15292.479  1.8954195e-05      26379.384      77.117     -1
     2     24       22372       27956   Coal      0     -1  1.0743503e+09      23372.228  2.1754756e-05       22983.48      92.838     -1
     2     25       27956       34934   Coal      0     -1  1.3184137e+09      34105.985  2.5868955e-05      19328.187      101.05     -1
     2     26       34934       43654   Coal      0     -1  1.4548852e+09      43054.802  2.9593264e-05      16895.737      95.439     -1
     2     27       43654       54551   Coal      0     -1  1.4461229e+09      49906.269  3.4510393e-05      14488.389      93.998     -1
     2     28       54551       68167   Coal      0     -1  1.2632487e+09      46878.967  3.7109848e-05      13473.513      81.297     -1
     2     29       68167       85183   Coal      0     -1  1.0187118e+09       36798.31  3.6122395e-05      13841.829       67.72     -1
     2     30       85183  1.0645e+05   Coal      0     -1  9.3489227e+08       18838.97  2.0150952e-05      24812.723      61.778     -1
     2     31  1.0645e+05  1.3302e+05   Coal      0     -1  9.1987047e+08      18413.441  2.0017428e-05      24978.234      60.838     -1
     2     32  1.3302e+05       1e+99   Coal      0     -1  1.9155031e+09       38135.71  1.9908978e-05      25114.297      47.043     -1
     2     -1           0       1e+99  Delay     -1     -1   2.588217e+09              0              0              0           1     -1
     2     -1           0       1e+99   LogL     -1     -1              1     -9701908.2     -9701908.2              0           1     -1
     2     -1           0       1e+99 Recomb     -1     -1           4521  1.3563005e-05   3.000001e-09              0           1     -1
     2     -1           0       1e+99 Resamp     -1     -1   2.588217e+09         464390  0.00017942468              0           1     -1
     1      0           0         133   Coal      0     -1      333806.98      35.956747  0.00010771718       4641.785      1.6878     -1
     1      1         133       166.2   Coal      0     -1      178448.33      3.9399078  2.2078704e-05      22646.257      2.3631     -1
     1      2       166.2      207.68   Coal      0     -1      277078.32      8.0181729  2.8938291e-05      17278.146       2.646     -1
     1      3      207.68      259.53   Coal      0     -1      431863.23      9.3294565  2.1602804e-05      23145.144      3.3433     -1
     1      4      259.53      324.31   Coal      0     -1      669290.74      25.156979  3.7587521e-05      13302.287      3.6793     -1
     1      5      324.31      405.26   Coal      0     -1      1034670.7      44.578549  4.3084772e-05      11605.028      4.2866     -1
     1      6      405.26      506.42   Coal      0     -1      1588427.7      95.834629  6.0333012e-05      8287.3369      5.3487     -1
     1      7      506.42      632.82   Coal      0     -1      2425705.9      221.10518  9.1150859e-05      5485.4118      6.0079     -1
     1      8      632.82      790.79   Coal      0     -1      3621082.4      520.13311  0.00014364023      3480.9189      6.6291     -1
     1      9      790.79      988.18   Coal      0     -1      5303564.5      726.90674  0.00013706003      3648.0364      8.9298     -1
     1     10      988.18      1234.8   Coal      0     -1      7710372.6      1014.4727  0.00013157246      3800.1872      8.7829     -1
     1     11      1234.8      1543.1   Coal      0     -1       11039517      1374.1187  0.00012447272      4016.9446      10.826     -1
     1     12      1543.1      1928.2   Coal      0     -1       15662590      1679.4539  0.00010722709      4663.0007      12.079     -1
     1     13      1928.2      2409.6   Coal      0     -1       22186699       2056.133   9.267413e-05      5395.2489        16.1     -1
     1     14      2409.6        3011   Coal      0     -1       31303221      2468.2886  7.8850945e-05      6341.0781      16.902     -1
     1     15        3011      3762.6   Coal      0     -1       44259464      2974.6568  6.7209508e-05      7439.4236      19.131     -1
     1     16      3762.6      4701.8   Coal      0     -1       62423418        3700.44  5.9279677e-05      8434.5939      23.702     -1
     1     17      4701.8      5875.5   Coal      0     -1       87546240      4657.5947  5.3201539e-05      9398.2243      25.977     -1
     1     18      5875.5      7342.1   Coal      0     -1  1.2472477e+08      4377.6158  3.5098207e-05      14245.742      30.998     -1
     1     19      7342.1      9174.7   Coal      0     -1  1.8198049e+08      4256.7536  2.3391263e-05      21375.502      41.367     -1
     1     20      9174.7       11465   Coal      0     -1  2.7004391e+08      4781.7893  1.7707451e-05      28236.701      47.081     -1
     1     21       11465       14327   Coal      0     -1  4.0298397e+08      6150.0084  1.5261174e-05       32762.88      61.339     -1
     1     22       14327       17903   Coal      0     -1  5.8549405e+08      9203.0662  1.5718463e-05      31809.727      64.247     -1
     1     23       17903       22372   Coal      0     -1  8.2494488e+08      15319.039  1.8569773e-05      26925.478      77.537     -1
     1     24       22372       27956   Coal      0     -1  1.0921539e+09      23447.966  2.1469471e-05      23288.883      85.229     -1
     1     25       27956       34934   Coal      0     -1  1.3376084e+09      34356.164  2.5684769e-05       19466.79      92.054     -1
     1     26       34934       43654   Coal      0     -1  1.4768524e+09      43538.624  2.9480687e-05      16960.256      89.634     -1
     1     27       43654       54551   Coal      0     -1  1.4658151e+09      50819.126  3.4669535e-05      14421.884      90.053     -1
     1     28       54551       68167   Coal      0     -1  1.2632687e+09      47415.374  3.7533878e-05      13321.299      76.461     -1
     1     29       68167       85183   Coal      0     -1  1.0167792e+09      37389.989  3.6772969e-05      13596.944      67.007     -1
     1     30       85183  1.0645e+05   Coal      0     -1  9.1854661e+08      18938.317  2.0617699e-05      24251.009      59.282     -1
     1     31  1.0645e+05  1.3302e+05   Coal      0     -1  9.0165257e+08      18504.901  2.0523317e-05      24362.534      60.526     -1
     1     32  1.3302e+05       1e+99   Coal      0     -1  1.8111487e+09      37065.363  2.0465113e-05      24431.823      50.008     -1
     1     -1           0       1e+99  Delay     -1     -1   2.588217e+09              0              0              0           1     -1
     1     -1           0       1e+99   LogL     -1     -1              1     -9703183.9     -9703183.9              0           1     -1
     1     -1           0       1e+99 Recomb     -1     -1           4521  1.3563005e-05   3.000001e-09              0           1     -1
     1     -1           0       1e+99 Resamp     -1     -1   2.588217e+09         470208  0.00018167256              0           1     -1
     0      0           0         133   Coal      0     -1      319648.32      15.462133  4.8372327e-05      10336.489      1.4292     -1
     0      1         133       166.2   Coal      0     -1      169407.68      2.6348069  1.5553055e-05      32148.026       2.452     -1
     0      2       166.2      207.68   Coal      0     -1      265269.41      4.2931968  1.6184289e-05      30894.159      2.6085     -1
     0      3      207.68      259.53   Coal      0     -1      413121.68      6.1173056  1.4807515e-05      33766.637      2.6596     -1
     0      4      259.53      324.31   Coal      0     -1      639117.29      14.862275  2.3254378e-05      21501.328      3.7293     -1
     0      5      324.31      405.26   Coal      0     -1      994150.61      29.674362   2.984896e-05      16751.002      3.7526     -1
     0      6      405.26      506.42   Coal      0     -1      1533768.5       64.41646  4.1998814e-05      11905.098      5.9961     -1
     0      7      506.42      632.82   Coal      0     -1      2348108.3      147.16925  6.2675663e-05      7977.5782      5.9036     -1
     0      8      632.82      790.79   Coal      0     -1      3545209.1      351.71641  9.9208931e-05      5039.8689      6.4157     -1
     0      9      790.79      988.18   Coal      0     -1      5264476.1      496.18292  9.4251149e-05      5304.9751       8.544     -1
     0     10      988.18      1234.8   Coal      0     -1        7777466      690.58994  8.8793694e-05      5631.0305      9.6044     -1
     0     11      1234.8      1543.1   Coal      0     -1       11354742      953.47657  8.3971665e-05      5954.3895      10.692     -1
     0     12      1543.1      1928.2   Coal      0     -1       16417602      1254.1772  7.6392231e-05      6545.1682      13.494     -1
     0     13      1928.2      2409.6   Coal      0     -1       23544435       1655.909  7.0331224e-05      7109.2179      14.357     -1
     0     14      2409.6        3011   Coal      0     -1       33586087      2094.3134  6.2356575e-05      8018.4007      18.354     -1
     0     15        3011      3762.6   Coal      0     -1       47655228      2686.6803  5.6377452e-05      8868.7938       22.65     -1
     0     16      3762.6      4701.8   Coal      0     -1       67326472      3512.9785  5.2178264e-05      9582.5342      26.723     -1
     0     17      4701.8      5875.5   Coal      0     -1       93903165      4578.0231  4.8752597e-05      10255.864      27.382     -1
     0     18      5875.5      7342.1   Coal      0     -1  1.3314107e+08      4409.2527  3.3117149e-05      15097.918      33.909     -1
     0     19      7342.1      9174.7   Coal      0     -1  1.9224829e+08      4312.5694   2.243229e-05      22289.299      41.318     -1
     0     20      9174.7       11465   Coal      0     -1  2.8279743e+08      4824.5947   1.706025e-05      29307.895      47.111     -1
     0     21       11465       14327   Coal      0     -1  4.1664622e+08      6173.7167  1.4817647e-05      33743.549      55.051     -1
     0     22       14327       17903   Coal      0     -1  6.0591516e+08      9231.0054  1.5234815e-05      32819.565      66.219     -1
     0     23       17903       22372   Coal      0     -1  8.4825485e+08      15377.141  1.8127973e-05      27581.683      76.266     -1
     0     24       22372       27956   Coal      0     -1   1.127342e+09      23757.493  2.1073901e-05       23726.03      89.833     -1
     0     25       27956       34934   Coal      0     -1   1.365869e+09      34704.005  2.5408004e-05      19678.839      88.702     -1
     0     26       34934       43654   Coal      0     -1  1.5155994e+09      44434.973  2.9318415e-05      17054.128      92.399     -1
     0     27       43654       54551   Coal      0     -1  1.4945859e+09      52045.799  3.4822889e-05      14358.372      91.127     -1
     0     28       54551       68167   Coal      0     -1  1.2838053e+09      48716.879  3.7947249e-05      13176.186      80.292     -1
     0     29       68167       85183   Coal      0     -1  1.0172652e+09      38183.459  3.7535403e-05      13320.758      69.048     -1
     0     30       85183  1.0645e+05   Coal      0     -1  9.0665873e+08      19207.206  2.1184603e-05      23602.047      60.944     -1
     0     31  1.0645e+05  1.3302e+05   Coal      0     -1  8.7175234e+08      18411.657  2.1120284e-05      23673.924      60.138     -1
     0     32  1.3302e+05       1e+99   Coal      0     -1  1.6975498e+09      35820.104  2.1101062e-05       23695.49      50.683     -1
     0     -1           0       1e+99  Delay     -1     -1   2.588217e+09              0              0              0           1     -1
     0     -1           0       1e+99   LogL     -1     -1              1     -9706459.7     -9706459.7              0           1     -1
     0     -1           0       1e+99 Recomb     -1     -1           4521  1.3563005e-05   3.000001e-09              0           1     -1
     0     -1           0       1e+99 Resamp     -1     -1   2.588217e+09         470869  0.00018192795              0           1     -1
