  Iter  Epoch       Start         End   Type   From     To            Opp          Count           Rate             Ne         ESS  Clump
    10      0           0         133   Coal      0     -1      313601.01      31.674442  0.00010100236      4950.3793      1.4892     -1
    10      1         133       166.2   Coal      0     -1         165505       1.734078  1.0477496e-05      47721.326      2.3123     -1
    10      2       166.2      207.68   Coal      0     -1       257405.5      2.7065083   1.051457e-05       47553.06       2.686     -1
    10      3      207.68      259.53   Coal      0     -1      402947.61      16.058477  3.9852519e-05      12546.258      3.0059     -1
    10      4      259.53      324.31   Coal      0     -1      627258.12      27.190724   4.334854e-05      11534.414       3.594     -1
    10      5      324.31      405.26   Coal      0     -1      977935.54      47.643834  4.8718788e-05      10262.981      4.4604     -1
    10      6      405.26      506.42   Coal      0     -1      1512882.9       67.81092   4.482232e-05      11155.157      5.2694     -1
    10      7      506.42      632.82   Coal      0     -1      2328819.6      152.62628  6.5538043e-05      7629.1567      5.7443     -1
    10      8      632.82      790.79   Coal      0     -1      3547462.8      322.26389  9.0843486e-05       5503.972      7.3154     -1
    10      9      790.79      988.18   Coal      0     -1      5355155.4      414.89265   7.747537e-05      6453.6639       9.653     -1
    10     10      988.18      1234.8   Coal      0     -1        8127457      512.25856  6.3028148e-05      7932.9635      10.876     -1
    10     11      1234.8      1543.1   Coal      0     -1       12344738      686.70459  5.5627312e-05      8988.3905      12.274     -1
    10     12      1543.1      1928.2   Coal      0     -1       18672745      915.84236  4.9047014e-05      10194.301      15.155     -1
    10     13      1928.2      2409.6   Coal      0     -1       28250218      1160.5551  4.1081278e-05      12170.994      18.202     -1
    10     14      2409.6        3011   Coal      0     -1       42734184      1486.6734  3.4788856e-05      14372.419       20.76     -1
    10     15        3011      3762.6   Coal      0     -1       64317806        2114.84  3.2881097e-05      15206.305      24.101     -1
    10     16      3762.6      4701.8   Coal      0     -1       96470065        2925.44  3.0324847e-05      16488.129      28.038     -1
    10     17      4701.8      5875.5   Coal      0     -1  1.4304871e+08        4462.95  3.1198813e-05      16026.251      32.226     -1
    10     18      5875.5      7342.1   Coal      0     -1   2.117385e+08        5032.47  2.3767383e-05      21037.234      41.754     -1
    10     19      7342.1      9174.7   Coal      0     -1  3.1412318e+08        5962.52  1.8981471e-05      26341.478       45.49     -1
    10     20      9174.7       11465   Coal      0     -1  4.6738933e+08        7938.21  1.6984149e-05      29439.214      58.937     -1
    10     21       11465       14327   Coal      0     -1   6.853338e+08       11650.28  1.6999424e-05      29412.761      62.414     -1
    10     22       14327       17903   Coal      0     -1   9.823926e+08       17918.63  1.8239785e-05      27412.604      82.405     -1
    10     23       17903       22372   Coal      0     -1  1.3385077e+09       29755.92  2.2230668e-05      22491.452      88.053     -1
    10     24       22372       27956   Coal      0     -1  1.7112467e+09       43238.11  2.5267022e-05       19788.64      101.39     -1
    10     25       27956       34934   Coal      0     -1  2.0239904e+09       58490.08  2.8898398e-05      17301.997      107.83     -1
    10     26       34934       43654   Coal      0     -1  2.2018171e+09       68870.17  3.1278787e-05      15985.274      110.71     -1
    10     27       43654       54551   Coal      0     -1  2.1834987e+09       75469.02  3.4563346e-05      14466.192      110.24     -1
    10     28       54551       68167   Coal      0     -1  1.9349479e+09       70059.62  3.6207498e-05      13809.295      92.015     -1
    10     29       68167       85183   Coal      0     -1  1.6364804e+09       54398.23  3.3240991e-05       15041.67      80.881     -1
    10     30       85183  1.0645e+05   Coal      0     -1  1.5654724e+09       28723.24  1.8347969e-05      27250.972      72.798     -1
    10     31  1.0645e+05  1.3302e+05   Coal      0     -1  1.6237479e+09       28638.39  1.7637215e-05      28349.147      73.092     -1
    10     32  1.3302e+05       1e+99   Coal      0     -1  4.0490047e+09       69955.42  1.7277189e-05      28939.893      57.428     -1
    10     -1           0       1e+99  Delay     -1     -1  2.5982331e+09              0              0              0           1     -1
    10     -1           0       1e+99   LogL     -1     -1              1      -15638118      -15638118              0           1     -1
    10     -1           0       1e+99 Recomb     -1     -1           4158  1.2474005e-05  3.0000011e-09              0           1     -1
    10     -1           0       1e+99 Resamp     -1     -1  2.5982331e+09         732923  0.00028208517              0           1     -1
     9      0           0         133   Coal      0     -1       314529.8       26.69408  8.4869795e-05      5891.3775      1.4609     -1
     9      1         133       166.2   Coal      0     -1      165144.65      1.0574586  6.4032267e-06      78085.631      2.2895     -1
     9      2       166.2      207.68   Coal      0     -1      258162.11      2.3236063  9.0005706e-06      55552.033      2.6112     -1
     9      3      207.68      259.53   Coal      0     -1      406488.92      12.686492  3.1209932e-05      16020.541      2.8664     -1
     9      4      259.53      324.31   Coal      0     -1      638442.83       30.00289  4.6993855e-05      10639.689       3.415     -1
     9      5      324.31      405.26   Coal      0     -1      981017.97      51.263639  5.2255556e-05      9568.3606      4.7198     -1
     9      6      405.26      506.42   Coal      0     -1      1518713.8      63.176807   4.159889e-05      12019.551      5.3801     -1
     9      7      506.42      632.82   Coal      0     -1      2336659.5      149.77609  6.4098381e-05      7800.5091      5.4195     -1
     9      8      632.82      790.79   Coal      0     -1      3561579.5      310.07833  8.7062028e-05      5743.0319      7.0985     -1
     9      9      790.79      988.18   Coal      0     -1      5390780.6      414.38569   7.686933e-05      6504.5448      9.0766     -1
     9     10      988.18      1234.8   Coal      0     -1      8189991.7      508.17166  6.2047885e-05      8058.2924      11.157     -1
     9     11      1234.8      1543.1   Coal      0     -1       12430242      684.63809   5.507842e-05      9077.9656      11.345     -1
     9     12      1543.1      1928.2   Coal      0     -1       18778559      901.56689   4.801044e-05      10414.401      15.105     -1
     9     13      1928.2      2409.6   Coal      0     -1       28366359      1157.5087  4.0805683e-05      12253.195      17.426     -1
     9     14      2409.6        3011   Coal      0     -1       42845602      1492.8431  3.4842389e-05      14350.336      22.367     -1
     9     15        3011      3762.6   Coal      0     -1       64434225        2125.97  3.2994422e-05      15154.077      24.366     -1
     9     16      3762.6      4701.8   Coal      0     -1       96489780        2974.37  3.0825752e-05      16220.205      25.859     -1
     9     17      4701.8      5875.5   Coal      0     -1  1.4296868e+08        4488.37  3.1394078e-05      15926.571      32.242     -1
     9     18      5875.5      7342.1   Coal      0     -1  2.1147955e+08        5097.21  2.4102615e-05      20744.637      39.661     -1
     9     19      7342.1      9174.7   Coal      0     -1  3.1346119e+08        6016.35  1.9193285e-05      26050.778      45.177     -1
     9     20      9174.7       11465   Coal      0     -1  4.6648985e+08        7936.01  1.7012182e-05      29390.704      61.142     -1
     9     21       11465       14327   Coal      0     -1  6.8416441e+08       11535.41  1.6860582e-05      29654.967      61.377     -1
     9     22       14327       17903   Coal      0     -1  9.8206219e+08       17763.79  1.8088254e-05      27642.248      82.075     -1
     9     23       17903       22372   Coal      0     -1  1.3404634e+09       29458.65  2.1976467e-05      22751.609       88.72     -1
     9     24       22372       27956   Coal      0     -1  1.7159271e+09       42965.95  2.5039496e-05      19968.453      100.24     -1
     9     25       27956       34934   Coal      0     -1  2.0350122e+09       58437.47  2.8716029e-05      17411.878      110.78     -1
     9     26       34934       43654   Coal      0     -1  2.2154299e+09       69117.37  3.1198175e-05      16026.578      111.75     -1
     9     27       43654       54551   Coal      0     -1  2.1910942e+09       75928.09  3.4653047e-05      14428.745      109.18     -1
     9     28       54551       68167   Coal      0     -1  1.9342868e+09       70231.51  3.6308736e-05      13770.791      91.464     -1
     9     29       68167       85183   Coal      0     -1  1.6303018e+09       54608.35  3.3495852e-05      14927.221      80.531     -1
     9     30       85183  1.0645e+05   Coal      0     -1  1.5588959e+09       28758.87   1.844823e-05      27102.872      72.303     -1
     9     31  1.0645e+05  1.3302e+05   Coal      0     -1  1.6142699e+09       28705.46  1.7782318e-05       28117.82       72.45     -1
     9     32  1.3302e+05       1e+99   Coal      0     -1  3.9691381e+09       69324.72  1.7465938e-05      28627.149      57.529     -1
     9     -1           0       1e+99  Delay     -1     -1  2.5982331e+09              0              0              0           1     -1
     9     -1           0       1e+99   LogL     -1     -1              1      -15638225      -15638225              0           1     -1
     9     -1           0       1e+99 Recomb     -1     -1           4158  1.2474005e-05  3.0000011e-09              0           1     -1
     9     -1           0       1e+99 Resamp     -1     -1  2.5982331e+09         731369  0.00028148707              0           1     -1
     8      0           0         133   Coal      0     -1      297703.28      24.468039  8.2189351e-05      6083.5132      1.4823     -1
     8      1         133       166.2   Coal      0     -1      161362.84     0.74989904  4.6472846e-06      107589.71      2.2558     -1
     8      2       166.2      207.68   Coal      0     -1      255226.44      1.9803823   7.759315e-06      64438.678      2.7931     -1
     8      3      207.68      259.53   Coal      0     -1      397906.11      11.127056  2.7964024e-05      17880.116      2.9042     -1
     8      4      259.53      324.31   Coal      0     -1      624053.99      25.793919  4.1332832e-05      12096.921      3.5985     -1
     8      5      324.31      405.26   Coal      0     -1      972416.61      44.311784  4.5568724e-05      10972.438      4.8512     -1
     8      6      405.26      506.42   Coal      0     -1      1513183.1      62.608575  4.1375414e-05      12084.471       4.826     -1
     8      7      506.42      632.82   Coal      0     -1      2329646.7      140.27587  6.0213366e-05      8303.8042      5.8473     -1
     8      8      632.82      790.79   Coal      0     -1      3557218.7      299.97183  8.4327634e-05      5929.2545      7.3435     -1
     8      9      790.79      988.18   Coal      0     -1      5390236.4      405.38892  7.5208004e-05      6648.2285      9.3732     -1
     8     10      988.18      1234.8   Coal      0     -1      8149877.7      511.64993  6.2780074e-05      7964.3105      11.428     -1
     8     11      1234.8      1543.1   Coal      0     -1       12370753      663.66304  5.3647748e-05      9320.0557      11.275     -1
     8     12      1543.1      1928.2   Coal      0     -1       18737566      889.29383  4.7460477e-05      10535.082      15.212     -1
     8     13      1928.2      2409.6   Coal      0     -1       28317411      1144.4278  4.0414283e-05      12371.864      18.857     -1
     8     14      2409.6        3011   Coal      0     -1       42780312      1498.9426  3.5038142e-05      14270.163      23.164     -1
     8     15        3011      3762.6   Coal      0     -1       64413616        2147.82  3.3344192e-05      14995.115      25.066     -1
     8     16      3762.6      4701.8   Coal      0     -1       96369954        3029.26  3.1433656e-05      15906.517      26.269     -1
     8     17      4701.8      5875.5   Coal      0     -1  1.4270788e+08        4558.18  3.1940632e-05      15654.042      31.759     -1
     8     18      5875.5      7342.1   Coal      0     -1  2.1092664e+08        5166.66  2.4495056e-05      20412.282      40.279     -1
     8     19      7342.1      9174.7   Coal      0     -1  3.1279414e+08        6051.41  1.9346303e-05      25844.732      44.927     -1
     8     20      9174.7       11465   Coal      0     -1  4.6516298e+08        7938.13  1.7065266e-05       29299.28      59.181     -1
     8     21       11465       14327   Coal      0     -1   6.831762e+08        11436.2  1.6739752e-05      29869.021      61.599     -1
     8     22       14327       17903   Coal      0     -1  9.8127773e+08       17583.99  1.7919483e-05       27902.59      83.108     -1
     8     23       17903       22372   Coal      0     -1  1.3417009e+09       29146.62  2.1723634e-05      23016.406       88.72     -1
     8     24       22372       27956   Coal      0     -1  1.7223176e+09       42675.23  2.4777793e-05       20179.36      99.768     -1
     8     25       27956       34934   Coal      0     -1  2.0453618e+09       58378.72  2.8542002e-05      17518.043      112.28     -1
     8     26       34934       43654   Coal      0     -1  2.2256085e+09       69275.79  3.1126674e-05      16063.393      113.96     -1
     8     27       43654       54551   Coal      0     -1  2.1992621e+09       76439.38  3.4756831e-05      14385.661      112.65     -1
     8     28       54551       68167   Coal      0     -1  1.9374097e+09        70501.8  3.6389722e-05      13740.143      92.141     -1
     8     29       68167       85183   Coal      0     -1  1.6275652e+09       54894.62  3.3728062e-05      14824.451      80.777     -1
     8     30       85183  1.0645e+05   Coal      0     -1  1.5509866e+09       28833.87  1.8590663e-05      26895.221      72.842     -1
     8     31  1.0645e+05  1.3302e+05   Coal      0     -1  1.5990789e+09       28712.91  1.7955905e-05      27845.992      73.924     -1
     8     32  1.3302e+05       1e+99   Coal      0     -1  3.8620366e+09       68326.45  1.7691818e-05      28261.651      58.558     -1
     8     -1           0       1e+99  Delay     -1     -1  2.5982331e+09              0              0              0           1     -1
     8     -1           0       1e+99   LogL     -1     -1              1      -15638298      -15638298              0           1     -1
     8     -1           0       1e+99 Recomb     -1     -1           4158  1.2474005e-05  3.0000011e-09              0           1     -1
     8     -1           0       1e+99 Resamp     -1     -1  2.5982331e+09         730225  0.00028104677              0           1     -1
     7      0           0         133   Coal      0     -1      315761.75       29.38439   9.305874e-05      5372.9505      1.5313     -1
     7      1         133       166.2   Coal      0     -1      167232.72      2.6423676  1.5800542e-05      31644.484      2.1742     -1
     7      2       166.2      207.68   Coal      0     -1      258506.46       2.206013  8.5336862e-06      58591.327      2.4163     -1
     7      3      207.68      259.53   Coal      0     -1       402913.5      6.4682565   1.605371e-05      31145.448      2.7759     -1
     7      4      259.53      324.31   Coal      0     -1      626264.23      22.131588  3.5339058e-05      14148.651        3.74     -1
     7      5      324.31      405.26   Coal      0     -1      972233.81      43.384853  4.4623889e-05      11204.761      4.6289     -1
     7      6      405.26      506.42   Coal      0     -1      1504649.6      63.219976   4.201641e-05      11900.112      5.0645     -1
     7      7      506.42      632.82   Coal      0     -1      2327387.4      126.78711  5.4476153e-05       9178.328       5.899     -1
     7      8      632.82      790.79   Coal      0     -1      3548365.8      301.14786  8.4869453e-05      5891.4012      7.8984     -1
     7      9      790.79      988.18   Coal      0     -1      5366041.9       398.3079  7.4227505e-05      6736.0475      9.6735     -1
     7     10      988.18      1234.8   Coal      0     -1      8143960.4      506.83881  6.2234931e-05      8034.0733      11.384     -1
     7     11      1234.8      1543.1   Coal      0     -1       12357577      650.06465  5.2604537e-05      9504.8835      11.788     -1
     7     12      1543.1      1928.2   Coal      0     -1       18737041      880.00777  4.6966207e-05      10645.952      15.973     -1
     7     13      1928.2      2409.6   Coal      0     -1       28343428      1153.5265  4.0698199e-05      12285.556      17.651     -1
     7     14      2409.6        3011   Coal      0     -1       42745400       1529.492   3.578144e-05      13973.725      23.419     -1
     7     15        3011      3762.6   Coal      0     -1       64427275        2187.22  3.3948665e-05       14728.12      23.772     -1
     7     16      3762.6      4701.8   Coal      0     -1       96281348        3087.67  3.2069244e-05      15591.263      26.181     -1
     7     17      4701.8      5875.5   Coal      0     -1  1.4234356e+08        4654.32  3.2697791e-05      15291.553      31.621     -1
     7     18      5875.5      7342.1   Coal      0     -1  2.1028122e+08         5236.9  2.4904269e-05       20076.88      40.455     -1
     7     19      7342.1      9174.7   Coal      0     -1  3.1223788e+08        6089.86  1.9503911e-05      25635.883      42.728     -1
     7     20      9174.7       11465   Coal      0     -1  4.6369337e+08        7897.34  1.7031384e-05      29357.567      56.097     -1
     7     21       11465       14327   Coal      0     -1  6.8195947e+08       11339.08  1.6627205e-05      30071.199      65.021     -1
     7     22       14327       17903   Coal      0     -1  9.8057021e+08       17383.21  1.7727655e-05      28204.521      80.868     -1
     7     23       17903       22372   Coal      0     -1  1.3434777e+09       28810.57   2.144477e-05      23315.709      88.919     -1
     7     24       22372       27956   Coal      0     -1  1.7280711e+09       42325.86  2.4493124e-05      20413.892      100.62     -1
     7     25       27956       34934   Coal      0     -1  2.0572062e+09       58281.33   2.833033e-05       17648.93      111.74     -1
     7     26       34934       43654   Coal      0     -1  2.2384038e+09       69471.64  3.1036241e-05      16110.198      110.23     -1
     7     27       43654       54551   Coal      0     -1  2.2085226e+09       76976.22  3.4854168e-05      14345.486       108.6     -1
     7     28       54551       68167   Coal      0     -1  1.9430403e+09       70952.71  3.6516335e-05      13692.502      92.748     -1
     7     29       68167       85183   Coal      0     -1  1.6288647e+09       55356.97  3.3985002e-05      14712.372      82.407     -1
     7     30       85183  1.0645e+05   Coal      0     -1  1.5457516e+09       28984.76  1.8751241e-05      26664.902      74.121     -1
     7     31  1.0645e+05  1.3302e+05   Coal      0     -1  1.5862833e+09       28788.07  1.8148127e-05      27551.053       73.16     -1
     7     32  1.3302e+05       1e+99   Coal      0     -1  3.7524992e+09       67335.25  1.7944108e-05        27864.3      57.989     -1
     7     -1           0       1e+99  Delay     -1     -1  2.5982331e+09              0              0              0           1     -1
     7     -1           0       1e+99   LogL     -1     -1              1      -15638360      -15638360              0           1     -1
     7     -1           0       1e+99 Recomb     -1     -1           4158  1.2474005e-05  3.0000011e-09              0           1     -1
     7     -1           0       1e+99 Resamp     -1     -1  2.5982331e+09         728729  0.00028047099              0           1     -1
     6      0           0         133   Coal      0     -1      305819.32       30.51783  9.9790392e-05      5010.5024      1.5209     -1
     6      1         133       166.2   Coal      0     -1      167252.25      2.1741669  1.2999329e-05      38463.525       2.264     -1
     6      2       166.2      207.68   Coal      0     -1      259436.59     0.96872422  3.7339537e-06      133906.32      2.7198     -1
     6      3      207.68      259.53   Coal      0     -1      404593.18      7.9072424  1.9543687e-05      25583.709      2.9091     -1
     6      4      259.53      324.31   Coal      0     -1      629289.02      17.933661   2.849829e-05      17544.912      3.6569     -1
     6      5      324.31      405.26   Coal      0     -1      975572.78      48.699447  4.9918825e-05      10016.261      4.2747     -1
     6      6      405.26      506.42   Coal      0     -1      1510368.4      66.887913  4.4285826e-05      11290.294      5.2876     -1
     6      7      506.42      632.82   Coal      0     -1      2331124.8      125.22584  5.3719062e-05      9307.6829      6.1896     -1
     6      8      632.82      790.79   Coal      0     -1      3557244.5       294.3833  8.2755994e-05      6041.8585      6.5097     -1
     6      9      790.79      988.18   Coal      0     -1      5394505.1      403.33542  7.4767826e-05      6687.3684      9.0692     -1
     6     10      988.18      1234.8   Coal      0     -1      8158789.3      499.36562  6.1205848e-05       8169.154      11.012     -1
     6     11      1234.8      1543.1   Coal      0     -1       12384462      645.25133  5.2101685e-05      9596.6186      11.733     -1
     6     12      1543.1      1928.2   Coal      0     -1       18769252      869.71014  4.6336963e-05      10790.522      16.133     -1
     6     13      1928.2      2409.6   Coal      0     -1       28417364      1169.1081  4.1140626e-05      12153.437      16.521     -1
     6     14      2409.6        3011   Coal      0     -1       42908982       1554.502  3.6227893e-05       13801.52      21.998     -1
     6     15        3011      3762.6   Coal      0     -1       64470314        2194.01  3.4031322e-05      14692.347      25.892     -1
     6     16      3762.6      4701.8   Coal      0     -1       96325018        3154.03  3.2743622e-05      15270.149      26.694     -1
     6     17      4701.8      5875.5   Coal      0     -1  1.4216397e+08        4755.47  3.3450599e-05      14947.416      30.807     -1
     6     18      5875.5      7342.1   Coal      0     -1  2.0972543e+08        5312.66  2.5331502e-05      19738.269      40.119     -1
     6     19      7342.1      9174.7   Coal      0     -1  3.1066396e+08        6108.11   1.966147e-05      25430.449      44.554     -1
     6     20      9174.7       11465   Coal      0     -1  4.6250443e+08           7875  1.7026864e-05      29365.361      58.752     -1
     6     21       11465       14327   Coal      0     -1  6.8062081e+08       11218.71  1.6483055e-05      30334.183      64.528     -1
     6     22       14327       17903   Coal      0     -1  9.8005529e+08       17148.36  1.7497339e-05      28575.773      83.238     -1
     6     23       17903       22372   Coal      0     -1  1.3455627e+09        28425.7  2.1125512e-05      23668.066      89.338     -1
     6     24       22372       27956   Coal      0     -1  1.7361601e+09       41932.52  2.4152449e-05      20701.834      101.24     -1
     6     25       27956       34934   Coal      0     -1  2.0707922e+09       58157.96  2.8084885e-05      17803.171      111.18     -1
     6     26       34934       43654   Coal      0     -1  2.2555356e+09       69705.06  3.0903994e-05      16179.138      112.25     -1
     6     27       43654       54551   Coal      0     -1  2.2208716e+09       77541.22  3.4914769e-05      14320.587      109.23     -1
     6     28       54551       68167   Coal      0     -1   1.950938e+09       71514.33  3.6656383e-05      13640.189        92.3     -1
     6     29       68167       85183   Coal      0     -1  1.6223207e+09       55746.47  3.4362177e-05      14550.882      79.491     -1
     6     30       85183  1.0645e+05   Coal      0     -1  1.5359767e+09       29129.98  1.8965119e-05       26364.19      72.287     -1
     6     31  1.0645e+05  1.3302e+05   Coal      0     -1  1.5620417e+09       28773.67  1.8420552e-05      27143.595      71.832     -1
     6     32  1.3302e+05       1e+99   Coal      0     -1  3.6310515e+09       66139.93   1.821509e-05      27449.768      57.768     -1
     6     -1           0       1e+99  Delay     -1     -1  2.5982331e+09              0              0              0           1     -1
     6     -1           0       1e+99   LogL     -1     -1              1      -15638535      -15638535              0           1     -1
     6     -1           0       1e+99 Recomb     -1     -1           4158  1.2474005e-05  3.0000011e-09              0           1     -1
     6     -1           0       1e+99 Resamp     -1     -1  2.5982331e+09         725830  0.00027935523              0           1     -1
     5      0           0         133   Coal      0     -1      308487.76      24.037456  7.7920292e-05      6416.8137      1.5335     -1
     5      1         133       166.2   Coal      0     -1      167024.43       3.761613  2.2521334e-05      22201.171       2.207     -1
     5      2       166.2      207.68   Coal      0     -1      261501.03      1.0541253  4.0310562e-06      124036.97      2.4371     -1
     5      3      207.68      259.53   Coal      0     -1      405287.43      7.0995497   1.751732e-05      28543.179      2.8786     -1
     5      4      259.53      324.31   Coal      0     -1      636915.19      18.313295  2.8753113e-05      17389.421      3.4629     -1
     5      5      324.31      405.26   Coal      0     -1      983494.23      44.099028  4.4839132e-05      11150.974      3.8902     -1
     5      6      405.26      506.42   Coal      0     -1      1515648.8      61.634005  4.0665098e-05      12295.556      5.3691     -1
     5      7      506.42      632.82   Coal      0     -1      2334661.8      111.76544   4.787222e-05      10444.471      6.4007     -1
     5      8      632.82      790.79   Coal      0     -1        3572415      272.36253  7.6240452e-05      6558.1982       6.432     -1
     5      9      790.79      988.18   Coal      0     -1      5420260.7      382.36935  7.0544457e-05      7087.7291      8.7407     -1
     5     10      988.18      1234.8   Coal      0     -1        8226950      490.69843  5.9645242e-05      8382.8983      11.161     -1
     5     11      1234.8      1543.1   Coal      0     -1       12499579      642.81574  5.1426992e-05      9722.5209      12.512     -1
     5     12      1543.1      1928.2   Coal      0     -1       18951462      868.14801  4.5809025e-05       10914.88      14.134     -1
     5     13      1928.2      2409.6   Coal      0     -1       28601079      1173.0384  4.1013783e-05      12191.024      17.664     -1
     5     14      2409.6        3011   Coal      0     -1       43096052      1577.2191  3.6597762e-05      13662.037      21.262     -1
     5     15        3011      3762.6   Coal      0     -1       64576868        2257.99  3.4965926e-05      14299.636      26.726     -1
     5     16      3762.6      4701.8   Coal      0     -1       96309388        3227.37   3.351044e-05      14920.723      28.086     -1
     5     17      4701.8      5875.5   Coal      0     -1  1.4193873e+08        4859.75  3.4238365e-05      14603.501      29.861     -1
     5     18      5875.5      7342.1   Coal      0     -1  2.0854306e+08        5372.11  2.5760196e-05      19409.791      42.236     -1
     5     19      7342.1      9174.7   Coal      0     -1  3.0960343e+08        6148.93  1.9860665e-05       25175.39      46.659     -1
     5     20      9174.7       11465   Coal      0     -1  4.6091784e+08         7828.5  1.6984589e-05      29438.452      60.192     -1
     5     21       11465       14327   Coal      0     -1  6.7923538e+08        11039.5  1.6252834e-05      30763.865      65.294     -1
     5     22       14327       17903   Coal      0     -1  9.7990315e+08       16866.34  1.7212252e-05      29049.075      83.853     -1
     5     23       17903       22372   Coal      0     -1  1.3487706e+09       27990.67  2.0752729e-05      24093.217      90.164     -1
     5     24       22372       27956   Coal      0     -1  1.7446389e+09       41489.92   2.378138e-05      21024.852      99.204     -1
     5     25       27956       34934   Coal      0     -1  2.0894353e+09       58051.09  2.7783148e-05      17996.521       114.1     -1
     5     26       34934       43654   Coal      0     -1  2.2749329e+09       69988.78  3.0765206e-05      16252.126      112.03     -1
     5     27       43654       54551   Coal      0     -1  2.2377288e+09       78221.07  3.4955563e-05      14303.875      110.23     -1
     5     28       54551       68167   Coal      0     -1  1.9579769e+09       72117.12  3.6832468e-05       13574.98      93.645     -1
     5     29       68167       85183   Coal      0     -1  1.6215991e+09       56345.88  3.4747109e-05      14389.686      81.536     -1
     5     30       85183  1.0645e+05   Coal      0     -1  1.5180071e+09       29165.89  1.9213276e-05      26023.672      71.797     -1
     5     31  1.0645e+05  1.3302e+05   Coal      0     -1  1.5367642e+09        28754.4  1.8711003e-05      26722.244      71.495     -1
     5     32  1.3302e+05       1e+99   Coal      0     -1  3.4962789e+09       64766.04  1.8524278e-05      26991.606      54.863     -1
     5     -1           0       1e+99  Delay     -1     -1  2.5982331e+09              0              0              0           1     -1
     5     -1           0       1e+99   LogL     -1     -1              1      -15638571      -15638571              0           1     -1
     5     -1           0       1e+99 Recomb     -1     -1           4158  1.2474005e-05  3.0000011e-09              0           1     -1
     5     -1           0       1e+99 Resamp     -1     -1  2.5982331e+09         723379   0.0002784119              0           1     -1
     4      0           0         133   Coal      0     -1      301200.96      20.779605  6.8989174e-05      7247.5139      1.6252     -1
     4      1         133       166.2   Coal      0     -1      162284.47      4.2286031  2.6056733e-05      19188.899      2.3771     -1
     4      2       166.2      207.68   Coal      0     -1       253450.2      1.2555951  4.9540112e-06      100928.32      2.5294     -1
     4      3      207.68      259.53   Coal      0     -1      398060.28      6.0001145  1.5073382e-05      33171.057      3.2641     -1
     4      4      259.53      324.31   Coal      0     -1      622175.97      19.127743  3.0743301e-05      16263.706      3.6866     -1
     4      5      324.31      405.26   Coal      0     -1      966532.28      32.324828  3.3444127e-05      14950.308      4.1792     -1
     4      6      405.26      506.42   Coal      0     -1      1505312.7      59.007829  3.9199715e-05      12755.195      5.6412     -1
     4      7      506.42      632.82   Coal      0     -1      2328405.6      112.22062  4.8196337e-05      10374.232      6.4437     -1
     4      8      632.82      790.79   Coal      0     -1      3562581.7      260.29606  7.3063886e-05      6843.3261      7.0948     -1
     4      9      790.79      988.18   Coal      0     -1      5434878.5      374.25737  6.8862141e-05      7260.8838      8.4849     -1
     4     10      988.18      1234.8   Coal      0     -1      8256887.9      489.44802  5.9277542e-05      8434.8977      11.128     -1
     4     11      1234.8      1543.1   Coal      0     -1       12508673      627.35251  5.0153404e-05       9969.413      13.195     -1
     4     12      1543.1      1928.2   Coal      0     -1       18965584      848.50063  4.4738967e-05       11175.94      13.624     -1
     4     13      1928.2      2409.6   Coal      0     -1       28633368      1171.3924  4.0910045e-05      12221.937      17.937     -1
     4     14      2409.6        3011   Coal      0     -1       43134956      1591.4666  3.6895056e-05      13551.951      21.721     -1
     4     15        3011      3762.6   Coal      0     -1       64572559        2297.89  3.5586169e-05      14050.403      26.149     -1
     4     16      3762.6      4701.8   Coal      0     -1       96164274        3312.69   3.444824e-05       14514.53      27.342     -1
     4     17      4701.8      5875.5   Coal      0     -1  1.4156873e+08         4981.1  3.5185031e-05      14210.589      29.771     -1
     4     18      5875.5      7342.1   Coal      0     -1  2.0754018e+08         5459.4  2.6305268e-05      19007.599      44.558     -1
     4     19      7342.1      9174.7   Coal      0     -1  3.0804788e+08        6170.13  2.0029776e-05      24962.836      45.726     -1
     4     20      9174.7       11465   Coal      0     -1  4.5900235e+08        7759.76  1.6905708e-05      29575.809      60.449     -1
     4     21       11465       14327   Coal      0     -1  6.7703916e+08       10846.88  1.6021053e-05      31208.936      64.091     -1
     4     22       14327       17903   Coal      0     -1  9.7899683e+08       16556.54   1.691174e-05       29565.26       82.32     -1
     4     23       17903       22372   Coal      0     -1  1.3528937e+09       27521.61  2.0342774e-05      24578.752      92.446     -1
     4     24       22372       27956   Coal      0     -1  1.7554153e+09       41011.44  2.3362813e-05      21401.532      100.58     -1
     4     25       27956       34934   Coal      0     -1  2.1058904e+09       57878.33  2.7484018e-05      18192.391      114.02     -1
     4     26       34934       43654   Coal      0     -1  2.2988455e+09       70299.42  3.0580315e-05      16350.388       114.3     -1
     4     27       43654       54551   Coal      0     -1  2.2574977e+09       79040.13  3.5012274e-05      14280.706      113.73     -1
     4     28       54551       68167   Coal      0     -1  1.9683674e+09       72859.14   3.701501e-05      13508.034      96.567     -1
     4     29       68167       85183   Coal      0     -1  1.6147133e+09       56837.52  3.5199761e-05      14204.642      82.959     -1
     4     30       85183  1.0645e+05   Coal      0     -1  1.5008575e+09       29261.11  1.9496262e-05      25645.942      72.442     -1
     4     31  1.0645e+05  1.3302e+05   Coal      0     -1  1.5138086e+09       28825.88  1.9041959e-05      26257.803      72.527     -1
     4     32  1.3302e+05       1e+99   Coal      0     -1  3.3600702e+09       63494.42  1.8896754e-05      26459.571      56.085     -1
     4     -1           0       1e+99  Delay     -1     -1  2.5982331e+09              0              0              0           1     -1
     4     -1           0       1e+99   LogL     -1     -1              1      -15638796      -15638796              0           1     -1
     4     -1           0       1e+99 Recomb     -1     -1           4158  1.2474005e-05  3.0000011e-09              0           1     -1
     4     -1           0       1e+99 Resamp     -1     -1  2.5982331e+09         720608  0.00027734541              0           1     -1
     3      0           0         133   Coal      0     -1      314968.22      17.250093  5.4767727e-05      9129.4642      1.6238     -1
     3      1         133       166.2   Coal      0     -1      170200.75      1.7496009  1.0279631e-05       48639.88      2.0908     -1
     3      2       166.2      207.68   Coal      0     -1      265792.85     0.89217256  3.3566462e-06      148958.21      2.3487     -1
     3      3      207.68      259.53   Coal      0     -1      411182.69      9.3257326  2.2680266e-05      22045.597       3.561     -1
     3      4      259.53      324.31   Coal      0     -1      639891.35      18.065532  2.8232186e-05      17710.283      3.3209     -1
     3      5      324.31      405.26   Coal      0     -1         988201      34.059243  3.4465906e-05       14507.09      4.0095     -1
     3      6      405.26      506.42   Coal      0     -1      1524631.3      62.933338  4.1277744e-05      12113.065      4.6417     -1
     3      7      506.42      632.82   Coal      0     -1      2347824.4       106.3035   4.527745e-05      11043.025      6.3943     -1
     3      8      632.82      790.79   Coal      0     -1      3589990.7      243.92185  6.7944983e-05      7358.8951      6.7086     -1
     3      9      790.79      988.18   Coal      0     -1      5458706.2      361.96969  6.6310527e-05      7540.2808      8.2164     -1
     3     10      988.18      1234.8   Coal      0     -1      8281142.1      460.98197  5.5666472e-05      8982.0673      10.939     -1
     3     11      1234.8      1543.1   Coal      0     -1       12590525      632.79737  5.0259808e-05      9948.3069      13.224     -1
     3     12      1543.1      1928.2   Coal      0     -1       19108756      842.32049  4.4080341e-05      11342.925        12.8     -1
     3     13      1928.2      2409.6   Coal      0     -1       28777325      1188.7468  4.1308453e-05       12104.06      17.634     -1
     3     14      2409.6        3011   Coal      0     -1       43361751         1630.2  3.7595346e-05      13299.519      20.142     -1
     3     15        3011      3762.6   Coal      0     -1       64818854         2349.7  3.6250255e-05      13793.006      24.558     -1
     3     16      3762.6      4701.8   Coal      0     -1       96284877        3427.02  3.5592505e-05      14047.901      27.281     -1
     3     17      4701.8      5875.5   Coal      0     -1   1.413424e+08        5107.87  3.6138272e-05      13835.747      31.192     -1
     3     18      5875.5      7342.1   Coal      0     -1  2.0681698e+08        5567.53  2.6920081e-05      18573.495      43.764     -1
     3     19      7342.1      9174.7   Coal      0     -1  3.0682432e+08        6218.95  2.0268765e-05      24668.499      44.566     -1
     3     20      9174.7       11465   Coal      0     -1   4.573468e+08         7688.7  1.6811531e-05      29741.491      62.016     -1
     3     21       11465       14327   Coal      0     -1  6.7576012e+08        10639.9  1.5745084e-05      31755.943      63.634     -1
     3     22       14327       17903   Coal      0     -1   9.795801e+08       16227.94  1.6566221e-05      30181.899      82.363     -1
     3     23       17903       22372   Coal      0     -1  1.3566776e+09       27016.57  1.9913773e-05       25108.25      91.659     -1
     3     24       22372       27956   Coal      0     -1  1.7686334e+09       40510.08  2.2904735e-05      21829.547      105.65     -1
     3     25       27956       34934   Coal      0     -1  2.1255653e+09       57637.54  2.7116334e-05       18439.07      114.17     -1
     3     26       34934       43654   Coal      0     -1  2.3269899e+09       70691.52  3.0378955e-05      16458.762      117.65     -1
     3     27       43654       54551   Coal      0     -1  2.2744491e+09       79738.26  3.5058274e-05      14261.969      112.15     -1
     3     28       54551       68167   Coal      0     -1  1.9786388e+09       73718.85  3.7257356e-05      13420.169      96.199     -1
     3     29       68167       85183   Coal      0     -1  1.6104777e+09       57478.21  3.5690162e-05      14009.463      81.981     -1
     3     30       85183  1.0645e+05   Coal      0     -1  1.4850663e+09       29457.75  1.9835983e-05      25206.716      72.052     -1
     3     31  1.0645e+05  1.3302e+05   Coal      0     -1  1.4850897e+09       28883.49  1.9448987e-05       25708.28      71.872     -1
     3     32  1.3302e+05       1e+99   Coal      0     -1  3.2052598e+09       61897.21  1.9311137e-05      25891.795          57     -1
     3     -1           0       1e+99  Delay     -1     -1  2.5982331e+09              0              0              0           1     -1
     3     -1           0       1e+99   LogL     -1     -1              1      -15639028      -15639028              0           1     -1
     3     -1           0       1e+99 Recomb     -1     -1           4158  1.2474005e-05  3.0000011e-09              0           1     -1
     3     -1           0       1e+99 Resamp     -1     -1  2.5982331e+09         717377  0.00027610187              0           1     -1
     2      0           0         133   Coal      0     -1      311236.24      12.170981  3.9105284e-05      12785.996      1.6461     -1
     2      1         133       166.2   Coal      0     -1      168200.43      1.3494014  8.0225802e-06      62324.088       2.672     -1
     2      2       166.2      207.68   Coal      0     -1       260891.1     0.79827756  3.0598114e-06      163408.76      2.5984     -1
     2      3      207.68      259.53   Coal      0     -1      403224.02      7.6778577  1.9041172e-05      26258.888      2.9982     -1
     2      4      259.53      324.31   Coal      0     -1      624949.74      15.320158  2.4514224e-05      20396.322      3.2953     -1
     2      5      324.31      405.26   Coal      0     -1      970624.01      30.845914  3.1779467e-05      15733.429      4.4884     -1
     2      6      405.26      506.42   Coal      0     -1      1507665.4      58.314606  3.8678744e-05      12926.997      4.8931     -1
     2      7      506.42      632.82   Coal      0     -1      2339616.3      98.289081  4.2010769e-05       11901.71      6.6339     -1
     2      8      632.82      790.79   Coal      0     -1      3586359.6      237.68857  6.6275721e-05      7544.2408      7.0513     -1
     2      9      790.79      988.18   Coal      0     -1      5472094.5      327.86145  5.9915166e-05      8345.1326      8.4007     -1
     2     10      988.18      1234.8   Coal      0     -1      8316772.6      442.80427   5.324232e-05      9391.0258      10.461     -1
     2     11      1234.8      1543.1   Coal      0     -1       12632641      608.28291  4.8151682e-05      10383.853      12.818     -1
     2     12      1543.1      1928.2   Coal      0     -1       19183243      828.76818  4.3202714e-05      11573.347      14.279     -1
     2     13      1928.2      2409.6   Coal      0     -1       28968579      1190.1549  4.1084337e-05      12170.088      17.056     -1
     2     14      2409.6        3011   Coal      0     -1       43552960      1684.0132  3.8665872e-05        12931.3      19.323     -1
     2     15        3011      3762.6   Coal      0     -1       64909378        2429.73   3.743265e-05      13357.323      23.491     -1
     2     16      3762.6      4701.8   Coal      0     -1       96220131        3536.67   3.675603e-05       13603.21      27.577     -1
     2     17      4701.8      5875.5   Coal      0     -1  1.4092326e+08        5238.31  3.7171366e-05      13451.214      30.901     -1
     2     18      5875.5      7342.1   Coal      0     -1  2.0598076e+08        5652.11   2.743999e-05      18221.581      43.401     -1
     2     19      7342.1      9174.7   Coal      0     -1   3.053839e+08        6219.35  2.0365677e-05      24551.111      44.611     -1
     2     20      9174.7       11465   Coal      0     -1  4.5553179e+08        7590.24  1.6662372e-05      30007.733      58.732     -1
     2     21       11465       14327   Coal      0     -1  6.7427066e+08       10360.07  1.5364854e-05        32541.8      61.965     -1
     2     22       14327       17903   Coal      0     -1  9.8007534e+08       15835.02  1.6156942e-05      30946.451      82.381     -1
     2     23       17903       22372   Coal      0     -1  1.3616618e+09       26431.49  1.9411201e-05      25758.324      89.828     -1
     2     24       22372       27956   Coal      0     -1  1.7811691e+09       39926.54  2.2415918e-05      22305.578      101.91     -1
     2     25       27956       34934   Coal      0     -1  2.1476029e+09       57346.49  2.6702558e-05      18724.798      108.37     -1
     2     26       34934       43654   Coal      0     -1  2.3579755e+09       71106.32  3.0155665e-05      16580.633       115.6     -1
     2     27       43654       54551   Coal      0     -1  2.3010247e+09       80654.81  3.5051693e-05      14264.646      110.36     -1
     2     28       54551       68167   Coal      0     -1  1.9934817e+09        74799.7  3.7522141e-05      13325.466      95.378     -1
     2     29       68167       85183   Coal      0     -1  1.6076788e+09       58261.24  3.6239353e-05      13797.156      81.604     -1
     2     30       85183  1.0645e+05   Coal      0     -1  1.4667138e+09       29638.35  2.0207317e-05      24743.513      70.517     -1
     2     31  1.0645e+05  1.3302e+05   Coal      0     -1  1.4549892e+09       28969.59  1.9910519e-05      25112.354      71.108     -1
     2     32  1.3302e+05       1e+99   Coal      0     -1  3.0493612e+09        60288.7  1.9770928e-05      25289.658      55.012     -1
     2     -1           0       1e+99  Delay     -1     -1  2.5982331e+09              0              0              0           1     -1
     2     -1           0       1e+99   LogL     -1     -1              1      -15639187      -15639187              0           1     -1
     2     -1           0       1e+99 Recomb     -1     -1           4158  1.2474005e-05  3.0000011e-09              0           1     -1
     2     -1           0       1e+99 Resamp     -1     -1  2.5982331e+09         714313  0.00027492261              0           1     -1
     1      0           0         133   Coal      0     -1      325686.72      14.060497  4.3171847e-05      11581.622      1.4198     -1
     1      1         133       166.2   Coal      0     -1      167659.27      1.8060329  1.0772043e-05      46416.448      2.3337     -1
     1      2       166.2      207.68   Coal      0     -1       259934.8     0.97503932  3.7510919e-06      133294.52      2.5045     -1
     1      3      207.68      259.53   Coal      0     -1       407245.3      6.2564869  1.5362944e-05      32545.845      3.4391     -1
     1      4      259.53      324.31   Coal      0     -1      634800.69      12.179753  1.9186735e-05      26059.671      3.5721     -1
     1      5      324.31      405.26   Coal      0     -1      978723.02      21.655795  2.2126581e-05      22597.255       4.619     -1
     1      6      405.26      506.42   Coal      0     -1      1517589.1      53.735575  3.5408513e-05      14120.898      5.1151     -1
     1      7      506.42      632.82   Coal      0     -1      2345580.3      90.559441  3.8608544e-05      12950.501      5.5544     -1
     1      8      632.82      790.79   Coal      0     -1      3610471.6      210.62287  5.8336666e-05      8570.9389      7.4478     -1
     1      9      790.79      988.18   Coal      0     -1      5526121.9      304.22842  5.5052789e-05      9082.1921      7.4977     -1
     1     10      988.18      1234.8   Coal      0     -1        8396897      425.03068  5.0617588e-05      9877.9894      9.6426     -1
     1     11      1234.8      1543.1   Coal      0     -1       12721941      583.10813  4.5834839e-05      10908.732      13.076     -1
     1     12      1543.1      1928.2   Coal      0     -1       19298337      822.57597  4.2624189e-05      11730.428      15.515     -1
     1     13      1928.2      2409.6   Coal      0     -1       29156149      1213.2943  4.1613667e-05      12015.283      14.978     -1
     1     14      2409.6        3011   Coal      0     -1       43734677       1730.589  3.9570179e-05      12635.778      20.356     -1
     1     15        3011      3762.6   Coal      0     -1       65086601        2504.07  3.8472896e-05      12996.162      24.693     -1
     1     16      3762.6      4701.8   Coal      0     -1       96213964        3670.16  3.8145814e-05      13107.598      28.541     -1
     1     17      4701.8      5875.5   Coal      0     -1  1.4054824e+08        5400.71  3.8426024e-05      13012.015      30.846     -1
     1     18      5875.5      7342.1   Coal      0     -1  2.0519504e+08        5760.63  2.8073924e-05      17810.122      42.381     -1
     1     19      7342.1      9174.7   Coal      0     -1  3.0404586e+08        6224.22  2.0471319e-05      24424.415      47.123     -1
     1     20      9174.7       11465   Coal      0     -1  4.5396715e+08         7487.5  1.6493484e-05      30315.002       61.03     -1
     1     21       11465       14327   Coal      0     -1  6.7325349e+08        10077.5  1.4968359e-05      33403.795      63.135     -1
     1     22       14327       17903   Coal      0     -1  9.8068065e+08       15402.23  1.5705653e-05      31835.671      81.066     -1
     1     23       17903       22372   Coal      0     -1  1.3687797e+09       25788.49  1.8840497e-05      26538.577      93.533     -1
     1     24       22372       27956   Coal      0     -1  1.7980067e+09       39258.87  2.1834662e-05       22899.37      104.54     -1
     1     25       27956       34934   Coal      0     -1  2.1729038e+09       56968.22  2.6217553e-05      19071.193      107.05     -1
     1     26       34934       43654   Coal      0     -1  2.3936636e+09       71523.95  2.9880536e-05      16733.301      118.15     -1
     1     27       43654       54551   Coal      0     -1  2.3320815e+09       81703.38   3.503453e-05      14271.634      111.19     -1
     1     28       54551       68167   Coal      0     -1  2.0051097e+09       75805.23  3.7806027e-05      13225.404      94.119     -1
     1     29       68167       85183   Coal      0     -1  1.6080626e+09       59322.54  3.6890691e-05      13553.555       81.46     -1
     1     30       85183  1.0645e+05   Coal      0     -1  1.4485543e+09       29937.27  2.0666998e-05       24193.16      69.839     -1
     1     31  1.0645e+05  1.3302e+05   Coal      0     -1  1.4202453e+09       29052.83  2.0456206e-05       24442.46       69.95     -1
     1     32  1.3302e+05       1e+99   Coal      0     -1  2.8775138e+09       58545.84  2.0345981e-05      24574.878      54.361     -1
     1     -1           0       1e+99  Delay     -1     -1  2.5982331e+09              0              0              0           1     -1
     1     -1           0       1e+99   LogL     -1     -1              1      -15639559      -15639559              0           1     -1
     1     -1           0       1e+99 Recomb     -1     -1           4158  1.2474005e-05  3.0000011e-09              0           1     -1
     1     -1           0       1e+99 Resamp     -1     -1  2.5982331e+09         710461  0.00027344006              0           1     -1
     0      0           0         133   Coal      0     -1      317308.35      7.7197392  2.4328825e-05      20551.753      1.3813     -1
     0      1         133       166.2   Coal      0     -1      169655.29     0.80494397  4.7445851e-06      105383.29      2.3648     -1
     0      2       166.2      207.68   Coal      0     -1      264470.32      1.5576276  5.8896121e-06      84895.234      2.5674     -1
     0      3      207.68      259.53   Coal      0     -1      410919.61      4.1664207   1.013926e-05      49313.265      2.6231     -1
     0      4      259.53      324.31   Coal      0     -1      639379.05      10.493194  1.6411539e-05      30466.368      3.7085     -1
     0      5      324.31      405.26   Coal      0     -1      985338.16      18.321209  1.8593828e-05      26890.643      3.8294     -1
     0      6      405.26      506.42   Coal      0     -1      1528035.7      37.299572  2.4410143e-05      20483.288       6.193     -1
     0      7      506.42      632.82   Coal      0     -1      2361123.8      80.287773   3.400405e-05      14704.131      6.0654     -1
     0      8      632.82      790.79   Coal      0     -1      3621706.2      194.86468  5.3804662e-05       9292.875      6.6187     -1
     0      9      790.79      988.18   Coal      0     -1      5540938.4       269.9405  4.8717469e-05      10263.259      9.1197     -1
     0     10      988.18      1234.8   Coal      0     -1      8419364.8      386.86933  4.5949943e-05      10881.406      10.527     -1
     0     11      1234.8      1543.1   Coal      0     -1       12815213      563.71072   4.398762e-05      11366.835      11.729     -1
     0     12      1543.1      1928.2   Coal      0     -1       19450173      807.97698  4.1540865e-05      12036.341      15.176     -1
     0     13      1928.2      2409.6   Coal      0     -1       29350682      1202.8041  4.0980448e-05       12200.94       16.01     -1
     0     14      2409.6        3011   Coal      0     -1       43949001      1772.2209  4.0324488e-05      12399.414      20.482     -1
     0     15        3011      3762.6   Coal      0     -1       65306792        2597.92  3.9780242e-05      12569.054      25.534     -1
     0     16      3762.6      4701.8   Coal      0     -1       96377366        3812.89   3.956209e-05      12638.362      30.323     -1
     0     17      4701.8      5875.5   Coal      0     -1  1.4031931e+08        5555.14  3.9589276e-05      12629.683      31.286     -1
     0     18      5875.5      7342.1   Coal      0     -1  2.0488124e+08         5867.7  2.8639518e-05      17458.394      39.791     -1
     0     19      7342.1      9174.7   Coal      0     -1  3.0275096e+08        6221.66  2.0550422e-05        24330.4       49.88     -1
     0     20      9174.7       11465   Coal      0     -1  4.5202864e+08        7334.09  1.6224835e-05      30816.954       57.65     -1
     0     21       11465       14327   Coal      0     -1  6.7222132e+08        9748.49  1.4501905e-05      34478.228      68.082     -1
     0     22       14327       17903   Coal      0     -1  9.8187174e+08       14885.41  1.5160239e-05      32981.011      82.048     -1
     0     23       17903       22372   Coal      0     -1   1.376152e+09       25048.58  1.8201899e-05      27469.661       94.44     -1
     0     24       22372       27956   Coal      0     -1  1.8202926e+09       38596.55  2.1203487e-05      23581.027      114.24     -1
     0     25       27956       34934   Coal      0     -1   2.205924e+09       56500.49  2.5613072e-05      19521.282      111.66     -1
     0     26       34934       43654   Coal      0     -1  2.4301849e+09       71808.92  2.9548747e-05      16921.191      117.39     -1
     0     27       43654       54551   Coal      0     -1   2.374518e+09       83076.07  3.4986498e-05      14291.227      116.47     -1
     0     28       54551       68167   Coal      0     -1  2.0313677e+09       77378.52  3.8091833e-05      13126.173      100.15     -1
     0     29       68167       85183   Coal      0     -1  1.6028079e+09       60298.84  3.7620753e-05      13290.537      84.222     -1
     0     30       85183  1.0645e+05   Coal      0     -1  1.4298692e+09       30320.08  2.1204793e-05      23579.574      72.449     -1
     0     31  1.0645e+05  1.3302e+05   Coal      0     -1  1.3752962e+09       29021.97  2.1102342e-05      23694.053      70.374     -1
     0     32  1.3302e+05       1e+99   Coal      0     -1  2.6838188e+09       56479.51  2.1044457e-05      23759.226      59.109     -1
     0     -1           0       1e+99  Delay     -1     -1  2.5982331e+09              0              0              0           1     -1
     0     -1           0       1e+99   LogL     -1     -1              1      -15640196      -15640196              0           1     -1
     0     -1           0       1e+99 Recomb     -1     -1           4158  1.2474005e-05  3.0000011e-09              0           1     -1
     0     -1           0       1e+99 Resamp     -1     -1  2.5982331e+09         706811  0.00027203526              0           1     -1
