  Iter  Epoch       Start         End   Type   From     To            Opp          Count           Rate             Ne         ESS  Clump
    10      0           0         133   Coal      0     -1      308278.03      28.898146  9.3740529e-05      5333.8722      1.4812     -1
    10      1         133       166.2   Coal      0     -1      167699.48      1.9712638   1.175474e-05      42536.032      2.2318     -1
    10      2       166.2      207.68   Coal      0     -1      262436.58      3.0419629  1.1591231e-05      43136.058      2.3884     -1
    10      3      207.68      259.53   Coal      0     -1      408069.08     0.15667003  3.8393018e-07      1302320.1      2.3554     -1
    10      4      259.53      324.31   Coal      0     -1      627073.13      19.452027  3.1020349e-05      16118.452      3.4489     -1
    10      5      324.31      405.26   Coal      0     -1      965504.92      32.621673  3.3787164e-05      14798.519      4.2808     -1
    10      6      405.26      506.42   Coal      0     -1      1497171.6      40.803218  2.7253535e-05      18346.244        5.09     -1
    10      7      506.42      632.82   Coal      0     -1      2315709.6      99.572786  4.2998822e-05      11628.226      6.1282     -1
    10      8      632.82      790.79   Coal      0     -1      3558623.9      266.36896  7.4851674e-05      6679.8773      6.2441     -1
    10      9      790.79      988.18   Coal      0     -1      5403554.8      353.70171  6.5457226e-05      7638.5761      9.5732     -1
    10     10      988.18      1234.8   Coal      0     -1      8210339.3      513.36472  6.2526614e-05      7996.5949      11.801     -1
    10     11      1234.8      1543.1   Coal      0     -1       12430901      662.00011  5.3254396e-05      9388.8962      12.353     -1
    10     12      1543.1      1928.2   Coal      0     -1       18831102      850.71497   4.517606e-05      11067.809      16.666     -1
    10     13      1928.2      2409.6   Coal      0     -1       28542770      1086.3539  3.8060562e-05      13136.958      17.119     -1
    10     14      2409.6        3011   Coal      0     -1       43219451      1473.2255  3.4087094e-05      14668.308      20.421     -1
    10     15        3011      3762.6   Coal      0     -1       65213365        1903.58  2.9190029e-05      17129.137      25.939     -1
    10     16      3762.6      4701.8   Coal      0     -1       98061701        2790.21  2.8453616e-05      17572.459      29.233     -1
    10     17      4701.8      5875.5   Coal      0     -1  1.4585602e+08        4302.34  2.9497172e-05      16950.778      34.648     -1
    10     18      5875.5      7342.1   Coal      0     -1  2.1631869e+08        5001.53  2.3121118e-05      21625.252       36.95     -1
    10     19      7342.1      9174.7   Coal      0     -1   3.216783e+08        5910.25   1.837317e-05      27213.595      52.868     -1
    10     20      9174.7       11465   Coal      0     -1  4.7822276e+08        7945.54  1.6614726e-05      30093.786      58.132     -1
    10     21       11465       14327   Coal      0     -1  7.0206502e+08       11711.58  1.6681617e-05      29973.113      66.007     -1
    10     22       14327       17903   Coal      0     -1  1.0052127e+09       18279.39  1.8184599e-05      27495.795      83.061     -1
    10     23       17903       22372   Coal      0     -1  1.3664035e+09       30631.72  2.2417771e-05      22303.734      88.081     -1
    10     24       22372       27956   Coal      0     -1  1.7438451e+09        43849.2  2.5145123e-05      19884.571       98.72     -1
    10     25       27956       34934   Coal      0     -1  2.0635908e+09       59587.23  2.8875506e-05      17315.714      108.02     -1
    10     26       34934       43654   Coal      0     -1  2.2443089e+09       70096.14   3.123284e-05      16008.791      110.25     -1
    10     27       43654       54551   Coal      0     -1  2.2244589e+09        76667.9  3.4465865e-05      14507.107      107.46     -1
    10     28       54551       68167   Coal      0     -1  1.9811753e+09       71285.99  3.5981666e-05      13895.966      91.953     -1
    10     29       68167       85183   Coal      0     -1  1.6660012e+09       55773.79   3.347764e-05      14935.342      79.401     -1
    10     30       85183  1.0645e+05   Coal      0     -1  1.5930511e+09       29287.06  1.8384257e-05      27197.183      71.758     -1
    10     31  1.0645e+05  1.3302e+05   Coal      0     -1  1.6584501e+09       29258.09  1.7641827e-05      28341.736      73.027     -1
    10     32  1.3302e+05       1e+99   Coal      0     -1  4.0536812e+09       70640.43  1.7426242e-05      28692.359      58.645     -1
    10     -1           0       1e+99  Delay     -1     -1  2.5971229e+09              0              0              0           1     -1
    10     -1           0       1e+99   LogL     -1     -1              1      -15903826      -15903826              0           1     -1
    10     -1           0       1e+99 Recomb     -1     -1           4191  1.2573004e-05   3.000001e-09              0           1     -1
    10     -1           0       1e+99 Resamp     -1     -1  2.5971229e+09         740483  0.00028511666              0           1     -1
     9      0           0         133   Coal      0     -1      308413.97      32.132576  0.00010418651      4799.0857      1.5032     -1
     9      1         133       166.2   Coal      0     -1      163529.38       1.396652  8.5406797e-06       58543.35      2.2469     -1
     9      2       166.2      207.68   Coal      0     -1      256468.86      2.0498243  7.9924879e-06      62558.743      2.4859     -1
     9      3      207.68      259.53   Coal      0     -1      396488.05     0.30981867  7.8140734e-07      639871.13      3.3399     -1
     9      4      259.53      324.31   Coal      0     -1      619996.09      18.426089  2.9719686e-05      16823.865      3.6747     -1
     9      5      324.31      405.26   Coal      0     -1      965328.06      34.079681   3.530373e-05      14162.809      4.5719     -1
     9      6      405.26      506.42   Coal      0     -1      1502260.9      39.933551  2.6582302e-05      18809.507      5.1414     -1
     9      7      506.42      632.82   Coal      0     -1        2327422      96.856323  4.1615281e-05      12014.817       6.698     -1
     9      8      632.82      790.79   Coal      0     -1      3567393.4      271.78337  7.6185422e-05      6562.9354      6.7482     -1
     9      9      790.79      988.18   Coal      0     -1      5434315.3      334.53623  6.1559961e-05      8122.1624      9.0059     -1
     9     10      988.18      1234.8   Coal      0     -1      8248325.7       520.2525   6.307371e-05      7927.2331      12.325     -1
     9     11      1234.8      1543.1   Coal      0     -1       12484558      641.01367  5.1344524e-05      9738.1369       12.86     -1
     9     12      1543.1      1928.2   Coal      0     -1       18923999      847.55359  4.4787235e-05      11163.895      13.783     -1
     9     13      1928.2      2409.6   Coal      0     -1       28675734      1100.6147  3.8381395e-05      13027.145      17.747     -1
     9     14      2409.6        3011   Coal      0     -1       43374825        1480.26  3.4127169e-05      14651.083      20.732     -1
     9     15        3011      3762.6   Coal      0     -1       65387826        1930.78  2.9528127e-05      16933.008      23.484     -1
     9     16      3762.6      4701.8   Coal      0     -1       98252896        2855.94  2.9067235e-05      17201.499      27.242     -1
     9     17      4701.8      5875.5   Coal      0     -1  1.4587626e+08        4374.97  2.9990966e-05      16671.687       34.83     -1
     9     18      5875.5      7342.1   Coal      0     -1  2.1592614e+08        5077.09  2.3513086e-05      21264.754      38.605     -1
     9     19      7342.1      9174.7   Coal      0     -1  3.2084785e+08        5952.84  1.8553467e-05      26949.141      51.287     -1
     9     20      9174.7       11465   Coal      0     -1  4.7720552e+08        7949.72  1.6658902e-05      30013.983      56.979     -1
     9     21       11465       14327   Coal      0     -1  7.0129655e+08       11626.58  1.6578693e-05      30159.193      70.415     -1
     9     22       14327       17903   Coal      0     -1  1.0043744e+09          18111  1.8032121e-05      27728.297      81.365     -1
     9     23       17903       22372   Coal      0     -1  1.3684166e+09       30319.76   2.215682e-05      22566.415      88.359     -1
     9     24       22372       27956   Coal      0     -1  1.7499064e+09       43573.22  2.4900314e-05      20080.068      98.672     -1
     9     25       27956       34934   Coal      0     -1  2.0746808e+09       59539.29  2.8698048e-05      17422.788      111.03     -1
     9     26       34934       43654   Coal      0     -1  2.2574858e+09       70353.84  3.1164688e-05      16043.799      112.68     -1
     9     27       43654       54551   Coal      0     -1  2.2345954e+09       77214.29  3.4554036e-05       14470.09      110.66     -1
     9     28       54551       68167   Coal      0     -1  1.9823849e+09        71586.5  3.6111302e-05      13846.081      93.499     -1
     9     29       68167       85183   Coal      0     -1  1.6655537e+09       56067.88  3.3663207e-05      14853.012      79.926     -1
     9     30       85183  1.0645e+05   Coal      0     -1  1.5862784e+09       29313.35  1.8479322e-05       27057.27      71.912     -1
     9     31  1.0645e+05  1.3302e+05   Coal      0     -1  1.6432535e+09       29278.13  1.7817172e-05      28062.815      72.643     -1
     9     32  1.3302e+05       1e+99   Coal      0     -1  3.9733369e+09       69834.48  1.7575776e-05      28448.246      57.807     -1
     9     -1           0       1e+99  Delay     -1     -1  2.5971229e+09              0              0              0           1     -1
     9     -1           0       1e+99   LogL     -1     -1              1      -15903877      -15903877              0           1     -1
     9     -1           0       1e+99 Recomb     -1     -1           4191  1.2573004e-05   3.000001e-09              0           1     -1
     9     -1           0       1e+99 Resamp     -1     -1  2.5971229e+09         738525  0.00028436275              0           1     -1
     8      0           0         133   Coal      0     -1      308670.32      25.527533  8.2701611e-05      6045.8315      1.5168     -1
     8      1         133       166.2   Coal      0     -1      165851.74      1.6856432  1.0163554e-05      49195.388      2.0412     -1
     8      2       166.2      207.68   Coal      0     -1      258313.35      3.4161645  1.3224886e-05       37807.51      2.3566     -1
     8      3      207.68      259.53   Coal      0     -1      400353.09     0.81020705  2.0237312e-06      247068.38      3.5112     -1
     8      4      259.53      324.31   Coal      0     -1      621685.47      14.985976  2.4105398e-05      20742.242      3.7782     -1
     8      5      324.31      405.26   Coal      0     -1      964061.44      35.195429  3.6507454e-05      13695.833      4.3853     -1
     8      6      405.26      506.42   Coal      0     -1      1505952.1      30.944198   2.054793e-05      24333.352      4.8672     -1
     8      7      506.42      632.82   Coal      0     -1      2327839.6      95.224714  4.0906906e-05      12222.875      6.1875     -1
     8      8      632.82      790.79   Coal      0     -1        3574760      275.14492  7.6968781e-05      6496.1403      6.5961     -1
     8      9      790.79      988.18   Coal      0     -1      5421309.6       318.4326  5.8737211e-05      8512.4914      9.1452     -1
     8     10      988.18      1234.8   Coal      0     -1      8236329.3      513.37926  6.2331074e-05      8021.6811      11.883     -1
     8     11      1234.8      1543.1   Coal      0     -1       12502846      634.53719  5.0751418e-05      9851.9414      11.915     -1
     8     12      1543.1      1928.2   Coal      0     -1       18940819      823.85012  4.3496014e-05      11495.306      14.436     -1
     8     13      1928.2      2409.6   Coal      0     -1       28706592      1100.9335  3.8351244e-05      13037.387      17.516     -1
     8     14      2409.6        3011   Coal      0     -1       43412361        1494.46  3.4424758e-05       14524.43      21.158     -1
     8     15        3011      3762.6   Coal      0     -1       65351226        1948.37  2.9813825e-05      16770.743      26.554     -1
     8     16      3762.6      4701.8   Coal      0     -1       98120598         2902.5  2.9580945e-05      16902.773      28.463     -1
     8     17      4701.8      5875.5   Coal      0     -1  1.4556705e+08        4452.97  3.0590507e-05       16344.94      32.646     -1
     8     18      5875.5      7342.1   Coal      0     -1  2.1539834e+08        5148.54  2.3902413e-05       20918.39      38.495     -1
     8     19      7342.1      9174.7   Coal      0     -1   3.197336e+08        5978.22  1.8697503e-05      26741.539      51.547     -1
     8     20      9174.7       11465   Coal      0     -1    4.75708e+08         7934.8   1.667998e-05      29976.055      59.017     -1
     8     21       11465       14327   Coal      0     -1  6.9943877e+08       11519.43  1.6469533e-05      30359.088      68.762     -1
     8     22       14327       17903   Coal      0     -1  1.0035669e+09       17904.98  1.7841343e-05      28024.797      86.458     -1
     8     23       17903       22372   Coal      0     -1  1.3690983e+09       29932.61   2.186301e-05      22869.678      89.801     -1
     8     24       22372       27956   Coal      0     -1   1.756916e+09       43244.28  2.4613744e-05      20313.854       104.6     -1
     8     25       27956       34934   Coal      0     -1  2.0863265e+09          59462  2.8500813e-05      17543.359      111.05     -1
     8     26       34934       43654   Coal      0     -1  2.2710516e+09       70585.23  3.1080416e-05      16087.301      111.43     -1
     8     27       43654       54551   Coal      0     -1  2.2440887e+09       77741.75  3.4642904e-05       14432.97      109.88     -1
     8     28       54551       68167   Coal      0     -1  1.9852705e+09       71951.42  3.6242628e-05      13795.909      93.186     -1
     8     29       68167       85183   Coal      0     -1  1.6549135e+09       56142.84   3.392494e-05       14738.42      78.921     -1
     8     30       85183  1.0645e+05   Coal      0     -1  1.5799872e+09       29386.21  1.8599017e-05      26883.141      72.122     -1
     8     31  1.0645e+05  1.3302e+05   Coal      0     -1   1.627459e+09       29296.42  1.8001326e-05      27775.732      71.555     -1
     8     32  1.3302e+05       1e+99   Coal      0     -1  3.8968887e+09          69185  1.7753907e-05      28162.815      57.527     -1
     8     -1           0       1e+99  Delay     -1     -1  2.5971229e+09              0              0              0           1     -1
     8     -1           0       1e+99   LogL     -1     -1              1      -15903946      -15903946              0           1     -1
     8     -1           0       1e+99 Recomb     -1     -1           4191  1.2573004e-05   3.000001e-09              0           1     -1
     8     -1           0       1e+99 Resamp     -1     -1  2.5971229e+09         737849  0.00028410246              0           1     -1
     7      0           0         133   Coal      0     -1      310659.31      33.952366  0.00010929132      4574.9288      1.5623     -1
     7      1         133       166.2   Coal      0     -1       164819.5      2.1044758  1.2768367e-05      39159.276      2.2839     -1
     7      2       166.2      207.68   Coal      0     -1      257179.25      3.0674981  1.1927471e-05      41920.034       2.509     -1
     7      3      207.68      259.53   Coal      0     -1      402096.68       1.036863  2.5786409e-06      193900.59      2.8743     -1
     7      4      259.53      324.31   Coal      0     -1      624731.34      19.183412  3.0706658e-05      16283.114      3.5171     -1
     7      5      324.31      405.26   Coal      0     -1      971109.74      32.419323  3.3383789e-05      14977.329      4.2632     -1
     7      6      405.26      506.42   Coal      0     -1      1504315.6      32.355214  2.1508263e-05       23246.88      5.2637     -1
     7      7      506.42      632.82   Coal      0     -1      2322809.1      89.461327  3.8514283e-05      12982.197      6.1134     -1
     7      8      632.82      790.79   Coal      0     -1      3559350.5      264.22001  7.4232647e-05      6735.5809       6.382     -1
     7      9      790.79      988.18   Coal      0     -1        5430456      315.43438  5.8086168e-05      8607.9013      8.7589     -1
     7     10      988.18      1234.8   Coal      0     -1      8225592.8      498.70272   6.062818e-05      8246.9901      11.922     -1
     7     11      1234.8      1543.1   Coal      0     -1       12494555      618.27295  4.9483392e-05        10104.4      11.814     -1
     7     12      1543.1      1928.2   Coal      0     -1       18971381      815.56633  4.2989297e-05      11630.802      13.236     -1
     7     13      1928.2      2409.6   Coal      0     -1       28715729       1100.305  3.8317153e-05      13048.986      18.202     -1
     7     14      2409.6        3011   Coal      0     -1       43424931      1511.4052  3.4805011e-05      14365.748       21.54     -1
     7     15        3011      3762.6   Coal      0     -1       65430863        1993.51  3.0467426e-05      16410.969      24.579     -1
     7     16      3762.6      4701.8   Coal      0     -1       98121139        2959.65  3.0163225e-05      16576.477      27.123     -1
     7     17      4701.8      5875.5   Coal      0     -1   1.453357e+08        4566.64  3.1421324e-05      15912.761       32.15     -1
     7     18      5875.5      7342.1   Coal      0     -1  2.1482414e+08        5225.35  2.4323849e-05      20555.957      37.633     -1
     7     19      7342.1      9174.7   Coal      0     -1  3.1889101e+08        6039.71  1.8939731e-05       26399.53      47.267     -1
     7     20      9174.7       11465   Coal      0     -1  4.7455823e+08        7921.96  1.6693336e-05      29952.072      58.199     -1
     7     21       11465       14327   Coal      0     -1  6.9782671e+08       11388.82  1.6320413e-05       30636.48      68.059     -1
     7     22       14327       17903   Coal      0     -1  1.0026652e+09       17673.85  1.7626871e-05      28365.783      83.241     -1
     7     23       17903       22372   Coal      0     -1  1.3710249e+09       29540.43  2.1546239e-05      23205.906      87.724     -1
     7     24       22372       27956   Coal      0     -1  1.7637639e+09       42881.99  2.4312773e-05      20565.322      103.04     -1
     7     25       27956       34934   Coal      0     -1  2.0984285e+09       59328.14  2.8272652e-05      17684.934      110.28     -1
     7     26       34934       43654   Coal      0     -1   2.284878e+09       70801.91  3.0987173e-05      16135.709      111.58     -1
     7     27       43654       54551   Coal      0     -1  2.2543818e+09        78287.5  3.4726816e-05      14398.095      110.11     -1
     7     28       54551       68167   Coal      0     -1  1.9904405e+09       72419.41  3.6383609e-05      13742.452      93.055     -1
     7     29       68167       85183   Coal      0     -1  1.6517801e+09       56401.31  3.4145775e-05        14643.1      77.646     -1
     7     30       85183  1.0645e+05   Coal      0     -1  1.5718994e+09       29481.19  1.8755138e-05      26659.362      71.483     -1
     7     31  1.0645e+05  1.3302e+05   Coal      0     -1  1.6079753e+09       29289.27     1.8215e-05      27449.905      70.381     -1
     7     32  1.3302e+05       1e+99   Coal      0     -1  3.8054797e+09        68473.3  1.7993343e-05      27788.055      55.763     -1
     7     -1           0       1e+99  Delay     -1     -1  2.5971229e+09              0              0              0           1     -1
     7     -1           0       1e+99   LogL     -1     -1              1      -15903922      -15903922              0           1     -1
     7     -1           0       1e+99 Recomb     -1     -1           4191  1.2573004e-05   3.000001e-09              0           1     -1
     7     -1           0       1e+99 Resamp     -1     -1  2.5971229e+09         736107  0.00028343172              0           1     -1
     6      0           0         133   Coal      0     -1      303217.73      28.193469  9.2980939e-05      5377.4462      1.5731     -1
     6      1         133       166.2   Coal      0     -1      162835.52      3.3962263  2.0856791e-05      23973.008      2.1492     -1
     6      2       166.2      207.68   Coal      0     -1      255444.91      3.8884438   1.522224e-05      32846.676      2.4698     -1
     6      3      207.68      259.53   Coal      0     -1      399292.45     0.53840349  1.3483939e-06      370811.54      3.0418     -1
     6      4      259.53      324.31   Coal      0     -1      620521.89      20.982684  3.3814576e-05      14786.523      3.5033     -1
     6      5      324.31      405.26   Coal      0     -1      960465.49        31.8478  3.3158713e-05      15078.993      4.5144     -1
     6      6      405.26      506.42   Coal      0     -1      1497985.8      37.651864  2.5134994e-05      19892.585      5.3303     -1
     6      7      506.42      632.82   Coal      0     -1      2326141.1      88.307641  3.7963148e-05      13170.668      6.1379     -1
     6      8      632.82      790.79   Coal      0     -1      3576207.3       250.9148  7.0162264e-05      7126.3378      6.0218     -1
     6      9      790.79      988.18   Coal      0     -1      5453293.5      324.48985  5.9503464e-05      8402.8722      8.5278     -1
     6     10      988.18      1234.8   Coal      0     -1        8257107       489.5376  5.9286818e-05      8433.5779      12.154     -1
     6     11      1234.8      1543.1   Coal      0     -1       12526378      609.40839  4.8650006e-05      10277.491      11.872     -1
     6     12      1543.1      1928.2   Coal      0     -1       19010861      797.18042  4.1932895e-05      11923.813      13.252     -1
     6     13      1928.2      2409.6   Coal      0     -1       28789297        1112.72  3.8650474e-05      12936.452      18.522     -1
     6     14      2409.6        3011   Coal      0     -1       43577370        1525.51  3.5006932e-05      14282.886       22.17     -1
     6     15        3011      3762.6   Coal      0     -1       65491235        2029.27  3.0985368e-05      16136.649      25.169     -1
     6     16      3762.6      4701.8   Coal      0     -1       98136689        3002.47  3.0594776e-05      16342.659      27.725     -1
     6     17      4701.8      5875.5   Coal      0     -1  1.4514597e+08        4656.16  3.2079154e-05      15586.446      31.485     -1
     6     18      5875.5      7342.1   Coal      0     -1  2.1420471e+08         5320.6  2.4838857e-05      20129.751      39.545     -1
     6     19      7342.1      9174.7   Coal      0     -1  3.1758432e+08         6089.2  1.9173491e-05      26077.672      51.503     -1
     6     20      9174.7       11465   Coal      0     -1  4.7282433e+08        7912.29  1.6734101e-05      29879.108      60.424     -1
     6     21       11465       14327   Coal      0     -1  6.9609762e+08       11268.13  1.6187572e-05      30887.894      67.437     -1
     6     22       14327       17903   Coal      0     -1  1.0020314e+09       17440.27  1.7404914e-05      28727.519      84.272     -1
     6     23       17903       22372   Coal      0     -1   1.373078e+09       29125.73     2.1212e-05      23571.563       87.14     -1
     6     24       22372       27956   Coal      0     -1  1.7728047e+09       42535.49  2.3993331e-05      20839.124      104.29     -1
     6     25       27956       34934   Coal      0     -1   2.113841e+09       59247.56   2.802839e-05      17839.055      111.21     -1
     6     26       34934       43654   Coal      0     -1  2.3015309e+09       70990.38  3.0844853e-05       16210.16      111.94     -1
     6     27       43654       54551   Coal      0     -1  2.2682581e+09       78948.93  3.4805973e-05       14365.35      111.06     -1
     6     28       54551       68167   Coal      0     -1  1.9930885e+09        72868.8  3.6560745e-05       13675.87       93.43     -1
     6     29       68167       85183   Coal      0     -1  1.6549684e+09       56935.85  3.4402984e-05      14533.623       80.51     -1
     6     30       85183  1.0645e+05   Coal      0     -1  1.5595013e+09       29526.79  1.8933482e-05      26408.243      70.937     -1
     6     31  1.0645e+05  1.3302e+05   Coal      0     -1  1.5892408e+09       29351.92  1.8469146e-05      27072.177      70.692     -1
     6     32  1.3302e+05       1e+99   Coal      0     -1  3.6890417e+09          67374   1.826328e-05      27377.339      55.194     -1
     6     -1           0       1e+99  Delay     -1     -1  2.5971229e+09              0              0              0           1     -1
     6     -1           0       1e+99   LogL     -1     -1              1      -15904088      -15904088              0           1     -1
     6     -1           0       1e+99 Recomb     -1     -1           4191  1.2573004e-05   3.000001e-09              0           1     -1
     6     -1           0       1e+99 Resamp     -1     -1  2.5971229e+09         734574  0.00028284145              0           1     -1
     5      0           0         133   Coal      0     -1      311629.46      28.844034  9.2558753e-05      5401.9743       1.564     -1
     5      1         133       166.2   Coal      0     -1      166659.93      6.3358227  3.8016473e-05      13152.193      2.3033     -1
     5      2       166.2      207.68   Coal      0     -1      258246.77      2.2185215  8.5907038e-06      58202.449      2.6379     -1
     5      3      207.68      259.53   Coal      0     -1      407115.13     0.86335707  2.1206706e-06      235774.48      2.9824     -1
     5      4      259.53      324.31   Coal      0     -1      628251.19      23.408915  3.7260438e-05      13419.058      3.6534     -1
     5      5      324.31      405.26   Coal      0     -1      968405.57      30.331577  3.1321151e-05      15963.654      4.2619     -1
     5      6      405.26      506.42   Coal      0     -1      1500022.2      39.024137  2.6015707e-05      19219.158      5.3983     -1
     5      7      506.42      632.82   Coal      0     -1      2319522.6      81.472338  3.5124615e-05      14235.032      6.0973     -1
     5      8      632.82      790.79   Coal      0     -1      3566302.4      252.58317  7.0824944e-05      7059.6596      7.0566     -1
     5      9      790.79      988.18   Coal      0     -1        5436198      308.39005  5.6728995e-05      8813.8349       8.124     -1
     5     10      988.18      1234.8   Coal      0     -1      8277978.5      472.23194  5.7046771e-05       8764.738      11.163     -1
     5     11      1234.8      1543.1   Coal      0     -1       12551052       586.7821  4.6751626e-05      10694.815      13.919     -1
     5     12      1543.1      1928.2   Coal      0     -1       19073190      773.59491  4.0559283e-05      12327.634      14.396     -1
     5     13      1928.2      2409.6   Coal      0     -1       28860846      1105.6822  3.8310804e-05      13051.149      18.757     -1
     5     14      2409.6        3011   Coal      0     -1       43544282        1550.84  3.5615239e-05      14038.934      22.187     -1
     5     15        3011      3762.6   Coal      0     -1       65458282        2084.19  3.1839974e-05      15703.531      24.953     -1
     5     16      3762.6      4701.8   Coal      0     -1       97954564        3083.95  3.1483474e-05      15881.348      28.426     -1
     5     17      4701.8      5875.5   Coal      0     -1  1.4471388e+08        4774.67  3.2993863e-05      15154.333      32.616     -1
     5     18      5875.5      7342.1   Coal      0     -1  2.1329378e+08        5379.78  2.5222395e-05      19823.653       38.78     -1
     5     19      7342.1      9174.7   Coal      0     -1  3.1609069e+08        6119.96  1.9361406e-05      25824.571      47.986     -1
     5     20      9174.7       11465   Coal      0     -1  4.7077616e+08        7874.78  1.6727228e-05      29891.385      60.444     -1
     5     21       11465       14327   Coal      0     -1  6.9418378e+08          11114   1.601017e-05       31230.15       69.85     -1
     5     22       14327       17903   Coal      0     -1  1.0012761e+09          17165  1.7143124e-05      29166.213      86.241     -1
     5     23       17903       22372   Coal      0     -1  1.3751452e+09        28626.2  2.0816857e-05      24018.996      86.021     -1
     5     24       22372       27956   Coal      0     -1  1.7803435e+09       42065.42  2.3627699e-05      21161.604      101.73     -1
     5     25       27956       34934   Coal      0     -1  2.1303666e+09       59137.97  2.7759528e-05      18011.834      113.86     -1
     5     26       34934       43654   Coal      0     -1  2.3224172e+09       71279.38  3.0691892e-05      16290.947      113.81     -1
     5     27       43654       54551   Coal      0     -1  2.2815034e+09       79583.84  3.4882192e-05      14333.962      109.52     -1
     5     28       54551       68167   Coal      0     -1  2.0015543e+09       73545.75   3.674432e-05      13607.545      93.963     -1
     5     29       68167       85183   Coal      0     -1  1.6547037e+09       57523.58  3.4763675e-05      14382.829      81.553     -1
     5     30       85183  1.0645e+05   Coal      0     -1  1.5458485e+09       29614.49  1.9157434e-05      26099.529      72.044     -1
     5     31  1.0645e+05  1.3302e+05   Coal      0     -1  1.5662106e+09       29377.54  1.8757081e-05      26656.599      71.884     -1
     5     32  1.3302e+05       1e+99   Coal      0     -1  3.5533345e+09       66041.28   1.858572e-05      26902.375      56.148     -1
     5     -1           0       1e+99  Delay     -1     -1  2.5971229e+09              0              0              0           1     -1
     5     -1           0       1e+99   LogL     -1     -1              1      -15904139      -15904139              0           1     -1
     5     -1           0       1e+99 Recomb     -1     -1           4191  1.2573004e-05   3.000001e-09              0           1     -1
     5     -1           0       1e+99 Resamp     -1     -1  2.5971229e+09         731805  0.00028177527              0           1     -1
     4      0           0         133   Coal      0     -1      306981.98       24.70785  8.0486322e-05      6212.2357      1.5705     -1
     4      1         133       166.2   Coal      0     -1      163895.02      6.9966803  4.2690012e-05      11712.342      2.2323     -1
     4      2       166.2      207.68   Coal      0     -1      255754.13     0.81067252  3.1697339e-06      157741.95      2.7316     -1
     4      3      207.68      259.53   Coal      0     -1      397508.33       1.737308  4.3704945e-06      114403.53      2.9641     -1
     4      4      259.53      324.31   Coal      0     -1      616598.78      19.669521  3.1900032e-05      15673.965      3.5778     -1
     4      5      324.31      405.26   Coal      0     -1      956566.13      30.412418  3.1793325e-05      15726.571      4.2869     -1
     4      6      405.26      506.42   Coal      0     -1      1486883.2       40.11166  2.6977008e-05      18534.302      5.3021     -1
     4      7      506.42      632.82   Coal      0     -1        2300518      77.236528  3.3573538e-05      14892.681      6.4476     -1
     4      8      632.82      790.79   Coal      0     -1      3528501.6      235.48392  6.6737655e-05      7492.0223      6.5744     -1
     4      9      790.79      988.18   Coal      0     -1      5397591.5       293.6666  5.4406971e-05      9189.9988      8.5557     -1
     4     10      988.18      1234.8   Coal      0     -1      8225155.5      448.35635   5.451038e-05       9172.565      11.578     -1
     4     11      1234.8      1543.1   Coal      0     -1       12542157      574.52897  4.5807827e-05      10915.165      12.922     -1
     4     12      1543.1      1928.2   Coal      0     -1       19094207      777.19286   4.070307e-05      12284.086       13.91     -1
     4     13      1928.2      2409.6   Coal      0     -1       28924290      1103.1434  3.8138997e-05      13109.941      18.247     -1
     4     14      2409.6        3011   Coal      0     -1       43637118        1581.95  3.6252394e-05      13792.193      20.792     -1
     4     15        3011      3762.6   Coal      0     -1       65579567        2128.71  3.2459958e-05      15403.593      24.701     -1
     4     16      3762.6      4701.8   Coal      0     -1       97969247        3194.57  3.2607885e-05      15333.714      26.967     -1
     4     17      4701.8      5875.5   Coal      0     -1  1.4440099e+08        4894.14  3.3892704e-05      14752.438      31.401     -1
     4     18      5875.5      7342.1   Coal      0     -1  2.1266372e+08        5490.53  2.5817897e-05      19366.411      37.551     -1
     4     19      7342.1      9174.7   Coal      0     -1  3.1485624e+08        6173.43  1.9607139e-05      25500.916      48.754     -1
     4     20      9174.7       11465   Coal      0     -1  4.6879073e+08        7820.15  1.6681537e-05      29973.257      58.934     -1
     4     21       11465       14327   Coal      0     -1  6.9179198e+08       10949.52  1.5827764e-05       31590.06      66.297     -1
     4     22       14327       17903   Coal      0     -1  9.9995964e+08        16850.7   1.685138e-05       29671.16      84.076     -1
     4     23       17903       22372   Coal      0     -1  1.3781611e+09       28096.36  2.0386847e-05      24525.617      87.107     -1
     4     24       22372       27956   Coal      0     -1  1.7917773e+09       41608.36  2.3221837e-05      21531.458      105.45     -1
     4     25       27956       34934   Coal      0     -1  2.1473907e+09       58979.36  2.7465593e-05      18204.595      114.63     -1
     4     26       34934       43654   Coal      0     -1  2.3438805e+09       71548.84  3.0525805e-05      16379.584      115.13     -1
     4     27       43654       54551   Coal      0     -1  2.2980117e+09       80270.62  3.4930466e-05      14314.152      110.37     -1
     4     28       54551       68167   Coal      0     -1  2.0071405e+09       74184.38  3.6960233e-05      13528.053      94.102     -1
     4     29       68167       85183   Coal      0     -1  1.6453816e+09       57934.22  3.5210203e-05      14200.429      79.461     -1
     4     30       85183  1.0645e+05   Coal      0     -1  1.5330488e+09       29785.31  1.9428807e-05      25734.982      70.228     -1
     4     31  1.0645e+05  1.3302e+05   Coal      0     -1  1.5426149e+09       29430.54  1.9078345e-05      26207.724      70.132     -1
     4     32  1.3302e+05       1e+99   Coal      0     -1  3.4138446e+09       64669.37  1.8943267e-05      26394.603      54.816     -1
     4     -1           0       1e+99  Delay     -1     -1  2.5971229e+09              0              0              0           1     -1
     4     -1           0       1e+99   LogL     -1     -1              1      -15904421      -15904421              0           1     -1
     4     -1           0       1e+99 Recomb     -1     -1           4191  1.2573004e-05   3.000001e-09              0           1     -1
     4     -1           0       1e+99 Resamp     -1     -1  2.5971229e+09         729938  0.00028105639              0           1     -1
     3      0           0         133   Coal      0     -1      310502.26      24.857191  8.0054783e-05       6245.723      1.5774     -1
     3      1         133       166.2   Coal      0     -1      164850.54      6.8133337  4.1330369e-05      12097.642      2.3581     -1
     3      2       166.2      207.68   Coal      0     -1      258924.31      2.3777336  9.1831222e-06      54447.713      2.4824     -1
     3      3      207.68      259.53   Coal      0     -1      401402.42       2.644914   6.589183e-06      75881.941      3.2718     -1
     3      4      259.53      324.31   Coal      0     -1      625583.11      22.043786  3.5237182e-05      14189.557      3.5064     -1
     3      5      324.31      405.26   Coal      0     -1      963494.14      34.663771  3.5977148e-05      13897.711      4.0037     -1
     3      6      405.26      506.42   Coal      0     -1      1496307.3      36.500517  2.4393731e-05       20497.07      4.7994     -1
     3      7      506.42      632.82   Coal      0     -1      2326810.5      71.923911  3.0910945e-05      16175.501      6.2099     -1
     3      8      632.82      790.79   Coal      0     -1      3567131.7      226.30544  6.3441852e-05      7881.2328      6.9587     -1
     3      9      790.79      988.18   Coal      0     -1      5447290.7      285.39228  5.2391602e-05      9543.5143      8.0967     -1
     3     10      988.18      1234.8   Coal      0     -1      8298307.3      432.82971  5.2158795e-05       9586.111      11.173     -1
     3     11      1234.8      1543.1   Coal      0     -1       12617988      578.74505  4.5866666e-05      10901.163       12.54     -1
     3     12      1543.1      1928.2   Coal      0     -1       19195137      770.42393  4.0136412e-05      12457.516      14.242     -1
     3     13      1928.2      2409.6   Coal      0     -1       29047710      1124.6022  3.8715691e-05      12914.661      16.968     -1
     3     14      2409.6        3011   Coal      0     -1       43803063        1604.15  3.6621868e-05      13653.045       19.22     -1
     3     15        3011      3762.6   Coal      0     -1       65634558        2204.54  3.3588099e-05      14886.225      23.992     -1
     3     16      3762.6      4701.8   Coal      0     -1       97843878        3282.88  3.3552227e-05       14902.14      27.161     -1
     3     17      4701.8      5875.5   Coal      0     -1  1.4403716e+08        5029.47  3.4917864e-05      14319.318      30.806     -1
     3     18      5875.5      7342.1   Coal      0     -1  2.1157882e+08         5567.5  2.6314071e-05      19001.241      37.481     -1
     3     19      7342.1      9174.7   Coal      0     -1  3.1320897e+08        6223.41  1.9869833e-05      25163.774      47.774     -1
     3     20      9174.7       11465   Coal      0     -1    4.66727e+08        7759.18  1.6624665e-05      30075.794      58.142     -1
     3     21       11465       14327   Coal      0     -1  6.9011193e+08       10744.97  1.5569895e-05      32113.255      68.334     -1
     3     22       14327       17903   Coal      0     -1  9.9928691e+08       16507.47   1.651925e-05      30267.718      84.709     -1
     3     23       17903       22372   Coal      0     -1  1.3816891e+09       27515.36  1.9914292e-05      25107.597      86.797     -1
     3     24       22372       27956   Coal      0     -1   1.802107e+09       41070.43  2.2790228e-05      21939.228      102.39     -1
     3     25       27956       34934   Coal      0     -1  2.1651968e+09       58717.87  2.7118952e-05       18437.29      109.73     -1
     3     26       34934       43654   Coal      0     -1  2.3713833e+09        71937.3  3.0335585e-05      16482.293      114.85     -1
     3     27       43654       54551   Coal      0     -1  2.3220916e+09       81190.38  3.4964331e-05      14300.288      111.45     -1
     3     28       54551       68167   Coal      0     -1  2.0213818e+09        75154.3  3.7179666e-05      13448.211      95.627     -1
     3     29       68167       85183   Coal      0     -1  1.6407546e+09       58570.86  3.5697515e-05      14006.577      80.097     -1
     3     30       85183  1.0645e+05   Coal      0     -1  1.5163787e+09       29953.31  1.9753186e-05      25312.372      69.689     -1
     3     31  1.0645e+05  1.3302e+05   Coal      0     -1  1.5159726e+09       29495.92  1.9456763e-05      25698.006      69.027     -1
     3     32  1.3302e+05       1e+99   Coal      0     -1  3.2609457e+09       63096.76  1.9349221e-05      25840.833      54.725     -1
     3     -1           0       1e+99  Delay     -1     -1  2.5971229e+09              0              0              0           1     -1
     3     -1           0       1e+99   LogL     -1     -1              1      -15904572      -15904572              0           1     -1
     3     -1           0       1e+99 Recomb     -1     -1           4191  1.2573004e-05   3.000001e-09              0           1     -1
     3     -1           0       1e+99 Resamp     -1     -1  2.5971229e+09         726502  0.00027973339              0           1     -1
     2      0           0         133   Coal      0     -1      307183.32      18.294003  5.9554026e-05       8395.738      1.6713     -1
     2      1         133       166.2   Coal      0     -1      165860.09      6.4749237  3.9038467e-05       12807.88      2.7418     -1
     2      2       166.2      207.68   Coal      0     -1      258363.25      1.7701505  6.8514019e-06      72977.765      2.7894     -1
     2      3      207.68      259.53   Coal      0     -1      401444.37      2.4489043  6.1002333e-06      81964.079       3.136     -1
     2      4      259.53      324.31   Coal      0     -1      623141.81      20.011631  3.2114088e-05      15569.491      3.3385     -1
     2      5      324.31      405.26   Coal      0     -1       974510.9      27.789775  2.8516638e-05      17533.624      4.3988     -1
     2      6      405.26      506.42   Coal      0     -1      1504832.1      34.795705   2.312265e-05      21623.819      4.7594     -1
     2      7      506.42      632.82   Coal      0     -1      2330796.7      69.768316  2.9933249e-05      16703.833      5.7085     -1
     2      8      632.82      790.79   Coal      0     -1      3583763.8      211.54633  5.9029093e-05      8470.3995       7.355     -1
     2      9      790.79      988.18   Coal      0     -1      5476673.7      270.30728  4.9356105e-05      10130.459      7.4533     -1
     2     10      988.18      1234.8   Coal      0     -1      8352273.5      423.38725  5.0691258e-05      9863.6337      10.441     -1
     2     11      1234.8      1543.1   Coal      0     -1       12674079      569.36884  4.4923882e-05      11129.938        12.8     -1
     2     12      1543.1      1928.2   Coal      0     -1       19286535      768.08032  3.9824692e-05      12555.025       14.19     -1
     2     13      1928.2      2409.6   Coal      0     -1       29193479      1141.2593  3.9092954e-05      12790.029      15.446     -1
     2     14      2409.6        3011   Coal      0     -1       43842629        1647.77  3.7583741e-05      13303.625      20.485     -1
     2     15        3011      3762.6   Coal      0     -1       65624892         2289.4  3.4886153e-05      14332.334      24.745     -1
     2     16      3762.6      4701.8   Coal      0     -1       97580819        3410.45  3.4950004e-05       14306.15      28.864     -1
     2     17      4701.8      5875.5   Coal      0     -1  1.4324733e+08        5177.09  3.6140919e-05      13834.734      31.284     -1
     2     18      5875.5      7342.1   Coal      0     -1  2.1024697e+08        5661.81   2.692933e-05      18567.116      38.296     -1
     2     19      7342.1      9174.7   Coal      0     -1  3.1124811e+08        6238.69  2.0044106e-05      24944.989      49.524     -1
     2     20      9174.7       11465   Coal      0     -1  4.6412718e+08        7672.82  1.6531719e-05      30244.889      58.224     -1
     2     21       11465       14327   Coal      0     -1  6.8742044e+08       10496.97  1.5270087e-05      32743.756       65.98     -1
     2     22       14327       17903   Coal      0     -1  9.9852558e+08       16117.18  1.6140979e-05      30977.056      81.783     -1
     2     23       17903       22372   Coal      0     -1  1.3873521e+09       26888.52   1.938118e-05      25798.223       93.72     -1
     2     24       22372       27956   Coal      0     -1  1.8143362e+09       40447.61  2.2293338e-05      22428.225      104.84     -1
     2     25       27956       34934   Coal      0     -1   2.186717e+09       58346.64    2.66823e-05      18739.014      109.68     -1
     2     26       34934       43654   Coal      0     -1  2.4015914e+09        72303.4  3.0106453e-05      16607.735      117.23     -1
     2     27       43654       54551   Coal      0     -1  2.3491496e+09       82187.17  3.4985924e-05      14291.462      112.71     -1
     2     28       54551       68167   Coal      0     -1  2.0338511e+09       76147.93  3.7440268e-05      13354.605      96.549     -1
     2     29       68167       85183   Coal      0     -1  1.6361324e+09       59295.36  3.6241176e-05      13796.462      80.681     -1
     2     30       85183  1.0645e+05   Coal      0     -1  1.4994355e+09       30235.15  2.0164356e-05       24796.23      70.461     -1
     2     31  1.0645e+05  1.3302e+05   Coal      0     -1  1.4798519e+09       29477.15  1.9918987e-05      25101.678      69.777     -1
     2     32  1.3302e+05       1e+99   Coal      0     -1  3.0959812e+09       61368.98  1.9822142e-05      25224.317      54.112     -1
     2     -1           0       1e+99  Delay     -1     -1  2.5971229e+09              0              0              0           1     -1
     2     -1           0       1e+99   LogL     -1     -1              1      -15904772      -15904772              0           1     -1
     2     -1           0       1e+99 Recomb     -1     -1           4191  1.2573004e-05   3.000001e-09              0           1     -1
     2     -1           0       1e+99 Resamp     -1     -1  2.5971229e+09         723082  0.00027841655              0           1     -1
     1      0           0         133   Coal      0     -1      309920.82      11.798968  3.8070911e-05      13133.387      1.5195     -1
     1      1         133       166.2   Coal      0     -1      165460.89      5.1518248  3.1136209e-05      16058.474      2.2046     -1
     1      2       166.2      207.68   Coal      0     -1      256366.88      1.9775913   7.713911e-06      64817.963      2.6969     -1
     1      3      207.68      259.53   Coal      0     -1      399158.23      2.7765732  6.9560716e-06      71879.651      3.1571     -1
     1      4      259.53      324.31   Coal      0     -1      619222.56      12.318065   1.989279e-05      25134.734      4.4028     -1
     1      5      324.31      405.26   Coal      0     -1      969882.58      24.709509  2.5476805e-05      19625.695      4.1267     -1
     1      6      405.26      506.42   Coal      0     -1      1511211.5      36.152205  2.3922665e-05      20900.682      5.2614     -1
     1      7      506.42      632.82   Coal      0     -1      2343427.8      70.109234  2.9917386e-05       16712.69      5.6375     -1
     1      8      632.82      790.79   Coal      0     -1      3593410.3      194.95129  5.4252444e-05      9216.1747      7.2486     -1
     1      9      790.79      988.18   Coal      0     -1      5494212.5      263.99812  4.8050221e-05      10405.779      8.5689     -1
     1     10      988.18      1234.8   Coal      0     -1      8375030.7      398.04779  4.7527921e-05      10520.132      9.9355     -1
     1     11      1234.8      1543.1   Coal      0     -1       12718430      554.81514  4.3622926e-05      11461.863       13.06     -1
     1     12      1543.1      1928.2   Coal      0     -1       19339250      775.81638  4.0116156e-05      12463.806      14.247     -1
     1     13      1928.2      2409.6   Coal      0     -1       29259360      1165.1726  3.9822216e-05      12555.806      14.806     -1
     1     14      2409.6        3011   Coal      0     -1       43982705        1699.52  3.8640643e-05      12939.743      20.265     -1
     1     15        3011      3762.6   Coal      0     -1       65610778        2398.34  3.6554055e-05      13678.373      25.814     -1
     1     16      3762.6      4701.8   Coal      0     -1       97308317        3573.94  3.6728002e-05      13613.591      29.416     -1
     1     17      4701.8      5875.5   Coal      0     -1  1.4244487e+08        5356.34  3.7602898e-05      13296.848      31.744     -1
     1     18      5875.5      7342.1   Coal      0     -1  2.0875094e+08        5778.02  2.7679013e-05      18064.228      37.529     -1
     1     19      7342.1      9174.7   Coal      0     -1  3.0913577e+08        6254.01  2.0230625e-05      24715.005      48.241     -1
     1     20      9174.7       11465   Coal      0     -1  4.6151908e+08        7560.24  1.6381208e-05      30522.779       56.53     -1
     1     21       11465       14327   Coal      0     -1  6.8551359e+08        10216.7  1.4903716e-05       33548.68      67.292     -1
     1     22       14327       17903   Coal      0     -1   9.980214e+08       15649.96  1.5680986e-05      31885.749      82.633     -1
     1     23       17903       22372   Coal      0     -1  1.3934722e+09       26217.35  1.8814404e-05      26575.383      97.338     -1
     1     24       22372       27956   Coal      0     -1  1.8332287e+09       39863.86  2.1745165e-05      22993.617      112.51     -1
     1     25       27956       34934   Coal      0     -1  2.2114068e+09       57909.07   2.618653e-05      19093.786      109.37     -1
     1     26       34934       43654   Coal      0     -1  2.4353505e+09       72651.61  2.9832096e-05      16760.472       118.3     -1
     1     27       43654       54551   Coal      0     -1  2.3775193e+09       83198.64  3.4993886e-05       14288.21      113.96     -1
     1     28       54551       68167   Coal      0     -1  2.0464869e+09       77229.64  3.7737666e-05      13249.362      97.253     -1
     1     29       68167       85183   Coal      0     -1  1.6347004e+09       60234.71  3.6847554e-05      13569.422      81.719     -1
     1     30       85183  1.0645e+05   Coal      0     -1  1.4775572e+09       30484.76  2.0631864e-05      24234.359       70.55     -1
     1     31  1.0645e+05  1.3302e+05   Coal      0     -1  1.4451845e+09       29578.08  2.0466647e-05      24429.991      69.679     -1
     1     32  1.3302e+05       1e+99   Coal      0     -1  2.9202357e+09       59543.39  2.0389926e-05      24521.914      56.056     -1
     1     -1           0       1e+99  Delay     -1     -1  2.5971229e+09              0              0              0           1     -1
     1     -1           0       1e+99   LogL     -1     -1              1      -15905237      -15905237              0           1     -1
     1     -1           0       1e+99 Recomb     -1     -1           4191  1.2573004e-05   3.000001e-09              0           1     -1
     1     -1           0       1e+99 Resamp     -1     -1  2.5971229e+09         718984  0.00027683865              0           1     -1
     0      0           0         133   Coal      0     -1      293518.81       5.295885  1.8042745e-05       27711.97      1.3917     -1
     0      1         133       166.2   Coal      0     -1      164698.72      3.9614803   2.405289e-05      20787.522      2.3538     -1
     0      2       166.2      207.68   Coal      0     -1      258333.85      1.4195725  5.4951083e-06      90990.017      2.5607     -1
     0      3      207.68      259.53   Coal      0     -1      401984.41      1.9829519  4.9329074e-06       101360.1      2.6148     -1
     0      4      259.53      324.31   Coal      0     -1      627206.34      6.9778454  1.1125279e-05      44942.694      3.7214     -1
     0      5      324.31      405.26   Coal      0     -1      969739.95       18.86075  1.9449287e-05      25707.884      3.7966     -1
     0      6      405.26      506.42   Coal      0     -1      1502408.8      33.437947  2.2256225e-05      22465.625      6.1784     -1
     0      7      506.42      632.82   Coal      0     -1      2332637.7      62.434226  2.6765505e-05      18680.761      6.0437     -1
     0      8      632.82      790.79   Coal      0     -1        3601784      171.72952  4.7679018e-05      10486.793      6.5157     -1
     0      9      790.79      988.18   Coal      0     -1      5508417.2      248.75525  4.5159116e-05      11071.962        8.92     -1
     0     10      988.18      1234.8   Coal      0     -1      8432673.2      371.09494  4.4006797e-05      11361.881      10.053     -1
     0     11      1234.8      1543.1   Coal      0     -1       12832601      546.57704   4.259285e-05      11739.059      11.314     -1
     0     12      1543.1      1928.2   Coal      0     -1       19421648      793.96308  4.0880314e-05      12230.826      14.859     -1
     0     13      1928.2      2409.6   Coal      0     -1       29331597      1196.3157  4.0785905e-05      12259.137      15.853     -1
     0     14      2409.6        3011   Coal      0     -1       44013047      1748.7619  3.9732807e-05      12584.059      20.351     -1
     0     15        3011      3762.6   Coal      0     -1       65530961        2538.01  3.8729937e-05       12909.91      25.645     -1
     0     16      3762.6      4701.8   Coal      0     -1       97052072         3754.9   3.868954e-05       12923.39      30.292     -1
     0     17      4701.8      5875.5   Coal      0     -1  1.4162429e+08         5550.8  3.9193841e-05      12757.107       31.16     -1
     0     18      5875.5      7342.1   Coal      0     -1  2.0713695e+08        5857.76  2.8279648e-05       17680.56      39.561     -1
     0     19      7342.1      9174.7   Coal      0     -1  3.0668036e+08        6239.91  2.0346624e-05      24574.101      49.361     -1
     0     20      9174.7       11465   Coal      0     -1  4.5853352e+08        7391.03  1.6118843e-05      31019.595      56.689     -1
     0     21       11465       14327   Coal      0     -1   6.827549e+08        9885.43  1.4478739e-05      34533.394      66.302     -1
     0     22       14327       17903   Coal      0     -1  9.9768008e+08       15106.76  1.5141888e-05      33020.981       80.21     -1
     0     23       17903       22372   Coal      0     -1  1.3983677e+09       25462.38  1.8208645e-05      27459.485      93.454     -1
     0     24       22372       27956   Coal      0     -1  1.8501421e+09       39171.97  2.1172412e-05      23615.637      113.99     -1
     0     25       27956       34934   Coal      0     -1    2.24329e+09          57435  2.5603021e-05      19528.946       111.2     -1
     0     26       34934       43654   Coal      0     -1  2.4726237e+09       72988.93  2.9518818e-05      16938.348      117.08     -1
     0     27       43654       54551   Coal      0     -1  2.4161568e+09       84498.75  3.4972378e-05      14296.997      117.13     -1
     0     28       54551       68167   Coal      0     -1  2.0677317e+09       78675.55  3.8049207e-05      13140.878      100.44     -1
     0     29       68167       85183   Coal      0     -1  1.6319215e+09       61327.29  3.7579803e-05      13305.019      83.435     -1
     0     30       85183  1.0645e+05   Coal      0     -1  1.4554098e+09        30831.5  2.1184068e-05      23602.643      71.219     -1
     0     31  1.0645e+05  1.3302e+05   Coal      0     -1  1.3995507e+09       29522.19  2.1094049e-05      23703.368      68.344     -1
     0     32  1.3302e+05       1e+99   Coal      0     -1  2.7260471e+09       57429.64  2.1067002e-05      23733.799      58.496     -1
     0     -1           0       1e+99  Delay     -1     -1  2.5971229e+09              0              0              0           1     -1
     0     -1           0       1e+99   LogL     -1     -1              1      -15905704      -15905704              0           1     -1
     0     -1           0       1e+99 Recomb     -1     -1           4191  1.2573004e-05   3.000001e-09              0           1     -1
     0     -1           0       1e+99 Resamp     -1     -1  2.5971229e+09         714575    0.000275141              0           1     -1
