  Iter  Epoch       Start         End   Type   From     To            Opp          Count           Rate             Ne         ESS  Clump
    10      0           0         133   Coal      0     -1      301765.56      52.826298  0.00017505741      2856.2058      1.4493     -1
    10      1         133       166.2   Coal      0     -1      159712.16      15.111779  9.4618837e-05        5284.36      2.3033     -1
    10      2       166.2      207.68   Coal      0     -1      246546.31      6.8687626  2.7859929e-05      17946.923      2.6501     -1
    10      3      207.68      259.53   Coal      0     -1      386904.67      13.581541  3.5103069e-05      14243.769      3.0213     -1
    10      4      259.53      324.31   Coal      0     -1      604755.25      42.451029  7.0195388e-05      7122.9751      3.2765     -1
    10      5      324.31      405.26   Coal      0     -1       937341.1      82.130785  8.7621022e-05      5706.3932      4.2784     -1
    10      6      405.26      506.42   Coal      0     -1      1439855.5      89.766604  6.2344177e-05      8019.9952      5.2445     -1
    10      7      506.42      632.82   Coal      0     -1      2216412.5      204.84179  9.2420427e-05      5410.0594      6.0777     -1
    10      8      632.82      790.79   Coal      0     -1      3363835.6      304.90935  9.0643357e-05      5516.1241      7.7502     -1
    10      9      790.79      988.18   Coal      0     -1      5129896.8       372.0818  7.2532024e-05      6893.5068      8.4267     -1
    10     10      988.18      1234.8   Coal      0     -1      7801956.8      465.90777  5.9716784e-05      8372.8554      10.738     -1
    10     11      1234.8      1543.1   Coal      0     -1       11925951      512.63609  4.2984925e-05      11631.985      10.626     -1
    10     12      1543.1      1928.2   Coal      0     -1       18266697      592.15808  3.2417359e-05      15423.835      15.134     -1
    10     13      1928.2      2409.6   Coal      0     -1       28026119      738.07864  2.6335386e-05      18985.862      16.833     -1
    10     14      2409.6        3011   Coal      0     -1       42997410      946.26462   2.200748e-05      22719.548      22.118     -1
    10     15        3011      3762.6   Coal      0     -1       65710127      1397.3054  2.1264689e-05      23513.158      25.785     -1
    10     16      3762.6      4701.8   Coal      0     -1       99884183      2177.0779  2.1796023e-05      22939.965      30.738     -1
    10     17      4701.8      5875.5   Coal      0     -1  1.4991432e+08        3716.15  2.4788493e-05      20170.649      34.826     -1
    10     18      5875.5      7342.1   Coal      0     -1   2.228392e+08         4820.8  2.1633537e-05      23112.263      37.188     -1
    10     19      7342.1      9174.7   Coal      0     -1  3.2991234e+08        6116.12  1.8538622e-05      26970.721      46.902     -1
    10     20      9174.7       11465   Coal      0     -1   4.877972e+08      8388.6724  1.7197049e-05      29074.756       57.49     -1
    10     21       11465       14327   Coal      0     -1  7.1112799e+08       12304.32  1.7302539e-05      28897.493      64.519     -1
    10     22       14327       17903   Coal      0     -1  1.0127589e+09       18743.08  1.8506951e-05      27016.876      81.735     -1
    10     23       17903       22372   Coal      0     -1  1.3709497e+09       31289.04  2.2822894e-05      21907.827      86.096     -1
    10     24       22372       27956   Coal      0     -1  1.7418177e+09       44476.36  2.5534451e-05      19581.388      94.932     -1
    10     25       27956       34934   Coal      0     -1  2.0511846e+09       60300.35  2.9397817e-05      17008.066      104.38     -1
    10     26       34934       43654   Coal      0     -1  2.2182896e+09       70394.44  3.1733656e-05      15756.142      108.58     -1
    10     27       43654       54551   Coal      0     -1  2.1849213e+09       76402.06  3.4967878e-05      14298.838      106.78     -1
    10     28       54551       68167   Coal      0     -1  1.9297425e+09       70136.61  3.6345062e-05      13757.027      88.374     -1
    10     29       68167       85183   Coal      0     -1  1.6316101e+09       54439.29  3.3365379e-05      14985.593      76.996     -1
    10     30       85183  1.0645e+05   Coal      0     -1  1.5644915e+09       28639.38  1.8305871e-05      27313.642      69.397     -1
    10     31  1.0645e+05  1.3302e+05   Coal      0     -1  1.6363775e+09       28437.24  1.7378166e-05      28771.736      71.465     -1
    10     32  1.3302e+05       1e+99   Coal      0     -1   4.178269e+09       70831.84  1.6952437e-05      29494.285      53.157     -1
    10     -1           0       1e+99  Delay     -1     -1  2.5961648e+09              0              0              0           1     -1
    10     -1           0       1e+99   LogL     -1     -1              1      -15833847      -15833847              0           1     -1
    10     -1           0       1e+99 Recomb     -1     -1           4257  1.2771005e-05  3.0000011e-09              0           1     -1
    10     -1           0       1e+99 Resamp     -1     -1  2.5961648e+09         737810  0.00028419229              0           1     -1
     9      0           0         133   Coal      0     -1      309756.99      56.351219  0.00018192073      2748.4498       1.443     -1
     9      1         133       166.2   Coal      0     -1      160707.64      12.638702  7.8644065e-05      6357.7589      2.0575     -1
     9      2       166.2      207.68   Coal      0     -1      250569.48      6.8640276   2.739371e-05      18252.366       2.502     -1
     9      3      207.68      259.53   Coal      0     -1      393728.45      12.257335  3.1131445e-05      16060.931      2.8519     -1
     9      4      259.53      324.31   Coal      0     -1      608783.04      43.200987  7.0962863e-05       7045.939      3.6195     -1
     9      5      324.31      405.26   Coal      0     -1      940363.13      83.802553  8.9117226e-05      5610.5876      4.0245     -1
     9      6      405.26      506.42   Coal      0     -1      1453968.4      89.726589  6.1711514e-05      8102.2158       4.921     -1
     9      7      506.42      632.82   Coal      0     -1        2220273       197.6265  8.9009997e-05      5617.3466      5.7689     -1
     9      8      632.82      790.79   Coal      0     -1        3372352      308.26297  9.1408896e-05      5469.9271      7.6426     -1
     9      9      790.79      988.18   Coal      0     -1      5131452.2      362.17838  7.0580094e-05      7084.1504      8.4699     -1
     9     10      988.18      1234.8   Coal      0     -1      7825220.8      441.25092  5.6388302e-05      8867.0873      10.125     -1
     9     11      1234.8      1543.1   Coal      0     -1       11983525       508.1426  4.2403433e-05      11791.498      11.005     -1
     9     12      1543.1      1928.2   Coal      0     -1       18334907      591.34431  3.2252376e-05      15502.734      15.135     -1
     9     13      1928.2      2409.6   Coal      0     -1       28098395      746.21904  2.6557355e-05      18827.176      17.404     -1
     9     14      2409.6        3011   Coal      0     -1       43139127      969.15319  2.2465758e-05      22256.093      21.517     -1
     9     15        3011      3762.6   Coal      0     -1       65883977      1453.1322  2.2055928e-05      22669.643      24.463     -1
     9     16      3762.6      4701.8   Coal      0     -1       99944350        2252.64  2.2538943e-05      22183.827      29.745     -1
     9     17      4701.8      5875.5   Coal      0     -1  1.4967113e+08      3826.2091  2.5564109e-05      19558.671       35.14     -1
     9     18      5875.5      7342.1   Coal      0     -1  2.2240242e+08        4893.46  2.2002728e-05      22724.455      36.902     -1
     9     19      7342.1      9174.7   Coal      0     -1  3.2903283e+08        6154.82  1.8705793e-05      26729.688      47.942     -1
     9     20      9174.7       11465   Coal      0     -1  4.8668544e+08        8348.03  1.7152825e-05      29149.718      58.036     -1
     9     21       11465       14327   Coal      0     -1  7.1005067e+08        12201.7  1.7184266e-05      29096.383      65.817     -1
     9     22       14327       17903   Coal      0     -1  1.0123146e+09       18556.74  1.8331001e-05      27276.197      82.856     -1
     9     23       17903       22372   Coal      0     -1  1.3723315e+09       30966.82  2.2565116e-05      22158.096      86.834     -1
     9     24       22372       27956   Coal      0     -1  1.7474656e+09       44141.21   2.526013e-05      19794.039      97.866     -1
     9     25       27956       34934   Coal      0     -1   2.060602e+09       60184.01  2.9207004e-05      17119.182      105.65     -1
     9     26       34934       43654   Coal      0     -1   2.230404e+09       70589.34  3.1648679e-05      15798.448      109.66     -1
     9     27       43654       54551   Coal      0     -1  2.1940413e+09       76924.88  3.5060816e-05      14260.934      107.73     -1
     9     28       54551       68167   Coal      0     -1    1.93381e+09       70469.59  3.6440804e-05      13720.883      88.912     -1
     9     29       68167       85183   Coal      0     -1  1.6298338e+09       54753.36  3.3594444e-05      14883.413       77.54     -1
     9     30       85183  1.0645e+05   Coal      0     -1  1.5606254e+09       28740.93  1.8416291e-05      27149.876      70.002     -1
     9     31  1.0645e+05  1.3302e+05   Coal      0     -1  1.6247086e+09       28518.45  1.7552963e-05      28485.219      69.312     -1
     9     32  1.3302e+05       1e+99   Coal      0     -1  4.0797891e+09       69961.33  1.7148271e-05      29157.458       51.45     -1
     9     -1           0       1e+99  Delay     -1     -1  2.5961648e+09              0              0              0           1     -1
     9     -1           0       1e+99   LogL     -1     -1              1      -15833831      -15833831              0           1     -1
     9     -1           0       1e+99 Recomb     -1     -1           4257  1.2771005e-05  3.0000011e-09              0           1     -1
     9     -1           0       1e+99 Resamp     -1     -1  2.5961648e+09         737717  0.00028415646              0           1     -1
     8      0           0         133   Coal      0     -1      316466.84      64.472209  0.00020372501      2454.2888        1.42     -1
     8      1         133       166.2   Coal      0     -1         165556      13.134827  7.9337666e-05      6302.1768       2.464     -1
     8      2       166.2      207.68   Coal      0     -1      258065.41       5.929973  2.2978566e-05      21759.409      2.6114     -1
     8      3      207.68      259.53   Coal      0     -1      397738.19      13.550361  3.4068543e-05      14676.295       2.921     -1
     8      4      259.53      324.31   Coal      0     -1      618225.88      37.724487  6.1020556e-05      8193.9601      3.3638     -1
     8      5      324.31      405.26   Coal      0     -1      954963.82      76.677829  8.0293962e-05      6227.1183      4.1432     -1
     8      6      405.26      506.42   Coal      0     -1      1460508.5      94.752302  6.4876242e-05      7706.9816      4.9788     -1
     8      7      506.42      632.82   Coal      0     -1        2222441      193.53932  8.7084118e-05      5741.5751      5.9762     -1
     8      8      632.82      790.79   Coal      0     -1      3381699.2      305.41902  9.0315253e-05      5536.1634      7.5381     -1
     8      9      790.79      988.18   Coal      0     -1      5142105.2      356.64353  6.9357495e-05      7209.0263      8.3809     -1
     8     10      988.18      1234.8   Coal      0     -1      7818110.7      434.93122  5.5631243e-05      8987.7553       10.54     -1
     8     11      1234.8      1543.1   Coal      0     -1       11970578      509.68504  4.2578148e-05      11743.113      12.299     -1
     8     12      1543.1      1928.2   Coal      0     -1       18334291      589.13206  3.2132797e-05      15560.426      14.383     -1
     8     13      1928.2      2409.6   Coal      0     -1       28093724      769.59788  2.7393943e-05       18252.21       17.86     -1
     8     14      2409.6        3011   Coal      0     -1       43123323      996.20846  2.3101384e-05      21643.725      21.977     -1
     8     15        3011      3762.6   Coal      0     -1       65782411      1493.1936  2.2698979e-05      22027.422      25.298     -1
     8     16      3762.6      4701.8   Coal      0     -1       99793346        2329.18  2.3340033e-05       21422.42      30.262     -1
     8     17      4701.8      5875.5   Coal      0     -1  1.4934823e+08        3905.65  2.6151297e-05      19119.511      35.187     -1
     8     18      5875.5      7342.1   Coal      0     -1  2.2167414e+08        4960.09  2.2375592e-05      22345.778      37.441     -1
     8     19      7342.1      9174.7   Coal      0     -1  3.2795116e+08        6190.68  1.8876835e-05      26487.491      47.413     -1
     8     20      9174.7       11465   Coal      0     -1  4.8515069e+08        8300.85  1.7109839e-05      29222.953      58.511     -1
     8     21       11465       14327   Coal      0     -1  7.0877167e+08       12050.89    1.70025e-05      29407.441      66.278     -1
     8     22       14327       17903   Coal      0     -1  1.0120862e+09       18337.86  1.8118872e-05      27595.537      82.301     -1
     8     23       17903       22372   Coal      0     -1  1.3750633e+09       30612.01  2.2262255e-05       22459.54       87.48     -1
     8     24       22372       27956   Coal      0     -1  1.7557854e+09        43803.8  2.4948266e-05      20041.473      97.965     -1
     8     25       27956       34934   Coal      0     -1  2.0742691e+09        60127.2  2.8987175e-05      17249.008      105.95     -1
     8     26       34934       43654   Coal      0     -1  2.2455724e+09       70847.23  3.1549742e-05       15847.99      109.82     -1
     8     27       43654       54551   Coal      0     -1   2.204651e+09        77473.9  3.5141118e-05      14228.346       107.5     -1
     8     28       54551       68167   Coal      0     -1  1.9383009e+09       70838.27   3.654658e-05      13681.171       89.75     -1
     8     29       68167       85183   Coal      0     -1  1.6285035e+09       55151.41  3.3866314e-05      14763.933      78.917     -1
     8     30       85183  1.0645e+05   Coal      0     -1  1.5486188e+09        28747.8   1.856351e-05      26934.562      70.747     -1
     8     31  1.0645e+05  1.3302e+05   Coal      0     -1  1.6074491e+09       28575.38  1.7776849e-05      28126.469      72.377     -1
     8     32  1.3302e+05       1e+99   Coal      0     -1  3.9754024e+09       69072.74  1.7375031e-05      28776.927      54.646     -1
     8     -1           0       1e+99  Delay     -1     -1  2.5961648e+09              0              0              0           1     -1
     8     -1           0       1e+99   LogL     -1     -1              1      -15833976      -15833976              0           1     -1
     8     -1           0       1e+99 Recomb     -1     -1           4257  1.2771005e-05  3.0000011e-09              0           1     -1
     8     -1           0       1e+99 Resamp     -1     -1  2.5961648e+09         735098  0.00028314767              0           1     -1
     7      0           0         133   Coal      0     -1       301397.9      56.591034  0.00018776187      2662.9474      1.4279     -1
     7      1         133       166.2   Coal      0     -1      158441.39      11.303903  7.1344379e-05      7008.2606       2.211     -1
     7      2       166.2      207.68   Coal      0     -1       249410.8       6.226035  2.4962973e-05      20029.666       2.567     -1
     7      3      207.68      259.53   Coal      0     -1      388363.93      15.494206    3.98961e-05      12532.553       3.312     -1
     7      4      259.53      324.31   Coal      0     -1      606025.83      32.930258  5.4338044e-05      9201.6561      3.2812     -1
     7      5      324.31      405.26   Coal      0     -1      938178.61      72.762029  7.7556691e-05       6446.897      4.1199     -1
     7      6      405.26      506.42   Coal      0     -1      1442240.6      95.118244  6.5951715e-05       7581.304       4.513     -1
     7      7      506.42      632.82   Coal      0     -1      2200665.1      186.58518  8.4785813e-05       5897.213      7.1691     -1
     7      8      632.82      790.79   Coal      0     -1        3359091      287.60357  8.5619463e-05      5839.7937      7.1121     -1
     7      9      790.79      988.18   Coal      0     -1        5113311      346.33331  6.7731714e-05      7382.0663      9.1988     -1
     7     10      988.18      1234.8   Coal      0     -1      7815391.1      421.27717   5.390353e-05      9275.8304      9.7339     -1
     7     11      1234.8      1543.1   Coal      0     -1       11952344      498.51567   4.170861e-05      11987.933      13.558     -1
     7     12      1543.1      1928.2   Coal      0     -1       18332277       589.0363  3.2131104e-05      15561.245      14.081     -1
     7     13      1928.2      2409.6   Coal      0     -1       28126772      784.60048  2.7895148e-05      17924.264      18.348     -1
     7     14      2409.6        3011   Coal      0     -1       43119273      1037.5388  2.4062065e-05      20779.596      20.553     -1
     7     15        3011      3762.6   Coal      0     -1       65679920       1544.058  2.3508829e-05      21268.605       26.25     -1
     7     16      3762.6      4701.8   Coal      0     -1       99456662      2393.8343   2.406912e-05      20773.506      28.887     -1
     7     17      4701.8      5875.5   Coal      0     -1  1.4873559e+08        4001.59  2.6904052e-05      18584.561      34.539     -1
     7     18      5875.5      7342.1   Coal      0     -1  2.2059994e+08        5023.27  2.2770949e-05      21957.802      37.856     -1
     7     19      7342.1      9174.7   Coal      0     -1  3.2633666e+08        6209.65  1.9028356e-05      26276.574      47.894     -1
     7     20      9174.7       11465   Coal      0     -1  4.8311451e+08        8257.51  1.7092242e-05      29253.038      58.186     -1
     7     21       11465       14327   Coal      0     -1  7.0668705e+08       11856.91  1.6778162e-05      29800.642      64.034     -1
     7     22       14327       17903   Coal      0     -1  1.0111865e+09       18115.83  1.7915419e-05       27908.92      82.022     -1
     7     23       17903       22372   Coal      0     -1  1.3767227e+09       30195.95  2.1933212e-05      22796.479      85.209     -1
     7     24       22372       27956   Coal      0     -1  1.7626018e+09       43417.16  2.4632427e-05      20298.446      98.603     -1
     7     25       27956       34934   Coal      0     -1  2.0867415e+09       59992.47  2.8749353e-05      17391.696      106.13     -1
     7     26       34934       43654   Coal      0     -1  2.2609975e+09       71073.11  3.1434404e-05      15906.139      110.19     -1
     7     27       43654       54551   Coal      0     -1  2.2165438e+09        78040.6  3.5208237e-05      14201.222      108.33     -1
     7     28       54551       68167   Coal      0     -1  1.9408752e+09       71187.47  3.6678025e-05      13632.141      89.691     -1
     7     29       68167       85183   Coal      0     -1  1.6260573e+09       55530.87  3.4150623e-05      14641.021      77.845     -1
     7     30       85183  1.0645e+05   Coal      0     -1  1.5382402e+09       28801.75  1.8723832e-05      26703.936      69.425     -1
     7     31  1.0645e+05  1.3302e+05   Coal      0     -1    1.58682e+09        28547.9  1.7990635e-05      27792.237      69.892     -1
     7     32  1.3302e+05       1e+99   Coal      0     -1  3.8758479e+09       68275.67  1.7615673e-05      28383.815      52.779     -1
     7     -1           0       1e+99  Delay     -1     -1  2.5961648e+09              0              0              0           1     -1
     7     -1           0       1e+99   LogL     -1     -1              1      -15833990      -15833990              0           1     -1
     7     -1           0       1e+99 Recomb     -1     -1           4257  1.2771005e-05  3.0000011e-09              0           1     -1
     7     -1           0       1e+99 Resamp     -1     -1  2.5961648e+09         732326  0.00028207994              0           1     -1
     6      0           0         133   Coal      0     -1      304747.23      52.176772  0.00017121328      2920.3343      1.4992     -1
     6      1         133       166.2   Coal      0     -1      160543.54       11.99854  7.4736984e-05      6690.1281       2.219     -1
     6      2       166.2      207.68   Coal      0     -1      248502.53      6.4115329  2.5800675e-05      19379.338      2.4073     -1
     6      3      207.68      259.53   Coal      0     -1      388871.32      12.820566   3.296866e-05      15165.918      3.1226     -1
     6      4      259.53      324.31   Coal      0     -1      607914.22      34.406904  5.6598287e-05      8834.1896       3.852     -1
     6      5      324.31      405.26   Coal      0     -1       939798.8      66.198018  7.0438501e-05      7098.3907      3.7458     -1
     6      6      405.26      506.42   Coal      0     -1      1449629.6      91.918091  6.3407985e-05      7885.4422      5.1141     -1
     6      7      506.42      632.82   Coal      0     -1      2218421.1      187.53366  8.4534743e-05      5914.7278      5.9537     -1
     6      8      632.82      790.79   Coal      0     -1      3385550.3        277.293  8.1904855e-05      6104.6442      7.0309     -1
     6      9      790.79      988.18   Coal      0     -1      5160031.2      344.29314  6.6723073e-05      7493.6596      8.5292     -1
     6     10      988.18      1234.8   Coal      0     -1      7863438.7      415.54218  5.2844843e-05      9461.6612      9.1004     -1
     6     11      1234.8      1543.1   Coal      0     -1       11997866        488.225  4.0692652e-05      12287.231      12.533     -1
     6     12      1543.1      1928.2   Coal      0     -1       18401932      602.16633  3.2722994e-05      15279.775      13.965     -1
     6     13      1928.2      2409.6   Coal      0     -1       28156833       802.8388  2.8513107e-05      17535.795      18.031     -1
     6     14      2409.6        3011   Coal      0     -1       43109253       1067.311  2.4758281e-05      20195.263       21.34     -1
     6     15        3011      3762.6   Coal      0     -1       65640923       1603.901  2.4434468e-05      20462.897      24.556     -1
     6     16      3762.6      4701.8   Coal      0     -1       99288618        2490.63  2.5084748e-05       19932.43      28.106     -1
     6     17      4701.8      5875.5   Coal      0     -1  1.4816873e+08        4122.58   2.782355e-05      17970.388      33.416     -1
     6     18      5875.5      7342.1   Coal      0     -1  2.1943611e+08        5104.94  2.3263901e-05      21492.526       36.53     -1
     6     19      7342.1      9174.7   Coal      0     -1  3.2473832e+08      6228.7137  1.9180717e-05      26067.848      46.029     -1
     6     20      9174.7       11465   Coal      0     -1  4.8108363e+08        8198.47  1.7041673e-05      29339.842      59.405     -1
     6     21       11465       14327   Coal      0     -1   7.047226e+08        11672.1  1.6562687e-05      30188.338      65.169     -1
     6     22       14327       17903   Coal      0     -1  1.0100311e+09       17863.42   1.768601e-05      28270.933      82.978     -1
     6     23       17903       22372   Coal      0     -1  1.3786283e+09       29713.22  2.1552742e-05      23198.905      84.143     -1
     6     24       22372       27956   Coal      0     -1  1.7728233e+09       43032.43   2.427339e-05      20598.689      102.65     -1
     6     25       27956       34934   Coal      0     -1  2.1031108e+09       59878.63  2.8471458e-05      17561.447      109.13     -1
     6     26       34934       43654   Coal      0     -1  2.2785329e+09       71299.77  3.1291964e-05      15978.543      109.53     -1
     6     27       43654       54551   Coal      0     -1  2.2316576e+09       78690.09  3.5260826e-05      14180.042      107.97     -1
     6     28       54551       68167   Coal      0     -1  1.9515413e+09       71819.75  3.6801552e-05      13586.383      89.982     -1
     6     29       68167       85183   Coal      0     -1  1.6210448e+09       55968.71   3.452632e-05      14481.706      76.882     -1
     6     30       85183  1.0645e+05   Coal      0     -1  1.5282576e+09       28912.34  1.8918499e-05      26429.159      68.317     -1
     6     31  1.0645e+05  1.3302e+05   Coal      0     -1  1.5711864e+09        28703.6  1.8268743e-05      27369.152      69.308     -1
     6     32  1.3302e+05       1e+99   Coal      0     -1  3.7410378e+09       67084.04  1.7931933e-05      27883.218      54.792     -1
     6     -1           0       1e+99  Delay     -1     -1  2.5961648e+09              0              0              0           1     -1
     6     -1           0       1e+99   LogL     -1     -1              1      -15834124      -15834124              0           1     -1
     6     -1           0       1e+99 Recomb     -1     -1           4257  1.2771005e-05  3.0000011e-09              0           1     -1
     6     -1           0       1e+99 Resamp     -1     -1  2.5961648e+09         731290  0.00028168089              0           1     -1
     5      0           0         133   Coal      0     -1      318655.09      63.855609  0.00020039099      2495.1222      1.4009     -1
     5      1         133       166.2   Coal      0     -1      165882.43      12.186407  7.3464124e-05      6806.0432      2.2257     -1
     5      2       166.2      207.68   Coal      0     -1      254550.94       8.403034  3.3011208e-05      15146.371      2.3865     -1
     5      3      207.68      259.53   Coal      0     -1      394457.55        13.0048   3.296882e-05      15165.845      2.7946     -1
     5      4      259.53      324.31   Coal      0     -1      613616.66       29.96702  4.8836711e-05        10238.2      3.6695     -1
     5      5      324.31      405.26   Coal      0     -1      946873.76      60.312181  6.3696116e-05      7849.7722      3.7193     -1
     5      6      405.26      506.42   Coal      0     -1      1456141.8      90.983262  6.2482417e-05      8002.2512      4.5799     -1
     5      7      506.42      632.82   Coal      0     -1      2223344.3      171.88518  7.7309295e-05      6467.5276      5.7668     -1
     5      8      632.82      790.79   Coal      0     -1      3395230.4       262.6362  7.7354457e-05      6463.7516      6.6015     -1
     5      9      790.79      988.18   Coal      0     -1      5174336.3      332.88138  6.4333157e-05      7772.0421      9.0734     -1
     5     10      988.18      1234.8   Coal      0     -1      7901554.3      415.23019  5.2550445e-05      9514.6674      9.1232     -1
     5     11      1234.8      1543.1   Coal      0     -1       12035223      487.88329  4.0537952e-05      12334.121      13.676     -1
     5     12      1543.1      1928.2   Coal      0     -1       18456547      605.29624  3.2795746e-05       15245.88      13.687     -1
     5     13      1928.2      2409.6   Coal      0     -1       28231497      815.79903  2.8896768e-05      17302.973      18.496     -1
     5     14      2409.6        3011   Coal      0     -1       43173273      1106.7591  2.5635284e-05      19504.368      20.439     -1
     5     15        3011      3762.6   Coal      0     -1       65605703      1683.7158  2.5664168e-05      19482.416      24.721     -1
     5     16      3762.6      4701.8   Coal      0     -1       99076940      2612.5955  2.6369361e-05        18961.4      28.326     -1
     5     17      4701.8      5875.5   Coal      0     -1  1.4746619e+08        4287.97  2.9077648e-05      17195.339      31.918     -1
     5     18      5875.5      7342.1   Coal      0     -1  2.1821425e+08        5181.04  2.3742904e-05      21058.924      37.469     -1
     5     19      7342.1      9174.7   Coal      0     -1  3.2286516e+08        6237.21  1.9318312e-05      25882.178      45.758     -1
     5     20      9174.7       11465   Coal      0     -1   4.787139e+08        8133.09  1.6989459e-05      29430.014      61.525     -1
     5     21       11465       14327   Coal      0     -1  7.0260781e+08       11456.46  1.6305626e-05      30664.263      68.004     -1
     5     22       14327       17903   Coal      0     -1   1.009534e+09       17549.23  1.7383496e-05      28762.914      84.843     -1
     5     23       17903       22372   Coal      0     -1  1.3809876e+09       29169.73   2.112237e-05      23671.587      82.837     -1
     5     24       22372       27956   Coal      0     -1  1.7827542e+09       42584.43  2.3886877e-05      20931.996       102.3     -1
     5     25       27956       34934   Coal      0     -1  2.1199297e+09       59694.14  2.8158547e-05      17756.598      108.36     -1
     5     26       34934       43654   Coal      0     -1  2.3010624e+09       71601.75  3.1116822e-05      16068.479      112.52     -1
     5     27       43654       54551   Coal      0     -1   2.246781e+09       79317.94  3.5302924e-05      14163.133      108.27     -1
     5     28       54551       68167   Coal      0     -1   1.962064e+09       72551.55  3.6977159e-05      13521.861      91.728     -1
     5     29       68167       85183   Coal      0     -1  1.6096918e+09       56210.91  3.4920293e-05      14318.322      77.478     -1
     5     30       85183  1.0645e+05   Coal      0     -1  1.5152173e+09       29033.16  1.9161053e-05      26094.599      70.028     -1
     5     31  1.0645e+05  1.3302e+05   Coal      0     -1   1.546695e+09       28750.79  1.8588533e-05      26898.304      70.808     -1
     5     32  1.3302e+05       1e+99   Coal      0     -1  3.5906946e+09          65651  1.8283649e-05      27346.839      52.506     -1
     5     -1           0       1e+99  Delay     -1     -1  2.5961648e+09              0              0              0           1     -1
     5     -1           0       1e+99   LogL     -1     -1              1      -15834271      -15834271              0           1     -1
     5     -1           0       1e+99 Recomb     -1     -1           4257  1.2771005e-05  3.0000011e-09              0           1     -1
     5     -1           0       1e+99 Resamp     -1     -1  2.5961648e+09         728491  0.00028060276              0           1     -1
     4      0           0         133   Coal      0     -1      309029.46      61.080397  0.00019765234      2529.6943      1.4187     -1
     4      1         133       166.2   Coal      0     -1      161277.01      14.688869  9.1078505e-05      5489.7695      2.2575     -1
     4      2       166.2      207.68   Coal      0     -1      253102.25      8.5910865  3.3943145e-05      14730.515       2.406     -1
     4      3      207.68      259.53   Coal      0     -1      393886.57      13.160652  3.3412289e-05      14964.554      3.0834     -1
     4      4      259.53      324.31   Coal      0     -1      605822.24      29.791671  4.9175598e-05      10167.644      3.3987     -1
     4      5      324.31      405.26   Coal      0     -1      935632.01      46.065712  4.9234861e-05      10155.406      4.0138     -1
     4      6      405.26      506.42   Coal      0     -1      1439525.9      81.220139  5.6421451e-05      8861.8778      4.8973     -1
     4      7      506.42      632.82   Coal      0     -1      2217120.1      167.13878   7.538553e-05      6632.5726      6.0318     -1
     4      8      632.82      790.79   Coal      0     -1      3400497.6      246.01643  7.2347186e-05      6911.1189      7.8063     -1
     4      9      790.79      988.18   Coal      0     -1      5200710.5      327.19216  6.2912973e-05      7947.4865      8.4576     -1
     4     10      988.18      1234.8   Coal      0     -1      7917591.2      395.83057  4.9993813e-05      10001.238      10.425     -1
     4     11      1234.8      1543.1   Coal      0     -1       12113132      499.86265  4.1266178e-05       12116.46      10.928     -1
     4     12      1543.1      1928.2   Coal      0     -1       18496412      615.60218  3.3282249e-05      15023.023      16.534     -1
     4     13      1928.2      2409.6   Coal      0     -1       28296139      848.56512  2.9988724e-05      16672.933      16.655     -1
     4     14      2409.6        3011   Coal      0     -1       43196378      1174.1039  2.7180611e-05      18395.466      20.937     -1
     4     15        3011      3762.6   Coal      0     -1       65518550        1775.94  2.7105911e-05      18446.161        24.9     -1
     4     16      3762.6      4701.8   Coal      0     -1       98722958      2731.6254  2.7669606e-05      18070.369      26.789     -1
     4     17      4701.8      5875.5   Coal      0     -1  1.4663242e+08         4470.3  3.0486436e-05      16400.736      33.651     -1
     4     18      5875.5      7342.1   Coal      0     -1  2.1667016e+08        5267.62    2.43117e-05      20566.229      38.707     -1
     4     19      7342.1      9174.7   Coal      0     -1  3.2067311e+08        6229.66  1.9426824e-05       25737.61      47.001     -1
     4     20      9174.7       11465   Coal      0     -1  4.7607284e+08        8044.75   1.689815e-05      29589.039      59.432     -1
     4     21       11465       14327   Coal      0     -1  7.0016952e+08       11224.57  1.6031218e-05      31189.147      67.679     -1
     4     22       14327       17903   Coal      0     -1  1.0079321e+09       17206.16  1.7070753e-05      29289.863      84.328     -1
     4     23       17903       22372   Coal      0     -1  1.3844289e+09       28573.89  2.0639478e-05      24225.419      84.704     -1
     4     24       22372       27956   Coal      0     -1  1.7939878e+09       42118.18  2.3477406e-05      21297.072       104.3     -1
     4     25       27956       34934   Coal      0     -1  2.1403214e+09       59497.73  2.7798503e-05       17986.58      111.16     -1
     4     26       34934       43654   Coal      0     -1   2.324414e+09       71880.84  3.0924284e-05      16168.523      112.57     -1
     4     27       43654       54551   Coal      0     -1  2.2673295e+09       80058.88  3.5309769e-05      14160.387      109.55     -1
     4     28       54551       68167   Coal      0     -1  1.9758067e+09       73411.91  3.7155411e-05       13456.99      93.542     -1
     4     29       68167       85183   Coal      0     -1  1.6135576e+09       56947.27  3.5292988e-05       14167.12      77.771     -1
     4     30       85183  1.0645e+05   Coal      0     -1  1.5063086e+09       29283.76  1.9440744e-05       25719.18      70.132     -1
     4     31  1.0645e+05  1.3302e+05   Coal      0     -1  1.5212393e+09       28804.62  1.8934969e-05      26406.169       69.63     -1
     4     32  1.3302e+05       1e+99   Coal      0     -1  3.4452051e+09       64331.59  1.8672789e-05      26776.931      52.197     -1
     4     -1           0       1e+99  Delay     -1     -1  2.5961648e+09              0              0              0           1     -1
     4     -1           0       1e+99   LogL     -1     -1              1      -15834398      -15834398              0           1     -1
     4     -1           0       1e+99 Recomb     -1     -1           4257  1.2771005e-05  3.0000011e-09              0           1     -1
     4     -1           0       1e+99 Resamp     -1     -1  2.5961648e+09         723976  0.00027886366              0           1     -1
     3      0           0         133   Coal      0     -1      305225.93      45.328701  0.00014850868      3366.8065      1.5105     -1
     3      1         133       166.2   Coal      0     -1       160467.4      14.721644  9.1742271e-05      5450.0504      2.4937     -1
     3      2       166.2      207.68   Coal      0     -1      248381.59      7.3258448  2.9494315e-05       16952.42      2.6069     -1
     3      3      207.68      259.53   Coal      0     -1       386474.2      11.391556  2.9475593e-05      16963.187      3.4104     -1
     3      4      259.53      324.31   Coal      0     -1      602266.78      26.292578  4.3656032e-05      11453.171      3.1767     -1
     3      5      324.31      405.26   Coal      0     -1      932214.37      38.192383  4.0969528e-05      12204.192      4.1032     -1
     3      6      405.26      506.42   Coal      0     -1        1451873      68.729714  4.7338653e-05      10562.193        5.22     -1
     3      7      506.42      632.82   Coal      0     -1      2237145.2      152.83782  6.8318242e-05      7318.6894       5.946     -1
     3      8      632.82      790.79   Coal      0     -1      3434072.6      230.96124  6.7255782e-05      7434.3051      6.7828     -1
     3      9      790.79      988.18   Coal      0     -1      5231753.3      314.98923  6.0207202e-05      8304.6543      9.4092     -1
     3     10      988.18      1234.8   Coal      0     -1      7982202.8      386.17363  4.8379331e-05      10334.992      10.996     -1
     3     11      1234.8      1543.1   Coal      0     -1       12166291      501.38141  4.1210703e-05       12132.77       12.43     -1
     3     12      1543.1      1928.2   Coal      0     -1       18587024      637.74082  3.4311077e-05      14572.553      13.398     -1
     3     13      1928.2      2409.6   Coal      0     -1       28365218      892.35374  3.1459436e-05      15893.483      16.831     -1
     3     14      2409.6        3011   Coal      0     -1       43182614      1251.5626   2.898302e-05       17251.48      21.737     -1
     3     15        3011      3762.6   Coal      0     -1       65320876      1884.9918  2.8857418e-05      17326.568      23.943     -1
     3     16      3762.6      4701.8   Coal      0     -1       98093999        2900.34  2.9566946e-05      16910.776      29.654     -1
     3     17      4701.8      5875.5   Coal      0     -1  1.4541009e+08        4623.69  3.1797588e-05      15724.463      33.163     -1
     3     18      5875.5      7342.1   Coal      0     -1  2.1468552e+08        5390.52  2.5108912e-05      19913.248       38.67     -1
     3     19      7342.1      9174.7   Coal      0     -1  3.1775165e+08         6228.7  1.9602416e-05       25507.06      47.682     -1
     3     20      9174.7       11465   Coal      0     -1  4.7228864e+08        7940.15  1.6812071e-05      29740.537      58.627     -1
     3     21       11465       14327   Coal      0     -1  6.9638726e+08       10946.78  1.5719386e-05      31807.859      68.828     -1
     3     22       14327       17903   Coal      0     -1  1.0063608e+09       16788.19  1.6682079e-05      29972.283      86.967     -1
     3     23       17903       22372   Coal      0     -1  1.3874187e+09       27917.99  2.0122254e-05      24848.112      87.991     -1
     3     24       22372       27956   Coal      0     -1  1.8044056e+09       41526.86  2.3014149e-05      21725.765      104.86     -1
     3     25       27956       34934   Coal      0     -1  2.1595344e+09       59156.76  2.7393293e-05      18252.643      110.22     -1
     3     26       34934       43654   Coal      0     -1  2.3530146e+09       72162.64  3.0668165e-05      16303.551       115.4     -1
     3     27       43654       54551   Coal      0     -1  2.2912206e+09        80858.7  3.5290666e-05      14168.052       110.1     -1
     3     28       54551       68167   Coal      0     -1   1.990205e+09        74406.1  3.7386148e-05      13373.937       96.43     -1
     3     29       68167       85183   Coal      0     -1  1.6097894e+09       57513.69  3.5727461e-05      13994.837      79.826     -1
     3     30       85183  1.0645e+05   Coal      0     -1  1.4965553e+09       29604.24  1.9781588e-05       25276.03      70.998     -1
     3     31  1.0645e+05  1.3302e+05   Coal      0     -1  1.4954477e+09       28907.95  1.9330633e-05      25865.682      69.755     -1
     3     32  1.3302e+05       1e+99   Coal      0     -1  3.2809796e+09       62773.64  1.9132591e-05      26133.418      51.294     -1
     3     -1           0       1e+99  Delay     -1     -1  2.5961648e+09              0              0              0           1     -1
     3     -1           0       1e+99   LogL     -1     -1              1      -15834777      -15834777              0           1     -1
     3     -1           0       1e+99 Recomb     -1     -1           4257  1.2771005e-05  3.0000011e-09              0           1     -1
     3     -1           0       1e+99 Resamp     -1     -1  2.5961648e+09         719352  0.00027708257              0           1     -1
     2      0           0         133   Coal      0     -1      300420.54      34.668469   0.0001153998      4332.7633      1.5388     -1
     2      1         133       166.2   Coal      0     -1      162910.46      13.025091  7.9952451e-05       6253.717      2.3343     -1
     2      2       166.2      207.68   Coal      0     -1      250226.41      6.2358966  2.4921017e-05      20063.387      2.6451     -1
     2      3      207.68      259.53   Coal      0     -1      391385.32      10.395933  2.6561888e-05      18823.963      3.1173     -1
     2      4      259.53      324.31   Coal      0     -1      607139.38      20.585916  3.3906409e-05      14746.475      3.0929     -1
     2      5      324.31      405.26   Coal      0     -1      941728.32      32.691715  3.4714593e-05      14403.165      4.1468     -1
     2      6      405.26      506.42   Coal      0     -1      1455795.8      58.096996  3.9907379e-05      12529.011       5.306     -1
     2      7      506.42      632.82   Coal      0     -1        2243089      136.39505  6.0806795e-05      8222.7653      6.2574     -1
     2      8      632.82      790.79   Coal      0     -1      3430517.1      210.62947  6.1398752e-05       8143.488      6.2177     -1
     2      9      790.79      988.18   Coal      0     -1        5237233      285.99609  5.4608242e-05       9156.127      8.3173     -1
     2     10      988.18      1234.8   Coal      0     -1      7986852.7      369.39273  4.6250099e-05      10810.788      11.954     -1
     2     11      1234.8      1543.1   Coal      0     -1       12190401      509.38563  4.1785797e-05      11965.788      13.396     -1
     2     12      1543.1      1928.2   Coal      0     -1       18628481      658.28705  3.5337667e-05      14149.208      14.717     -1
     2     13      1928.2      2409.6   Coal      0     -1       28428863      941.32967  3.3111759e-05      15100.376      18.315     -1
     2     14      2409.6        3011   Coal      0     -1       43164749      1349.1553  3.1255951e-05      15996.953      19.408     -1
     2     15        3011      3762.6   Coal      0     -1       65186551      2016.7853  3.0938672e-05      16161.004      25.677     -1
     2     16      3762.6      4701.8   Coal      0     -1       97648077      3103.7217   3.178477e-05      15730.804      29.341     -1
     2     17      4701.8      5875.5   Coal      0     -1  1.4432967e+08        4844.95  3.3568635e-05      14894.857       32.49     -1
     2     18      5875.5      7342.1   Coal      0     -1  2.1269283e+08      5512.7563  2.5918863e-05       19290.97      39.098     -1
     2     19      7342.1      9174.7   Coal      0     -1  3.1485204e+08        6234.39  1.9801015e-05      25251.231      48.928     -1
     2     20      9174.7       11465   Coal      0     -1  4.6874077e+08        7790.58  1.6620231e-05      30083.817      58.672     -1
     2     21       11465       14327   Coal      0     -1   6.928727e+08       10641.86  1.5359041e-05      32554.116       66.75     -1
     2     22       14327       17903   Coal      0     -1  1.0043557e+09       16334.93  1.6264088e-05      30742.579      86.839     -1
     2     23       17903       22372   Coal      0     -1   1.392401e+09       27164.96  1.9509437e-05      25628.622       94.43     -1
     2     24       22372       27956   Coal      0     -1  1.8176612e+09       40864.16  2.2481725e-05      22240.286      103.59     -1
     2     25       27956       34934   Coal      0     -1  2.1825985e+09       58738.57  2.6912219e-05      18578.921      108.21     -1
     2     26       34934       43654   Coal      0     -1  2.3874732e+09       72504.21  3.0368597e-05      16464.376      116.09     -1
     2     27       43654       54551   Coal      0     -1  2.3239826e+09       81892.02  3.5237793e-05      14189.311      111.57     -1
     2     28       54551       68167   Coal      0     -1  2.0076258e+09       75541.79  3.7627425e-05       13288.18      95.905     -1
     2     29       68167       85183   Coal      0     -1  1.6222718e+09       58820.06  3.6257832e-05      13790.124      81.992     -1
     2     30       85183  1.0645e+05   Coal      0     -1  1.4739616e+09        29744.7  2.0180105e-05      24776.878      70.724     -1
     2     31  1.0645e+05  1.3302e+05   Coal      0     -1  1.4671321e+09       29073.98  1.9816879e-05      25231.017      70.401     -1
     2     32  1.3302e+05       1e+99   Coal      0     -1  3.0994971e+09          60943  1.9662222e-05      25429.476      50.291     -1
     2     -1           0       1e+99  Delay     -1     -1  2.5961648e+09              0              0              0           1     -1
     2     -1           0       1e+99   LogL     -1     -1              1      -15835188      -15835188              0           1     -1
     2     -1           0       1e+99 Recomb     -1     -1           4257  1.2771005e-05  3.0000011e-09              0           1     -1
     2     -1           0       1e+99 Resamp     -1     -1  2.5961648e+09         715644  0.00027565431              0           1     -1
     1      0           0         133   Coal      0     -1      296013.54       21.51154  7.2670797e-05      6880.3429      1.4757     -1
     1      1         133       166.2   Coal      0     -1      163592.58      8.6970412   5.316281e-05       9405.071      2.5583     -1
     1      2       166.2      207.68   Coal      0     -1      253889.02      2.8351492  1.1166884e-05      44775.248      2.6348     -1
     1      3      207.68      259.53   Coal      0     -1      393913.96      9.9164486  2.5174149e-05      19861.645      3.4788     -1
     1      4      259.53      324.31   Coal      0     -1      613182.84      13.557738  2.2110432e-05       22613.76      3.2281     -1
     1      5      324.31      405.26   Coal      0     -1      947685.04      25.843895  2.7270553e-05      18334.795      4.2205     -1
     1      6      405.26      506.42   Coal      0     -1      1467660.9      50.902637  3.4682832e-05      14416.354      4.5908     -1
     1      7      506.42      632.82   Coal      0     -1      2262322.5      112.59442  4.9769394e-05      10046.335      6.0692     -1
     1      8      632.82      790.79   Coal      0     -1      3452949.9         200.06  5.7938867e-05      8629.7856      7.6144     -1
     1      9      790.79      988.18   Coal      0     -1      5277566.8      274.94808  5.2097509e-05      9597.3878      8.3103     -1
     1     10      988.18      1234.8   Coal      0     -1      8059427.2      369.15036  4.5803548e-05      10916.185      10.453     -1
     1     11      1234.8      1543.1   Coal      0     -1       12295537      517.68395  4.2103403e-05      11875.525      13.048     -1
     1     12      1543.1      1928.2   Coal      0     -1       18746971      684.77382  3.6527171e-05       13688.44      15.284     -1
     1     13      1928.2      2409.6   Coal      0     -1       28519872      995.01588  3.4888512e-05      14331.365      15.525     -1
     1     14      2409.6        3011   Coal      0     -1       43182083      1465.4798  3.3937219e-05      14733.087       20.26     -1
     1     15        3011      3762.6   Coal      0     -1       64926257        2157.46  3.3229391e-05       15046.92      25.753     -1
     1     16      3762.6      4701.8   Coal      0     -1       96940519        3329.87   3.434962e-05      14556.202      30.688     -1
     1     17      4701.8      5875.5   Coal      0     -1  1.4280821e+08        5084.93  3.5606707e-05      14042.298      31.684     -1
     1     18      5875.5      7342.1   Coal      0     -1  2.1020485e+08        5626.31  2.6765843e-05      18680.525      38.186     -1
     1     19      7342.1      9174.7   Coal      0     -1  3.1132731e+08        6239.57  2.0041833e-05      24947.818      49.167     -1
     1     20      9174.7       11465   Coal      0     -1  4.6459433e+08      7624.8776  1.6411904e-05      30465.691      59.195     -1
     1     21       11465       14327   Coal      0     -1  6.8927167e+08       10308.77  1.4956033e-05      33431.325       69.86     -1
     1     22       14327       17903   Coal      0     -1   1.001913e+09       15821.11  1.5790902e-05      31663.802      82.536     -1
     1     23       17903       22372   Coal      0     -1  1.3962779e+09        26407.8  1.8912997e-05      26436.847      96.003     -1
     1     24       22372       27956   Coal      0     -1  1.8338324e+09       40111.19  2.1872877e-05      22859.361      113.07     -1
     1     25       27956       34934   Coal      0     -1  2.2096282e+09       58162.32  2.6322221e-05      18995.358      109.21     -1
     1     26       34934       43654   Coal      0     -1  2.4249187e+09       72821.53  3.0030504e-05      16649.737      118.12     -1
     1     27       43654       54551   Coal      0     -1  2.3599289e+09       83006.99  3.5173513e-05      14215.242      113.99     -1
     1     28       54551       68167   Coal      0     -1  2.0262373e+09       76743.75  3.7875006e-05      13201.318      96.859     -1
     1     29       68167       85183   Coal      0     -1  1.6166252e+09       59666.93  3.6908326e-05      13547.079      80.918     -1
     1     30       85183  1.0645e+05   Coal      0     -1  1.4560914e+09       30042.82   2.063251e-05      24233.601      68.448     -1
     1     31  1.0645e+05  1.3302e+05   Coal      0     -1  1.4289916e+09       29155.59  2.0402912e-05      24506.306      68.865     -1
     1     32  1.3302e+05       1e+99   Coal      0     -1  2.9240832e+09       59281.55  2.0273551e-05      24662.675      54.209     -1
     1     -1           0       1e+99  Delay     -1     -1  2.5961648e+09              0              0              0           1     -1
     1     -1           0       1e+99   LogL     -1     -1              1      -15835622      -15835622              0           1     -1
     1     -1           0       1e+99 Recomb     -1     -1           4257  1.2771005e-05  3.0000011e-09              0           1     -1
     1     -1           0       1e+99 Resamp     -1     -1  2.5961648e+09         710872  0.00027381621              0           1     -1
     0      0           0         133   Coal      0     -1      290903.45      8.1645437  2.8066163e-05      17815.046      1.4131     -1
     0      1         133       166.2   Coal      0     -1      160614.59      6.0320016  3.7555751e-05       13313.54      2.3792     -1
     0      2       166.2      207.68   Coal      0     -1      250022.18      1.7711429   7.083943e-06      70582.161      2.5523     -1
     0      3      207.68      259.53   Coal      0     -1      393366.82      7.5480882  1.9188421e-05      26057.381      2.5883     -1
     0      4      259.53      324.31   Coal      0     -1      611634.57      10.908778  1.7835451e-05      28034.055      3.6624     -1
     0      5      324.31      405.26   Coal      0     -1       951219.7      16.420582   1.726266e-05       28964.25      3.7302     -1
     0      6      405.26      506.42   Coal      0     -1      1464982.9       36.30395  2.4781143e-05      20176.632      6.1652     -1
     0      7      506.42      632.82   Coal      0     -1      2261167.7      81.575629  3.6076771e-05      13859.334      6.0578     -1
     0      8      632.82      790.79   Coal      0     -1      3484012.7      175.79111  5.0456507e-05      9909.5247      6.5521     -1
     0      9      790.79      988.18   Coal      0     -1        5326351      254.49116  4.7779645e-05      10464.707      8.9482     -1
     0     10      988.18      1234.8   Coal      0     -1      8132780.6      355.91839  4.3763431e-05      11425.064      10.298     -1
     0     11      1234.8      1543.1   Coal      0     -1       12404491      512.53026   4.131812e-05      12101.228      11.534     -1
     0     12      1543.1      1928.2   Coal      0     -1       18854148      722.69754  3.8330958e-05      13044.287      14.986     -1
     0     13      1928.2      2409.6   Coal      0     -1       28583610      1074.0143  3.7574482e-05      13306.903      15.863     -1
     0     14      2409.6        3011   Coal      0     -1       43074367      1594.5738  3.7019087e-05      13506.546       20.54     -1
     0     15        3011      3762.6   Coal      0     -1       64504146        2375.58   3.682833e-05      13576.505      25.876     -1
     0     16      3762.6      4701.8   Coal      0     -1       95920478        3584.62  3.7370748e-05      13379.449        30.9     -1
     0     17      4701.8      5875.5   Coal      0     -1  1.4069417e+08        5353.64  3.8051613e-05      13140.047      32.018     -1
     0     18      5875.5      7342.1   Coal      0     -1  2.0680768e+08        5759.47  2.7849401e-05      17953.708      40.401     -1
     0     19      7342.1      9174.7   Coal      0     -1  3.0682048e+08        6217.41  2.0263999e-05        24674.3      50.459     -1
     0     20      9174.7       11465   Coal      0     -1  4.5914517e+08         7422.5  1.6165911e-05      30929.281      58.109     -1
     0     21       11465       14327   Coal      0     -1  6.8374483e+08         9929.9  1.4522816e-05      34428.586      67.733     -1
     0     22       14327       17903   Coal      0     -1  9.9886306e+08       15196.79  1.5214087e-05      32864.278      81.517     -1
     0     23       17903       22372   Coal      0     -1  1.3996924e+09       25524.73  1.8235957e-05      27418.358      94.304     -1
     0     24       22372       27956   Coal      0     -1  1.8497945e+09       39320.61  2.1256745e-05      23521.946      114.11     -1
     0     25       27956       34934   Coal      0     -1  2.2402042e+09          57542  2.5686051e-05      19465.818      111.49     -1
     0     26       34934       43654   Coal      0     -1  2.4645478e+09       72989.64  2.9615835e-05       16882.86      115.88     -1
     0     27       43654       54551   Coal      0     -1  2.4018829e+09       84272.86  3.5086165e-05      14250.631      116.05     -1
     0     28       54551       68167   Coal      0     -1    2.04992e+09       78171.16  3.8133762e-05      13111.741      99.783     -1
     0     29       68167       85183   Coal      0     -1  1.6163232e+09       60802.52  3.7617798e-05      13291.581      82.557     -1
     0     30       85183  1.0645e+05   Coal      0     -1  1.4404729e+09       30511.77  2.1181773e-05        23605.2      69.812     -1
     0     31  1.0645e+05  1.3302e+05   Coal      0     -1  1.3865075e+09       29191.23  2.1053785e-05      23748.699      66.561     -1
     0     32  1.3302e+05       1e+99   Coal      0     -1  2.7267758e+09       57216.56  2.0983229e-05      23828.554      51.743     -1
     0     -1           0       1e+99  Delay     -1     -1  2.5961648e+09              0              0              0           1     -1
     0     -1           0       1e+99   LogL     -1     -1              1      -15836247      -15836247              0           1     -1
     0     -1           0       1e+99 Recomb     -1     -1           4257  1.2771005e-05  3.0000011e-09              0           1     -1
     0     -1           0       1e+99 Resamp     -1     -1  2.5961648e+09         706250  0.00027203589              0           1     -1
