  Iter  Epoch       Start         End   Type   From     To            Opp          Count           Rate             Ne         ESS  Clump
    10      0           0         133   Coal      0     -1      310022.95      49.576018   0.0001599108      3126.7432      1.4866     -1
    10      1         133       166.2   Coal      0     -1      164626.43      10.950639  6.6518112e-05      7516.7497      2.2515     -1
    10      2       166.2      207.68   Coal      0     -1       254474.2      14.235859  5.5942251e-05      8937.7884      2.5693     -1
    10      3      207.68      259.53   Coal      0     -1      392722.54      15.201815  3.8708791e-05      12916.962       3.504     -1
    10      4      259.53      324.31   Coal      0     -1      608187.11      37.058588  6.0932873e-05      8205.7513      3.6887     -1
    10      5      324.31      405.26   Coal      0     -1      939899.47      66.093414  7.0319663e-05      7110.3867      4.3427     -1
    10      6      405.26      506.42   Coal      0     -1        1436473      176.61392   0.0001229497      4066.7037      4.9047     -1
    10      7      506.42      632.82   Coal      0     -1      2194291.7      157.39215  7.1727997e-05      6970.7788      6.4271     -1
    10      8      632.82      790.79   Coal      0     -1      3364302.1      297.28703  8.8365139e-05        5658.34      8.1012     -1
    10      9      790.79      988.18   Coal      0     -1      5115942.3      385.00576   7.525608e-05      6643.9815      8.6749     -1
    10     10      988.18      1234.8   Coal      0     -1      7769484.7      473.69655   6.096885e-05      8200.9091      11.156     -1
    10     11      1234.8      1543.1   Coal      0     -1       11881631      486.37665  4.0935177e-05      12214.434      11.864     -1
    10     12      1543.1      1928.2   Coal      0     -1       18226490      601.79797  3.3017764e-05      15143.363      14.479     -1
    10     13      1928.2      2409.6   Coal      0     -1       27963429      740.85645  2.6493763e-05      18872.367      17.134     -1
    10     14      2409.6        3011   Coal      0     -1       42944130      974.92414  2.2702151e-05      22024.345      22.813     -1
    10     15        3011      3762.6   Coal      0     -1       65697006      1377.4715  2.0967036e-05      23846.956      26.383     -1
    10     16      3762.6      4701.8   Coal      0     -1       99856472        2166.31  2.1694237e-05      23047.595      30.961     -1
    10     17      4701.8      5875.5   Coal      0     -1  1.4984808e+08        3745.75  2.4996984e-05      20002.413        36.1     -1
    10     18      5875.5      7342.1   Coal      0     -1  2.2286637e+08        4813.08  2.1596259e-05      23152.158      38.688     -1
    10     19      7342.1      9174.7   Coal      0     -1  3.3010036e+08      6100.7447  1.8481485e-05      27054.103      48.772     -1
    10     20      9174.7       11465   Coal      0     -1  4.8781339e+08        8497.23  1.7419018e-05      28704.259      59.621     -1
    10     21       11465       14327   Coal      0     -1  7.1084475e+08       12244.77   1.722566e-05      29026.464      61.451     -1
    10     22       14327       17903   Coal      0     -1  1.0125421e+09       18839.98  1.8606614e-05      26872.164       81.73     -1
    10     23       17903       22372   Coal      0     -1   1.370364e+09       31224.45  2.2785516e-05      21943.764      87.057     -1
    10     24       22372       27956   Coal      0     -1  1.7426939e+09       44315.49  2.5429303e-05      19662.356      97.811     -1
    10     25       27956       34934   Coal      0     -1  2.0502932e+09       60438.33  2.9477896e-05      16961.862      106.52     -1
    10     26       34934       43654   Coal      0     -1  2.2175661e+09       70242.28  3.1675394e-05      15785.123      111.09     -1
    10     27       43654       54551   Coal      0     -1  2.1853864e+09       76385.39  3.4952807e-05      14305.003       107.9     -1
    10     28       54551       68167   Coal      0     -1  1.9293408e+09       70265.35  3.6419356e-05      13728.963      88.911     -1
    10     29       68167       85183   Coal      0     -1  1.6330069e+09       54403.52  3.3314936e-05      15008.283      77.922     -1
    10     30       85183  1.0645e+05   Coal      0     -1   1.568836e+09          28597  1.8228165e-05      27430.079      71.245     -1
    10     31  1.0645e+05  1.3302e+05   Coal      0     -1  1.6255998e+09       28379.42  1.7457815e-05      28640.469       71.15     -1
    10     32  1.3302e+05       1e+99   Coal      0     -1  4.1677267e+09        70737.6  1.6972706e-05      29459.062      57.127     -1
    10     -1           0       1e+99  Delay     -1     -1  2.5961648e+09              0              0              0           1     -1
    10     -1           0       1e+99   LogL     -1     -1              1      -15833832      -15833832              0           1     -1
    10     -1           0       1e+99 Recomb     -1     -1           4257  1.2771005e-05  3.0000011e-09              0           1     -1
    10     -1           0       1e+99 Resamp     -1     -1  2.5961648e+09         737066  0.00028390571              0           1     -1
     9      0           0         133   Coal      0     -1      301448.41      41.079461   0.0001362736      3669.0891      1.4567     -1
     9      1         133       166.2   Coal      0     -1      160803.61      14.635249  9.1013184e-05      5493.7096      2.2355     -1
     9      2       166.2      207.68   Coal      0     -1      251538.04      14.356949   5.707665e-05      8760.1497      2.4813     -1
     9      3      207.68      259.53   Coal      0     -1      392240.67      12.562151  3.2026642e-05      15612.002      3.3122     -1
     9      4      259.53      324.31   Coal      0     -1      609252.74      34.045374  5.5880542e-05      8947.6583      3.4433     -1
     9      5      324.31      405.26   Coal      0     -1      940584.71      60.943631  6.4793346e-05      7716.8418      4.2309     -1
     9      6      405.26      506.42   Coal      0     -1      1442383.3      170.90147  0.00011848547      4219.9267      4.6482     -1
     9      7      506.42      632.82   Coal      0     -1      2208691.4       166.2347  7.5263887e-05      6643.2923      5.8721     -1
     9      8      632.82      790.79   Coal      0     -1      3377925.8      295.01226   8.733533e-05        5725.06      7.8119     -1
     9      9      790.79      988.18   Coal      0     -1      5138140.1      382.68619  7.4479518e-05      6713.2551       8.343     -1
     9     10      988.18      1234.8   Coal      0     -1      7803970.2      468.39076  6.0019548e-05      8330.6192      10.621     -1
     9     11      1234.8      1543.1   Coal      0     -1       11943384      488.68508  4.0916801e-05      12219.919      11.666     -1
     9     12      1543.1      1928.2   Coal      0     -1       18278099      598.42087  3.2739776e-05      15271.943      14.438     -1
     9     13      1928.2      2409.6   Coal      0     -1       28023181       736.4518  2.6280093e-05      19025.808      16.933     -1
     9     14      2409.6        3011   Coal      0     -1       43062290      1001.1919  2.3249852e-05      21505.513      21.427     -1
     9     15        3011      3762.6   Coal      0     -1       65743036      1419.1379  2.1586132e-05      23163.019      25.177     -1
     9     16      3762.6      4701.8   Coal      0     -1       99863012      2240.5824   2.243656e-05      22285.056      30.719     -1
     9     17      4701.8      5875.5   Coal      0     -1   1.496266e+08        3846.34  2.5706258e-05      19450.517      35.115     -1
     9     18      5875.5      7342.1   Coal      0     -1  2.2230053e+08      4873.9381  2.1924995e-05      22805.022      37.404     -1
     9     19      7342.1      9174.7   Coal      0     -1  3.2892219e+08        6135.12  1.8652192e-05        26806.5        47.7     -1
     9     20      9174.7       11465   Coal      0     -1  4.8625263e+08        8475.34  1.7429911e-05       28686.32      58.573     -1
     9     21       11465       14327   Coal      0     -1  7.0948352e+08       12101.51  1.7056788e-05      29313.843       65.83     -1
     9     22       14327       17903   Coal      0     -1  1.0117511e+09       18631.93  1.8415526e-05      27151.002      81.842     -1
     9     23       17903       22372   Coal      0     -1  1.3721265e+09       30932.03  2.2543133e-05      22179.703      86.826     -1
     9     24       22372       27956   Coal      0     -1  1.7485751e+09       44044.19  2.5188617e-05      19850.236      97.868     -1
     9     25       27956       34934   Coal      0     -1  2.0608113e+09       60341.64  2.9280527e-05      17076.195      105.76     -1
     9     26       34934       43654   Coal      0     -1  2.2302965e+09       70504.74  3.1612273e-05      15816.642      110.24     -1
     9     27       43654       54551   Coal      0     -1  2.1946622e+09       76926.23  3.5051512e-05       14264.72      107.79     -1
     9     28       54551       68167   Coal      0     -1  1.9331845e+09       70597.05  3.6518528e-05       13691.68      89.012     -1
     9     29       68167       85183   Coal      0     -1  1.6252338e+09       54551.09  3.3565072e-05      14896.437      78.161     -1
     9     30       85183  1.0645e+05   Coal      0     -1  1.5636133e+09       28680.09  1.8342189e-05      27259.561      71.621     -1
     9     31  1.0645e+05  1.3302e+05   Coal      0     -1  1.6211282e+09       28531.12  1.7599546e-05      28409.824      71.392     -1
     9     32  1.3302e+05       1e+99   Coal      0     -1  4.0898828e+09        70089.6  1.7137313e-05      29176.103      54.152     -1
     9     -1           0       1e+99  Delay     -1     -1  2.5961648e+09              0              0              0           1     -1
     9     -1           0       1e+99   LogL     -1     -1              1      -15833753      -15833753              0           1     -1
     9     -1           0       1e+99 Recomb     -1     -1           4257  1.2771005e-05  3.0000011e-09              0           1     -1
     9     -1           0       1e+99 Resamp     -1     -1  2.5961648e+09         736036  0.00028350897              0           1     -1
     8      0           0         133   Coal      0     -1      313449.05      50.758984  0.00016193695      3087.6214      1.4242     -1
     8      1         133       166.2   Coal      0     -1      166934.31      16.081604  9.6334922e-05      5190.2258      2.1225     -1
     8      2       166.2      207.68   Coal      0     -1       256258.8      12.328814  4.8110791e-05      10392.679      2.8083     -1
     8      3      207.68      259.53   Coal      0     -1       396440.8      11.323661  2.8563309e-05      17504.975      2.7767     -1
     8      4      259.53      324.31   Coal      0     -1      611344.13      31.187935   5.101535e-05      9800.9716      3.5763     -1
     8      5      324.31      405.26   Coal      0     -1      941983.24       53.04518  5.6312234e-05      8879.0653      3.8686     -1
     8      6      405.26      506.42   Coal      0     -1      1449305.1       155.6707  0.00010741058      4655.0349      4.7148     -1
     8      7      506.42      632.82   Coal      0     -1        2212379      155.83437  7.0437466e-05       7098.495      5.9054     -1
     8      8      632.82      790.79   Coal      0     -1      3374138.5      295.99178   8.772366e-05      5699.7166      7.4451     -1
     8      9      790.79      988.18   Coal      0     -1      5135144.1      378.67955  7.3742731e-05      6780.3293      9.0725     -1
     8     10      988.18      1234.8   Coal      0     -1      7804361.6      466.56928  5.9783144e-05      8363.5614      10.227     -1
     8     11      1234.8      1543.1   Coal      0     -1       11921476      488.13453  4.0945811e-05      12211.261      12.276     -1
     8     12      1543.1      1928.2   Coal      0     -1       18286569      602.99662  3.2974836e-05      15163.078      14.069     -1
     8     13      1928.2      2409.6   Coal      0     -1       28041751      754.24136  2.6897085e-05      18589.375      17.984     -1
     8     14      2409.6        3011   Coal      0     -1       43036298      1015.6541  2.3599941e-05      21186.493      20.865     -1
     8     15        3011      3762.6   Coal      0     -1       65650463      1481.1481  2.2561121e-05      22162.019      26.346     -1
     8     16      3762.6      4701.8   Coal      0     -1       99595668      2312.6714  2.3220603e-05      21532.602      28.496     -1
     8     17      4701.8      5875.5   Coal      0     -1  1.4909185e+08        3925.32  2.6328199e-05      18991.044       34.81     -1
     8     18      5875.5      7342.1   Coal      0     -1  2.2131679e+08        4920.77  2.2234057e-05      22488.024      38.675     -1
     8     19      7342.1      9174.7   Coal      0     -1  3.2770043e+08        6147.74  1.8760244e-05      26652.105      47.465     -1
     8     20      9174.7       11465   Coal      0     -1  4.8489275e+08        8418.67  1.7361922e-05      28798.656      58.695     -1
     8     21       11465       14327   Coal      0     -1  7.0845441e+08       11986.62  1.6919395e-05      29551.884      67.537     -1
     8     22       14327       17903   Coal      0     -1  1.0114756e+09       18422.52  1.8213509e-05       27452.15      81.881     -1
     8     23       17903       22372   Coal      0     -1   1.374501e+09       30552.41  2.2228001e-05       22494.15      86.658     -1
     8     24       22372       27956   Coal      0     -1  1.7554633e+09       43705.82  2.4897029e-05      20082.718      97.379     -1
     8     25       27956       34934   Coal      0     -1  2.0727893e+09        60255.5  2.9069766e-05      17200.001      106.43     -1
     8     26       34934       43654   Coal      0     -1  2.2425831e+09       70704.83  3.1528299e-05      15858.769      110.46     -1
     8     27       43654       54551   Coal      0     -1  2.2045024e+09       77434.78   3.512574e-05      14234.575      107.71     -1
     8     28       54551       68167   Coal      0     -1  1.9374276e+09        70978.9   3.663564e-05      13647.912      90.092     -1
     8     29       68167       85183   Coal      0     -1  1.6249614e+09        54938.4  3.3809049e-05       14788.94      78.205     -1
     8     30       85183  1.0645e+05   Coal      0     -1  1.5487199e+09       28640.08  1.8492744e-05      27037.632      69.322     -1
     8     31  1.0645e+05  1.3302e+05   Coal      0     -1  1.6077742e+09       28632.05  1.7808502e-05      28076.477      70.602     -1
     8     32  1.3302e+05       1e+99   Coal      0     -1  3.9861244e+09       69217.45  1.7364598e-05      28794.216      53.158     -1
     8     -1           0       1e+99  Delay     -1     -1  2.5961648e+09              0              0              0           1     -1
     8     -1           0       1e+99   LogL     -1     -1              1      -15833863      -15833863              0           1     -1
     8     -1           0       1e+99 Recomb     -1     -1           4257  1.2771005e-05  3.0000011e-09              0           1     -1
     8     -1           0       1e+99 Resamp     -1     -1  2.5961648e+09         733870  0.00028267466              0           1     -1
     7      0           0         133   Coal      0     -1      308471.37      48.703416  0.00015788634      3166.8351      1.4199     -1
     7      1         133       166.2   Coal      0     -1      160798.92      11.701543  7.2771281e-05      6870.8423      2.2023     -1
     7      2       166.2      207.68   Coal      0     -1      252105.02      9.4246954  3.7384005e-05      13374.704      2.4146     -1
     7      3      207.68      259.53   Coal      0     -1      390494.68      7.7036968  1.9728045e-05      25344.629      2.9115     -1
     7      4      259.53      324.31   Coal      0     -1      605231.08      28.548531  4.7169638e-05      10600.039      3.5409     -1
     7      5      324.31      405.26   Coal      0     -1      942910.66      54.767906  5.8083877e-05      8608.2409      4.0604     -1
     7      6      405.26      506.42   Coal      0     -1      1454259.4      143.10554  9.8404414e-05      5081.0729      4.6962     -1
     7      7      506.42      632.82   Coal      0     -1      2223774.9      159.22673  7.1602003e-05      6983.0449       5.816     -1
     7      8      632.82      790.79   Coal      0     -1      3393468.6      287.51036  8.4724627e-05      5901.4718      7.0929     -1
     7      9      790.79      988.18   Coal      0     -1      5152843.8      377.76618  7.3312173e-05      6820.1498      9.1231     -1
     7     10      988.18      1234.8   Coal      0     -1      7834455.9       456.9339  5.8323629e-05      8572.8547      9.8162     -1
     7     11      1234.8      1543.1   Coal      0     -1       11977594       504.1017  4.2087058e-05      11880.137      13.096     -1
     7     12      1543.1      1928.2   Coal      0     -1       18376093      595.89798  3.2427894e-05      15418.824      14.236     -1
     7     13      1928.2      2409.6   Coal      0     -1       28145960      775.87682  2.7566188e-05      18138.163      18.073     -1
     7     14      2409.6        3011   Coal      0     -1       43123067       1052.814  2.4414173e-05      20479.908      21.417     -1
     7     15        3011      3762.6   Coal      0     -1       65664452      1535.7727   2.338819e-05      21378.311      25.436     -1
     7     16      3762.6      4701.8   Coal      0     -1       99506750        2382.61  2.3944205e-05       20881.88      29.049     -1
     7     17      4701.8      5875.5   Coal      0     -1  1.4870485e+08        4041.05  2.7174971e-05      18399.284       34.64     -1
     7     18      5875.5      7342.1   Coal      0     -1  2.2049731e+08        4990.21  2.2631614e-05      22092.989      37.321     -1
     7     19      7342.1      9174.7   Coal      0     -1   3.262152e+08        6176.46  1.8933698e-05      26407.942      48.815     -1
     7     20      9174.7       11465   Coal      0     -1  4.8275349e+08        8334.39  1.7264277e-05      28961.537      58.231     -1
     7     21       11465       14327   Coal      0     -1  7.0631265e+08       11813.54  1.6725653e-05        29894.2      65.825     -1
     7     22       14327       17903   Coal      0     -1  1.0109219e+09       18160.31  1.7964109e-05      27833.277      82.558     -1
     7     23       17903       22372   Coal      0     -1   1.376355e+09       30139.41  2.1897991e-05      22833.144      85.259     -1
     7     24       22372       27956   Coal      0     -1  1.7640468e+09        43372.2  2.4586762e-05      20336.147      99.152     -1
     7     25       27956       34934   Coal      0     -1  2.0863646e+09       60117.03   2.881425e-05      17352.525      104.52     -1
     7     26       34934       43654   Coal      0     -1  2.2613241e+09       71034.34   3.141272e-05      15917.119         110     -1
     7     27       43654       54551   Coal      0     -1  2.2165351e+09       78053.58  3.5214231e-05      14198.805      107.17     -1
     7     28       54551       68167   Coal      0     -1  1.9394393e+09       71289.18  3.6757623e-05      13602.621      88.141     -1
     7     29       68167       85183   Coal      0     -1   1.623741e+09       55400.42  3.4119001e-05      14654.591      78.283     -1
     7     30       85183  1.0645e+05   Coal      0     -1  1.5390613e+09       28694.89   1.864441e-05       26817.69      68.852     -1
     7     31  1.0645e+05  1.3302e+05   Coal      0     -1  1.5880562e+09        28638.9  1.8033933e-05       27725.51      68.863     -1
     7     32  1.3302e+05       1e+99   Coal      0     -1  3.8711112e+09       68210.03  1.7620272e-05      28376.407      53.356     -1
     7     -1           0       1e+99  Delay     -1     -1  2.5961648e+09              0              0              0           1     -1
     7     -1           0       1e+99   LogL     -1     -1              1      -15834002      -15834002              0           1     -1
     7     -1           0       1e+99 Recomb     -1     -1           4257  1.2771005e-05  3.0000011e-09              0           1     -1
     7     -1           0       1e+99 Resamp     -1     -1  2.5961648e+09         732744  0.00028224095              0           1     -1
     6      0           0         133   Coal      0     -1      310025.77      57.209242   0.0001845306      2709.5777      1.4319     -1
     6      1         133       166.2   Coal      0     -1      164667.56      14.792892  8.9834888e-05      5565.7664      2.2402     -1
     6      2       166.2      207.68   Coal      0     -1      252496.83      8.3750737  3.3169025e-05      15074.305      2.6401     -1
     6      3      207.68      259.53   Coal      0     -1      393351.55      8.0017863  2.0342582e-05      24578.984      3.2236     -1
     6      4      259.53      324.31   Coal      0     -1      613753.55      26.875042  4.3788003e-05      11418.653      3.8052     -1
     6      5      324.31      405.26   Coal      0     -1      948457.31      50.184521  5.2911734e-05      9449.6998      4.2047     -1
     6      6      405.26      506.42   Coal      0     -1      1458054.7      125.35018  8.5970839e-05      5815.9256      4.8055     -1
     6      7      506.42      632.82   Coal      0     -1      2229600.5      144.94598  6.5009842e-05      7691.1431      5.9551     -1
     6      8      632.82      790.79   Coal      0     -1      3395812.4      281.20935  8.2810626e-05      6037.8725      7.6251     -1
     6      9      790.79      988.18   Coal      0     -1      5171477.3      353.81399  6.8416425e-05      7308.1866      8.6657     -1
     6     10      988.18      1234.8   Coal      0     -1      7885687.6      437.66943  5.5501746e-05      9008.7257      10.036     -1
     6     11      1234.8      1543.1   Coal      0     -1       12036211      496.50937  4.1251303e-05      12120.829      13.988     -1
     6     12      1543.1      1928.2   Coal      0     -1       18461970       601.0304  3.2555052e-05        15358.6      13.059     -1
     6     13      1928.2      2409.6   Coal      0     -1       28237113      796.70485  2.8214813e-05      17721.188      18.679     -1
     6     14      2409.6        3011   Coal      0     -1       43160797      1093.6837  2.5339748e-05      19731.846      21.394     -1
     6     15        3011      3762.6   Coal      0     -1       65663868      1593.0136  2.4260124e-05      20609.953      26.897     -1
     6     16      3762.6      4701.8   Coal      0     -1       99281502      2487.9181  2.5059231e-05      19952.727      27.456     -1
     6     17      4701.8      5875.5   Coal      0     -1  1.4809901e+08        4155.37  2.8058053e-05      17820.196      33.949     -1
     6     18      5875.5      7342.1   Coal      0     -1  2.1935488e+08        5070.37  2.3114918e-05      21631.053      37.658     -1
     6     19      7342.1      9174.7   Coal      0     -1  3.2472637e+08        6187.49  1.9054473e-05      26240.558      48.489     -1
     6     20      9174.7       11465   Coal      0     -1  4.8097863e+08        8267.38  1.7188664e-05      29088.939      57.935     -1
     6     21       11465       14327   Coal      0     -1  7.0460004e+08       11642.68  1.6523814e-05      30259.358      67.154     -1
     6     22       14327       17903   Coal      0     -1  1.0100934e+09        17903.7  1.7724796e-05       28209.07      83.927     -1
     6     23       17903       22372   Coal      0     -1   1.378818e+09       29672.63  2.1520339e-05      23233.835      86.631     -1
     6     24       22372       27956   Coal      0     -1  1.7729527e+09       43006.49  2.4256986e-05      20612.618      102.04     -1
     6     25       27956       34934   Coal      0     -1    2.10195e+09       59929.72  2.8511487e-05      17536.791      107.74     -1
     6     26       34934       43654   Coal      0     -1  2.2784761e+09       71299.11  3.1292455e-05      15978.293      109.94     -1
     6     27       43654       54551   Coal      0     -1  2.2302588e+09       78681.81  3.5279229e-05      14172.645      109.47     -1
     6     28       54551       68167   Coal      0     -1  1.9481642e+09       71849.46  3.6880598e-05      13557.264      91.134     -1
     6     29       68167       85183   Coal      0     -1  1.6175238e+09       55775.14  3.4481805e-05      14500.401      78.757     -1
     6     30       85183  1.0645e+05   Coal      0     -1  1.5294795e+09       28838.51  1.8855113e-05      26518.006      70.294     -1
     6     31  1.0645e+05  1.3302e+05   Coal      0     -1  1.5667196e+09       28662.42  1.8294543e-05      27330.554      69.986     -1
     6     32  1.3302e+05       1e+99   Coal      0     -1  3.7413516e+09        67057.5  1.7923335e-05      27896.594      52.981     -1
     6     -1           0       1e+99  Delay     -1     -1  2.5961648e+09              0              0              0           1     -1
     6     -1           0       1e+99   LogL     -1     -1              1      -15834152      -15834152              0           1     -1
     6     -1           0       1e+99 Recomb     -1     -1           4257  1.2771005e-05  3.0000011e-09              0           1     -1
     6     -1           0       1e+99 Resamp     -1     -1  2.5961648e+09         730149  0.00028124139              0           1     -1
     5      0           0         133   Coal      0     -1      309478.52      55.222427  0.00017843703       2802.109      1.4739     -1
     5      1         133       166.2   Coal      0     -1      163867.01      12.980444  7.9213281e-05      6312.0728        2.18     -1
     5      2       166.2      207.68   Coal      0     -1      253271.68      10.350131  4.0865724e-05      12235.193      2.6815     -1
     5      3      207.68      259.53   Coal      0     -1      392165.26      6.3974611  1.6313176e-05       30650.07      3.0801     -1
     5      4      259.53      324.31   Coal      0     -1      609724.29      24.905601  4.0847316e-05      12240.706      3.8548     -1
     5      5      324.31      405.26   Coal      0     -1      944586.44      51.924161  5.4970258e-05      9095.8277      4.0271     -1
     5      6      405.26      506.42   Coal      0     -1      1450949.6      118.28835  8.1524781e-05      6133.1045      4.8132     -1
     5      7      506.42      632.82   Coal      0     -1      2226462.5      138.14389   6.204636e-05      8058.4905      5.7762     -1
     5      8      632.82      790.79   Coal      0     -1      3399110.3      269.50505  7.9286937e-05       6306.209      8.1711     -1
     5      9      790.79      988.18   Coal      0     -1      5160913.2      349.82543  6.7783629e-05      7376.4124      9.2607     -1
     5     10      988.18      1234.8   Coal      0     -1      7872280.4      431.65949   5.483284e-05      9118.6231      9.8253     -1
     5     11      1234.8      1543.1   Coal      0     -1       12017962      500.28491    4.16281e-05      12011.118      13.397     -1
     5     12      1543.1      1928.2   Coal      0     -1       18440825      599.33212  3.2500289e-05      15384.479      14.935     -1
     5     13      1928.2      2409.6   Coal      0     -1       28215912      821.59917  2.9118292e-05      17171.337      17.337     -1
     5     14      2409.6        3011   Coal      0     -1       43132631       1144.981  2.6545588e-05      18835.522       20.42     -1
     5     15        3011      3762.6   Coal      0     -1       65589105      1672.6015   2.550121e-05      19606.913      26.462     -1
     5     16      3762.6      4701.8   Coal      0     -1       99004628        2591.33  2.6173827e-05      19103.053      26.667     -1
     5     17      4701.8      5875.5   Coal      0     -1  1.4757462e+08        4277.85  2.8987708e-05      17248.691      33.862     -1
     5     18      5875.5      7342.1   Coal      0     -1  2.1835897e+08        5153.87   2.360274e-05      21183.981      39.092     -1
     5     19      7342.1      9174.7   Coal      0     -1  3.2320339e+08        6215.66  1.9231419e-05      25999.121      48.524     -1
     5     20      9174.7       11465   Coal      0     -1   4.790611e+08        8174.58  1.7063753e-05      29301.878      59.216     -1
     5     21       11465       14327   Coal      0     -1  7.0256721e+08       11458.19   1.630903e-05      30657.862      65.041     -1
     5     22       14327       17903   Coal      0     -1  1.0091645e+09       17570.04  1.7410481e-05      28718.334      83.051     -1
     5     23       17903       22372   Coal      0     -1  1.3820089e+09       29184.93  2.1117758e-05      23676.755      87.478     -1
     5     24       22372       27956   Coal      0     -1  1.7825362e+09       42581.37  2.3888082e-05       20930.94      103.27     -1
     5     25       27956       34934   Coal      0     -1  2.1206581e+09        59759.3  2.8179601e-05      17743.331      112.28     -1
     5     26       34934       43654   Coal      0     -1  2.2998762e+09       71549.07  3.1109965e-05       16072.02      111.82     -1
     5     27       43654       54551   Coal      0     -1  2.2462821e+09       79304.63  3.5304841e-05      14162.364      108.04     -1
     5     28       54551       68167   Coal      0     -1   1.960542e+09       72585.16  3.7023006e-05      13505.116      92.895     -1
     5     29       68167       85183   Coal      0     -1  1.6169715e+09       56372.61  3.4863082e-05      14341.819      79.763     -1
     5     30       85183  1.0645e+05   Coal      0     -1  1.5173305e+09       28986.75  1.9103781e-05      26172.829      70.131     -1
     5     31  1.0645e+05  1.3302e+05   Coal      0     -1  1.5436805e+09       28714.16  1.8601103e-05      26880.126      70.181     -1
     5     32  1.3302e+05       1e+99   Coal      0     -1  3.6017339e+09       65789.43  1.8266044e-05      27373.196      53.303     -1
     5     -1           0       1e+99  Delay     -1     -1  2.5961648e+09              0              0              0           1     -1
     5     -1           0       1e+99   LogL     -1     -1              1      -15834296      -15834296              0           1     -1
     5     -1           0       1e+99 Recomb     -1     -1           4257  1.2771005e-05  3.0000011e-09              0           1     -1
     5     -1           0       1e+99 Resamp     -1     -1  2.5961648e+09         726852  0.00027997144              0           1     -1
     4      0           0         133   Coal      0     -1      304910.93       46.15543  0.00015137348      3303.0884      1.4622     -1
     4      1         133       166.2   Coal      0     -1      162605.14      15.088098  9.2789799e-05      5388.5233      2.0943     -1
     4      2       166.2      207.68   Coal      0     -1      248613.76      8.9749616   3.610002e-05      13850.408      2.5454     -1
     4      3      207.68      259.53   Coal      0     -1      387771.81      7.9998866  2.0630398e-05      24236.082      3.0445     -1
     4      4      259.53      324.31   Coal      0     -1      606056.06      22.613075  3.7311854e-05      13400.567      3.6583     -1
     4      5      324.31      405.26   Coal      0     -1      937326.91      43.059097  4.5938185e-05      10884.191      3.9177     -1
     4      6      405.26      506.42   Coal      0     -1      1443179.1      107.47794  7.4473042e-05      6713.8389      5.1415     -1
     4      7      506.42      632.82   Coal      0     -1        2226438      128.30121  5.7626222e-05      8676.6056      5.6092     -1
     4      8      632.82      790.79   Coal      0     -1      3407877.3      266.18078  7.8107499e-05       6401.434      7.9614     -1
     4      9      790.79      988.18   Coal      0     -1      5203952.7       328.4566  6.3116753e-05       7921.827      8.7636     -1
     4     10      988.18      1234.8   Coal      0     -1      7924293.8      417.28764  5.2659284e-05      9495.0018      10.467     -1
     4     11      1234.8      1543.1   Coal      0     -1       12102133      496.90398  4.1059206e-05      12177.537      10.963     -1
     4     12      1543.1      1928.2   Coal      0     -1       18487292       607.1086  3.2839239e-05      15225.688      17.122     -1
     4     13      1928.2      2409.6   Coal      0     -1       28306429      861.59247  3.0438049e-05      16426.808      16.842     -1
     4     14      2409.6        3011   Coal      0     -1       43137441      1194.1149  2.7681635e-05      18062.517      21.304     -1
     4     15        3011      3762.6   Coal      0     -1       65391571      1758.5805  2.6893076e-05      18592.146      25.636     -1
     4     16      3762.6      4701.8   Coal      0     -1       98578612      2724.3963  2.7636789e-05      18091.827      27.174     -1
     4     17      4701.8      5875.5   Coal      0     -1  1.4657827e+08        4414.63  3.0117901e-05      16601.422      34.288     -1
     4     18      5875.5      7342.1   Coal      0     -1  2.1685014e+08        5238.13   2.415553e-05      20699.194      38.247     -1
     4     19      7342.1      9174.7   Coal      0     -1  3.2091406e+08        6215.43  1.9367895e-05      25815.918      46.663     -1
     4     20      9174.7       11465   Coal      0     -1  4.7632184e+08        8054.41  1.6909596e-05      29569.008      59.703     -1
     4     21       11465       14327   Coal      0     -1  7.0039822e+08       11228.43  1.6031494e-05      31188.609      68.356     -1
     4     22       14327       17903   Coal      0     -1  1.0086231e+09       17208.09  1.7060971e-05      29306.655      83.986     -1
     4     23       17903       22372   Coal      0     -1  1.3853725e+09        28589.5  2.0636688e-05      24228.694      83.851     -1
     4     24       22372       27956   Coal      0     -1  1.7947514e+09       42130.34  2.3474193e-05      21299.987      103.58     -1
     4     25       27956       34934   Coal      0     -1   2.140715e+09       59553.83  2.7819597e-05      17972.942      110.95     -1
     4     26       34934       43654   Coal      0     -1   2.324438e+09       71817.47  3.0896703e-05      16182.957      112.19     -1
     4     27       43654       54551   Coal      0     -1  2.2681841e+09       80069.78  3.5301271e-05      14163.796      108.09     -1
     4     28       54551       68167   Coal      0     -1  1.9760412e+09       73500.69   3.719593e-05      13442.331      93.487     -1
     4     29       68167       85183   Coal      0     -1  1.6126837e+09       56900.68  3.5283223e-05      14171.041      78.104     -1
     4     30       85183  1.0645e+05   Coal      0     -1  1.5052361e+09       29189.28  1.9391829e-05      25784.056      68.383     -1
     4     31  1.0645e+05  1.3302e+05   Coal      0     -1  1.5234854e+09       28873.67  1.8952377e-05      26381.915      68.505     -1
     4     32  1.3302e+05       1e+99   Coal      0     -1  3.4493352e+09       64331.53  1.8650414e-05      26809.056      51.898     -1
     4     -1           0       1e+99  Delay     -1     -1  2.5961648e+09              0              0              0           1     -1
     4     -1           0       1e+99   LogL     -1     -1              1      -15834526      -15834526              0           1     -1
     4     -1           0       1e+99 Recomb     -1     -1           4257  1.2771005e-05  3.0000011e-09              0           1     -1
     4     -1           0       1e+99 Resamp     -1     -1  2.5961648e+09         724038  0.00027888754              0           1     -1
     3      0           0         133   Coal      0     -1      300875.36      46.161455  0.00015342384      3258.9458      1.4887     -1
     3      1         133       166.2   Coal      0     -1      159190.64      13.151472  8.2614605e-05      6052.1986      2.2849     -1
     3      2       166.2      207.68   Coal      0     -1         249626      9.3081474  3.7288373e-05      13409.006      2.8307     -1
     3      3      207.68      259.53   Coal      0     -1      392741.74      9.3934006    2.39175e-05      20905.195      3.0901     -1
     3      4      259.53      324.31   Coal      0     -1       608609.7       18.49111  3.0382542e-05      16456.819      3.5014     -1
     3      5      324.31      405.26   Coal      0     -1      944456.84      39.334084  4.1647307e-05      12005.578       4.061     -1
     3      6      405.26      506.42   Coal      0     -1      1455488.8      96.754359  6.6475507e-05      7521.5673      5.0359     -1
     3      7      506.42      632.82   Coal      0     -1      2234325.6      117.74166  5.2696735e-05      9488.2539      6.6841     -1
     3      8      632.82      790.79   Coal      0     -1      3417937.3      252.51806  7.3880247e-05      6767.7088      7.2122     -1
     3      9      790.79      988.18   Coal      0     -1      5203681.1      301.56029   5.795134e-05      8627.9282      9.0379     -1
     3     10      988.18      1234.8   Coal      0     -1      7947193.1      390.97483  4.9196594e-05      10163.305      10.603     -1
     3     11      1234.8      1543.1   Coal      0     -1       12143932      487.33406  4.0129842e-05      12459.556      12.129     -1
     3     12      1543.1      1928.2   Coal      0     -1       18542695      639.73126  3.4500446e-05      14492.566      14.356     -1
     3     13      1928.2      2409.6   Coal      0     -1       28318587      886.92947  3.1319694e-05      15964.396      15.908     -1
     3     14      2409.6        3011   Coal      0     -1       43128530      1265.8832  2.9351412e-05      17034.956      22.688     -1
     3     15        3011      3762.6   Coal      0     -1       65279372      1876.9021  2.8751841e-05      17390.191      23.492     -1
     3     16      3762.6      4701.8   Coal      0     -1       98116144        2900.47  2.9561598e-05      16913.835      28.359     -1
     3     17      4701.8      5875.5   Coal      0     -1  1.4541577e+08        4589.44  3.1560814e-05      15842.431      34.162     -1
     3     18      5875.5      7342.1   Coal      0     -1   2.147129e+08        5358.02  2.4954346e-05       20036.59      40.618     -1
     3     19      7342.1      9174.7   Coal      0     -1  3.1784921e+08        6223.61  1.9580386e-05      25535.759      48.316     -1
     3     20      9174.7       11465   Coal      0     -1  4.7266001e+08        7912.67  1.6740722e-05       29867.29      61.212     -1
     3     21       11465       14327   Coal      0     -1  6.9684828e+08       10941.52  1.5701438e-05      31844.217      68.705     -1
     3     22       14327       17903   Coal      0     -1  1.0068468e+09       16802.03  1.6687773e-05      29962.058      84.691     -1
     3     23       17903       22372   Coal      0     -1  1.3887932e+09       27931.08  2.0111763e-05      24861.072      90.015     -1
     3     24       22372       27956   Coal      0     -1  1.8056529e+09       41540.65  2.3005889e-05      21733.565      106.57     -1
     3     25       27956       34934   Coal      0     -1  2.1593437e+09       59200.24  2.7415848e-05      18237.626      110.93     -1
     3     26       34934       43654   Coal      0     -1  2.3529254e+09       72094.31  3.0640287e-05      16318.385      114.82     -1
     3     27       43654       54551   Coal      0     -1  2.2924635e+09       80921.19  3.5298791e-05      14164.791      110.88     -1
     3     28       54551       68167   Coal      0     -1  1.9891135e+09       74429.63  3.7418493e-05      13362.377      95.719     -1
     3     29       68167       85183   Coal      0     -1  1.6076102e+09       57500.54  3.5767712e-05      13979.088      79.291     -1
     3     30       85183  1.0645e+05   Coal      0     -1  1.4973881e+09       29560.46  1.9741348e-05      25327.551      73.128     -1
     3     31  1.0645e+05  1.3302e+05   Coal      0     -1  1.4951634e+09        28972.7  1.9377614e-05       25802.97      71.692     -1
     3     32  1.3302e+05       1e+99   Coal      0     -1  3.2775594e+09       62616.67  1.9104664e-05       26171.62      52.024     -1
     3     -1           0       1e+99  Delay     -1     -1  2.5961648e+09              0              0              0           1     -1
     3     -1           0       1e+99   LogL     -1     -1              1      -15834814      -15834814              0           1     -1
     3     -1           0       1e+99 Recomb     -1     -1           4257  1.2771005e-05  3.0000011e-09              0           1     -1
     3     -1           0       1e+99 Resamp     -1     -1  2.5961648e+09         719848  0.00027727362              0           1     -1
     2      0           0         133   Coal      0     -1      301584.36      36.420638  0.00012076435      4140.2948      1.5155     -1
     2      1         133       166.2   Coal      0     -1      162081.76      10.798071  6.6621136e-05      7505.1257      2.1822     -1
     2      2       166.2      207.68   Coal      0     -1      253475.98      8.9765068  3.5413639e-05      14118.854      2.7332     -1
     2      3      207.68      259.53   Coal      0     -1      392758.85      7.4715474  1.9023244e-05      26283.635      3.0862     -1
     2      4      259.53      324.31   Coal      0     -1      606111.08      17.242296   2.844742e-05      17576.287      3.3705     -1
     2      5      324.31      405.26   Coal      0     -1      940779.36      35.238886  3.7457121e-05      13348.597      4.8763     -1
     2      6      405.26      506.42   Coal      0     -1      1459256.3      79.144328   5.423607e-05       9218.957      5.0383     -1
     2      7      506.42      632.82   Coal      0     -1      2250759.3       106.3301   4.724188e-05      10583.829      6.2189     -1
     2      8      632.82      790.79   Coal      0     -1      3449578.7      241.83157  7.0104669e-05      7132.1926      6.4404     -1
     2      9      790.79      988.18   Coal      0     -1        5271026      287.22086  5.4490503e-05       9175.911      8.2955     -1
     2     10      988.18      1234.8   Coal      0     -1      8023312.8      392.26022  4.8890057e-05      10227.028      11.862     -1
     2     11      1234.8      1543.1   Coal      0     -1       12239957      488.51213  3.9911262e-05      12527.792      11.553     -1
     2     12      1543.1      1928.2   Coal      0     -1       18722629      665.32632  3.5535945e-05      14070.261      14.437     -1
     2     13      1928.2      2409.6   Coal      0     -1       28468701      936.97934  3.2912614e-05      15191.744       17.86     -1
     2     14      2409.6        3011   Coal      0     -1       43244475      1363.5045  3.1530144e-05      15857.841      19.438     -1
     2     15        3011      3762.6   Coal      0     -1       65212922        2011.36  3.0842967e-05      16211.151      25.814     -1
     2     16      3762.6      4701.8   Coal      0     -1       97706486        3074.53     3.1467e-05      15889.662      28.505     -1
     2     17      4701.8      5875.5   Coal      0     -1  1.4449024e+08        4816.94  3.3337476e-05      14998.136       31.33     -1
     2     18      5875.5      7342.1   Coal      0     -1    2.12974e+08        5502.82   2.583799e-05      19351.351      38.617     -1
     2     19      7342.1      9174.7   Coal      0     -1  3.1518892e+08        6240.61  1.9799586e-05      25253.054      47.968     -1
     2     20      9174.7       11465   Coal      0     -1  4.6929196e+08      7780.2352  1.6578667e-05       30159.24      58.267     -1
     2     21       11465       14327   Coal      0     -1  6.9344178e+08      10656.066  1.5366922e-05       32537.42      64.782     -1
     2     22       14327       17903   Coal      0     -1  1.0047126e+09       16336.35  1.6259725e-05      30750.828      85.121     -1
     2     23       17903       22372   Coal      0     -1  1.3921501e+09       27216.25  1.9549796e-05      25575.714      92.594     -1
     2     24       22372       27956   Coal      0     -1  1.8170059e+09        40869.8  2.2492937e-05        22229.2      104.96     -1
     2     25       27956       34934   Coal      0     -1  2.1812072e+09       58760.89  2.6939619e-05      18560.025      109.08     -1
     2     26       34934       43654   Coal      0     -1  2.3861254e+09       72443.18  3.0360173e-05      16468.944      116.67     -1
     2     27       43654       54551   Coal      0     -1  2.3230808e+09        81886.5  3.5249097e-05       14184.76      112.21     -1
     2     28       54551       68167   Coal      0     -1  2.0054061e+09       75517.29  3.7656856e-05      13277.794      97.054     -1
     2     29       68167       85183   Coal      0     -1  1.6214138e+09       58798.76  3.6263884e-05      13787.823      82.247     -1
     2     30       85183  1.0645e+05   Coal      0     -1  1.4746896e+09        29700.2  2.0139967e-05      24826.257      68.395     -1
     2     31  1.0645e+05  1.3302e+05   Coal      0     -1  1.4654713e+09       29099.43  1.9856705e-05      25180.412      68.675     -1
     2     32  1.3302e+05       1e+99   Coal      0     -1  3.1064624e+09       60981.49  1.9630526e-05      25470.535      51.657     -1
     2     -1           0       1e+99  Delay     -1     -1  2.5961648e+09              0              0              0           1     -1
     2     -1           0       1e+99   LogL     -1     -1              1      -15835168      -15835168              0           1     -1
     2     -1           0       1e+99 Recomb     -1     -1           4257  1.2771005e-05  3.0000011e-09              0           1     -1
     2     -1           0       1e+99 Resamp     -1     -1  2.5961648e+09         715663  0.00027566163              0           1     -1
     1      0           0         133   Coal      0     -1      303531.67      24.356278  8.0242954e-05      6231.0767      1.6694     -1
     1      1         133       166.2   Coal      0     -1      163032.36      5.3798089  3.2998412e-05      15152.244      2.4954     -1
     1      2       166.2      207.68   Coal      0     -1      253539.32      6.1786762  2.4369696e-05      20517.285      2.6813     -1
     1      3      207.68      259.53   Coal      0     -1      393918.01      5.7928074  1.4705617e-05      34000.613      2.7875     -1
     1      4      259.53      324.31   Coal      0     -1      608565.21       16.08231  2.6426602e-05      18920.329      3.3863     -1
     1      5      324.31      405.26   Coal      0     -1      938135.65      26.908774  2.8683244e-05       17431.78      4.4266     -1
     1      6      405.26      506.42   Coal      0     -1      1451235.4      59.308606  4.0867667e-05      12234.611      4.8315     -1
     1      7      506.42      632.82   Coal      0     -1      2244233.9      91.761999  4.0887895e-05      12228.558      6.3788     -1
     1      8      632.82      790.79   Coal      0     -1      3451768.8      214.71747  6.2205054e-05      8037.9321      7.2398     -1
     1      9      790.79      988.18   Coal      0     -1      5273183.1       266.4214   5.052383e-05      9896.3203      7.9129     -1
     1     10      988.18      1234.8   Coal      0     -1      8052804.5      386.79298  4.8032083e-05      10409.709      10.785     -1
     1     11      1234.8      1543.1   Coal      0     -1       12282625      480.16508  3.9093034e-05      12790.002       12.82     -1
     1     12      1543.1      1928.2   Coal      0     -1       18745408      695.11457  3.7081858e-05      13483.682      15.878     -1
     1     13      1928.2      2409.6   Coal      0     -1       28485289      1002.4162  3.5190664e-05      14208.314      16.086     -1
     1     14      2409.6        3011   Coal      0     -1       43167727      1466.4985  3.3972104e-05      14717.958      20.468     -1
     1     15        3011      3762.6   Coal      0     -1       64909071        2170.83   3.344417e-05      14950.289      25.856     -1
     1     16      3762.6      4701.8   Coal      0     -1       96926404         3309.4  3.4143431e-05      14644.105      31.524     -1
     1     17      4701.8      5875.5   Coal      0     -1  1.4278826e+08         5066.9  3.5485411e-05      14090.298      32.521     -1
     1     18      5875.5      7342.1   Coal      0     -1  2.0998346e+08        5623.25   2.677949e-05      18671.005      38.982     -1
     1     19      7342.1      9174.7   Coal      0     -1  3.1123518e+08      6230.2438  2.0017801e-05      24977.769      50.777     -1
     1     20      9174.7       11465   Coal      0     -1  4.6456086e+08        7600.67  1.6360978e-05       30560.52      58.365     -1
     1     21       11465       14327   Coal      0     -1  6.8913109e+08      10313.414  1.4965823e-05      33409.455      66.903     -1
     1     22       14327       17903   Coal      0     -1  1.0024144e+09       15789.06   1.575103e-05      31743.955      83.532     -1
     1     23       17903       22372   Coal      0     -1   1.396898e+09        26404.9  1.8902525e-05      26451.493      96.568     -1
     1     24       22372       27956   Coal      0     -1  1.8345567e+09       40154.38  2.1887784e-05      22843.793      112.64     -1
     1     25       27956       34934   Coal      0     -1  2.2091445e+09       58201.64  2.6345782e-05       18978.37      108.92     -1
     1     26       34934       43654   Coal      0     -1  2.4261656e+09       72805.17  3.0008327e-05      16662.042       120.2     -1
     1     27       43654       54551   Coal      0     -1  2.3589161e+09       82995.19  3.5183613e-05      14211.161      116.85     -1
     1     28       54551       68167   Coal      0     -1  2.0240727e+09       76723.56  3.7905536e-05      13190.685       98.04     -1
     1     29       68167       85183   Coal      0     -1  1.6151512e+09       59646.52  3.6929373e-05      13539.358      82.149     -1
     1     30       85183  1.0645e+05   Coal      0     -1  1.4553442e+09       30020.23  2.0627581e-05      24239.391      69.469     -1
     1     31  1.0645e+05  1.3302e+05   Coal      0     -1  1.4271251e+09       29155.92  2.0429828e-05       24474.02      69.165     -1
     1     32  1.3302e+05       1e+99   Coal      0     -1  2.9190726e+09       59120.85  2.0253299e-05      24687.337      51.496     -1
     1     -1           0       1e+99  Delay     -1     -1  2.5961648e+09              0              0              0           1     -1
     1     -1           0       1e+99   LogL     -1     -1              1      -15835759      -15835759              0           1     -1
     1     -1           0       1e+99 Recomb     -1     -1           4257  1.2771005e-05  3.0000011e-09              0           1     -1
     1     -1           0       1e+99 Resamp     -1     -1  2.5961648e+09         710870  0.00027381544              0           1     -1
     0      0           0         133   Coal      0     -1      308109.82      12.254537  3.9773276e-05      12571.255      1.3949     -1
     0      1         133       166.2   Coal      0     -1      163306.93      4.4691592  2.7366623e-05      18270.431      2.3393     -1
     0      2       166.2      207.68   Coal      0     -1      255387.41      5.0854108  1.9912535e-05      25109.811      2.5271     -1
     0      3      207.68      259.53   Coal      0     -1      396627.04      4.2318518    1.06696e-05      46862.113      2.5812     -1
     0      4      259.53      324.31   Coal      0     -1      610308.02      10.768691  1.7644682e-05       28337.15      3.6931     -1
     0      5      324.31      405.26   Coal      0     -1      944676.38      18.752042  1.9850229e-05      25188.626      3.7609     -1
     0      6      405.26      506.42   Coal      0     -1      1473512.2       40.72511  2.7638122e-05      18090.954      6.0612     -1
     0      7      506.42      632.82   Coal      0     -1      2274359.7      75.676472  3.3273748e-05      15026.861      5.9509     -1
     0      8      632.82      790.79   Coal      0     -1      3493686.8      181.37725  5.1915716e-05       9630.995      6.4871     -1
     0      9      790.79      988.18   Coal      0     -1      5357965.3      249.43131  4.6553364e-05      10740.362      8.7331     -1
     0     10      988.18      1234.8   Coal      0     -1      8166823.6      365.42792  4.4745416e-05      11174.329      9.9893     -1
     0     11      1234.8      1543.1   Coal      0     -1       12441489       501.9781  4.0347107e-05      12392.462      11.186     -1
     0     12      1543.1      1928.2   Coal      0     -1       18890199      732.65594  3.8784977e-05       12891.59      14.699     -1
     0     13      1928.2      2409.6   Coal      0     -1       28599624      1088.6438  3.8064968e-05      13135.437      15.722     -1
     0     14      2409.6        3011   Coal      0     -1       43111436      1598.2292  3.7072046e-05      13487.251      20.465     -1
     0     15        3011      3762.6   Coal      0     -1       64574280        2381.76  3.6884035e-05      13556.001      25.826     -1
     0     16      3762.6      4701.8   Coal      0     -1       96071944      3580.9024  3.7273133e-05      13414.488      30.658     -1
     0     17      4701.8      5875.5   Coal      0     -1  1.4087426e+08      5350.7231  3.7982263e-05      13164.039      31.526     -1
     0     18      5875.5      7342.1   Coal      0     -1  2.0687586e+08         5760.6  2.7845685e-05      17956.103      39.718     -1
     0     19      7342.1      9174.7   Coal      0     -1  3.0670784e+08        6220.75  2.0282331e-05      24651.999      49.731     -1
     0     20      9174.7       11465   Coal      0     -1  4.5906468e+08        7414.91  1.6152212e-05      30955.513      57.314     -1
     0     21       11465       14327   Coal      0     -1  6.8379276e+08        9917.32    1.45034e-05      34474.675      67.431     -1
     0     22       14327       17903   Coal      0     -1  9.9909922e+08       15160.16  1.5173828e-05      32951.474      80.885     -1
     0     23       17903       22372   Coal      0     -1  1.3998893e+09       25523.13  1.8232249e-05      27423.934       93.23     -1
     0     24       22372       27956   Coal      0     -1  1.8498829e+09       39320.12  2.1255465e-05      23523.363      113.62     -1
     0     25       27956       34934   Coal      0     -1  2.2404209e+09       57527.94  2.5677291e-05      19472.459      111.21     -1
     0     26       34934       43654   Coal      0     -1  2.4643768e+09        72952.2  2.9602697e-05      16890.353      117.22     -1
     0     27       43654       54551   Coal      0     -1  2.4015731e+09        84254.6  3.5083088e-05      14251.881      116.62     -1
     0     28       54551       68167   Coal      0     -1  2.0498398e+09       78212.77  3.8155553e-05      13104.252      99.394     -1
     0     29       68167       85183   Coal      0     -1  1.6152249e+09       60776.83  3.7627473e-05      13288.163      81.886     -1
     0     30       85183  1.0645e+05   Coal      0     -1  1.4395016e+09       30497.99  2.1186492e-05      23599.942       68.84     -1
     0     31  1.0645e+05  1.3302e+05   Coal      0     -1  1.3843869e+09       29208.47  2.1098488e-05      23698.381      67.449     -1
     0     32  1.3302e+05       1e+99   Coal      0     -1  2.7183789e+09       57080.36  2.0997941e-05      23811.858      54.497     -1
     0     -1           0       1e+99  Delay     -1     -1  2.5961648e+09              0              0              0           1     -1
     0     -1           0       1e+99   LogL     -1     -1              1      -15836266      -15836266              0           1     -1
     0     -1           0       1e+99 Recomb     -1     -1           4257  1.2771005e-05  3.0000011e-09              0           1     -1
     0     -1           0       1e+99 Resamp     -1     -1  2.5961648e+09         706205  0.00027201856              0           1     -1
