  Iter  Epoch       Start         End   Type   From     To            Opp          Count           Rate             Ne         ESS  Clump
    10      0           0         133   Coal      0     -1      310077.64      39.939326  0.00012880428      3881.8587      1.4788     -1
    10      1         133       166.2   Coal      0     -1      167218.24      2.5919152  1.5500194e-05      32257.661      2.2193     -1
    10      2       166.2      207.68   Coal      0     -1       261804.2      2.1507303  8.2150335e-06      60864.025      2.5176     -1
    10      3      207.68      259.53   Coal      0     -1      404164.68       8.859262  2.1919931e-05      22810.291      3.0413     -1
    10      4      259.53      324.31   Coal      0     -1      629843.59      24.617051  3.9084388e-05      12792.832      3.6702     -1
    10      5      324.31      405.26   Coal      0     -1       973799.5      25.556416  2.6244022e-05      19051.958       3.897     -1
    10      6      405.26      506.42   Coal      0     -1      1509231.4      78.128326  5.1766963e-05      9658.6698      4.6918     -1
    10      7      506.42      632.82   Coal      0     -1      2318356.1      154.24507  6.6532088e-05      7515.1707      5.6661     -1
    10      8      632.82      790.79   Coal      0     -1        3533223      315.46845  8.9286312e-05      5599.9625       6.843     -1
    10      9      790.79      988.18   Coal      0     -1      5376345.9      378.64715  7.0428346e-05      7099.4142      8.2543     -1
    10     10      988.18      1234.8   Coal      0     -1      8120233.7      561.63124  6.9164418e-05      7229.1507      10.217     -1
    10     11      1234.8      1543.1   Coal      0     -1       12286076      723.22589   5.886549e-05       8493.941        11.5     -1
    10     12      1543.1      1928.2   Coal      0     -1       18592396      997.45153  5.3648359e-05      9319.9495      14.451     -1
    10     13      1928.2      2409.6   Coal      0     -1       27925061      1316.5876   4.714717e-05       10605.09      16.734     -1
    10     14      2409.6        3011   Coal      0     -1       41908292      1737.3694   4.145646e-05      12060.846      20.955     -1
    10     15        3011      3762.6   Coal      0     -1       62658314        2332.32  3.7222834e-05      13432.615       22.84     -1
    10     16      3762.6      4701.8   Coal      0     -1       93227046        3266.06  3.5033396e-05      14272.096      25.948     -1
    10     17      4701.8      5875.5   Coal      0     -1  1.3742792e+08        4735.92   3.446112e-05      14509.105      32.989     -1
    10     18      5875.5      7342.1   Coal      0     -1  2.0240955e+08         5294.9  2.6159338e-05      19113.633      38.603     -1
    10     19      7342.1      9174.7   Coal      0     -1  2.9988319e+08        5998.68  2.0003389e-05      24995.765      47.574     -1
    10     20      9174.7       11465   Coal      0     -1  4.4596325e+08        7834.18  1.7566874e-05      28462.663      53.486     -1
    10     21       11465       14327   Coal      0     -1  6.5552966e+08        11215.5  1.7109066e-05      29224.273      64.286     -1
    10     22       14327       17903   Coal      0     -1  9.4023024e+08       17213.32  1.8307558e-05      27311.124      77.278     -1
    10     23       17903       22372   Coal      0     -1  1.2846487e+09       28390.76  2.2100019e-05      22624.415      84.817     -1
    10     24       22372       27956   Coal      0     -1  1.6470054e+09       41173.14  2.4998789e-05      20000.969      93.659     -1
    10     25       27956       34934   Coal      0     -1  1.9627623e+09       55948.94  2.8505204e-05      17540.656      108.29     -1
    10     26       34934       43654   Coal      0     -1  2.1405675e+09       66811.07  3.1211849e-05      16019.557      109.93     -1
    10     27       43654       54551   Coal      0     -1  2.1245983e+09       72867.36  3.4297006e-05      14578.532      107.43     -1
    10     28       54551       68167   Coal      0     -1  1.8871172e+09        67852.6  3.5955689e-05      13906.005       88.82     -1
    10     29       68167       85183   Coal      0     -1   1.592554e+09       53124.88  3.3358292e-05      14988.777      77.411     -1
    10     30       85183  1.0645e+05   Coal      0     -1  1.5312552e+09        27998.7  1.8284803e-05      27345.113      70.924     -1
    10     31  1.0645e+05  1.3302e+05   Coal      0     -1  1.5760165e+09       28035.01  1.7788526e-05      28108.006      70.391     -1
    10     32  1.3302e+05       1e+99   Coal      0     -1  3.9741229e+09          68052  1.7123778e-05      29199.163       55.63     -1
    10     -1           0       1e+99  Delay     -1     -1  2.5938157e+09              0              0              0           1     -1
    10     -1           0       1e+99   LogL     -1     -1              1      -15171358      -15171358              0           1     -1
    10     -1           0       1e+99 Recomb     -1     -1           4323  1.2969005e-05  3.0000011e-09              0           1     -1
    10     -1           0       1e+99 Resamp     -1     -1  2.5938157e+09         714757  0.00027556198              0           1     -1
     9      0           0         133   Coal      0     -1      303552.36      37.274012   0.0001227927      4071.9035      1.5247     -1
     9      1         133       166.2   Coal      0     -1      164377.49      2.2095546  1.3441954e-05      37196.973       2.362     -1
     9      2       166.2      207.68   Coal      0     -1      256829.66      3.5574134  1.3851256e-05      36097.809      2.4632     -1
     9      3      207.68      259.53   Coal      0     -1      397196.55      13.597474  3.4233616e-05      14605.527      2.9467     -1
     9      4      259.53      324.31   Coal      0     -1      614722.86      22.242355  3.6182737e-05      13818.745      3.6008     -1
     9      5      324.31      405.26   Coal      0     -1      960226.86      25.759841  2.6826828e-05      18638.059      4.6406     -1
     9      6      405.26      506.42   Coal      0     -1      1487183.9      70.961332  4.7715235e-05      10478.833      4.7188     -1
     9      7      506.42      632.82   Coal      0     -1      2292782.4       156.0986  6.8082605e-05      7344.0198      5.5411     -1
     9      8      632.82      790.79   Coal      0     -1      3512364.5      319.94574  9.1091266e-05      5489.0004      6.6776     -1
     9      9      790.79      988.18   Coal      0     -1      5338935.3      379.54218  7.1089489e-05      7033.3886       8.659     -1
     9     10      988.18      1234.8   Coal      0     -1      8089212.3      533.58796  6.5962907e-05      7580.0176      10.267     -1
     9     11      1234.8      1543.1   Coal      0     -1       12262689      705.60507   5.754081e-05      8689.4848      11.221     -1
     9     12      1543.1      1928.2   Coal      0     -1       18504372       986.2004  5.3295535e-05      9381.6489      15.294     -1
     9     13      1928.2      2409.6   Coal      0     -1       27875578      1297.2472   4.653705e-05      10744.127      17.109     -1
     9     14      2409.6        3011   Coal      0     -1       41853147        1739.26  4.1556254e-05      12031.883      21.463     -1
     9     15        3011      3762.6   Coal      0     -1       62569284      2326.7537  3.7186836e-05      13445.618      23.963     -1
     9     16      3762.6      4701.8   Coal      0     -1       93187447        3299.76   3.540992e-05      14120.337      25.766     -1
     9     17      4701.8      5875.5   Coal      0     -1  1.3734642e+08        4806.58  3.4996034e-05      14287.333      32.254     -1
     9     18      5875.5      7342.1   Coal      0     -1   2.021828e+08        5348.16  2.6452102e-05       18902.09      37.493     -1
     9     19      7342.1      9174.7   Coal      0     -1  2.9942932e+08        6041.36  2.0176248e-05      24781.615      49.499     -1
     9     20      9174.7       11465   Coal      0     -1  4.4493155e+08        7833.67  1.7606461e-05      28398.666      52.146     -1
     9     21       11465       14327   Coal      0     -1  6.5469967e+08        11145.2  1.7023378e-05      29371.374      65.014     -1
     9     22       14327       17903   Coal      0     -1  9.4007588e+08       17073.52  1.8161853e-05       27530.23      76.456     -1
     9     23       17903       22372   Coal      0     -1  1.2864256e+09       28145.66  2.1878965e-05      22853.001      82.926     -1
     9     24       22372       27956   Coal      0     -1  1.6538602e+09       40945.08  2.4757279e-05       20196.08      96.476     -1
     9     25       27956       34934   Coal      0     -1   1.971065e+09       55914.29  2.8367553e-05      17625.771      107.13     -1
     9     26       34934       43654   Coal      0     -1   2.146621e+09       66870.28  3.1151414e-05      16050.636      104.45     -1
     9     27       43654       54551   Coal      0     -1  2.1309651e+09        73316.8  3.4405444e-05      14532.584      103.92     -1
     9     28       54551       68167   Coal      0     -1  1.8914305e+09       68151.96  3.6031967e-05      13876.567      87.908     -1
     9     29       68167       85183   Coal      0     -1  1.5892956e+09       53335.94  3.3559485e-05      14898.918      75.537     -1
     9     30       85183  1.0645e+05   Coal      0     -1  1.5274077e+09       28067.09  1.8375638e-05       27209.94      69.694     -1
     9     31  1.0645e+05  1.3302e+05   Coal      0     -1  1.5670908e+09        28083.1  1.7920531e-05      27900.959      66.928     -1
     9     32  1.3302e+05       1e+99   Coal      0     -1  3.8967007e+09       67446.33  1.7308574e-05      28887.418      52.595     -1
     9     -1           0       1e+99  Delay     -1     -1  2.5938157e+09              0              0              0           1     -1
     9     -1           0       1e+99   LogL     -1     -1              1      -15171363      -15171363              0           1     -1
     9     -1           0       1e+99 Recomb     -1     -1           4323  1.2969005e-05  3.0000011e-09              0           1     -1
     9     -1           0       1e+99 Resamp     -1     -1  2.5938157e+09         713356  0.00027502185              0           1     -1
     8      0           0         133   Coal      0     -1      314842.41      30.495533  9.6859673e-05       5162.107      1.5584     -1
     8      1         133       166.2   Coal      0     -1       171013.8      1.7717392  1.0360212e-05       48261.56      2.0657     -1
     8      2       166.2      207.68   Coal      0     -1      261830.57      3.5858965  1.3695485e-05      36508.383      2.5674     -1
     8      3      207.68      259.53   Coal      0     -1      406895.51      15.270472  3.7529223e-05      13322.951      2.6715     -1
     8      4      259.53      324.31   Coal      0     -1      624307.26      25.041018  4.0110087e-05      12465.692      3.5992     -1
     8      5      324.31      405.26   Coal      0     -1      972706.24      25.568227  2.6285661e-05      19021.778      4.5629     -1
     8      6      405.26      506.42   Coal      0     -1      1505176.2      74.892413  4.9756577e-05      10048.923      4.8587     -1
     8      7      506.42      632.82   Coal      0     -1      2321641.3      157.31738  6.7761277e-05      7378.8456      5.3767     -1
     8      8      632.82      790.79   Coal      0     -1      3532952.6      311.49199  8.8167611e-05      5671.0168      6.6744     -1
     8      9      790.79      988.18   Coal      0     -1      5367026.7      379.59283  7.0726839e-05       7069.452      8.4396     -1
     8     10      988.18      1234.8   Coal      0     -1      8107491.3      543.14747  6.6993285e-05      7463.4346      10.693     -1
     8     11      1234.8      1543.1   Coal      0     -1       12306969      693.78448  5.6373303e-05      8869.4467      11.359     -1
     8     12      1543.1      1928.2   Coal      0     -1       18575405      991.75352  5.3390681e-05      9364.9302       14.27     -1
     8     13      1928.2      2409.6   Coal      0     -1       27955565      1283.2373  4.5902748e-05      10892.594      17.694     -1
     8     14      2409.6        3011   Coal      0     -1       42028894        1744.33  4.1503115e-05      12047.289      21.535     -1
     8     15        3011      3762.6   Coal      0     -1       62836960        2348.15  3.7368931e-05      13380.099      23.006     -1
     8     16      3762.6      4701.8   Coal      0     -1       93397784        3338.96  3.5749885e-05      13986.059      24.833     -1
     8     17      4701.8      5875.5   Coal      0     -1  1.3733422e+08        4887.72  3.5589963e-05      14048.905      32.889     -1
     8     18      5875.5      7342.1   Coal      0     -1  2.0187004e+08        5401.86  2.6759097e-05      18685.234      36.945     -1
     8     19      7342.1      9174.7   Coal      0     -1  2.9887564e+08        6090.74  2.0378844e-05      24535.248      49.283     -1
     8     20      9174.7       11465   Coal      0     -1  4.4440696e+08        7821.47  1.7599792e-05      28409.427      54.637     -1
     8     21       11465       14327   Coal      0     -1  6.5374648e+08       11026.19  1.6866156e-05      29645.166      64.674     -1
     8     22       14327       17903   Coal      0     -1  9.3993923e+08       16917.62  1.7998632e-05       27779.89      77.231     -1
     8     23       17903       22372   Coal      0     -1   1.288549e+09       27846.01  2.1610362e-05      23137.049      84.589     -1
     8     24       22372       27956   Coal      0     -1  1.6605258e+09        40710.9  2.4516873e-05      20394.118      97.629     -1
     8     25       27956       34934   Coal      0     -1  1.9814558e+09       55870.83  2.8196859e-05      17732.472      107.46     -1
     8     26       34934       43654   Coal      0     -1  2.1603908e+09       67091.04  3.1055048e-05      16100.442      107.31     -1
     8     27       43654       54551   Coal      0     -1  2.1433383e+09       73926.98  3.4491512e-05       14496.32      107.81     -1
     8     28       54551       68167   Coal      0     -1  1.8948571e+09       68491.52  3.6146009e-05      13832.786      89.794     -1
     8     29       68167       85183   Coal      0     -1  1.5855652e+09       53537.73  3.3765707e-05      14807.923      76.481     -1
     8     30       85183  1.0645e+05   Coal      0     -1  1.5163054e+09       28080.25  1.8518861e-05        26999.5      69.351     -1
     8     31  1.0645e+05  1.3302e+05   Coal      0     -1  1.5523879e+09       28088.51  1.8093744e-05       27633.86      68.464     -1
     8     32  1.3302e+05       1e+99   Coal      0     -1   3.808427e+09       66763.68  1.7530513e-05      28521.697      56.073     -1
     8     -1           0       1e+99  Delay     -1     -1  2.5938157e+09              0              0              0           1     -1
     8     -1           0       1e+99   LogL     -1     -1              1      -15171382      -15171382              0           1     -1
     8     -1           0       1e+99 Recomb     -1     -1           4323  1.2969005e-05  3.0000011e-09              0           1     -1
     8     -1           0       1e+99 Resamp     -1     -1  2.5938157e+09         711842  0.00027443815              0           1     -1
     7      0           0         133   Coal      0     -1      323846.62      32.510663  0.00010038908      4980.6216      1.5639     -1
     7      1         133       166.2   Coal      0     -1      166967.21      2.6894079  1.6107401e-05       31041.63      2.1327     -1
     7      2       166.2      207.68   Coal      0     -1      259249.18      4.9670179  1.9159242e-05      26097.065      2.4043     -1
     7      3      207.68      259.53   Coal      0     -1      402483.94      9.8733065  2.4530933e-05      20382.429      2.7125     -1
     7      4      259.53      324.31   Coal      0     -1      627773.21      25.211279  4.0159851e-05      12450.245      3.7198     -1
     7      5      324.31      405.26   Coal      0     -1      970001.66       24.00723   2.474968e-05      20202.282      4.4718     -1
     7      6      405.26      506.42   Coal      0     -1      1501812.9      67.787499  4.5137113e-05      11077.359      4.7972     -1
     7      7      506.42      632.82   Coal      0     -1      2312835.7      151.67323  6.5578903e-05      7624.4033      5.4136     -1
     7      8      632.82      790.79   Coal      0     -1      3527862.5       292.8775    8.30184e-05      6022.7612      6.9295     -1
     7      9      790.79      988.18   Coal      0     -1      5345725.4      382.98378  7.1642995e-05      6979.0494      8.7388     -1
     7     10      988.18      1234.8   Coal      0     -1      8116985.8      529.88506  6.5281014e-05      7659.1948       10.67     -1
     7     11      1234.8      1543.1   Coal      0     -1       12308605      686.26811  5.5755149e-05      8967.7817      11.517     -1
     7     12      1543.1      1928.2   Coal      0     -1       18587742      990.29141  5.3276583e-05      9384.9863      14.714     -1
     7     13      1928.2      2409.6   Coal      0     -1       27989958        1281.92  4.5799283e-05      10917.201      17.666     -1
     7     14      2409.6        3011   Coal      0     -1       42038377      1768.2418  4.2062561e-05      11887.056      21.205     -1
     7     15        3011      3762.6   Coal      0     -1       62759035        2357.11  3.7558098e-05      13312.708      23.454     -1
     7     16      3762.6      4701.8   Coal      0     -1       93328559        3359.29  3.5994234e-05      13891.114      24.357     -1
     7     17      4701.8      5875.5   Coal      0     -1  1.3726746e+08        4956.35  3.6107247e-05      13847.636      32.064     -1
     7     18      5875.5      7342.1   Coal      0     -1  2.0157747e+08        5478.72  2.7179227e-05      18396.402      37.489     -1
     7     19      7342.1      9174.7   Coal      0     -1  2.9817926e+08        6130.75  2.0560619e-05      24318.334      48.128     -1
     7     20      9174.7       11465   Coal      0     -1  4.4322412e+08        7787.27  1.7569599e-05      28458.248      55.648     -1
     7     21       11465       14327   Coal      0     -1   6.527767e+08       10921.14  1.6730285e-05      29885.923       63.42     -1
     7     22       14327       17903   Coal      0     -1  9.3980125e+08       16731.15   1.780286e-05      28085.375      77.235     -1
     7     23       17903       22372   Coal      0     -1  1.2902198e+09       27502.75  2.1316328e-05      23456.197      84.388     -1
     7     24       22372       27956   Coal      0     -1  1.6667389e+09       40421.31  2.4251734e-05      20617.082      96.995     -1
     7     25       27956       34934   Coal      0     -1  1.9932577e+09       55815.17  2.8001983e-05      17855.878      108.32     -1
     7     26       34934       43654   Coal      0     -1  2.1716936e+09       67249.34  3.0966312e-05      16146.579      105.43     -1
     7     27       43654       54551   Coal      0     -1  2.1496284e+09        74413.2  3.4616773e-05      14443.865      107.26     -1
     7     28       54551       68167   Coal      0     -1  1.8964367e+09       68803.65  3.6280489e-05      13781.512      90.536     -1
     7     29       68167       85183   Coal      0     -1  1.5810716e+09       53793.93  3.4023715e-05      14695.632      76.963     -1
     7     30       85183  1.0645e+05   Coal      0     -1  1.5079907e+09       28184.58  1.8690155e-05      26752.052      69.658     -1
     7     31  1.0645e+05  1.3302e+05   Coal      0     -1  1.5388891e+09       28151.75  1.8293553e-05      27332.033      69.042     -1
     7     32  1.3302e+05       1e+99   Coal      0     -1  3.7129358e+09       65920.17  1.7754191e-05      28162.365      55.235     -1
     7     -1           0       1e+99  Delay     -1     -1  2.5938157e+09              0              0              0           1     -1
     7     -1           0       1e+99   LogL     -1     -1              1      -15171573      -15171573              0           1     -1
     7     -1           0       1e+99 Recomb     -1     -1           4323  1.2969005e-05  3.0000011e-09              0           1     -1
     7     -1           0       1e+99 Resamp     -1     -1  2.5938157e+09         710705   0.0002739998              0           1     -1
     6      0           0         133   Coal      0     -1      317409.49      31.134732  9.8090112e-05      5097.3537      1.5193     -1
     6      1         133       166.2   Coal      0     -1      168364.78      4.0580484  2.4102716e-05       20744.55      2.1896     -1
     6      2       166.2      207.68   Coal      0     -1       261908.2      7.0454501  2.6900456e-05      18587.045        2.45     -1
     6      3      207.68      259.53   Coal      0     -1      405327.81      9.8577249  2.4320376e-05      20558.892      2.7224     -1
     6      4      259.53      324.31   Coal      0     -1      633742.52      25.516474  4.0263157e-05      12418.301      3.5555     -1
     6      5      324.31      405.26   Coal      0     -1      984225.67      28.726225  2.9186624e-05      17131.135      4.4388     -1
     6      6      405.26      506.42   Coal      0     -1      1521456.2      58.229087  3.8271945e-05        13064.4      4.8025     -1
     6      7      506.42      632.82   Coal      0     -1      2335233.3       149.5182  6.4027094e-05      7809.1941      5.5045     -1
     6      8      632.82      790.79   Coal      0     -1      3549468.5      288.99155  8.1418259e-05      6141.1286      6.8373     -1
     6      9      790.79      988.18   Coal      0     -1        5379539      382.04533  7.1018228e-05       7040.446      8.3518     -1
     6     10      988.18      1234.8   Coal      0     -1      8153965.9      521.74984  6.3987248e-05      7814.0569      11.413     -1
     6     11      1234.8      1543.1   Coal      0     -1       12354798      680.77334  5.5101943e-05      9074.0903       11.28     -1
     6     12      1543.1      1928.2   Coal      0     -1       18671281      982.69099  5.2631149e-05      9500.0776       15.13     -1
     6     13      1928.2      2409.6   Coal      0     -1       28101484      1283.5584  4.5675822e-05       10946.71      17.627     -1
     6     14      2409.6        3011   Coal      0     -1       42167327        1782.23  4.2265662e-05      11829.934      21.215     -1
     6     15        3011      3762.6   Coal      0     -1       62904249        2399.01  3.8137487e-05       13110.46      22.992     -1
     6     16      3762.6      4701.8   Coal      0     -1       93421118        3413.08  3.6534352e-05       13685.75      24.581     -1
     6     17      4701.8      5875.5   Coal      0     -1  1.3703015e+08        5035.42  3.6746804e-05      13606.625      31.979     -1
     6     18      5875.5      7342.1   Coal      0     -1  2.0101958e+08        5537.83   2.754871e-05       18149.67       36.47     -1
     6     19      7342.1      9174.7   Coal      0     -1  2.9734589e+08        6168.18  2.0744124e-05      24103.211      47.764     -1
     6     20      9174.7       11465   Coal      0     -1  4.4198114e+08        7747.45  1.7528916e-05      28524.297      53.122     -1
     6     21       11465       14327   Coal      0     -1  6.5143581e+08       10803.52  1.6584167e-05      30149.239      64.981     -1
     6     22       14327       17903   Coal      0     -1  9.3847153e+08       16503.52  1.7585531e-05      28432.465      75.359     -1
     6     23       17903       22372   Coal      0     -1  1.2921975e+09       27117.01  2.0985191e-05      23826.326      84.348     -1
     6     24       22372       27956   Coal      0     -1  1.6732234e+09       40086.28  2.3957519e-05      20870.275      97.716     -1
     6     25       27956       34934   Coal      0     -1   2.005421e+09       55726.53  2.7787946e-05      17993.413      109.61     -1
     6     26       34934       43654   Coal      0     -1  2.1882193e+09       67462.03  3.0829648e-05      16218.155      108.22     -1
     6     27       43654       54551   Coal      0     -1   2.162132e+09       75005.32  3.4690445e-05      14413.191      108.65     -1
     6     28       54551       68167   Coal      0     -1  1.9063298e+09       69443.47  3.6427836e-05      13725.767      91.957     -1
     6     29       68167       85183   Coal      0     -1  1.5830926e+09       54301.11  3.4300654e-05      14576.982      78.368     -1
     6     30       85183  1.0645e+05   Coal      0     -1  1.4994199e+09       28320.43  1.8887591e-05      26472.407      71.835     -1
     6     31  1.0645e+05  1.3302e+05   Coal      0     -1  1.5190315e+09       28136.49   1.852265e-05      26993.977      70.129     -1
     6     32  1.3302e+05       1e+99   Coal      0     -1  3.5989956e+09       64937.05  1.8043103e-05      27711.419      55.557     -1
     6     -1           0       1e+99  Delay     -1     -1  2.5938157e+09              0              0              0           1     -1
     6     -1           0       1e+99   LogL     -1     -1              1      -15171559      -15171559              0           1     -1
     6     -1           0       1e+99 Recomb     -1     -1           4323  1.2969005e-05  3.0000011e-09              0           1     -1
     6     -1           0       1e+99 Resamp     -1     -1  2.5938157e+09         708179  0.00027302595              0           1     -1
     5      0           0         133   Coal      0     -1      310118.23      30.305702  9.7723057e-05      5116.4998      1.6196     -1
     5      1         133       166.2   Coal      0     -1      167007.32      3.0911045  1.8508797e-05      27014.182      2.2304     -1
     5      2       166.2      207.68   Coal      0     -1      261599.71       4.704352  1.7983017e-05      27804.011      2.7264     -1
     5      3      207.68      259.53   Coal      0     -1      404391.73      11.493143  2.8420816e-05      17592.739      3.0564     -1
     5      4      259.53      324.31   Coal      0     -1       629401.6      23.230805  3.6909352e-05      13546.702      3.5504     -1
     5      5      324.31      405.26   Coal      0     -1      975990.41      28.226882   2.892127e-05      17288.314       3.919     -1
     5      6      405.26      506.42   Coal      0     -1      1503186.5      56.075306   3.730429e-05      13403.284      4.9154     -1
     5      7      506.42      632.82   Coal      0     -1      2312339.8      150.22652  6.4967324e-05      7696.1767      6.0998     -1
     5      8      632.82      790.79   Coal      0     -1      3536213.6      275.89908  7.8021046e-05      6408.5273      6.5202     -1
     5      9      790.79      988.18   Coal      0     -1      5379402.3      358.96677  6.6729862e-05      7492.8973      8.0756     -1
     5     10      988.18      1234.8   Coal      0     -1      8182847.7      518.62814  6.3379908e-05      7888.9354      9.8608     -1
     5     11      1234.8      1543.1   Coal      0     -1       12419486      666.01145   5.362633e-05      9323.7781      11.722     -1
     5     12      1543.1      1928.2   Coal      0     -1       18731372      969.79344  5.1773754e-05      9657.4028      14.901     -1
     5     13      1928.2      2409.6   Coal      0     -1       28153995      1287.5604  4.5732779e-05      10933.077      16.926     -1
     5     14      2409.6        3011   Coal      0     -1       42205153        1786.88  4.2337958e-05      11809.733      19.735     -1
     5     15        3011      3762.6   Coal      0     -1       62967136        2411.95  3.8304903e-05      13053.159      22.939     -1
     5     16      3762.6      4701.8   Coal      0     -1       93467744        3478.41  3.7215084e-05      13435.412      24.382     -1
     5     17      4701.8      5875.5   Coal      0     -1  1.3695956e+08        5140.93  3.7536117e-05      13320.504      30.918     -1
     5     18      5875.5      7342.1   Coal      0     -1  2.0074711e+08        5621.31  2.8001947e-05      17855.901      36.973     -1
     5     19      7342.1      9174.7   Coal      0     -1  2.9670051e+08        6200.67   2.089875e-05      23924.875      48.922     -1
     5     20      9174.7       11465   Coal      0     -1  4.4106642e+08         7708.1  1.7476053e-05       28610.58      51.974     -1
     5     21       11465       14327   Coal      0     -1  6.5092162e+08       10675.05  1.6399901e-05      30487.989      65.488     -1
     5     22       14327       17903   Coal      0     -1  9.3952548e+08       16236.32  1.7281405e-05      28932.833      76.031     -1
     5     23       17903       22372   Coal      0     -1  1.2964567e+09        26752.7  2.0635244e-05       24230.39      85.136     -1
     5     24       22372       27956   Coal      0     -1   1.681449e+09       39699.44  2.3610256e-05      21177.238       93.93     -1
     5     25       27956       34934   Coal      0     -1   2.021116e+09       55675.52   2.754692e-05       18150.85       108.2     -1
     5     26       34934       43654   Coal      0     -1  2.2069384e+09       67706.02  3.0678709e-05      16297.948       107.7     -1
     5     27       43654       54551   Coal      0     -1  2.1727706e+09       75570.87  3.4780879e-05      14375.715      105.82     -1
     5     28       54551       68167   Coal      0     -1  1.9119662e+09       69993.69  3.6608226e-05      13658.133       91.29     -1
     5     29       68167       85183   Coal      0     -1  1.5796707e+09        54731.2  3.4647221e-05      14431.172      78.564     -1
     5     30       85183  1.0645e+05   Coal      0     -1  1.4828633e+09       28361.47  1.9126152e-05      26142.216      69.859     -1
     5     31  1.0645e+05  1.3302e+05   Coal      0     -1  1.5018036e+09       28214.79   1.878727e-05      26613.765      68.895     -1
     5     32  1.3302e+05       1e+99   Coal      0     -1  3.4698769e+09       63774.41  1.8379444e-05      27204.304      54.779     -1
     5     -1           0       1e+99  Delay     -1     -1  2.5938157e+09              0              0              0           1     -1
     5     -1           0       1e+99   LogL     -1     -1              1      -15171718      -15171718              0           1     -1
     5     -1           0       1e+99 Recomb     -1     -1           4323  1.2969005e-05  3.0000011e-09              0           1     -1
     5     -1           0       1e+99 Resamp     -1     -1  2.5938157e+09         706151  0.00027224409              0           1     -1
     4      0           0         133   Coal      0     -1      314338.79      21.779126  6.9285519e-05      7216.5152      1.5411     -1
     4      1         133       166.2   Coal      0     -1      166584.06      2.7369532  1.6429863e-05      30432.391      2.1815     -1
     4      2       166.2      207.68   Coal      0     -1      263464.78      4.5601517  1.7308392e-05      28887.721      2.6009     -1
     4      3      207.68      259.53   Coal      0     -1       408418.6      10.809997  2.6467934e-05      18890.783      3.1352     -1
     4      4      259.53      324.31   Coal      0     -1      631706.91      19.705384  3.1193872e-05      16028.789      3.7282     -1
     4      5      324.31      405.26   Coal      0     -1      976822.83      25.138231  2.5734688e-05      19429.029      3.7177     -1
     4      6      405.26      506.42   Coal      0     -1        1522514      48.843196  3.2080621e-05      15585.733      5.1468     -1
     4      7      506.42      632.82   Coal      0     -1      2346355.2        141.422  6.0273055e-05      8295.5808      6.0808     -1
     4      8      632.82      790.79   Coal      0     -1      3577687.8      273.89869   7.655746e-05      6531.0421      6.5526     -1
     4      9      790.79      988.18   Coal      0     -1      5438879.7      361.19449  6.6409722e-05      7529.0181      8.2899     -1
     4     10      988.18      1234.8   Coal      0     -1      8226612.2      505.21458  6.1412228e-05       8141.701      10.146     -1
     4     11      1234.8      1543.1   Coal      0     -1       12462135      658.59443  5.2847642e-05        9461.16      11.869     -1
     4     12      1543.1      1928.2   Coal      0     -1       18817960      954.00992  5.0696776e-05      9862.5601      15.115     -1
     4     13      1928.2      2409.6   Coal      0     -1       28342034      1288.5239  4.5463352e-05      10997.869      16.061     -1
     4     14      2409.6        3011   Coal      0     -1       42422370        1787.61  4.2138382e-05      11865.667      19.903     -1
     4     15        3011      3762.6   Coal      0     -1       63238474        2434.45  3.8496343e-05      12988.247      22.765     -1
     4     16      3762.6      4701.8   Coal      0     -1       93669322         3549.8  3.7897146e-05      13193.606      25.135     -1
     4     17      4701.8      5875.5   Coal      0     -1  1.3696666e+08        5232.56  3.8203166e-05      13087.921      30.832     -1
     4     18      5875.5      7342.1   Coal      0     -1  2.0045994e+08        5658.72  2.8228682e-05      17712.481      37.025     -1
     4     19      7342.1      9174.7   Coal      0     -1  2.9612585e+08        6213.24  2.0981755e-05      23830.228      48.667     -1
     4     20      9174.7       11465   Coal      0     -1  4.4029898e+08        7649.92  1.7374376e-05      28778.012      51.883     -1
     4     21       11465       14327   Coal      0     -1  6.5047105e+08       10524.84  1.6180336e-05      30901.707      67.219     -1
     4     22       14327       17903   Coal      0     -1  9.4066015e+08       15953.22    1.69596e-05      29481.827      78.678     -1
     4     23       17903       22372   Coal      0     -1   1.301403e+09        26359.6  2.0254756e-05       24685.56      88.763     -1
     4     24       22372       27956   Coal      0     -1   1.692338e+09       39317.42  2.3232605e-05      21521.478      95.269     -1
     4     25       27956       34934   Coal      0     -1   2.039379e+09        55636.4  2.7281049e-05      18327.741      109.85     -1
     4     26       34934       43654   Coal      0     -1  2.2280635e+09          67987  3.0513942e-05      16385.952      109.16     -1
     4     27       43654       54551   Coal      0     -1  2.1940894e+09       76396.28  3.4819129e-05      14359.923      109.24     -1
     4     28       54551       68167   Coal      0     -1  1.9199084e+09       70697.72  3.6823487e-05      13578.291      93.812     -1
     4     29       68167       85183   Coal      0     -1  1.5744458e+09       55184.21  3.5049926e-05      14265.365      77.726     -1
     4     30       85183  1.0645e+05   Coal      0     -1   1.473532e+09       28580.58  1.9395968e-05      25778.554      69.498     -1
     4     31  1.0645e+05  1.3302e+05   Coal      0     -1  1.4746703e+09       28214.56  1.9132792e-05      26133.143       67.79     -1
     4     32  1.3302e+05       1e+99   Coal      0     -1  3.3225289e+09       62341.34   1.876322e-05      26647.878      55.371     -1
     4     -1           0       1e+99  Delay     -1     -1  2.5938157e+09              0              0              0           1     -1
     4     -1           0       1e+99   LogL     -1     -1              1      -15171995      -15171995              0           1     -1
     4     -1           0       1e+99 Recomb     -1     -1           4323  1.2969005e-05  3.0000011e-09              0           1     -1
     4     -1           0       1e+99 Resamp     -1     -1  2.5938157e+09         704090   0.0002714495              0           1     -1
     3      0           0         133   Coal      0     -1      306248.36      21.785924  7.1138094e-05      7028.5831      1.5666     -1
     3      1         133       166.2   Coal      0     -1      163901.28      3.3213289  2.0264204e-05      24674.051      2.2715     -1
     3      2       166.2      207.68   Coal      0     -1      256619.65      6.8907457   2.685198e-05      18620.601      2.6066     -1
     3      3      207.68      259.53   Coal      0     -1      399388.61      6.6015405  1.6529116e-05      30249.652      3.1349     -1
     3      4      259.53      324.31   Coal      0     -1      623640.57      19.124936    3.06666e-05      16304.383      3.7193     -1
     3      5      324.31      405.26   Coal      0     -1      969464.64      26.058891  2.6879671e-05      18601.418      4.3156     -1
     3      6      405.26      506.42   Coal      0     -1      1501401.5      52.336301  3.4858298e-05      14343.787      4.5933     -1
     3      7      506.42      632.82   Coal      0     -1      2318819.7      133.66949  5.7645489e-05      8673.7056      6.3634     -1
     3      8      632.82      790.79   Coal      0     -1      3543844.3      250.53853  7.0696823e-05      7072.4536      6.5413     -1
     3      9      790.79      988.18   Coal      0     -1      5411360.3      345.13537   6.377978e-05      7839.4752      8.9219     -1
     3     10      988.18      1234.8   Coal      0     -1      8230714.3      486.44941  5.9101725e-05      8459.9899      10.525     -1
     3     11      1234.8      1543.1   Coal      0     -1       12487255      645.91194  5.1725694e-05      9666.3759      12.935     -1
     3     12      1543.1      1928.2   Coal      0     -1       18890074      932.51588  4.9365391e-05      10128.553      13.035     -1
     3     13      1928.2      2409.6   Coal      0     -1       28365152      1284.8076  4.5295285e-05      11038.676      16.227     -1
     3     14      2409.6        3011   Coal      0     -1       42559949         1790.7  4.2074769e-05      11883.607      19.982     -1
     3     15        3011      3762.6   Coal      0     -1       63373726      2475.8886  3.9068061e-05      12798.178      25.054     -1
     3     16      3762.6      4701.8   Coal      0     -1       93698324        3616.38  3.8595995e-05      12954.712      23.553     -1
     3     17      4701.8      5875.5   Coal      0     -1  1.3683239e+08         5323.8  3.8907455e-05      12851.008       31.67     -1
     3     18      5875.5      7342.1   Coal      0     -1  1.9999868e+08        5712.03  2.8560338e-05      17506.795      37.796     -1
     3     19      7342.1      9174.7   Coal      0     -1  2.9523751e+08        6212.84  2.1043532e-05       23760.27       45.88     -1
     3     20      9174.7       11465   Coal      0     -1  4.3963887e+08        7587.27   1.725796e-05      28972.138      53.586     -1
     3     21       11465       14327   Coal      0     -1  6.5011117e+08        10341.6  1.5907433e-05      31431.847      62.898     -1
     3     22       14327       17903   Coal      0     -1  9.4237933e+08       15654.79  1.6611984e-05      30098.754      79.117     -1
     3     23       17903       22372   Coal      0     -1  1.3075461e+09       25911.36  1.9816785e-05      25231.136      89.913     -1
     3     24       22372       27956   Coal      0     -1  1.7055194e+09       38856.94  2.2783054e-05      21946.136      98.112     -1
     3     25       27956       34934   Coal      0     -1  2.0571039e+09       55476.87  2.6968434e-05      18540.194       108.6     -1
     3     26       34934       43654   Coal      0     -1  2.2543722e+09       68316.68  3.0304081e-05      16499.428      109.59     -1
     3     27       43654       54551   Coal      0     -1  2.2159506e+09       77305.03   3.488572e-05      14332.512      108.43     -1
     3     28       54551       68167   Coal      0     -1  1.9285644e+09        71491.3  3.7069698e-05      13488.106      92.419     -1
     3     29       68167       85183   Coal      0     -1  1.5744634e+09       55964.46    3.55451e-05      14066.636      78.345     -1
     3     30       85183  1.0645e+05   Coal      0     -1  1.4556781e+09       28730.35  1.9736747e-05      25333.455      69.012     -1
     3     31  1.0645e+05  1.3302e+05   Coal      0     -1  1.4452504e+09       28179.48  1.9497991e-05      25643.668      67.374     -1
     3     32  1.3302e+05       1e+99   Coal      0     -1  3.1589717e+09       60646.82  1.9198279e-05      26044.001      51.783     -1
     3     -1           0       1e+99  Delay     -1     -1  2.5938157e+09              0              0              0           1     -1
     3     -1           0       1e+99   LogL     -1     -1              1      -15172124      -15172124              0           1     -1
     3     -1           0       1e+99 Recomb     -1     -1           4323  1.2969005e-05  3.0000011e-09              0           1     -1
     3     -1           0       1e+99 Resamp     -1     -1  2.5938157e+09         700516  0.00027007161              0           1     -1
     2      0           0         133   Coal      0     -1      311992.64      18.925533  6.0660192e-05       8242.638      1.5673     -1
     2      1         133       166.2   Coal      0     -1      167419.96      4.1443919  2.4754467e-05      20198.374      2.2403     -1
     2      2       166.2      207.68   Coal      0     -1       259854.5      4.4542432  1.7141297e-05      29169.321      2.4761     -1
     2      3      207.68      259.53   Coal      0     -1      401745.61      6.6864852   1.664358e-05      30041.614      3.1764     -1
     2      4      259.53      324.31   Coal      0     -1      629328.12      16.554126  2.6304443e-05      19008.195      3.6297     -1
     2      5      324.31      405.26   Coal      0     -1      978095.79      23.219442  2.3739435e-05          21062      4.2449     -1
     2      6      405.26      506.42   Coal      0     -1        1521322      45.591247  2.9968176e-05      16684.365      4.7813     -1
     2      7      506.42      632.82   Coal      0     -1      2349044.3      126.66943  5.3923817e-05      9272.3407      6.2193     -1
     2      8      632.82      790.79   Coal      0     -1      3587358.6      227.82356  6.3507327e-05      7873.1073      7.0476     -1
     2      9      790.79      988.18   Coal      0     -1      5464827.7      318.60724  5.8301425e-05      8576.1197      8.1483     -1
     2     10      988.18      1234.8   Coal      0     -1      8293449.3       468.3401  5.6471087e-05      8854.0884      10.901     -1
     2     11      1234.8      1543.1   Coal      0     -1       12591635      632.01173  5.0192983e-05      9961.5518      12.284     -1
     2     12      1543.1      1928.2   Coal      0     -1       19065385      918.98973  4.8202002e-05      10373.013      12.851     -1
     2     13      1928.2      2409.6   Coal      0     -1       28641625      1281.7515  4.4751354e-05      11172.846      16.113     -1
     2     14      2409.6        3011   Coal      0     -1       42842710        1804.64  4.2122452e-05      11870.154      20.748     -1
     2     15        3011      3762.6   Coal      0     -1       63612451        2527.03  3.9725399e-05      12586.406       24.84     -1
     2     16      3762.6      4701.8   Coal      0     -1       93871847        3683.98   3.924478e-05      12740.548        26.4     -1
     2     17      4701.8      5875.5   Coal      0     -1  1.3676644e+08        5413.74  3.9583835e-05      12631.419      28.958     -1
     2     18      5875.5      7342.1   Coal      0     -1  1.9972044e+08        5762.68  2.8853732e-05      17328.781      39.772     -1
     2     19      7342.1      9174.7   Coal      0     -1  2.9459051e+08        6214.06   2.109389e-05      23703.546      45.302     -1
     2     20      9174.7       11465   Coal      0     -1  4.3868272e+08        7491.04  1.7076214e-05      29280.495       53.66     -1
     2     21       11465       14327   Coal      0     -1  6.4920915e+08       10104.43  1.5564214e-05      32124.976      58.774     -1
     2     22       14327       17903   Coal      0     -1  9.4397882e+08       15297.43  1.6205268e-05      30854.164      80.092     -1
     2     23       17903       22372   Coal      0     -1  1.3136939e+09       25397.18  1.9332646e-05      25862.989      90.211     -1
     2     24       22372       27956   Coal      0     -1  1.7204536e+09       38393.17  2.2315725e-05      22405.725      98.739     -1
     2     25       27956       34934   Coal      0     -1  2.0813684e+09       55327.35  2.6582199e-05       18809.58       110.1     -1
     2     26       34934       43654   Coal      0     -1  2.2827169e+09       68659.18  3.0077834e-05      16623.538      111.84     -1
     2     27       43654       54551   Coal      0     -1   2.233926e+09       78114.03  3.4967151e-05      14299.135      110.29     -1
     2     28       54551       68167   Coal      0     -1  1.9447232e+09        72647.6  3.7356267e-05      13384.635      97.234     -1
     2     29       68167       85183   Coal      0     -1  1.5645886e+09       56568.46  3.6155485e-05       13829.16      80.441     -1
     2     30       85183  1.0645e+05   Coal      0     -1   1.435123e+09        28909.4  2.0144197e-05      24821.044      71.073     -1
     2     31  1.0645e+05  1.3302e+05   Coal      0     -1  1.4150274e+09       28193.31  1.9924214e-05      25095.093      69.558     -1
     2     32  1.3302e+05       1e+99   Coal      0     -1  2.9924119e+09        58990.9  1.9713496e-05      25363.335      55.076     -1
     2     -1           0       1e+99  Delay     -1     -1  2.5938157e+09              0              0              0           1     -1
     2     -1           0       1e+99   LogL     -1     -1              1      -15172491      -15172491              0           1     -1
     2     -1           0       1e+99 Recomb     -1     -1           4323  1.2969005e-05  3.0000011e-09              0           1     -1
     2     -1           0       1e+99 Resamp     -1     -1  2.5938157e+09         697241  0.00026880899              0           1     -1
     1      0           0         133   Coal      0     -1       309467.2      15.551441  5.0252309e-05      9949.7915      1.4435     -1
     1      1         133       166.2   Coal      0     -1      169049.42      3.1097716  1.8395636e-05       27180.36      2.5188     -1
     1      2       166.2      207.68   Coal      0     -1      262535.24      3.8751174   1.476037e-05      33874.489      2.5539     -1
     1      3      207.68      259.53   Coal      0     -1         405671       7.310915  1.8021784e-05      27744.202      3.2543     -1
     1      4      259.53      324.31   Coal      0     -1      630609.37      12.155938  1.9276494e-05      25938.327      3.9127     -1
     1      5      324.31      405.26   Coal      0     -1      983142.42      19.301313  1.9632265e-05      25468.279      4.2046     -1
     1      6      405.26      506.42   Coal      0     -1      1521692.5      43.330325  2.8475087e-05      17559.209      5.0529     -1
     1      7      506.42      632.82   Coal      0     -1      2350102.1      104.85088  4.4615458e-05      11206.878      5.2931     -1
     1      8      632.82      790.79   Coal      0     -1      3617057.3      203.68292  5.6311776e-05      8879.1374      7.2634     -1
     1      9      790.79      988.18   Coal      0     -1      5527341.9      300.25615   5.432198e-05      9204.3774      7.3598     -1
     1     10      988.18      1234.8   Coal      0     -1      8396521.4      437.68557  5.2127011e-05       9591.956      9.4575     -1
     1     11      1234.8      1543.1   Coal      0     -1       12703614      613.98704  4.8331684e-05      10345.181       12.14     -1
     1     12      1543.1      1928.2   Coal      0     -1       19173044      886.14734  4.6218396e-05      10818.203      15.496     -1
     1     13      1928.2      2409.6   Coal      0     -1       28846628        1264.03  4.3818987e-05      11410.579       14.79     -1
     1     14      2409.6        3011   Coal      0     -1       43130803      1829.8529  4.2425663e-05       11785.32      19.572     -1
     1     15        3011      3762.6   Coal      0     -1       64000973        2588.42  4.0443447e-05      12362.942      23.288     -1
     1     16      3762.6      4701.8   Coal      0     -1       94260400        3775.31   4.005192e-05      12483.796      26.114     -1
     1     17      4701.8      5875.5   Coal      0     -1  1.3695221e+08        5518.28  4.0293472e-05      12408.958       28.85     -1
     1     18      5875.5      7342.1   Coal      0     -1  1.9895792e+08        5800.71  2.9155462e-05      17149.445      41.604     -1
     1     19      7342.1      9174.7   Coal      0     -1  2.9418246e+08        6194.92  2.1058087e-05      23743.847      43.192     -1
     1     20      9174.7       11465   Coal      0     -1  4.3852776e+08        7364.68  1.6794102e-05      29772.357      52.866     -1
     1     21       11465       14327   Coal      0     -1  6.5042742e+08        9828.12  1.5110249e-05      33090.124      62.096     -1
     1     22       14327       17903   Coal      0     -1  9.4716193e+08       14927.92  1.5760684e-05      31724.511      77.001     -1
     1     23       17903       22372   Coal      0     -1  1.3222459e+09       24862.66  1.8803355e-05      26590.999      90.295     -1
     1     24       22372       27956   Coal      0     -1  1.7381451e+09       37864.36   2.178435e-05      22952.257      100.35     -1
     1     25       27956       34934   Coal      0     -1  2.1042646e+09       55025.14  2.6149345e-05      19120.938      103.61     -1
     1     26       34934       43654   Coal      0     -1   2.320106e+09       69171.01  2.9813728e-05      16770.798      112.89     -1
     1     27       43654       54551   Coal      0     -1  2.2666117e+09       79270.53  3.4973141e-05      14296.685      109.73     -1
     1     28       54551       68167   Coal      0     -1  1.9541713e+09       73672.27  3.7700006e-05      13262.597      96.235     -1
     1     29       68167       85183   Coal      0     -1  1.5655198e+09       57586.67  3.6784377e-05      13592.727        82.6     -1
     1     30       85183  1.0645e+05   Coal      0     -1  1.4129092e+09       29119.86   2.060986e-05      24260.233      69.909     -1
     1     31  1.0645e+05  1.3302e+05   Coal      0     -1  1.3796681e+09       28229.45  2.0461044e-05      24436.681      68.929     -1
     1     32  1.3302e+05       1e+99   Coal      0     -1  2.8130938e+09       57110.08   2.030152e-05      24628.697      54.463     -1
     1     -1           0       1e+99  Delay     -1     -1  2.5938157e+09              0              0              0           1     -1
     1     -1           0       1e+99   LogL     -1     -1              1      -15172736      -15172736              0           1     -1
     1     -1           0       1e+99 Recomb     -1     -1           4323  1.2969005e-05  3.0000011e-09              0           1     -1
     1     -1           0       1e+99 Resamp     -1     -1  2.5938157e+09         693282  0.00026728267              0           1     -1
     0      0           0         133   Coal      0     -1      312152.75      8.3245868  2.6668312e-05      18748.843      1.3915     -1
     0      1         133       166.2   Coal      0     -1      165849.78      2.1845673  1.3171964e-05      37959.413      2.3372     -1
     0      2       166.2      207.68   Coal      0     -1      259543.12      3.4992675  1.3482413e-05       37085.35      2.5296     -1
     0      3      207.68      259.53   Coal      0     -1      404477.68      4.6015738  1.1376583e-05      43949.928      2.5702     -1
     0      4      259.53      324.31   Coal      0     -1      629485.06      9.2395779  1.4677994e-05        34064.6      3.6148     -1
     0      5      324.31      405.26   Coal      0     -1      980938.92      17.258258  1.7593612e-05      28419.407      3.6585     -1
     0      6      405.26      506.42   Coal      0     -1      1527977.1      38.069019  2.4914653e-05      20068.512      5.9452     -1
     0      7      506.42      632.82   Coal      0     -1      2362857.4      83.784598  3.5459015e-05      14100.786      5.8332     -1
     0      8      632.82      790.79   Coal      0     -1      3628779.7      183.76269  5.0640355e-05      9873.5485      6.3493     -1
     0      9      790.79      988.18   Coal      0     -1      5544603.2      271.51012  4.8968359e-05      10210.675      8.5748     -1
     0     10      988.18      1234.8   Coal      0     -1      8453514.2      401.01877  4.7438113e-05      10540.048       9.702     -1
     0     11      1234.8      1543.1   Coal      0     -1       12836395      587.26671  4.5750128e-05      10928.931      10.858     -1
     0     12      1543.1      1928.2   Coal      0     -1       19414086      859.60553  4.4277415e-05      11292.439      14.056     -1
     0     13      1928.2      2409.6   Coal      0     -1       29188839      1254.4013  4.2975374e-05       11634.57      14.896     -1
     0     14      2409.6        3011   Coal      0     -1       43597598        1831.13  4.2000708e-05      11904.561      19.287     -1
     0     15        3011      3762.6   Coal      0     -1       64545955        2639.78  4.0897683e-05      12225.631      23.954     -1
     0     16      3762.6      4701.8   Coal      0     -1       94877035        3853.05  4.0610987e-05      12311.939      28.439     -1
     0     17      4701.8      5875.5   Coal      0     -1  1.3762076e+08        5625.61  4.0877627e-05       12231.63      29.181     -1
     0     18      5875.5      7342.1   Coal      0     -1  1.9995681e+08        5841.31  2.9212858e-05      17115.751      37.381     -1
     0     19      7342.1      9174.7   Coal      0     -1  2.9483538e+08        6171.61  2.0932393e-05      23886.423        47.1     -1
     0     20      9174.7       11465   Coal      0     -1  4.3931419e+08        7194.05  1.6375638e-05      30533.162      54.061     -1
     0     21       11465       14327   Coal      0     -1  6.5270795e+08         9526.9  1.4595961e-05      34256.051      62.777     -1
     0     22       14327       17903   Coal      0     -1  9.5182563e+08       14500.14   1.523403e-05      32821.257      76.658     -1
     0     23       17903       22372   Coal      0     -1  1.3328536e+09       24239.03  1.8185816e-05      27493.955       89.62     -1
     0     24       22372       27956   Coal      0     -1  1.7636226e+09       37338.88  2.1171695e-05      23616.437      106.86     -1
     0     25       27956       34934   Coal      0     -1  2.1378255e+09       54713.02  2.5592838e-05      19536.716      103.81     -1
     0     26       34934       43654   Coal      0     -1  2.3572162e+09       69556.23  2.9507786e-05       16944.68      108.55     -1
     0     27       43654       54551   Coal      0     -1  2.3045352e+09        80563.3  3.4958589e-05      14302.637      109.52     -1
     0     28       54551       68167   Coal      0     -1  1.9732146e+09       75025.05  3.8021739e-05      13150.372      93.536     -1
     0     29       68167       85183   Coal      0     -1  1.5586844e+09       58524.51  3.7547377e-05       13316.51      78.514     -1
     0     30       85183  1.0645e+05   Coal      0     -1  1.3914374e+09       29467.92  2.1178042e-05      23609.359      67.523     -1
     0     31  1.0645e+05  1.3302e+05   Coal      0     -1  1.3388761e+09       28241.52  2.1093453e-05      23704.038      65.501     -1
     0     32  1.3302e+05       1e+99   Coal      0     -1   2.626704e+09        55158.3  2.0999055e-05      23810.596      52.041     -1
     0     -1           0       1e+99  Delay     -1     -1  2.5938157e+09              0              0              0           1     -1
     0     -1           0       1e+99   LogL     -1     -1              1      -15173127      -15173127              0           1     -1
     0     -1           0       1e+99 Recomb     -1     -1           4323  1.2969005e-05  3.0000011e-09              0           1     -1
     0     -1           0       1e+99 Resamp     -1     -1  2.5938157e+09         689083  0.00026566382              0           1     -1
