  Iter  Epoch       Start         End   Type   From     To            Opp          Count           Rate             Ne         ESS  Clump
    10      0           0         133   Coal      0     -1      296194.18      40.050232  0.00013521613      3697.7836      1.4963     -1
    10      1         133       166.2   Coal      0     -1      160650.03        5.36325  3.3384681e-05      14976.929      2.2625     -1
    10      2       166.2      207.68   Coal      0     -1      251069.09      1.3284962  5.2913571e-06      94493.718      2.7951     -1
    10      3      207.68      259.53   Coal      0     -1      393306.13      8.4680068   2.153032e-05      23223.064      3.0589     -1
    10      4      259.53      324.31   Coal      0     -1      615311.15      11.882162  1.9310819e-05      25892.221      3.6128     -1
    10      5      324.31      405.26   Coal      0     -1      960121.66      28.113656  2.9281347e-05      17075.717      4.0085     -1
    10      6      405.26      506.42   Coal      0     -1        1488664      67.378258   4.526089e-05      11047.065      4.9663     -1
    10      7      506.42      632.82   Coal      0     -1      2309996.6      113.74039  4.9238337e-05      10154.689      5.7304     -1
    10      8      632.82      790.79   Coal      0     -1      3541032.9      266.07338  7.5140049e-05      6654.2411      6.4232     -1
    10      9      790.79      988.18   Coal      0     -1      5383021.9      334.85597  6.2205945e-05      8037.8169      8.8661     -1
    10     10      988.18      1234.8   Coal      0     -1      8207613.1      426.97784  5.2022169e-05      9611.2871      10.918     -1
    10     11      1234.8      1543.1   Coal      0     -1       12495823      649.97087  5.2015051e-05      9612.6024      11.986     -1
    10     12      1543.1      1928.2   Coal      0     -1       18917498        829.142  4.3829369e-05      11407.876      16.051     -1
    10     13      1928.2      2409.6   Coal      0     -1       28680973      1110.9455  3.8734583e-05      12908.362       15.94     -1
    10     14      2409.6        3011   Coal      0     -1       43315764      1447.7284  3.3422668e-05      14959.907      21.908     -1
    10     15        3011      3762.6   Coal      0     -1       65208010      2009.7779  3.0821029e-05       16222.69       25.32     -1
    10     16      3762.6      4701.8   Coal      0     -1       97752655        2925.32  2.9925734e-05      16708.028      28.946     -1
    10     17      4701.8      5875.5   Coal      0     -1  1.4489482e+08        4545.08  3.1368133e-05      15939.744      31.896     -1
    10     18      5875.5      7342.1   Coal      0     -1  2.1409005e+08        5219.05  2.4377826e-05      20510.442       39.04     -1
    10     19      7342.1      9174.7   Coal      0     -1  3.1717771e+08        6099.94  1.9231931e-05      25998.429      50.382     -1
    10     20      9174.7       11465   Coal      0     -1  4.7133102e+08        7926.77  1.6817841e-05      29730.333      58.749     -1
    10     21       11465       14327   Coal      0     -1  6.9187533e+08       11610.78  1.6781607e-05      29794.524      65.669     -1
    10     22       14327       17903   Coal      0     -1  9.9293169e+08        17898.7  1.8026114e-05      27737.536      84.654     -1
    10     23       17903       22372   Coal      0     -1  1.3541719e+09       30065.19  2.2201901e-05      22520.594      91.692     -1
    10     24       22372       27956   Coal      0     -1  1.7300283e+09       43559.08  2.5178247e-05      19858.412      100.98     -1
    10     25       27956       34934   Coal      0     -1  2.0454193e+09       59312.14  2.8997546e-05      17242.838      109.81     -1
    10     26       34934       43654   Coal      0     -1  2.2191622e+09       69662.86  3.1391514e-05      15927.872      111.22     -1
    10     27       43654       54551   Coal      0     -1  2.1950936e+09       76196.07  3.4711991e-05      14404.244      109.89     -1
    10     28       54551       68167   Coal      0     -1  1.9492853e+09       70416.75  3.6124394e-05      13841.063      92.971     -1
    10     29       68167       85183   Coal      0     -1  1.6378965e+09       54847.68  3.3486658e-05       14931.32      78.645     -1
    10     30       85183  1.0645e+05   Coal      0     -1  1.5730695e+09       28888.03  1.8364116e-05      27227.012      72.425     -1
    10     31  1.0645e+05  1.3302e+05   Coal      0     -1  1.6371598e+09       28857.88  1.7626795e-05      28365.906      73.829     -1
    10     32  1.3302e+05       1e+99   Coal      0     -1  4.0883621e+09       70345.88  1.7206372e-05      29059.002      57.091     -1
    10     -1           0       1e+99  Delay     -1     -1  2.5957002e+09              0              0              0           1     -1
    10     -1           0       1e+99   LogL     -1     -1              1      -15784839      -15784839              0           1     -1
    10     -1           0       1e+99 Recomb     -1     -1           4323  1.2969005e-05  3.0000011e-09              0           1     -1
    10     -1           0       1e+99 Resamp     -1     -1  2.5957002e+09         737611  0.00028416648              0           1     -1
     9      0           0         133   Coal      0     -1      311259.63      42.108409  0.00013528388       3695.932       1.527     -1
     9      1         133       166.2   Coal      0     -1         163819      7.0789693  4.3212139e-05      11570.823      2.1604     -1
     9      2       166.2      207.68   Coal      0     -1      256368.72      1.6063101  6.2656245e-06      79800.505      2.7313     -1
     9      3      207.68      259.53   Coal      0     -1      398843.66      8.8188408  2.2111022e-05      22613.157       3.039     -1
     9      4      259.53      324.31   Coal      0     -1      621582.51      13.630814  2.1929211e-05      22800.637      3.9375     -1
     9      5      324.31      405.26   Coal      0     -1      957304.35      27.669355  2.8903405e-05          17299      4.3422     -1
     9      6      405.26      506.42   Coal      0     -1      1478195.5      67.745193  4.5829659e-05      10909.966      5.1698     -1
     9      7      506.42      632.82   Coal      0     -1      2280536.4      120.10938  5.2667164e-05      9493.5812      5.7663     -1
     9      8      632.82      790.79   Coal      0     -1      3502430.2      252.12483  7.1985683e-05      6945.8256      7.0775     -1
     9      9      790.79      988.18   Coal      0     -1        5340868      334.81296  6.2688866e-05       7975.898      9.5263     -1
     9     10      988.18      1234.8   Coal      0     -1      8168845.5      426.16694  5.2169789e-05       9584.091      11.641     -1
     9     11      1234.8      1543.1   Coal      0     -1       12466496      625.73878  5.0193638e-05      9961.4217      12.083     -1
     9     12      1543.1      1928.2   Coal      0     -1       18889437      828.38662  4.3854489e-05      11401.341      14.821     -1
     9     13      1928.2      2409.6   Coal      0     -1       28604076      1097.9668  3.8384978e-05      13025.929       17.42     -1
     9     14      2409.6        3011   Coal      0     -1       43321664      1446.6682  3.3393642e-05       14972.91      21.084     -1
     9     15        3011      3762.6   Coal      0     -1       65251616      2051.7134  3.1443105e-05      15901.737      27.279     -1
     9     16      3762.6      4701.8   Coal      0     -1       97723421       2943.213  3.0117785e-05      16601.486      30.657     -1
     9     17      4701.8      5875.5   Coal      0     -1  1.4470375e+08        4604.92  3.1823087e-05      15711.864      32.233     -1
     9     18      5875.5      7342.1   Coal      0     -1  2.1356807e+08        5268.12   2.466717e-05      20269.856      38.737     -1
     9     19      7342.1      9174.7   Coal      0     -1  3.1645557e+08      6122.5599  1.9347297e-05      25843.404       51.96     -1
     9     20      9174.7       11465   Coal      0     -1  4.7038673e+08        7907.75  1.6811167e-05      29742.134      58.424     -1
     9     21       11465       14327   Coal      0     -1  6.9143803e+08       11531.27  1.6677228e-05      29981.001      68.919     -1
     9     22       14327       17903   Coal      0     -1  9.9256983e+08       17747.29  1.7880142e-05      27963.983      84.285     -1
     9     23       17903       22372   Coal      0     -1  1.3555441e+09       29780.89  2.1969695e-05      22758.623      90.643     -1
     9     24       22372       27956   Coal      0     -1   1.734752e+09       43272.09  2.4944252e-05      20044.698       99.89     -1
     9     25       27956       34934   Coal      0     -1  2.0553328e+09        59190.1  2.8798305e-05      17362.133      110.82     -1
     9     26       34934       43654   Coal      0     -1  2.2317805e+09        69825.7  3.1286992e-05      15981.082      111.02     -1
     9     27       43654       54551   Coal      0     -1   2.204945e+09       76707.08   3.478866e-05        14372.5      110.18     -1
     9     28       54551       68167   Coal      0     -1  1.9525658e+09       70774.27  3.6246805e-05      13794.319      94.027     -1
     9     29       68167       85183   Coal      0     -1  1.6378576e+09       55139.17  3.3665423e-05      14852.034      80.751     -1
     9     30       85183  1.0645e+05   Coal      0     -1  1.5656511e+09       28897.05   1.845689e-05      27090.154      72.461     -1
     9     31  1.0645e+05  1.3302e+05   Coal      0     -1   1.626442e+09          28929  1.7786678e-05      28110.927      74.135     -1
     9     32  1.3302e+05       1e+99   Coal      0     -1  4.0088809e+09       69667.13  1.7378199e-05      28771.681      57.742     -1
     9     -1           0       1e+99  Delay     -1     -1  2.5957002e+09              0              0              0           1     -1
     9     -1           0       1e+99   LogL     -1     -1              1      -15784866      -15784866              0           1     -1
     9     -1           0       1e+99 Recomb     -1     -1           4323  1.2969005e-05  3.0000011e-09              0           1     -1
     9     -1           0       1e+99 Resamp     -1     -1  2.5957002e+09         736029  0.00028355701              0           1     -1
     8      0           0         133   Coal      0     -1      307230.21      33.127951  0.00010782778       4637.024      1.5581     -1
     8      1         133       166.2   Coal      0     -1         164940      10.738312  6.5104351e-05      7679.9783      2.2872     -1
     8      2       166.2      207.68   Coal      0     -1      254993.99      2.0218659  7.9290726e-06      63059.077      2.4658     -1
     8      3      207.68      259.53   Coal      0     -1       401382.4      9.6290946  2.3989828e-05      20842.167      3.0135     -1
     8      4      259.53      324.31   Coal      0     -1      622146.33      15.460255   2.484987e-05       20120.83      3.6428     -1
     8      5      324.31      405.26   Coal      0     -1         966814      28.903076  2.9895177e-05      16725.106      4.4913     -1
     8      6      405.26      506.42   Coal      0     -1      1493147.2      65.331378  4.3754144e-05      11427.489      4.9476     -1
     8      7      506.42      632.82   Coal      0     -1      2298039.8      115.91911  5.0442604e-05      9912.2558      6.0091     -1
     8      8      632.82      790.79   Coal      0     -1      3528736.9      240.43147  6.8135279e-05      7338.3423      6.2238     -1
     8      9      790.79      988.18   Coal      0     -1      5371993.9      338.76985  6.3062217e-05      7928.6778      9.3174     -1
     8     10      988.18      1234.8   Coal      0     -1      8194939.4      424.74498  5.1830156e-05      9646.8937      10.892     -1
     8     11      1234.8      1543.1   Coal      0     -1       12481834      609.07256  4.8796721e-05       10246.59      12.668     -1
     8     12      1543.1      1928.2   Coal      0     -1       18959623      816.56075  4.3068407e-05      11609.438      14.291     -1
     8     13      1928.2      2409.6   Coal      0     -1       28695780      1095.5225  3.8177128e-05      13096.847      17.706     -1
     8     14      2409.6        3011   Coal      0     -1       43414271      1461.3224  3.3659955e-05      14854.446      22.136     -1
     8     15        3011      3762.6   Coal      0     -1       65318367      2089.8689  3.1995118e-05      15627.384      25.908     -1
     8     16      3762.6      4701.8   Coal      0     -1       97719646        3000.39  3.0704061e-05      16284.491      28.164     -1
     8     17      4701.8      5875.5   Coal      0     -1  1.4448317e+08        4660.27   3.225476e-05      15501.588        34.9     -1
     8     18      5875.5      7342.1   Coal      0     -1  2.1311338e+08        5316.57  2.4947143e-05      20042.375      38.474     -1
     8     19      7342.1      9174.7   Coal      0     -1  3.1561122e+08        6169.83   1.954883e-05      25576.979      49.251     -1
     8     20      9174.7       11465   Coal      0     -1  4.6926085e+08        7873.35  1.6778195e-05      29800.584      59.099     -1
     8     21       11465       14327   Coal      0     -1  6.9030171e+08       11437.13  1.6568306e-05        30178.1       70.23     -1
     8     22       14327       17903   Coal      0     -1  9.9149703e+08        17599.6  1.7750532e-05      28168.169      84.787     -1
     8     23       17903       22372   Coal      0     -1  1.3565475e+09       29455.56  2.1713623e-05      23027.019      92.635     -1
     8     24       22372       27956   Coal      0     -1  1.7410628e+09       42938.93  2.4662482e-05      20273.709       101.9     -1
     8     25       27956       34934   Coal      0     -1  2.0669412e+09       59105.57  2.8595671e-05      17485.164      111.99     -1
     8     26       34934       43654   Coal      0     -1  2.2445397e+09       70000.06  3.1186822e-05      16032.413      111.27     -1
     8     27       43654       54551   Coal      0     -1  2.2141662e+09        77182.9  3.4858676e-05      14343.632      110.75     -1
     8     28       54551       68167   Coal      0     -1  1.9538048e+09       71048.54  3.6364195e-05      13749.789      93.255     -1
     8     29       68167       85183   Coal      0     -1  1.6389261e+09       55544.51  3.3890796e-05      14753.268      80.837     -1
     8     30       85183  1.0645e+05   Coal      0     -1  1.5587862e+09       28959.62  1.8578315e-05      26913.098      72.799     -1
     8     31  1.0645e+05  1.3302e+05   Coal      0     -1   1.610979e+09       28973.21  1.7984846e-05      27801.183      72.719     -1
     8     32  1.3302e+05       1e+99   Coal      0     -1  3.9142429e+09       68796.58  1.7575961e-05      28447.947      55.772     -1
     8     -1           0       1e+99  Delay     -1     -1  2.5957002e+09              0              0              0           1     -1
     8     -1           0       1e+99   LogL     -1     -1              1      -15784921      -15784921              0           1     -1
     8     -1           0       1e+99 Recomb     -1     -1           4323  1.2969005e-05  3.0000011e-09              0           1     -1
     8     -1           0       1e+99 Resamp     -1     -1  2.5957002e+09         733947  0.00028275491              0           1     -1
     7      0           0         133   Coal      0     -1      308956.28      28.685732  9.2847222e-05      5385.1907      1.5204     -1
     7      1         133       166.2   Coal      0     -1      163335.83      10.216814  6.2550968e-05      7993.4814      2.2086     -1
     7      2       166.2      207.68   Coal      0     -1      252913.26      2.4228654  9.5798273e-06      52193.008      2.7013     -1
     7      3      207.68      259.53   Coal      0     -1      394149.26      9.1518616  2.3219279e-05       21533.83      3.1481     -1
     7      4      259.53      324.31   Coal      0     -1      614004.96      13.791117  2.2460921e-05      22260.886      3.8454     -1
     7      5      324.31      405.26   Coal      0     -1      957002.05       28.51983  2.9801221e-05      16777.836      4.3903     -1
     7      6      405.26      506.42   Coal      0     -1      1485577.5      64.546402  4.3448694e-05      11507.826      5.0514     -1
     7      7      506.42      632.82   Coal      0     -1      2302967.9      110.67173  4.8056133e-05      10404.499      5.7973     -1
     7      8      632.82      790.79   Coal      0     -1      3531311.6      237.31218  6.7202278e-05       7440.224      7.0688     -1
     7      9      790.79      988.18   Coal      0     -1      5384948.1      318.76045  5.9194712e-05      8446.7005      8.9887     -1
     7     10      988.18      1234.8   Coal      0     -1      8219556.2      421.71889  5.1306772e-05      9745.3023      10.332     -1
     7     11      1234.8      1543.1   Coal      0     -1       12492654      594.23182  4.7566502e-05      10511.599      12.682     -1
     7     12      1543.1      1928.2   Coal      0     -1       18967691       805.2752  4.2455099e-05      11777.148      14.113     -1
     7     13      1928.2      2409.6   Coal      0     -1       28721806      1099.3371  3.8275348e-05      13063.239      17.199     -1
     7     14      2409.6        3011   Coal      0     -1       43507276      1479.2195   3.399936e-05      14706.159      21.926     -1
     7     15        3011      3762.6   Coal      0     -1       65383316      2123.9015  3.2483845e-05      15392.266      26.751     -1
     7     16      3762.6      4701.8   Coal      0     -1       97793050      3054.9514  3.1238942e-05      16005.664      27.838     -1
     7     17      4701.8      5875.5   Coal      0     -1  1.4454824e+08        4757.16  3.2910535e-05      15192.703      32.077     -1
     7     18      5875.5      7342.1   Coal      0     -1  2.1288843e+08        5397.94  2.5355723e-05      19719.414      38.763     -1
     7     19      7342.1      9174.7   Coal      0     -1   3.149353e+08        6183.08  1.9632858e-05       25467.51      48.185     -1
     7     20      9174.7       11465   Coal      0     -1  4.6858954e+08        7885.14  1.6827392e-05      29713.457      61.444     -1
     7     21       11465       14327   Coal      0     -1  6.8921477e+08       11348.34  1.6465608e-05      30366.325      65.658     -1
     7     22       14327       17903   Coal      0     -1  9.9116615e+08       17419.65  1.7574904e-05      28449.658      83.777     -1
     7     23       17903       22372   Coal      0     -1  1.3584009e+09       29120.43  2.1437287e-05      23323.847      91.478     -1
     7     24       22372       27956   Coal      0     -1  1.7466963e+09       42597.76  2.4387617e-05      20502.209      100.08     -1
     7     25       27956       34934   Coal      0     -1  2.0786024e+09       58978.31  2.8374022e-05      17621.753      112.04     -1
     7     26       34934       43654   Coal      0     -1  2.2617381e+09       70255.48  3.1062607e-05      16096.524      113.77     -1
     7     27       43654       54551   Coal      0     -1  2.2259419e+09       77770.65  3.4938311e-05      14310.938      112.63     -1
     7     28       54551       68167   Coal      0     -1  1.9568254e+09       71466.75  3.6521782e-05       13690.46      93.871     -1
     7     29       68167       85183   Coal      0     -1  1.6298089e+09       55729.74  3.4194033e-05      14622.434      80.036     -1
     7     30       85183  1.0645e+05   Coal      0     -1  1.5520886e+09       29099.73  1.8748756e-05      26668.436      73.388     -1
     7     31  1.0645e+05  1.3302e+05   Coal      0     -1  1.5903645e+09       28952.82  1.8205147e-05       27464.76      72.816     -1
     7     32  1.3302e+05       1e+99   Coal      0     -1  3.8108491e+09       67891.71  1.7815376e-05      28065.644      55.584     -1
     7     -1           0       1e+99  Delay     -1     -1  2.5957002e+09              0              0              0           1     -1
     7     -1           0       1e+99   LogL     -1     -1              1      -15785033      -15785033              0           1     -1
     7     -1           0       1e+99 Recomb     -1     -1           4323  1.2969005e-05  3.0000011e-09              0           1     -1
     7     -1           0       1e+99 Resamp     -1     -1  2.5957002e+09         732629  0.00028224715              0           1     -1
     6      0           0         133   Coal      0     -1      307319.26      34.346533  0.00011176173      4473.8032      1.5646     -1
     6      1         133       166.2   Coal      0     -1      162692.52      8.5435294  5.2513351e-05      9521.3882       2.059     -1
     6      2       166.2      207.68   Coal      0     -1       253603.4      3.8669753  1.5248121e-05      32790.926        2.61     -1
     6      3      207.68      259.53   Coal      0     -1      393674.19      10.406329  2.6433861e-05      18915.133      3.1417     -1
     6      4      259.53      324.31   Coal      0     -1      617535.23      11.673184  1.8902864e-05      26451.018      3.5388     -1
     6      5      324.31      405.26   Coal      0     -1      954693.85      30.708099  3.2165389e-05      15544.659      4.4647     -1
     6      6      405.26      506.42   Coal      0     -1      1481985.8       65.33166  4.4083862e-05      11342.019      5.1923     -1
     6      7      506.42      632.82   Coal      0     -1      2292303.7      102.83137    4.48594e-05      11145.936      5.7963     -1
     6      8      632.82      790.79   Coal      0     -1      3519624.4      228.43654   6.490367e-05      7703.7246      6.3152     -1
     6      9      790.79      988.18   Coal      0     -1      5369726.5      310.21791  5.7771641e-05      8654.7654      9.3577     -1
     6     10      988.18      1234.8   Coal      0     -1      8186960.7      413.07317  5.0455008e-05      9909.8191      10.927     -1
     6     11      1234.8      1543.1   Coal      0     -1       12490201      587.69397  4.7052402e-05       10626.45      12.122     -1
     6     12      1543.1      1928.2   Coal      0     -1       18965220      798.15708  4.2085307e-05      11880.631      13.713     -1
     6     13      1928.2      2409.6   Coal      0     -1       28757539      1101.6047  3.8306638e-05      13052.568      19.316     -1
     6     14      2409.6        3011   Coal      0     -1       43499482      1495.0938  3.4370381e-05       14547.41      22.896     -1
     6     15        3011      3762.6   Coal      0     -1       65378352        2150.32  3.2890397e-05      15202.005       24.65     -1
     6     16      3762.6      4701.8   Coal      0     -1       97607314        3093.01  3.1688301e-05      15778.694      29.091     -1
     6     17      4701.8      5875.5   Coal      0     -1  1.4414589e+08        4852.48  3.3663673e-05      14852.806      32.355     -1
     6     18      5875.5      7342.1   Coal      0     -1  2.1212173e+08        5433.82  2.5616517e-05      19518.657      40.659     -1
     6     19      7342.1      9174.7   Coal      0     -1  3.1384491e+08        6205.75  1.9773301e-05      25286.622      47.833     -1
     6     20      9174.7       11465   Coal      0     -1  4.6715535e+08        7862.11  1.6829755e-05      29709.286      63.079     -1
     6     21       11465       14327   Coal      0     -1  6.8753413e+08       11215.29  1.6312339e-05      30651.643      65.924     -1
     6     22       14327       17903   Coal      0     -1  9.9048391e+08       17186.72  1.7351842e-05      28815.385      82.066     -1
     6     23       17903       22372   Coal      0     -1  1.3610158e+09       28727.56  2.1107441e-05      23688.329       91.71     -1
     6     24       22372       27956   Coal      0     -1  1.7554553e+09       42214.26   2.404747e-05      20792.208      100.25     -1
     6     25       27956       34934   Coal      0     -1   2.093234e+09       58840.96  2.8110072e-05      17787.219       111.9     -1
     6     26       34934       43654   Coal      0     -1  2.2786058e+09       70496.93  3.0938625e-05      16161.029      113.23     -1
     6     27       43654       54551   Coal      0     -1  2.2383652e+09        78330.9  3.4994691e-05      14287.882      110.75     -1
     6     28       54551       68167   Coal      0     -1  1.9652881e+09       72053.69  3.6663168e-05      13637.665      94.561     -1
     6     29       68167       85183   Coal      0     -1  1.6322096e+09       56278.66  3.4480046e-05      14501.141      80.722     -1
     6     30       85183  1.0645e+05   Coal      0     -1  1.5406731e+09       29177.63  1.8938235e-05      26401.615      72.158     -1
     6     31  1.0645e+05  1.3302e+05   Coal      0     -1  1.5715062e+09       28970.14  1.8434633e-05      27122.861      71.567     -1
     6     32  1.3302e+05       1e+99   Coal      0     -1  3.6997227e+09       66931.02  1.8090821e-05      27638.326      55.817     -1
     6     -1           0       1e+99  Delay     -1     -1  2.5957002e+09              0              0              0           1     -1
     6     -1           0       1e+99   LogL     -1     -1              1      -15785107      -15785107              0           1     -1
     6     -1           0       1e+99 Recomb     -1     -1           4323  1.2969005e-05  3.0000011e-09              0           1     -1
     6     -1           0       1e+99 Resamp     -1     -1  2.5957002e+09         730414  0.00028139382              0           1     -1
     5      0           0         133   Coal      0     -1      302510.99      31.793406  0.00010509835      4757.4486      1.5411     -1
     5      1         133       166.2   Coal      0     -1      160838.09      8.5984753  5.3460441e-05      9352.7099      2.0366     -1
     5      2       166.2      207.68   Coal      0     -1      252717.54      5.1616392  2.0424539e-05      24480.357      2.3743     -1
     5      3      207.68      259.53   Coal      0     -1      397823.68      9.3072909  2.3395518e-05      21371.615      3.0137     -1
     5      4      259.53      324.31   Coal      0     -1      617488.05      12.533508  2.0297572e-05      24633.488      3.3185     -1
     5      5      324.31      405.26   Coal      0     -1      954694.56      30.450024  3.1895043e-05      15676.417      4.3518     -1
     5      6      405.26      506.42   Coal      0     -1      1481486.8      58.776097  3.9673724e-05        12602.8      5.2989     -1
     5      7      506.42      632.82   Coal      0     -1      2296123.8      94.040016  4.0955987e-05      12208.227      5.7654     -1
     5      8      632.82      790.79   Coal      0     -1      3540764.6      225.05841  6.3562094e-05      7866.3235      6.4024     -1
     5      9      790.79      988.18   Coal      0     -1      5388969.8      308.30706  5.7210761e-05      8739.6145      8.9752     -1
     5     10      988.18      1234.8   Coal      0     -1      8211583.7      406.50923  4.9504364e-05       10100.12      11.597     -1
     5     11      1234.8      1543.1   Coal      0     -1       12528564      571.02085  4.5577517e-05      10970.321      11.649     -1
     5     12      1543.1      1928.2   Coal      0     -1       19074217      786.17863  4.1216824e-05      12130.969      13.257     -1
     5     13      1928.2      2409.6   Coal      0     -1       28899171      1103.7113  3.8191797e-05      13091.816      18.701     -1
     5     14      2409.6        3011   Coal      0     -1       43661694         1525.8  3.4945964e-05      14307.804      21.988     -1
     5     15        3011      3762.6   Coal      0     -1       65486724       2202.711  3.3635994e-05      14865.028      23.622     -1
     5     16      3762.6      4701.8   Coal      0     -1       97630707         3198.3  3.2759161e-05      15262.906      28.466     -1
     5     17      4701.8      5875.5   Coal      0     -1  1.4383133e+08        4943.77  3.4371997e-05      14546.725      31.016     -1
     5     18      5875.5      7342.1   Coal      0     -1  2.1131053e+08        5486.19  2.5962691e-05      19258.404      41.077     -1
     5     19      7342.1      9174.7   Coal      0     -1  3.1277693e+08        6240.55  1.9952079e-05      25060.046      46.842     -1
     5     20      9174.7       11465   Coal      0     -1  4.6572445e+08        7834.85   1.682293e-05      29721.338        60.5     -1
     5     21       11465       14327   Coal      0     -1  6.8634127e+08       11062.99  1.6118789e-05        31019.7      65.514     -1
     5     22       14327       17903   Coal      0     -1  9.9029299e+08        16923.9  1.7089791e-05      29257.234      83.464     -1
     5     23       17903       22372   Coal      0     -1  1.3632493e+09       28304.89  2.0762813e-05      24081.515        90.8     -1
     5     24       22372       27956   Coal      0     -1   1.764179e+09       41779.24  2.3681974e-05      21113.105      101.84     -1
     5     25       27956       34934   Coal      0     -1  2.1093165e+09       58695.46  2.7826768e-05       17968.31      112.17     -1
     5     26       34934       43654   Coal      0     -1   2.298703e+09       70724.69  3.0767215e-05      16251.065       113.2     -1
     5     27       43654       54551   Coal      0     -1  2.2569165e+09       79074.51  3.5036524e-05      14270.822      111.67     -1
     5     28       54551       68167   Coal      0     -1  1.9725059e+09          72656  3.6834363e-05      13574.281      94.112     -1
     5     29       68167       85183   Coal      0     -1   1.625251e+09       56638.27  3.4848937e-05       14347.64      80.475     -1
     5     30       85183  1.0645e+05   Coal      0     -1  1.5273872e+09       29278.19  1.9168806e-05      26084.045      71.781     -1
     5     31  1.0645e+05  1.3302e+05   Coal      0     -1  1.5527041e+09       29052.75  1.8711067e-05      26722.153      72.527     -1
     5     32  1.3302e+05       1e+99   Coal      0     -1  3.5623257e+09       65639.23  1.8425948e-05      27135.645      56.464     -1
     5     -1           0       1e+99  Delay     -1     -1  2.5957002e+09              0              0              0           1     -1
     5     -1           0       1e+99   LogL     -1     -1              1      -15785218      -15785218              0           1     -1
     5     -1           0       1e+99 Recomb     -1     -1           4323  1.2969005e-05  3.0000011e-09              0           1     -1
     5     -1           0       1e+99 Resamp     -1     -1  2.5957002e+09         728238  0.00028055551              0           1     -1
     4      0           0         133   Coal      0     -1       305280.5      32.415086  0.00010618132      4708.9263      1.5981     -1
     4      1         133       166.2   Coal      0     -1      163161.43      6.5179575  3.9947906e-05        12516.3      2.3819     -1
     4      2       166.2      207.68   Coal      0     -1      255104.01       4.974117  1.9498388e-05      25643.145      2.5674     -1
     4      3      207.68      259.53   Coal      0     -1      397149.63      9.3207709  2.3469167e-05      21304.548       3.078     -1
     4      4      259.53      324.31   Coal      0     -1      617591.26      10.180376  1.6484002e-05      30332.439      3.4311     -1
     4      5      324.31      405.26   Coal      0     -1      954984.18      28.000168  2.9320033e-05      17053.187      4.3048     -1
     4      6      405.26      506.42   Coal      0     -1      1478676.8       53.59178  3.6243066e-05      13795.742      5.2693     -1
     4      7      506.42      632.82   Coal      0     -1      2292146.3      92.726874   4.045417e-05      12359.665      6.6577     -1
     4      8      632.82      790.79   Coal      0     -1        3523695      220.97528  6.2711239e-05      7973.0524      6.8145     -1
     4      9      790.79      988.18   Coal      0     -1      5398235.1      307.65866  5.6992453e-05      8773.0914      8.3784     -1
     4     10      988.18      1234.8   Coal      0     -1      8247687.9      399.22918  4.8404981e-05      10329.515      11.414     -1
     4     11      1234.8      1543.1   Coal      0     -1       12551973      561.66835  4.4747415e-05       11173.83      13.805     -1
     4     12      1543.1      1928.2   Coal      0     -1       19080975      783.09992  4.1040876e-05      12182.976      14.206     -1
     4     13      1928.2      2409.6   Coal      0     -1       28899441      1123.5976  3.8879562e-05      12860.227      18.298     -1
     4     14      2409.6        3011   Coal      0     -1       43584972      1549.0186  3.5540199e-05      14068.576      20.364     -1
     4     15        3011      3762.6   Coal      0     -1       65334173      2239.5978  3.4279118e-05       14586.14      24.993     -1
     4     16      3762.6      4701.8   Coal      0     -1       97311128      3281.4773  3.3721501e-05      14827.335      28.596     -1
     4     17      4701.8      5875.5   Coal      0     -1  1.4321303e+08        5028.46   3.511175e-05      14240.247      32.123     -1
     4     18      5875.5      7342.1   Coal      0     -1  2.1052545e+08        5551.74  2.6370873e-05      18960.313      39.028     -1
     4     19      7342.1      9174.7   Coal      0     -1  3.1148075e+08        6278.04  2.0155467e-05      24807.165      50.342     -1
     4     20      9174.7       11465   Coal      0     -1  4.6349189e+08         7790.6  1.6808493e-05      29746.868      59.761     -1
     4     21       11465       14327   Coal      0     -1  6.8406643e+08       10870.69  1.5891278e-05        31463.8      65.761     -1
     4     22       14327       17903   Coal      0     -1  9.8991244e+08       16633.69  1.6803193e-05      29756.249      87.872     -1
     4     23       17903       22372   Coal      0     -1  1.3651941e+09       27793.47  2.0358621e-05       24559.62      88.033     -1
     4     24       22372       27956   Coal      0     -1  1.7749444e+09       41372.53  2.3309198e-05       21450.76      106.93     -1
     4     25       27956       34934   Coal      0     -1  2.1268257e+09       58515.15  2.7512903e-05      18173.291      116.59     -1
     4     26       34934       43654   Coal      0     -1  2.3228316e+09       71055.19  3.0589902e-05      16345.263      118.88     -1
     4     27       43654       54551   Coal      0     -1  2.2716405e+09       79686.37  3.5078776e-05      14253.633      112.51     -1
     4     28       54551       68167   Coal      0     -1  1.9847649e+09       73472.02  3.7017996e-05      13506.944      96.757     -1
     4     29       68167       85183   Coal      0     -1  1.6249519e+09       57234.57  3.5222317e-05      14195.545          82     -1
     4     30       85183  1.0645e+05   Coal      0     -1  1.5170071e+09       29484.24  1.9435795e-05      25725.729      73.314     -1
     4     31  1.0645e+05  1.3302e+05   Coal      0     -1  1.5313418e+09       29155.32  1.9039067e-05      26261.791      73.327     -1
     4     32  1.3302e+05       1e+99   Coal      0     -1  3.4362376e+09       64544.33   1.878343e-05      26619.206      57.973     -1
     4     -1           0       1e+99  Delay     -1     -1  2.5957002e+09              0              0              0           1     -1
     4     -1           0       1e+99   LogL     -1     -1              1      -15785426      -15785426              0           1     -1
     4     -1           0       1e+99 Recomb     -1     -1           4323  1.2969005e-05  3.0000011e-09              0           1     -1
     4     -1           0       1e+99 Resamp     -1     -1  2.5957002e+09         725379  0.00027945407              0           1     -1
     3      0           0         133   Coal      0     -1      312349.93      23.189303  7.4241423e-05      6734.7847      1.5441     -1
     3      1         133       166.2   Coal      0     -1      165099.04      5.3206555  3.2227053e-05      15514.915      2.1578     -1
     3      2       166.2      207.68   Coal      0     -1      256671.87      5.8728853  2.2880907e-05       21852.28      2.6348     -1
     3      3      207.68      259.53   Coal      0     -1      398635.74      8.5429522  2.1430472e-05      23331.264      3.1387     -1
     3      4      259.53      324.31   Coal      0     -1       617791.8      8.7105971  1.4099567e-05      35462.081      3.3708     -1
     3      5      324.31      405.26   Coal      0     -1      956728.12      25.074987  2.6209104e-05       19077.34      4.0277     -1
     3      6      405.26      506.42   Coal      0     -1      1486354.8       49.84747  3.3536725e-05      14909.029      5.2279     -1
     3      7      506.42      632.82   Coal      0     -1      2303074.3      89.261217   3.875742e-05      12900.756      6.5337     -1
     3      8      632.82      790.79   Coal      0     -1      3542993.1      204.17263  5.7627159e-05      8676.4646       6.846     -1
     3      9      790.79      988.18   Coal      0     -1      5403092.9      299.77462  5.5482041e-05      9011.9252      8.6611     -1
     3     10      988.18      1234.8   Coal      0     -1      8239452.3      410.60749  4.9834318e-05      10033.247      11.407     -1
     3     11      1234.8      1543.1   Coal      0     -1       12569291      551.85752  4.3905224e-05      11388.167      12.471     -1
     3     12      1543.1      1928.2   Coal      0     -1       19144670      783.21956  4.0910581e-05      12221.777      14.408     -1
     3     13      1928.2      2409.6   Coal      0     -1       28962695      1131.9959   3.908462e-05      12792.756      17.774     -1
     3     14      2409.6        3011   Coal      0     -1       43670516      1593.1275   3.648062e-05      13705.907      20.209     -1
     3     15        3011      3762.6   Coal      0     -1       65410470       2293.795  3.5067704e-05      14258.134      24.644     -1
     3     16      3762.6      4701.8   Coal      0     -1       97296585        3374.81  3.4685801e-05       14415.12      29.393     -1
     3     17      4701.8      5875.5   Coal      0     -1  1.4286793e+08        5148.65   3.603783e-05      13874.309      32.356     -1
     3     18      5875.5      7342.1   Coal      0     -1  2.0962483e+08        5646.92  2.6938221e-05      18560.988      42.111     -1
     3     19      7342.1      9174.7   Coal      0     -1  3.1008416e+08        6289.42  2.0282945e-05      24651.252      49.022     -1
     3     20      9174.7       11465   Coal      0     -1  4.6196998e+08        7729.06  1.6730654e-05      29885.263      61.814     -1
     3     21       11465       14327   Coal      0     -1  6.8294897e+08       10671.15  1.5625106e-05      31999.783      67.717     -1
     3     22       14327       17903   Coal      0     -1  9.8976208e+08       16313.87  1.6482618e-05      30334.987      86.315     -1
     3     23       17903       22372   Coal      0     -1  1.3694679e+09       27252.03  1.9899721e-05       25125.98      87.942     -1
     3     24       22372       27956   Coal      0     -1  1.7861976e+09       40847.21  2.2868248e-05      21864.377      103.77     -1
     3     25       27956       34934   Coal      0     -1  2.1449736e+09       58264.93  2.7163472e-05      18407.072      111.14     -1
     3     26       34934       43654   Coal      0     -1  2.3521991e+09          71497  3.0395811e-05      16449.635      121.76     -1
     3     27       43654       54551   Coal      0     -1  2.2943522e+09       80498.25  3.5085394e-05      14250.944      113.89     -1
     3     28       54551       68167   Coal      0     -1  1.9952143e+09       74332.86  3.7255577e-05       13420.81      98.059     -1
     3     29       68167       85183   Coal      0     -1  1.6230444e+09       57934.28  3.5694821e-05      14007.634      82.581     -1
     3     30       85183  1.0645e+05   Coal      0     -1  1.5010353e+09       29678.98   1.977234e-05      25287.852      72.457     -1
     3     31  1.0645e+05  1.3302e+05   Coal      0     -1  1.5040475e+09       29251.52  1.9448535e-05      25708.877      72.773     -1
     3     32  1.3302e+05       1e+99   Coal      0     -1  3.2678207e+09        62795.2  1.9216232e-05       26019.67      55.055     -1
     3     -1           0       1e+99  Delay     -1     -1  2.5957002e+09              0              0              0           1     -1
     3     -1           0       1e+99   LogL     -1     -1              1      -15785579      -15785579              0           1     -1
     3     -1           0       1e+99 Recomb     -1     -1           4323  1.2969005e-05  3.0000011e-09              0           1     -1
     3     -1           0       1e+99 Resamp     -1     -1  2.5957002e+09         723440  0.00027870707              0           1     -1
     2      0           0         133   Coal      0     -1      305979.92      24.235523  7.9206254e-05      6312.6328      1.5495     -1
     2      1         133       166.2   Coal      0     -1      162471.05      2.9068108  1.7891254e-05      27946.616       2.553     -1
     2      2       166.2      207.68   Coal      0     -1      253112.82      3.8626259  1.5260491e-05      32764.345       2.555     -1
     2      3      207.68      259.53   Coal      0     -1      397171.47      7.9040046  1.9900736e-05      25124.699      2.9774     -1
     2      4      259.53      324.31   Coal      0     -1      616930.34      11.560528   1.873879e-05      26682.619       3.803     -1
     2      5      324.31      405.26   Coal      0     -1      958119.22      21.113526  2.2036429e-05      22689.701      4.2464     -1
     2      6      405.26      506.42   Coal      0     -1      1489204.9       42.82547  2.8757272e-05      17386.906      4.6534     -1
     2      7      506.42      632.82   Coal      0     -1      2303854.1      86.199084  3.7415167e-05      13363.565      6.2307     -1
     2      8      632.82      790.79   Coal      0     -1      3554951.9      188.79851  5.3108598e-05      9414.6714      7.0442     -1
     2      9      790.79      988.18   Coal      0     -1      5439123.6      289.45322  5.3216885e-05      9395.5142      7.1527     -1
     2     10      988.18      1234.8   Coal      0     -1      8273619.8       399.8207   4.832476e-05      10346.663      11.019     -1
     2     11      1234.8      1543.1   Coal      0     -1       12611766      539.32504  4.2763641e-05      11692.176      14.587     -1
     2     12      1543.1      1928.2   Coal      0     -1       19193965      782.67585  4.0777185e-05      12261.759      14.265     -1
     2     13      1928.2      2409.6   Coal      0     -1       29057280      1152.2084  3.9653001e-05      12609.386      16.786     -1
     2     14      2409.6        3011   Coal      0     -1       43764219        1627.76  3.7193854e-05      13443.081      20.794     -1
     2     15        3011      3762.6   Coal      0     -1       65423165        2388.09  3.6502208e-05      13697.801      25.207     -1
     2     16      3762.6      4701.8   Coal      0     -1       97135554        3490.85  3.5937922e-05       13912.88      28.436     -1
     2     17      4701.8      5875.5   Coal      0     -1  1.4236274e+08        5254.07  3.6906216e-05      13547.853      31.063     -1
     2     18      5875.5      7342.1   Coal      0     -1  2.0870674e+08        5725.52  2.7433326e-05      18226.007      39.571     -1
     2     19      7342.1      9174.7   Coal      0     -1  3.0860763e+08        6290.18  2.0382451e-05      24530.906       47.04     -1
     2     20      9174.7       11465   Coal      0     -1  4.6003838e+08        7642.61  1.6612984e-05      30096.942      57.665     -1
     2     21       11465       14327   Coal      0     -1   6.809682e+08       10441.18  1.5332845e-05      32609.734      62.675     -1
     2     22       14327       17903   Coal      0     -1  9.8979846e+08       15944.98   1.610932e-05      31037.934      83.884     -1
     2     23       17903       22372   Coal      0     -1  1.3742303e+09       26625.23  1.9374649e-05      25806.919      87.902     -1
     2     24       22372       27956   Coal      0     -1  1.7983238e+09       40216.58   2.236337e-05       22357.99      101.13     -1
     2     25       27956       34934   Coal      0     -1  2.1682998e+09       57937.76  2.6720364e-05       18712.32       109.6     -1
     2     26       34934       43654   Coal      0     -1   2.380317e+09       71875.61  3.0195815e-05      16558.586      116.99     -1
     2     27       43654       54551   Coal      0     -1  2.3229361e+09       81492.35  3.5081615e-05      14252.479      112.59     -1
     2     28       54551       68167   Coal      0     -1  2.0118291e+09       75443.15  3.7499781e-05      13333.411      96.747     -1
     2     29       68167       85183   Coal      0     -1  1.6192031e+09       58698.37  3.6251394e-05      13792.573      80.033     -1
     2     30       85183  1.0645e+05   Coal      0     -1  1.4823234e+09       29915.65  2.0181595e-05      24775.048      70.667     -1
     2     31  1.0645e+05  1.3302e+05   Coal      0     -1  1.4708487e+09       29284.91  1.9910212e-05      25112.741      71.115     -1
     2     32  1.3302e+05       1e+99   Coal      0     -1  3.0923961e+09       61012.49  1.9729843e-05       25342.32      53.904     -1
     2     -1           0       1e+99  Delay     -1     -1  2.5957002e+09              0              0              0           1     -1
     2     -1           0       1e+99   LogL     -1     -1              1      -15785820      -15785820              0           1     -1
     2     -1           0       1e+99 Recomb     -1     -1           4323  1.2969005e-05  3.0000011e-09              0           1     -1
     2     -1           0       1e+99 Resamp     -1     -1  2.5957002e+09         719476  0.00027717993              0           1     -1
     1      0           0         133   Coal      0     -1      310453.31      19.966287  6.4313332e-05      7774.4378      1.4584     -1
     1      1         133       166.2   Coal      0     -1      167552.68      2.5335386  1.5120848e-05      33066.929      2.4595     -1
     1      2       166.2      207.68   Coal      0     -1      260261.17      2.2007898   8.456082e-06      59129.038      2.6187     -1
     1      3      207.68      259.53   Coal      0     -1      405144.96      6.3631202  1.5705786e-05      31835.401      3.0614     -1
     1      4      259.53      324.31   Coal      0     -1      625637.54      11.737295  1.8760535e-05      26651.693      4.1593     -1
     1      5      324.31      405.26   Coal      0     -1      975816.44      18.395949  1.8851854e-05      26522.591       4.343     -1
     1      6      405.26      506.42   Coal      0     -1      1514988.7      38.022772  2.5097727e-05      19922.123      5.0418     -1
     1      7      506.42      632.82   Coal      0     -1      2338025.2      75.111533  3.2126058e-05       15563.69      5.6313     -1
     1      8      632.82      790.79   Coal      0     -1      3580048.9       183.8362  5.1350194e-05      9737.0616      7.6622     -1
     1      9      790.79      988.18   Coal      0     -1        5461820      269.29098  4.9304258e-05      10141.112       8.571     -1
     1     10      988.18      1234.8   Coal      0     -1      8343272.4      387.37546  4.6429679e-05      10768.974      9.9397     -1
     1     11      1234.8      1543.1   Coal      0     -1       12689759      535.89143  4.2230228e-05       11839.86      14.173     -1
     1     12      1543.1      1928.2   Coal      0     -1       19317575      777.60022  4.0253512e-05      12421.277      14.523     -1
     1     13      1928.2      2409.6   Coal      0     -1       29221102      1179.2133  4.0354855e-05      12390.083      15.339     -1
     1     14      2409.6        3011   Coal      0     -1       43875585      1685.3705  3.8412491e-05      13016.599       19.58     -1
     1     15        3011      3762.6   Coal      0     -1       65408136        2470.33  3.7767932e-05      13238.745      25.921     -1
     1     16      3762.6      4701.8   Coal      0     -1       96912731        3621.19  3.7365473e-05      13381.337      30.665     -1
     1     17      4701.8      5875.5   Coal      0     -1  1.4163393e+08        5410.47   3.820038e-05      13088.875      32.507     -1
     1     18      5875.5      7342.1   Coal      0     -1  2.0731535e+08        5782.85  2.7893979e-05      17925.015      38.424     -1
     1     19      7342.1      9174.7   Coal      0     -1  3.0686708e+08        6279.85  2.0464397e-05      24432.676      50.566     -1
     1     20      9174.7       11465   Coal      0     -1  4.5786636e+08        7538.01  1.6463341e-05      30370.506      58.631     -1
     1     21       11465       14327   Coal      0     -1  6.7943092e+08       10123.86  1.4900499e-05      33555.922       63.84     -1
     1     22       14327       17903   Coal      0     -1  9.9021701e+08       15526.41  1.5679805e-05      31888.151       82.48     -1
     1     23       17903       22372   Coal      0     -1  1.3826922e+09        25945.1   1.876419e-05        26646.5      96.751     -1
     1     24       22372       27956   Coal      0     -1  1.8177837e+09       39611.05  2.1790849e-05      22945.411      109.27     -1
     1     25       27956       34934   Coal      0     -1  2.1945381e+09       57494.93  2.6199103e-05      19084.623      109.03     -1
     1     26       34934       43654   Coal      0     -1  2.4136801e+09       72170.11  2.9900446e-05      16722.159      118.67     -1
     1     27       43654       54551   Coal      0     -1  2.3485544e+09       82421.63  3.5094623e-05      14247.197      112.57     -1
     1     28       54551       68167   Coal      0     -1    2.02415e+09       76503.03  3.7795139e-05      13229.215        97.9     -1
     1     29       68167       85183   Coal      0     -1   1.616466e+09       59624.07  3.6885447e-05      13555.482      82.775     -1
     1     30       85183  1.0645e+05   Coal      0     -1  1.4644569e+09        30216.4  2.0633178e-05      24232.815       71.46     -1
     1     31  1.0645e+05  1.3302e+05   Coal      0     -1  1.4310095e+09       29283.57  2.0463575e-05      24433.659      70.885     -1
     1     32  1.3302e+05       1e+99   Coal      0     -1  2.9129471e+09       59209.04  2.0326164e-05      24598.837      56.732     -1
     1     -1           0       1e+99  Delay     -1     -1  2.5957002e+09              0              0              0           1     -1
     1     -1           0       1e+99   LogL     -1     -1              1      -15786195      -15786195              0           1     -1
     1     -1           0       1e+99 Recomb     -1     -1           4323  1.2969005e-05  3.0000011e-09              0           1     -1
     1     -1           0       1e+99 Resamp     -1     -1  2.5957002e+09         714959  0.00027543974              0           1     -1
     0      0           0         133   Coal      0     -1      306103.02      8.4667806  2.7659905e-05      18076.707      1.4197     -1
     0      1         133       166.2   Coal      0     -1       163171.7      1.9543157   1.197705e-05      41746.506      2.4206     -1
     0      2       166.2      207.68   Coal      0     -1      255772.02      1.8524202  7.2424663e-06      69037.256      2.6057     -1
     0      3      207.68      259.53   Coal      0     -1      399891.64      4.0426298  1.0109313e-05      49459.344      2.6382     -1
     0      4      259.53      324.31   Coal      0     -1       623137.1      7.7830166  1.2490055e-05       40031.85      3.7297     -1
     0      5      324.31      405.26   Coal      0     -1      970063.37      14.890832   1.535037e-05      32572.504      3.7851     -1
     0      6      405.26      506.42   Coal      0     -1      1513816.3       29.21051  1.9295941e-05      25912.185      6.0662     -1
     0      7      506.42      632.82   Coal      0     -1      2345652.2      65.460985  2.7907371e-05      17916.414      5.9682     -1
     0      8      632.82      790.79   Coal      0     -1      3615358.2      168.16747  4.6514746e-05      10749.279       6.486     -1
     0      9      790.79      988.18   Coal      0     -1      5538219.3      248.37089  4.4846706e-05      11149.091      8.7969     -1
     0     10      988.18      1234.8   Coal      0     -1      8448063.9      373.70616  4.4235717e-05      11303.083      10.094     -1
     0     11      1234.8      1543.1   Coal      0     -1       12836405      529.10472  4.1219073e-05      12130.307      11.338     -1
     0     12      1543.1      1928.2   Coal      0     -1       19472543      798.53616  4.1008315e-05      12192.649      14.697     -1
     0     13      1928.2      2409.6   Coal      0     -1       29410251      1198.4465  4.0749278e-05      12270.156      15.644     -1
     0     14      2409.6        3011   Coal      0     -1       44093909        1743.78  3.9546959e-05      12643.197       20.43     -1
     0     15        3011      3762.6   Coal      0     -1       65624840        2558.28  3.8983409e-05      12825.969       25.53     -1
     0     16      3762.6      4701.8   Coal      0     -1       96928556         3782.4  3.9022556e-05      12813.102       30.58     -1
     0     17      4701.8      5875.5   Coal      0     -1  1.4120958e+08        5597.67  3.9640867e-05      12613.246      31.277     -1
     0     18      5875.5      7342.1   Coal      0     -1  2.0614395e+08        5888.16  2.8563341e-05      17504.955      39.878     -1
     0     19      7342.1      9174.7   Coal      0     -1  3.0484688e+08        6259.96  2.0534768e-05      24348.948      49.823     -1
     0     20      9174.7       11465   Coal      0     -1  4.5556645e+08        7388.08  1.6217349e-05       30831.18      56.393     -1
     0     21       11465       14327   Coal      0     -1  6.7800258e+08        9799.41  1.4453352e-05      34594.051      66.183     -1
     0     22       14327       17903   Coal      0     -1  9.9021085e+08       15031.55  1.5180151e-05      32937.749      80.501     -1
     0     23       17903       22372   Coal      0     -1  1.3880996e+09       25200.47  1.8154655e-05      27541.145      93.646     -1
     0     24       22372       27956   Coal      0     -1  1.8367786e+09        38943.1  2.1201847e-05      23582.851       112.8     -1
     0     25       27956       34934   Coal      0     -1  2.2266575e+09       57005.33  2.5601301e-05      19530.257      110.15     -1
     0     26       34934       43654   Coal      0     -1  2.4528477e+09       72463.64  2.9542657e-05      16924.679      116.02     -1
     0     27       43654       54551   Coal      0     -1  2.3947738e+09       83881.01  3.5026695e-05      14274.827      117.65     -1
     0     28       54551       68167   Coal      0     -1  2.0473028e+09       77965.56  3.8082086e-05      13129.533      101.55     -1
     0     29       68167       85183   Coal      0     -1  1.6158222e+09       60767.27  3.7607646e-05      13295.169      85.999     -1
     0     30       85183  1.0645e+05   Coal      0     -1   1.442289e+09       30566.88  2.1193312e-05      23592.348      73.778     -1
     0     31  1.0645e+05  1.3302e+05   Coal      0     -1  1.3884128e+09       29261.48   2.107549e-05      23724.241      71.545     -1
     0     32  1.3302e+05       1e+99   Coal      0     -1  2.7150324e+09       57106.16  2.1033326e-05        23771.8      59.719     -1
     0     -1           0       1e+99  Delay     -1     -1  2.5957002e+09              0              0              0           1     -1
     0     -1           0       1e+99   LogL     -1     -1              1      -15786807      -15786807              0           1     -1
     0     -1           0       1e+99 Recomb     -1     -1           4323  1.2969005e-05  3.0000011e-09              0           1     -1
     0     -1           0       1e+99 Resamp     -1     -1  2.5957002e+09         711280   0.0002740224              0           1     -1
