  Iter  Epoch       Start         End   Type   From     To            Opp          Count           Rate             Ne         ESS  Clump
    10      0           0         133   Coal      0     -1      301442.38      52.858803  0.00017535293      2851.3924      1.3913     -1
    10      1         133       166.2   Coal      0     -1      160408.58      3.2936626  2.0532958e-05      24351.095      2.4554     -1
    10      2       166.2      207.68   Coal      0     -1      249431.01      1.3168405  5.2793775e-06      94708.136      2.6201     -1
    10      3      207.68      259.53   Coal      0     -1      390458.47      26.607365  6.8143905e-05      7337.4133      2.8285     -1
    10      4      259.53      324.31   Coal      0     -1      603883.65      19.288407  3.1940601e-05      15654.057      3.4387     -1
    10      5      324.31      405.26   Coal      0     -1      934044.47      67.260216  7.2009651e-05      6943.5137      4.6064     -1
    10      6      405.26      506.42   Coal      0     -1      1446529.3      89.005268  6.1530221e-05      8126.0881       4.462     -1
    10      7      506.42      632.82   Coal      0     -1      2233550.1      106.29954  4.7592188e-05      10505.926      6.8983     -1
    10      8      632.82      790.79   Coal      0     -1      3427442.1      236.23536  6.8924683e-05      7254.2953      8.1543     -1
    10      9      790.79      988.18   Coal      0     -1      5256577.6      246.02561  4.6803381e-05      10682.989      8.5343     -1
    10     10      988.18      1234.8   Coal      0     -1      8088921.6      313.59487   3.876844e-05      12897.088      10.403     -1
    10     11      1234.8      1543.1   Coal      0     -1       12438218      372.67223  2.9961867e-05      16687.879      12.528     -1
    10     12      1543.1      1928.2   Coal      0     -1       19104188      527.85097  2.7630118e-05      18096.195      14.888     -1
    10     13      1928.2      2409.6   Coal      0     -1       29326679      662.39925  2.2586916e-05      22136.709      19.134     -1
    10     14      2409.6        3011   Coal      0     -1       44930335      970.63109  2.1603023e-05      23144.908       20.81     -1
    10     15        3011      3762.6   Coal      0     -1       68434642      1460.7963   2.134586e-05      23423.746      26.016     -1
    10     16      3762.6      4701.8   Coal      0     -1  1.0364475e+08      2321.3562  2.2397238e-05      22324.181      31.555     -1
    10     17      4701.8      5875.5   Coal      0     -1  1.5493392e+08      3950.3099   2.549674e-05       19610.35      34.644     -1
    10     18      5875.5      7342.1   Coal      0     -1  2.3021999e+08       4849.082  2.1062819e-05      23738.513      40.399     -1
    10     19      7342.1      9174.7   Coal      0     -1  3.4123799e+08      6029.4779  1.7669421e-05      28297.474      46.194     -1
    10     20      9174.7       11465   Coal      0     -1  5.0594739e+08      8258.7081  1.6323255e-05      30631.146      59.254     -1
    10     21       11465       14327   Coal      0     -1  7.4104249e+08      12073.336  1.6292367e-05      30689.219      72.673     -1
    10     22       14327       17903   Coal      0     -1  1.0549133e+09      19586.078  1.8566529e-05      26930.181       76.04     -1
    10     23       17903       22372   Coal      0     -1  1.4338995e+09        31549.3  2.2002449e-05      22724.743      96.287     -1
    10     24       22372       27956   Coal      0     -1  1.8226336e+09       46491.15  2.5507677e-05      19601.941       100.7     -1
    10     25       27956       34934   Coal      0     -1  2.1416187e+09       62826.09  2.9335797e-05      17044.023      110.69     -1
    10     26       34934       43654   Coal      0     -1  2.3186607e+09       73145.15  3.1546293e-05      15849.723      117.64     -1
    10     27       43654       54551   Coal      0     -1  2.2725769e+09       79534.64  3.4997558e-05      14286.711      107.36     -1
    10     28       54551       68167   Coal      0     -1  2.0151638e+09       73293.25  3.6370864e-05      13747.267       93.46     -1
    10     29       68167       85183   Coal      0     -1  1.6948038e+09       56768.48  3.3495605e-05      14927.332      79.876     -1
    10     30       85183  1.0645e+05   Coal      0     -1  1.6316655e+09       29818.89  1.8275124e-05      27359.595      73.305     -1
    10     31  1.0645e+05  1.3302e+05   Coal      0     -1  1.7003966e+09      29676.112  1.7452464e-05      28649.249      73.466     -1
    10     32  1.3302e+05       1e+99   Coal      0     -1  4.3400372e+09       73822.23  1.7009585e-05      29395.192      58.278     -1
    10     -1           0       1e+99  Delay     -1     -1  2.5970586e+09              0              0              0           1     -1
    10     -1           0       1e+99   LogL     -1     -1              1      -16435119      -16435119              0           1     -1
    10     -1           0       1e+99 Recomb     -1     -1           4257  1.2771004e-05   3.000001e-09              0           1     -1
    10     -1           0       1e+99 Resamp     -1     -1  2.5970586e+09         760516  0.00029283744              0           1     -1
     9      0           0         133   Coal      0     -1      297229.46      54.439118  0.00018315519      2729.9254       1.372     -1
     9      1         133       166.2   Coal      0     -1      160670.26      4.8634132   3.026953e-05      16518.261      2.5091     -1
     9      2       166.2      207.68   Coal      0     -1      250079.58      2.5879417  1.0348473e-05      48316.309      2.6974     -1
     9      3      207.68      259.53   Coal      0     -1       389227.3      24.956325  6.4117613e-05      7798.1693      2.9776     -1
     9      4      259.53      324.31   Coal      0     -1      599662.18      19.752432  3.2939266e-05      15179.452      3.5171     -1
     9      5      324.31      405.26   Coal      0     -1      928988.17      58.922447  6.3426477e-05      7883.1432      4.5952     -1
     9      6      405.26      506.42   Coal      0     -1      1439714.6      80.762698  5.6096326e-05      8913.2397      4.6881     -1
     9      7      506.42      632.82   Coal      0     -1      2229577.2      103.03493  4.6212765e-05      10819.521      6.7871     -1
     9      8      632.82      790.79   Coal      0     -1      3430326.6      229.19217  6.6813513e-05      7483.5161      7.9391     -1
     9      9      790.79      988.18   Coal      0     -1        5272807      230.94983  4.3800167e-05      11415.481      8.6541     -1
     9     10      988.18      1234.8   Coal      0     -1      8097040.7      315.67423  3.8986371e-05      12824.995      10.172     -1
     9     11      1234.8      1543.1   Coal      0     -1       12447958      369.93593  2.9718603e-05      16824.478      12.567     -1
     9     12      1543.1      1928.2   Coal      0     -1       19150671      532.30139  2.7795443e-05       17988.56      13.987     -1
     9     13      1928.2      2409.6   Coal      0     -1       29364439      671.00701  2.2851008e-05      21880.873      19.605     -1
     9     14      2409.6        3011   Coal      0     -1       44961056      992.96815  2.2085072e-05      22639.727      20.672     -1
     9     15        3011      3762.6   Coal      0     -1       68385498      1488.4116  2.1765017e-05      22972.644      26.696     -1
     9     16      3762.6      4701.8   Coal      0     -1  1.0358313e+08      2365.4074  2.2835836e-05       21895.41      31.851     -1
     9     17      4701.8      5875.5   Coal      0     -1  1.5469148e+08       4011.142  2.5929948e-05      19282.723      33.488     -1
     9     18      5875.5      7342.1   Coal      0     -1   2.296301e+08      4890.6317  2.1297869e-05      23476.528      40.306     -1
     9     19      7342.1      9174.7   Coal      0     -1  3.4048796e+08      6077.2228  1.7848569e-05      28013.451      45.811     -1
     9     20      9174.7       11465   Coal      0     -1  5.0489755e+08      8231.6942  1.6303692e-05        30667.9      57.791     -1
     9     21       11465       14327   Coal      0     -1  7.3995512e+08      11977.652  1.6186998e-05      30888.989      70.538     -1
     9     22       14327       17903   Coal      0     -1  1.0545259e+09      19374.255  1.8372478e-05      27214.619      73.088     -1
     9     23       17903       22372   Coal      0     -1  1.4360008e+09       31257.13  2.1766792e-05      22970.771      95.578     -1
     9     24       22372       27956   Coal      0     -1  1.8287288e+09       46203.21  2.5265206e-05      19790.062      99.684     -1
     9     25       27956       34934   Coal      0     -1  2.1520551e+09       62756.18  2.9161047e-05      17146.161      111.75     -1
     9     26       34934       43654   Coal      0     -1  2.3315891e+09       73414.27  3.1486796e-05      15879.672      119.63     -1
     9     27       43654       54551   Coal      0     -1  2.2844318e+09        80019.6  3.5028228e-05      14274.202      109.81     -1
     9     28       54551       68167   Coal      0     -1  2.0185822e+09       73598.65  3.6460566e-05      13713.446      93.094     -1
     9     29       68167       85183   Coal      0     -1   1.695131e+09       57113.02  3.3692392e-05      14840.145      81.269     -1
     9     30       85183  1.0645e+05   Coal      0     -1  1.6253556e+09       29850.74  1.8365667e-05      27224.712       73.01     -1
     9     31  1.0645e+05  1.3302e+05   Coal      0     -1  1.6853946e+09       29682.81  1.7611787e-05      28390.078      71.833     -1
     9     32  1.3302e+05       1e+99   Coal      0     -1  4.2539184e+09       73187.46  1.7204716e-05      29061.799      56.553     -1
     9     -1           0       1e+99  Delay     -1     -1  2.5970586e+09              0              0              0           1     -1
     9     -1           0       1e+99   LogL     -1     -1              1      -16435191      -16435191              0           1     -1
     9     -1           0       1e+99 Recomb     -1     -1           4257  1.2771004e-05   3.000001e-09              0           1     -1
     9     -1           0       1e+99 Resamp     -1     -1  2.5970586e+09         759259  0.00029235343              0           1     -1
     8      0           0         133   Coal      0     -1      306256.46      56.803462  0.00018547678      2695.7552      1.3749     -1
     8      1         133       166.2   Coal      0     -1       160564.8       5.752814  3.5828612e-05      13955.327      2.3051     -1
     8      2       166.2      207.68   Coal      0     -1      250934.39      3.3162675  1.3215676e-05      37833.858      2.7712     -1
     8      3      207.68      259.53   Coal      0     -1      390600.41      23.993943  6.1428362e-05      8139.5627      2.6912     -1
     8      4      259.53      324.31   Coal      0     -1      605539.83       18.76696  3.0992116e-05      16133.135      3.5418     -1
     8      5      324.31      405.26   Coal      0     -1      933546.37      53.921775  5.7760146e-05      8656.4878       4.369     -1
     8      6      405.26      506.42   Coal      0     -1      1447073.4      83.224527  5.7512303e-05      8693.7919      4.5915     -1
     8      7      506.42      632.82   Coal      0     -1      2237234.3      109.47332  4.8932433e-05      10218.172      6.8947     -1
     8      8      632.82      790.79   Coal      0     -1      3443245.3      220.47148  6.4030139e-05      7808.8226      7.4546     -1
     8      9      790.79      988.18   Coal      0     -1      5276451.5      228.20027  4.3248815e-05      11561.011      8.3809     -1
     8     10      988.18      1234.8   Coal      0     -1      8105014.9      306.52203  3.7818811e-05      13220.934      9.4888     -1
     8     11      1234.8      1543.1   Coal      0     -1       12473485      360.35685   2.888983e-05      17307.128      12.116     -1
     8     12      1543.1      1928.2   Coal      0     -1       19152188      536.67301  2.8021498e-05      17843.443      13.709     -1
     8     13      1928.2      2409.6   Coal      0     -1       29354861      681.85945  2.3228161e-05      21525.595      18.688     -1
     8     14      2409.6        3011   Coal      0     -1       44965865      1012.5115  2.2517336e-05      22205.113      20.118     -1
     8     15        3011      3762.6   Coal      0     -1       68377886      1532.7121  2.2415318e-05      22306.175      26.198     -1
     8     16      3762.6      4701.8   Coal      0     -1  1.0334809e+08      2439.9062  2.3608625e-05        21178.7      31.683     -1
     8     17      4701.8      5875.5   Coal      0     -1  1.5421538e+08      4082.2681  2.6471213e-05      18888.443      33.154     -1
     8     18      5875.5      7342.1   Coal      0     -1  2.2886847e+08      4969.5324  2.1713486e-05      23027.164      39.636     -1
     8     19      7342.1      9174.7   Coal      0     -1  3.3911038e+08      6104.1983  1.8000624e-05      27776.815      47.034     -1
     8     20      9174.7       11465   Coal      0     -1  5.0314135e+08      8212.1393  1.6321734e-05          30634      57.023     -1
     8     21       11465       14327   Coal      0     -1  7.3812067e+08       11851.72  1.6056615e-05      31139.813      69.813     -1
     8     22       14327       17903   Coal      0     -1  1.0537197e+09      19100.918  1.8127133e-05      27582.961       73.96     -1
     8     23       17903       22372   Coal      0     -1  1.4371879e+09        30929.3  2.1520707e-05      23233.438      93.888     -1
     8     24       22372       27956   Coal      0     -1  1.8349713e+09      45820.172  2.4970512e-05      20023.618       98.33     -1
     8     25       27956       34934   Coal      0     -1  2.1647935e+09       62640.54  2.8936034e-05      17279.493      110.17     -1
     8     26       34934       43654   Coal      0     -1  2.3438024e+09       73669.35  3.1431553e-05      15907.582      116.12     -1
     8     27       43654       54551   Coal      0     -1  2.2982353e+09       80596.68  3.5068942e-05       14257.63      110.03     -1
     8     28       54551       68167   Coal      0     -1  2.0225868e+09      73978.782  3.6576321e-05      13670.046      92.268     -1
     8     29       68167       85183   Coal      0     -1  1.6916625e+09      57371.993  3.3914561e-05       14742.93      78.942     -1
     8     30       85183  1.0645e+05   Coal      0     -1  1.6176613e+09      29934.899  1.8505048e-05      27019.655      72.713     -1
     8     31  1.0645e+05  1.3302e+05   Coal      0     -1  1.6776604e+09       29830.86  1.7781227e-05      28119.545      74.361     -1
     8     32  1.3302e+05       1e+99   Coal      0     -1  4.1385216e+09      72197.004   1.744512e-05      28661.311       57.44     -1
     8     -1           0       1e+99  Delay     -1     -1  2.5970586e+09              0              0              0           1     -1
     8     -1           0       1e+99   LogL     -1     -1              1      -16435221      -16435221              0           1     -1
     8     -1           0       1e+99 Recomb     -1     -1           4257  1.2771004e-05   3.000001e-09              0           1     -1
     8     -1           0       1e+99 Resamp     -1     -1  2.5970586e+09         757270  0.00029158756              0           1     -1
     7      0           0         133   Coal      0     -1      300540.83      56.637625  0.00018845235      2653.1906      1.4001     -1
     7      1         133       166.2   Coal      0     -1      158449.75      5.6014482  3.5351575e-05      14143.641       2.193     -1
     7      2       166.2      207.68   Coal      0     -1      249057.61      3.4994719  1.4050853e-05      35585.028      2.3274     -1
     7      3      207.68      259.53   Coal      0     -1      388402.34      25.154063  6.4762904e-05      7720.4691      2.8321     -1
     7      4      259.53      324.31   Coal      0     -1         604461      18.271937   3.022848e-05      16540.693      3.6004     -1
     7      5      324.31      405.26   Coal      0     -1      943620.02      45.771082   4.850584e-05      10308.037      3.9856     -1
     7      6      405.26      506.42   Coal      0     -1      1463937.8      72.514625  4.9533953e-05      10094.086      4.3956     -1
     7      7      506.42      632.82   Coal      0     -1      2241864.3      107.88934  4.8124829e-05      10389.647      6.7827     -1
     7      8      632.82      790.79   Coal      0     -1      3442128.2      211.03946  6.1310751e-05      8155.1766      7.7376     -1
     7      9      790.79      988.18   Coal      0     -1      5278272.2      220.54412  4.1783392e-05      11966.477      8.3595     -1
     7     10      988.18      1234.8   Coal      0     -1      8099299.4      296.72436  3.6635805e-05      13647.851      9.5872     -1
     7     11      1234.8      1543.1   Coal      0     -1       12457798      353.60419  2.8384165e-05      17615.455      12.371     -1
     7     12      1543.1      1928.2   Coal      0     -1       19196588      537.08018  2.7977898e-05       17871.25      13.899     -1
     7     13      1928.2      2409.6   Coal      0     -1       29382601      706.85142  2.4056802e-05      20784.143      18.955     -1
     7     14      2409.6        3011   Coal      0     -1       44985206      1037.3875  2.3060637e-05      21681.968      19.602     -1
     7     15        3011      3762.6   Coal      0     -1       68379321      1572.7922  2.3000991e-05      21738.193      26.143     -1
     7     16      3762.6      4701.8   Coal      0     -1  1.0331894e+08       2509.831  2.4292071e-05      20582.848       32.55     -1
     7     17      4701.8      5875.5   Coal      0     -1  1.5401009e+08      4173.3683  2.7098019e-05      18451.534       33.72     -1
     7     18      5875.5      7342.1   Coal      0     -1   2.281345e+08      5038.5313  2.2085793e-05      22638.988      40.458     -1
     7     19      7342.1      9174.7   Coal      0     -1  3.3803348e+08      6137.3434  1.8156022e-05      27539.072      48.577     -1
     7     20      9174.7       11465   Coal      0     -1  5.0149027e+08      8173.2473  1.6297918e-05      30678.765      59.695     -1
     7     21       11465       14327   Coal      0     -1  7.3626722e+08       11741.89  1.5947864e-05      31352.161      71.042     -1
     7     22       14327       17903   Coal      0     -1  1.0531573e+09      18803.862  1.7854753e-05      28003.748      79.059     -1
     7     23       17903       22372   Coal      0     -1   1.439286e+09        30566.7  2.1237406e-05      23543.365      94.702     -1
     7     24       22372       27956   Coal      0     -1  1.8429624e+09       45422.68  2.4646558e-05      20286.808      98.726     -1
     7     25       27956       34934   Coal      0     -1  2.1773507e+09        62486.6  2.8698455e-05      17422.541      107.41     -1
     7     26       34934       43654   Coal      0     -1  2.3588571e+09       73899.94  3.1328706e-05      15959.804      112.82     -1
     7     27       43654       54551   Coal      0     -1  2.3125952e+09       81223.67  3.5122304e-05      14235.968      110.64     -1
     7     28       54551       68167   Coal      0     -1     2.0294e+09       74516.33  3.6718405e-05      13617.149      94.318     -1
     7     29       68167       85183   Coal      0     -1  1.6882195e+09       57698.69  3.4177245e-05      14629.617      79.719     -1
     7     30       85183  1.0645e+05   Coal      0     -1  1.6073797e+09       29989.96   1.865767e-05       26798.63      70.743     -1
     7     31  1.0645e+05  1.3302e+05   Coal      0     -1  1.6632544e+09       29968.43  1.8017948e-05      27750.108      70.901     -1
     7     32  1.3302e+05       1e+99   Coal      0     -1  4.0191132e+09       71166.67  1.7707058e-05      28237.328      55.486     -1
     7     -1           0       1e+99  Delay     -1     -1  2.5970586e+09              0              0              0           1     -1
     7     -1           0       1e+99   LogL     -1     -1              1      -16435337      -16435337              0           1     -1
     7     -1           0       1e+99 Recomb     -1     -1           4257  1.2771004e-05   3.000001e-09              0           1     -1
     7     -1           0       1e+99 Resamp     -1     -1  2.5970586e+09         757225  0.00029157024              0           1     -1
     6      0           0         133   Coal      0     -1      313006.35      68.355842  0.00021838484      2289.5362      1.4328     -1
     6      1         133       166.2   Coal      0     -1      162752.95      7.5349284  4.6296724e-05        10799.9      2.2822     -1
     6      2       166.2      207.68   Coal      0     -1      251721.45      4.2137115  1.6739581e-05      29869.327      2.5772     -1
     6      3      207.68      259.53   Coal      0     -1      390979.25      22.472164  5.7476616e-05        8699.19       2.793     -1
     6      4      259.53      324.31   Coal      0     -1      607273.39       12.72718  2.0957908e-05      23857.343      3.3328     -1
     6      5      324.31      405.26   Coal      0     -1       943609.4      42.958353  4.5525567e-05       10982.84      4.4523     -1
     6      6      405.26      506.42   Coal      0     -1      1456353.7       71.42077  4.9040815e-05      10195.589      4.6879     -1
     6      7      506.42      632.82   Coal      0     -1      2245351.2      104.43045   4.650963e-05      10750.462      6.7365     -1
     6      8      632.82      790.79   Coal      0     -1      3444273.3      195.54746  5.6774663e-05      8806.7453      7.7894     -1
     6      9      790.79      988.18   Coal      0     -1      5290925.7      229.74169  4.3421833e-05      11514.945      8.1376     -1
     6     10      988.18      1234.8   Coal      0     -1      8133244.7      290.54842  3.5723556e-05      13996.367      10.278     -1
     6     11      1234.8      1543.1   Coal      0     -1       12504949      351.87794  2.8139094e-05      17768.874      12.754     -1
     6     12      1543.1      1928.2   Coal      0     -1       19231271       537.6562  2.7957393e-05      17884.357      14.033     -1
     6     13      1928.2      2409.6   Coal      0     -1       29440246      728.11744  2.4732043e-05      20216.688      17.764     -1
     6     14      2409.6        3011   Coal      0     -1       45026767      1061.8752  2.3583198e-05      21201.535      19.676     -1
     6     15        3011      3762.6   Coal      0     -1       68375816      1626.0055  2.3780419e-05      21025.702      25.537     -1
     6     16      3762.6      4701.8   Coal      0     -1  1.0313985e+08      2587.1864  2.5084255e-05      19932.822       30.67     -1
     6     17      4701.8      5875.5   Coal      0     -1  1.5341207e+08      4263.5974    2.77918e-05      17990.918       33.49     -1
     6     18      5875.5      7342.1   Coal      0     -1  2.2728873e+08       5100.672  2.2441377e-05      22280.273      39.367     -1
     6     19      7342.1      9174.7   Coal      0     -1  3.3677841e+08      6177.2417  1.8342155e-05      27259.611      47.416     -1
     6     20      9174.7       11465   Coal      0     -1  4.9985664e+08      8153.6203  1.6311917e-05      30652.436      58.341     -1
     6     21       11465       14327   Coal      0     -1  7.3444449e+08      11574.074  1.5758949e-05      31728.003      70.497     -1
     6     22       14327       17903   Coal      0     -1  1.0521308e+09      18520.296  1.7602655e-05      28404.806       75.46     -1
     6     23       17903       22372   Coal      0     -1  1.4421821e+09        30178.3  2.0925443e-05      23894.356      98.022     -1
     6     24       22372       27956   Coal      0     -1  1.8506396e+09       44958.48  2.4293482e-05      20581.652      100.77     -1
     6     25       27956       34934   Coal      0     -1  2.1920169e+09       62268.03  2.8406729e-05      17601.463      109.58     -1
     6     26       34934       43654   Coal      0     -1  2.3795959e+09       74207.61  3.1184963e-05      16033.368      116.65     -1
     6     27       43654       54551   Coal      0     -1  2.3282169e+09       81859.24  3.5159629e-05      14220.856      112.45     -1
     6     28       54551       68167   Coal      0     -1  2.0357916e+09       75025.04  3.6853006e-05      13567.414      93.813     -1
     6     29       68167       85183   Coal      0     -1  1.6877308e+09       58255.06  3.4516796e-05      14485.701      80.774     -1
     6     30       85183  1.0645e+05   Coal      0     -1  1.5970317e+09       30105.41  1.8850853e-05      26523.998      72.353     -1
     6     31  1.0645e+05  1.3302e+05   Coal      0     -1  1.6410583e+09       30025.77   1.829659e-05      27327.497       72.98     -1
     6     32  1.3302e+05       1e+99   Coal      0     -1  3.8873163e+09        69960.6  1.7997146e-05      27782.183      57.476     -1
     6     -1           0       1e+99  Delay     -1     -1  2.5970586e+09              0              0              0           1     -1
     6     -1           0       1e+99   LogL     -1     -1              1      -16435395      -16435395              0           1     -1
     6     -1           0       1e+99 Recomb     -1     -1           4257  1.2771004e-05   3.000001e-09              0           1     -1
     6     -1           0       1e+99 Resamp     -1     -1  2.5970586e+09         754441  0.00029049825              0           1     -1
     5      0           0         133   Coal      0     -1      295007.93      58.989454  0.00019995887      2500.5142      1.4419     -1
     5      1         133       166.2   Coal      0     -1      159620.72      8.4670318  5.3044691e-05      9426.0139      2.0701     -1
     5      2       166.2      207.68   Coal      0     -1       246418.3      3.8903682  1.5787659e-05      31670.306      2.9177     -1
     5      3      207.68      259.53   Coal      0     -1      382476.82      17.122249  4.4766763e-05      11169.001      2.7784     -1
     5      4      259.53      324.31   Coal      0     -1      597901.99      11.632921  1.9456233e-05      25698.705      3.4887     -1
     5      5      324.31      405.26   Coal      0     -1      935125.73      38.618585  4.1297746e-05      12107.198      4.5173     -1
     5      6      405.26      506.42   Coal      0     -1        1451877      70.862175  4.8807285e-05      10244.372      4.9578     -1
     5      7      506.42      632.82   Coal      0     -1      2242939.4      91.503679  4.0796323e-05      12256.007      5.4112     -1
     5      8      632.82      790.79   Coal      0     -1        3451925      190.60262  5.5216328e-05      9055.2925      8.0271     -1
     5      9      790.79      988.18   Coal      0     -1      5296472.9      223.83136  4.2260457e-05      11831.391      8.9142     -1
     5     10      988.18      1234.8   Coal      0     -1      8138891.7      300.90283  3.6970984e-05      13524.119      10.759     -1
     5     11      1234.8      1543.1   Coal      0     -1       12493920      371.32482  2.9720442e-05      16823.437      12.365     -1
     5     12      1543.1      1928.2   Coal      0     -1       19175725      552.65163  2.8820378e-05      17348.836      13.764     -1
     5     13      1928.2      2409.6   Coal      0     -1       29322203      753.84487  2.5709012e-05      19448.433      18.538     -1
     5     14      2409.6        3011   Coal      0     -1       44839953      1089.9017  2.4306486e-05      20570.641      19.894     -1
     5     15        3011      3762.6   Coal      0     -1       68029714      1696.8856  2.4943301e-05      20045.462      25.881     -1
     5     16      3762.6      4701.8   Coal      0     -1  1.0258666e+08      2693.1642  2.6252576e-05       19045.75      31.669     -1
     5     17      4701.8      5875.5   Coal      0     -1  1.5257872e+08      4385.6133  2.8743282e-05      17395.369      34.002     -1
     5     18      5875.5      7342.1   Coal      0     -1  2.2585214e+08      5162.7064  2.2858789e-05      21873.425      40.545     -1
     5     19      7342.1      9174.7   Coal      0     -1  3.3454568e+08      6219.0936   1.858967e-05      26896.659      49.292     -1
     5     20      9174.7       11465   Coal      0     -1  4.9689704e+08      8084.8922  1.6270759e-05      30729.973      58.591     -1
     5     21       11465       14327   Coal      0     -1  7.3143736e+08      11405.535  1.5593317e-05      32065.019      73.853     -1
     5     22       14327       17903   Coal      0     -1  1.0502207e+09      18136.749  1.7269464e-05      28952.838      77.434     -1
     5     23       17903       22372   Coal      0     -1  1.4443081e+09        29729.1  2.0583627e-05      24291.151      98.041     -1
     5     24       22372       27956   Coal      0     -1  1.8597899e+09       44433.97   2.389193e-05      20927.568      100.94     -1
     5     25       27956       34934   Coal      0     -1  2.2094863e+09       62018.68  2.8069276e-05      17813.071      109.26     -1
     5     26       34934       43654   Coal      0     -1  2.4000028e+09       74482.57  3.1034368e-05      16111.171      116.43     -1
     5     27       43654       54551   Coal      0     -1  2.3450427e+09       82520.53  3.5189351e-05      14208.844      112.08     -1
     5     28       54551       68167   Coal      0     -1  2.0476347e+09       75775.35  3.7006283e-05      13511.219      96.306     -1
     5     29       68167       85183   Coal      0     -1  1.6856379e+09       58792.85  3.4878696e-05      14335.399      82.228     -1
     5     30       85183  1.0645e+05   Coal      0     -1  1.5875091e+09      30304.755    1.90895e-05       26192.41      72.787     -1
     5     31  1.0645e+05  1.3302e+05   Coal      0     -1  1.6186547e+09      30111.651  1.8602888e-05      26877.548      71.762     -1
     5     32  1.3302e+05       1e+99   Coal      0     -1  3.7404164e+09      68572.862  1.8332948e-05        27273.3      53.713     -1
     5     -1           0       1e+99  Delay     -1     -1  2.5970586e+09              0              0              0           1     -1
     5     -1           0       1e+99   LogL     -1     -1              1      -16435676      -16435676              0           1     -1
     5     -1           0       1e+99 Recomb     -1     -1           4257  1.2771004e-05   3.000001e-09              0           1     -1
     5     -1           0       1e+99 Resamp     -1     -1  2.5970586e+09         752489  0.00028974663              0           1     -1
     4      0           0         133   Coal      0     -1       298452.6      60.209173  0.00020173781      2478.4645      1.4224     -1
     4      1         133       166.2   Coal      0     -1      158769.55      8.1427369  5.1286515e-05      9749.1515      2.1822     -1
     4      2       166.2      207.68   Coal      0     -1      248053.49        4.29979  1.7334124e-05      28844.838      2.6709     -1
     4      3      207.68      259.53   Coal      0     -1      385619.07      11.239865  2.9147587e-05      17154.079      3.3917     -1
     4      4      259.53      324.31   Coal      0     -1      602053.24       11.03406  1.8327383e-05      27281.582      3.3541     -1
     4      5      324.31      405.26   Coal      0     -1      935332.84       37.67162  4.0276165e-05       12414.29      4.0611     -1
     4      6      405.26      506.42   Coal      0     -1      1445531.7      63.204102  4.3723776e-05      11435.426      4.6346     -1
     4      7      506.42      632.82   Coal      0     -1      2239127.9      84.319551  3.7657318e-05      13277.632      6.0761     -1
     4      8      632.82      790.79   Coal      0     -1      3448080.3        188.086  5.4548034e-05      9166.2332      7.5002     -1
     4      9      790.79      988.18   Coal      0     -1      5297864.7      217.46138  4.1046986e-05      12181.162      10.128     -1
     4     10      988.18      1234.8   Coal      0     -1      8142816.4      302.18572  3.7110713e-05      13473.198      9.7326     -1
     4     11      1234.8      1543.1   Coal      0     -1       12492702      385.86782   3.088746e-05      16187.799      12.293     -1
     4     12      1543.1      1928.2   Coal      0     -1       19175937       567.6855  2.9604055e-05      16889.578       14.55     -1
     4     13      1928.2      2409.6   Coal      0     -1       29315905      790.69879  2.6971665e-05      18537.973      17.681     -1
     4     14      2409.6        3011   Coal      0     -1       44812953      1138.4148    2.54037e-05      19682.172      19.352     -1
     4     15        3011      3762.6   Coal      0     -1       67888985      1776.4623  2.6167166e-05      19107.916      28.134     -1
     4     16      3762.6      4701.8   Coal      0     -1  1.0222512e+08      2826.8065  2.7652759e-05      18081.378      28.755     -1
     4     17      4701.8      5875.5   Coal      0     -1  1.5162892e+08      4550.3778  3.0009959e-05      16661.136       33.99     -1
     4     18      5875.5      7342.1   Coal      0     -1  2.2424178e+08      5271.8815  2.3509809e-05      21267.718       40.65     -1
     4     19      7342.1      9174.7   Coal      0     -1  3.3212332e+08      6253.8163  1.8829802e-05      26553.652      48.879     -1
     4     20      9174.7       11465   Coal      0     -1  4.9394134e+08      8011.2537  1.6219038e-05      30827.968      58.849     -1
     4     21       11465       14327   Coal      0     -1  7.2847025e+08      11219.612  1.5401607e-05      32464.146      73.368     -1
     4     22       14327       17903   Coal      0     -1  1.0486019e+09       17739.12  1.6916925e-05      29556.199      77.548     -1
     4     23       17903       22372   Coal      0     -1   1.446338e+09       29223.87  2.0205422e-05      24745.833      99.674     -1
     4     24       22372       27956   Coal      0     -1  1.8688664e+09       43817.22  2.3445882e-05      21325.707      102.14     -1
     4     25       27956       34934   Coal      0     -1  2.2284281e+09       61727.33  2.7699942e-05      18050.579      110.14     -1
     4     26       34934       43654   Coal      0     -1  2.4240506e+09       74731.88   3.082934e-05      16218.317      118.94     -1
     4     27       43654       54551   Coal      0     -1  2.3662939e+09       83263.08  3.5187125e-05      14209.743      116.16     -1
     4     28       54551       68167   Coal      0     -1  2.0607937e+09       76615.11  3.7177477e-05      13449.003      98.208     -1
     4     29       68167       85183   Coal      0     -1  1.6829729e+09       59356.38  3.5268767e-05      14176.849      80.952     -1
     4     30       85183  1.0645e+05   Coal      0     -1  1.5754407e+09       30536.87  1.9383065e-05      25795.714      72.552     -1
     4     31  1.0645e+05  1.3302e+05   Coal      0     -1  1.5933935e+09      30240.729   1.897882e-05      26345.157      72.857     -1
     4     32  1.3302e+05       1e+99   Coal      0     -1  3.5831746e+09        67068.4  1.8717592e-05      26712.838      54.483     -1
     4     -1           0       1e+99  Delay     -1     -1  2.5970586e+09              0              0              0           1     -1
     4     -1           0       1e+99   LogL     -1     -1              1      -16435826      -16435826              0           1     -1
     4     -1           0       1e+99 Recomb     -1     -1           4257  1.2771004e-05   3.000001e-09              0           1     -1
     4     -1           0       1e+99 Resamp     -1     -1  2.5970586e+09         748699  0.00028828729              0           1     -1
     3      0           0         133   Coal      0     -1      309015.46      52.472692  0.00016980604       2944.536      1.4642     -1
     3      1         133       166.2   Coal      0     -1      164980.79      5.6259027   3.410035e-05      14662.606       2.188     -1
     3      2       166.2      207.68   Coal      0     -1      255766.13      2.1742437  8.5009056e-06      58817.263      2.6766     -1
     3      3      207.68      259.53   Coal      0     -1      397751.96      8.4289497  2.1191473e-05      23594.396      3.4324     -1
     3      4      259.53      324.31   Coal      0     -1      613554.38      9.8708823  1.6088032e-05      31079.004      3.6482     -1
     3      5      324.31      405.26   Coal      0     -1      947603.53      32.394364  3.4185567e-05      14626.055      4.0894     -1
     3      6      405.26      506.42   Coal      0     -1      1460885.9       60.09412  4.1135396e-05      12154.982      5.3105     -1
     3      7      506.42      632.82   Coal      0     -1      2251634.2      84.579035  3.7563399e-05       13310.83      5.7361     -1
     3      8      632.82      790.79   Coal      0     -1      3450726.4      187.22767  5.4257465e-05      9215.3217       7.234     -1
     3      9      790.79      988.18   Coal      0     -1      5301184.1      219.06947   4.132463e-05      12099.322       8.431     -1
     3     10      988.18      1234.8   Coal      0     -1      8148097.5        299.157  3.6714951e-05       13618.43      12.318     -1
     3     11      1234.8      1543.1   Coal      0     -1       12513670      397.01437  3.1726453e-05      15759.719      13.642     -1
     3     12      1543.1      1928.2   Coal      0     -1       19207240       578.1549  3.0100883e-05      16610.808      14.642     -1
     3     13      1928.2      2409.6   Coal      0     -1       29359320      833.39804  2.8386149e-05      17614.224      16.452     -1
     3     14      2409.6        3011   Coal      0     -1       44717974      1209.3773  2.7044546e-05      18488.016      21.891     -1
     3     15        3011      3762.6   Coal      0     -1       67650927      1879.6487  2.7784523e-05       17995.63       27.63     -1
     3     16      3762.6      4701.8   Coal      0     -1   1.015985e+08      2960.5703  2.9139903e-05      17158.602      27.808     -1
     3     17      4701.8      5875.5   Coal      0     -1  1.5037748e+08      4709.0574  3.1314911e-05      15966.835      34.941     -1
     3     18      5875.5      7342.1   Coal      0     -1  2.2207314e+08      5408.3957  2.4354118e-05      20530.408      41.262     -1
     3     19      7342.1      9174.7   Coal      0     -1  3.2907256e+08      6290.0781  1.9114563e-05      26158.066      51.586     -1
     3     20      9174.7       11465   Coal      0     -1  4.8989208e+08      7921.5985  1.6170089e-05      30921.289      57.924     -1
     3     21       11465       14327   Coal      0     -1  7.2488726e+08      11006.638  1.5183931e-05      32929.549      81.307     -1
     3     22       14327       17903   Coal      0     -1  1.0459545e+09      17254.069  1.6496004e-05      30310.372      78.912     -1
     3     23       17903       22372   Coal      0     -1  1.4477514e+09        28625.6  1.9772455e-05      25287.704      100.29     -1
     3     24       22372       27956   Coal      0     -1  1.8789687e+09        43178.5  2.2979893e-05      21758.152      105.95     -1
     3     25       27956       34934   Coal      0     -1  2.2484387e+09       61334.31  2.7278623e-05      18329.371      112.36     -1
     3     26       34934       43654   Coal      0     -1  2.4504802e+09        74950.5  3.0586045e-05      16347.324      117.46     -1
     3     27       43654       54551   Coal      0     -1  2.3924948e+09       84179.02  3.5184619e-05      14210.755      116.01     -1
     3     28       54551       68167   Coal      0     -1  2.0764868e+09       77626.89  3.7383763e-05      13374.791      99.523     -1
     3     29       68167       85183   Coal      0     -1  1.6763776e+09       59916.94  3.5741911e-05      13989.179      80.299     -1
     3     30       85183  1.0645e+05   Coal      0     -1  1.5583287e+09       30758.29  1.9737998e-05      25331.849      71.707     -1
     3     31  1.0645e+05  1.3302e+05   Coal      0     -1  1.5633122e+09       30314.67  1.9391309e-05      25784.747      72.354     -1
     3     32  1.3302e+05       1e+99   Coal      0     -1   3.420077e+09      65500.149   1.915166e-05      26107.398      55.805     -1
     3     -1           0       1e+99  Delay     -1     -1  2.5970586e+09              0              0              0           1     -1
     3     -1           0       1e+99   LogL     -1     -1              1      -16436179      -16436179              0           1     -1
     3     -1           0       1e+99 Recomb     -1     -1           4257  1.2771004e-05   3.000001e-09              0           1     -1
     3     -1           0       1e+99 Resamp     -1     -1  2.5970586e+09         745202  0.00028694077              0           1     -1
     2      0           0         133   Coal      0     -1      304067.19      40.521895  0.00013326625      3751.8876      1.5381     -1
     2      1         133       166.2   Coal      0     -1      160242.26      4.8049176  2.9985333e-05      16674.819      2.2805     -1
     2      2       166.2      207.68   Coal      0     -1      248618.15      1.8668092  7.5087406e-06      66589.063      2.3094     -1
     2      3      207.68      259.53   Coal      0     -1      389215.77      8.3504606  2.1454579e-05      23305.048      2.8536     -1
     2      4      259.53      324.31   Coal      0     -1      604466.33      11.221105  1.8563656e-05       26934.35      3.4555     -1
     2      5      324.31      405.26   Coal      0     -1      935438.76      23.768241  2.5408655e-05      19678.334      3.8411     -1
     2      6      405.26      506.42   Coal      0     -1      1452608.2      49.640635   3.417345e-05      14631.241      5.2241     -1
     2      7      506.42      632.82   Coal      0     -1      2253862.6      80.566619  3.5746021e-05      13987.571      6.5095     -1
     2      8      632.82      790.79   Coal      0     -1      3469004.2      176.58995  5.0905085e-05      9822.2015      7.4961     -1
     2      9      790.79      988.18   Coal      0     -1      5317956.6      214.32805  4.0302708e-05      12406.114      8.7934     -1
     2     10      988.18      1234.8   Coal      0     -1      8170032.2      305.85648  3.7436386e-05       13355.99      10.023     -1
     2     11      1234.8      1543.1   Coal      0     -1       12514567      423.81879  3.3866038e-05      14764.053      14.565     -1
     2     12      1543.1      1928.2   Coal      0     -1       19179530      617.24611  3.2182546e-05      15536.372      14.525     -1
     2     13      1928.2      2409.6   Coal      0     -1       29270522      891.28519  3.0449924e-05      16420.402      16.934     -1
     2     14      2409.6        3011   Coal      0     -1       44601249      1295.5235  2.9046799e-05      17213.601      22.322     -1
     2     15        3011      3762.6   Coal      0     -1       67317020      2010.2143  2.9861903e-05      16743.742      26.395     -1
     2     16      3762.6      4701.8   Coal      0     -1  1.0082701e+08      3119.8129  3.0942234e-05      16159.143      29.141     -1
     2     17      4701.8      5875.5   Coal      0     -1  1.4892125e+08       4911.573  3.2981008e-05       15160.24      34.441     -1
     2     18      5875.5      7342.1   Coal      0     -1  2.1960098e+08        5526.51  2.5166145e-05      19867.962      41.471     -1
     2     19      7342.1      9174.7   Coal      0     -1  3.2562509e+08      6295.0228  1.9332119e-05      25863.694      52.485     -1
     2     20      9174.7       11465   Coal      0     -1   4.855815e+08      7810.8656  1.6085591e-05      31083.719      55.787     -1
     2     21       11465       14327   Coal      0     -1  7.1982483e+08      10753.661  1.4939275e-05      33468.826      73.135     -1
     2     22       14327       17903   Coal      0     -1  1.0437949e+09      16785.775  1.6081488e-05      31091.651       83.66     -1
     2     23       17903       22372   Coal      0     -1  1.4500752e+09      27957.202  1.9279829e-05      25933.839      100.55     -1
     2     24       22372       27956   Coal      0     -1  1.8901119e+09       42433.96  2.2450502e-05      22271.217      104.19     -1
     2     25       27956       34934   Coal      0     -1  2.2700732e+09       60869.56  2.6813919e-05      18647.032      109.86     -1
     2     26       34934       43654   Coal      0     -1  2.4823459e+09        75194.7   3.029179e-05      16506.122      117.71     -1
     2     27       43654       54551   Coal      0     -1  2.4228363e+09       85177.19  3.5155982e-05       14222.33      117.75     -1
     2     28       54551       68167   Coal      0     -1  2.0913108e+09       78676.26  3.7620549e-05      13290.609      100.19     -1
     2     29       68167       85183   Coal      0     -1  1.6858197e+09        61135.4  3.6264495e-05       13787.59      84.178     -1
     2     30       85183  1.0645e+05   Coal      0     -1  1.5453013e+09       31119.97  2.0138448e-05       24828.13      73.324     -1
     2     31  1.0645e+05  1.3302e+05   Coal      0     -1  1.5284057e+09      30354.389  1.9860165e-05      25176.025       71.33     -1
     2     32  1.3302e+05       1e+99   Coal      0     -1  3.2406907e+09       63708.49  1.9658923e-05      25433.743      54.776     -1
     2     -1           0       1e+99  Delay     -1     -1  2.5970586e+09              0              0              0           1     -1
     2     -1           0       1e+99   LogL     -1     -1              1      -16436515      -16436515              0           1     -1
     2     -1           0       1e+99 Recomb     -1     -1           4257  1.2771004e-05   3.000001e-09              0           1     -1
     2     -1           0       1e+99 Resamp     -1     -1  2.5970586e+09         740780  0.00028523807              0           1     -1
     1      0           0         133   Coal      0     -1         306198      26.481283  8.6484182e-05      5781.4041      1.7178     -1
     1      1         133       166.2   Coal      0     -1      164637.02      3.7887268  2.3012606e-05      21727.222      2.3571     -1
     1      2       166.2      207.68   Coal      0     -1      252143.92     0.97852226  3.8808085e-06      128839.13      2.5223     -1
     1      3      207.68      259.53   Coal      0     -1      388268.07      7.7650827  1.9999282e-05      25000.897       3.838     -1
     1      4      259.53      324.31   Coal      0     -1      603937.02      7.2558436  1.2014239e-05      41617.285      3.4595     -1
     1      5      324.31      405.26   Coal      0     -1       940784.1      21.318333  2.2660175e-05      22065.143      3.9827     -1
     1      6      405.26      506.42   Coal      0     -1      1456163.6      39.120674  2.6865577e-05      18611.177      5.3377     -1
     1      7      506.42      632.82   Coal      0     -1      2250603.8      74.406103  3.3060507e-05      15123.785      5.7899     -1
     1      8      632.82      790.79   Coal      0     -1      3468091.4      169.04278  4.8742308e-05      10258.029      7.1758     -1
     1      9      790.79      988.18   Coal      0     -1      5323047.5      211.17804  3.9672395e-05      12603.222      9.3314     -1
     1     10      988.18      1234.8   Coal      0     -1      8167759.5      310.96407  3.8072139e-05      13132.963      9.9502     -1
     1     11      1234.8      1543.1   Coal      0     -1       12517339      451.72149  3.6087661e-05      13855.151      13.539     -1
     1     12      1543.1      1928.2   Coal      0     -1       19136767      652.20705   3.408136e-05      14670.776      17.354     -1
     1     13      1928.2      2409.6   Coal      0     -1       29166131       957.5621  3.2831304e-05      15229.368      16.574     -1
     1     14      2409.6        3011   Coal      0     -1       44305399      1414.7754  3.1932348e-05      15658.103      20.319     -1
     1     15        3011      3762.6   Coal      0     -1       66755382      2179.8762  3.2654688e-05      15311.737      25.649     -1
     1     16      3762.6      4701.8   Coal      0     -1       99747298      3338.6448   3.347103e-05      14938.292      32.645     -1
     1     17      4701.8      5875.5   Coal      0     -1  1.4689702e+08      5152.5098   3.507566e-05      14254.899      33.157     -1
     1     18      5875.5      7342.1   Coal      0     -1  2.1640085e+08      5689.7458  2.6292623e-05      19016.741      39.819     -1
     1     19      7342.1      9174.7   Coal      0     -1  3.2116054e+08      6318.5669  1.9674169e-05      25414.034      51.115     -1
     1     20      9174.7       11465   Coal      0     -1  4.8014867e+08      7692.3993   1.602087e-05      31209.292      61.689     -1
     1     21       11465       14327   Coal      0     -1    7.13497e+08      10473.129  1.4678588e-05      34063.221      72.041     -1
     1     22       14327       17903   Coal      0     -1  1.0389654e+09      16213.397  1.5605329e-05      32040.338      89.209     -1
     1     23       17903       22372   Coal      0     -1  1.4497606e+09      27179.985  1.8747913e-05      26669.636      103.48     -1
     1     24       22372       27956   Coal      0     -1  1.9005762e+09       41506.43  2.1838867e-05      22894.961      106.45     -1
     1     25       27956       34934   Coal      0     -1  2.2939022e+09       60254.18  2.6267109e-05      19035.212      109.07     -1
     1     26       34934       43654   Coal      0     -1  2.5196081e+09       75464.76  2.9950991e-05      16693.939       119.4     -1
     1     27       43654       54551   Coal      0     -1  2.4541811e+09       86187.11   3.511848e-05      14237.518      118.84     -1
     1     28       54551       68167   Coal      0     -1  2.1057613e+09       79747.07  3.7870898e-05       13202.75      101.75     -1
     1     29       68167       85183   Coal      0     -1  1.6847787e+09       62205.26  3.6921918e-05      13542.092      87.099     -1
     1     30       85183  1.0645e+05   Coal      0     -1  1.5188306e+09        31335.5  2.0631333e-05      24234.983      73.278     -1
     1     31  1.0645e+05  1.3302e+05   Coal      0     -1  1.4829258e+09      30315.936  2.0443326e-05       24457.86       70.38     -1
     1     32  1.3302e+05       1e+99   Coal      0     -1  3.0452015e+09       61719.78  2.0267881e-05      24669.575      55.936     -1
     1     -1           0       1e+99  Delay     -1     -1  2.5970586e+09              0              0              0           1     -1
     1     -1           0       1e+99   LogL     -1     -1              1      -16437008      -16437008              0           1     -1
     1     -1           0       1e+99 Recomb     -1     -1           4257  1.2771004e-05   3.000001e-09              0           1     -1
     1     -1           0       1e+99 Resamp     -1     -1  2.5970586e+09         736212  0.00028347916              0           1     -1
     0      0           0         133   Coal      0     -1      301655.72      10.784305  3.5750376e-05      13985.867      1.4167     -1
     0      1         133       166.2   Coal      0     -1      162543.96      1.6570612  1.0194542e-05      49045.854      2.4192     -1
     0      2       166.2      207.68   Coal      0     -1      251549.38      1.3981592  5.5581897e-06      89957.347      2.6158     -1
     0      3      207.68      259.53   Coal      0     -1      392928.61       6.105479  1.5538393e-05       32178.36      2.6588     -1
     0      4      259.53      324.31   Coal      0     -1      612192.56      6.7321212  1.0996738e-05      45468.029      3.7393     -1
     0      5      324.31      405.26   Coal      0     -1      946769.11       14.09489  1.4887357e-05      33585.544      3.8321     -1
     0      6      405.26      506.42   Coal      0     -1      1462522.1      30.606978  2.0927531e-05      23891.973      6.3248     -1
     0      7      506.42      632.82   Coal      0     -1      2264649.2      66.197929  2.9230985e-05      17105.137      6.1842     -1
     0      8      632.82      790.79   Coal      0     -1      3485835.6      152.66422  4.3795589e-05      11416.675      6.7354     -1
     0      9      790.79      988.18   Coal      0     -1      5345362.1      210.18341  3.9320706e-05      12715.947      9.2047     -1
     0     10      988.18      1234.8   Coal      0     -1      8191410.3       322.3595  3.9353358e-05      12705.396      10.465     -1
     0     11      1234.8      1543.1   Coal      0     -1       12514801      481.96254  3.8511404e-05      12983.167      11.793     -1
     0     12      1543.1      1928.2   Coal      0     -1       19090712      709.31303  3.7154876e-05      13457.184      15.354     -1
     0     13      1928.2      2409.6   Coal      0     -1       29034253      1054.1238  3.6306214e-05      13771.747      16.207     -1
     0     14      2409.6        3011   Coal      0     -1       43928568       1563.314  3.5587638e-05      14049.822      20.855     -1
     0     15        3011      3762.6   Coal      0     -1       65984878      2390.7219  3.6231361e-05      13800.199      26.231     -1
     0     16      3762.6      4701.8   Coal      0     -1       98272424      3606.0697  3.6694625e-05      13625.974      31.308     -1
     0     17      4701.8      5875.5   Coal      0     -1  1.4442033e+08      5458.6903  3.7797244e-05      13228.478      32.053     -1
     0     18      5875.5      7342.1   Coal      0     -1  2.1245184e+08        5859.19  2.7578909e-05      18129.796      40.453     -1
     0     19      7342.1      9174.7   Coal      0     -1  3.1555798e+08      6342.9089  2.0100613e-05      24874.863      50.876     -1
     0     20      9174.7       11465   Coal      0     -1  4.7295945e+08      7543.2042  1.5948945e-05      31350.036      58.448     -1
     0     21       11465       14327   Coal      0     -1  7.0586258e+08       10129.01  1.4349833e-05      34843.612      67.985     -1
     0     22       14327       17903   Coal      0     -1  1.0325215e+09      15614.496  1.5122683e-05      33062.915      82.984     -1
     0     23       17903       22372   Coal      0     -1   1.448007e+09       26307.35  1.8167971e-05      27520.959      97.815     -1
     0     24       22372       27956   Coal      0     -1   1.915267e+09      40591.366  2.1193581e-05      23592.049      119.08     -1
     0     25       27956       34934   Coal      0     -1   2.322279e+09       59537.13  2.5637372e-05      19502.779      115.66     -1
     0     26       34934       43654   Coal      0     -1   2.556382e+09       75588.21  2.9568433e-05      16909.925       121.8     -1
     0     27       43654       54551   Coal      0     -1  2.4930055e+09        87324.5  3.5027801e-05      14274.376      120.99     -1
     0     28       54551       68167   Coal      0     -1  2.1299662e+09       81198.09  3.8121773e-05      13115.864      103.49     -1
     0     29       68167       85183   Coal      0     -1   1.679695e+09      63185.483  3.7617236e-05      13291.779      85.532     -1
     0     30       85183  1.0645e+05   Coal      0     -1  1.4993963e+09      31781.825  2.1196414e-05      23588.895      72.977     -1
     0     31  1.0645e+05  1.3302e+05   Coal      0     -1  1.4422351e+09       30414.75  2.1088621e-05      23709.469      71.285     -1
     0     32  1.3302e+05       1e+99   Coal      0     -1  2.8282804e+09      59387.412   2.099771e-05      23812.121      56.741     -1
     0     -1           0       1e+99  Delay     -1     -1  2.5970586e+09              0              0              0           1     -1
     0     -1           0       1e+99   LogL     -1     -1              1      -16437735      -16437735              0           1     -1
     0     -1           0       1e+99 Recomb     -1     -1           4257  1.2771004e-05   3.000001e-09              0           1     -1
     0     -1           0       1e+99 Resamp     -1     -1  2.5970586e+09         731283  0.00028158124              0           1     -1
