  Iter  Epoch       Start         End   Type   From     To            Opp          Count           Rate             Ne         ESS  Clump
    10      0           0         133   Coal      0     -1       288920.1      143.17064  0.00049553714      1009.0061      1.3477     -1
    10      1         133       166.2   Coal      0     -1      151427.85      16.703163  0.00011030443      4532.9093      2.1328     -1
    10      2       166.2      207.68   Coal      0     -1      235560.09      5.6033139  2.3787195e-05      21019.712       2.513     -1
    10      3      207.68      259.53   Coal      0     -1      363788.45       31.99544  8.7950677e-05      5685.0046      3.1809     -1
    10      4      259.53      324.31   Coal      0     -1      563556.79      36.519431  6.4801688e-05      7715.8484      3.2361     -1
    10      5      324.31      405.26   Coal      0     -1      881141.28      49.051469  5.5668109e-05      8981.8032      3.8777     -1
    10      6      405.26      506.42   Coal      0     -1      1360805.2       103.7434  7.6236779e-05      6558.5142      4.3532     -1
    10      7      506.42      632.82   Coal      0     -1      2088887.6      252.50701  0.00012088109      4136.2962      6.2287     -1
    10      8      632.82      790.79   Coal      0     -1      3142526.6      437.07928  0.00013908531       3594.916      7.6993     -1
    10      9      790.79      988.18   Coal      0     -1      4722715.9      428.90499  9.0817443e-05      5505.5503      8.4736     -1
    10     10      988.18      1234.8   Coal      0     -1      7167342.1      475.47189  6.6338663e-05      7537.0829      10.412     -1
    10     11      1234.8      1543.1   Coal      0     -1       10973051      523.48357   4.770629e-05      10480.798      13.281     -1
    10     12      1543.1      1928.2   Coal      0     -1       16850676      600.50422  3.5636804e-05      14030.439       14.26     -1
    10     13      1928.2      2409.6   Coal      0     -1       25920140       665.5102  2.5675409e-05      19473.886      18.884     -1
    10     14      2409.6        3011   Coal      0     -1       39885373      963.57719   2.415866e-05      20696.512      20.412     -1
    10     15        3011      3762.6   Coal      0     -1       60974572      1340.1034   2.197807e-05       22749.95      23.058     -1
    10     16      3762.6      4701.8   Coal      0     -1       92543932      2125.4955  2.2967421e-05      21769.967      27.303     -1
    10     17      4701.8      5875.5   Coal      0     -1  1.3876006e+08      3559.5595  2.5652623e-05      19491.184      33.911     -1
    10     18      5875.5      7342.1   Coal      0     -1  2.0645124e+08      4540.2016  2.1991642e-05      22735.911      39.293     -1
    10     19      7342.1      9174.7   Coal      0     -1  3.0582842e+08      5643.9788  1.8454723e-05      27093.336      45.886     -1
    10     20      9174.7       11465   Coal      0     -1  4.5261931e+08      7826.9393  1.7292544e-05      28914.196      56.438     -1
    10     21       11465       14327   Coal      0     -1  6.6105404e+08       11337.26  1.7150277e-05      29154.048      66.865     -1
    10     22       14327       17903   Coal      0     -1  9.3929758e+08      18042.622  1.9208632e-05      26029.963       79.44     -1
    10     23       17903       22372   Coal      0     -1  1.2668975e+09      29348.974  2.3166021e-05      21583.335      84.323     -1
    10     24       22372       27956   Coal      0     -1  1.6044264e+09      41907.083  2.6119667e-05      19142.664      98.242     -1
    10     25       27956       34934   Coal      0     -1  1.8813677e+09      56122.282  2.9830577e-05      16761.325      107.93     -1
    10     26       34934       43654   Coal      0     -1  2.0301271e+09      64997.319  3.2016379e-05      15617.007      109.38     -1
    10     27       43654       54551   Coal      0     -1  1.9989251e+09      70270.228  3.5154007e-05       14223.13      106.66     -1
    10     28       54551       68167   Coal      0     -1    1.75883e+09      64678.568  3.6773632e-05      13596.699      87.715     -1
    10     29       68167       85183   Coal      0     -1  1.4813824e+09       49678.42  3.3535176e-05      14909.718      76.159     -1
    10     30       85183  1.0645e+05   Coal      0     -1  1.4212652e+09      26129.489  1.8384668e-05      27196.575      69.375     -1
    10     31  1.0645e+05  1.3302e+05   Coal      0     -1   1.469431e+09        25860.4  1.7598921e-05      28410.833      68.458     -1
    10     32  1.3302e+05       1e+99   Coal      0     -1  3.6952703e+09       63502.92  1.7184919e-05      29095.279      53.554     -1
    10     -1           0       1e+99  Delay     -1     -1  2.5863037e+09              0              0              0           1     -1
    10     -1           0       1e+99   LogL     -1     -1              1      -14627513      -14627513              0           1     -1
    10     -1           0       1e+99 Recomb     -1     -1           4884  1.4652005e-05   3.000001e-09              0           1     -1
    10     -1           0       1e+99 Resamp     -1     -1  2.5863037e+09         687464  0.00026580947              0           1     -1
     9      0           0         133   Coal      0     -1      289023.04      139.08309    0.000481218      1039.0301      1.3404     -1
     9      1         133       166.2   Coal      0     -1      148363.78       13.60419  9.1694818e-05      5452.8708      2.2933     -1
     9      2       166.2      207.68   Coal      0     -1      231754.49         7.4201  3.2017071e-05      15616.669      2.5383     -1
     9      3      207.68      259.53   Coal      0     -1      363031.92      27.467464  7.5661291e-05       6608.399      2.8949     -1
     9      4      259.53      324.31   Coal      0     -1      571253.81      38.926228  6.8141739e-05      7337.6466      3.4912     -1
     9      5      324.31      405.26   Coal      0     -1      884678.85      48.383068  5.4689979e-05      9142.4427      3.6074     -1
     9      6      405.26      506.42   Coal      0     -1      1361711.5      109.53405  8.0438514e-05      6215.9279      4.3985     -1
     9      7      506.42      632.82   Coal      0     -1      2078301.9      232.24451  0.00011174725      4474.3831      6.5115     -1
     9      8      632.82      790.79   Coal      0     -1      3135669.4      417.93826  0.00013328518      3751.3548      6.9966     -1
     9      9      790.79      988.18   Coal      0     -1      4739837.1      424.72893  8.9608338e-05      5579.8379      8.1811     -1
     9     10      988.18      1234.8   Coal      0     -1      7212534.3      478.90091  6.6398424e-05      7530.2992      9.8496     -1
     9     11      1234.8      1543.1   Coal      0     -1       11039074       526.1052  4.7658452e-05      10491.318      12.224     -1
     9     12      1543.1      1928.2   Coal      0     -1       16917825      595.41931  3.5194792e-05      14206.648      14.007     -1
     9     13      1928.2      2409.6   Coal      0     -1       25982086      684.00072  2.6325859e-05      18992.733      16.819     -1
     9     14      2409.6        3011   Coal      0     -1       39876125      993.89677  2.4924607e-05      20060.497      21.533     -1
     9     15        3011      3762.6   Coal      0     -1       60884509      1377.7782  2.2629373e-05      22095.177      22.927     -1
     9     16      3762.6      4701.8   Coal      0     -1       92410467      2173.4339  2.3519348e-05      21259.093      26.361     -1
     9     17      4701.8      5875.5   Coal      0     -1  1.3852229e+08      3632.8675  2.6225869e-05      19065.145      34.344     -1
     9     18      5875.5      7342.1   Coal      0     -1  2.0585718e+08      4597.2499   2.233223e-05      22389.166      38.616     -1
     9     19      7342.1      9174.7   Coal      0     -1  3.0478436e+08      5664.7218  1.8585999e-05      26901.971      46.451     -1
     9     20      9174.7       11465   Coal      0     -1  4.5116143e+08       7790.048  1.7266653e-05      28957.551      54.396     -1
     9     21       11465       14327   Coal      0     -1   6.595347e+08      11226.367  1.7021647e-05      29374.362      67.252     -1
     9     22       14327       17903   Coal      0     -1  9.3800209e+08      17833.681   1.901241e-05      26298.612      76.569     -1
     9     23       17903       22372   Coal      0     -1  1.2683695e+09      29035.756   2.289219e-05       21841.51      82.986     -1
     9     24       22372       27956   Coal      0     -1  1.6110019e+09      41624.897  2.5837895e-05      19351.422      97.661     -1
     9     25       27956       34934   Coal      0     -1  1.8921922e+09      56085.962  2.9640732e-05      16868.679      107.01     -1
     9     26       34934       43654   Coal      0     -1  2.0433924e+09      65265.147  3.1939606e-05      15654.545       111.1     -1
     9     27       43654       54551   Coal      0     -1  2.0081835e+09      70783.566   3.524756e-05      14185.379      107.93     -1
     9     28       54551       68167   Coal      0     -1   1.760257e+09      64921.884   3.688205e-05       13556.73      89.598     -1
     9     29       68167       85183   Coal      0     -1   1.478056e+09      49911.496  3.3768339e-05      14806.769      79.334     -1
     9     30       85183  1.0645e+05   Coal      0     -1  1.4163266e+09      26204.886  1.8502008e-05      27024.094      71.912     -1
     9     31  1.0645e+05  1.3302e+05   Coal      0     -1  1.4564274e+09       25851.79  1.7750139e-05      28168.793       70.46     -1
     9     32  1.3302e+05       1e+99   Coal      0     -1  3.6034263e+09      62683.859  1.7395627e-05      28742.857      56.748     -1
     9     -1           0       1e+99  Delay     -1     -1  2.5863037e+09              0              0              0           1     -1
     9     -1           0       1e+99   LogL     -1     -1              1      -14627602      -14627602              0           1     -1
     9     -1           0       1e+99 Recomb     -1     -1           4884  1.4652005e-05   3.000001e-09              0           1     -1
     9     -1           0       1e+99 Resamp     -1     -1  2.5863037e+09         686509  0.00026544021              0           1     -1
     8      0           0         133   Coal      0     -1      291341.99      135.89816   0.0004664558      1071.9129      1.3504     -1
     8      1         133       166.2   Coal      0     -1      150719.07      13.393706  8.8865372e-05      5626.4886      2.3101     -1
     8      2       166.2      207.68   Coal      0     -1      234924.27      9.1502538  3.8949802e-05      12837.036      2.4759     -1
     8      3      207.68      259.53   Coal      0     -1      368432.58      28.861972  7.8337188e-05      6382.6647      3.0975     -1
     8      4      259.53      324.31   Coal      0     -1      571149.84      41.364453   7.242312e-05      6903.8727      3.1346     -1
     8      5      324.31      405.26   Coal      0     -1       887527.5      43.070248  4.8528353e-05      10303.255      3.5993     -1
     8      6      405.26      506.42   Coal      0     -1      1370902.6      106.06289    7.73672e-05      6462.6871      4.2611     -1
     8      7      506.42      632.82   Coal      0     -1      2092604.2      221.87389  0.00010602765      4715.7512      6.2318     -1
     8      8      632.82      790.79   Coal      0     -1      3166932.6      391.95385  0.00012376451      4039.9305      7.0195     -1
     8      9      790.79      988.18   Coal      0     -1      4788369.2      416.85985  8.7056749e-05      5743.3801      8.2967     -1
     8     10      988.18      1234.8   Coal      0     -1      7263361.4      471.02696  6.4849721e-05      7710.1334      10.055     -1
     8     11      1234.8      1543.1   Coal      0     -1       11082871      514.27116  4.6402342e-05      10775.318      12.404     -1
     8     12      1543.1      1928.2   Coal      0     -1       16970840      591.01179  3.4825136e-05      14357.446      14.655     -1
     8     13      1928.2      2409.6   Coal      0     -1       26078207       694.3727   2.662655e-05      18778.249      17.042     -1
     8     14      2409.6        3011   Coal      0     -1       40030197      1023.0644  2.5557317e-05      19563.869      19.509     -1
     8     15        3011      3762.6   Coal      0     -1       61033681       1434.088  2.3496666e-05      21279.615      22.713     -1
     8     16      3762.6      4701.8   Coal      0     -1       92549629      2239.8061  2.4201136e-05      20660.187      26.675     -1
     8     17      4701.8      5875.5   Coal      0     -1  1.3843152e+08      3719.7755   2.687087e-05      18607.511      32.646     -1
     8     18      5875.5      7342.1   Coal      0     -1  2.0533291e+08      4666.6982  2.2727473e-05      21999.806       38.03     -1
     8     19      7342.1      9174.7   Coal      0     -1  3.0385045e+08        5705.19  1.8776309e-05      26629.301      46.458     -1
     8     20      9174.7       11465   Coal      0     -1  4.4994375e+08      7751.7133  1.7228183e-05      29022.213      56.272     -1
     8     21       11465       14327   Coal      0     -1  6.5846379e+08      11129.663  1.6902468e-05       29581.48      68.719     -1
     8     22       14327       17903   Coal      0     -1  9.3790199e+08      17596.647  1.8761712e-05       26650.02      76.027     -1
     8     23       17903       22372   Coal      0     -1  1.2714382e+09      28689.963  2.2564968e-05      22158.241      84.451     -1
     8     24       22372       27956   Coal      0     -1  1.6183527e+09      41338.586  2.5543619e-05       19574.36      97.094     -1
     8     25       27956       34934   Coal      0     -1   1.904413e+09      56006.696  2.9408903e-05      17001.654      106.51     -1
     8     26       34934       43654   Coal      0     -1  2.0576721e+09      65535.498  3.1849341e-05      15698.912      110.53     -1
     8     27       43654       54551   Coal      0     -1  2.0189911e+09      71351.973   3.534041e-05       14148.11      108.66     -1
     8     28       54551       68167   Coal      0     -1   1.767179e+09          65322  3.6963997e-05      13526.676       90.01     -1
     8     29       68167       85183   Coal      0     -1  1.4769517e+09       50251.18  3.4023578e-05      14695.691      78.109     -1
     8     30       85183  1.0645e+05   Coal      0     -1  1.4058368e+09      26224.431  1.8653965e-05      26803.953      70.469     -1
     8     31  1.0645e+05  1.3302e+05   Coal      0     -1  1.4445457e+09      25881.311  1.7916575e-05      27907.119      70.156     -1
     8     32  1.3302e+05       1e+99   Coal      0     -1  3.5158399e+09      61909.027  1.7608602e-05      28395.212      55.943     -1
     8     -1           0       1e+99  Delay     -1     -1  2.5863037e+09              0              0              0           1     -1
     8     -1           0       1e+99   LogL     -1     -1              1      -14627765      -14627765              0           1     -1
     8     -1           0       1e+99 Recomb     -1     -1           4884  1.4652005e-05   3.000001e-09              0           1     -1
     8     -1           0       1e+99 Resamp     -1     -1  2.5863037e+09         686062  0.00026526738              0           1     -1
     7      0           0         133   Coal      0     -1      285039.49      138.59616  0.00048623494      1028.3095      1.4023     -1
     7      1         133       166.2   Coal      0     -1       149241.9      14.168905  9.4939191e-05       5266.529      2.1529     -1
     7      2       166.2      207.68   Coal      0     -1      232777.72       8.588708  3.6896607e-05      13551.382      2.7633     -1
     7      3      207.68      259.53   Coal      0     -1       364197.4      21.593722  5.9291258e-05      8432.9464      3.0606     -1
     7      4      259.53      324.31   Coal      0     -1      566589.03      41.514473  7.3270873e-05       6823.994      3.2927     -1
     7      5      324.31      405.26   Coal      0     -1      874633.64      44.813606  5.1237002e-05      9758.5725      3.9692     -1
     7      6      405.26      506.42   Coal      0     -1      1355942.9      106.91797  7.8851382e-05       6341.043      4.6304     -1
     7      7      506.42      632.82   Coal      0     -1      2079692.4      217.54634  0.00010460506      4779.8836       5.674     -1
     7      8      632.82      790.79   Coal      0     -1      3152856.1      379.26957  0.00012029397      4156.4844      7.0411     -1
     7      9      790.79      988.18   Coal      0     -1      4765327.4       397.3107  8.3375321e-05      5996.9784      8.3072     -1
     7     10      988.18      1234.8   Coal      0     -1      7234582.9      463.46094  6.4061873e-05      7804.9544      10.562     -1
     7     11      1234.8      1543.1   Coal      0     -1       11058609       509.0891  4.6035546e-05      10861.172      12.191     -1
     7     12      1543.1      1928.2   Coal      0     -1       16956648      590.53518  3.4826175e-05      14357.017      14.719     -1
     7     13      1928.2      2409.6   Coal      0     -1       26051751      717.62244  2.7546035e-05      18151.433      17.196     -1
     7     14      2409.6        3011   Coal      0     -1       39957169      1047.9521  2.6226887e-05      19064.405       20.34     -1
     7     15        3011      3762.6   Coal      0     -1       60904841      1476.6519   2.424523e-05      20622.613      22.946     -1
     7     16      3762.6      4701.8   Coal      0     -1       92131940      2316.6073  2.5144453e-05      19885.101      28.462     -1
     7     17      4701.8      5875.5   Coal      0     -1  1.3771104e+08      3831.9234  2.7825826e-05      17968.918      35.212     -1
     7     18      5875.5      7342.1   Coal      0     -1  2.0428091e+08      4717.9113  2.3095213e-05      21649.508      39.694     -1
     7     19      7342.1      9174.7   Coal      0     -1  3.0243073e+08      5735.7394  1.8965465e-05      26363.709          46     -1
     7     20      9174.7       11465   Coal      0     -1  4.4829373e+08      7700.1042  1.7176471e-05      29109.588      60.206     -1
     7     21       11465       14327   Coal      0     -1  6.5660112e+08      10981.538  1.6724823e-05      29895.682        70.5     -1
     7     22       14327       17903   Coal      0     -1  9.3642473e+08      17329.292  1.8505803e-05      27018.552       73.68     -1
     7     23       17903       22372   Coal      0     -1  1.2740698e+09      28280.328  2.2196843e-05      22525.726      87.107     -1
     7     24       22372       27956   Coal      0     -1    1.62606e+09      40981.678  2.5203054e-05      19838.866      97.741     -1
     7     25       27956       34934   Coal      0     -1  1.9173389e+09      55854.964  2.9131502e-05       17163.55       106.5     -1
     7     26       34934       43654   Coal      0     -1  2.0716222e+09      65718.092   3.172301e-05       15761.43      108.48     -1
     7     27       43654       54551   Coal      0     -1  2.0298205e+09      71886.434  3.5415169e-05      14118.244      106.14     -1
     7     28       54551       68167   Coal      0     -1  1.7735632e+09      65772.494  3.7084944e-05       13482.56      88.276     -1
     7     29       68167       85183   Coal      0     -1  1.4726732e+09      50552.307  3.4326901e-05      14565.836      76.344     -1
     7     30       85183  1.0645e+05   Coal      0     -1  1.3957111e+09      26281.838  1.8830428e-05      26552.769      69.114     -1
     7     31  1.0645e+05  1.3302e+05   Coal      0     -1  1.4293449e+09       25909.23  1.8126646e-05      27583.702       68.23     -1
     7     32  1.3302e+05       1e+99   Coal      0     -1  3.4216097e+09      61028.235  1.7836118e-05      28033.005      52.629     -1
     7     -1           0       1e+99  Delay     -1     -1  2.5863037e+09              0              0              0           1     -1
     7     -1           0       1e+99   LogL     -1     -1              1      -14627680      -14627680              0           1     -1
     7     -1           0       1e+99 Recomb     -1     -1           4884  1.4652005e-05   3.000001e-09              0           1     -1
     7     -1           0       1e+99 Resamp     -1     -1  2.5863037e+09         685501  0.00026505047              0           1     -1
     6      0           0         133   Coal      0     -1      291933.56      147.24223  0.00050436896      991.33778      1.3791     -1
     6      1         133       166.2   Coal      0     -1      152945.55      14.938288  9.7670632e-05      5119.2461      2.2457     -1
     6      2       166.2      207.68   Coal      0     -1      239172.44      9.9046897  4.1412337e-05      12073.697      2.4746     -1
     6      3      207.68      259.53   Coal      0     -1      371491.74      27.997586    7.53653e-05       6634.353      2.9216     -1
     6      4      259.53      324.31   Coal      0     -1      573347.03      43.077032  7.5132563e-05      6654.9041      3.6377     -1
     6      5      324.31      405.26   Coal      0     -1      887973.38      50.880335  5.7299392e-05      8726.0961      3.8092     -1
     6      6      405.26      506.42   Coal      0     -1        1365620      105.13619  7.6987884e-05      6494.5285      4.5216     -1
     6      7      506.42      632.82   Coal      0     -1      2085577.3      201.38786   9.656217e-05      5178.0112      5.6628     -1
     6      8      632.82      790.79   Coal      0     -1      3164313.6      360.88867  0.00011404959      4384.0578      6.9203     -1
     6      9      790.79      988.18   Coal      0     -1      4782977.6      395.51412   8.269203e-05      6046.5319      9.6179     -1
     6     10      988.18      1234.8   Coal      0     -1      7284950.2      454.72505  6.2419788e-05      8010.2804      9.8061     -1
     6     11      1234.8      1543.1   Coal      0     -1       11111401      495.61015   4.460375e-05       11209.82      12.361     -1
     6     12      1543.1      1928.2   Coal      0     -1       17018242      596.90331  3.5074322e-05      14255.443      15.889     -1
     6     13      1928.2      2409.6   Coal      0     -1       26135880       750.3578  2.8709873e-05      17415.612      16.961     -1
     6     14      2409.6        3011   Coal      0     -1       40014112      1068.5957   2.670547e-05      18722.756      20.524     -1
     6     15        3011      3762.6   Coal      0     -1       60888211       1533.546  2.5186255e-05      19852.098      23.321     -1
     6     16      3762.6      4701.8   Coal      0     -1       92057655      2403.5058  2.6108701e-05      19150.704      26.449     -1
     6     17      4701.8      5875.5   Coal      0     -1  1.3730734e+08      3944.4422  2.8727104e-05      17405.165      34.955     -1
     6     18      5875.5      7342.1   Coal      0     -1  2.0334651e+08      4796.3299  2.3586979e-05      21198.137      39.032     -1
     6     19      7342.1      9174.7   Coal      0     -1   3.010136e+08      5757.6058  1.9127394e-05      26140.518      45.567     -1
     6     20      9174.7       11465   Coal      0     -1  4.4625857e+08      7662.5386  1.7170625e-05      29119.499      58.811     -1
     6     21       11465       14327   Coal      0     -1  6.5438546e+08      10843.526  1.6570549e-05      30174.015      67.978     -1
     6     22       14327       17903   Coal      0     -1  9.3580103e+08      16998.921  1.8165102e-05      27525.307      76.903     -1
     6     23       17903       22372   Coal      0     -1  1.2758037e+09      27831.177  2.1814623e-05      22920.405      85.966     -1
     6     24       22372       27956   Coal      0     -1  1.6335433e+09      40592.241  2.4849198e-05      20121.373      98.383     -1
     6     25       27956       34934   Coal      0     -1  1.9317236e+09      55728.858  2.8849291e-05      17331.448      108.03     -1
     6     26       34934       43654   Coal      0     -1  2.0910496e+09      66040.692  3.1582556e-05      15831.524      111.84     -1
     6     27       43654       54551   Coal      0     -1  2.0450522e+09      72560.501  3.5481002e-05      14092.049      109.18     -1
     6     28       54551       68167   Coal      0     -1  1.7810413e+09      66277.048  3.7212529e-05      13436.335      91.734     -1
     6     29       68167       85183   Coal      0     -1  1.4747652e+09      51067.493  3.4627542e-05      14439.373      78.284     -1
     6     30       85183  1.0645e+05   Coal      0     -1  1.3871322e+09      26410.994  1.9039998e-05      26260.507      70.981     -1
     6     31  1.0645e+05  1.3302e+05   Coal      0     -1  1.4192612e+09      26096.694   1.838752e-05      27192.357      71.535     -1
     6     32  1.3302e+05       1e+99   Coal      0     -1  3.3174974e+09      60091.022  1.8113359e-05      27603.935      54.622     -1
     6     -1           0       1e+99  Delay     -1     -1  2.5863037e+09              0              0              0           1     -1
     6     -1           0       1e+99   LogL     -1     -1              1      -14627997      -14627997              0           1     -1
     6     -1           0       1e+99 Recomb     -1     -1           4884  1.4652005e-05   3.000001e-09              0           1     -1
     6     -1           0       1e+99 Resamp     -1     -1  2.5863037e+09         683343  0.00026421607              0           1     -1
     5      0           0         133   Coal      0     -1      290653.46      135.97095  0.00046781122      1068.8072      1.3589     -1
     5      1         133       166.2   Coal      0     -1      150138.18      13.919323  9.2710081e-05      5393.1568      2.4408     -1
     5      2       166.2      207.68   Coal      0     -1      234749.17      9.6771991  4.1223571e-05      12128.983      2.6501     -1
     5      3      207.68      259.53   Coal      0     -1      366030.94      20.685261  5.6512329e-05      8847.6269      2.8304     -1
     5      4      259.53      324.31   Coal      0     -1       570392.6      36.979493   6.483165e-05      7712.2825      3.6786     -1
     5      5      324.31      405.26   Coal      0     -1      887432.13      46.753615  5.2684159e-05      9490.5188      3.5715     -1
     5      6      405.26      506.42   Coal      0     -1      1368190.2      95.913022   7.010211e-05       7132.453      4.4471     -1
     5      7      506.42      632.82   Coal      0     -1      2098264.4      186.10981  8.8697025e-05      5637.1676      5.7846     -1
     5      8      632.82      790.79   Coal      0     -1      3192388.1      345.10618  0.00010810283      4625.2259      6.7225     -1
     5      9      790.79      988.18   Coal      0     -1      4824669.7      391.97384  8.1243664e-05      6154.3261      7.9578     -1
     5     10      988.18      1234.8   Coal      0     -1      7316774.1       439.0935  6.0011898e-05      8331.6812      10.071     -1
     5     11      1234.8      1543.1   Coal      0     -1       11194365      504.77025  4.5091458e-05      11088.575       11.72     -1
     5     12      1543.1      1928.2   Coal      0     -1       17105485      609.73098  3.5645349e-05      14027.075      14.671     -1
     5     13      1928.2      2409.6   Coal      0     -1       26180635      780.20817  2.9800964e-05      16777.981      17.293     -1
     5     14      2409.6        3011   Coal      0     -1       40058038      1113.7097  2.7802402e-05      17984.058      21.051     -1
     5     15        3011      3762.6   Coal      0     -1       60934223      1621.3015  2.6607404e-05      18791.762      21.259     -1
     5     16      3762.6      4701.8   Coal      0     -1       91799774      2506.3643  2.7302511e-05      18313.334      25.859     -1
     5     17      4701.8      5875.5   Coal      0     -1  1.3671923e+08      4071.5331  2.9780251e-05       16789.65      32.871     -1
     5     18      5875.5      7342.1   Coal      0     -1  2.0232068e+08      4874.5411  2.4093143e-05      20752.793      37.878     -1
     5     19      7342.1      9174.7   Coal      0     -1   2.993397e+08      5797.2683  1.9366854e-05      25817.306      45.293     -1
     5     20      9174.7       11465   Coal      0     -1  4.4417035e+08      7597.3733  1.7104639e-05      29231.836      60.234     -1
     5     21       11465       14327   Coal      0     -1  6.5217646e+08      10651.171  1.6331732e-05      30615.246      65.375     -1
     5     22       14327       17903   Coal      0     -1  9.3517333e+08       16646.51  1.7800454e-05      28089.171      75.576     -1
     5     23       17903       22372   Coal      0     -1  1.2794141e+09      27326.973  2.1358974e-05      23409.364      84.938     -1
     5     24       22372       27956   Coal      0     -1  1.6436922e+09      40143.429  2.4422716e-05      20472.743      98.093     -1
     5     25       27956       34934   Coal      0     -1  1.9479638e+09      55527.468  2.8505391e-05      17540.542      107.07     -1
     5     26       34934       43654   Coal      0     -1    2.11273e+09      66367.167   3.141299e-05      15916.982      112.96     -1
     5     27       43654       54551   Coal      0     -1  2.0575083e+09      73121.295  3.5538761e-05      14069.146      106.67     -1
     5     28       54551       68167   Coal      0     -1  1.7909588e+09      66943.955  3.7378836e-05      13376.554      90.115     -1
     5     29       68167       85183   Coal      0     -1  1.4793913e+09      51781.535  3.5001918e-05      14284.931      78.822     -1
     5     30       85183  1.0645e+05   Coal      0     -1  1.3747167e+09      26506.767  1.9281621e-05       25931.43      68.604     -1
     5     31  1.0645e+05  1.3302e+05   Coal      0     -1  1.3976355e+09      26163.745  1.8720006e-05      26709.393      69.895     -1
     5     32  1.3302e+05       1e+99   Coal      0     -1  3.1928976e+09      58866.463   1.843669e-05      27119.835      54.233     -1
     5     -1           0       1e+99  Delay     -1     -1  2.5863037e+09              0              0              0           1     -1
     5     -1           0       1e+99   LogL     -1     -1              1      -14628128      -14628128              0           1     -1
     5     -1           0       1e+99 Recomb     -1     -1           4884  1.4652005e-05   3.000001e-09              0           1     -1
     5     -1           0       1e+99 Resamp     -1     -1  2.5863037e+09         681620  0.00026354987              0           1     -1
     4      0           0         133   Coal      0     -1      288238.47      133.78734  0.00046415505      1077.2262       1.416     -1
     4      1         133       166.2   Coal      0     -1      149758.21      13.488923  9.0071341e-05      5551.1553      2.0634     -1
     4      2       166.2      207.68   Coal      0     -1      232629.25      12.707562  5.4625812e-05      9153.1821       2.469     -1
     4      3      207.68      259.53   Coal      0     -1      362857.97      18.882518  5.2038316e-05      9608.3047      3.2255     -1
     4      4      259.53      324.31   Coal      0     -1      567665.81      36.028732  6.3468209e-05      7877.9599      3.5104     -1
     4      5      324.31      405.26   Coal      0     -1      881501.02        44.7656  5.0783378e-05      9845.7412      4.1381     -1
     4      6      405.26      506.42   Coal      0     -1      1362941.5      91.954394  6.7467603e-05      7410.9643       4.764     -1
     4      7      506.42      632.82   Coal      0     -1      2095746.5      166.50453  7.9448792e-05      6293.3619      5.4104     -1
     4      8      632.82      790.79   Coal      0     -1      3191416.9      321.84339  0.00010084655      4958.0278      7.3403     -1
     4      9      790.79      988.18   Coal      0     -1      4812824.4      374.53041  7.7819255e-05       6425.145      7.9005     -1
     4     10      988.18      1234.8   Coal      0     -1      7310879.4      424.75649  5.8099234e-05      8605.9655      10.766     -1
     4     11      1234.8      1543.1   Coal      0     -1       11154765      507.79596  4.5522784e-05      10983.511      11.018     -1
     4     12      1543.1      1928.2   Coal      0     -1       17130252      616.52915  3.5990665e-05      13892.491      15.198     -1
     4     13      1928.2      2409.6   Coal      0     -1       26226554       810.9071  3.0919315e-05      16171.121      17.152     -1
     4     14      2409.6        3011   Coal      0     -1       40087421      1165.0024  2.9061545e-05      17204.866      19.076     -1
     4     15        3011      3762.6   Coal      0     -1       60828376      1713.5741  2.8170637e-05      17748.977      23.265     -1
     4     16      3762.6      4701.8   Coal      0     -1       91521426      2622.7959  2.8657725e-05      17447.303      25.968     -1
     4     17      4701.8      5875.5   Coal      0     -1  1.3602244e+08      4208.3925  3.0938959e-05      16160.854      32.107     -1
     4     18      5875.5      7342.1   Coal      0     -1  2.0101825e+08      4948.1451  2.4615403e-05      20312.485      37.244     -1
     4     19      7342.1      9174.7   Coal      0     -1  2.9748914e+08      5823.3301  1.9574933e-05      25542.872      46.873     -1
     4     20      9174.7       11465   Coal      0     -1  4.4150019e+08      7518.4555  1.7029337e-05      29361.096      55.033     -1
     4     21       11465       14327   Coal      0     -1  6.4982603e+08      10438.725  1.6063877e-05      31125.737      66.211     -1
     4     22       14327       17903   Coal      0     -1  9.3461442e+08      16251.078  1.7388003e-05      28755.459      76.907     -1
     4     23       17903       22372   Coal      0     -1  1.2827284e+09      26779.855  2.0877261e-05      23949.502      83.898     -1
     4     24       22372       27956   Coal      0     -1  1.6556804e+09      39631.366  2.3936604e-05       20888.51      99.699     -1
     4     25       27956       34934   Coal      0     -1  1.9681448e+09      55319.452  2.8107409e-05      17788.904      106.25     -1
     4     26       34934       43654   Coal      0     -1   2.135363e+09      66650.667  3.1212805e-05      16019.067      109.23     -1
     4     27       43654       54551   Coal      0     -1  2.0841924e+09      74065.706  3.5536885e-05      14069.888      109.57     -1
     4     28       54551       68167   Coal      0     -1  1.8038139e+09      67715.199  3.7540014e-05      13319.121      92.755     -1
     4     29       68167       85183   Coal      0     -1  1.4776701e+09      52418.453  3.5473718e-05      14094.942      79.463     -1
     4     30       85183  1.0645e+05   Coal      0     -1  1.3618725e+09      26660.468  1.9576332e-05      25541.047      68.169     -1
     4     31  1.0645e+05  1.3302e+05   Coal      0     -1  1.3726802e+09      26183.087  1.9074426e-05      26213.108      67.941     -1
     4     32  1.3302e+05       1e+99   Coal      0     -1  3.0782239e+09      57808.977  1.8779978e-05        26624.1      52.224     -1
     4     -1           0       1e+99  Delay     -1     -1  2.5863037e+09              0              0              0           1     -1
     4     -1           0       1e+99   LogL     -1     -1              1      -14628153      -14628153              0           1     -1
     4     -1           0       1e+99 Recomb     -1     -1           4884  1.4652005e-05   3.000001e-09              0           1     -1
     4     -1           0       1e+99 Resamp     -1     -1  2.5863037e+09         678330  0.00026227779              0           1     -1
     3      0           0         133   Coal      0     -1      293529.16      122.62032  0.00041774495      1196.9026       1.367     -1
     3      1         133       166.2   Coal      0     -1      153445.67      10.255581  6.6835258e-05      7481.0813      2.2304     -1
     3      2       166.2      207.68   Coal      0     -1      238113.53      13.554584  5.6924877e-05       8783.506      2.5903     -1
     3      3      207.68      259.53   Coal      0     -1      371727.01      20.227617  5.4415246e-05      9188.6014      2.7853     -1
     3      4      259.53      324.31   Coal      0     -1      577429.23      30.419882  5.2681575e-05      9490.9842      3.5285     -1
     3      5      324.31      405.26   Coal      0     -1      895446.93      45.636945   5.096555e-05      9810.5485      3.8806     -1
     3      6      405.26      506.42   Coal      0     -1      1384574.5      80.313679  5.8006034e-05      8619.7928      5.2625     -1
     3      7      506.42      632.82   Coal      0     -1      2122114.3      143.81947  6.7771782e-05      7377.7018      5.5024     -1
     3      8      632.82      790.79   Coal      0     -1      3221158.5      299.22167  9.2892562e-05      5382.5623      6.9411     -1
     3      9      790.79      988.18   Coal      0     -1      4874518.1      345.04664  7.0785794e-05      7063.5642      9.3819     -1
     3     10      988.18      1234.8   Coal      0     -1      7424053.8      421.43916  5.6766716e-05      8807.9782      9.8228     -1
     3     11      1234.8      1543.1   Coal      0     -1       11311194      505.95688  4.4730634e-05      11178.022      11.306     -1
     3     12      1543.1      1928.2   Coal      0     -1       17248791      636.71522  3.6913615e-05      13545.138      13.117     -1
     3     13      1928.2      2409.6   Coal      0     -1       26349137      856.87536  3.2520054e-05      15375.128      18.447     -1
     3     14      2409.6        3011   Coal      0     -1       40132086      1220.8448  3.0420665e-05      16436.195      19.611     -1
     3     15        3011      3762.6   Coal      0     -1       60747794       1822.698  3.0004349e-05      16664.251      22.566     -1
     3     16      3762.6      4701.8   Coal      0     -1       91057199      2769.8683  3.0418994e-05      16437.099      26.438     -1
     3     17      4701.8      5875.5   Coal      0     -1  1.3494194e+08      4365.9586  3.2354349e-05      15453.873      33.366     -1
     3     18      5875.5      7342.1   Coal      0     -1  1.9920349e+08      5039.3106  2.5297301e-05      19764.955      37.112     -1
     3     19      7342.1      9174.7   Coal      0     -1  2.9508891e+08      5851.7692  1.9830529e-05      25213.649      51.679     -1
     3     20      9174.7       11465   Coal      0     -1  4.3843716e+08      7406.3424  1.6892597e-05      29598.764      54.138     -1
     3     21       11465       14327   Coal      0     -1  6.4704874e+08      10200.109   1.576405e-05      31717.738      70.594     -1
     3     22       14327       17903   Coal      0     -1  9.3323773e+08      15799.688  1.6929971e-05      29533.423      78.361     -1
     3     23       17903       22372   Coal      0     -1  1.2873974e+09      26133.606  2.0299564e-05      24631.071      89.845     -1
     3     24       22372       27956   Coal      0     -1  1.6672556e+09      39026.654  2.3407721e-05      21360.474       98.26     -1
     3     25       27956       34934   Coal      0     -1  1.9924902e+09      55049.546  2.7628515e-05      18097.245       108.2     -1
     3     26       34934       43654   Coal      0     -1  2.1608351e+09      66836.954  3.0931076e-05      16164.973      109.08     -1
     3     27       43654       54551   Coal      0     -1   2.107672e+09      74883.786  3.5529146e-05      14072.953      109.85     -1
     3     28       54551       68167   Coal      0     -1   1.820317e+09      68670.569  3.7724511e-05      13253.982       94.48     -1
     3     29       68167       85183   Coal      0     -1  1.4718045e+09      52998.408  3.6009137e-05      13885.365      79.728     -1
     3     30       85183  1.0645e+05   Coal      0     -1  1.3492918e+09      26862.039   1.990825e-05      25115.217      68.373     -1
     3     31  1.0645e+05  1.3302e+05   Coal      0     -1  1.3458875e+09      26243.897  1.9499324e-05      25641.914      68.034     -1
     3     32  1.3302e+05       1e+99   Coal      0     -1  2.9354635e+09      56431.813  1.9224158e-05      26008.942      52.077     -1
     3     -1           0       1e+99  Delay     -1     -1  2.5863037e+09              0              0              0           1     -1
     3     -1           0       1e+99   LogL     -1     -1              1      -14628621      -14628621              0           1     -1
     3     -1           0       1e+99 Recomb     -1     -1           4884  1.4652005e-05   3.000001e-09              0           1     -1
     3     -1           0       1e+99 Resamp     -1     -1  2.5863037e+09         674567  0.00026082281              0           1     -1
     2      0           0         133   Coal      0     -1      277651.74      98.372372   0.0003543013      1411.2282      1.4388     -1
     2      1         133       166.2   Coal      0     -1      148589.83      10.182991  6.8530876e-05      7295.9815      2.0182     -1
     2      2       166.2      207.68   Coal      0     -1      235072.82      10.912233  4.6420648e-05      10771.069       2.704     -1
     2      3      207.68      259.53   Coal      0     -1      369571.51      17.813041  4.8199172e-05      10373.622       2.985     -1
     2      4      259.53      324.31   Coal      0     -1      575409.23      25.723605  4.4704888e-05      11184.459      3.6994     -1
     2      5      324.31      405.26   Coal      0     -1      889443.14      36.108042  4.0596234e-05      12316.413      3.8213     -1
     2      6      405.26      506.42   Coal      0     -1      1381210.4      67.901239  4.9160679e-05       10170.73      5.3127     -1
     2      7      506.42      632.82   Coal      0     -1      2118973.7      124.52379  5.8766084e-05       8508.309      5.7359     -1
     2      8      632.82      790.79   Coal      0     -1      3220285.2      269.26994  8.3616798e-05      5979.6598      7.2375     -1
     2      9      790.79      988.18   Coal      0     -1      4899659.6      314.76189  6.4241583e-05      7783.1207      8.6275     -1
     2     10      988.18      1234.8   Coal      0     -1      7451387.5      412.03656  5.5296623e-05      9042.1435      10.135     -1
     2     11      1234.8      1543.1   Coal      0     -1       11355200      511.27141  4.5025309e-05      11104.865      13.889     -1
     2     12      1543.1      1928.2   Coal      0     -1       17337418      655.78882  3.7825057e-05      13218.751      13.433     -1
     2     13      1928.2      2409.6   Coal      0     -1       26414315        909.789  3.4443028e-05      14516.726      17.529     -1
     2     14      2409.6        3011   Coal      0     -1       40105068      1315.8405   3.280983e-05      15239.335      22.603     -1
     2     15        3011      3762.6   Coal      0     -1       60502845      1944.5708  3.2140155e-05      15556.863      23.836     -1
     2     16      3762.6      4701.8   Coal      0     -1       90538419      2920.5523  3.2257602e-05      15500.222      27.382     -1
     2     17      4701.8      5875.5   Coal      0     -1  1.3387753e+08      4543.0173  3.3934128e-05      14734.429      31.058     -1
     2     18      5875.5      7342.1   Coal      0     -1  1.9749146e+08      5142.9514  2.6041386e-05      19200.207      38.855     -1
     2     19      7342.1      9174.7   Coal      0     -1  2.9231004e+08      5858.7743  2.0043014e-05      24946.347      48.597     -1
     2     20      9174.7       11465   Coal      0     -1  4.3534115e+08      7282.1326  1.6727416e-05      29891.048      58.823     -1
     2     21       11465       14327   Coal      0     -1  6.4358845e+08      9933.7371  1.5434921e-05      32394.075      70.817     -1
     2     22       14327       17903   Coal      0     -1   9.319148e+08      15325.939  1.6445644e-05      30403.188      82.372     -1
     2     23       17903       22372   Coal      0     -1  1.2906956e+09      25445.961   1.971492e-05      25361.503      92.861     -1
     2     24       22372       27956   Coal      0     -1  1.6800933e+09      38297.451  2.2794836e-05      21934.793      103.38     -1
     2     25       27956       34934   Coal      0     -1  2.0157525e+09      54635.504  2.7104271e-05      18447.277         112     -1
     2     26       34934       43654   Coal      0     -1  2.1996161e+09      67220.759  3.0560223e-05      16361.137      117.52     -1
     2     27       43654       54551   Coal      0     -1   2.139144e+09      75865.265  3.5465245e-05      14098.309      113.43     -1
     2     28       54551       68167   Coal      0     -1  1.8408839e+09      69804.536  3.7919032e-05       13185.99      97.574     -1
     2     29       68167       85183   Coal      0     -1  1.4729478e+09      53833.609  3.6548212e-05       13680.56      81.433     -1
     2     30       85183  1.0645e+05   Coal      0     -1  1.3374085e+09      27123.374  2.0280545e-05       24654.17      69.981     -1
     2     31  1.0645e+05  1.3302e+05   Coal      0     -1  1.3242326e+09       26458.37  1.9980154e-05      25024.832      71.331     -1
     2     32  1.3302e+05       1e+99   Coal      0     -1  2.7701495e+09      54679.434  1.9738802e-05      25330.817      51.639     -1
     2     -1           0       1e+99  Delay     -1     -1  2.5863037e+09              0              0              0           1     -1
     2     -1           0       1e+99   LogL     -1     -1              1      -14628966      -14628966              0           1     -1
     2     -1           0       1e+99 Recomb     -1     -1           4884  1.4652005e-05   3.000001e-09              0           1     -1
     2     -1           0       1e+99 Resamp     -1     -1  2.5863037e+09         668707  0.00025855703              0           1     -1
     1      0           0         133   Coal      0     -1      285437.79      68.056929  0.00023842999      2097.0516      1.5991     -1
     1      1         133       166.2   Coal      0     -1      153188.98      9.1466617  5.9708353e-05      8374.0377      2.4054     -1
     1      2       166.2      207.68   Coal      0     -1      234924.13      7.5103547  3.1969277e-05      15640.016      2.8771     -1
     1      3      207.68      259.53   Coal      0     -1       365288.9      14.207969  3.8895157e-05      12855.071      2.8049     -1
     1      4      259.53      324.31   Coal      0     -1      571279.33      21.663664  3.7921316e-05      13185.196      3.3024     -1
     1      5      324.31      405.26   Coal      0     -1      895987.67      32.139979  3.5871006e-05      13938.834      4.5767     -1
     1      6      405.26      506.42   Coal      0     -1      1384460.8      57.427427  4.1479995e-05      12054.003      4.9219     -1
     1      7      506.42      632.82   Coal      0     -1      2137274.1      108.87879  5.0942827e-05      9814.9245      6.3679     -1
     1      8      632.82      790.79   Coal      0     -1      3266835.8      243.25969  7.4463395e-05      6714.7086      6.9559     -1
     1      9      790.79      988.18   Coal      0     -1      4979202.6      290.99624  5.8442339e-05      8555.4413      8.1401     -1
     1     10      988.18      1234.8   Coal      0     -1        7584890      396.74113  5.2306775e-05      9558.9912      10.987     -1
     1     11      1234.8      1543.1   Coal      0     -1       11529271       520.1143  4.5112507e-05      11083.401      12.703     -1
     1     12      1543.1      1928.2   Coal      0     -1       17520969      681.39562  3.8890293e-05      12856.679      14.582     -1
     1     13      1928.2      2409.6   Coal      0     -1       26620217      976.05041  3.6665758e-05      13636.702      19.284     -1
     1     14      2409.6        3011   Coal      0     -1       40273012      1419.9402  3.5257861e-05      14181.235      20.012     -1
     1     15        3011      3762.6   Coal      0     -1       60517336      2105.8974   3.479825e-05      14368.539      24.663     -1
     1     16      3762.6      4701.8   Coal      0     -1       90217139      3129.2881  3.4686182e-05      14414.962      27.985     -1
     1     17      4701.8      5875.5   Coal      0     -1  1.3272817e+08      4783.0093  3.6036127e-05      13874.965      32.353     -1
     1     18      5875.5      7342.1   Coal      0     -1  1.9474995e+08      5248.2421  2.6948619e-05      18553.827      44.614     -1
     1     19      7342.1      9174.7   Coal      0     -1  2.8926701e+08      5836.8242  2.0177981e-05      24779.486      48.023     -1
     1     20      9174.7       11465   Coal      0     -1  4.3196481e+08      7125.3248  1.6495151e-05      30311.938      60.941     -1
     1     21       11465       14327   Coal      0     -1  6.4039747e+08      9612.4835  1.5010184e-05      33310.719      65.766     -1
     1     22       14327       17903   Coal      0     -1  9.3096289e+08      14796.941  1.5894233e-05       31457.95       84.15     -1
     1     23       17903       22372   Coal      0     -1   1.295728e+09      24684.357  1.9050569e-05      26245.935      96.545     -1
     1     24       22372       27956   Coal      0     -1  1.6948741e+09      37485.507  2.2116986e-05      22607.059      102.08     -1
     1     25       27956       34934   Coal      0     -1  2.0440716e+09      54135.493  2.6484148e-05      18879.218      110.04     -1
     1     26       34934       43654   Coal      0     -1   2.239154e+09      67564.016  3.0173904e-05       16570.61      119.24     -1
     1     27       43654       54551   Coal      0     -1  2.1728871e+09      76850.204  3.5367784e-05      14137.159      114.79     -1
     1     28       54551       68167   Coal      0     -1  1.8598695e+09      70912.584   3.812772e-05      13113.819      97.851     -1
     1     29       68167       85183   Coal      0     -1  1.4769279e+09       54804.38   3.710701e-05      13474.543      82.633     -1
     1     30       85183  1.0645e+05   Coal      0     -1   1.324569e+09        27461.3  2.0732254e-05      24117.011      69.364     -1
     1     31  1.0645e+05  1.3302e+05   Coal      0     -1  1.2932232e+09      26521.816  2.0508305e-05      24380.367      68.032     -1
     1     32  1.3302e+05       1e+99   Coal      0     -1   2.622505e+09      53291.731  2.0320926e-05      24605.177      52.304     -1
     1     -1           0       1e+99  Delay     -1     -1  2.5863037e+09              0              0              0           1     -1
     1     -1           0       1e+99   LogL     -1     -1              1      -14629405      -14629405              0           1     -1
     1     -1           0       1e+99 Recomb     -1     -1           4884  1.4652005e-05   3.000001e-09              0           1     -1
     1     -1           0       1e+99 Resamp     -1     -1  2.5863037e+09         661619  0.00025581644              0           1     -1
     0      0           0         133   Coal      0     -1      285847.59      26.583353  9.2998344e-05      5376.4398      1.4208     -1
     0      1         133       166.2   Coal      0     -1      155592.45      4.6505564  2.9889345e-05      16728.369      2.3747     -1
     0      2       166.2      207.68   Coal      0     -1      242360.21      5.1370202  2.1195807e-05      23589.571      2.5892     -1
     0      3      207.68      259.53   Coal      0     -1       374893.7      5.9720437  1.5929965e-05      31387.388      2.6314     -1
     0      4      259.53      324.31   Coal      0     -1      583350.12      11.821656  2.0265113e-05      24672.944      3.7274     -1
     0      5      324.31      405.26   Coal      0     -1      905796.62      25.889399  2.8581912e-05      17493.581       3.792     -1
     0      6      405.26      506.42   Coal      0     -1      1413067.3      43.478772  3.0769074e-05      16250.083        6.12     -1
     0      7      506.42      632.82   Coal      0     -1      2177327.7      86.382327  3.9673554e-05      12602.854      5.9894     -1
     0      8      632.82      790.79   Coal      0     -1      3337392.4      198.02729  5.9335932e-05      8426.5972      6.5308     -1
     0      9      790.79      988.18   Coal      0     -1      5075283.4      268.83073  5.2968615e-05       9439.552      8.8654     -1
     0     10      988.18      1234.8   Coal      0     -1      7722590.4      358.02862  4.6361208e-05      10784.879      10.067     -1
     0     11      1234.8      1543.1   Coal      0     -1       11751067      513.56198  4.3703436e-05      11440.748      11.272     -1
     0     12      1543.1      1928.2   Coal      0     -1       17801318      720.06563  4.0450131e-05      12360.899      14.697     -1
     0     13      1928.2      2409.6   Coal      0     -1       26909102      1057.2288   3.928889e-05      12726.244      15.708     -1
     0     14      2409.6        3011   Coal      0     -1       40451567      1537.9592  3.8019768e-05      13151.054      20.421     -1
     0     15        3011      3762.6   Coal      0     -1       60477996       2274.205  3.7603841e-05      13296.514      25.737     -1
     0     16      3762.6      4701.8   Coal      0     -1       89729547      3368.2474  3.7537773e-05      13319.917      31.415     -1
     0     17      4701.8      5875.5   Coal      0     -1  1.3144062e+08      5023.5637  3.8219263e-05      13082.408      32.375     -1
     0     18      5875.5      7342.1   Coal      0     -1   1.931441e+08      5407.2448   2.799591e-05      17859.752      40.099     -1
     0     19      7342.1      9174.7   Coal      0     -1  2.8612259e+08      5838.9576  2.0407188e-05       24501.17      50.274     -1
     0     20      9174.7       11465   Coal      0     -1  4.2777191e+08      6949.1708  1.6245038e-05      30778.629      57.558     -1
     0     21       11465       14327   Coal      0     -1  6.3672753e+08      9250.1594  1.4527657e-05      34417.111      66.691     -1
     0     22       14327       17903   Coal      0     -1  9.2927401e+08      14199.252  1.5279941e-05      32722.639      80.788     -1
     0     23       17903       22372   Coal      0     -1  1.3007134e+09      23812.786  1.8307481e-05       27311.24      93.465     -1
     0     24       22372       27956   Coal      0     -1  1.7175613e+09      36624.001  2.1323257e-05      23448.576      111.98     -1
     0     25       27956       34934   Coal      0     -1  2.0763768e+09      53499.884   2.576598e-05      19405.433      109.61     -1
     0     26       34934       43654   Coal      0     -1  2.2805546e+09      67742.102  2.9704223e-05      16832.623      115.57     -1
     0     27       43654       54551   Coal      0     -1  2.2193395e+09       78084.99  3.5183887e-05      14211.051      115.24     -1
     0     28       54551       68167   Coal      0     -1  1.8896121e+09      72308.726  3.8266438e-05       13066.28      98.753     -1
     0     29       68167       85183   Coal      0     -1  1.4843656e+09       56016.56   3.773771e-05      13249.347      81.767     -1
     0     30       85183  1.0645e+05   Coal      0     -1  1.3177707e+09      27995.656   2.124471e-05      23535.271      69.037     -1
     0     31  1.0645e+05  1.3302e+05   Coal      0     -1   1.264487e+09      26702.561  2.1117307e-05      23677.261      66.978     -1
     0     32  1.3302e+05       1e+99   Coal      0     -1  2.4696288e+09      51905.792  2.1017649e-05       23789.53      53.092     -1
     0     -1           0       1e+99  Delay     -1     -1  2.5863037e+09              0              0              0           1     -1
     0     -1           0       1e+99   LogL     -1     -1              1      -14630148      -14630148              0           1     -1
     0     -1           0       1e+99 Recomb     -1     -1           4884  1.4652005e-05   3.000001e-09              0           1     -1
     0     -1           0       1e+99 Resamp     -1     -1  2.5863037e+09         656920  0.00025399956              0           1     -1
