  Iter  Epoch       Start         End   Type   From     To            Opp          Count           Rate             Ne         ESS  Clump
    10      0           0         133   Coal      0     -1      307358.15      39.506459  0.00012853558      3889.9734      1.5133     -1
    10      1         133       166.2   Coal      0     -1      164027.86     0.70684504  4.3092986e-06      116028.16      2.3312     -1
    10      2       166.2      207.68   Coal      0     -1      257874.77       2.120462  8.2228362e-06      60806.271      2.5674     -1
    10      3      207.68      259.53   Coal      0     -1      401460.21      22.861179  5.6945069e-05      8780.3915      3.1704     -1
    10      4      259.53      324.31   Coal      0     -1      623597.47      25.543716  4.0961867e-05      12206.475      3.6452     -1
    10      5      324.31      405.26   Coal      0     -1      966978.46      27.302883  2.8235254e-05      17708.358      4.1067     -1
    10      6      405.26      506.42   Coal      0     -1      1488312.4      73.280808  4.9237517e-05      10154.858      4.6148     -1
    10      7      506.42      632.82   Coal      0     -1      2293726.6      124.98605  5.4490388e-05      9175.9302      5.9158     -1
    10      8      632.82      790.79   Coal      0     -1      3512811.6         303.36  8.6358175e-05      5789.8398       6.744     -1
    10      9      790.79      988.18   Coal      0     -1      5334963.8      422.57577  7.9208743e-05      6312.4344      9.6602     -1
    10     10      988.18      1234.8   Coal      0     -1      8100625.9      514.55732  6.3520686e-05      7871.4515      10.015     -1
    10     11      1234.8      1543.1   Coal      0     -1       12290613      737.00978  5.9965259e-05      8338.1613      12.666     -1
    10     12      1543.1      1928.2   Coal      0     -1       18609447      861.85463  4.6312747e-05      10796.164      12.992     -1
    10     13      1928.2      2409.6   Coal      0     -1       28130864      1164.0701   4.138053e-05      12082.977      18.025     -1
    10     14      2409.6        3011   Coal      0     -1       42486470      1574.4083  3.7056698e-05      13492.837      20.656     -1
    10     15        3011      3762.6   Coal      0     -1       63891016         2046.8  3.2035803e-05      15607.538      23.982     -1
    10     16      3762.6      4701.8   Coal      0     -1       95660666        3011.37   3.147971e-05      15883.247      28.784     -1
    10     17      4701.8      5875.5   Coal      0     -1  1.4163528e+08        4515.16   3.187878e-05      15684.415      28.327     -1
    10     18      5875.5      7342.1   Coal      0     -1  2.0956569e+08        4935.41  2.3550659e-05      21230.829      40.588     -1
    10     19      7342.1      9174.7   Coal      0     -1  3.1149441e+08        5954.21  1.9114982e-05      26157.492      45.392     -1
    10     20      9174.7       11465   Coal      0     -1  4.6341713e+08        7764.48   1.675484e-05      29842.123      52.605     -1
    10     21       11465       14327   Coal      0     -1  6.8170892e+08       11334.44   1.662651e-05      30072.457      62.789     -1
    10     22       14327       17903   Coal      0     -1  9.7884685e+08       17594.47  1.7974691e-05      27816.889      79.236     -1
    10     23       17903       22372   Coal      0     -1  1.3375362e+09       29229.87  2.1853517e-05      22879.612       86.99     -1
    10     24       22372       27956   Coal      0     -1  1.7137878e+09       42850.31  2.5003276e-05       19997.38      98.375     -1
    10     25       27956       34934   Coal      0     -1  2.0305166e+09        58346.1  2.8734609e-05      17400.619      105.95     -1
    10     26       34934       43654   Coal      0     -1  2.2084757e+09       69089.79  3.1283926e-05      15982.649      108.71     -1
    10     27       43654       54551   Coal      0     -1  2.1843965e+09       75537.66  3.4580563e-05       14458.99      106.16     -1
    10     28       54551       68167   Coal      0     -1  1.9338324e+09       69950.64  3.6172029e-05      13822.835      89.475     -1
    10     29       68167       85183   Coal      0     -1  1.6399917e+09       54252.94  3.3081228e-05      15114.312      78.823     -1
    10     30       85183  1.0645e+05   Coal      0     -1  1.5742075e+09       28638.84  1.8192544e-05      27483.786       69.51     -1
    10     31  1.0645e+05  1.3302e+05   Coal      0     -1  1.6362443e+09       28659.55  1.7515447e-05      28546.232       69.65     -1
    10     32  1.3302e+05       1e+99   Coal      0     -1   4.070024e+09       70122.37  1.7228982e-05      29020.868      53.257     -1
    10     -1           0       1e+99  Delay     -1     -1  2.5960994e+09              0              0              0           1     -1
    10     -1           0       1e+99   LogL     -1     -1              1      -15589379      -15589379              0           1     -1
    10     -1           0       1e+99 Recomb     -1     -1           4389  1.3167005e-05  3.0000011e-09              0           1     -1
    10     -1           0       1e+99 Resamp     -1     -1  2.5960994e+09         730706  0.00028146303              0           1     -1
     9      0           0         133   Coal      0     -1      307078.06      34.121118  0.00011111545      4499.8242      1.5391     -1
     9      1         133       166.2   Coal      0     -1      166066.06      1.0172078    6.12532e-06      81628.388      2.2264     -1
     9      2       166.2      207.68   Coal      0     -1       258413.2      2.3712024  9.1760113e-06      54489.907      2.3324     -1
     9      3      207.68      259.53   Coal      0     -1      402798.66      20.724852  5.1452136e-05      9717.7695      2.8172     -1
     9      4      259.53      324.31   Coal      0     -1      626110.57      29.279588  4.6764246e-05      10691.929      3.6237     -1
     9      5      324.31      405.26   Coal      0     -1      971847.61      29.663554  3.0522845e-05      16381.173      3.8578     -1
     9      6      405.26      506.42   Coal      0     -1      1502766.3      74.804825  4.9778081e-05      10044.582       4.413     -1
     9      7      506.42      632.82   Coal      0     -1      2310366.2      123.19398  5.3322273e-05      9376.9445      5.4415     -1
     9      8      632.82      790.79   Coal      0     -1      3532621.2      293.05828  8.2957742e-05       6027.165      6.9044     -1
     9      9      790.79      988.18   Coal      0     -1        5345506      426.62467  7.9809969e-05      6264.8815      9.5376     -1
     9     10      988.18      1234.8   Coal      0     -1      8124613.7       492.5701  6.0626895e-05      8247.1649      10.389     -1
     9     11      1234.8      1543.1   Coal      0     -1       12323932      737.43302  5.9837479e-05       8355.967      11.868     -1
     9     12      1543.1      1928.2   Coal      0     -1       18637366       863.4591   4.632946e-05      10792.269      13.907     -1
     9     13      1928.2      2409.6   Coal      0     -1       28205700      1168.7276  4.1435864e-05      12066.841      16.371     -1
     9     14      2409.6        3011   Coal      0     -1       42552192        1576.82   3.705614e-05       13493.04      20.806     -1
     9     15        3011      3762.6   Coal      0     -1       63996271        2073.71  3.2403607e-05      15430.381      22.733     -1
     9     16      3762.6      4701.8   Coal      0     -1       95739430        3070.09  3.2067143e-05      15592.284       27.49     -1
     9     17      4701.8      5875.5   Coal      0     -1  1.4159417e+08        4563.91  3.2232329e-05      15512.376      29.692     -1
     9     18      5875.5      7342.1   Coal      0     -1   2.093559e+08        5004.94  2.3906372e-05      20914.926      39.977     -1
     9     19      7342.1      9174.7   Coal      0     -1  3.1114006e+08        5987.06  1.9242331e-05      25984.378      42.367     -1
     9     20      9174.7       11465   Coal      0     -1  4.6252842e+08        7757.77  1.6772526e-05      29810.655       52.44     -1
     9     21       11465       14327   Coal      0     -1  6.8099652e+08       11244.86   1.651236e-05      30280.347      64.176     -1
     9     22       14327       17903   Coal      0     -1  9.7844877e+08       17443.33  1.7827535e-05      28046.502      78.618     -1
     9     23       17903       22372   Coal      0     -1  1.3391815e+09       28991.56  2.1648717e-05      23096.057      87.142     -1
     9     24       22372       27956   Coal      0     -1  1.7186213e+09       42586.56  2.4779491e-05      20177.977      96.971     -1
     9     25       27956       34934   Coal      0     -1  2.0419576e+09       58268.93  2.8535818e-05      17521.839      108.19     -1
     9     26       34934       43654   Coal      0     -1  2.2207983e+09        69322.9  3.1215306e-05      16017.783      111.09     -1
     9     27       43654       54551   Coal      0     -1  2.1924218e+09       75974.66  3.4653304e-05      14428.639       107.3     -1
     9     28       54551       68167   Coal      0     -1  1.9331829e+09       70102.52  3.6262746e-05      13788.255      88.139     -1
     9     29       68167       85183   Coal      0     -1  1.6357873e+09       54565.76  3.3357492e-05      14989.137      77.652     -1
     9     30       85183  1.0645e+05   Coal      0     -1  1.5677449e+09       28694.85  1.8303265e-05      27317.531      70.102     -1
     9     31  1.0645e+05  1.3302e+05   Coal      0     -1  1.6258855e+09       28715.16  1.7661244e-05      28310.577      70.168     -1
     9     32  1.3302e+05       1e+99   Coal      0     -1  4.0018057e+09       69608.47  1.7394265e-05      28745.106      56.217     -1
     9     -1           0       1e+99  Delay     -1     -1  2.5960994e+09              0              0              0           1     -1
     9     -1           0       1e+99   LogL     -1     -1              1      -15589360      -15589360              0           1     -1
     9     -1           0       1e+99 Recomb     -1     -1           4389  1.3167005e-05  3.0000011e-09              0           1     -1
     9     -1           0       1e+99 Resamp     -1     -1  2.5960994e+09         729169  0.00028087098              0           1     -1
     8      0           0         133   Coal      0     -1      310973.31       32.75688  0.00010533663       4746.687      1.4603     -1
     8      1         133       166.2   Coal      0     -1      164281.13       1.096933  6.6771701e-06      74882.023      2.0567     -1
     8      2       166.2      207.68   Coal      0     -1      257827.71      1.1155474  4.3267165e-06      115561.07      2.3504     -1
     8      3      207.68      259.53   Coal      0     -1       401985.3      15.026939  3.7381812e-05      13375.489      3.0394     -1
     8      4      259.53      324.31   Coal      0     -1      623481.21      33.853346    5.42973e-05       9208.561      3.8056     -1
     8      5      324.31      405.26   Coal      0     -1      966548.89      30.541444  3.1598447e-05      15823.562      4.1319     -1
     8      6      405.26      506.42   Coal      0     -1      1493402.6       75.19074  5.0348606e-05      9930.7615      4.6785     -1
     8      7      506.42      632.82   Coal      0     -1      2305478.5      124.81752  5.4139527e-05      9235.3965      5.6049     -1
     8      8      632.82      790.79   Coal      0     -1      3533982.8      286.59149  8.1095891e-05      6165.5405      7.0735     -1
     8      9      790.79      988.18   Coal      0     -1        5355496      407.12668  7.6020349e-05      6577.1863      8.9339     -1
     8     10      988.18      1234.8   Coal      0     -1      8130482.5      486.60195  5.9849086e-05      8354.3464      10.785     -1
     8     11      1234.8      1543.1   Coal      0     -1       12324985      713.56954   5.789618e-05      8636.1484      12.015     -1
     8     12      1543.1      1928.2   Coal      0     -1       18652361       869.8397  4.6634295e-05      10721.723      15.276     -1
     8     13      1928.2      2409.6   Coal      0     -1       28202410      1149.3832  4.0754787e-05      12268.498      16.971     -1
     8     14      2409.6        3011   Coal      0     -1       42602497        1589.88  3.7318939e-05      13398.023      20.643     -1
     8     15        3011      3762.6   Coal      0     -1       63992988        2092.55  3.2699676e-05      15290.671      23.392     -1
     8     16      3762.6      4701.8   Coal      0     -1       95638179        3099.81  3.2411847e-05      15426.458      26.507     -1
     8     17      4701.8      5875.5   Coal      0     -1  1.4137209e+08        4618.41  3.2668471e-05      15305.277      30.229     -1
     8     18      5875.5      7342.1   Coal      0     -1   2.090748e+08        5078.25  2.4289154e-05       20585.32      39.778     -1
     8     19      7342.1      9174.7   Coal      0     -1  3.1008809e+08         6000.5  1.9350953e-05      25838.521      42.979     -1
     8     20      9174.7       11465   Coal      0     -1  4.6129942e+08        7755.35  1.6811966e-05      29740.722      53.537     -1
     8     21       11465       14327   Coal      0     -1  6.7954433e+08       11173.29  1.6442327e-05      30409.321      64.526     -1
     8     22       14327       17903   Coal      0     -1  9.7743506e+08       17284.17   1.768319e-05      28275.441      80.779     -1
     8     23       17903       22372   Coal      0     -1  1.3398209e+09       28694.56  2.1416713e-05      23346.253       89.07     -1
     8     24       22372       27956   Coal      0     -1  1.7231595e+09       42285.67  2.4539615e-05      20375.218      98.181     -1
     8     25       27956       34934   Coal      0     -1  2.0514457e+09       58159.67  2.8350577e-05      17636.325      109.86     -1
     8     26       34934       43654   Coal      0     -1   2.231698e+09       69489.25   3.113739e-05      16057.865      111.21     -1
     8     27       43654       54551   Coal      0     -1  2.2002353e+09       76446.01   3.474447e-05      14390.779      108.75     -1
     8     28       54551       68167   Coal      0     -1  1.9370319e+09       70429.55   3.635952e-05      13751.557        89.6     -1
     8     29       68167       85183   Coal      0     -1  1.6320728e+09       54903.88  3.3640582e-05      14863.001      78.067     -1
     8     30       85183  1.0645e+05   Coal      0     -1  1.5545961e+09       28673.35  1.8444244e-05      27108.729      69.348     -1
     8     31  1.0645e+05  1.3302e+05   Coal      0     -1  1.6073815e+09       28706.81  1.7859363e-05      27996.519      68.969     -1
     8     32  1.3302e+05       1e+99   Coal      0     -1  3.9077124e+09       68786.86  1.7602846e-05      28404.498      53.968     -1
     8     -1           0       1e+99  Delay     -1     -1  2.5960994e+09              0              0              0           1     -1
     8     -1           0       1e+99   LogL     -1     -1              1      -15589387      -15589387              0           1     -1
     8     -1           0       1e+99 Recomb     -1     -1           4389  1.3167005e-05  3.0000011e-09              0           1     -1
     8     -1           0       1e+99 Resamp     -1     -1  2.5960994e+09         727889  0.00028037794              0           1     -1
     7      0           0         133   Coal      0     -1      321073.17       34.45785  0.00010732086      4658.9264      1.4672     -1
     7      1         133       166.2   Coal      0     -1      168344.86      1.4545985  8.6405876e-06      57866.435      2.1635     -1
     7      2       166.2      207.68   Coal      0     -1      262173.38     0.46661379  1.7797909e-06      280931.88      2.5879     -1
     7      3      207.68      259.53   Coal      0     -1      407123.59      14.837243  3.6444075e-05      13719.651      3.1451     -1
     7      4      259.53      324.31   Coal      0     -1      623419.79      31.763514  5.0950443e-05      9813.4574       3.692     -1
     7      5      324.31      405.26   Coal      0     -1       966586.7      29.006012  3.0008702e-05      16661.834      3.9617     -1
     7      6      405.26      506.42   Coal      0     -1      1505315.4      68.693742  4.5634119e-05      10956.714      4.5833     -1
     7      7      506.42      632.82   Coal      0     -1        2309237      132.03371  5.7176333e-05       8744.877      5.5919     -1
     7      8      632.82      790.79   Coal      0     -1      3543777.7      282.58411  7.9740925e-05       6270.306      7.0399     -1
     7      9      790.79      988.18   Coal      0     -1      5372249.4      405.43696  7.5468754e-05      6625.2585      8.8474     -1
     7     10      988.18      1234.8   Coal      0     -1      8156800.7      476.70899  5.8443134e-05       8555.325      10.937     -1
     7     11      1234.8      1543.1   Coal      0     -1       12381773      695.58793  5.6178377e-05      8900.2215      11.883     -1
     7     12      1543.1      1928.2   Coal      0     -1       18740499      871.81974  4.6520626e-05      10747.921      14.582     -1
     7     13      1928.2      2409.6   Coal      0     -1       28302619      1158.0102    4.09153e-05      12220.367      16.901     -1
     7     14      2409.6        3011   Coal      0     -1       42695503        1603.43  3.7555009e-05      13313.803      19.438     -1
     7     15        3011      3762.6   Coal      0     -1       64070698        2107.94  3.2900219e-05      15197.467      23.068     -1
     7     16      3762.6      4701.8   Coal      0     -1       95736388        3168.42  3.3095253e-05      15107.907      24.745     -1
     7     17      4701.8      5875.5   Coal      0     -1  1.4121757e+08        4695.21  3.3248058e-05      15038.472      31.049     -1
     7     18      5875.5      7342.1   Coal      0     -1  2.0852695e+08        5159.29  2.4741598e-05       20208.88      38.774     -1
     7     19      7342.1      9174.7   Coal      0     -1  3.1036296e+08        6039.65  1.9459958e-05      25693.787      41.624     -1
     7     20      9174.7       11465   Coal      0     -1  4.6066492e+08        7753.26  1.6830585e-05      29707.821      55.013     -1
     7     21       11465       14327   Coal      0     -1  6.7881911e+08        11087.1  1.6332923e-05      30613.015      64.755     -1
     7     22       14327       17903   Coal      0     -1  9.7746481e+08       17097.66  1.7491842e-05      28584.754      79.373     -1
     7     23       17903       22372   Coal      0     -1  1.3425232e+09       28393.34  2.1149235e-05      23641.517      87.457     -1
     7     24       22372       27956   Coal      0     -1  1.7293384e+09       41962.18  2.4264875e-05      20605.917      95.235     -1
     7     25       27956       34934   Coal      0     -1  2.0635257e+09       58090.31  2.8150999e-05      17761.359      108.74     -1
     7     26       34934       43654   Coal      0     -1  2.2439757e+09       69588.01  3.1011036e-05      16123.293      108.06     -1
     7     27       43654       54551   Coal      0     -1  2.2115092e+09       76999.47  3.4817613e-05      14360.548      107.29     -1
     7     28       54551       68167   Coal      0     -1  1.9437155e+09       70920.69  3.6487176e-05      13703.445      89.394     -1
     7     29       68167       85183   Coal      0     -1  1.6262347e+09       55232.18  3.3963228e-05      14721.804       77.74     -1
     7     30       85183  1.0645e+05   Coal      0     -1  1.5479411e+09        28805.2  1.8608718e-05      26869.127      70.251     -1
     7     31  1.0645e+05  1.3302e+05   Coal      0     -1  1.5901886e+09       28748.95  1.8078956e-05      27656.464       69.62     -1
     7     32  1.3302e+05       1e+99   Coal      0     -1  3.7863696e+09       67641.36  1.7864437e-05      27988.568       54.53     -1
     7     -1           0       1e+99  Delay     -1     -1  2.5960994e+09              0              0              0           1     -1
     7     -1           0       1e+99   LogL     -1     -1              1      -15589458      -15589458              0           1     -1
     7     -1           0       1e+99 Recomb     -1     -1           4389  1.3167005e-05  3.0000011e-09              0           1     -1
     7     -1           0       1e+99 Resamp     -1     -1  2.5960994e+09         726141  0.00027970462              0           1     -1
     6      0           0         133   Coal      0     -1      301138.22      34.930468   0.0001159948      4310.5381      1.5163     -1
     6      1         133       166.2   Coal      0     -1      164559.42      1.1248262  6.8353804e-06      73148.819      2.2429     -1
     6      2       166.2      207.68   Coal      0     -1      258773.38      1.0021411  3.8726592e-06      129110.25      2.3944     -1
     6      3      207.68      259.53   Coal      0     -1      404882.47      14.206741  3.5088556e-05       14249.66      2.7848     -1
     6      4      259.53      324.31   Coal      0     -1      630912.68      35.379319  5.6076411e-05      8916.4052      3.6726     -1
     6      5      324.31      405.26   Coal      0     -1      979405.63      28.994464  2.9604142e-05      16889.528      4.4062     -1
     6      6      405.26      506.42   Coal      0     -1      1504820.6      64.083524  4.2585492e-05      11741.088      4.7533     -1
     6      7      506.42      632.82   Coal      0     -1      2322306.8      126.06021  5.4282326e-05      9211.1013      5.5214     -1
     6      8      632.82      790.79   Coal      0     -1      3548183.2      273.79599  7.7165123e-05      6479.6113      7.1608     -1
     6      9      790.79      988.18   Coal      0     -1      5382288.6      383.22509  7.1201142e-05      7022.3593       8.576     -1
     6     10      988.18      1234.8   Coal      0     -1      8157694.3       466.3517  5.7167097e-05      8746.2899      10.885     -1
     6     11      1234.8      1543.1   Coal      0     -1       12382767      676.29491  5.4615813e-05      9154.8578      11.439     -1
     6     12      1543.1      1928.2   Coal      0     -1       18682719      851.74914  4.5590214e-05      10967.266      16.155     -1
     6     13      1928.2      2409.6   Coal      0     -1       28338289      1141.6185  4.0285371e-05      12411.453      16.349     -1
     6     14      2409.6        3011   Coal      0     -1       42785490        1606.06  3.7537492e-05      13320.016      20.196     -1
     6     15        3011      3762.6   Coal      0     -1       64214642        2148.48   3.345779e-05      14944.203      23.301     -1
     6     16      3762.6      4701.8   Coal      0     -1       95789434         3231.6  3.3736497e-05      14820.744      25.114     -1
     6     17      4701.8      5875.5   Coal      0     -1  1.4112521e+08        4784.36  3.3901527e-05      14748.598      30.701     -1
     6     18      5875.5      7342.1   Coal      0     -1   2.081525e+08        5215.16  2.5054516e-05      19956.482      38.806     -1
     6     19      7342.1      9174.7   Coal      0     -1  3.0867559e+08        6043.33  1.9578257e-05      25538.535      42.897     -1
     6     20      9174.7       11465   Coal      0     -1  4.5947202e+08        7739.47  1.6844268e-05      29683.687      54.827     -1
     6     21       11465       14327   Coal      0     -1  6.7729107e+08       10950.43  1.6167982e-05      30925.319      62.854     -1
     6     22       14327       17903   Coal      0     -1  9.7704982e+08       16888.36  1.7285055e-05      28926.723       80.28     -1
     6     23       17903       22372   Coal      0     -1  1.3444653e+09       28045.71  2.0860121e-05       23969.18      87.668     -1
     6     24       22372       27956   Coal      0     -1  1.7371119e+09       41617.27  2.3957737e-05      20870.084      97.755     -1
     6     25       27956       34934   Coal      0     -1  2.0741041e+09       57904.03   2.791761e-05      17909.843      107.68     -1
     6     26       34934       43654   Coal      0     -1  2.2597809e+09       69766.91  3.0873308e-05       16195.22       109.4     -1
     6     27       43654       54551   Coal      0     -1  2.2227211e+09       77543.21  3.4886612e-05      14332.145      106.53     -1
     6     28       54551       68167   Coal      0     -1  1.9498701e+09       71443.28   3.664002e-05      13646.281      90.646     -1
     6     29       68167       85183   Coal      0     -1  1.6224109e+09       55602.27  3.4271387e-05       14589.43      78.588     -1
     6     30       85183  1.0645e+05   Coal      0     -1  1.5416223e+09       28998.88  1.8810625e-05      26580.722      70.324     -1
     6     31  1.0645e+05  1.3302e+05   Coal      0     -1  1.5708112e+09        28788.2  1.8326963e-05      27282.207      68.346     -1
     6     32  1.3302e+05       1e+99   Coal      0     -1  3.6691285e+09        66514.1  1.8128038e-05      27581.584      53.231     -1
     6     -1           0       1e+99  Delay     -1     -1  2.5960994e+09              0              0              0           1     -1
     6     -1           0       1e+99   LogL     -1     -1              1      -15589702      -15589702              0           1     -1
     6     -1           0       1e+99 Recomb     -1     -1           4389  1.3167005e-05  3.0000011e-09              0           1     -1
     6     -1           0       1e+99 Resamp     -1     -1  2.5960994e+09         723811  0.00027880712              0           1     -1
     5      0           0         133   Coal      0     -1      318607.69      33.254749  0.00010437522      4790.4089      1.5521     -1
     5      1         133       166.2   Coal      0     -1      167562.51        1.36842  8.1666238e-06      61224.812      2.1333     -1
     5      2       166.2      207.68   Coal      0     -1      259107.04      2.1083198  8.1368679e-06      61448.705       2.311     -1
     5      3      207.68      259.53   Coal      0     -1      404102.18      13.855771   3.428779e-05       14582.45      2.7375     -1
     5      4      259.53      324.31   Coal      0     -1      625977.41      29.015128  4.6351718e-05      10787.087      3.5395     -1
     5      5      324.31      405.26   Coal      0     -1      973171.36       25.19169  2.5886181e-05      19315.325      4.5556     -1
     5      6      405.26      506.42   Coal      0     -1        1508209      65.551935  4.3463428e-05      11503.925       4.863     -1
     5      7      506.42      632.82   Coal      0     -1      2314419.5      119.62747  5.1687893e-05      9673.4452      5.6767     -1
     5      8      632.82      790.79   Coal      0     -1      3545864.5      265.51823  7.4881098e-05      6677.2525      6.4517     -1
     5      9      790.79      988.18   Coal      0     -1      5388322.1      365.69113  6.7867347e-05      7367.3132      9.3715     -1
     5     10      988.18      1234.8   Coal      0     -1      8196494.7      469.02753  5.7222941e-05      8737.7543      10.133     -1
     5     11      1234.8      1543.1   Coal      0     -1       12432657      657.03976  5.2847897e-05      9461.1145      11.523     -1
     5     12      1543.1      1928.2   Coal      0     -1       18822584      858.47526   4.560879e-05      10962.799      15.671     -1
     5     13      1928.2      2409.6   Coal      0     -1       28505389      1142.6759  4.0086311e-05      12473.086      16.129     -1
     5     14      2409.6        3011   Coal      0     -1       42927229      1619.1486  3.7718453e-05      13256.111      19.863     -1
     5     15        3011      3762.6   Coal      0     -1       64343841        2194.23  3.4101632e-05      14662.055        22.9     -1
     5     16      3762.6      4701.8   Coal      0     -1       95816479        3301.93  3.4460982e-05      14509.163      24.903     -1
     5     17      4701.8      5875.5   Coal      0     -1  1.4084639e+08        4889.55   3.471548e-05      14402.797      29.972     -1
     5     18      5875.5      7342.1   Coal      0     -1  2.0745028e+08        5285.43  2.5478057e-05      19624.731      40.344     -1
     5     19      7342.1      9174.7   Coal      0     -1  3.0748668e+08        6088.36  1.9800402e-05      25252.012       44.03     -1
     5     20      9174.7       11465   Coal      0     -1  4.5796854e+08        7684.74  1.6780061e-05       29797.27      56.949     -1
     5     21       11465       14327   Coal      0     -1  6.7576125e+08       10802.25  1.5985305e-05      31278.727      64.519     -1
     5     22       14327       17903   Coal      0     -1  9.7650363e+08       16653.89  1.7054611e-05      29317.584      79.275     -1
     5     23       17903       22372   Coal      0     -1    1.34689e+09       27634.71  2.0517422e-05      24369.533      86.969     -1
     5     24       22372       27956   Coal      0     -1  1.7445253e+09        41182.5  2.3606709e-05       21180.42      96.678     -1
     5     25       27956       34934   Coal      0     -1  2.0912802e+09       57814.89  2.7645693e-05          18086      111.85     -1
     5     26       34934       43654   Coal      0     -1  2.2782978e+09        69933.9   3.069568e-05      16288.937      110.05     -1
     5     27       43654       54551   Coal      0     -1  2.2389915e+09       78206.73  3.4929444e-05      14314.571      109.89     -1
     5     28       54551       68167   Coal      0     -1  1.9614127e+09       72144.32  3.6781816e-05      13593.674      92.861     -1
     5     29       68167       85183   Coal      0     -1  1.6218792e+09       56198.33  3.4650134e-05      14429.959      80.852     -1
     5     30       85183  1.0645e+05   Coal      0     -1  1.5243817e+09       29085.79  1.9080385e-05      26204.921       71.83     -1
     5     31  1.0645e+05  1.3302e+05   Coal      0     -1  1.5447649e+09       28765.37  1.8621196e-05      26851.121      69.701     -1
     5     32  1.3302e+05       1e+99   Coal      0     -1  3.5374322e+09       65229.46  1.8439777e-05      27115.296      52.205     -1
     5     -1           0       1e+99  Delay     -1     -1  2.5960994e+09              0              0              0           1     -1
     5     -1           0       1e+99   LogL     -1     -1              1      -15589668      -15589668              0           1     -1
     5     -1           0       1e+99 Recomb     -1     -1           4389  1.3167005e-05  3.0000011e-09              0           1     -1
     5     -1           0       1e+99 Resamp     -1     -1  2.5960994e+09         721521  0.00027792503              0           1     -1
     4      0           0         133   Coal      0     -1      318076.46      31.323202  9.8476957e-05      5077.3299      1.5308     -1
     4      1         133       166.2   Coal      0     -1      168726.44      3.7978859  2.2509133e-05      22213.205      2.2486     -1
     4      2       166.2      207.68   Coal      0     -1      263263.71      1.4490639  5.5042295e-06      90839.236      2.6399     -1
     4      3      207.68      259.53   Coal      0     -1      409846.71      12.419736  3.0303368e-05      16499.816      2.8723     -1
     4      4      259.53      324.31   Coal      0     -1       635863.1      28.270785  4.4460491e-05       11245.94      3.3969     -1
     4      5      324.31      405.26   Coal      0     -1      977304.21      21.197347  2.1689609e-05      23052.513      4.6435     -1
     4      6      405.26      506.42   Coal      0     -1      1509082.1       58.22343  3.8582015e-05      12959.406      4.8409     -1
     4      7      506.42      632.82   Coal      0     -1      2319034.8      106.97854  4.6130634e-05      10838.784      6.2934     -1
     4      8      632.82      790.79   Coal      0     -1      3550285.8      250.29886  7.0501046e-05      7092.0933      6.0954     -1
     4      9      790.79      988.18   Coal      0     -1      5396178.7      358.98239  6.6525297e-05      7515.9379      8.7081     -1
     4     10      988.18      1234.8   Coal      0     -1      8204202.2      452.67527  5.5176025e-05      9061.9068      10.816     -1
     4     11      1234.8      1543.1   Coal      0     -1       12482239       642.8347   5.149995e-05      9708.7473      12.221     -1
     4     12      1543.1      1928.2   Coal      0     -1       18933390      848.92232  4.4837311e-05      11151.427      12.921     -1
     4     13      1928.2      2409.6   Coal      0     -1       28537406      1156.5595  4.0527843e-05      12337.197      16.725     -1
     4     14      2409.6        3011   Coal      0     -1       42962778        1642.93  3.8240777e-05      13075.048      20.242     -1
     4     15        3011      3762.6   Coal      0     -1       64300672        2254.85  3.5067285e-05      14258.304      24.967     -1
     4     16      3762.6      4701.8   Coal      0     -1       95601393        3382.43  3.5380551e-05      14132.058      26.142     -1
     4     17      4701.8      5875.5   Coal      0     -1  1.4045649e+08        4968.22  3.5371951e-05      14135.494      29.275     -1
     4     18      5875.5      7342.1   Coal      0     -1  2.0619486e+08        5367.56  2.6031493e-05      19207.504      42.008     -1
     4     19      7342.1      9174.7   Coal      0     -1   3.062994e+08        6135.21  2.0030108e-05      24962.422      44.063     -1
     4     20      9174.7       11465   Coal      0     -1  4.5636544e+08        7636.41  1.6733103e-05      29880.889      58.052     -1
     4     21       11465       14327   Coal      0     -1   6.738885e+08        10640.8  1.5790149e-05      31665.312      62.864     -1
     4     22       14327       17903   Coal      0     -1  9.7565492e+08       16350.21   1.675819e-05      29836.159      79.145     -1
     4     23       17903       22372   Coal      0     -1  1.3496142e+09       27194.75  2.0150018e-05      24813.874      89.283     -1
     4     24       22372       27956   Coal      0     -1  1.7541156e+09       40711.25  2.3208989e-05      21543.377      99.369     -1
     4     25       27956       34934   Coal      0     -1  2.1064699e+09       57630.16  2.7358643e-05       18275.76      111.11     -1
     4     26       34934       43654   Coal      0     -1  2.3033563e+09       70267.52  3.0506579e-05      16389.907       114.5     -1
     4     27       43654       54551   Coal      0     -1  2.2592384e+09       78985.23  3.4960998e-05      14301.651      111.11     -1
     4     28       54551       68167   Coal      0     -1   1.967909e+09       72823.86  3.7005705e-05       13511.43      93.843     -1
     4     29       68167       85183   Coal      0     -1  1.6138505e+09          56635   3.509309e-05      14247.819      78.299     -1
     4     30       85183  1.0645e+05   Coal      0     -1  1.5059497e+09       29190.05  1.9383151e-05      25795.599      69.809     -1
     4     31  1.0645e+05  1.3302e+05   Coal      0     -1  1.5214166e+09       28820.52  1.8943214e-05      26394.676       69.72     -1
     4     32  1.3302e+05       1e+99   Coal      0     -1  3.3864715e+09       63727.24  1.8818183e-05      26570.047      53.911     -1
     4     -1           0       1e+99  Delay     -1     -1  2.5960994e+09              0              0              0           1     -1
     4     -1           0       1e+99   LogL     -1     -1              1      -15589917      -15589917              0           1     -1
     4     -1           0       1e+99 Recomb     -1     -1           4389  1.3167005e-05  3.0000011e-09              0           1     -1
     4     -1           0       1e+99 Resamp     -1     -1  2.5960994e+09         718482  0.00027675442              0           1     -1
     3      0           0         133   Coal      0     -1      316320.42      28.519309  9.0159556e-05      5545.7239      1.5489     -1
     3      1         133       166.2   Coal      0     -1      166014.15       2.323566  1.3996192e-05      35724.002      2.2982     -1
     3      2       166.2      207.68   Coal      0     -1      257672.76      3.0302497   1.176007e-05      42516.754      2.6353     -1
     3      3      207.68      259.53   Coal      0     -1       401132.3      9.6302701  2.4007715e-05      20826.638      2.9889     -1
     3      4      259.53      324.31   Coal      0     -1      620743.43      21.952143  3.5364277e-05      14138.561      3.7392     -1
     3      5      324.31      405.26   Coal      0     -1      962524.15      21.091277  2.1912466e-05      22818.062      4.1633     -1
     3      6      405.26      506.42   Coal      0     -1      1494540.4      53.120911   3.554331e-05      14067.345      5.5471     -1
     3      7      506.42      632.82   Coal      0     -1      2322420.8      100.36208  4.3214424e-05      11570.211      6.3666     -1
     3      8      632.82      790.79   Coal      0     -1      3563475.2      238.83429  6.7022857e-05      7460.1416      6.5257     -1
     3      9      790.79      988.18   Coal      0     -1      5439981.8      350.16299  6.4368411e-05      7767.7853      8.3782     -1
     3     10      988.18      1234.8   Coal      0     -1        8263660       441.4237  5.3417457e-05      9360.2359      10.622     -1
     3     11      1234.8      1543.1   Coal      0     -1       12537831      633.53232   5.052966e-05      9895.1784      12.372     -1
     3     12      1543.1      1928.2   Coal      0     -1       19000756      849.47291   4.470732e-05      11183.851      12.724     -1
     3     13      1928.2      2409.6   Coal      0     -1       28700392       1169.598  4.0751988e-05       12269.34      16.004     -1
     3     14      2409.6        3011   Coal      0     -1       43141528        1656.21  3.8390156e-05      13024.172      20.966     -1
     3     15        3011      3762.6   Coal      0     -1       64493727        2322.95  3.6018232e-05      13881.859      23.726     -1
     3     16      3762.6      4701.8   Coal      0     -1       95773379        3462.65  3.6154619e-05      13829.492      25.874     -1
     3     17      4701.8      5875.5   Coal      0     -1   1.404354e+08         5093.1  3.6266497e-05      13786.829      29.537     -1
     3     18      5875.5      7342.1   Coal      0     -1  2.0563103e+08        5474.24  2.6621663e-05      18781.697      41.178     -1
     3     19      7342.1      9174.7   Coal      0     -1  3.0527673e+08        6154.92  2.0161773e-05      24799.407      45.297     -1
     3     20      9174.7       11465   Coal      0     -1  4.5510545e+08         7578.6  1.6652404e-05      30025.694      57.073     -1
     3     21       11465       14327   Coal      0     -1  6.7330843e+08       10457.19  1.5531055e-05      32193.564      61.985     -1
     3     22       14327       17903   Coal      0     -1  9.7617169e+08       16049.21   1.644097e-05       30411.83      78.365     -1
     3     23       17903       22372   Coal      0     -1  1.3541164e+09       26702.93  1.9719818e-05      25355.203      89.947     -1
     3     24       22372       27956   Coal      0     -1  1.7660808e+09       40224.17  2.2775951e-05      21952.981      99.393     -1
     3     25       27956       34934   Coal      0     -1  2.1265707e+09       57445.55  2.7013233e-05      18509.447      110.45     -1
     3     26       34934       43654   Coal      0     -1  2.3282721e+09       70541.32  3.0297713e-05      16502.896      113.85     -1
     3     27       43654       54551   Coal      0     -1  2.2760576e+09       79702.01  3.5017572e-05      14278.546      108.44     -1
     3     28       54551       68167   Coal      0     -1  1.9789244e+09       73668.69  3.7226632e-05      13431.245      94.733     -1
     3     29       68167       85183   Coal      0     -1  1.6083416e+09        57238.9  3.5588771e-05      14049.375      79.471     -1
     3     30       85183  1.0645e+05   Coal      0     -1  1.4878671e+09       29360.16  1.9733053e-05      25338.198      69.244     -1
     3     31  1.0645e+05  1.3302e+05   Coal      0     -1  1.4917152e+09       28875.18  1.9357033e-05      25830.404      69.353     -1
     3     32  1.3302e+05       1e+99   Coal      0     -1  3.2326141e+09       62230.09  1.9250702e-05      25973.079      52.947     -1
     3     -1           0       1e+99  Delay     -1     -1  2.5960994e+09              0              0              0           1     -1
     3     -1           0       1e+99   LogL     -1     -1              1      -15590166      -15590166              0           1     -1
     3     -1           0       1e+99 Recomb     -1     -1           4389  1.3167005e-05  3.0000011e-09              0           1     -1
     3     -1           0       1e+99 Resamp     -1     -1  2.5960994e+09         715605  0.00027564622              0           1     -1
     2      0           0         133   Coal      0     -1      310211.33      23.807343  7.6745563e-05      6515.0346      1.5897     -1
     2      1         133       166.2   Coal      0     -1      163352.64      3.0359587  1.8585305e-05      26902.975      2.3148     -1
     2      2       166.2      207.68   Coal      0     -1      255196.51      1.8021922  7.0619782e-06      70801.691      2.8146     -1
     2      3      207.68      259.53   Coal      0     -1      399339.08      8.5981542  2.1530961e-05      23222.373      3.4022     -1
     2      4      259.53      324.31   Coal      0     -1       622781.2      18.073883  2.9021241e-05       17228.76       3.577     -1
     2      5      324.31      405.26   Coal      0     -1      971664.87      24.470899  2.5184505e-05      19853.477      3.8613     -1
     2      6      405.26      506.42   Coal      0     -1      1505510.8      50.230081  3.3364145e-05      14986.148      4.7827     -1
     2      7      506.42      632.82   Coal      0     -1      2327441.6      91.290973  3.9223744e-05      12747.381      6.2402     -1
     2      8      632.82      790.79   Coal      0     -1      3568016.9       226.8482  6.3578232e-05      7864.3269      6.9106     -1
     2      9      790.79      988.18   Coal      0     -1        5438863      320.37198  5.8904219e-05      8488.3563      7.9308     -1
     2     10      988.18      1234.8   Coal      0     -1      8275301.1      422.28983  5.1030147e-05      9798.1297      11.039     -1
     2     11      1234.8      1543.1   Coal      0     -1       12575363      615.93876  4.8979799e-05       10208.29      11.642     -1
     2     12      1543.1      1928.2   Coal      0     -1       19024633      844.58874  4.4394483e-05      11262.661      13.991     -1
     2     13      1928.2      2409.6   Coal      0     -1       28717688        1181.16  4.1130052e-05      12156.561      17.475     -1
     2     14      2409.6        3011   Coal      0     -1       43255159        1674.96   3.872278e-05      12912.296       19.53     -1
     2     15        3011      3762.6   Coal      0     -1       64571679        2381.88  3.6887379e-05      13554.772      23.569     -1
     2     16      3762.6      4701.8   Coal      0     -1       95704005        3557.01  3.7166783e-05      13452.873      26.607     -1
     2     17      4701.8      5875.5   Coal      0     -1  1.4003887e+08        5202.14  3.7147829e-05      13459.737      30.923     -1
     2     18      5875.5      7342.1   Coal      0     -1  2.0474457e+08        5586.98  2.7287561e-05      18323.367      42.952     -1
     2     19      7342.1      9174.7   Coal      0     -1  3.0370193e+08        6168.31  2.0310408e-05       24617.92      43.252     -1
     2     20      9174.7       11465   Coal      0     -1  4.5318482e+08         7494.9  1.6538286e-05       30232.88      58.833     -1
     2     21       11465       14327   Coal      0     -1  6.7131106e+08       10223.44  1.5229065e-05      32831.956      61.119     -1
     2     22       14327       17903   Coal      0     -1  9.7626239e+08       15666.17   1.604709e-05      31158.298      82.116     -1
     2     23       17903       22372   Coal      0     -1   1.357946e+09       26160.69  1.9264897e-05       25953.94      90.618     -1
     2     24       22372       27956   Coal      0     -1  1.7786366e+09       39644.05   2.228901e-05       22432.58       101.4     -1
     2     25       27956       34934   Coal      0     -1   2.144982e+09       57116.22  2.6627832e-05      18777.345      106.85     -1
     2     26       34934       43654   Coal      0     -1  2.3610325e+09       70991.02  3.0067786e-05      16629.092      118.12     -1
     2     27       43654       54551   Coal      0     -1  2.3004213e+09       80578.96  3.5027915e-05       14274.33       109.8     -1
     2     28       54551       68167   Coal      0     -1  1.9920339e+09       74662.79  3.7480683e-05      13340.205       95.75     -1
     2     29       68167       85183   Coal      0     -1  1.6056513e+09       58047.02  3.6151697e-05      13830.609      80.249     -1
     2     30       85183  1.0645e+05   Coal      0     -1  1.4699699e+09       29581.88   2.012414e-05      24845.782      69.294     -1
     2     31  1.0645e+05  1.3302e+05   Coal      0     -1  1.4578016e+09       28929.82  1.9844827e-05      25195.483      68.635     -1
     2     32  1.3302e+05       1e+99   Coal      0     -1  3.0625927e+09       60489.38  1.9751036e-05      25315.127       52.68     -1
     2     -1           0       1e+99  Delay     -1     -1  2.5960994e+09              0              0              0           1     -1
     2     -1           0       1e+99   LogL     -1     -1              1      -15590370      -15590370              0           1     -1
     2     -1           0       1e+99 Recomb     -1     -1           4389  1.3167005e-05  3.0000011e-09              0           1     -1
     2     -1           0       1e+99 Resamp     -1     -1  2.5960994e+09         711957  0.00027424104              0           1     -1
     1      0           0         133   Coal      0     -1      310283.58      19.701343  6.3494636e-05      7874.6809      1.4631     -1
     1      1         133       166.2   Coal      0     -1      167396.02      1.4860433  8.8774114e-06      56322.725      2.3666     -1
     1      2       166.2      207.68   Coal      0     -1         258344      3.1651184  1.2251565e-05      40811.111      2.7648     -1
     1      3      207.68      259.53   Coal      0     -1      403128.88      4.9249936  1.2216921e-05      40926.843      3.0114     -1
     1      4      259.53      324.31   Coal      0     -1      626617.68      13.099951  2.0905811e-05      23916.795      3.9803     -1
     1      5      324.31      405.26   Coal      0     -1      971583.92      20.751826  2.1358758e-05      23409.601       4.211     -1
     1      6      405.26      506.42   Coal      0     -1      1501220.4      41.717656  2.7789161e-05      17992.627      5.3161     -1
     1      7      506.42      632.82   Coal      0     -1      2325988.4      80.806503  3.4740717e-05      14392.334       5.382     -1
     1      8      632.82      790.79   Coal      0     -1      3569291.2       208.3897  5.8384055e-05      8563.9821       7.596     -1
     1      9      790.79      988.18   Coal      0     -1      5458873.2      299.73307  5.4907499e-05      9106.2243      7.3311     -1
     1     10      988.18      1234.8   Coal      0     -1      8320145.1      405.39071  4.8723995e-05      10261.884      9.5622     -1
     1     11      1234.8      1543.1   Coal      0     -1       12618055      596.95847  4.7309864e-05      10568.621      13.199     -1
     1     12      1543.1      1928.2   Coal      0     -1       19122965       830.7495  4.3442506e-05      11509.465      15.456     -1
     1     13      1928.2      2409.6   Coal      0     -1       28913740      1195.0245  4.1330679e-05      12097.551      14.872     -1
     1     14      2409.6        3011   Coal      0     -1       43397344        1720.78  3.9651735e-05      12609.789      20.313     -1
     1     15        3011      3762.6   Coal      0     -1       64690848        2456.25   3.796905e-05       13168.62      25.075     -1
     1     16      3762.6      4701.8   Coal      0     -1       95717598        3660.53   3.824302e-05      13074.281      28.228     -1
     1     17      4701.8      5875.5   Coal      0     -1  1.3970165e+08        5375.79  3.8480506e-05      12993.592      31.049     -1
     1     18      5875.5      7342.1   Coal      0     -1  2.0443286e+08        5697.97  2.7872084e-05      17939.096      41.171     -1
     1     19      7342.1      9174.7   Coal      0     -1  3.0231258e+08        6169.15  2.0406527e-05      24501.964       46.09     -1
     1     20      9174.7       11465   Coal      0     -1  4.5129259e+08        7401.07  1.6399715e-05      30488.334       57.77     -1
     1     21       11465       14327   Coal      0     -1  6.6988017e+08        9957.02  1.4863882e-05      33638.587      63.113     -1
     1     22       14327       17903   Coal      0     -1  9.7650562e+08          15272  1.5639439e-05      31970.456      80.785     -1
     1     23       17903       22372   Coal      0     -1  1.3645347e+09        25545.2  1.8720814e-05       26708.24      93.605     -1
     1     24       22372       27956   Coal      0     -1  1.7936588e+09       39017.97  2.1753284e-05      22985.035      104.14     -1
     1     25       27956       34934   Coal      0     -1  2.1703828e+09       56726.75  2.6136748e-05      19130.153      107.84     -1
     1     26       34934       43654   Coal      0     -1  2.3919313e+09       71330.59  2.9821338e-05      16766.518      117.51     -1
     1     27       43654       54551   Coal      0     -1  2.3311715e+09       81619.44  3.5012199e-05      14280.737       112.7     -1
     1     28       54551       68167   Coal      0     -1  2.0035419e+09       75671.28  3.7768754e-05      13238.456      95.741     -1
     1     29       68167       85183   Coal      0     -1  1.6019573e+09       58956.14  3.6802566e-05      13586.009      80.613     -1
     1     30       85183  1.0645e+05   Coal      0     -1   1.449983e+09       29895.91  2.0618111e-05      24250.524      68.498     -1
     1     31  1.0645e+05  1.3302e+05   Coal      0     -1  1.4224739e+09       29052.93  2.0424227e-05       24480.73      68.022     -1
     1     32  1.3302e+05       1e+99   Coal      0     -1  2.8800078e+09       58587.96  2.0342987e-05      24578.495      54.704     -1
     1     -1           0       1e+99  Delay     -1     -1  2.5960994e+09              0              0              0           1     -1
     1     -1           0       1e+99   LogL     -1     -1              1      -15590709      -15590709              0           1     -1
     1     -1           0       1e+99 Recomb     -1     -1           4389  1.3167005e-05  3.0000011e-09              0           1     -1
     1     -1           0       1e+99 Resamp     -1     -1  2.5960994e+09         707135  0.00027238364              0           1     -1
     0      0           0         133   Coal      0     -1      305622.71      7.8950594  2.5832699e-05      19355.314      1.3968     -1
     0      1         133       166.2   Coal      0     -1      167345.18      1.0929601  6.5311714e-06      76555.945      2.3494     -1
     0      2       166.2      207.68   Coal      0     -1      260024.07      2.4285949   9.339885e-06       53533.85       2.554     -1
     0      3      207.68      259.53   Coal      0     -1      400684.67      4.6610455  1.1632702e-05      42982.274      2.6176     -1
     0      4      259.53      324.31   Coal      0     -1      624788.83      6.6047617   1.057119e-05      47298.363      3.6981     -1
     0      5      324.31      405.26   Coal      0     -1      968364.59      20.414341  2.1081256e-05      23717.752      3.7947     -1
     0      6      405.26      506.42   Coal      0     -1      1512297.4      33.333513  2.2041638e-05      22684.339      6.1804     -1
     0      7      506.42      632.82   Coal      0     -1      2338643.7      75.270141  3.2185382e-05      15535.003      6.1037     -1
     0      8      632.82      790.79   Coal      0     -1      3600672.4      189.40711  5.2603261e-05      9505.1142       6.585     -1
     0      9      790.79      988.18   Coal      0     -1      5508481.9      273.15948  4.9588887e-05      10082.904      9.0075     -1
     0     10      988.18      1234.8   Coal      0     -1      8411207.2      379.19592  4.5082223e-05      11090.846      10.193     -1
     0     11      1234.8      1543.1   Coal      0     -1       12795639      577.78073  4.5154503e-05      11073.093      11.377     -1
     0     12      1543.1      1928.2   Coal      0     -1       19391900      823.58037  4.2470328e-05      11772.925      14.696     -1
     0     13      1928.2      2409.6   Coal      0     -1       29246282      1208.7216  4.1329069e-05      12098.022      15.506     -1
     0     14      2409.6        3011   Coal      0     -1       43775451        1762.63  4.0265262e-05      12417.652      19.965     -1
     0     15        3011      3762.6   Coal      0     -1       65015916        2562.42  3.9412196e-05      12686.428      24.999     -1
     0     16      3762.6      4701.8   Coal      0     -1       95851393        3806.74   3.971502e-05      12589.695      30.027     -1
     0     17      4701.8      5875.5   Coal      0     -1  1.3942672e+08        5544.56  3.9766839e-05       12573.29      31.224     -1
     0     18      5875.5      7342.1   Coal      0     -1  2.0367336e+08        5815.73  2.8554201e-05      17510.558      39.165     -1
     0     19      7342.1      9174.7   Coal      0     -1  3.0099778e+08        6170.02  2.0498556e-05      24391.962      49.365     -1
     0     20      9174.7       11465   Coal      0     -1  4.4964285e+08        7275.05  1.6179619e-05      30903.076      56.435     -1
     0     21       11465       14327   Coal      0     -1   6.689749e+08        9663.99  1.4445968e-05      34611.734      65.753     -1
     0     22       14327       17903   Coal      0     -1    9.77371e+08       14789.93   1.513236e-05      33041.772      80.008     -1
     0     23       17903       22372   Coal      0     -1  1.3708933e+09       24861.41  1.8135189e-05      27570.707      92.751     -1
     0     24       22372       27956   Coal      0     -1  1.8146308e+09       38418.18  2.1171348e-05      23616.824      112.66     -1
     0     25       27956       34934   Coal      0     -1   2.200884e+09       56296.27  2.5578935e-05      19547.334      109.56     -1
     0     26       34934       43654   Coal      0     -1  2.4253672e+09       71596.05  2.9519674e-05      16937.857      114.38     -1
     0     27       43654       54551   Coal      0     -1  2.3686394e+09       82864.01  3.4983802e-05      14292.329      115.36     -1
     0     28       54551       68167   Coal      0     -1  2.0252029e+09       77110.44  3.8075415e-05      13131.833      99.368     -1
     0     29       68167       85183   Coal      0     -1  1.5982228e+09       60046.54   3.757082e-05        13308.2      83.247     -1
     0     30       85183  1.0645e+05   Coal      0     -1  1.4270377e+09       30241.21  2.1191599e-05      23594.256      70.957     -1
     0     31  1.0645e+05  1.3302e+05   Coal      0     -1  1.3749913e+09       28971.14  2.1070054e-05      23730.362      67.819     -1
     0     32  1.3302e+05       1e+99   Coal      0     -1  2.6831101e+09          56415  2.1025973e-05      23780.112      55.517     -1
     0     -1           0       1e+99  Delay     -1     -1  2.5960994e+09              0              0              0           1     -1
     0     -1           0       1e+99   LogL     -1     -1              1      -15591283      -15591283              0           1     -1
     0     -1           0       1e+99 Recomb     -1     -1           4389  1.3167005e-05  3.0000011e-09              0           1     -1
     0     -1           0       1e+99 Resamp     -1     -1  2.5960994e+09         702655  0.00027065797              0           1     -1
