  Iter  Epoch       Start         End   Type   From     To            Opp          Count           Rate             Ne         ESS  Clump
    10      0           0         133   Coal      0     -1      335086.79      75.725063  0.00022598642      2212.5224      1.5341     -1
    10      1         133       166.2   Coal      0     -1      175182.29      6.5854247   3.759184e-05      13300.759       2.578     -1
    10      2       166.2      207.68   Coal      0     -1      271263.86      20.877903  7.6965296e-05      6496.4345       3.111     -1
    10      3      207.68      259.53   Coal      0     -1      423805.36       7.706586  1.8184258e-05       27496.31      3.7701     -1
    10      4      259.53      324.31   Coal      0     -1      660954.26      18.055779  2.7317743e-05      18303.122      3.5719     -1
    10      5      324.31      405.26   Coal      0     -1      1021736.6      68.150174  6.6700338e-05      7496.2138      4.8811     -1
    10      6      405.26      506.42   Coal      0     -1      1573605.3       103.4201  6.5721755e-05       7607.831      5.2059     -1
    10      7      506.42      632.82   Coal      0     -1      2405092.1      237.11687  9.8589516e-05      5071.5332      7.0264     -1
    10      8      632.82      790.79   Coal      0     -1      3581778.1      657.89148  0.00018367734      2722.1649      6.4714     -1
    10      9      790.79      988.18   Coal      0     -1      5176153.7      1181.1295  0.00022818672       2191.188       9.486     -1
    10     10      988.18      1234.8   Coal      0     -1      7274350.3      1746.8218  0.00024013441      2082.1673      10.352     -1
    10     11      1234.8      1543.1   Coal      0     -1       10004204      2332.4922  0.00023315119      2144.5312      11.957     -1
    10     12      1543.1      1928.2   Coal      0     -1       13586170      2851.1464  0.00020985652      2382.5802       13.63     -1
    10     13      1928.2      2409.6   Coal      0     -1       18466442      3123.1009  0.00016912305      2956.4273      16.154     -1
    10     14      2409.6        3011   Coal      0     -1       25527320      3217.6053  0.00012604556      3966.8197      17.055     -1
    10     15        3011      3762.6   Coal      0     -1       36096303      3259.1918  9.0291569e-05      5537.6156      21.255     -1
    10     16      3762.6      4701.8   Coal      0     -1       51986678      3368.0888  6.4787536e-05      7717.5338      23.734     -1
    10     17      4701.8      5875.5   Coal      0     -1       75668277       4018.501  5.3106813e-05      9414.9879      30.253     -1
    10     18      5875.5      7342.1   Coal      0     -1  1.1182949e+08      3699.5749  3.3082283e-05       15113.83      36.505     -1
    10     19      7342.1      9174.7   Coal      0     -1   1.682804e+08      3713.8969  2.2069694e-05      22655.502      46.657     -1
    10     20      9174.7       11465   Coal      0     -1  2.5558726e+08      4485.9962  1.7551721e-05      28487.235       54.32     -1
    10     21       11465       14327   Coal      0     -1  3.8409224e+08      6159.1864  1.6035696e-05      31180.436      62.977     -1
    10     22       14327       17903   Coal      0     -1  5.6328437e+08      9684.1843  1.7192354e-05      29082.696      73.455     -1
    10     23       17903       22372   Coal      0     -1  7.8707927e+08      16123.015  2.0484614e-05      24408.563      82.183     -1
    10     24       22372       27956   Coal      0     -1   1.033328e+09       24093.82   2.331672e-05       21443.84      90.183     -1
    10     25       27956       34934   Coal      0     -1  1.2580882e+09      34112.345   2.711443e-05      18440.365      100.41     -1
    10     26       34934       43654   Coal      0     -1  1.3969008e+09      41627.407   2.979983e-05      16778.619      100.01     -1
    10     27       43654       54551   Coal      0     -1  1.4027666e+09      47205.236  3.3651525e-05      14858.168       95.69     -1
    10     28       54551       68167   Coal      0     -1  1.2537324e+09       44640.74  3.5606274e-05      14042.469      82.029     -1
    10     29       68167       85183   Coal      0     -1  1.0389676e+09      35372.224  3.4045552e-05      14686.206      67.319     -1
    10     30       85183  1.0645e+05   Coal      0     -1  9.9680012e+08      18271.745    1.83304e-05      27277.092       62.14     -1
    10     31  1.0645e+05  1.3302e+05   Coal      0     -1  1.0327175e+09      18568.971  1.7980688e-05      27807.613      62.911     -1
    10     32  1.3302e+05       1e+99   Coal      0     -1  2.4527381e+09       43414.16  1.7700284e-05      28248.135      50.365     -1
    10     -1           0       1e+99  Delay     -1     -1   2.588217e+09              0              0              0           1     -1
    10     -1           0       1e+99   LogL     -1     -1              1     -9700488.8     -9700488.8              0           1     -1
    10     -1           0       1e+99 Recomb     -1     -1           4521  1.3563005e-05   3.000001e-09              0           1     -1
    10     -1           0       1e+99 Resamp     -1     -1   2.588217e+09         461628  0.00017835754              0           1     -1
     9      0           0         133   Coal      0     -1      328748.64      68.032257  0.00020694308      2416.1233      1.5519     -1
     9      1         133       166.2   Coal      0     -1       175623.4      7.5161101  4.2796746e-05      11683.131      3.1608     -1
     9      2       166.2      207.68   Coal      0     -1      272402.94      17.232364  6.3260565e-05      7903.8182       3.172     -1
     9      3      207.68      259.53   Coal      0     -1      425799.48      6.3119129  1.4823674e-05      33729.829      3.4149     -1
     9      4      259.53      324.31   Coal      0     -1      665224.42      20.644633  3.1034088e-05      16111.316      4.2119     -1
     9      5      324.31      405.26   Coal      0     -1      1030874.1      67.756434  6.5727168e-05      7607.2044      4.5553     -1
     9      6      405.26      506.42   Coal      0     -1      1582735.7      115.32305  7.2863114e-05      6862.1827      5.4775     -1
     9      7      506.42      632.82   Coal      0     -1      2415617.6      241.04332   9.978538e-05      5010.7541      6.9116     -1
     9      8      632.82      790.79   Coal      0     -1        3600872      690.22039  0.00019168146      2608.4944      6.8517     -1
     9      9      790.79      988.18   Coal      0     -1      5192149.1      1184.6568  0.00022816309      2191.4149      9.3705     -1
     9     10      988.18      1234.8   Coal      0     -1        7284505      1747.2121  0.00023985324      2084.6081      10.293     -1
     9     11      1234.8      1543.1   Coal      0     -1       10002852      2284.2354   0.0002283584      2189.5406      11.916     -1
     9     12      1543.1      1928.2   Coal      0     -1       13591541      2824.5209  0.00020781461      2405.9906      13.975     -1
     9     13      1928.2      2409.6   Coal      0     -1       18519735      3096.0222  0.00016717422      2990.8918      15.893     -1
     9     14      2409.6        3011   Coal      0     -1       25604699      3192.9334  0.00012470107      4009.5887      17.642     -1
     9     15        3011      3762.6   Coal      0     -1       36253894      3276.0628  9.0364441e-05      5533.1499      20.454     -1
     9     16      3762.6      4701.8   Coal      0     -1       52202687      3406.3984  6.5253314e-05       7662.446      24.887     -1
     9     17      4701.8      5875.5   Coal      0     -1       75814989      4078.6497  5.3797405e-05      9294.1286      29.112     -1
     9     18      5875.5      7342.1   Coal      0     -1  1.1194409e+08      3752.4968  3.3521169e-05      14915.948      36.734     -1
     9     19      7342.1      9174.7   Coal      0     -1  1.6824999e+08      3755.1885  2.2319101e-05      22402.336      45.966     -1
     9     20      9174.7       11465   Coal      0     -1  2.5545255e+08      4517.1198  1.7682814e-05      28276.043      55.237     -1
     9     21       11465       14327   Coal      0     -1  3.8360339e+08      6159.9901  1.6058226e-05      31136.689      63.177     -1
     9     22       14327       17903   Coal      0     -1  5.6323679e+08      9634.0288  1.7104758e-05      29231.633      76.179     -1
     9     23       17903       22372   Coal      0     -1  7.8585594e+08      15974.122  2.0327036e-05      24597.782      80.593     -1
     9     24       22372       27956   Coal      0     -1  1.0354495e+09      23977.372  2.3156487e-05      21592.222      93.565     -1
     9     25       27956       34934   Coal      0     -1  1.2606914e+09      34059.669  2.7016658e-05      18507.101      100.63     -1
     9     26       34934       43654   Coal      0     -1  1.4022827e+09      41753.874  2.9775647e-05      16792.247      102.53     -1
     9     27       43654       54551   Coal      0     -1  1.4052335e+09       47422.51  3.3747068e-05      14816.102      97.746     -1
     9     28       54551       68167   Coal      0     -1  1.2541704e+09      44787.172  3.5710594e-05      14001.447      83.315     -1
     9     29       68167       85183   Coal      0     -1  1.0359036e+09       35359.52  3.4133985e-05      14648.158      67.568     -1
     9     30       85183  1.0645e+05   Coal      0     -1  9.9322419e+08      18322.204  1.8447198e-05      27104.387       63.47     -1
     9     31  1.0645e+05  1.3302e+05   Coal      0     -1  1.0217192e+09      18558.414  1.8163909e-05      27527.114      63.425     -1
     9     32  1.3302e+05       1e+99   Coal      0     -1  2.4144197e+09      43077.429  1.7841732e-05      28024.185      52.409     -1
     9     -1           0       1e+99  Delay     -1     -1   2.588217e+09              0              0              0           1     -1
     9     -1           0       1e+99   LogL     -1     -1              1     -9700618.3     -9700618.3              0           1     -1
     9     -1           0       1e+99 Recomb     -1     -1           4521  1.3563005e-05   3.000001e-09              0           1     -1
     9     -1           0       1e+99 Resamp     -1     -1   2.588217e+09         460558  0.00017794412              0           1     -1
     8      0           0         133   Coal      0     -1      324303.19      62.328648  0.00019219252      2601.5581      1.6514     -1
     8      1         133       166.2   Coal      0     -1      175731.45      7.2564858   4.129304e-05      12108.578      3.1581     -1
     8      2       166.2      207.68   Coal      0     -1      272674.63      15.686312  5.7527583e-05      8691.4828      3.3016     -1
     8      3      207.68      259.53   Coal      0     -1       422536.2      7.0503861  1.6685875e-05      29965.465      3.9062     -1
     8      4      259.53      324.31   Coal      0     -1      657877.73      20.635268  3.1366418e-05      15940.615      4.3741     -1
     8      5      324.31      405.26   Coal      0     -1      1021280.1      68.391029  6.6965988e-05      7466.4768      4.7746     -1
     8      6      405.26      506.42   Coal      0     -1      1578039.2      115.00713  7.2879765e-05      6860.6149      5.4168     -1
     8      7      506.42      632.82   Coal      0     -1      2404588.9       257.5683  0.00010711531      4667.8666      6.8929     -1
     8      8      632.82      790.79   Coal      0     -1      3578178.3      708.57362  0.00019802636      2524.9164      6.7992     -1
     8      9      790.79      988.18   Coal      0     -1      5160151.8      1163.1881  0.00022541741      2218.1073      9.2951     -1
     8     10      988.18      1234.8   Coal      0     -1      7250196.3      1737.0187   0.0002395823      2086.9655      10.475     -1
     8     11      1234.8      1543.1   Coal      0     -1       10017793      2242.7573   0.0002238774      2233.3653      11.886     -1
     8     12      1543.1      1928.2   Coal      0     -1       13677974      2778.6936  0.00020315096      2461.2239      13.465     -1
     8     13      1928.2      2409.6   Coal      0     -1       18601457      3036.3758  0.00016323323      3063.1018      15.954     -1
     8     14      2409.6        3011   Coal      0     -1       25777338      3147.5481  0.00012210524      4094.8283      18.106     -1
     8     15        3011      3762.6   Coal      0     -1       36429714      3283.2328  9.0125132e-05      5547.8421      20.225     -1
     8     16      3762.6      4701.8   Coal      0     -1       52416820      3448.0549   6.578146e-05      7600.9258      25.584     -1
     8     17      4701.8      5875.5   Coal      0     -1       75972874      4140.5025  5.4499749e-05      9174.3543       29.12     -1
     8     18      5875.5      7342.1   Coal      0     -1  1.1210718e+08      3821.4757  3.4087696e-05      14668.049      37.492     -1
     8     19      7342.1      9174.7   Coal      0     -1  1.6793241e+08      3799.1131   2.262287e-05      22101.528      44.097     -1
     8     20      9174.7       11465   Coal      0     -1  2.5494254e+08       4532.892  1.7780054e-05        28121.4      54.583     -1
     8     21       11465       14327   Coal      0     -1  3.8335635e+08      6130.0382  1.5990444e-05      31268.675      64.059     -1
     8     22       14327       17903   Coal      0     -1  5.6268877e+08      9579.8892    1.70252e-05       29368.23       75.17     -1
     8     23       17903       22372   Coal      0     -1  7.8671048e+08      15850.645  2.0148003e-05      24816.356       81.46     -1
     8     24       22372       27956   Coal      0     -1  1.0379822e+09      23837.775  2.2965495e-05      21771.793      94.437     -1
     8     25       27956       34934   Coal      0     -1  1.2643263e+09      34022.207  2.6909356e-05      18580.898      101.14     -1
     8     26       34934       43654   Coal      0     -1  1.4082354e+09      41898.981  2.9752824e-05      16805.127      102.56     -1
     8     27       43654       54551   Coal      0     -1  1.4077342e+09      47631.094   3.383529e-05      14777.471      97.459     -1
     8     28       54551       68167   Coal      0     -1  1.2525334e+09       44890.44  3.5839715e-05      13951.004      82.617     -1
     8     29       68167       85183   Coal      0     -1  1.0329429e+09      35393.658  3.4264874e-05      14592.203      67.429     -1
     8     30       85183  1.0645e+05   Coal      0     -1  9.9259676e+08      18416.948   1.855431e-05      26947.917      64.852     -1
     8     31  1.0645e+05  1.3302e+05   Coal      0     -1  1.0111969e+09       18531.15  1.8325956e-05      27283.707      64.284     -1
     8     32  1.3302e+05       1e+99   Coal      0     -1  2.3705388e+09      42683.426  1.8005791e-05      27768.844      51.805     -1
     8     -1           0       1e+99  Delay     -1     -1   2.588217e+09              0              0              0           1     -1
     8     -1           0       1e+99   LogL     -1     -1              1     -9700646.3     -9700646.3              0           1     -1
     8     -1           0       1e+99 Recomb     -1     -1           4521  1.3563005e-05   3.000001e-09              0           1     -1
     8     -1           0       1e+99 Resamp     -1     -1   2.588217e+09         459622  0.00017758248              0           1     -1
     7      0           0         133   Coal      0     -1      321236.39      58.498161  0.00018210316      2745.6965      1.6296     -1
     7      1         133       166.2   Coal      0     -1      175429.74      6.3228705  3.6042182e-05      13872.634      2.9501     -1
     7      2       166.2      207.68   Coal      0     -1      275176.41      13.454337  4.8893496e-05      10226.309      3.4225     -1
     7      3      207.68      259.53   Coal      0     -1      428731.55       8.985215  2.0957672e-05      23857.612      3.5384     -1
     7      4      259.53      324.31   Coal      0     -1      667951.04      21.373233  3.1998203e-05      15625.878      4.3558     -1
     7      5      324.31      405.26   Coal      0     -1      1026735.3        69.0233  6.7225994e-05      7437.5992      4.7333     -1
     7      6      405.26      506.42   Coal      0     -1      1580510.4      116.09735  7.3455609e-05      6806.8321      5.3834     -1
     7      7      506.42      632.82   Coal      0     -1      2415512.7      263.97884  0.00010928481      4575.2013      6.7308     -1
     7      8      632.82      790.79   Coal      0     -1      3589698.6      732.92823  0.00020417542      2448.8746      6.8251     -1
     7      9      790.79      988.18   Coal      0     -1      5157521.9      1161.6343  0.00022523109      2219.9422      9.4167     -1
     7     10      988.18      1234.8   Coal      0     -1        7253080      1708.4629  0.00023554999      2122.6917      10.532     -1
     7     11      1234.8      1543.1   Coal      0     -1       10032880      2177.1499  0.00021700149      2304.1316      12.017     -1
     7     12      1543.1      1928.2   Coal      0     -1       13716042      2704.2532  0.00019715989      2536.0128      13.555     -1
     7     13      1928.2      2409.6   Coal      0     -1       18792325      2970.0768  0.00015804733      3163.6093      15.431     -1
     7     14      2409.6        3011   Coal      0     -1       26042182      3130.1938  0.00012019707      4159.8353      18.384     -1
     7     15        3011      3762.6   Coal      0     -1       36813260      3286.8292   8.928384e-05      5600.1176      20.273     -1
     7     16      3762.6      4701.8   Coal      0     -1       52895622      3496.4284  6.6100526e-05      7564.2363       26.57     -1
     7     17      4701.8      5875.5   Coal      0     -1       76437532      4234.6841  5.5400587e-05      9025.1752      28.848     -1
     7     18      5875.5      7342.1   Coal      0     -1  1.1223328e+08      3897.2066  3.4724163e-05      14399.195      34.655     -1
     7     19      7342.1      9174.7   Coal      0     -1  1.6787136e+08      3857.7797  2.2980571e-05       21757.51      44.477     -1
     7     20      9174.7       11465   Coal      0     -1   2.547409e+08      4560.9331  1.7904204e-05      27926.402       55.77     -1
     7     21       11465       14327   Coal      0     -1  3.8283983e+08      6114.8003  1.5972216e-05      31304.361      65.492     -1
     7     22       14327       17903   Coal      0     -1  5.6132517e+08      9498.6262  1.6921789e-05      29547.703      73.415     -1
     7     23       17903       22372   Coal      0     -1  7.8815922e+08      15720.411   1.994573e-05      25068.022       84.67     -1
     7     24       22372       27956   Coal      0     -1  1.0412746e+09      23704.845  2.2765221e-05      21963.328      95.367     -1
     7     25       27956       34934   Coal      0     -1  1.2681884e+09       33960.14  2.6778466e-05      18671.719      100.78     -1
     7     26       34934       43654   Coal      0     -1   1.414389e+09      42071.711  2.9745503e-05      16809.264      104.91     -1
     7     27       43654       54551   Coal      0     -1  1.4094312e+09      47839.157  3.3942173e-05      14730.937       97.77     -1
     7     28       54551       68167   Coal      0     -1  1.2476868e+09      44900.134  3.5986703e-05      13894.021      81.498     -1
     7     29       68167       85183   Coal      0     -1  1.0301226e+09      35443.064  3.4406645e-05      14532.076      66.921     -1
     7     30       85183  1.0645e+05   Coal      0     -1  9.8833084e+08      18502.642  1.8721102e-05       26707.83      63.595     -1
     7     31  1.0645e+05  1.3302e+05   Coal      0     -1  1.0004594e+09       18508.69  1.8500192e-05      27026.747      63.141     -1
     7     32  1.3302e+05       1e+99   Coal      0     -1  2.3167548e+09      42187.867  1.8209898e-05      27457.595      52.322     -1
     7     -1           0       1e+99  Delay     -1     -1   2.588217e+09              0              0              0           1     -1
     7     -1           0       1e+99   LogL     -1     -1              1     -9700662.4     -9700662.4              0           1     -1
     7     -1           0       1e+99 Recomb     -1     -1           4521  1.3563005e-05   3.000001e-09              0           1     -1
     7     -1           0       1e+99 Resamp     -1     -1   2.588217e+09         459333  0.00017747082              0           1     -1
     6      0           0         133   Coal      0     -1      327845.32      58.150012  0.00017737027      2818.9617      1.5337     -1
     6      1         133       166.2   Coal      0     -1       174582.1      6.8700472  3.9351384e-05      12706.034      2.5353     -1
     6      2       166.2      207.68   Coal      0     -1      273680.12      14.791264   5.404581e-05      9251.4109      3.1955     -1
     6      3      207.68      259.53   Coal      0     -1         426141      7.4363095   1.745035e-05      28652.721      3.2587     -1
     6      4      259.53      324.31   Coal      0     -1       660397.7      25.490335  3.8598462e-05      12953.884       4.488     -1
     6      5      324.31      405.26   Coal      0     -1      1024624.1      69.167143  6.7504899e-05      7406.8699       4.775     -1
     6      6      405.26      506.42   Coal      0     -1        1575870      115.16595  7.3080871e-05      6841.7356      6.6529     -1
     6      7      506.42      632.82   Coal      0     -1      2402561.1      270.35841  0.00011252926       4443.289      6.9838     -1
     6      8      632.82      790.79   Coal      0     -1      3562912.3      736.52021  0.00020671859      2418.7471      7.2377     -1
     6      9      790.79      988.18   Coal      0     -1      5123846.8      1140.5436  0.00022259518      2246.2302      9.4626     -1
     6     10      988.18      1234.8   Coal      0     -1      7213040.2      1669.1088  0.00023140157      2160.7459      10.725     -1
     6     11      1234.8      1543.1   Coal      0     -1       10011752      2114.0623  0.00021115808      2367.8943      12.402     -1
     6     12      1543.1      1928.2   Coal      0     -1       13782175      2633.3005  0.00019106567      2616.9013      12.655     -1
     6     13      1928.2      2409.6   Coal      0     -1       18917679      2882.6679  0.00015237958      3281.2796      16.717     -1
     6     14      2409.6        3011   Coal      0     -1       26305167       3075.589  0.00011691958      4276.4438      18.256     -1
     6     15        3011      3762.6   Coal      0     -1       37172574      3288.4693  8.8464933e-05       5651.957      21.276     -1
     6     16      3762.6      4701.8   Coal      0     -1       53311478      3540.6104   6.641366e-05      7528.5716      26.962     -1
     6     17      4701.8      5875.5   Coal      0     -1       76723119      4321.3171  5.6323533e-05      8877.2841      28.708     -1
     6     18      5875.5      7342.1   Coal      0     -1  1.1258127e+08      3961.2457  3.5185655e-05      14210.337      38.108     -1
     6     19      7342.1      9174.7   Coal      0     -1  1.6813283e+08      3914.5151  2.3282277e-05      21475.563      45.031     -1
     6     20      9174.7       11465   Coal      0     -1  2.5450933e+08      4587.1885  1.8023656e-05       27741.32      53.983     -1
     6     21       11465       14327   Coal      0     -1  3.8308089e+08      6095.9366  1.5912923e-05      31421.004      67.496     -1
     6     22       14327       17903   Coal      0     -1  5.6208352e+08      9445.8406  1.6805048e-05      29752.965       75.69     -1
     6     23       17903       22372   Coal      0     -1  7.8998275e+08      15625.215  1.9779185e-05        25279.1      87.416     -1
     6     24       22372       27956   Coal      0     -1  1.0445984e+09      23602.287  2.2594604e-05      22129.178       96.72     -1
     6     25       27956       34934   Coal      0     -1  1.2719608e+09       33858.65  2.6619256e-05      18783.395      99.727     -1
     6     26       34934       43654   Coal      0     -1  1.4234235e+09      42324.076  2.9734001e-05      16815.766      106.94     -1
     6     27       43654       54551   Coal      0     -1  1.4127273e+09      48097.725  3.4046009e-05      14686.009      97.194     -1
     6     28       54551       68167   Coal      0     -1  1.2504152e+09      45187.816  3.6138248e-05      13835.757      82.206     -1
     6     29       68167       85183   Coal      0     -1   1.027731e+09      35570.084  3.4610304e-05      14446.565      67.374     -1
     6     30       85183  1.0645e+05   Coal      0     -1  9.8188238e+08      18576.051  1.8918815e-05      26428.717      64.114     -1
     6     31  1.0645e+05  1.3302e+05   Coal      0     -1  9.8634549e+08      18468.832  1.8724506e-05      26702.975      62.596     -1
     6     32  1.3302e+05       1e+99   Coal      0     -1   2.254486e+09      41560.074   1.843439e-05      27123.219      50.486     -1
     6     -1           0       1e+99  Delay     -1     -1   2.588217e+09              0              0              0           1     -1
     6     -1           0       1e+99   LogL     -1     -1              1     -9700732.9     -9700732.9              0           1     -1
     6     -1           0       1e+99 Recomb     -1     -1           4521  1.3563005e-05   3.000001e-09              0           1     -1
     6     -1           0       1e+99 Resamp     -1     -1   2.588217e+09         458043  0.00017697241              0           1     -1
     5      0           0         133   Coal      0     -1      336051.11      73.030831  0.00021732061      2300.7482      1.6449     -1
     5      1         133       166.2   Coal      0     -1      175407.43      7.7643822  4.4264842e-05      11295.646      3.2679     -1
     5      2       166.2      207.68   Coal      0     -1      273023.16      14.449603  5.2924458e-05      9447.4279      3.4414     -1
     5      3      207.68      259.53   Coal      0     -1      427885.05       7.041239  1.6455913e-05      30384.216      3.6998     -1
     5      4      259.53      324.31   Coal      0     -1      666437.23       25.18692  3.7793388e-05      13229.828      4.2666     -1
     5      5      324.31      405.26   Coal      0     -1      1026547.7      69.680696  6.7878674e-05      7366.0838      4.8827     -1
     5      6      405.26      506.42   Coal      0     -1      1579306.4      116.50127  7.3767367e-05      6778.0649      6.1234     -1
     5      7      506.42      632.82   Coal      0     -1      2412278.7      270.86387  0.00011228548      4452.9356      7.2707     -1
     5      8      632.82      790.79   Coal      0     -1      3577277.2      734.78524   0.0002054035      2434.2331      7.5604     -1
     5      9      790.79      988.18   Coal      0     -1        5159106      1122.9059  0.00021765513      2297.2121       9.301     -1
     5     10      988.18      1234.8   Coal      0     -1      7263764.8      1633.6333  0.00022490174      2223.1931      11.867     -1
     5     11      1234.8      1543.1   Coal      0     -1       10121328      2042.2668  0.00020177855      2477.9641      11.915     -1
     5     12      1543.1      1928.2   Coal      0     -1       13977499      2536.2681  0.00018145364      2755.5248      13.313     -1
     5     13      1928.2      2409.6   Coal      0     -1       19288975      2828.4956  0.00014663794      3409.7587      16.151     -1
     5     14      2409.6        3011   Coal      0     -1       26872065      3021.0355   0.0001124229      4447.4923      18.162     -1
     5     15        3011      3762.6   Coal      0     -1       37911994      3303.9879  8.7148883e-05      5737.3082      20.981     -1
     5     16      3762.6      4701.8   Coal      0     -1       54140233      3598.7806  6.6471464e-05      7522.0247      28.399     -1
     5     17      4701.8      5875.5   Coal      0     -1       77578492      4409.7606  5.6842566e-05       8796.225      28.922     -1
     5     18      5875.5      7342.1   Coal      0     -1  1.1336559e+08      4038.8264  3.5626562e-05      14034.472      37.064     -1
     5     19      7342.1      9174.7   Coal      0     -1  1.6909377e+08      3993.5294  2.3617247e-05      21170.969      44.342     -1
     5     20      9174.7       11465   Coal      0     -1  2.5506452e+08      4607.1338  1.8062621e-05      27681.475      53.869     -1
     5     21       11465       14327   Coal      0     -1  3.8387517e+08      6103.1749  1.5898853e-05      31448.809      67.927     -1
     5     22       14327       17903   Coal      0     -1  5.6363993e+08      9382.1214  1.6645594e-05      30037.979      77.815     -1
     5     23       17903       22372   Coal      0     -1  7.9531335e+08      15569.093  1.9576048e-05      25541.416      96.569     -1
     5     24       22372       27956   Coal      0     -1  1.0457021e+09      23433.496  2.2409341e-05      22312.124      96.571     -1
     5     25       27956       34934   Coal      0     -1  1.2785408e+09      33798.749   2.643541e-05      18914.025      103.14     -1
     5     26       34934       43654   Coal      0     -1  1.4260815e+09      42399.234  2.9731283e-05      16817.303      107.75     -1
     5     27       43654       54551   Coal      0     -1  1.4143532e+09      48286.724  3.4140499e-05      14645.363      98.539     -1
     5     28       54551       68167   Coal      0     -1   1.250537e+09       45404.89  3.6308315e-05       13770.95      84.515     -1
     5     29       68167       85183   Coal      0     -1  1.0288406e+09      35870.747  3.4865212e-05      14340.942      69.685     -1
     5     30       85183  1.0645e+05   Coal      0     -1  9.7432861e+08      18678.334  1.9170467e-05      26081.785      65.378     -1
     5     31  1.0645e+05  1.3302e+05   Coal      0     -1  9.7146775e+08      18420.618  1.8961636e-05      26369.032      63.047     -1
     5     32  1.3302e+05       1e+99   Coal      0     -1  2.1946313e+09       41082.34  1.8719472e-05      26710.155      54.388     -1
     5     -1           0       1e+99  Delay     -1     -1   2.588217e+09              0              0              0           1     -1
     5     -1           0       1e+99   LogL     -1     -1              1     -9700763.6     -9700763.6              0           1     -1
     5     -1           0       1e+99 Recomb     -1     -1           4521  1.3563005e-05   3.000001e-09              0           1     -1
     5     -1           0       1e+99 Resamp     -1     -1   2.588217e+09         456599   0.0001764145              0           1     -1
     4      0           0         133   Coal      0     -1      336958.71      60.964783  0.00018092657      2763.5521        1.65     -1
     4      1         133       166.2   Coal      0     -1         178147       6.952256  3.9025389e-05      12812.172      2.6174     -1
     4      2       166.2      207.68   Coal      0     -1      275799.93       12.78116  4.6342142e-05      10789.316      3.0463     -1
     4      3      207.68      259.53   Coal      0     -1      426743.29      8.8761809  2.0799814e-05      24038.677      3.4843     -1
     4      4      259.53      324.31   Coal      0     -1      662946.94      23.564658  3.5545316e-05      14066.551      4.4702     -1
     4      5      324.31      405.26   Coal      0     -1      1025859.4      71.032562  6.9242004e-05      7221.0504      4.8776     -1
     4      6      405.26      506.42   Coal      0     -1      1585632.5      121.07339  7.6356526e-05      6548.2287      5.3666     -1
     4      7      506.42      632.82   Coal      0     -1      2425399.6        270.991  0.00011173046      4475.0556      7.0411     -1
     4      8      632.82      790.79   Coal      0     -1      3602786.7      719.97338  0.00019983791      2502.0277      6.3104     -1
     4      9      790.79      988.18   Coal      0     -1      5177304.7      1069.0801  0.00020649356      2421.3831      9.7188     -1
     4     10      988.18      1234.8   Coal      0     -1      7345562.8      1555.3425  0.00021173905      2361.3972      10.528     -1
     4     11      1234.8      1543.1   Coal      0     -1       10256222      1942.6375  0.00018941062      2639.7675       12.44     -1
     4     12      1543.1      1928.2   Coal      0     -1       14216380      2399.5973  0.00016879102      2962.2429      14.503     -1
     4     13      1928.2      2409.6   Coal      0     -1       19651450      2722.2093   0.0001385246      3609.4671      16.523     -1
     4     14      2409.6        3011   Coal      0     -1       27403618      2955.6697  0.00010785691      4635.7714      18.093     -1
     4     15        3011      3762.6   Coal      0     -1       38756467      3275.6611  8.4519084e-05      5915.8237      22.512     -1
     4     16      3762.6      4701.8   Coal      0     -1       55131002      3657.5035  6.6342046e-05      7536.6985      25.441     -1
     4     17      4701.8      5875.5   Coal      0     -1       78759315      4496.2497  5.7088482e-05      8758.3342       30.21     -1
     4     18      5875.5      7342.1   Coal      0     -1  1.1440648e+08       4121.839  3.6028021e-05      13878.087      35.606     -1
     4     19      7342.1      9174.7   Coal      0     -1  1.6991615e+08      4051.3913  2.3843475e-05      20970.098      45.699     -1
     4     20      9174.7       11465   Coal      0     -1  2.5562568e+08      4609.3577  1.8031669e-05      27728.992      51.292     -1
     4     21       11465       14327   Coal      0     -1  3.8494078e+08      6091.9365  1.5825646e-05      31594.286      66.662     -1
     4     22       14327       17903   Coal      0     -1  5.6597336e+08      9329.9802   1.648484e-05      30330.898      78.372     -1
     4     23       17903       22372   Coal      0     -1  7.9552869e+08      15463.406  1.9437899e-05      25722.945      87.345     -1
     4     24       22372       27956   Coal      0     -1  1.0517061e+09      23327.785  2.2180899e-05      22541.918      93.722     -1
     4     25       27956       34934   Coal      0     -1  1.2853545e+09      33777.637   2.627885e-05      19026.708      98.579     -1
     4     26       34934       43654   Coal      0     -1  1.4342997e+09      42584.197  2.9689889e-05       16840.75      104.14     -1
     4     27       43654       54551   Coal      0     -1  1.4320545e+09      48999.111  3.4215954e-05      14613.066      103.64     -1
     4     28       54551       68167   Coal      0     -1  1.2498411e+09      45661.632  3.6533948e-05      13685.901      83.067     -1
     4     29       68167       85183   Coal      0     -1  1.0193662e+09      35896.397  3.5214427e-05      14198.726      67.865     -1
     4     30       85183  1.0645e+05   Coal      0     -1  9.6029021e+08       18709.56  1.9483235e-05       25663.09      63.193     -1
     4     31  1.0645e+05  1.3302e+05   Coal      0     -1  9.5630851e+08       18383.17  1.9223054e-05      26010.436      61.443     -1
     4     32  1.3302e+05       1e+99   Coal      0     -1   2.103709e+09      40106.584  1.9064702e-05      26226.479      49.709     -1
     4     -1           0       1e+99  Delay     -1     -1   2.588217e+09              0              0              0           1     -1
     4     -1           0       1e+99   LogL     -1     -1              1     -9700849.4     -9700849.4              0           1     -1
     4     -1           0       1e+99 Recomb     -1     -1           4521  1.3563005e-05   3.000001e-09              0           1     -1
     4     -1           0       1e+99 Resamp     -1     -1   2.588217e+09         456224  0.00017626961              0           1     -1
     3      0           0         133   Coal      0     -1      342822.83      53.212448  0.00015521851      3221.2653      1.6763     -1
     3      1         133       166.2   Coal      0     -1      179270.52      4.6453592  2.5912566e-05      19295.657      2.8138     -1
     3      2       166.2      207.68   Coal      0     -1       279969.5      10.520225  3.7576324e-05      13306.251      3.4069     -1
     3      3      207.68      259.53   Coal      0     -1      433412.74      6.8396061  1.5780815e-05      31684.042      3.5487     -1
     3      4      259.53      324.31   Coal      0     -1       671257.3      23.830778  3.5501705e-05      14083.831      3.9931     -1
     3      5      324.31      405.26   Coal      0     -1      1034224.9       69.61931  6.7315445e-05      7427.7159      4.5589     -1
     3      6      405.26      506.42   Coal      0     -1      1594252.3      121.60373  7.6276337e-05      6555.1129      5.6173     -1
     3      7      506.42      632.82   Coal      0     -1      2427849.7      268.70125  0.00011067458      4517.7492       6.831     -1
     3      8      632.82      790.79   Coal      0     -1      3597467.6      689.88823  0.00019177052       2607.283      7.3089     -1
     3      9      790.79      988.18   Coal      0     -1      5197074.2      1002.5379  0.00019290428      2591.9591      8.3886     -1
     3     10      988.18      1234.8   Coal      0     -1      7406025.9      1441.8031  0.00019467973      2568.3208      10.876     -1
     3     11      1234.8      1543.1   Coal      0     -1       10395542      1786.3181  0.00017183501       2909.768      12.833     -1
     3     12      1543.1      1928.2   Coal      0     -1       14503571      2224.7434   0.0001533928      3259.6055      13.099     -1
     3     13      1928.2      2409.6   Coal      0     -1       20202964      2573.3887  0.00012737679      3925.3618       14.69     -1
     3     14      2409.6        3011   Coal      0     -1       28286370      2854.5436  0.00010091587      4954.6222      18.429     -1
     3     15        3011      3762.6   Coal      0     -1       39963142      3241.4908   8.111201e-05      6164.3153       22.38     -1
     3     16      3762.6      4701.8   Coal      0     -1       56626646      3680.5829  6.4997367e-05      7692.6193      25.047     -1
     3     17      4701.8      5875.5   Coal      0     -1       80499685      4579.7476  5.6891497e-05      8788.6595      28.971     -1
     3     18      5875.5      7342.1   Coal      0     -1  1.1653734e+08       4206.139  3.6092628e-05      13853.244      36.755     -1
     3     19      7342.1      9174.7   Coal      0     -1  1.7195863e+08      4129.1832  2.4012655e-05      20822.354      43.399     -1
     3     20      9174.7       11465   Coal      0     -1   2.584557e+08      4661.2153  1.8034871e-05      27724.068      54.067     -1
     3     21       11465       14327   Coal      0     -1  3.8645815e+08      6084.6828  1.5744739e-05      31756.639      61.389     -1
     3     22       14327       17903   Coal      0     -1  5.6903494e+08      9292.8464  1.6330889e-05      30616.827      77.228     -1
     3     23       17903       22372   Coal      0     -1   7.998882e+08      15392.463  1.9243268e-05      25983.113      87.938     -1
     3     24       22372       27956   Coal      0     -1  1.0667951e+09      23385.965  2.1921703e-05      22808.447      106.17     -1
     3     25       27956       34934   Coal      0     -1  1.2951727e+09      33767.155  2.6071546e-05      19177.996      101.03     -1
     3     26       34934       43654   Coal      0     -1  1.4419438e+09      42754.106  2.9650328e-05       16863.22      103.07     -1
     3     27       43654       54551   Coal      0     -1  1.4285672e+09      49130.136  3.4391197e-05      14538.604      98.194     -1
     3     28       54551       68167   Coal      0     -1  1.2558075e+09      46184.381  3.6776639e-05      13595.587       84.21     -1
     3     29       68167       85183   Coal      0     -1  1.0200292e+09      36313.834  3.5600778e-05      14044.637      68.309     -1
     3     30       85183  1.0645e+05   Coal      0     -1  9.5034044e+08      18828.253  1.9812114e-05      25237.085      63.376     -1
     3     31  1.0645e+05  1.3302e+05   Coal      0     -1  9.4326595e+08      18444.347  1.9553708e-05      25570.597      62.992     -1
     3     32  1.3302e+05       1e+99   Coal      0     -1  2.0114979e+09       39147.93  1.9462078e-05      25690.987       50.04     -1
     3     -1           0       1e+99  Delay     -1     -1   2.588217e+09              0              0              0           1     -1
     3     -1           0       1e+99   LogL     -1     -1              1     -9701221.5     -9701221.5              0           1     -1
     3     -1           0       1e+99 Recomb     -1     -1           4521  1.3563005e-05   3.000001e-09              0           1     -1
     3     -1           0       1e+99 Resamp     -1     -1   2.588217e+09         457863  0.00017690287              0           1     -1
     2      0           0         133   Coal      0     -1      340021.28      50.363778  0.00014811949       3375.653      1.7313     -1
     2      1         133       166.2   Coal      0     -1      178515.49      4.1330038  2.3152074e-05      21596.338      2.5696     -1
     2      2       166.2      207.68   Coal      0     -1       277622.8      8.6389336  3.1117522e-05      16068.118      2.5354     -1
     2      3      207.68      259.53   Coal      0     -1       433076.1      7.8740451  1.8181666e-05       27500.23      3.4262     -1
     2      4      259.53      324.31   Coal      0     -1      672923.47      20.109851  2.9884307e-05       16731.19      4.1484     -1
     2      5      324.31      405.26   Coal      0     -1      1038017.2      66.603131  6.4163802e-05      7792.5556      4.9133     -1
     2      6      405.26      506.42   Coal      0     -1      1593741.5       113.7547  7.1375878e-05      7005.1678       5.232     -1
     2      7      506.42      632.82   Coal      0     -1      2425656.1      245.74543  0.00010131091      4935.3027      5.6326     -1
     2      8      632.82      790.79   Coal      0     -1      3612299.3      628.80423  0.00017407313      2872.3561      7.7265     -1
     2      9      790.79      988.18   Coal      0     -1      5255973.4      912.91065  0.00017369012      2878.6899      8.4259     -1
     2     10      988.18      1234.8   Coal      0     -1      7539434.4      1292.4636  0.00017142714      2916.6911      9.4639     -1
     2     11      1234.8      1543.1   Coal      0     -1       10665830      1602.2096  0.00015021893      3328.4752      12.829     -1
     2     12      1543.1      1928.2   Coal      0     -1       15001000       1993.839  0.00013291374      3761.8384       14.13     -1
     2     13      1928.2      2409.6   Coal      0     -1       21004901      2358.9944  0.00011230685      4452.0881      14.377     -1
     2     14      2409.6        3011   Coal      0     -1       29530801      2708.7672  9.1726846e-05      5450.9669      18.869     -1
     2     15        3011      3762.6   Coal      0     -1       41639245       3144.095  7.5507975e-05      6621.8171      23.471     -1
     2     16      3762.6      4701.8   Coal      0     -1       58849189      3701.8507  6.2904022e-05      7948.6173      23.469     -1
     2     17      4701.8      5875.5   Coal      0     -1       83402562      4661.7398  5.5894443e-05       8945.433      30.646     -1
     2     18      5875.5      7342.1   Coal      0     -1  1.1965153e+08      4291.8336  3.5869443e-05      13939.441      36.814     -1
     2     19      7342.1      9174.7   Coal      0     -1  1.7589529e+08      4216.4261  2.3971228e-05      20858.339      44.927     -1
     2     20      9174.7       11465   Coal      0     -1  2.6309649e+08      4712.4702  1.7911566e-05      27914.924       52.12     -1
     2     21       11465       14327   Coal      0     -1  3.9150533e+08      6093.5061  1.5564299e-05        32124.8        56.1     -1
     2     22       14327       17903   Coal      0     -1  5.7385942e+08      9237.1111   1.609647e-05       31062.71      67.183     -1
     2     23       17903       22372   Coal      0     -1  8.0668086e+08      15322.366  1.8994334e-05      26323.639      77.462     -1
     2     24       22372       27956   Coal      0     -1  1.0752119e+09       23381.47  2.1745918e-05      22992.821      94.305     -1
     2     25       27956       34934   Coal      0     -1  1.3171244e+09      34061.481  2.5860488e-05      19334.515      100.04     -1
     2     26       34934       43654   Coal      0     -1  1.4553393e+09      43045.875  2.9577896e-05      16904.515      94.977     -1
     2     27       43654       54551   Coal      0     -1  1.4455159e+09       49897.13  3.4518561e-05      14484.961      94.651     -1
     2     28       54551       68167   Coal      0     -1  1.2623884e+09      46858.266  3.7118739e-05      13470.285      82.243     -1
     2     29       68167       85183   Coal      0     -1  1.0183615e+09      36798.797  3.6135299e-05      13836.886      69.079     -1
     2     30       85183  1.0645e+05   Coal      0     -1   9.379523e+08      18945.664  2.0198963e-05      24753.746      63.089     -1
     2     31  1.0645e+05  1.3302e+05   Coal      0     -1  9.2056467e+08      18404.013  1.9992092e-05      25009.889      61.427     -1
     2     32  1.3302e+05       1e+99   Coal      0     -1  1.9132723e+09       38115.04  1.9921388e-05      25098.653      48.314     -1
     2     -1           0       1e+99  Delay     -1     -1   2.588217e+09              0              0              0           1     -1
     2     -1           0       1e+99   LogL     -1     -1              1     -9701858.9     -9701858.9              0           1     -1
     2     -1           0       1e+99 Recomb     -1     -1           4521  1.3563005e-05   3.000001e-09              0           1     -1
     2     -1           0       1e+99 Resamp     -1     -1   2.588217e+09         464071  0.00017930143              0           1     -1
     1      0           0         133   Coal      0     -1      335777.74      35.216438   0.0001048802      4767.3439      1.6907     -1
     1      1         133       166.2   Coal      0     -1      177291.09      3.3844464  1.9089771e-05      26192.037      2.2828     -1
     1      2       166.2      207.68   Coal      0     -1       273587.1      6.3602695  2.3247695e-05      21507.508       2.765     -1
     1      3      207.68      259.53   Coal      0     -1      426662.34        6.80755  1.5955357e-05      31337.437       3.515     -1
     1      4      259.53      324.31   Coal      0     -1      662505.44       18.74812  2.8298817e-05      17668.583      3.6047     -1
     1      5      324.31      405.26   Coal      0     -1      1027487.5      50.880691  4.9519524e-05      10097.028      4.3018     -1
     1      6      405.26      506.42   Coal      0     -1        1583582      95.793337  6.0491554e-05      8265.6167      5.4595     -1
     1      7      506.42      632.82   Coal      0     -1      2417075.7       212.0527  8.7731098e-05      5699.2334      6.0607     -1
     1      8      632.82      790.79   Coal      0     -1      3611816.7      511.42955  0.00014159898      3531.0989      6.9588     -1
     1      9      790.79      988.18   Coal      0     -1      5301706.1      741.08253   0.0001397819      3577.0011       8.613     -1
     1     10      988.18      1234.8   Coal      0     -1      7669011.8      1054.1102  0.00013745059      3637.6708      9.2003     -1
     1     11      1234.8      1543.1   Coal      0     -1       10973630      1339.5961  0.00012207411      4095.8727      10.963     -1
     1     12      1543.1      1928.2   Coal      0     -1       15626282      1687.1898  0.00010797129      4630.8606      12.538     -1
     1     13      1928.2      2409.6   Coal      0     -1       22105759      2056.3675  9.3024062e-05      5374.9534      16.862     -1
     1     14      2409.6        3011   Coal      0     -1       31225752      2486.3667  7.9625518e-05       6279.394      17.316     -1
     1     15        3011      3762.6   Coal      0     -1       44143709      2995.2935  6.7853236e-05      7368.8453      19.919     -1
     1     16      3762.6      4701.8   Coal      0     -1       62324009      3679.0737  5.9031403e-05       8470.068      24.869     -1
     1     17      4701.8      5875.5   Coal      0     -1       87399198      4672.3944  5.3460381e-05      9352.7205      26.814     -1
     1     18      5875.5      7342.1   Coal      0     -1  1.2475914e+08      4366.5393  3.4999753e-05      14285.815      31.832     -1
     1     19      7342.1      9174.7   Coal      0     -1  1.8200281e+08       4289.203  2.3566685e-05      21216.391      41.063     -1
     1     20      9174.7       11465   Coal      0     -1  2.7011161e+08      4755.1562  1.7604412e-05       28401.97      47.981     -1
     1     21       11465       14327   Coal      0     -1  4.0256094e+08      6136.8199   1.524445e-05      32798.823      61.245     -1
     1     22       14327       17903   Coal      0     -1  5.8492069e+08      9203.3647   1.573438e-05      31777.546      64.556     -1
     1     23       17903       22372   Coal      0     -1  8.2417866e+08      15337.196  1.8609068e-05      26868.622      80.036     -1
     1     24       22372       27956   Coal      0     -1  1.0911592e+09       23411.87  2.1455961e-05      23303.547      88.125     -1
     1     25       27956       34934   Coal      0     -1  1.3365016e+09      34296.312  2.5661258e-05      19484.625      93.876     -1
     1     26       34934       43654   Coal      0     -1  1.4773674e+09       43546.23  2.9475558e-05      16963.207      91.459     -1
     1     27       43654       54551   Coal      0     -1  1.4656997e+09      50812.059  3.4667442e-05      14422.754      93.164     -1
     1     28       54551       68167   Coal      0     -1  1.2633917e+09      47409.652  3.7525694e-05      13324.204       79.66     -1
     1     29       68167       85183   Coal      0     -1  1.0147757e+09      37333.809  3.6790207e-05      13590.573       69.59     -1
     1     30       85183  1.0645e+05   Coal      0     -1  9.1704548e+08      18961.684  2.0676928e-05      24181.541      61.742     -1
     1     31  1.0645e+05  1.3302e+05   Coal      0     -1  9.0013911e+08      18439.864  2.0485571e-05      24407.423      62.328     -1
     1     32  1.3302e+05       1e+99   Coal      0     -1   1.809858e+09          37029  2.0459616e-05      24438.387      50.749     -1
     1     -1           0       1e+99  Delay     -1     -1   2.588217e+09              0              0              0           1     -1
     1     -1           0       1e+99   LogL     -1     -1              1     -9703296.8     -9703296.8              0           1     -1
     1     -1           0       1e+99 Recomb     -1     -1           4521  1.3563005e-05   3.000001e-09              0           1     -1
     1     -1           0       1e+99 Resamp     -1     -1   2.588217e+09         470371  0.00018173554              0           1     -1
     0      0           0         133   Coal      0     -1      326888.47      17.000896  5.2008247e-05      9613.8598      1.4153     -1
     0      1         133       166.2   Coal      0     -1      174913.62      3.2079635  1.8340273e-05      27262.408      2.3602     -1
     0      2       166.2      207.68   Coal      0     -1      270616.12      5.9467224  2.1974753e-05      22753.384      2.5455     -1
     0      3      207.68      259.53   Coal      0     -1      419740.92      4.2527327  1.0131804e-05      49349.553      2.5915     -1
     0      4      259.53      324.31   Coal      0     -1      647526.99      11.564144  1.7858937e-05      27997.187      3.6076     -1
     0      5      324.31      405.26   Coal      0     -1       998838.8      30.431348  3.0466726e-05      16411.346       3.665     -1
     0      6      405.26      506.42   Coal      0     -1      1537452.8       64.50305   4.195449e-05      11917.675      5.8359     -1
     0      7      506.42      632.82   Coal      0     -1        2358628      143.42243  6.0807564e-05      8222.6612      5.7327     -1
     0      8      632.82      790.79   Coal      0     -1      3556634.9       336.4321  9.4592813e-05      5285.8138      6.2246     -1
     0      9      790.79      988.18   Coal      0     -1      5288672.4      495.10313  9.3615769e-05      5340.9805      8.3795     -1
     0     10      988.18      1234.8   Coal      0     -1      7802869.3      705.28056  9.0387335e-05      5531.7485      9.4125     -1
     0     11      1234.8      1543.1   Coal      0     -1       11385787      954.57077  8.3838801e-05      5963.8257      10.448     -1
     0     12      1543.1      1928.2   Coal      0     -1       16454224      1267.0948  7.7007263e-05      6492.8941      13.236     -1
     0     13      1928.2      2409.6   Coal      0     -1       23545356      1646.9976  6.9949998e-05      7147.9631       14.11     -1
     0     14      2409.6        3011   Coal      0     -1       33567571      2100.5428  6.2576549e-05      7990.2137      17.941     -1
     0     15        3011      3762.6   Coal      0     -1       47624490      2706.8988  5.6838379e-05      8796.8729      22.167     -1
     0     16      3762.6      4701.8   Coal      0     -1       67256920      3507.1048  5.2144891e-05       9588.667      26.248     -1
     0     17      4701.8      5875.5   Coal      0     -1       93746473      4595.1574  4.9016856e-05      10200.573      27.024     -1
     0     18      5875.5      7342.1   Coal      0     -1  1.3299701e+08      4396.6097  3.3057959e-05      15124.951      33.485     -1
     0     19      7342.1      9174.7   Coal      0     -1  1.9201493e+08       4318.312   2.248946e-05      22232.637      41.177     -1
     0     20      9174.7       11465   Coal      0     -1  2.8239651e+08      4810.4317  1.7034317e-05      29352.512      46.913     -1
     0     21       11465       14327   Coal      0     -1  4.1633083e+08      6152.2138  1.4777224e-05      33835.855      54.367     -1
     0     22       14327       17903   Coal      0     -1  6.0557048e+08      9234.5829  1.5249394e-05      32788.188      65.044     -1
     0     23       17903       22372   Coal      0     -1  8.4786133e+08       15360.32  1.8116548e-05      27599.077      74.957     -1
     0     24       22372       27956   Coal      0     -1  1.1272188e+09      23726.827  2.1048999e-05      23754.099       88.63     -1
     0     25       27956       34934   Coal      0     -1  1.3657922e+09      34683.316  2.5394285e-05      19689.469      87.191     -1
     0     26       34934       43654   Coal      0     -1  1.5152417e+09       44453.92  2.9337841e-05      17042.836      90.379     -1
     0     27       43654       54551   Coal      0     -1  1.4939009e+09      51997.696  3.4806657e-05      14365.068      89.784     -1
     0     28       54551       68167   Coal      0     -1  1.2843894e+09       48686.16  3.7906073e-05      13190.498      77.611     -1
     0     29       68167       85183   Coal      0     -1   1.018412e+09      38203.751  3.7513061e-05      13328.691      66.854     -1
     0     30       85183  1.0645e+05   Coal      0     -1  9.0780879e+08      19265.061  2.1221496e-05      23561.015      59.584     -1
     0     31  1.0645e+05  1.3302e+05   Coal      0     -1  8.7287242e+08      18432.907  2.1117528e-05      23677.014       58.75     -1
     0     32  1.3302e+05       1e+99   Coal      0     -1  1.6974831e+09      35811.185  2.1096637e-05       23700.46      50.454     -1
     0     -1           0       1e+99  Delay     -1     -1   2.588217e+09              0              0              0           1     -1
     0     -1           0       1e+99   LogL     -1     -1              1     -9706494.5     -9706494.5              0           1     -1
     0     -1           0       1e+99 Recomb     -1     -1           4521  1.3563005e-05   3.000001e-09              0           1     -1
     0     -1           0       1e+99 Resamp     -1     -1   2.588217e+09         471095  0.00018201527              0           1     -1
