  Iter  Epoch       Start         End   Type   From     To            Opp          Count           Rate             Ne         ESS  Clump
    10      0           0         133   Coal      0     -1      306014.55      53.866307  0.00017602531      2840.5005      1.4495     -1
    10      1         133       166.2   Coal      0     -1      161508.09    0.071162908  4.4061513e-07      1134777.2      1.9839     -1
    10      2       166.2      207.68   Coal      0     -1      250947.91      42.409924  0.00016899891      2958.5989      2.6336     -1
    10      3      207.68      259.53   Coal      0     -1      389215.81      19.899493  5.1127144e-05       9779.541      3.2425     -1
    10      4      259.53      324.31   Coal      0     -1      604500.76      49.115536   8.124975e-05      6153.8651      3.3369     -1
    10      5      324.31      405.26   Coal      0     -1      934332.91      74.595778  7.9838543e-05      6262.6394      3.7491     -1
    10      6      405.26      506.42   Coal      0     -1      1437964.8      53.776803  3.7397859e-05      13369.749      4.4723     -1
    10      7      506.42      632.82   Coal      0     -1      2226384.1      166.17581  7.4639327e-05      6698.8814      5.7163     -1
    10      8      632.82      790.79   Coal      0     -1      3403025.8      300.35146  8.8260118e-05      5665.0729      7.0465     -1
    10      9      790.79      988.18   Coal      0     -1      5179864.1        360.618  6.9619202e-05      7181.9266       9.022     -1
    10     10      988.18      1234.8   Coal      0     -1        7897114      437.44973   5.539362e-05      9026.3103      10.005     -1
    10     11      1234.8      1543.1   Coal      0     -1       12041363      589.92391  4.8991457e-05      10205.861      12.073     -1
    10     12      1543.1      1928.2   Coal      0     -1       18334642      726.95647  3.9649341e-05       12610.55      13.942     -1
    10     13      1928.2      2409.6   Coal      0     -1       27874422      988.51335  3.5463097e-05      14099.163      17.094     -1
    10     14      2409.6        3011   Coal      0     -1       42386911        1280.68  3.0214044e-05      16548.596       21.38     -1
    10     15        3011      3762.6   Coal      0     -1       64277268         1749.6  2.7219576e-05      18369.132      22.452     -1
    10     16      3762.6      4701.8   Coal      0     -1       96574346        2720.25  2.8167418e-05      17751.006      27.179     -1
    10     17      4701.8      5875.5   Coal      0     -1  1.4351934e+08        4211.17  2.9342177e-05      17040.317      31.938     -1
    10     18      5875.5      7342.1   Coal      0     -1  2.1283648e+08         4849.7  2.2786038e-05      21943.262      38.632     -1
    10     19      7342.1      9174.7   Coal      0     -1  3.1560367e+08        5930.36  1.8790529e-05      26609.149      46.226     -1
    10     20      9174.7       11465   Coal      0     -1  4.6896326e+08        7807.66  1.6648767e-05      30032.254      60.819     -1
    10     21       11465       14327   Coal      0     -1  6.8763528e+08       11444.95  1.6643925e-05      30040.991      63.397     -1
    10     22       14327       17903   Coal      0     -1  9.8541802e+08       17865.47  1.8129839e-05      27578.844      82.361     -1
    10     23       17903       22372   Coal      0     -1  1.3406804e+09        29873.2  2.2282119e-05      22439.518      87.333     -1
    10     24       22372       27956   Coal      0     -1  1.7106165e+09       43367.28  2.5351842e-05      19722.433      98.776     -1
    10     25       27956       34934   Coal      0     -1  2.0185735e+09        58828.1  2.9143402e-05      17156.542      108.12     -1
    10     26       34934       43654   Coal      0     -1  2.1893559e+09       68758.64  3.1405876e-05      15920.587       110.8     -1
    10     27       43654       54551   Coal      0     -1  2.1659221e+09       75167.41  3.4704577e-05      14407.321      109.49     -1
    10     28       54551       68167   Coal      0     -1  1.9141832e+09       69610.38   3.636558e-05      13749.265      89.857     -1
    10     29       68167       85183   Coal      0     -1  1.6060317e+09       53906.15  3.3564811e-05      14896.553      77.312     -1
    10     30       85183  1.0645e+05   Coal      0     -1  1.5480846e+09        28363.4  1.8321608e-05       27290.18      71.589     -1
    10     31  1.0645e+05  1.3302e+05   Coal      0     -1  1.5957575e+09       28130.88  1.7628543e-05      28363.093      69.056     -1
    10     32  1.3302e+05       1e+99   Coal      0     -1  4.1365185e+09       69917.01  1.6902381e-05      29581.632      55.876     -1
    10     -1           0       1e+99  Delay     -1     -1   2.595367e+09              0              0              0           1     -1
    10     -1           0       1e+99   LogL     -1     -1              1      -15584306      -15584306              0           1     -1
    10     -1           0       1e+99 Recomb     -1     -1           4323  1.2969005e-05  3.0000012e-09              0           1     -1
    10     -1           0       1e+99 Resamp     -1     -1   2.595367e+09         731412  0.00028181448              0           1     -1
     9      0           0         133   Coal      0     -1      308080.27      49.188569  0.00015966153      3131.6247      1.4532     -1
     9      1         133       166.2   Coal      0     -1      161528.47    0.078092842  4.8346178e-07      1034207.9       2.171     -1
     9      2       166.2      207.68   Coal      0     -1      253701.57      41.391218  0.00016314924      3064.6787      2.6681     -1
     9      3      207.68      259.53   Coal      0     -1      394269.32      21.101243   5.351987e-05      9342.3246      2.9901     -1
     9      4      259.53      324.31   Coal      0     -1      606355.95      53.748321  8.8641534e-05      5640.6966      3.5092     -1
     9      5      324.31      405.26   Coal      0     -1       935221.4      64.594845  6.9069041e-05      7239.1334      3.6758     -1
     9      6      405.26      506.42   Coal      0     -1      1445937.4      53.959904  3.7318285e-05      13398.258      5.4325     -1
     9      7      506.42      632.82   Coal      0     -1      2219731.1      153.72902  6.9255692e-05      7219.6232      6.3632     -1
     9      8      632.82      790.79   Coal      0     -1      3385817.3      294.81552  8.7073666e-05      5742.2643      7.9892     -1
     9      9      790.79      988.18   Coal      0     -1      5162948.2      351.87382  6.8153661e-05       7336.363      8.7926     -1
     9     10      988.18      1234.8   Coal      0     -1      7868308.4      436.50563  5.5476426e-05      9012.8372      10.726     -1
     9     11      1234.8      1543.1   Coal      0     -1       12012424      587.60806  4.8916694e-05      10221.459      12.406     -1
     9     12      1543.1      1928.2   Coal      0     -1       18320851      717.05204  3.9138576e-05       12775.12      13.537     -1
     9     13      1928.2      2409.6   Coal      0     -1       27829783      1003.7079  3.6065962e-05      13863.487      18.087     -1
     9     14      2409.6        3011   Coal      0     -1       42314420        1284.68  3.0360336e-05      16468.856      21.504     -1
     9     15        3011      3762.6   Coal      0     -1       64129207        1774.02  2.7663214e-05      18074.545       22.66     -1
     9     16      3762.6      4701.8   Coal      0     -1       96376035        2757.94   2.861645e-05      17472.468      27.986     -1
     9     17      4701.8      5875.5   Coal      0     -1  1.4319936e+08        4274.71  2.9851461e-05      16749.599      32.251     -1
     9     18      5875.5      7342.1   Coal      0     -1  2.1215031e+08        4892.37  2.3060867e-05      21681.752      38.345     -1
     9     19      7342.1      9174.7   Coal      0     -1  3.1462701e+08        5957.52  1.8935183e-05      26405.871      45.475     -1
     9     20      9174.7       11465   Coal      0     -1  4.6759053e+08        7818.42  1.6720655e-05      29903.134      59.294     -1
     9     21       11465       14327   Coal      0     -1  6.8626747e+08       11358.06  1.6550486e-05      30210.593      63.921     -1
     9     22       14327       17903   Coal      0     -1  9.8455616e+08       17711.38  1.7989202e-05      27794.451      83.568     -1
     9     23       17903       22372   Coal      0     -1  1.3423233e+09       29582.52  2.2038297e-05      22687.779        89.8     -1
     9     24       22372       27956   Coal      0     -1    1.71583e+09       43064.19  2.5098168e-05      19921.773      100.83     -1
     9     25       27956       34934   Coal      0     -1   2.028649e+09       58740.59  2.8955522e-05      17267.864      111.13     -1
     9     26       34934       43654   Coal      0     -1  2.2021049e+09       68985.12    3.13269e-05      15960.724       113.2     -1
     9     27       43654       54551   Coal      0     -1  2.1765436e+09       75720.31  3.4789246e-05      14372.257      112.44     -1
     9     28       54551       68167   Coal      0     -1  1.9163974e+09        69822.2  3.6434093e-05       13723.41      91.011     -1
     9     29       68167       85183   Coal      0     -1  1.6091607e+09       54221.56  3.3695553e-05      14838.753       79.29     -1
     9     30       85183  1.0645e+05   Coal      0     -1  1.5466799e+09       28500.09  1.8426625e-05      27134.649      73.219     -1
     9     31  1.0645e+05  1.3302e+05   Coal      0     -1    1.58961e+09       28207.03  1.7744623e-05      28177.551      71.204     -1
     9     32  1.3302e+05       1e+99   Coal      0     -1  4.0475308e+09       69255.54  1.7110565e-05      29221.711       56.63     -1
     9     -1           0       1e+99  Delay     -1     -1   2.595367e+09              0              0              0           1     -1
     9     -1           0       1e+99   LogL     -1     -1              1      -15584377      -15584377              0           1     -1
     9     -1           0       1e+99 Recomb     -1     -1           4323  1.2969005e-05  3.0000012e-09              0           1     -1
     9     -1           0       1e+99 Resamp     -1     -1   2.595367e+09         730666  0.00028152704              0           1     -1
     8      0           0         133   Coal      0     -1      294144.18      49.243917  0.00016741421      2986.6042      1.4874     -1
     8      1         133       166.2   Coal      0     -1         159877     0.45553912  2.8493099e-06      175481.09      2.1137     -1
     8      2       166.2      207.68   Coal      0     -1      249488.93      39.705746  0.00015914833      3141.7233      2.4187     -1
     8      3      207.68      259.53   Coal      0     -1      387664.94      19.880162  5.1281816e-05      9750.0448      2.9184     -1
     8      4      259.53      324.31   Coal      0     -1      604379.11      50.468055  8.3503969e-05      5987.7393      3.4992     -1
     8      5      324.31      405.26   Coal      0     -1      935302.61      64.643139  6.9114678e-05      7234.3533      3.9433     -1
     8      6      405.26      506.42   Coal      0     -1      1447513.5      54.772632  3.7839116e-05      13213.839      5.4228     -1
     8      7      506.42      632.82   Coal      0     -1      2231235.9      160.63139  7.1992114e-05      6945.2052      6.6572     -1
     8      8      632.82      790.79   Coal      0     -1      3407521.9      290.64197  8.5294234e-05       5862.061      7.0825     -1
     8      9      790.79      988.18   Coal      0     -1      5196246.3      339.72474  6.5378876e-05      7647.7301      8.8413     -1
     8     10      988.18      1234.8   Coal      0     -1      7923339.5      426.25811  5.3797784e-05      9294.0631      9.2493     -1
     8     11      1234.8      1543.1   Coal      0     -1       12057280      581.53275   4.823084e-05      10366.811       12.68     -1
     8     12      1543.1      1928.2   Coal      0     -1       18383643      718.40621  3.9078555e-05      12794.741      13.492     -1
     8     13      1928.2      2409.6   Coal      0     -1       27951095        1009.75  3.6125597e-05      13840.602       17.54     -1
     8     14      2409.6        3011   Coal      0     -1       42448179        1283.09  3.0227209e-05      16541.388      21.712     -1
     8     15        3011      3762.6   Coal      0     -1       64212662        1818.47  2.8319493e-05      17655.684      23.272     -1
     8     16      3762.6      4701.8   Coal      0     -1       96481870        2805.81  2.9081215e-05      17193.229       26.55     -1
     8     17      4701.8      5875.5   Coal      0     -1  1.4321343e+08        4346.34   3.034869e-05      16475.176      31.538     -1
     8     18      5875.5      7342.1   Coal      0     -1  2.1192623e+08        4968.04  2.3442308e-05      21328.958      37.088     -1
     8     19      7342.1      9174.7   Coal      0     -1  3.1409387e+08        5995.02  1.9086714e-05      26196.232      44.954     -1
     8     20      9174.7       11465   Coal      0     -1  4.6672787e+08        7817.33  1.6749225e-05      29852.128      57.681     -1
     8     21       11465       14327   Coal      0     -1  6.8557579e+08       11257.59  1.6420635e-05      30449.492      62.755     -1
     8     22       14327       17903   Coal      0     -1  9.8393569e+08       17537.74  1.7824071e-05      28051.952      82.294     -1
     8     23       17903       22372   Coal      0     -1  1.3439558e+09       29274.29  2.1782183e-05      22954.541      88.996     -1
     8     24       22372       27956   Coal      0     -1  1.7222151e+09       42710.38  2.4799678e-05      20161.552      100.02     -1
     8     25       27956       34934   Coal      0     -1  2.0402549e+09       58647.49  2.8745178e-05      17394.222      110.13     -1
     8     26       34934       43654   Coal      0     -1  2.2160254e+09       69238.01  3.1244231e-05      16002.954      112.85     -1
     8     27       43654       54551   Coal      0     -1  2.1839409e+09       76192.79  3.4887753e-05      14331.677      110.67     -1
     8     28       54551       68167   Coal      0     -1  1.9214451e+09       70181.44  3.6525342e-05      13689.126      91.262     -1
     8     29       68167       85183   Coal      0     -1  1.6118753e+09        54645.6  3.3901877e-05      14748.446      78.894     -1
     8     30       85183  1.0645e+05   Coal      0     -1  1.5411846e+09       28626.62  1.8574427e-05      26918.731      70.878     -1
     8     31  1.0645e+05  1.3302e+05   Coal      0     -1  1.5840822e+09       28357.67  1.7901641e-05        27930.4      69.903     -1
     8     32  1.3302e+05       1e+99   Coal      0     -1  3.9441247e+09       68409.09  1.7344556e-05       28827.49      54.869     -1
     8     -1           0       1e+99  Delay     -1     -1   2.595367e+09              0              0              0           1     -1
     8     -1           0       1e+99   LogL     -1     -1              1      -15584354      -15584354              0           1     -1
     8     -1           0       1e+99 Recomb     -1     -1           4323  1.2969005e-05  3.0000012e-09              0           1     -1
     8     -1           0       1e+99 Resamp     -1     -1   2.595367e+09         729060  0.00028090825              0           1     -1
     7      0           0         133   Coal      0     -1      312922.71      54.923776  0.00017551866      2848.6999      1.4615     -1
     7      1         133       166.2   Coal      0     -1      162819.92      1.1299973  6.9401663e-06      72044.383      2.2726     -1
     7      2       166.2      207.68   Coal      0     -1      252500.77      40.771466  0.00016147066      3096.5378      2.5265     -1
     7      3      207.68      259.53   Coal      0     -1      386058.63      17.504586  4.5341781e-05      11027.357      3.1161     -1
     7      4      259.53      324.31   Coal      0     -1      598157.49      45.294913  7.5724059e-05      6602.9213      3.4557     -1
     7      5      324.31      405.26   Coal      0     -1       927043.5      62.910904  6.7861869e-05      7367.9079      4.1125     -1
     7      6      405.26      506.42   Coal      0     -1      1441213.9      53.885764  3.7389152e-05      13372.863      5.0576     -1
     7      7      506.42      632.82   Coal      0     -1      2223397.4      149.75667  6.7354881e-05      7423.3669      6.5929     -1
     7      8      632.82      790.79   Coal      0     -1      3397256.4      280.73607  8.2636115e-05      6050.6233      6.9211     -1
     7      9      790.79      988.18   Coal      0     -1      5178243.5      325.86996  6.2930599e-05      7945.2605       8.863     -1
     7     10      988.18      1234.8   Coal      0     -1      7914552.2      417.78519  5.2786965e-05      9472.0353      9.3765     -1
     7     11      1234.8      1543.1   Coal      0     -1       12063766      567.10822  4.7009218e-05      10636.212      13.601     -1
     7     12      1543.1      1928.2   Coal      0     -1       18413560      715.61761  3.8863621e-05      12865.502      13.231     -1
     7     13      1928.2      2409.6   Coal      0     -1       27959585       1010.405  3.6138056e-05       13835.83       17.41     -1
     7     14      2409.6        3011   Coal      0     -1       42427279      1310.4243  3.0886362e-05      16188.375       21.76     -1
     7     15        3011      3762.6   Coal      0     -1       64112880        1851.44  2.8877817e-05      17314.328      23.699     -1
     7     16      3762.6      4701.8   Coal      0     -1       96253965        2861.07  2.9724178e-05      16821.323      26.268     -1
     7     17      4701.8      5875.5   Coal      0     -1  1.4269287e+08        4415.33  3.0942891e-05        16158.8      32.033     -1
     7     18      5875.5      7342.1   Coal      0     -1  2.1105478e+08        5039.09  2.3875744e-05      20941.756      37.946     -1
     7     19      7342.1      9174.7   Coal      0     -1  3.1276216e+08         6015.4  1.9233145e-05      25996.788      44.922     -1
     7     20      9174.7       11465   Coal      0     -1  4.6482569e+08        7798.98  1.6778289e-05      29800.416      57.423     -1
     7     21       11465       14327   Coal      0     -1  6.8364476e+08       11136.94  1.6290537e-05      30692.666      64.029     -1
     7     22       14327       17903   Coal      0     -1    9.82986e+08       17324.47   1.762433e-05      28369.872      81.953     -1
     7     23       17903       22372   Coal      0     -1  1.3455857e+09        28878.9  2.1461956e-05      23297.038      89.948     -1
     7     24       22372       27956   Coal      0     -1  1.7294714e+09       42366.91  2.4497028e-05      20410.639      101.37     -1
     7     25       27956       34934   Coal      0     -1   2.052002e+09       58499.99  2.8508739e-05      17538.482         109     -1
     7     26       34934       43654   Coal      0     -1  2.2289895e+09       69409.92  3.1139636e-05      16056.707      110.36     -1
     7     27       43654       54551   Coal      0     -1  2.1957437e+09       76770.36  3.4963261e-05      14300.726      109.06     -1
     7     28       54551       68167   Coal      0     -1  1.9267684e+09       70579.38  3.6630961e-05      13649.656      90.862     -1
     7     29       68167       85183   Coal      0     -1  1.6095863e+09       55021.06  3.4183355e-05      14627.002      79.027     -1
     7     30       85183  1.0645e+05   Coal      0     -1  1.5262304e+09       28663.19  1.8780383e-05      26623.526      70.745     -1
     7     31  1.0645e+05  1.3302e+05   Coal      0     -1  1.5678285e+09       28378.69  1.8100635e-05      27623.341      69.278     -1
     7     32  1.3302e+05       1e+99   Coal      0     -1  3.8223872e+09        67304.1  1.7607871e-05      28396.392      54.851     -1
     7     -1           0       1e+99  Delay     -1     -1   2.595367e+09              0              0              0           1     -1
     7     -1           0       1e+99   LogL     -1     -1              1      -15584366      -15584366              0           1     -1
     7     -1           0       1e+99 Recomb     -1     -1           4323  1.2969005e-05  3.0000012e-09              0           1     -1
     7     -1           0       1e+99 Resamp     -1     -1   2.595367e+09         727049   0.0002801334              0           1     -1
     6      0           0         133   Coal      0     -1      302694.25      54.915925  0.00018142375      2755.9788      1.4507     -1
     6      1         133       166.2   Coal      0     -1      159743.63      1.1037203  6.9093227e-06      72365.993      2.2282     -1
     6      2       166.2      207.68   Coal      0     -1      248615.17      35.549956   0.0001429919      3496.7015      2.3025     -1
     6      3      207.68      259.53   Coal      0     -1      385216.99      12.344917  3.2046659e-05      15602.251      2.7896     -1
     6      4      259.53      324.31   Coal      0     -1      596369.16      41.739368  6.9989145e-05      7143.9649       3.557     -1
     6      5      324.31      405.26   Coal      0     -1      924865.83      61.338369   6.632137e-05      7539.0482      4.0083     -1
     6      6      405.26      506.42   Coal      0     -1      1440299.1       58.75462  4.0793347e-05        12256.9      5.4325     -1
     6      7      506.42      632.82   Coal      0     -1      2225195.8      144.19396  6.4800572e-05      7715.9813      6.4859     -1
     6      8      632.82      790.79   Coal      0     -1      3405056.9      269.38613  7.9113546e-05      6320.0302      6.6913     -1
     6      9      790.79      988.18   Coal      0     -1      5191665.6      317.72707  6.1199449e-05      8170.0082      8.9111     -1
     6     10      988.18      1234.8   Coal      0     -1      7938555.2      409.40997  5.1572353e-05      9695.1171      9.4574     -1
     6     11      1234.8      1543.1   Coal      0     -1       12064621      564.41563  4.6782707e-05       10687.71      13.874     -1
     6     12      1543.1      1928.2   Coal      0     -1       18367767      716.62107  3.9015144e-05      12815.536      14.173     -1
     6     13      1928.2      2409.6   Coal      0     -1       27963794      1023.9886  3.6618371e-05      13654.349      16.749     -1
     6     14      2409.6        3011   Coal      0     -1       42482115        1338.24  3.1501256e-05      15872.383      21.629     -1
     6     15        3011      3762.6   Coal      0     -1       64164134        1897.34  2.9570102e-05      16908.971       24.17     -1
     6     16      3762.6      4701.8   Coal      0     -1       96249868        2917.42  3.0310899e-05      16495.717       25.82     -1
     6     17      4701.8      5875.5   Coal      0     -1  1.4245227e+08        4521.17  3.1738139e-05      15753.917       30.91     -1
     6     18      5875.5      7342.1   Coal      0     -1  2.1047948e+08        5125.42  2.4351162e-05      20532.901       37.89     -1
     6     19      7342.1      9174.7   Coal      0     -1   3.125442e+08        6061.01  1.9392489e-05      25783.178      42.844     -1
     6     20      9174.7       11465   Coal      0     -1   4.634861e+08        7772.45  1.6769543e-05      29815.959      56.807     -1
     6     21       11465       14327   Coal      0     -1  6.8231776e+08       10996.87  1.6116934e-05      31023.271      66.639     -1
     6     22       14327       17903   Coal      0     -1  9.8232005e+08       17086.55  1.7394076e-05      28745.418      81.137     -1
     6     23       17903       22372   Coal      0     -1  1.3481461e+09       28489.69  2.1132494e-05      23660.246       90.07     -1
     6     24       22372       27956   Coal      0     -1  1.7369584e+09       41983.94  2.4170953e-05      20685.986       101.2     -1
     6     25       27956       34934   Coal      0     -1  2.0657767e+09       58341.74  2.8242036e-05      17704.106      109.33     -1
     6     26       34934       43654   Coal      0     -1  2.2478987e+09       69698.78  3.1006192e-05      16125.811      112.75     -1
     6     27       43654       54551   Coal      0     -1  2.2102184e+09       77429.01   3.503229e-05      14272.547      110.38     -1
     6     28       54551       68167   Coal      0     -1  1.9389866e+09       71275.29  3.6759041e-05      13602.096       93.23     -1
     6     29       68167       85183   Coal      0     -1   1.607814e+09       55506.39  3.4522894e-05      14483.143       79.05     -1
     6     30       85183  1.0645e+05   Coal      0     -1  1.5154536e+09       28770.33  1.8984632e-05      26337.091      70.819     -1
     6     31  1.0645e+05  1.3302e+05   Coal      0     -1   1.551337e+09        28505.1  1.8374538e-05      27211.569      71.742     -1
     6     32  1.3302e+05       1e+99   Coal      0     -1    3.69771e+09       66188.55  1.7899876e-05      27933.155       54.44     -1
     6     -1           0       1e+99  Delay     -1     -1   2.595367e+09              0              0              0           1     -1
     6     -1           0       1e+99   LogL     -1     -1              1      -15584552      -15584552              0           1     -1
     6     -1           0       1e+99 Recomb     -1     -1           4323  1.2969005e-05  3.0000012e-09              0           1     -1
     6     -1           0       1e+99 Resamp     -1     -1   2.595367e+09         725727  0.00027962404              0           1     -1
     5      0           0         133   Coal      0     -1      302447.87      62.199146  0.00020565245      2431.2863      1.4414     -1
     5      1         133       166.2   Coal      0     -1      159563.78      2.0540239  1.2872745e-05      38841.753      2.2177     -1
     5      2       166.2      207.68   Coal      0     -1      246867.37      28.099792  0.00011382546      4392.6904      2.4042     -1
     5      3      207.68      259.53   Coal      0     -1      385591.85      10.158681  2.6345685e-05       18978.44      2.8087     -1
     5      4      259.53      324.31   Coal      0     -1      596780.59      40.058362  6.7124103e-05      7448.8891       3.637     -1
     5      5      324.31      405.26   Coal      0     -1      926716.29      60.883424  6.5698019e-05      7610.5796      3.9257     -1
     5      6      405.26      506.42   Coal      0     -1      1435941.5      60.059928  4.1826165e-05       11954.24      4.4483     -1
     5      7      506.42      632.82   Coal      0     -1      2218401.6       135.7811  6.1206725e-05      8169.0369      6.1594     -1
     5      8      632.82      790.79   Coal      0     -1      3389409.2      262.22872  7.7367087e-05      6462.6964      6.8709     -1
     5      9      790.79      988.18   Coal      0     -1      5182002.7      308.85632  5.9601728e-05      8389.0185      8.6291     -1
     5     10      988.18      1234.8   Coal      0     -1        7939310      402.03655  5.0638726e-05      9873.8661      9.5858     -1
     5     11      1234.8      1543.1   Coal      0     -1       12103148      553.06432  4.5695906e-05      10941.899      13.169     -1
     5     12      1543.1      1928.2   Coal      0     -1       18442485      721.94327  3.9145662e-05      12772.808      13.951     -1
     5     13      1928.2      2409.6   Coal      0     -1       28028515      1023.3339  3.6510458e-05      13694.706      18.225     -1
     5     14      2409.6        3011   Coal      0     -1       42505481        1380.92  3.2488045e-05      15390.277      20.424     -1
     5     15        3011      3762.6   Coal      0     -1       64109688        1944.91  3.0337225e-05      16481.402      23.286     -1
     5     16      3762.6      4701.8   Coal      0     -1       96065461        3003.26  3.1262641e-05      15993.531      25.152     -1
     5     17      4701.8      5875.5   Coal      0     -1  1.4205593e+08        4628.44  3.2581815e-05      15345.984       30.62     -1
     5     18      5875.5      7342.1   Coal      0     -1  2.0957413e+08        5213.78  2.4877975e-05      20098.098      38.665     -1
     5     19      7342.1      9174.7   Coal      0     -1  3.1096308e+08        6074.85  1.9535599e-05      25594.301       42.65     -1
     5     20      9174.7       11465   Coal      0     -1  4.6176285e+08        7727.42  1.6734607e-05      29878.203       56.39     -1
     5     21       11465       14327   Coal      0     -1  6.8068831e+08       10860.66  1.5955408e-05      31337.337      63.412     -1
     5     22       14327       17903   Coal      0     -1  9.8149483e+08       16811.99  1.7128964e-05      29190.323      78.945     -1
     5     23       17903       22372   Coal      0     -1  1.3509153e+09       28042.99   2.075851e-05      24086.507      89.575     -1
     5     24       22372       27956   Coal      0     -1  1.7454056e+09       41563.68  2.3813192e-05      20996.765      99.448     -1
     5     25       27956       34934   Coal      0     -1  2.0819364e+09       58141.52  2.7926655e-05      17904.042      108.65     -1
     5     26       34934       43654   Coal      0     -1  2.2676369e+09       69966.44   3.085434e-05      16205.176      111.29     -1
     5     27       43654       54551   Coal      0     -1  2.2262306e+09       78109.47  3.5085975e-05      14250.709      109.31     -1
     5     28       54551       68167   Coal      0     -1  1.9430397e+09        71791.5  3.6948035e-05      13532.519      92.357     -1
     5     29       68167       85183   Coal      0     -1  1.6016587e+09       55908.41  3.4906569e-05      14323.952      78.527     -1
     5     30       85183  1.0645e+05   Coal      0     -1  1.5026113e+09       28858.75  1.9205732e-05      26033.895      70.169     -1
     5     31  1.0645e+05  1.3302e+05   Coal      0     -1  1.5271105e+09       28547.47  1.8693781e-05      26746.863      70.021     -1
     5     32  1.3302e+05       1e+99   Coal      0     -1  3.5547804e+09       64852.83  1.8243836e-05      27406.517      55.467     -1
     5     -1           0       1e+99  Delay     -1     -1   2.595367e+09              0              0              0           1     -1
     5     -1           0       1e+99   LogL     -1     -1              1      -15584593      -15584593              0           1     -1
     5     -1           0       1e+99 Recomb     -1     -1           4323  1.2969005e-05  3.0000012e-09              0           1     -1
     5     -1           0       1e+99 Resamp     -1     -1   2.595367e+09         722625  0.00027842883              0           1     -1
     4      0           0         133   Coal      0     -1      310355.85      59.772062  0.00019259202      2596.1615      1.4688     -1
     4      1         133       166.2   Coal      0     -1      164115.47       1.467151  8.9397485e-06      55929.985       2.274     -1
     4      2       166.2      207.68   Coal      0     -1      253118.49      23.687552  9.3582858e-05      5342.8588      2.6449     -1
     4      3      207.68      259.53   Coal      0     -1      395192.58      9.1284864   2.309883e-05      21646.118      2.8973     -1
     4      4      259.53      324.31   Coal      0     -1      612220.87      39.221869    6.40649e-05      7804.5857      3.5474     -1
     4      5      324.31      405.26   Coal      0     -1      945440.69      60.138334  6.3608785e-05      7860.5494      4.0225     -1
     4      6      405.26      506.42   Coal      0     -1      1459802.8      61.223876  4.1939826e-05      11921.842        4.48     -1
     4      7      506.42      632.82   Coal      0     -1      2246626.4      130.40406  5.8044392e-05      8614.0966      5.4022     -1
     4      8      632.82      790.79   Coal      0     -1      3434614.4      257.79722  7.5058562e-05      6661.4652       7.344     -1
     4      9      790.79      988.18   Coal      0     -1      5229087.7      307.22016  5.8752152e-05      8510.3266      8.2902     -1
     4     10      988.18      1234.8   Coal      0     -1      7993494.1      398.48217  4.9850812e-05      10029.927       10.21     -1
     4     11      1234.8      1543.1   Coal      0     -1       12196218      549.87483  4.5085684e-05      11089.995      11.124     -1
     4     12      1543.1      1928.2   Coal      0     -1       18560632      729.91935  3.9326211e-05      12714.167      14.738     -1
     4     13      1928.2      2409.6   Coal      0     -1       28184250        1042.61  3.6992647e-05        13516.2      16.235     -1
     4     14      2409.6        3011   Coal      0     -1       42640514        1407.13  3.2999837e-05       15151.59       20.94     -1
     4     15        3011      3762.6   Coal      0     -1       64180234        2027.81  3.1595553e-05      15825.012       23.41     -1
     4     16      3762.6      4701.8   Coal      0     -1       96037546        3078.16  3.2051631e-05       15599.83      25.527     -1
     4     17      4701.8      5875.5   Coal      0     -1  1.4163005e+08        4751.34  3.3547541e-05      14904.222      29.372     -1
     4     18      5875.5      7342.1   Coal      0     -1  2.0849523e+08        5297.39  2.5407728e-05      19679.052      40.483     -1
     4     19      7342.1      9174.7   Coal      0     -1  3.0896579e+08        6088.57  1.9706291e-05      25372.608      42.995     -1
     4     20      9174.7       11465   Coal      0     -1  4.5997562e+08        7668.43  1.6671384e-05      29991.512      58.734     -1
     4     21       11465       14327   Coal      0     -1  6.7868895e+08       10693.12  1.5755553e-05      31734.842      63.963     -1
     4     22       14327       17903   Coal      0     -1  9.8104512e+08       16500.65  1.6819461e-05      29727.469      80.977     -1
     4     23       17903       22372   Coal      0     -1  1.3541503e+09       27544.99  2.0341162e-05        24580.7      90.036     -1
     4     24       22372       27956   Coal      0     -1  1.7558522e+09       41096.22  2.3405285e-05      21362.697      101.87     -1
     4     25       27956       34934   Coal      0     -1  2.1003536e+09       57941.41  2.7586502e-05      18124.806      112.24     -1
     4     26       34934       43654   Coal      0     -1  2.2912041e+09       70238.88  3.0655881e-05      16310.084      114.85     -1
     4     27       43654       54551   Coal      0     -1   2.243584e+09       78872.95   3.515489e-05      14222.772      111.66     -1
     4     28       54551       68167   Coal      0     -1  1.9506082e+09       72457.87  3.7146296e-05      13460.292      94.188     -1
     4     29       68167       85183   Coal      0     -1  1.5960015e+09       56417.59  3.5349333e-05      14144.538      79.875     -1
     4     30       85183  1.0645e+05   Coal      0     -1   1.485627e+09       28961.82  1.9494678e-05      25648.026       70.21     -1
     4     31  1.0645e+05  1.3302e+05   Coal      0     -1  1.5004854e+09       28558.58  1.9032895e-05      26270.308      70.725     -1
     4     32  1.3302e+05       1e+99   Coal      0     -1  3.4119474e+09       63524.71  1.8618314e-05      26855.277      52.854     -1
     4     -1           0       1e+99  Delay     -1     -1   2.595367e+09              0              0              0           1     -1
     4     -1           0       1e+99   LogL     -1     -1              1      -15584766      -15584766              0           1     -1
     4     -1           0       1e+99 Recomb     -1     -1           4323  1.2969005e-05  3.0000012e-09              0           1     -1
     4     -1           0       1e+99 Resamp     -1     -1   2.595367e+09         718537  0.00027685371              0           1     -1
     3      0           0         133   Coal      0     -1       296839.6      45.866782  0.00015451706      3235.8887      1.5373     -1
     3      1         133       166.2   Coal      0     -1      163720.67      3.0353771  1.8539975e-05      26968.753      2.4359     -1
     3      2       166.2      207.68   Coal      0     -1      253949.72      25.741831  0.00010136586      4932.6274      2.6217     -1
     3      3      207.68      259.53   Coal      0     -1      392557.35      6.8708206  1.7502718e-05      28566.992       3.272     -1
     3      4      259.53      324.31   Coal      0     -1      609415.85      32.745115  5.3731971e-05      9305.4469      3.5824     -1
     3      5      324.31      405.26   Coal      0     -1      944573.37      58.404421  6.1831534e-05      8086.4886      4.4785     -1
     3      6      405.26      506.42   Coal      0     -1      1460761.8      59.699852  4.0868985e-05      12234.216      4.7252     -1
     3      7      506.42      632.82   Coal      0     -1      2245817.1      116.28444  5.1778231e-05      9656.5679      5.4323     -1
     3      8      632.82      790.79   Coal      0     -1      3432645.9      233.25442  6.7951785e-05      7358.1584      6.8005     -1
     3      9      790.79      988.18   Coal      0     -1      5250507.1      298.15393  5.6785741e-05      8805.0273      9.3881     -1
     3     10      988.18      1234.8   Coal      0     -1      8015412.5      400.46042  4.9961298e-05      10007.746      10.194     -1
     3     11      1234.8      1543.1   Coal      0     -1       12218699      542.67753   4.441369e-05       11257.79      11.504     -1
     3     12      1543.1      1928.2   Coal      0     -1       18589518      736.02694  3.9593655e-05      12628.286        15.6     -1
     3     13      1928.2      2409.6   Coal      0     -1       28246107      1054.8962  3.7346606e-05      13388.097      15.328     -1
     3     14      2409.6        3011   Coal      0     -1       42706956        1451.62  3.3990247e-05      14710.102      20.182     -1
     3     15        3011      3762.6   Coal      0     -1       64242129        2119.34  3.2989878e-05      15156.164      24.775     -1
     3     16      3762.6      4701.8   Coal      0     -1       95848984        3196.03  3.3344433e-05      14995.007      26.587     -1
     3     17      4701.8      5875.5   Coal      0     -1  1.4103262e+08        4905.89  3.4785497e-05      14373.806      29.256     -1
     3     18      5875.5      7342.1   Coal      0     -1  2.0689281e+08        5374.21  2.5975818e-05      19248.672      42.036     -1
     3     19      7342.1      9174.7   Coal      0     -1  3.0718498e+08        6099.86  1.9857286e-05      25179.674      44.621     -1
     3     20      9174.7       11465   Coal      0     -1  4.5788285e+08        7593.74   1.658446e-05      30148.705      57.236     -1
     3     21       11465       14327   Coal      0     -1  6.7699093e+08       10487.52  1.5491374e-05      32276.026      63.662     -1
     3     22       14327       17903   Coal      0     -1  9.8044445e+08       16162.36  1.6484728e-05      30331.104       78.06     -1
     3     23       17903       22372   Coal      0     -1  1.3576487e+09        27004.6  1.9890712e-05       25137.36      89.882     -1
     3     24       22372       27956   Coal      0     -1   1.766545e+09       40512.43  2.2933143e-05      21802.507      101.18     -1
     3     25       27956       34934   Coal      0     -1  2.1205549e+09       57670.48  2.7195938e-05      18385.099      110.62     -1
     3     26       34934       43654   Coal      0     -1  2.3193872e+09       70598.24  3.0438316e-05      16426.665      114.98     -1
     3     27       43654       54551   Coal      0     -1  2.2629348e+09       79615.43   3.518238e-05      14211.659      109.03     -1
     3     28       54551       68167   Coal      0     -1  1.9650877e+09       73399.11  3.7351569e-05      13386.318       94.08     -1
     3     29       68167       85183   Coal      0     -1   1.595362e+09        57144.2  3.5818956e-05      13959.089      80.288     -1
     3     30       85183  1.0645e+05   Coal      0     -1  1.4708738e+09       29153.35  1.9820429e-05      25226.498      69.307     -1
     3     31  1.0645e+05  1.3302e+05   Coal      0     -1  1.4746179e+09       28679.66  1.9448876e-05      25708.427      69.727     -1
     3     32  1.3302e+05       1e+99   Coal      0     -1  3.2449178e+09       61926.22  1.9084065e-05       26199.87      53.749     -1
     3     -1           0       1e+99  Delay     -1     -1   2.595367e+09              0              0              0           1     -1
     3     -1           0       1e+99   LogL     -1     -1              1      -15584934      -15584934              0           1     -1
     3     -1           0       1e+99 Recomb     -1     -1           4323  1.2969005e-05  3.0000012e-09              0           1     -1
     3     -1           0       1e+99 Resamp     -1     -1   2.595367e+09         714544   0.0002753152              0           1     -1
     2      0           0         133   Coal      0     -1      307255.23      42.901226  0.00013962733      3580.9609      1.6025     -1
     2      1         133       166.2   Coal      0     -1      162198.12      1.5622587  9.6317927e-06      51911.416      2.1879     -1
     2      2       166.2      207.68   Coal      0     -1      253047.45      18.989599  7.5043628e-05      6662.7909      2.7761     -1
     2      3      207.68      259.53   Coal      0     -1      392161.32      5.1370134  1.3099235e-05      38170.167      3.0569     -1
     2      4      259.53      324.31   Coal      0     -1      610300.14      23.429272  3.8389753e-05      13024.309      3.9075     -1
     2      5      324.31      405.26   Coal      0     -1      941059.08      47.638085  5.0621779e-05      9877.1717      4.1739     -1
     2      6      405.26      506.42   Coal      0     -1      1456666.5       53.77166  3.6914187e-05      13544.928      5.1055     -1
     2      7      506.42      632.82   Coal      0     -1      2247196.4      106.47893  4.7383011e-05      10552.305      5.9858     -1
     2      8      632.82      790.79   Coal      0     -1      3448536.5         223.89  6.4923192e-05      7701.4081      6.5606     -1
     2      9      790.79      988.18   Coal      0     -1      5272895.7      289.61178  5.4924617e-05      9103.3861       9.391     -1
     2     10      988.18      1234.8   Coal      0     -1      8040289.8      390.73853  4.8597568e-05      10288.581      11.424     -1
     2     11      1234.8      1543.1   Coal      0     -1       12275735      526.83554  4.2916821e-05      11650.444       11.26     -1
     2     12      1543.1      1928.2   Coal      0     -1       18691365      739.71344  3.9575143e-05      12634.193      13.007     -1
     2     13      1928.2      2409.6   Coal      0     -1       28277921        1072.02  3.7910142e-05      13189.083       17.01     -1
     2     14      2409.6        3011   Coal      0     -1       42768390        1499.73  3.5066319e-05      14258.696      21.212     -1
     2     15        3011      3762.6   Coal      0     -1       64140750        2214.05  3.4518617e-05      14484.937      25.566     -1
     2     16      3762.6      4701.8   Coal      0     -1       95476463        3327.83  3.4854978e-05      14345.153      26.856     -1
     2     17      4701.8      5875.5   Coal      0     -1  1.4020305e+08        5046.16  3.5991799e-05      13892.053      31.133     -1
     2     18      5875.5      7342.1   Coal      0     -1  2.0546097e+08         5462.2  2.6585097e-05      18807.529      44.164     -1
     2     19      7342.1      9174.7   Coal      0     -1  3.0503528e+08        6115.93   2.004991e-05      24937.768      44.772     -1
     2     20      9174.7       11465   Coal      0     -1  4.5498962e+08        7489.95  1.6461804e-05      30373.341      60.843     -1
     2     21       11465       14327   Coal      0     -1  6.7387965e+08       10257.82  1.5222036e-05      32847.118      63.865     -1
     2     22       14327       17903   Coal      0     -1  9.7952924e+08       15751.81     1.6081e-05      31092.593      82.921     -1
     2     23       17903       22372   Coal      0     -1  1.3607524e+09       26380.37  1.9386606e-05      25791.003      91.203     -1
     2     24       22372       27956   Coal      0     -1     1.7789e+09       39858.05  2.2406009e-05      22315.442      103.55     -1
     2     25       27956       34934   Coal      0     -1  2.1428129e+09       57315.96     2.6748e-05      18692.987      112.16     -1
     2     26       34934       43654   Coal      0     -1  2.3509307e+09       70988.06  3.0195726e-05      16558.635      120.02     -1
     2     27       43654       54551   Coal      0     -1  2.2880413e+09       80473.05  3.5171153e-05      14216.196      112.43     -1
     2     28       54551       68167   Coal      0     -1  1.9811092e+09       74434.04  3.7571901e-05      13307.818       98.11     -1
     2     29       68167       85183   Coal      0     -1  1.5882702e+09       57770.91  3.6373478e-05       13746.28      82.338     -1
     2     30       85183  1.0645e+05   Coal      0     -1  1.4547076e+09       29420.78  2.0224531e-05      24722.452      72.909     -1
     2     31  1.0645e+05  1.3302e+05   Coal      0     -1  1.4393463e+09       28676.67  1.9923399e-05       25096.12      72.531     -1
     2     32  1.3302e+05       1e+99   Coal      0     -1  3.0675578e+09        60184.5  1.9619679e-05      25484.616       53.73     -1
     2     -1           0       1e+99  Delay     -1     -1   2.595367e+09              0              0              0           1     -1
     2     -1           0       1e+99   LogL     -1     -1              1      -15585449      -15585449              0           1     -1
     2     -1           0       1e+99 Recomb     -1     -1           4323  1.2969005e-05  3.0000012e-09              0           1     -1
     2     -1           0       1e+99 Resamp     -1     -1   2.595367e+09         710241  0.00027365725              0           1     -1
     1      0           0         133   Coal      0     -1      308071.77      35.636722  0.00011567669      4322.3921      1.6375     -1
     1      1         133       166.2   Coal      0     -1      159854.61      2.3679834  1.4813357e-05      33753.321      2.2654     -1
     1      2       166.2      207.68   Coal      0     -1      249023.83       11.68057   4.690543e-05      10659.747      2.5921     -1
     1      3      207.68      259.53   Coal      0     -1      384020.96      5.0503654  1.3151275e-05      38019.126      2.8063     -1
     1      4      259.53      324.31   Coal      0     -1      594808.71      14.347031  2.4120412e-05      20729.331      3.5927     -1
     1      5      324.31      405.26   Coal      0     -1      931533.84      35.435295  3.8039729e-05      13144.153      4.4164     -1
     1      6      405.26      506.42   Coal      0     -1      1446395.1      44.063181   3.046414e-05       16412.74      4.9626     -1
     1      7      506.42      632.82   Coal      0     -1      2255858.7      92.396759  4.0958576e-05      12207.456      6.7226     -1
     1      8      632.82      790.79   Coal      0     -1      3474737.4      201.10781  5.7877126e-05      8638.9916        7.12     -1
     1      9      790.79      988.18   Coal      0     -1        5305776      283.05246  5.3347986e-05       9372.425      7.8001     -1
     1     10      988.18      1234.8   Coal      0     -1      8097616.2      388.59077  4.7988292e-05      10419.208      10.242     -1
     1     11      1234.8      1543.1   Coal      0     -1       12332303      528.24812  4.2834509e-05      11672.831       12.79     -1
     1     12      1543.1      1928.2   Coal      0     -1       18756065      755.63428  4.0287463e-05      12410.809      15.606     -1
     1     13      1928.2      2409.6   Coal      0     -1       28443114      1107.4404  3.8935274e-05      12841.826      14.985     -1
     1     14      2409.6        3011   Coal      0     -1       42831508        1571.01  3.6678839e-05      13631.838      20.973     -1
     1     15        3011      3762.6   Coal      0     -1       64080020        2334.08  3.6424458e-05       13727.04       25.28     -1
     1     16      3762.6      4701.8   Coal      0     -1       95156966        3480.37  3.6575042e-05      13670.524      29.856     -1
     1     17      4701.8      5875.5   Coal      0     -1  1.3943768e+08         5208.9  3.7356475e-05      13384.561      30.913     -1
     1     18      5875.5      7342.1   Coal      0     -1  2.0459157e+08        5601.44  2.7378645e-05      18262.409      39.461     -1
     1     19      7342.1      9174.7   Coal      0     -1   3.028082e+08        6129.09  2.0240833e-05      24702.541       48.06     -1
     1     20      9174.7       11465   Coal      0     -1  4.5232072e+08        7400.27   1.636067e-05      30561.096      58.871     -1
     1     21       11465       14327   Coal      0     -1  6.7121353e+08        9972.11  1.4856837e-05      33654.539      65.012     -1
     1     22       14327       17903   Coal      0     -1  9.7825186e+08       15290.01  1.5629932e-05      31989.903      84.403     -1
     1     23       17903       22372   Coal      0     -1  1.3649422e+09       25705.86   1.883293e-05      26549.242      93.024     -1
     1     24       22372       27956   Coal      0     -1  1.7930064e+09       39147.88  2.1833653e-05      22900.428         107     -1
     1     25       27956       34934   Coal      0     -1  2.1679914e+09       56836.67   2.621628e-05      19072.118      112.86     -1
     1     26       34934       43654   Coal      0     -1  2.3825193e+09       71291.84   2.992288e-05      16709.622      120.79     -1
     1     27       43654       54551   Coal      0     -1  2.3174051e+09       81407.79  3.5128856e-05      14233.313      113.52     -1
     1     28       54551       68167   Coal      0     -1  1.9979843e+09       75599.43   3.783785e-05      13214.281      99.718     -1
     1     29       68167       85183   Coal      0     -1  1.5942089e+09       58907.82   3.695113e-05      13531.386      83.668     -1
     1     30       85183  1.0645e+05   Coal      0     -1  1.4366538e+09       29691.67   2.066724e-05      24192.877      71.177     -1
     1     31  1.0645e+05  1.3302e+05   Coal      0     -1  1.4068669e+09       28781.17  2.0457636e-05      24440.752      70.239     -1
     1     32  1.3302e+05       1e+99   Coal      0     -1   2.880749e+09       58364.74  2.0260266e-05      24678.847      53.013     -1
     1     -1           0       1e+99  Delay     -1     -1   2.595367e+09              0              0              0           1     -1
     1     -1           0       1e+99   LogL     -1     -1              1      -15585856      -15585856              0           1     -1
     1     -1           0       1e+99 Recomb     -1     -1           4323  1.2969005e-05  3.0000012e-09              0           1     -1
     1     -1           0       1e+99 Resamp     -1     -1   2.595367e+09         705077  0.00027166755              0           1     -1
     0      0           0         133   Coal      0     -1      307028.16      13.573035  4.4207787e-05      11310.225      1.4057     -1
     0      1         133       166.2   Coal      0     -1      164887.32      1.8503201  1.1221724e-05      44556.432      2.3823     -1
     0      2       166.2      207.68   Coal      0     -1      254064.46      4.8064183  1.8918106e-05      26429.708      2.5498     -1
     0      3      207.68      259.53   Coal      0     -1      393355.55      4.8271191  1.2271644e-05      40744.338         2.6     -1
     0      4      259.53      324.31   Coal      0     -1      610558.24      9.5107704  1.5577171e-05      32098.254      3.7035     -1
     0      5      324.31      405.26   Coal      0     -1      949181.38      22.742515  2.3960137e-05      20867.995      3.7695     -1
     0      6      405.26      506.42   Coal      0     -1      1472987.5      36.270508  2.4623771e-05      20305.582      6.1545     -1
     0      7      506.42      632.82   Coal      0     -1      2274897.1      77.347766  3.4000556e-05      14705.642      6.0427     -1
     0      8      632.82      790.79   Coal      0     -1      3498111.9      180.21413  5.1517542e-05       9705.432      6.5751     -1
     0      9      790.79      988.18   Coal      0     -1        5354615      255.15607  4.7651619e-05      10492.823      8.9289     -1
     0     10      988.18      1234.8   Coal      0     -1      8174185.5      365.97408  4.4771932e-05      11167.711      10.156     -1
     0     11      1234.8      1543.1   Coal      0     -1       12439880      527.55215  4.2408139e-05       11790.19      11.478     -1
     0     12      1543.1      1928.2   Coal      0     -1       18897682      765.38496  4.0501526e-05      12345.214      14.953     -1
     0     13      1928.2      2409.6   Coal      0     -1       28587393        1134.44  3.9683227e-05      12599.782      15.812     -1
     0     14      2409.6        3011   Coal      0     -1       42959992        1669.44  3.8860342e-05      12866.588      20.472     -1
     0     15        3011      3762.6   Coal      0     -1       63989585        2475.87  3.8691765e-05      12922.646      25.765     -1
     0     16      3762.6      4701.8   Coal      0     -1       94724078        3670.74  3.8751921e-05      12902.586      30.859     -1
     0     17      4701.8      5875.5   Coal      0     -1  1.3839528e+08        5420.99  3.9170338e-05      12764.761      31.835     -1
     0     18      5875.5      7342.1   Coal      0     -1  2.0281701e+08        5716.71  2.8186541e-05      17738.963      40.063     -1
     0     19      7342.1      9174.7   Coal      0     -1  3.0032762e+08        6133.15  2.0421531e-05      24483.962      49.712     -1
     0     20      9174.7       11465   Coal      0     -1  4.4891993e+08        7269.17  1.6192576e-05      30878.348      57.363     -1
     0     21       11465       14327   Coal      0     -1  6.6813464e+08        9635.01  1.4420761e-05      34672.234      67.346     -1
     0     22       14327       17903   Coal      0     -1  9.7676298e+08       14782.42  1.5134091e-05      33037.993      81.288     -1
     0     23       17903       22372   Coal      0     -1  1.3699875e+09       24924.57  1.8193282e-05      27482.672      93.317     -1
     0     24       22372       27956   Coal      0     -1  1.8127327e+09       38426.41  2.1198056e-05      23587.068       112.6     -1
     0     25       27956       34934   Coal      0     -1  2.1972905e+09       56322.06  2.5632505e-05      19506.482      109.02     -1
     0     26       34934       43654   Coal      0     -1  2.4194817e+09       71511.74  2.9556636e-05      16916.675      116.45     -1
     0     27       43654       54551   Coal      0     -1  2.3622607e+09       82733.87  3.5023175e-05      14276.261      116.63     -1
     0     28       54551       68167   Coal      0     -1  2.0190507e+09       76952.44  3.8113179e-05      13118.822      99.433     -1
     0     29       68167       85183   Coal      0     -1  1.5918289e+09       59919.67  3.7642029e-05      13283.025      83.097     -1
     0     30       85183  1.0645e+05   Coal      0     -1  1.4200313e+09       30118.57  2.1209794e-05      23574.015      70.646     -1
     0     31  1.0645e+05  1.3302e+05   Coal      0     -1  1.3667119e+09       28822.69  2.1089075e-05      23708.959      69.345     -1
     0     32  1.3302e+05       1e+99   Coal      0     -1  2.6897445e+09       56464.64  2.0992566e-05      23817.955      55.137     -1
     0     -1           0       1e+99  Delay     -1     -1   2.595367e+09              0              0              0           1     -1
     0     -1           0       1e+99   LogL     -1     -1              1      -15586379      -15586379              0           1     -1
     0     -1           0       1e+99 Recomb     -1     -1           4323  1.2969005e-05  3.0000012e-09              0           1     -1
     0     -1           0       1e+99 Resamp     -1     -1   2.595367e+09         700163  0.00026977418              0           1     -1
