  Iter  Epoch       Start         End   Type   From     To            Opp          Count           Rate             Ne         ESS  Clump
    10      0           0         133   Coal      0     -1      319986.58      43.600025  0.00013625579      3669.5688      1.4139     -1
    10      1         133       166.2   Coal      0     -1      168647.09      10.754694   6.377041e-05       7840.627       2.121     -1
    10      2       166.2      207.68   Coal      0     -1      260985.35    0.065711573  2.5178261e-07      1985840.1      2.3572     -1
    10      3      207.68      259.53   Coal      0     -1      404211.71      1.1757683  2.9087932e-06      171892.59      2.8684     -1
    10      4      259.53      324.31   Coal      0     -1      627713.36       12.53037   1.996193e-05      25047.678      3.8411     -1
    10      5      324.31      405.26   Coal      0     -1      971936.35       52.09501  5.3599199e-05      9328.4975      4.2222     -1
    10      6      405.26      506.42   Coal      0     -1      1497419.6      69.888498  4.6672621e-05      10712.919      4.7299     -1
    10      7      506.42      632.82   Coal      0     -1        2311235      130.38971  5.6415601e-05      8862.7967      5.5497     -1
    10      8      632.82      790.79   Coal      0     -1      3550413.6      242.24916  6.8231252e-05      7328.0203       7.333     -1
    10      9      790.79      988.18   Coal      0     -1      5415465.3      346.80969  6.4040607e-05      7807.5462      8.3981     -1
    10     10      988.18      1234.8   Coal      0     -1        8204510       489.9164   5.971306e-05      8373.3775      11.038     -1
    10     11      1234.8      1543.1   Coal      0     -1       12489278      638.97186  5.1161634e-05      9772.9482       11.46     -1
    10     12      1543.1      1928.2   Coal      0     -1       18948121      845.88181  4.4641989e-05      11200.218      14.373     -1
    10     13      1928.2      2409.6   Coal      0     -1       28677160      1115.1948  3.8887909e-05      12857.467      17.059     -1
    10     14      2409.6        3011   Coal      0     -1       43332896       1518.239  3.5036638e-05      14270.776      19.436     -1
    10     15        3011      3762.6   Coal      0     -1       65275422      1947.7825  2.9839446e-05      16756.343      25.228     -1
    10     16      3762.6      4701.8   Coal      0     -1       97905501      2979.3499  3.0430873e-05      16430.682       25.99     -1
    10     17      4701.8      5875.5   Coal      0     -1   1.451113e+08      4460.7115  3.0739931e-05      16265.488      31.464     -1
    10     18      5875.5      7342.1   Coal      0     -1  2.1467946e+08       5123.815  2.3867281e-05      20949.182       38.38     -1
    10     19      7342.1      9174.7   Coal      0     -1  3.1851766e+08      6034.2677  1.8944845e-05      26392.404       48.04     -1
    10     20      9174.7       11465   Coal      0     -1  4.7364711e+08      7969.1038  1.6824981e-05      29717.715      60.183     -1
    10     21       11465       14327   Coal      0     -1  6.9456365e+08      11665.413  1.6795311e-05      29770.214      61.592     -1
    10     22       14327       17903   Coal      0     -1  9.9580049e+08      18004.433  1.8080362e-05      27654.314      83.602     -1
    10     23       17903       22372   Coal      0     -1   1.356987e+09      30165.558  2.2229806e-05      22492.324      89.107     -1
    10     24       22372       27956   Coal      0     -1  1.7341433e+09       43594.57  2.5138966e-05      19889.442      97.421     -1
    10     25       27956       34934   Coal      0     -1  2.0523217e+09      59387.594  2.8936785e-05      17279.045      108.17     -1
    10     26       34934       43654   Coal      0     -1  2.2293814e+09      69856.122  3.1334307e-05      15956.951      110.64     -1
    10     27       43654       54551   Coal      0     -1  2.2035066e+09      76460.603  3.4699511e-05      14409.425      108.22     -1
    10     28       54551       68167   Coal      0     -1  1.9481722e+09      70720.121  3.6300755e-05      13773.818       90.19     -1
    10     29       68167       85183   Coal      0     -1  1.6365448e+09      54892.696  3.3541824e-05      14906.763      78.266     -1
    10     30       85183  1.0645e+05   Coal      0     -1  1.5693267e+09       28877.44  1.8401166e-05      27172.192       72.18     -1
    10     31  1.0645e+05  1.3302e+05   Coal      0     -1  1.6245833e+09      28644.633  1.7631988e-05      28357.552      71.735     -1
    10     32  1.3302e+05       1e+99   Coal      0     -1  4.0671215e+09       70151.53  1.7248447e-05      28988.117      55.953     -1
    10     -1           0       1e+99  Delay     -1     -1  2.5963129e+09              0              0              0           1     -1
    10     -1           0       1e+99   LogL     -1     -1              1      -15804343      -15804343              0           1     -1
    10     -1           0       1e+99 Recomb     -1     -1           4125  1.2375004e-05  3.0000011e-09              0           1     -1
    10     -1           0       1e+99 Resamp     -1     -1  2.5963129e+09         739270  0.00028473841              0           1     -1
     9      0           0         133   Coal      0     -1      307719.45      49.310924  0.00016024637      3120.1955      1.4252     -1
     9      1         133       166.2   Coal      0     -1      163681.05      10.741605  6.5625218e-05      7619.0224      2.1591     -1
     9      2       166.2      207.68   Coal      0     -1      252141.13     0.17717872  7.0269661e-07      711544.63      2.7706     -1
     9      3      207.68      259.53   Coal      0     -1      396287.98     0.45714284  1.1535622e-06      433439.99      3.0295     -1
     9      4      259.53      324.31   Coal      0     -1      620584.29      11.228706  1.8093765e-05      27633.828      3.8043     -1
     9      5      324.31      405.26   Coal      0     -1      959381.56       46.19105  4.8146693e-05      10384.929      4.3964     -1
     9      6      405.26      506.42   Coal      0     -1      1491046.5      73.307098  4.9164864e-05      10169.864      4.7187     -1
     9      7      506.42      632.82   Coal      0     -1      2300006.6      137.23905  5.9668978e-05      8379.5637      5.6063     -1
     9      8      632.82      790.79   Coal      0     -1      3534849.1      243.50202  6.8886114e-05      7258.3569      7.5019     -1
     9      9      790.79      988.18   Coal      0     -1      5398411.9      344.82388  6.3875059e-05      7827.7814      8.5532     -1
     9     10      988.18      1234.8   Coal      0     -1      8194172.2      487.08962   5.944342e-05      8411.3599      10.915     -1
     9     11      1234.8      1543.1   Coal      0     -1       12451184      634.44574  5.0954649e-05      9812.6473       11.25     -1
     9     12      1543.1      1928.2   Coal      0     -1       18915272      827.96873  4.3772499e-05      11422.697      14.687     -1
     9     13      1928.2      2409.6   Coal      0     -1       28633026      1120.9422  3.9148578e-05      12771.856      17.776     -1
     9     14      2409.6        3011   Coal      0     -1       43319338      1503.2128  3.4700733e-05      14408.917      20.054     -1
     9     15        3011      3762.6   Coal      0     -1       65287184      1976.7134  3.0277205e-05      16514.074      24.781     -1
     9     16      3762.6      4701.8   Coal      0     -1       97796171      3020.7006  3.0887718e-05      16187.664      25.735     -1
     9     17      4701.8      5875.5   Coal      0     -1  1.4474144e+08      4530.7734  3.1302532e-05      15973.149      32.205     -1
     9     18      5875.5      7342.1   Coal      0     -1  2.1404754e+08      5156.2748   2.408939e-05      20756.026      37.898     -1
     9     19      7342.1      9174.7   Coal      0     -1  3.1745394e+08      6072.5622  1.9128955e-05      26138.385      45.328     -1
     9     20      9174.7       11465   Coal      0     -1  4.7212823e+08      7962.7721  1.6865698e-05      29645.972      60.427     -1
     9     21       11465       14327   Coal      0     -1  6.9298135e+08      11576.931  1.6705978e-05      29929.406      62.664     -1
     9     22       14327       17903   Coal      0     -1  9.9497552e+08      17858.633  1.7948816e-05       27856.99       82.52     -1
     9     23       17903       22372   Coal      0     -1  1.3579984e+09      29869.863  2.1995506e-05      22731.916       88.07     -1
     9     24       22372       27956   Coal      0     -1  1.7392232e+09      43289.746  2.4890276e-05      20088.166      98.442     -1
     9     25       27956       34934   Coal      0     -1  2.0610135e+09      59291.934  2.8768338e-05      17380.218       107.7     -1
     9     26       34934       43654   Coal      0     -1  2.2392781e+09       70055.49  3.1284855e-05      15982.174      109.52     -1
     9     27       43654       54551   Coal      0     -1  2.2121822e+09      76941.631  3.4780874e-05      14375.717      109.18     -1
     9     28       54551       68167   Coal      0     -1  1.9520824e+09      71006.304  3.6374644e-05      13745.839      90.697     -1
     9     29       68167       85183   Coal      0     -1  1.6345969e+09      55096.076  3.3706216e-05      14834.059      76.536     -1
     9     30       85183  1.0645e+05   Coal      0     -1  1.5653533e+09       28953.73  1.8496611e-05      27031.979      70.625     -1
     9     31  1.0645e+05  1.3302e+05   Coal      0     -1  1.6128766e+09       28664.42  1.7772234e-05      28133.773      70.392     -1
     9     32  1.3302e+05       1e+99   Coal      0     -1  3.9884795e+09       69579.04  1.7445004e-05      28661.502      57.414     -1
     9     -1           0       1e+99  Delay     -1     -1  2.5963129e+09              0              0              0           1     -1
     9     -1           0       1e+99   LogL     -1     -1              1      -15804268      -15804268              0           1     -1
     9     -1           0       1e+99 Recomb     -1     -1           4125  1.2375004e-05  3.0000011e-09              0           1     -1
     9     -1           0       1e+99 Resamp     -1     -1  2.5963129e+09         737784  0.00028416606              0           1     -1
     8      0           0         133   Coal      0     -1       317081.5      50.682805  0.00015984157      3128.0974      1.4382     -1
     8      1         133       166.2   Coal      0     -1      166026.92      10.961925  6.6024987e-05      7572.8906       2.268     -1
     8      2       166.2      207.68   Coal      0     -1       256476.3      0.1650184  6.4340603e-07      777114.26      2.3162     -1
     8      3      207.68      259.53   Coal      0     -1      400719.65      1.4185463  3.5399967e-06      141243.07      2.8983     -1
     8      4      259.53      324.31   Coal      0     -1      623055.82      13.656912  2.1919244e-05      22811.006      3.6677     -1
     8      5      324.31      405.26   Coal      0     -1      960158.71      47.983692   4.997475e-05      10005.052       4.089     -1
     8      6      405.26      506.42   Coal      0     -1      1478342.6      68.983989  4.6663059e-05      10715.114      5.1658     -1
     8      7      506.42      632.82   Coal      0     -1      2293515.4      129.65331  5.6530385e-05      8844.8009      6.1617     -1
     8      8      632.82      790.79   Coal      0     -1      3520059.7      246.29959  6.9970287e-05      7145.8903      6.9839     -1
     8      9      790.79      988.18   Coal      0     -1      5375370.9      339.15695  6.3094613e-05      7924.6068      9.0016     -1
     8     10      988.18      1234.8   Coal      0     -1        8183905      482.21376   5.892221e-05      8485.7646      11.548     -1
     8     11      1234.8      1543.1   Coal      0     -1       12451716      618.59087  4.9679164e-05      10064.582      11.824     -1
     8     12      1543.1      1928.2   Coal      0     -1       18930590       832.2251   4.396192e-05       11373.48       15.73     -1
     8     13      1928.2      2409.6   Coal      0     -1       28682307      1125.1966  3.9229641e-05      12745.465      17.078     -1
     8     14      2409.6        3011   Coal      0     -1       43340379      1506.6786  3.4763854e-05      14382.755      20.688     -1
     8     15        3011      3762.6   Coal      0     -1       65255495      2029.1625  3.1095658e-05      16079.416       24.67     -1
     8     16      3762.6      4701.8   Coal      0     -1       97788154      3054.7777  3.1238729e-05      16005.773      27.887     -1
     8     17      4701.8      5875.5   Coal      0     -1  1.4460273e+08      4592.1011   3.175667e-05      15744.724      30.407     -1
     8     18      5875.5      7342.1   Coal      0     -1  2.1369308e+08      5217.3375  2.4415098e-05      20479.131        38.1     -1
     8     19      7342.1      9174.7   Coal      0     -1  3.1669594e+08      6127.3847  1.9347847e-05      25842.668       46.81     -1
     8     20      9174.7       11465   Coal      0     -1  4.7124202e+08      7965.0742  1.6902301e-05      29581.772      60.552     -1
     8     21       11465       14327   Coal      0     -1  6.9215752e+08      11467.226  1.6567365e-05      30179.814      62.051     -1
     8     22       14327       17903   Coal      0     -1  9.9508411e+08       17688.16  1.7775543e-05      28128.536      82.367     -1
     8     23       17903       22372   Coal      0     -1  1.3602937e+09      29592.389  2.1754412e-05      22983.844      90.047     -1
     8     24       22372       27956   Coal      0     -1  1.7454111e+09      43013.694  2.4643876e-05      20289.016      100.23     -1
     8     25       27956       34934   Coal      0     -1  2.0725746e+09      59225.211  2.8575671e-05      17497.402      110.04     -1
     8     26       34934       43654   Coal      0     -1   2.250471e+09      70223.542  3.1203932e-05      16023.622      109.37     -1
     8     27       43654       54551   Coal      0     -1   2.221608e+09      77542.142  3.4903612e-05      14325.165      109.25     -1
     8     28       54551       68167   Coal      0     -1  1.9531514e+09      71247.283  3.6478115e-05      13706.849      91.121     -1
     8     29       68167       85183   Coal      0     -1  1.6326779e+09       55397.36  3.3930367e-05      14736.062      77.265     -1
     8     30       85183  1.0645e+05   Coal      0     -1  1.5594536e+09       29030.86  1.8616046e-05       26858.55      71.077     -1
     8     31  1.0645e+05  1.3302e+05   Coal      0     -1   1.602658e+09       28767.04  1.7949581e-05      27855.803      70.695     -1
     8     32  1.3302e+05       1e+99   Coal      0     -1  3.8933239e+09      68741.763  1.7656317e-05      28318.476      56.165     -1
     8     -1           0       1e+99  Delay     -1     -1  2.5963129e+09              0              0              0           1     -1
     8     -1           0       1e+99   LogL     -1     -1              1      -15804437      -15804437              0           1     -1
     8     -1           0       1e+99 Recomb     -1     -1           4125  1.2375004e-05  3.0000011e-09              0           1     -1
     8     -1           0       1e+99 Resamp     -1     -1  2.5963129e+09         735966  0.00028346583              0           1     -1
     7      0           0         133   Coal      0     -1      316552.56      44.665675  0.00014110034      3543.5775      1.4871     -1
     7      1         133       166.2   Coal      0     -1      165893.72      5.9075208  3.5610274e-05      14040.892      2.0193     -1
     7      2       166.2      207.68   Coal      0     -1      255489.74     0.27221933  1.0654805e-06      469271.85      2.8784     -1
     7      3      207.68      259.53   Coal      0     -1      404301.56      2.7617287  6.8308634e-06      73197.189       3.241     -1
     7      4      259.53      324.31   Coal      0     -1      630890.27      13.873544  2.1990424e-05       22737.17      3.5329     -1
     7      5      324.31      405.26   Coal      0     -1      975739.49        44.5785  4.5686887e-05      10944.059      4.3179     -1
     7      6      405.26      506.42   Coal      0     -1      1502021.8      71.402427  4.7537544e-05      10518.002       5.073     -1
     7      7      506.42      632.82   Coal      0     -1        2316058      122.53997  5.2908854e-05      9450.2142      5.7462     -1
     7      8      632.82      790.79   Coal      0     -1      3543657.3      242.21351  6.8351281e-05      7315.1518      7.2385     -1
     7      9      790.79      988.18   Coal      0     -1      5401056.2      339.39117  6.2837926e-05      7956.9781      9.2175     -1
     7     10      988.18      1234.8   Coal      0     -1      8220173.2      476.52785  5.7970537e-05      8625.0711      11.525     -1
     7     11      1234.8      1543.1   Coal      0     -1       12502345      607.24827   4.857075e-05      10294.261       11.35     -1
     7     12      1543.1      1928.2   Coal      0     -1       18978831      823.10304  4.3369533e-05      11528.831      16.105     -1
     7     13      1928.2      2409.6   Coal      0     -1       28807545      1115.7793  3.8732191e-05      12909.159      16.216     -1
     7     14      2409.6        3011   Coal      0     -1       43526632      1518.6336  3.4889755e-05      14330.854      20.752     -1
     7     15        3011      3762.6   Coal      0     -1       65443759      2071.2202  3.1648858e-05      15798.358      25.711     -1
     7     16      3762.6      4701.8   Coal      0     -1       97852794      3116.8247  3.1852179e-05      15697.513      28.552     -1
     7     17      4701.8      5875.5   Coal      0     -1  1.4460156e+08      4677.0068  3.2344097e-05      15458.771      30.609     -1
     7     18      5875.5      7342.1   Coal      0     -1  2.1335416e+08      5271.5708  2.4708076e-05      20236.298      37.977     -1
     7     19      7342.1      9174.7   Coal      0     -1  3.1600589e+08      6167.2289  1.9516183e-05      25619.763       48.38     -1
     7     20      9174.7       11465   Coal      0     -1  4.6998447e+08      7948.5689  1.6912407e-05      29564.094       61.94     -1
     7     21       11465       14327   Coal      0     -1  6.9087712e+08      11342.602  1.6417683e-05      30454.967      64.034     -1
     7     22       14327       17903   Coal      0     -1  9.9419287e+08        17490.9  1.7593066e-05      28420.288       83.62     -1
     7     23       17903       22372   Coal      0     -1  1.3618695e+09        29223.3  2.1458224e-05       23301.09      90.074     -1
     7     24       22372       27956   Coal      0     -1  1.7518383e+09      42684.414  2.4365499e-05      20520.819      98.146     -1
     7     25       27956       34934   Coal      0     -1  2.0839574e+09      59103.021  2.8360955e-05      17629.872      109.41     -1
     7     26       34934       43654   Coal      0     -1  2.2672635e+09      70461.008  3.1077555e-05      16088.782       111.9     -1
     7     27       43654       54551   Coal      0     -1  2.2262642e+09      77925.502   3.500281e-05      14284.567      107.59     -1
     7     28       54551       68167   Coal      0     -1  1.9585962e+09      71678.914  3.6597087e-05       13662.29      93.224     -1
     7     29       68167       85183   Coal      0     -1  1.6334918e+09      55842.753  3.4186124e-05      14625.817      79.306     -1
     7     30       85183  1.0645e+05   Coal      0     -1  1.5458312e+09        29038.4  1.8784975e-05      26617.017      70.451     -1
     7     31  1.0645e+05  1.3302e+05   Coal      0     -1  1.5830548e+09          28716  1.8139612e-05      27563.985      69.437     -1
     7     32  1.3302e+05       1e+99   Coal      0     -1  3.7802906e+09       67697.59  1.7908039e-05      27920.422      57.157     -1
     7     -1           0       1e+99  Delay     -1     -1  2.5963129e+09              0              0              0           1     -1
     7     -1           0       1e+99   LogL     -1     -1              1      -15804414      -15804414              0           1     -1
     7     -1           0       1e+99 Recomb     -1     -1           4125  1.2375004e-05  3.0000011e-09              0           1     -1
     7     -1           0       1e+99 Resamp     -1     -1  2.5963129e+09         733615  0.00028256032              0           1     -1
     6      0           0         133   Coal      0     -1      312518.99      36.249028  0.00011598984      4310.7224      1.5177     -1
     6      1         133       166.2   Coal      0     -1      166617.29      5.6824318  3.4104695e-05      14660.738      1.9373     -1
     6      2       166.2      207.68   Coal      0     -1      256993.09      0.6939087  2.7001065e-06      185177.88      2.5605     -1
     6      3      207.68      259.53   Coal      0     -1      399252.67      2.9546914  7.4005553e-06      67562.498      2.7267     -1
     6      4      259.53      324.31   Coal      0     -1      622649.93        13.7255  2.2043687e-05      22682.231      3.7112     -1
     6      5      324.31      405.26   Coal      0     -1      967060.79      42.247474  4.3686472e-05      11445.191      4.1974     -1
     6      6      405.26      506.42   Coal      0     -1      1504089.3      75.377987  5.0115367e-05      9976.9796       5.114     -1
     6      7      506.42      632.82   Coal      0     -1      2321006.8      118.07995  5.0874455e-05      9828.1152      5.8809     -1
     6      8      632.82      790.79   Coal      0     -1      3554102.3      241.55154   6.796415e-05      7356.8197      6.5474     -1
     6      9      790.79      988.18   Coal      0     -1      5428628.6      332.11712  6.1178825e-05      8172.7624      9.4595     -1
     6     10      988.18      1234.8   Coal      0     -1      8260381.2      460.83988  5.5789179e-05      8962.3115      9.7596     -1
     6     11      1234.8      1543.1   Coal      0     -1       12551843      603.19338  4.8056159e-05      10404.494      11.603     -1
     6     12      1543.1      1928.2   Coal      0     -1       19067550      818.21552  4.2911413e-05      11651.912      13.339     -1
     6     13      1928.2      2409.6   Coal      0     -1       28796244      1113.7964  3.8678532e-05      12927.068      17.283     -1
     6     14      2409.6        3011   Coal      0     -1       43465808      1539.6845  3.5422889e-05      14115.167       21.63     -1
     6     15        3011      3762.6   Coal      0     -1       65342207         2093.2  3.2034425e-05      15608.209      26.608     -1
     6     16      3762.6      4701.8   Coal      0     -1       97730212      3168.4089  3.2419953e-05      15422.601      26.518     -1
     6     17      4701.8      5875.5   Coal      0     -1  1.4424678e+08      4754.1538  3.2958475e-05      15170.605      30.096     -1
     6     18      5875.5      7342.1   Coal      0     -1  2.1267832e+08      5343.5328  2.5124953e-05      19900.535      38.736     -1
     6     19      7342.1      9174.7   Coal      0     -1  3.1495245e+08      6211.8731  1.9723209e-05      25350.844       47.16     -1
     6     20      9174.7       11465   Coal      0     -1  4.6860997e+08      7925.4106  1.6912595e-05      29563.766      61.426     -1
     6     21       11465       14327   Coal      0     -1  6.8966266e+08      11213.254  1.6259041e-05      30752.121      64.819     -1
     6     22       14327       17903   Coal      0     -1  9.9374068e+08      17257.613  1.7366315e-05       28791.37      80.168     -1
     6     23       17903       22372   Coal      0     -1  1.3641123e+09      28839.516    2.11416e-05      23650.055      88.633     -1
     6     24       22372       27956   Coal      0     -1  1.7586643e+09      42269.128   2.403479e-05      20803.177      97.977     -1
     6     25       27956       34934   Coal      0     -1  2.0978181e+09      58978.695  2.8114303e-05      17784.542      109.96     -1
     6     26       34934       43654   Coal      0     -1  2.2844968e+09      70706.193  3.0950445e-05      16154.856      112.81     -1
     6     27       43654       54551   Coal      0     -1  2.2423377e+09      78545.153  3.5028244e-05      14274.195      108.16     -1
     6     28       54551       68167   Coal      0     -1  1.9660292e+09      72205.482  3.6726556e-05      13614.127      91.237     -1
     6     29       68167       85183   Coal      0     -1  1.6296607e+09      56269.607  3.4528418e-05      14480.826      77.979     -1
     6     30       85183  1.0645e+05   Coal      0     -1  1.5362888e+09       29155.83  1.8978092e-05      26346.168       69.58     -1
     6     31  1.0645e+05  1.3302e+05   Coal      0     -1  1.5671178e+09      28795.491  1.8374809e-05      27211.167      68.834     -1
     6     32  1.3302e+05       1e+99   Coal      0     -1  3.6757597e+09      66786.001  1.8169305e-05      27518.939      54.865     -1
     6     -1           0       1e+99  Delay     -1     -1  2.5963129e+09              0              0              0           1     -1
     6     -1           0       1e+99   LogL     -1     -1              1      -15804555      -15804555              0           1     -1
     6     -1           0       1e+99 Recomb     -1     -1           4125  1.2375004e-05  3.0000011e-09              0           1     -1
     6     -1           0       1e+99 Resamp     -1     -1  2.5963129e+09         731770   0.0002818497              0           1     -1
     5      0           0         133   Coal      0     -1      316803.56      33.598586  0.00010605495      4714.5371      1.4759     -1
     5      1         133       166.2   Coal      0     -1      167588.35      5.9361802  3.5421199e-05      14115.841      2.2428     -1
     5      2       166.2      207.68   Coal      0     -1      259843.51       1.273817  4.9022468e-06      101994.05      2.7819     -1
     5      3      207.68      259.53   Coal      0     -1      405186.86      4.5198805  1.1155052e-05       44822.74      2.8254     -1
     5      4      259.53      324.31   Coal      0     -1       624626.2      13.704692   2.194063e-05      22788.772      3.4381     -1
     5      5      324.31      405.26   Coal      0     -1      968965.34      38.616574  3.9853411e-05      12545.978      4.4053     -1
     5      6      405.26      506.42   Coal      0     -1      1500818.4      66.561819  4.4350349e-05      11273.868      4.8318     -1
     5      7      506.42      632.82   Coal      0     -1      2310780.7      108.28869  4.6862384e-05      10669.538      5.7457     -1
     5      8      632.82      790.79   Coal      0     -1        3534684      228.71741  6.4706605e-05      7727.1864      7.2055     -1
     5      9      790.79      988.18   Coal      0     -1      5390152.8        327.739  6.0803287e-05      8223.2397      9.0339     -1
     5     10      988.18      1234.8   Coal      0     -1      8228007.3      446.53613  5.4270264e-05      9213.1485      10.266     -1
     5     11      1234.8      1543.1   Coal      0     -1       12550328      590.24713  4.7030414e-05      10631.418      12.379     -1
     5     12      1543.1      1928.2   Coal      0     -1       19092083      808.46301  4.2345459e-05      11807.642       13.49     -1
     5     13      1928.2      2409.6   Coal      0     -1       28884633      1127.3794  3.9030421e-05       12810.52      16.962     -1
     5     14      2409.6        3011   Coal      0     -1       43594170      1566.4123  3.5931693e-05      13915.292      21.511     -1
     5     15        3011      3762.6   Coal      0     -1       65475753       2145.894  3.2773873e-05      15256.055      25.171     -1
     5     16      3762.6      4701.8   Coal      0     -1       97691754      3235.2652  3.3117076e-05      15097.951      28.784     -1
     5     17      4701.8      5875.5   Coal      0     -1  1.4403858e+08      4848.4293  3.3660629e-05      14854.149       29.24     -1
     5     18      5875.5      7342.1   Coal      0     -1  2.1224397e+08      5421.6604  2.5544473e-05      19573.705      39.057     -1
     5     19      7342.1      9174.7   Coal      0     -1  3.1414143e+08      6245.1813  1.9880158e-05      25150.705      46.279     -1
     5     20      9174.7       11465   Coal      0     -1  4.6729028e+08      7911.6605  1.6930933e-05      29531.745      60.079     -1
     5     21       11465       14327   Coal      0     -1  6.8831289e+08      11063.464  1.6073306e-05      31107.477      62.936     -1
     5     22       14327       17903   Coal      0     -1  9.9333979e+08      17011.363  1.7125422e-05       29196.36      82.295     -1
     5     23       17903       22372   Coal      0     -1  1.3671707e+09      28434.223  2.0797859e-05      24040.936      90.255     -1
     5     24       22372       27956   Coal      0     -1  1.7681409e+09      41834.466  2.3660143e-05      21132.586      98.295     -1
     5     25       27956       34934   Coal      0     -1  2.1148969e+09      58836.793  2.7820171e-05      17972.571      111.08     -1
     5     26       34934       43654   Coal      0     -1  2.3033758e+09      70950.677   3.080291e-05      16232.233      111.87     -1
     5     27       43654       54551   Coal      0     -1  2.2611732e+09      79334.671  3.5085623e-05      14250.851      110.87     -1
     5     28       54551       68167   Coal      0     -1  1.9731534e+09      72794.631  3.6892535e-05      13552.877      92.801     -1
     5     29       68167       85183   Coal      0     -1   1.624553e+09      56692.591  3.4897348e-05      14327.736      78.858     -1
     5     30       85183  1.0645e+05   Coal      0     -1  1.5237735e+09       29296.64  1.9226375e-05      26005.942      71.214     -1
     5     31  1.0645e+05  1.3302e+05   Coal      0     -1  1.5469378e+09        28871.8  1.8663841e-05       26789.77       71.26     -1
     5     32  1.3302e+05       1e+99   Coal      0     -1  3.5369156e+09      65380.614  1.8485206e-05      27048.657      54.524     -1
     5     -1           0       1e+99  Delay     -1     -1  2.5963129e+09              0              0              0           1     -1
     5     -1           0       1e+99   LogL     -1     -1              1      -15804650      -15804650              0           1     -1
     5     -1           0       1e+99 Recomb     -1     -1           4125  1.2375004e-05  3.0000011e-09              0           1     -1
     5     -1           0       1e+99 Resamp     -1     -1  2.5963129e+09         729695  0.00028105048              0           1     -1
     4      0           0         133   Coal      0     -1      312870.33      39.263141  0.00012549333      3984.2754      1.5109     -1
     4      1         133       166.2   Coal      0     -1       169569.8      5.0530206   2.979906e-05      16779.053      2.3133     -1
     4      2       166.2      207.68   Coal      0     -1       263446.3      1.6076389  6.1023399e-06      81935.783      2.4026     -1
     4      3      207.68      259.53   Coal      0     -1      409667.66      3.6482844  8.9054733e-06      56145.248      2.5167     -1
     4      4      259.53      324.31   Coal      0     -1       638259.9      10.234409  1.6034861e-05      31182.059      3.2984     -1
     4      5      324.31      405.26   Coal      0     -1      991882.07      39.624417  3.9948717e-05      12516.046      4.1617     -1
     4      6      405.26      506.42   Coal      0     -1      1519901.8      58.624084  3.8570969e-05      12963.118      4.9725     -1
     4      7      506.42      632.82   Coal      0     -1      2333678.9      106.50886  4.5639897e-05      10955.327      6.0469     -1
     4      8      632.82      790.79   Coal      0     -1      3580493.8      226.17778  6.3169436e-05      7915.2202      6.1251     -1
     4      9      790.79      988.18   Coal      0     -1      5469993.1      323.38656  5.9120104e-05      8457.3599      8.4919     -1
     4     10      988.18      1234.8   Coal      0     -1      8311901.1      427.33443  5.1412357e-05      9725.2884      10.997     -1
     4     11      1234.8      1543.1   Coal      0     -1       12660448       588.5801  4.6489676e-05      10755.076       11.55     -1
     4     12      1543.1      1928.2   Coal      0     -1       19216695      802.61382  4.1766486e-05      11971.321      12.205     -1
     4     13      1928.2      2409.6   Coal      0     -1       29001892      1141.3052  3.9352783e-05      12705.582      17.701     -1
     4     14      2409.6        3011   Coal      0     -1       43766801      1590.2272  3.6334097e-05      13761.179      20.669     -1
     4     15        3011      3762.6   Coal      0     -1       65551660      2197.7883  3.3527576e-05      14913.097      24.717     -1
     4     16      3762.6      4701.8   Coal      0     -1       97708985      3312.4168  3.3900842e-05      14748.896      26.451     -1
     4     17      4701.8      5875.5   Coal      0     -1   1.436885e+08      4982.1923  3.4673562e-05      14420.209      29.812     -1
     4     18      5875.5      7342.1   Coal      0     -1  2.1123157e+08      5485.3859  2.5968589e-05      19254.031       39.14     -1
     4     19      7342.1      9174.7   Coal      0     -1  3.1262007e+08      6255.3704  2.0009497e-05      24988.135      45.969     -1
     4     20      9174.7       11465   Coal      0     -1  4.6549738e+08      7850.3251  1.6864381e-05      29648.287      60.149     -1
     4     21       11465       14327   Coal      0     -1  6.8650726e+08      10882.922  1.5852596e-05      31540.575      62.659     -1
     4     22       14327       17903   Coal      0     -1  9.9268064e+08      16711.961  1.6835184e-05      29699.706       82.12     -1
     4     23       17903       22372   Coal      0     -1  1.3699274e+09      27940.975  2.0395953e-05      24514.667      89.375     -1
     4     24       22372       27956   Coal      0     -1  1.7785161e+09      41363.221  2.3257153e-05      21498.762      101.28     -1
     4     25       27956       34934   Coal      0     -1  2.1318836e+09      58666.269  2.7518514e-05      18169.586      110.92     -1
     4     26       34934       43654   Coal      0     -1  2.3248755e+09      71181.385  3.0617288e-05      16330.643       111.6     -1
     4     27       43654       54551   Coal      0     -1   2.276757e+09      79980.376  3.5129079e-05      14233.223      108.95     -1
     4     28       54551       68167   Coal      0     -1  1.9816049e+09      73480.348   3.708123e-05      13483.911      91.543     -1
     4     29       68167       85183   Coal      0     -1  1.6228276e+09      57290.541  3.5302913e-05      14163.137       77.64     -1
     4     30       85183  1.0645e+05   Coal      0     -1  1.5112954e+09      29450.101  1.9486661e-05      25658.577        69.3     -1
     4     31  1.0645e+05  1.3302e+05   Coal      0     -1  1.5227022e+09        28938.5  1.9004701e-05       26309.28      67.757     -1
     4     32  1.3302e+05       1e+99   Coal      0     -1  3.4044595e+09       64162.17  1.8846507e-05      26530.115      54.394     -1
     4     -1           0       1e+99  Delay     -1     -1  2.5963129e+09              0              0              0           1     -1
     4     -1           0       1e+99   LogL     -1     -1              1      -15804750      -15804750              0           1     -1
     4     -1           0       1e+99 Recomb     -1     -1           4125  1.2375004e-05  3.0000011e-09              0           1     -1
     4     -1           0       1e+99 Resamp     -1     -1  2.5963129e+09         726952  0.00027999399              0           1     -1
     3      0           0         133   Coal      0     -1      305601.64      29.142552  9.5361243e-05      5243.2202      1.6003     -1
     3      1         133       166.2   Coal      0     -1      162820.38      4.5569181  2.7987394e-05      17865.186      2.2929     -1
     3      2       166.2      207.68   Coal      0     -1      256550.33      3.9013265  1.5206866e-05      32879.885      2.6165     -1
     3      3      207.68      259.53   Coal      0     -1      397732.12      3.3801447   8.498546e-06      58833.594      2.7877     -1
     3      4      259.53      324.31   Coal      0     -1      621100.22      12.617108  2.0314126e-05      24613.414      3.2317     -1
     3      5      324.31      405.26   Coal      0     -1      961318.14      34.505869  3.5894328e-05      13929.777      4.2649     -1
     3      6      405.26      506.42   Coal      0     -1        1489523      53.682878  3.6040315e-05      13873.353      5.2665     -1
     3      7      506.42      632.82   Coal      0     -1      2306850.8      100.81275  4.3701464e-05      11441.264      6.0786     -1
     3      8      632.82      790.79   Coal      0     -1      3552309.7      217.74714  6.1297341e-05      8156.9607      7.1639     -1
     3      9      790.79      988.18   Coal      0     -1        5439700      311.97042  5.7350666e-05      8718.2945      8.5454     -1
     3     10      988.18      1234.8   Coal      0     -1      8287506.3      412.39319   4.976083e-05      10048.064      10.784     -1
     3     11      1234.8      1543.1   Coal      0     -1       12600337      575.90595  4.5705598e-05      10939.579      13.835     -1
     3     12      1543.1      1928.2   Coal      0     -1       19174367      795.96177  4.1511763e-05      12044.779      13.124     -1
     3     13      1928.2      2409.6   Coal      0     -1       29052328      1136.1216  3.9106042e-05      12785.748      16.261     -1
     3     14      2409.6        3011   Coal      0     -1       43800300      1623.4255  3.7064255e-05      13490.086      18.944     -1
     3     15        3011      3762.6   Coal      0     -1       65635346      2274.6339  3.4655624e-05      14427.673      24.281     -1
     3     16      3762.6      4701.8   Coal      0     -1       97655489      3427.2332  3.5095141e-05      14246.986      27.927     -1
     3     17      4701.8      5875.5   Coal      0     -1  1.4330792e+08      5115.5586  3.5696273e-05      14007.065      31.189     -1
     3     18      5875.5      7342.1   Coal      0     -1  2.1044392e+08      5581.9146  2.6524476e-05      18850.514      40.746     -1
     3     19      7342.1      9174.7   Coal      0     -1  3.1136959e+08      6291.3203  2.0205314e-05      24745.965      47.845     -1
     3     20      9174.7       11465   Coal      0     -1  4.6381185e+08      7774.9804  1.6763221e-05      29827.204      60.018     -1
     3     21       11465       14327   Coal      0     -1   6.852112e+08      10676.321  1.5581066e-05      32090.231      62.718     -1
     3     22       14327       17903   Coal      0     -1  9.9286335e+08       16392.23  1.6510057e-05      30284.572      82.335     -1
     3     23       17903       22372   Coal      0     -1  1.3736794e+09      27410.772  1.9954272e-05      25057.292      88.434     -1
     3     24       22372       27956   Coal      0     -1  1.7907699e+09      40870.791  2.2823027e-05      21907.698      105.61     -1
     3     25       27956       34934   Coal      0     -1  2.1512842e+09      58459.864  2.7174403e-05      18399.668      113.93     -1
     3     26       34934       43654   Coal      0     -1  2.3533514e+09      71564.784  3.0409731e-05      16442.105      118.99     -1
     3     27       43654       54551   Coal      0     -1  2.2970633e+09      80752.461  3.5154653e-05      14222.868      113.09     -1
     3     28       54551       68167   Coal      0     -1  1.9951172e+09      74433.451  3.7307808e-05       13402.02      96.654     -1
     3     29       68167       85183   Coal      0     -1   1.618408e+09      57892.541  3.5771288e-05      13977.691      80.784     -1
     3     30       85183  1.0645e+05   Coal      0     -1   1.495012e+09       29638.77  1.9825105e-05      25220.548      71.222     -1
     3     31  1.0645e+05  1.3302e+05   Coal      0     -1  1.4971217e+09          29058  1.9409243e-05      25760.922      69.797     -1
     3     32  1.3302e+05       1e+99   Coal      0     -1  3.2462191e+09       62541.55  1.9265967e-05      25952.499      53.069     -1
     3     -1           0       1e+99  Delay     -1     -1  2.5963129e+09              0              0              0           1     -1
     3     -1           0       1e+99   LogL     -1     -1              1      -15805081      -15805081              0           1     -1
     3     -1           0       1e+99 Recomb     -1     -1           4125  1.2375004e-05  3.0000011e-09              0           1     -1
     3     -1           0       1e+99 Resamp     -1     -1  2.5963129e+09         723978  0.00027884852              0           1     -1
     2      0           0         133   Coal      0     -1       308927.4      27.840162  9.0118785e-05      5548.2328       1.609     -1
     2      1         133       166.2   Coal      0     -1      163660.79      2.9485875  1.8016457e-05      27752.405      2.2793     -1
     2      2       166.2      207.68   Coal      0     -1      255675.49      3.3646931  1.3160014e-05       37993.88      2.5831     -1
     2      3      207.68      259.53   Coal      0     -1       400577.9      5.5579274  1.3874773e-05      36036.626      2.6965     -1
     2      4      259.53      324.31   Coal      0     -1      625735.84      8.9944269   1.437416e-05      34784.642      3.8083     -1
     2      5      324.31      405.26   Coal      0     -1      972668.55       29.16904  2.9988674e-05      16672.961      4.2283     -1
     2      6      405.26      506.42   Coal      0     -1      1505924.2      46.584654  3.0934263e-05      16163.307      4.6884     -1
     2      7      506.42      632.82   Coal      0     -1      2336364.6      90.299534   3.864959e-05      12936.748      6.1755     -1
     2      8      632.82      790.79   Coal      0     -1      3588988.1      204.17569  5.6889486e-05      8788.9703      6.9206     -1
     2      9      790.79      988.18   Coal      0     -1        5487298      300.79833  5.4817204e-05      9121.2241      6.9518     -1
     2     10      988.18      1234.8   Coal      0     -1      8368836.4      398.21427  4.7582991e-05      10507.957       10.35     -1
     2     11      1234.8      1543.1   Coal      0     -1       12732694      569.33561  4.4714467e-05      11182.063      12.625     -1
     2     12      1543.1      1928.2   Coal      0     -1       19347860       792.5327  4.0962293e-05      12206.348      14.664     -1
     2     13      1928.2      2409.6   Coal      0     -1       29284415      1143.4651  3.9046881e-05       12805.12      15.433     -1
     2     14      2409.6        3011   Coal      0     -1       44039794      1666.2485  3.7835066e-05      13215.254      20.097     -1
     2     15        3011      3762.6   Coal      0     -1       65753318      2375.5899  3.6128823e-05      13839.366      24.337     -1
     2     16      3762.6      4701.8   Coal      0     -1       97505979      3544.6526  3.6353182e-05      13753.954      28.597     -1
     2     17      4701.8      5875.5   Coal      0     -1  1.4280294e+08      5254.1782  3.6793209e-05      13589.464      30.222     -1
     2     18      5875.5      7342.1   Coal      0     -1  2.0927672e+08      5690.9467  2.7193406e-05       18386.81       37.61     -1
     2     19      7342.1      9174.7   Coal      0     -1  3.0940676e+08      6279.2967  2.0294633e-05      24637.056      47.999     -1
     2     20      9174.7       11465   Coal      0     -1  4.6142789e+08      7688.6203  1.6662669e-05      30007.197      60.554     -1
     2     21       11465       14327   Coal      0     -1  6.8300951e+08       10413.88   1.524705e-05      32793.228      63.401     -1
     2     22       14327       17903   Coal      0     -1  9.9222118e+08      15996.152  1.6121558e-05      31014.372      82.336     -1
     2     23       17903       22372   Coal      0     -1  1.3778273e+09      26766.012  1.9426246e-05      25738.375      89.248     -1
     2     24       22372       27956   Coal      0     -1  1.8026589e+09      40258.762  2.2332989e-05      22388.405      101.58     -1
     2     25       27956       34934   Coal      0     -1  2.1724769e+09      58088.715  2.6738473e-05      18699.647      107.01     -1
     2     26       34934       43654   Coal      0     -1  2.3838546e+09      71939.414  3.0177769e-05      16568.488      115.42     -1
     2     27       43654       54551   Coal      0     -1  2.3257364e+09      81734.601  3.5143536e-05      14227.367      112.66     -1
     2     28       54551       68167   Coal      0     -1  2.0111104e+09      75494.646  3.7538788e-05      13319.556      95.612     -1
     2     29       68167       85183   Coal      0     -1    1.61927e+09      58790.036  3.6306507e-05      13771.636      81.075     -1
     2     30       85183  1.0645e+05   Coal      0     -1   1.476574e+09      29850.781  2.0216245e-05      24732.586      70.935     -1
     2     31  1.0645e+05  1.3302e+05   Coal      0     -1  1.4645675e+09      29125.836  1.9886988e-05      25142.068      69.821     -1
     2     32  1.3302e+05       1e+99   Coal      0     -1  3.0788216e+09        60853.1  1.9765062e-05      25297.163      54.578     -1
     2     -1           0       1e+99  Delay     -1     -1  2.5963129e+09              0              0              0           1     -1
     2     -1           0       1e+99   LogL     -1     -1              1      -15805409      -15805409              0           1     -1
     2     -1           0       1e+99 Recomb     -1     -1           4125  1.2375004e-05  3.0000011e-09              0           1     -1
     2     -1           0       1e+99 Resamp     -1     -1  2.5963129e+09         719864  0.00027726396              0           1     -1
     1      0           0         133   Coal      0     -1      322838.09      16.152043  5.0031405e-05       9993.723      1.3956     -1
     1      1         133       166.2   Coal      0     -1      170806.34       1.415044  8.2844932e-06      60353.722      2.1176     -1
     1      2       166.2      207.68   Coal      0     -1      264810.35      3.8664446  1.4600806e-05      34244.684      2.9998     -1
     1      3      207.68      259.53   Coal      0     -1      411130.27       4.213009  1.0247382e-05      48792.949      2.8785     -1
     1      4      259.53      324.31   Coal      0     -1      632985.54      9.4731714  1.4965858e-05      33409.379       3.806     -1
     1      5      324.31      405.26   Coal      0     -1      980572.51      25.169983   2.566866e-05      19479.006      4.4622     -1
     1      6      405.26      506.42   Coal      0     -1      1518194.7       39.24634  2.5850664e-05      19341.863      4.9953     -1
     1      7      506.42      632.82   Coal      0     -1      2349104.7       86.97044  3.7022802e-05      13505.191      5.2907     -1
     1      8      632.82      790.79   Coal      0     -1      3610373.3      182.91983  5.0665074e-05      9868.7312      7.4976     -1
     1      9      790.79      988.18   Coal      0     -1      5518613.3      273.39307  4.9540176e-05      10092.818      8.1151     -1
     1     10      988.18      1234.8   Coal      0     -1      8413631.4      387.49509  4.6055629e-05      10856.436      9.7581     -1
     1     11      1234.8      1543.1   Coal      0     -1       12766846      548.46128  4.2959811e-05      11638.785       12.97     -1
     1     12      1543.1      1928.2   Coal      0     -1       19365374      794.15108  4.1008818e-05        12192.5      15.084     -1
     1     13      1928.2      2409.6   Coal      0     -1       29266160      1158.6707    3.95908e-05      12629.197      14.608     -1
     1     14      2409.6        3011   Coal      0     -1       44040091      1707.8281  3.8778942e-05      12893.596      19.175     -1
     1     15        3011      3762.6   Coal      0     -1       65663104      2477.9222  3.7736903e-05       13249.63      25.146     -1
     1     16      3762.6      4701.8   Coal      0     -1       97192575      3664.8917  3.7707528e-05      13259.952      28.031     -1
     1     17      4701.8      5875.5   Coal      0     -1  1.4206352e+08      5401.7153  3.8023241e-05      13149.852      31.192     -1
     1     18      5875.5      7342.1   Coal      0     -1  2.0806757e+08      5770.0301  2.7731521e-05      18030.025      37.168     -1
     1     19      7342.1      9174.7   Coal      0     -1  3.0780307e+08      6280.3015  2.0403635e-05      24505.437      49.476     -1
     1     20      9174.7       11465   Coal      0     -1  4.5920054e+08      7559.9818  1.6463356e-05      30370.479      58.288     -1
     1     21       11465       14327   Coal      0     -1   6.814271e+08      10147.177  1.4891068e-05      33577.175      64.768     -1
     1     22       14327       17903   Coal      0     -1  9.9261261e+08       15551.89  1.5667633e-05      31912.925       80.55     -1
     1     23       17903       22372   Coal      0     -1  1.3847345e+09      26083.136  1.8836199e-05      26544.633      92.247     -1
     1     24       22372       27956   Coal      0     -1  1.8214522e+09      39664.533  2.1776324e-05      22960.717       108.5     -1
     1     25       27956       34934   Coal      0     -1  2.1981824e+09      57641.086  2.6222158e-05      19067.844       106.9     -1
     1     26       34934       43654   Coal      0     -1  2.4173311e+09      72247.304  2.9887219e-05      16729.559         116     -1
     1     27       43654       54551   Coal      0     -1  2.3530448e+09      82639.989  3.5120448e-05       14236.72      111.26     -1
     1     28       54551       68167   Coal      0     -1  2.0280002e+09      76697.883  3.7819465e-05      13220.705      96.386     -1
     1     29       68167       85183   Coal      0     -1  1.6175096e+09      59696.209  3.6906246e-05      13547.842      80.105     -1
     1     30       85183  1.0645e+05   Coal      0     -1  1.4601119e+09        30178.7  2.0668759e-05      24191.099       68.91     -1
     1     31  1.0645e+05  1.3302e+05   Coal      0     -1  1.4276338e+09      29170.141   2.043251e-05      24470.807      67.676     -1
     1     32  1.3302e+05       1e+99   Coal      0     -1  2.9012785e+09      59071.161   2.036039e-05      24557.487      53.237     -1
     1     -1           0       1e+99  Delay     -1     -1  2.5963129e+09              0              0              0           1     -1
     1     -1           0       1e+99   LogL     -1     -1              1      -15805671      -15805671              0           1     -1
     1     -1           0       1e+99 Recomb     -1     -1           4125  1.2375004e-05  3.0000011e-09              0           1     -1
     1     -1           0       1e+99 Resamp     -1     -1  2.5963129e+09         716184  0.00027584657              0           1     -1
     0      0           0         133   Coal      0     -1      305328.02      7.4897908  2.4530309e-05      20382.947      1.4002     -1
     0      1         133       166.2   Coal      0     -1      167600.98      1.3437556  8.0175877e-06      62362.898      2.3448     -1
     0      2       166.2      207.68   Coal      0     -1      260444.35      3.4407389  1.3211033e-05      37847.154      2.5528     -1
     0      3      207.68      259.53   Coal      0     -1      408091.37      3.3544649  8.2198868e-06      60828.088      2.5709     -1
     0      4      259.53      324.31   Coal      0     -1      633931.71      6.6078408  1.0423585e-05      47968.144      3.6686     -1
     0      5      324.31      405.26   Coal      0     -1      983913.39      21.031808   2.137567e-05      23391.079       3.745     -1
     0      6      405.26      506.42   Coal      0     -1      1518557.8        30.7512  2.0250266e-05      24691.034      6.1475     -1
     0      7      506.42      632.82   Coal      0     -1      2340131.4      72.036564  3.0783128e-05      16242.664      6.0561     -1
     0      8      632.82      790.79   Coal      0     -1      3597791.3      163.78606  4.5524058e-05      10983.204      6.6093     -1
     0      9      790.79      988.18   Coal      0     -1        5507544      254.76705  4.6257832e-05       10808.98       8.937     -1
     0     10      988.18      1234.8   Coal      0     -1      8413557.6      372.47834  4.4271205e-05      11294.023      10.166     -1
     0     11      1234.8      1543.1   Coal      0     -1       12802650      541.99859  4.2334877e-05      11810.593      11.379     -1
     0     12      1543.1      1928.2   Coal      0     -1       19413300      796.45704   4.102636e-05      12187.286      14.961     -1
     0     13      1928.2      2409.6   Coal      0     -1       29324360      1191.7493   4.064025e-05      12303.074      15.849     -1
     0     14      2409.6        3011   Coal      0     -1       44043917       1759.438  3.9947354e-05      12516.473      20.326     -1
     0     15        3011      3762.6   Coal      0     -1       65632118      2585.2049  3.9389326e-05      12693.794      25.323     -1
     0     16      3762.6      4701.8   Coal      0     -1       96905536      3799.0677  3.9203825e-05      12753.858      30.471     -1
     0     17      4701.8      5875.5   Coal      0     -1  1.4124857e+08        5574.09  3.9462985e-05      12670.101      31.384     -1
     0     18      5875.5      7342.1   Coal      0     -1  2.0649069e+08      5863.5564  2.8396227e-05      17607.973      39.636     -1
     0     19      7342.1      9174.7   Coal      0     -1  3.0565623e+08      6244.4067  2.0429509e-05      24474.401      49.171     -1
     0     20      9174.7       11465   Coal      0     -1  4.5666849e+08      7401.7841  1.6208221e-05      30848.542      55.933     -1
     0     21       11465       14327   Coal      0     -1  6.7969106e+08      9824.3566   1.445415e-05      34592.141      65.002     -1
     0     22       14327       17903   Coal      0     -1  9.9303411e+08      15059.916  1.5165557e-05      32969.445      78.553     -1
     0     23       17903       22372   Coal      0     -1  1.3918837e+09      25326.175  1.8195611e-05      27479.154      90.905     -1
     0     24       22372       27956   Coal      0     -1  1.8404721e+09      39003.631  2.1192188e-05      23593.599      110.99     -1
     0     25       27956       34934   Coal      0     -1  2.2304158e+09      57157.078  2.5626198e-05      19511.283      108.72     -1
     0     26       34934       43654   Coal      0     -1  2.4568019e+09       72584.56  2.9544327e-05      16923.723      114.33     -1
     0     27       43654       54551   Coal      0     -1  2.3983538e+09       83998.98  3.5023598e-05      14276.089      114.45     -1
     0     28       54551       68167   Coal      0     -1  2.0493356e+09      78073.082  3.8096778e-05       13124.47      97.765     -1
     0     29       68167       85183   Coal      0     -1  1.6161716e+09      60789.127  3.7613039e-05      13293.262      81.223     -1
     0     30       85183  1.0645e+05   Coal      0     -1  1.4417672e+09      30572.423  2.1204826e-05      23579.538      68.949     -1
     0     31  1.0645e+05  1.3302e+05   Coal      0     -1  1.3867256e+09      29220.775   2.107178e-05      23728.418      66.469     -1
     0     32  1.3302e+05       1e+99   Coal      0     -1   2.713819e+09       57105.48  2.1042479e-05      23761.459      55.139     -1
     0     -1           0       1e+99  Delay     -1     -1  2.5963129e+09              0              0              0           1     -1
     0     -1           0       1e+99   LogL     -1     -1              1      -15806249      -15806249              0           1     -1
     0     -1           0       1e+99 Recomb     -1     -1           4125  1.2375004e-05  3.0000011e-09              0           1     -1
     0     -1           0       1e+99 Resamp     -1     -1  2.5963129e+09         712369  0.00027437718              0           1     -1
