  Iter  Epoch       Start         End   Type   From     To            Opp          Count           Rate             Ne         ESS  Clump
    10      0           0         133   Coal      0     -1      304805.66      92.697492  0.00030411998       1644.088      1.4688     -1
    10      1         133       166.2   Coal      0     -1      159495.03      16.256406  0.00010192421      4905.6056      2.5001     -1
    10      2       166.2      207.68   Coal      0     -1      248636.88      21.847719  8.7869986e-05      5690.2251      2.7008     -1
    10      3      207.68      259.53   Coal      0     -1      385765.46      8.9594291  2.3225068e-05      21528.462      2.9456     -1
    10      4      259.53      324.31   Coal      0     -1      604670.48      7.6595951  1.2667387e-05      39471.439      3.4175     -1
    10      5      324.31      405.26   Coal      0     -1      947699.59      22.116666  2.3337212e-05       21425.01      4.7205     -1
    10      6      405.26      506.42   Coal      0     -1      1476518.6      50.693408  3.4333064e-05      14563.221      4.9225     -1
    10      7      506.42      632.82   Coal      0     -1      2280718.1      118.12899  5.1794647e-05      9653.5073      6.4151     -1
    10      8      632.82      790.79   Coal      0     -1      3488989.8      336.92922  9.6569276e-05      5177.6302       6.452     -1
    10      9      790.79      988.18   Coal      0     -1      5260135.6       494.5458   9.401769e-05      5318.1481      8.3058     -1
    10     10      988.18      1234.8   Coal      0     -1      7850966.8      859.66852  0.00010949843      4566.2756      10.161     -1
    10     11      1234.8      1543.1   Coal      0     -1       11570838      1218.0987  0.00010527316      4749.5486      11.191     -1
    10     12      1543.1      1928.2   Coal      0     -1       16887435       1709.386  0.00010122236      4939.6203      13.745     -1
    10     13      1928.2      2409.6   Coal      0     -1       24526859      2144.3371  8.7428115e-05      5718.9841      15.578     -1
    10     14      2409.6        3011   Coal      0     -1       35620976      2610.2332  7.3277981e-05      6823.3321      19.804     -1
    10     15        3011      3762.6   Coal      0     -1       51870085      3055.9344  5.8915161e-05      8486.7799      24.313     -1
    10     16      3762.6      4701.8   Coal      0     -1       75783789      3776.7918  4.9836407e-05      10032.826      25.944     -1
    10     17      4701.8      5875.5   Coal      0     -1  1.1054317e+08       4866.751  4.4025797e-05      11356.978       35.39     -1
    10     18      5875.5      7342.1   Coal      0     -1  1.6222358e+08      4919.5062   3.032547e-05      16487.791      37.137     -1
    10     19      7342.1      9174.7   Coal      0     -1  2.4112613e+08      5277.6545  2.1887526e-05      22844.062      47.985     -1
    10     20      9174.7       11465   Coal      0     -1  3.6129363e+08       6569.305  1.8182731e-05      27498.619      58.984     -1
    10     21       11465       14327   Coal      0     -1  5.3535456e+08      9082.0581  1.6964567e-05      29473.196      62.641     -1
    10     22       14327       17903   Coal      0     -1  7.7374329e+08      14312.954  1.8498323e-05      27029.477      73.514     -1
    10     23       17903       22372   Coal      0     -1  1.0624665e+09      23531.339   2.214784e-05      22575.565      79.861     -1
    10     24       22372       27956   Coal      0     -1  1.3774333e+09      33949.935  2.4647245e-05      20286.243      100.75     -1
    10     25       27956       34934   Coal      0     -1  1.6500173e+09      46443.685  2.8147392e-05      17763.635      105.74     -1
    10     26       34934       43654   Coal      0     -1  1.7999549e+09       56359.28  3.1311497e-05      15968.576      101.44     -1
    10     27       43654       54551   Coal      0     -1  1.7958226e+09      61492.306  3.4241861e-05       14602.01      103.65     -1
    10     28       54551       68167   Coal      0     -1  1.5952888e+09      57784.053  3.6221688e-05      13803.885      87.784     -1
    10     29       68167       85183   Coal      0     -1  1.3439233e+09      45002.925   3.348623e-05      14931.511       76.91     -1
    10     30       85183  1.0645e+05   Coal      0     -1  1.2750916e+09       23623.54  1.8526936e-05      26987.733      67.671     -1
    10     31  1.0645e+05  1.3302e+05   Coal      0     -1  1.3233898e+09      23520.169  1.7772669e-05      28133.085      68.455     -1
    10     32  1.3302e+05       1e+99   Coal      0     -1  3.2853722e+09      57177.602  1.7403691e-05      28729.538       56.15     -1
    10     -1           0       1e+99  Delay     -1     -1  2.5915156e+09              0              0              0           1     -1
    10     -1           0       1e+99   LogL     -1     -1              1      -12854672      -12854672              0           1     -1
    10     -1           0       1e+99 Recomb     -1     -1           4554  1.3662005e-05   3.000001e-09              0           1     -1
    10     -1           0       1e+99 Resamp     -1     -1  2.5915156e+09         615748  0.00023760151              0           1     -1
     9      0           0         133   Coal      0     -1      573208.76      190.64309  0.00033258928      1503.3557      1.4762     -1
     9      1         133       166.2   Coal      0     -1      303814.31      31.906544  0.00010501989       4761.003       2.669     -1
     9      2       166.2      207.68   Coal      0     -1      469692.15      37.578865  8.0007437e-05      6249.4191      2.5857     -1
     9      3      207.68      259.53   Coal      0     -1      727393.04      16.404899  2.2553005e-05      22169.994      3.1762     -1
     9      4      259.53      324.31   Coal      0     -1      1135824.3      20.260123  1.7837374e-05      28031.031      3.3286     -1
     9      5      324.31      405.26   Coal      0     -1      1769288.9      50.361667  2.8464354e-05       17565.83       4.624     -1
     9      6      405.26      506.42   Coal      0     -1      2759510.4       90.40788   3.276229e-05      15261.449      4.8101     -1
     9      7      506.42      632.82   Coal      0     -1      4278383.4        228.828  5.3484688e-05      9348.4699      6.6619     -1
     9      8      632.82      790.79   Coal      0     -1        6527479      644.70272   9.876749e-05      5062.3945      6.3806     -1
     9      9      790.79      988.18   Coal      0     -1      9844797.7      955.90569  9.7097545e-05      5149.4608      8.7785     -1
     9     10      988.18      1234.8   Coal      0     -1       14687189      1619.7266  0.00011028159      4533.8482      10.055     -1
     9     11      1234.8      1543.1   Coal      0     -1       21690919      2249.8098  0.00010372127      4820.6118      11.023     -1
     9     12      1543.1      1928.2   Coal      0     -1       31724669      3099.5847  9.7702666e-05      5117.5676       14.46     -1
     9     13      1928.2      2409.6   Coal      0     -1       46200677       3931.478  8.5095679e-05       5875.739       15.51     -1
     9     14      2409.6        3011   Coal      0     -1       67141708      4845.7894  7.2172567e-05        6927.84      19.653     -1
     9     15        3011      3762.6   Coal      0     -1       97810422      5752.9285  5.8817132e-05      8500.9245      22.542     -1
     9     16      3762.6      4701.8   Coal      0     -1  1.4270931e+08      7183.3539  5.0335566e-05      9933.3342      24.941     -1
     9     17      4701.8      5875.5   Coal      0     -1  2.0765497e+08      9248.9857   4.454016e-05      11225.824      33.154     -1
     9     18      5875.5      7342.1   Coal      0     -1  3.0441377e+08      9350.7966   3.071739e-05      16277.425      36.666     -1
     9     19      7342.1      9174.7   Coal      0     -1  4.5236541e+08      9988.1838  2.2079902e-05      22645.028      48.047     -1
     9     20      9174.7       11465   Coal      0     -1  6.7702076e+08      12372.774  1.8275324e-05      27359.296      55.956     -1
     9     21       11465       14327   Coal      0     -1  1.0030163e+09      16946.983   1.689602e-05      29592.769      61.653     -1
     9     22       14327       17903   Coal      0     -1  1.4502444e+09      26562.254  1.8315709e-05      27298.971       72.09     -1
     9     23       17903       22372   Coal      0     -1  1.9959005e+09      43688.034  2.1888884e-05      22842.645      79.834     -1
     9     24       22372       27956   Coal      0     -1  2.5903974e+09      63360.193  2.4459642e-05      20441.836      98.809     -1
     9     25       27956       34934   Coal      0     -1  3.1097568e+09      87101.476  2.8009096e-05      17851.344      106.13     -1
     9     26       34934       43654   Coal      0     -1  3.3934572e+09      105938.62  3.1218493e-05      16016.148      100.83     -1
     9     27       43654       54551   Coal      0     -1  3.3861134e+09      116221.48  3.4322974e-05      14567.502      104.22     -1
     9     28       54551       68167   Coal      0     -1  2.9992855e+09      108871.84  3.6299259e-05      13774.386      87.763     -1
     9     29       68167       85183   Coal      0     -1  2.5201759e+09      84861.767  3.3672954e-05      14848.712       75.75     -1
     9     30       85183  1.0645e+05   Coal      0     -1  2.3944726e+09      44519.712  1.8592701e-05      26892.274      67.491     -1
     9     31  1.0645e+05  1.3302e+05   Coal      0     -1  2.4746116e+09      44313.533  1.7907268e-05      27921.624      68.219     -1
     9     32  1.3302e+05       1e+99   Coal      0     -1  6.0783464e+09      106820.11  1.7573877e-05      28451.321      57.679     -1
     9     -1           0       1e+99  Delay     -1     -1  4.8556419e+09              0              0              0           1     -1
     9     -1           0       1e+99   LogL     -1     -1              1      -24138966      -24138966              0           1     -1
     9     -1           0       1e+99 Recomb     -1     -1           8580  2.5740009e-05   3.000001e-09              0           1     -1
     9     -1           0       1e+99 Resamp     -1     -1  4.8556419e+09        1154314  0.00023772635              0           1     -1
     8      0           0         133   Coal      0     -1      555988.71      186.23254  0.00033495741      1492.7271      1.4604     -1
     8      1         133       166.2   Coal      0     -1      300681.91      34.389835  0.00011437281      4371.6684      2.6063     -1
     8      2       166.2      207.68   Coal      0     -1      469674.98      33.037635  7.0341484e-05       7108.181      2.6834     -1
     8      3      207.68      259.53   Coal      0     -1      729877.21      18.698581  2.5618804e-05      19516.914       3.174     -1
     8      4      259.53      324.31   Coal      0     -1      1139445.3      26.194023    2.29884e-05        21750.1      3.5373     -1
     8      5      324.31      405.26   Coal      0     -1      1781243.5      55.625922  3.1228701e-05      16010.913      4.6363     -1
     8      6      405.26      506.42   Coal      0     -1      2776501.8      100.91316  3.6345433e-05      13756.887      4.8262     -1
     8      7      506.42      632.82   Coal      0     -1      4301493.1       236.4897  5.4978515e-05      9094.4618      6.5484     -1
     8      8      632.82      790.79   Coal      0     -1      6561844.5       645.3561  9.8349801e-05      5083.8944      6.3375     -1
     8      9      790.79      988.18   Coal      0     -1      9889091.6      975.20579  9.8614295e-05      5070.2588      8.8109     -1
     8     10      988.18      1234.8   Coal      0     -1       14759830      1598.2444  0.00010828338      4617.5137        10.2     -1
     8     11      1234.8      1543.1   Coal      0     -1       21781711      2206.1639  0.00010128515      4936.5578      10.946     -1
     8     12      1543.1      1928.2   Coal      0     -1       31918199      3045.1591  9.5405103e-05      5240.8098      13.602     -1
     8     13      1928.2      2409.6   Coal      0     -1       46537804      3866.1253   8.307494e-05      6018.6622       15.75     -1
     8     14      2409.6        3011   Coal      0     -1       67767162      4826.9837  7.1228949e-05      7019.6178      19.219     -1
     8     15        3011      3762.6   Coal      0     -1       98854032      5800.9137   5.868161e-05       8520.557      22.622     -1
     8     16      3762.6      4701.8   Coal      0     -1  1.4409534e+08       7278.851  5.0514131e-05      9898.2204      27.307     -1
     8     17      4701.8      5875.5   Coal      0     -1  2.0923003e+08      9421.2734  4.5028305e-05      11104.127      32.469     -1
     8     18      5875.5      7342.1   Coal      0     -1   3.066385e+08      9530.5903  3.1080866e-05      16087.068      38.476     -1
     8     19      7342.1      9174.7   Coal      0     -1  4.5528344e+08       10162.39  2.2321018e-05      22400.412      48.644     -1
     8     20      9174.7       11465   Coal      0     -1  6.8108058e+08      12475.819  1.8317684e-05      27296.027      57.032     -1
     8     21       11465       14327   Coal      0     -1  1.0097368e+09       17001.68  1.6837735e-05      29695.206      63.218     -1
     8     22       14327       17903   Coal      0     -1  1.4620968e+09      26547.778  1.8157333e-05      27537.084      73.321     -1
     8     23       17903       22372   Coal      0     -1  2.0149412e+09      43644.505  2.1660436e-05      23083.561      81.858     -1
     8     24       22372       27956   Coal      0     -1  2.6183298e+09      63594.808   2.428831e-05      20586.035       99.44     -1
     8     25       27956       34934   Coal      0     -1  3.1459627e+09      87805.044  2.7910389e-05      17914.476       106.9     -1
     8     26       34934       43654   Coal      0     -1  3.4291686e+09      106789.44  3.1141496e-05      16055.747      100.14     -1
     8     27       43654       54551   Coal      0     -1  3.4176938e+09      117777.82  3.4461196e-05      14509.073      104.58     -1
     8     28       54551       68167   Coal      0     -1  3.0142008e+09      109847.77  3.6443415e-05        13719.9      86.954     -1
     8     29       68167       85183   Coal      0     -1  2.5259906e+09      85694.548  3.3925125e-05      14738.339      75.737     -1
     8     30       85183  1.0645e+05   Coal      0     -1  2.3947847e+09      44826.462  1.8718368e-05       26711.73      68.227     -1
     8     31  1.0645e+05  1.3302e+05   Coal      0     -1  2.4610465e+09      44502.288  1.8082669e-05      27650.786      67.781     -1
     8     32  1.3302e+05       1e+99   Coal      0     -1  5.9350888e+09      105551.09  1.7784247e-05      28114.768      54.696     -1
     8     -1           0       1e+99  Delay     -1     -1  4.8630019e+09              0              0              0           1     -1
     8     -1           0       1e+99   LogL     -1     -1              1      -24339014      -24339014              0           1     -1
     8     -1           0       1e+99 Recomb     -1     -1           7062  2.1186005e-05  3.0000008e-09              0           1     -1
     8     -1           0       1e+99 Resamp     -1     -1  4.8630019e+09        1162203   0.0002389888              0           1     -1
     7      0           0         133   Coal      0     -1       300637.1      101.32682   0.0003370403      1483.5021      1.4491     -1
     7      1         133       166.2   Coal      0     -1      159381.15      14.831027  9.3053835e-05      5373.2337      2.2709     -1
     7      2       166.2      207.68   Coal      0     -1      246584.87      17.215772  6.9816824e-05      7161.5976      2.9071     -1
     7      3      207.68      259.53   Coal      0     -1      387152.42        12.6616  3.2704432e-05      15288.448       3.361     -1
     7      4      259.53      324.31   Coal      0     -1       606978.7      14.871531   2.450091e-05      20407.405      3.8262     -1
     7      5      324.31      405.26   Coal      0     -1      943476.03      31.857852  3.3766467e-05       14807.59      4.4622     -1
     7      6      405.26      506.42   Coal      0     -1      1473766.5      55.770056  3.7841853e-05      13212.884      5.1519     -1
     7      7      506.42      632.82   Coal      0     -1      2282891.8      129.21101  5.6599707e-05       8833.968      6.2589     -1
     7      8      632.82      790.79   Coal      0     -1      3490314.8      350.27793  0.00010035712      4982.2077      6.5438     -1
     7      9      790.79      988.18   Coal      0     -1      5247699.6      523.66712  9.9789844e-05      5010.5299      9.7339     -1
     7     10      988.18      1234.8   Coal      0     -1      7822134.1      830.89171  0.00010622315      4707.0719      9.8579     -1
     7     11      1234.8      1543.1   Coal      0     -1       11564495       1146.946  9.9178217e-05      5041.4296      11.125     -1
     7     12      1543.1      1928.2   Coal      0     -1       16966771      1564.6257  9.2217059e-05      5421.9903      13.665     -1
     7     13      1928.2      2409.6   Coal      0     -1       24747446      2006.1039  8.1063068e-05       6168.037       16.09     -1
     7     14      2409.6        3011   Coal      0     -1       36065777      2543.5712  7.0525895e-05      7089.5945       18.78     -1
     7     15        3011      3762.6   Coal      0     -1       52478775      3061.0101  5.8328537e-05      8572.1334      22.998     -1
     7     16      3762.6      4701.8   Coal      0     -1       76578977      3887.9226  5.0770103e-05      9848.3156      28.172     -1
     7     17      4701.8      5875.5   Coal      0     -1  1.1104955e+08      5052.3382  4.5496252e-05      10989.916      30.715     -1
     7     18      5875.5      7342.1   Coal      0     -1  1.6247809e+08      5111.7339  3.1461065e-05       15892.66      37.795     -1
     7     19      7342.1      9174.7   Coal      0     -1  2.4088456e+08       5431.065  2.2546339e-05      22176.549      48.211     -1
     7     20      9174.7       11465   Coal      0     -1   3.600397e+08      6598.8286  1.8328058e-05      27280.577      58.099     -1
     7     21       11465       14327   Coal      0     -1  5.3394615e+08      8948.9154  1.6759959e-05      29833.009      63.984     -1
     7     22       14327       17903   Coal      0     -1  7.7327247e+08      13885.632  1.7956972e-05      27844.339      71.401     -1
     7     23       17903       22372   Coal      0     -1   1.068042e+09      22846.191  2.1390724e-05      23374.618      80.887     -1
     7     24       22372       27956   Coal      0     -1  1.3891658e+09      33438.287  2.4070767e-05      20772.084      96.161     -1
     7     25       27956       34934   Coal      0     -1  1.6742603e+09      46450.309  2.7743779e-05      18022.058      108.47     -1
     7     26       34934       43654   Coal      0     -1  1.8250405e+09      56577.816  3.1000855e-05      16128.587      100.81     -1
     7     27       43654       54551   Coal      0     -1  1.8174053e+09      62785.894  3.4546996e-05      14473.038      104.83     -1
     7     28       54551       68167   Coal      0     -1  1.5987333e+09      58441.164  3.6554667e-05      13678.144       86.88     -1
     7     29       68167       85183   Coal      0     -1  1.3357008e+09      45646.208  3.4173977e-05      14631.016      75.559     -1
     7     30       85183  1.0645e+05   Coal      0     -1  1.2613065e+09      23770.776  1.8846153e-05      26530.613      67.042     -1
     7     31  1.0645e+05  1.3302e+05   Coal      0     -1  1.2903693e+09      23591.553  1.8282791e-05      27348.122      67.032     -1
     7     32  1.3302e+05       1e+99   Coal      0     -1  3.0635808e+09      55219.997  1.8024658e-05      27739.777      57.202     -1
     7     -1           0       1e+99  Delay     -1     -1  2.5915156e+09              0              0              0           1     -1
     7     -1           0       1e+99   LogL     -1     -1              1      -12854868      -12854868              0           1     -1
     7     -1           0       1e+99 Recomb     -1     -1           4554  1.3662005e-05   3.000001e-09              0           1     -1
     7     -1           0       1e+99 Resamp     -1     -1  2.5915156e+09         613154  0.00023660055              0           1     -1
     6      0           0         133   Coal      0     -1      308408.49      96.473464  0.00031281066       1598.411      1.4441     -1
     6      1         133       166.2   Coal      0     -1      162896.22      16.986258  0.00010427656      4794.9414      2.2854     -1
     6      2       166.2      207.68   Coal      0     -1       255068.6       18.24549  7.1531698e-05      6989.9082      2.6425     -1
     6      3      207.68      259.53   Coal      0     -1      395925.39      14.776588  3.7321649e-05       13397.05      3.3677     -1
     6      4      259.53      324.31   Coal      0     -1      616411.64      15.164065  2.4600549e-05       20324.75      3.8637     -1
     6      5      324.31      405.26   Coal      0     -1      958234.58      33.359245  3.4813234e-05      14362.354      4.1415     -1
     6      6      405.26      506.42   Coal      0     -1      1478283.6      62.124043  4.2024443e-05      11897.838      5.0325     -1
     6      7      506.42      632.82   Coal      0     -1      2283853.5      132.79142  5.8143581e-05      8599.4015      6.5936     -1
     6      8      632.82      790.79   Coal      0     -1      3478416.4      343.13224  9.8646108e-05      5068.6237      7.2561     -1
     6      9      790.79      988.18   Coal      0     -1      5245782.1      518.23503  9.8790804e-05      5061.1998      8.5449     -1
     6     10      988.18      1234.8   Coal      0     -1      7844865.1      810.35685  0.00010329774      4840.3769      10.054     -1
     6     11      1234.8      1543.1   Coal      0     -1       11608136      1122.1702   9.667101e-05      5172.1814      11.949     -1
     6     12      1543.1      1928.2   Coal      0     -1       17054533      1541.0684  9.0361215e-05      5533.3474      14.207     -1
     6     13      1928.2      2409.6   Coal      0     -1       24925725      1973.7225  7.9184156e-05      6314.3945      17.409     -1
     6     14      2409.6        3011   Coal      0     -1       36320911      2523.4556  6.9476661e-05      7196.6613       18.05     -1
     6     15        3011      3762.6   Coal      0     -1       52808921      3083.9139  5.8397594e-05      8561.9965       23.51     -1
     6     16      3762.6      4701.8   Coal      0     -1       76872130      3923.4163  5.1038215e-05      9796.5808      28.535     -1
     6     17      4701.8      5875.5   Coal      0     -1  1.1121825e+08      5119.4427    4.60306e-05      10862.339      29.896     -1
     6     18      5875.5      7342.1   Coal      0     -1  1.6257214e+08      5160.6917   3.174401e-05      15751.003      37.536     -1
     6     19      7342.1      9174.7   Coal      0     -1  2.4052393e+08      5472.5526  2.2752632e-05      21975.479      46.057     -1
     6     20      9174.7       11465   Coal      0     -1   3.596159e+08      6597.3964  1.8345675e-05       27254.38      55.267     -1
     6     21       11465       14327   Coal      0     -1  5.3409236e+08      8886.8791  1.6639218e-05      30049.489      65.176     -1
     6     22       14327       17903   Coal      0     -1   7.744764e+08      13730.203  1.7728368e-05      28203.385      74.214     -1
     6     23       17903       22372   Coal      0     -1  1.0707235e+09      22585.143  2.1093348e-05      23704.155      81.019     -1
     6     24       22372       27956   Coal      0     -1  1.3960273e+09      33210.849  2.3789542e-05      21017.639      97.126     -1
     6     25       27956       34934   Coal      0     -1  1.6818892e+09      46370.966  2.7570761e-05      18135.154       106.7     -1
     6     26       34934       43654   Coal      0     -1  1.8369776e+09      56688.474  3.0859644e-05      16202.391      100.95     -1
     6     27       43654       54551   Coal      0     -1  1.8294349e+09      63402.025  3.4656618e-05      14427.259      107.44     -1
     6     28       54551       68167   Coal      0     -1  1.6040816e+09       58869.75  3.6699973e-05      13623.988      90.007     -1
     6     29       68167       85183   Coal      0     -1  1.3314774e+09      45936.228  3.4500193e-05      14492.672      78.289     -1
     6     30       85183  1.0645e+05   Coal      0     -1  1.2548645e+09       23872.21  1.9023734e-05      26282.957      70.455     -1
     6     31  1.0645e+05  1.3302e+05   Coal      0     -1  1.2734485e+09      23592.342  1.8526341e-05      26988.599      70.393     -1
     6     32  1.3302e+05       1e+99   Coal      0     -1   2.966426e+09      54299.229  1.8304596e-05      27315.544      59.019     -1
     6     -1           0       1e+99  Delay     -1     -1  2.5915156e+09              0              0              0           1     -1
     6     -1           0       1e+99   LogL     -1     -1              1      -12855015      -12855015              0           1     -1
     6     -1           0       1e+99 Recomb     -1     -1           4554  1.3662005e-05   3.000001e-09              0           1     -1
     6     -1           0       1e+99 Resamp     -1     -1  2.5915156e+09         612321  0.00023627911              0           1     -1
     5      0           0         133   Coal      0     -1      310595.77      88.529406  0.00028503095      1754.1955      1.4649     -1
     5      1         133       166.2   Coal      0     -1      162445.23      17.949113  0.00011049332      4525.1604      2.2642     -1
     5      2       166.2      207.68   Coal      0     -1      250964.43      16.446552  6.5533398e-05      7629.6974      2.6226     -1
     5      3      207.68      259.53   Coal      0     -1      392892.16      13.294657  3.3837929e-05      14776.318      3.1484     -1
     5      4      259.53      324.31   Coal      0     -1      612858.21       17.22191  2.8100969e-05      17792.981      4.0007     -1
     5      5      324.31      405.26   Coal      0     -1      954174.28      32.982505  3.4566542e-05      14464.854      4.4288     -1
     5      6      405.26      506.42   Coal      0     -1      1482378.2      59.534383    4.01614e-05      12449.765      4.9235     -1
     5      7      506.42      632.82   Coal      0     -1      2295029.5      134.31948  5.8526255e-05      8543.1743      6.5094     -1
     5      8      632.82      790.79   Coal      0     -1      3503811.9      343.44266  9.8019718e-05      5101.0145      7.5607     -1
     5      9      790.79      988.18   Coal      0     -1        5284133      517.57536  9.7948966e-05      5104.6991      7.3947     -1
     5     10      988.18      1234.8   Coal      0     -1      7876633.7      787.57487  9.9988765e-05      5000.5618      9.3674     -1
     5     11      1234.8      1543.1   Coal      0     -1       11679761      1073.3986  9.1902444e-05      5440.5517        11.7     -1
     5     12      1543.1      1928.2   Coal      0     -1       17151376      1485.4701  8.6609384e-05      5773.0465      14.756     -1
     5     13      1928.2      2409.6   Coal      0     -1       25070836      1935.0764  7.7184361e-05      6477.9962      18.242     -1
     5     14      2409.6        3011   Coal      0     -1       36597649      2464.8451  6.7349823e-05      7423.9245        18.4     -1
     5     15        3011      3762.6   Coal      0     -1       53269696      3082.7336  5.7870306e-05      8640.0096      22.353     -1
     5     16      3762.6      4701.8   Coal      0     -1       77399292      3957.1242  5.1126104e-05      9779.7399        28.4     -1
     5     17      4701.8      5875.5   Coal      0     -1  1.1175469e+08      5190.6438  4.6446764e-05      10765.013      30.306     -1
     5     18      5875.5      7342.1   Coal      0     -1  1.6301689e+08       5218.895  3.2014444e-05      15617.951      38.652     -1
     5     19      7342.1      9174.7   Coal      0     -1  2.4155478e+08      5529.1698  2.2889921e-05      21843.675      41.052     -1
     5     20      9174.7       11465   Coal      0     -1   3.602047e+08      6595.5079  1.8310444e-05      27306.821      55.927     -1
     5     21       11465       14327   Coal      0     -1  5.3469347e+08      8816.4173  1.6488732e-05      30323.739      65.098     -1
     5     22       14327       17903   Coal      0     -1  7.7585629e+08      13551.641   1.746669e-05      28625.916      73.608     -1
     5     23       17903       22372   Coal      0     -1  1.0745942e+09      22301.284  2.0753215e-05      24092.653       79.43     -1
     5     24       22372       27956   Coal      0     -1  1.4045472e+09      33015.572  2.3506203e-05      21270.981      97.698     -1
     5     25       27956       34934   Coal      0     -1  1.6956255e+09        46390.4  2.7358872e-05      18275.607       107.4     -1
     5     26       34934       43654   Coal      0     -1  1.8521681e+09      56870.865  3.0705024e-05       16283.98      101.76     -1
     5     27       43654       54551   Coal      0     -1  1.8400946e+09       63962.18  3.4760267e-05      14384.239      106.39     -1
     5     28       54551       68167   Coal      0     -1  1.6075572e+09      59263.385   3.686549e-05       13562.82       88.21     -1
     5     29       68167       85183   Coal      0     -1   1.326101e+09      46211.297  3.4847494e-05      14348.234      75.518     -1
     5     30       85183  1.0645e+05   Coal      0     -1  1.2443098e+09      23948.358  1.9246299e-05      25979.021      67.244     -1
     5     31  1.0645e+05  1.3302e+05   Coal      0     -1  1.2602479e+09      23658.125  1.8772597e-05      26634.568      67.163     -1
     5     32  1.3302e+05       1e+99   Coal      0     -1  2.8659144e+09       53292.31  1.8595221e-05       26888.63      55.229     -1
     5     -1           0       1e+99  Delay     -1     -1  2.5915156e+09              0              0              0           1     -1
     5     -1           0       1e+99   LogL     -1     -1              1      -12855111      -12855111              0           1     -1
     5     -1           0       1e+99 Recomb     -1     -1           4554  1.3662005e-05   3.000001e-09              0           1     -1
     5     -1           0       1e+99 Resamp     -1     -1  2.5915156e+09         612517  0.00023635474              0           1     -1
     4      0           0         133   Coal      0     -1      313759.46      83.079493  0.00026478721      1888.3087      1.4706     -1
     4      1         133       166.2   Coal      0     -1      167107.79      14.803471  8.8586363e-05      5644.2096      2.2442     -1
     4      2       166.2      207.68   Coal      0     -1      255673.31      15.240731  5.9610177e-05      8387.8294      2.6946     -1
     4      3      207.68      259.53   Coal      0     -1      396996.03      13.280461  3.3452379e-05       14946.62      3.1303     -1
     4      4      259.53      324.31   Coal      0     -1      615301.09      22.296218  3.6236273e-05      13798.329      3.7432     -1
     4      5      324.31      405.26   Coal      0     -1      950783.98      29.660111  3.1195425e-05      16027.991       4.222     -1
     4      6      405.26      506.42   Coal      0     -1      1478221.3      63.851845   4.319505e-05        11575.4      5.5712     -1
     4      7      506.42      632.82   Coal      0     -1      2288317.4      130.81142  5.7164893e-05      8746.6271      6.2026     -1
     4      8      632.82      790.79   Coal      0     -1      3497807.1      329.11107  9.4090687e-05      5314.0222      7.5612     -1
     4      9      790.79      988.18   Coal      0     -1      5257660.9      494.11752  9.3980484e-05      5320.2535      7.1681     -1
     4     10      988.18      1234.8   Coal      0     -1      7881220.7      750.68612   9.524998e-05      5249.3449      10.026     -1
     4     11      1234.8      1543.1   Coal      0     -1       11680677      1037.0392  8.8782457e-05      5631.7432      11.915     -1
     4     12      1543.1      1928.2   Coal      0     -1       17222623      1427.4882  8.2884484e-05      6032.4922      14.151     -1
     4     13      1928.2      2409.6   Coal      0     -1       25235992      1863.9924  7.3862458e-05      6769.3388      17.084     -1
     4     14      2409.6        3011   Coal      0     -1       36923457       2397.804  6.4939858e-05      7699.4317      18.266     -1
     4     15        3011      3762.6   Coal      0     -1       53812554      3070.1949  5.7053507e-05      8763.7031      21.675     -1
     4     16      3762.6      4701.8   Coal      0     -1       78027060      3984.0745  5.1060164e-05      9792.3696      25.885     -1
     4     17      4701.8      5875.5   Coal      0     -1  1.1247562e+08      5263.1989  4.6794131e-05      10685.101      28.641     -1
     4     18      5875.5      7342.1   Coal      0     -1  1.6375535e+08      5277.0956  3.2225484e-05      15515.671      35.964     -1
     4     19      7342.1      9174.7   Coal      0     -1  2.4196998e+08      5542.8434  2.2907153e-05      21827.243      41.637     -1
     4     20      9174.7       11465   Coal      0     -1  3.6106567e+08      6595.9168  1.8267915e-05      27370.393      55.551     -1
     4     21       11465       14327   Coal      0     -1   5.361933e+08      8747.9858  1.6314985e-05      30646.672      68.281     -1
     4     22       14327       17903   Coal      0     -1  7.7737631e+08      13345.116  1.7166867e-05      29125.874       69.68     -1
     4     23       17903       22372   Coal      0     -1  1.0796457e+09       22000.22  2.0377259e-05      24537.157      79.297     -1
     4     24       22372       27956   Coal      0     -1  1.4147166e+09      32785.959  2.3174931e-05      21575.037      98.027     -1
     4     25       27956       34934   Coal      0     -1  1.7075087e+09      46295.307   2.711278e-05      18441.488      104.19     -1
     4     26       34934       43654   Coal      0     -1  1.8729624e+09      57147.872  3.0512023e-05      16386.983      103.46     -1
     4     27       43654       54551   Coal      0     -1  1.8526009e+09      64570.771  3.4854118e-05      14345.507      104.22     -1
     4     28       54551       68167   Coal      0     -1  1.6152842e+09      59841.551  3.7047072e-05      13496.343      87.314     -1
     4     29       68167       85183   Coal      0     -1  1.3241762e+09      46706.016  3.5271753e-05      14175.649      75.126     -1
     4     30       85183  1.0645e+05   Coal      0     -1  1.2347591e+09      24099.304  1.9517413e-05      25618.149      67.702     -1
     4     31  1.0645e+05  1.3302e+05   Coal      0     -1  1.2407948e+09      23710.578  1.9109186e-05      26165.427      67.573     -1
     4     32  1.3302e+05       1e+99   Coal      0     -1  2.7636858e+09      52360.556  1.8945915e-05      26390.913      56.121     -1
     4     -1           0       1e+99  Delay     -1     -1  2.5915156e+09              0              0              0           1     -1
     4     -1           0       1e+99   LogL     -1     -1              1      -12855283      -12855283              0           1     -1
     4     -1           0       1e+99 Recomb     -1     -1           4554  1.3662005e-05   3.000001e-09              0           1     -1
     4     -1           0       1e+99 Resamp     -1     -1  2.5915156e+09         612023  0.00023616412              0           1     -1
     3      0           0         133   Coal      0     -1      305862.97      71.678463  0.00023434829      2133.5765      1.5051     -1
     3      1         133       166.2   Coal      0     -1      163992.51      13.065129  7.9669058e-05      6275.9623      2.2324     -1
     3      2       166.2      207.68   Coal      0     -1      253548.61      15.016611  5.9225768e-05      8442.2713       2.445     -1
     3      3      207.68      259.53   Coal      0     -1      395072.73      11.884498  3.0081797e-05      16621.347      3.2066     -1
     3      4      259.53      324.31   Coal      0     -1      616845.23      22.715205  3.6824805e-05      13577.804      3.7122     -1
     3      5      324.31      405.26   Coal      0     -1      957940.86      31.314204  3.2689079e-05      15295.628      4.1466     -1
     3      6      405.26      506.42   Coal      0     -1      1485818.7      63.072878  4.2449915e-05      11778.586      4.8351     -1
     3      7      506.42      632.82   Coal      0     -1      2297151.8      127.85247  5.5656953e-05      8983.6035      6.3401     -1
     3      8      632.82      790.79   Coal      0     -1      3504879.2      325.67757  9.2921195e-05      5380.9037      7.3868     -1
     3      9      790.79      988.18   Coal      0     -1      5289295.2      474.37485  8.9685834e-05      5575.0164      9.0179     -1
     3     10      988.18      1234.8   Coal      0     -1      7927368.7      713.02785  8.9945085e-05      5558.9474      8.6402     -1
     3     11      1234.8      1543.1   Coal      0     -1       11816545      968.01708  8.1920481e-05      6103.4798      11.156     -1
     3     12      1543.1      1928.2   Coal      0     -1       17459281      1364.6718   7.816312e-05      6396.8787      14.114     -1
     3     13      1928.2      2409.6   Coal      0     -1       25639805      1812.5277  7.0691944e-05      7072.9417      16.514     -1
     3     14      2409.6        3011   Coal      0     -1       37494313       2344.134  6.2519722e-05      7997.4763      18.488     -1
     3     15        3011      3762.6   Coal      0     -1       54554192      3037.7826  5.5683762e-05      8979.2784      21.621     -1
     3     16      3762.6      4701.8   Coal      0     -1       78983814      3994.2274  5.0570201e-05      9887.2456       25.62     -1
     3     17      4701.8      5875.5   Coal      0     -1  1.1362901e+08      5346.9143  4.7055893e-05      10625.662       31.71     -1
     3     18      5875.5      7342.1   Coal      0     -1  1.6477664e+08      5319.0519  3.2280375e-05      15489.287      35.033     -1
     3     19      7342.1      9174.7   Coal      0     -1  2.4294836e+08      5556.8428  2.2872526e-05      21860.287      45.052     -1
     3     20      9174.7       11465   Coal      0     -1   3.620086e+08      6564.5305  1.8133631e-05      27573.076      51.055     -1
     3     21       11465       14327   Coal      0     -1  5.3849175e+08      8655.9589   1.607445e-05      31105.263      69.425     -1
     3     22       14327       17903   Coal      0     -1   7.812675e+08      13134.999  1.6812421e-05      29739.916      72.148     -1
     3     23       17903       22372   Coal      0     -1   1.087462e+09      21709.457  1.9963416e-05      25045.814      82.819     -1
     3     24       22372       27956   Coal      0     -1  1.4267277e+09      32543.076  2.2809591e-05      21920.603      96.504     -1
     3     25       27956       34934   Coal      0     -1  1.7268252e+09      46305.104  2.6815166e-05      18646.164      103.88     -1
     3     26       34934       43654   Coal      0     -1  1.8931919e+09      57398.249  3.0318241e-05      16491.722      100.75     -1
     3     27       43654       54551   Coal      0     -1  1.8705021e+09      65326.742  3.4924709e-05      14316.512      103.08     -1
     3     28       54551       68167   Coal      0     -1  1.6214628e+09      60431.008  3.7269438e-05      13415.818      86.743     -1
     3     29       68167       85183   Coal      0     -1  1.3197364e+09      47215.921  3.5776781e-05      13975.545      74.872     -1
     3     30       85183  1.0645e+05   Coal      0     -1  1.2193162e+09      24210.817  1.9856061e-05      25181.228      67.304     -1
     3     31  1.0645e+05  1.3302e+05   Coal      0     -1  1.2112477e+09      23613.988   1.949559e-05      25646.826      65.791     -1
     3     32  1.3302e+05       1e+99   Coal      0     -1  2.6285033e+09      50939.849  1.9379792e-05       25800.07      54.367     -1
     3     -1           0       1e+99  Delay     -1     -1  2.5915156e+09              0              0              0           1     -1
     3     -1           0       1e+99   LogL     -1     -1              1      -12855478      -12855478              0           1     -1
     3     -1           0       1e+99 Recomb     -1     -1           4554  1.3662005e-05   3.000001e-09              0           1     -1
     3     -1           0       1e+99 Resamp     -1     -1  2.5915156e+09         610638  0.00023562969              0           1     -1
     2      0           0         133   Coal      0     -1      315779.63      52.810938  0.00016723985       2989.718      1.5733     -1
     2      1         133       166.2   Coal      0     -1      168511.82      12.632561   7.496543e-05       6669.741      1.9997     -1
     2      2       166.2      207.68   Coal      0     -1      259140.59      11.669455  4.5031368e-05      11103.371      2.6367     -1
     2      3      207.68      259.53   Coal      0     -1      401314.85      11.623062  2.8962452e-05      17263.732      2.8174     -1
     2      4      259.53      324.31   Coal      0     -1      624056.79      20.489681   3.283304e-05      15228.563      3.4027     -1
     2      5      324.31      405.26   Coal      0     -1      968064.35       32.38818   3.345664e-05      14944.717       4.068     -1
     2      6      405.26      506.42   Coal      0     -1      1496492.8      67.313592  4.4980898e-05       11115.83      4.3822     -1
     2      7      506.42      632.82   Coal      0     -1      2306361.9      124.92522  5.4165489e-05      9230.9699      6.0937     -1
     2      8      632.82      790.79   Coal      0     -1      3521829.7      307.37317  8.7276557e-05      5728.9153       7.714     -1
     2      9      790.79      988.18   Coal      0     -1      5323621.4      430.43423   8.085365e-05      6184.0127      9.1584     -1
     2     10      988.18      1234.8   Coal      0     -1      7981903.1      637.70639  7.9894028e-05      6258.2901      9.8137     -1
     2     11      1234.8      1543.1   Coal      0     -1       11910732      893.37311  7.5005726e-05      6666.1577      12.114     -1
     2     12      1543.1      1928.2   Coal      0     -1       17661664      1274.8683  7.2182797e-05      6926.8582      11.761     -1
     2     13      1928.2      2409.6   Coal      0     -1       25987916      1710.5735  6.5821881e-05      7596.2582       17.01     -1
     2     14      2409.6        3011   Coal      0     -1       38064787      2254.6209  5.9231144e-05       8441.505      19.114     -1
     2     15        3011      3762.6   Coal      0     -1       55486413      2971.7274   5.355775e-05      9335.7171       18.78     -1
     2     16      3762.6      4701.8   Coal      0     -1       80296542      3993.3934  4.9733069e-05      10053.673      23.672     -1
     2     17      4701.8      5875.5   Coal      0     -1  1.1523826e+08       5404.006  4.6894198e-05        10662.3      31.859     -1
     2     18      5875.5      7342.1   Coal      0     -1  1.6643864e+08      5354.0359  3.2168227e-05      15543.287       32.92     -1
     2     19      7342.1      9174.7   Coal      0     -1  2.4530162e+08      5572.9728  2.2718859e-05      22008.148      39.701     -1
     2     20      9174.7       11465   Coal      0     -1  3.6435545e+08      6507.8556  1.7861283e-05       27993.51      51.121     -1
     2     21       11465       14327   Coal      0     -1   5.406517e+08      8535.7248  1.5787844e-05      31669.935      62.625     -1
     2     22       14327       17903   Coal      0     -1  7.8684277e+08      12903.091  1.6398564e-05      30490.475      74.568     -1
     2     23       17903       22372   Coal      0     -1  1.0971157e+09      21384.512  1.9491574e-05       25652.11      85.172     -1
     2     24       22372       27956   Coal      0     -1  1.4397688e+09      32206.024  2.2368886e-05      22352.477      94.645     -1
     2     25       27956       34934   Coal      0     -1  1.7508041e+09      46314.211  2.6453108e-05      18901.371      106.84     -1
     2     26       34934       43654   Coal      0     -1  1.9200023e+09      57777.094    3.00922e-05      16615.601       103.5     -1
     2     27       43654       54551   Coal      0     -1  1.8908649e+09      66163.585  3.4991174e-05      14289.317      104.01     -1
     2     28       54551       68167   Coal      0     -1  1.6312167e+09      61166.767  3.7497635e-05      13334.174       87.35     -1
     2     29       68167       85183   Coal      0     -1  1.3212099e+09      47919.128  3.6269125e-05       13785.83      75.963     -1
     2     30       85183  1.0645e+05   Coal      0     -1  1.2072933e+09      24423.062  2.0229601e-05      24716.257      66.387     -1
     2     31  1.0645e+05  1.3302e+05   Coal      0     -1  1.1934082e+09      23800.513  1.9943313e-05       25071.06      66.829     -1
     2     32  1.3302e+05       1e+99   Coal      0     -1  2.4936001e+09      49526.184  1.9861318e-05      25174.563      53.846     -1
     2     -1           0       1e+99  Delay     -1     -1  2.5915156e+09              0              0              0           1     -1
     2     -1           0       1e+99   LogL     -1     -1              1      -12855866      -12855866              0           1     -1
     2     -1           0       1e+99 Recomb     -1     -1           4554  1.3662005e-05   3.000001e-09              0           1     -1
     2     -1           0       1e+99 Resamp     -1     -1  2.5915156e+09         608477  0.00023479581              0           1     -1
     1      0           0         133   Coal      0     -1      309295.51      39.729423  0.00012845134      3892.5246      1.5589     -1
     1      1         133       166.2   Coal      0     -1       166483.9      7.3473814  4.4132684e-05      11329.472      2.1653     -1
     1      2       166.2      207.68   Coal      0     -1      260887.67       10.09733  3.8703745e-05      12918.647      2.5332     -1
     1      3      207.68      259.53   Coal      0     -1      403550.66      10.502895  2.6026212e-05      19211.401      3.0089     -1
     1      4      259.53      324.31   Coal      0     -1      626200.05      18.351472  2.9306085e-05      17061.303      3.6675     -1
     1      5      324.31      405.26   Coal      0     -1      967501.78       30.89758  3.1935424e-05      15656.595       3.987     -1
     1      6      405.26      506.42   Coal      0     -1      1503635.6      61.865545  4.1143973e-05      12152.448      5.0071     -1
     1      7      506.42      632.82   Coal      0     -1        2320006      114.62293  4.9406308e-05      10120.165      6.0772     -1
     1      8      632.82      790.79   Coal      0     -1      3539722.2      273.18924  7.7178156e-05       6478.517      6.7224     -1
     1      9      790.79      988.18   Coal      0     -1      5361716.1      392.30746  7.3168264e-05      6833.5638      7.8374     -1
     1     10      988.18      1234.8   Coal      0     -1      8062059.2      567.34174  7.0371814e-05      7105.1174      10.721     -1
     1     11      1234.8      1543.1   Coal      0     -1       12084255      808.66045  6.6918517e-05      7471.7735       12.57     -1
     1     12      1543.1      1928.2   Coal      0     -1       17976900      1154.7984  6.4237905e-05      7783.5664      12.835     -1
     1     13      1928.2      2409.6   Coal      0     -1       26513903      1584.8439   5.977407e-05      8364.8312      16.206     -1
     1     14      2409.6        3011   Coal      0     -1       38947597      2144.6039  5.5063831e-05      9080.3707      19.464     -1
     1     15        3011      3762.6   Coal      0     -1       56670241      2873.4671  5.0705045e-05      9860.9518      23.587     -1
     1     16      3762.6      4701.8   Coal      0     -1       81935809      3939.7551  4.8083435e-05      10398.592      23.909     -1
     1     17      4701.8      5875.5   Coal      0     -1  1.1738899e+08      5413.9244  4.6119526e-05      10841.395      31.366     -1
     1     18      5875.5      7342.1   Coal      0     -1  1.6929598e+08      5394.1742  3.1862387e-05      15692.484      35.019     -1
     1     19      7342.1      9174.7   Coal      0     -1  2.4812026e+08      5554.7648  2.2387389e-05      22334.003      42.433     -1
     1     20      9174.7       11465   Coal      0     -1  3.6907593e+08      6429.3595  1.7420154e-05      28702.387      54.644     -1
     1     21       11465       14327   Coal      0     -1  5.4719418e+08      8395.9851  1.5343703e-05      32586.657        65.7     -1
     1     22       14327       17903   Coal      0     -1  7.9585988e+08      12667.155  1.5916314e-05       31414.31      73.997     -1
     1     23       17903       22372   Coal      0     -1  1.1108744e+09      21037.323  1.8937625e-05      26402.466       83.82     -1
     1     24       22372       27956   Coal      0     -1  1.4621427e+09      31932.288  2.1839379e-05      22894.424      94.885     -1
     1     25       27956       34934   Coal      0     -1  1.7809501e+09      46452.511  2.6082995e-05      19169.578      107.52     -1
     1     26       34934       43654   Coal      0     -1  1.9588639e+09      58413.191  2.9819933e-05      16767.308      107.46     -1
     1     27       43654       54551   Coal      0     -1   1.915289e+09      67096.662  3.5032135e-05       14272.61      103.97     -1
     1     28       54551       68167   Coal      0     -1  1.6517004e+09      62412.457  3.7786791e-05      13232.137      90.426     -1
     1     29       68167       85183   Coal      0     -1  1.3171698e+09      48633.566  3.6922776e-05      13541.777      75.843     -1
     1     30       85183  1.0645e+05   Coal      0     -1  1.1920535e+09       24660.95  2.0687788e-05      24168.847      67.511     -1
     1     31  1.0645e+05  1.3302e+05   Coal      0     -1  1.1631576e+09      23810.257  2.0470361e-05      24425.558      66.447     -1
     1     32  1.3302e+05       1e+99   Coal      0     -1  2.3489714e+09      47996.203   2.043286e-05      24470.388      53.953     -1
     1     -1           0       1e+99  Delay     -1     -1  2.5915156e+09              0              0              0           1     -1
     1     -1           0       1e+99   LogL     -1     -1              1      -12856406      -12856406              0           1     -1
     1     -1           0       1e+99 Recomb     -1     -1           4554  1.3662005e-05   3.000001e-09              0           1     -1
     1     -1           0       1e+99 Resamp     -1     -1  2.5915156e+09         606589  0.00023406728              0           1     -1
     0      0           0         133   Coal      0     -1      301566.18      15.700554  5.2063377e-05      9603.6798      1.4204     -1
     0      1         133       166.2   Coal      0     -1      165267.82       4.213427   2.549454e-05      19612.043      2.3925     -1
     0      2       166.2      207.68   Coal      0     -1      257362.79      4.9464981  1.9219943e-05      26014.646      2.6003     -1
     0      3      207.68      259.53   Coal      0     -1      401217.71      7.1065219  1.7712383e-05      28228.838      2.6253     -1
     0      4      259.53      324.31   Coal      0     -1      626254.09      12.654086  2.0205994e-05      24745.133      3.7029     -1
     0      5      324.31      405.26   Coal      0     -1      974590.14      22.637176   2.322738e-05      21526.319      3.7349     -1
     0      6      405.26      506.42   Coal      0     -1      1519944.9      48.523448  3.1924479e-05      15661.963      5.9913     -1
     0      7      506.42      632.82   Coal      0     -1      2345372.4      93.227646  3.9749613e-05      12578.739      5.8684     -1
     0      8      632.82      790.79   Coal      0     -1      3585083.3      223.94187  6.2464901e-05      8004.4951      6.3619     -1
     0      9      790.79      988.18   Coal      0     -1      5441080.3      325.87138  5.9890934e-05       8348.509      8.6217     -1
     0     10      988.18      1234.8   Coal      0     -1      8244886.6      472.09179  5.7258737e-05      8732.2918       9.665     -1
     0     11      1234.8      1543.1   Coal      0     -1       12396486      689.42752  5.5614755e-05      8990.4199      10.769     -1
     0     12      1543.1      1928.2   Coal      0     -1       18495516      997.54371  5.3934353e-05      9270.5293      13.952     -1
     0     13      1928.2      2409.6   Coal      0     -1       27375206      1423.3759  5.1995075e-05      9616.2953      14.804     -1
     0     14      2409.6        3011   Coal      0     -1       40206889      1970.3767  4.9005948e-05      10202.843      18.892     -1
     0     15        3011      3762.6   Coal      0     -1       58569555      2744.0442  4.6851033e-05      10672.123      23.511     -1
     0     16      3762.6      4701.8   Coal      0     -1       84672260      3840.2025  4.5353726e-05      11024.453      28.243     -1
     0     17      4701.8      5875.5   Coal      0     -1  1.2080168e+08      5352.2299  4.4305923e-05      11285.173      29.031     -1
     0     18      5875.5      7342.1   Coal      0     -1  1.7377837e+08      5365.0951  3.0873205e-05      16195.274      36.167     -1
     0     19      7342.1      9174.7   Coal      0     -1  2.5369626e+08      5507.8896  2.1710567e-05       23030.26       45.23     -1
     0     20      9174.7       11465   Coal      0     -1   3.756069e+08      6308.9189    1.67966e-05      29767.929      52.077     -1
     0     21       11465       14327   Coal      0     -1  5.5577381e+08      8210.1555  1.4772476e-05      33846.729      60.845     -1
     0     22       14327       17903   Coal      0     -1  8.0906941e+08      12397.199  1.5322788e-05      32631.138      72.671     -1
     0     23       17903       22372   Coal      0     -1   1.131101e+09      20667.925  1.8272396e-05      27363.681      84.599     -1
     0     24       22372       27956   Coal      0     -1  1.4965167e+09       31763.52  2.1224968e-05      23557.161      102.18     -1
     0     25       27956       34934   Coal      0     -1  1.8109579e+09      46388.615  2.5615513e-05      19519.422      100.17     -1
     0     26       34934       43654   Coal      0     -1   1.998198e+09      58998.567  2.9525886e-05      16934.293      104.63     -1
     0     27       43654       54551   Coal      0     -1  1.9566818e+09       68505.89  3.5011258e-05      14281.121      104.15     -1
     0     28       54551       68167   Coal      0     -1   1.674602e+09      63769.859  3.8080605e-05      13130.043      89.838     -1
     0     29       68167       85183   Coal      0     -1  1.3226165e+09      49764.897  3.7626096e-05      13288.649      76.432     -1
     0     30       85183  1.0645e+05   Coal      0     -1  1.1774542e+09       24981.44  2.1216486e-05      23566.579      66.403     -1
     0     31  1.0645e+05  1.3302e+05   Coal      0     -1   1.133005e+09      23910.768  2.1103851e-05      23692.359      63.941     -1
     0     32  1.3302e+05       1e+99   Coal      0     -1  2.2072598e+09      46544.257  2.1086896e-05      23711.408      55.847     -1
     0     -1           0       1e+99  Delay     -1     -1  2.5915156e+09              0              0              0           1     -1
     0     -1           0       1e+99   LogL     -1     -1              1      -12857483      -12857483              0           1     -1
     0     -1           0       1e+99 Recomb     -1     -1           4554  1.3662005e-05   3.000001e-09              0           1     -1
     0     -1           0       1e+99 Resamp     -1     -1  2.5915156e+09         603309  0.00023280161              0           1     -1
