  Iter  Epoch       Start         End   Type   From     To            Opp          Count           Rate             Ne         ESS  Clump
    10      0           0         133   Coal      0     -1       319885.1      35.374391  0.00011058468       4521.422      1.4658     -1
    10      1         133       166.2   Coal      0     -1      170054.21    0.023923827  1.4068353e-07      3554076.3      2.4892     -1
    10      2       166.2      207.68   Coal      0     -1      263468.53      0.1897318  7.2013078e-07      694318.33      2.7158     -1
    10      3      207.68      259.53   Coal      0     -1      409244.79      1.3002039  3.1770812e-06      157377.16      2.7263     -1
    10      4      259.53      324.31   Coal      0     -1      633951.44      9.2943669  1.4661008e-05      34104.068      3.3665     -1
    10      5      324.31      405.26   Coal      0     -1      985322.92      35.187829  3.5711976e-05      14000.905      4.2204     -1
    10      6      405.26      506.42   Coal      0     -1      1518325.2      78.636716   5.179175e-05      9654.0473      5.3487     -1
    10      7      506.42      632.82   Coal      0     -1      2330468.5      201.75662  8.6573419e-05      5775.4447      5.7608     -1
    10      8      632.82      790.79   Coal      0     -1      3532751.5      329.62592  9.3305718e-05      5358.7284      7.1523     -1
    10      9      790.79      988.18   Coal      0     -1      5373581.3      346.89606   6.455584e-05      7745.2326      9.5125     -1
    10     10      988.18      1234.8   Coal      0     -1      8175188.2      528.60115  6.4659202e-05      7732.8514      11.625     -1
    10     11      1234.8      1543.1   Coal      0     -1       12381416      709.73756   5.732281e-05      8722.5312      12.232     -1
    10     12      1543.1      1928.2   Coal      0     -1       18735492         921.86  4.9203938e-05      10161.788      14.783     -1
    10     13      1928.2      2409.6   Coal      0     -1       28256231      1163.0778  4.1161818e-05       12147.18      18.556     -1
    10     14      2409.6        3011   Coal      0     -1       42745293      1493.1246  3.4930738e-05       14314.04      21.017     -1
    10     15        3011      3762.6   Coal      0     -1       64366382      2056.4938  3.1949812e-05      15649.544      23.544     -1
    10     16      3762.6      4701.8   Coal      0     -1       96444385        2978.66  3.0884742e-05      16189.224      27.608     -1
    10     17      4701.8      5875.5   Coal      0     -1  1.4295172e+08         4449.4  3.1125193e-05      16064.157       31.87     -1
    10     18      5875.5      7342.1   Coal      0     -1   2.117219e+08        4982.79  2.3534599e-05      21245.316       41.15     -1
    10     19      7342.1      9174.7   Coal      0     -1  3.1417444e+08        6048.53  1.9252139e-05       25971.14      45.111     -1
    10     20      9174.7       11465   Coal      0     -1  4.6694753e+08        7968.75  1.7065622e-05      29298.669      58.732     -1
    10     21       11465       14327   Coal      0     -1  6.8461563e+08       11668.64  1.7044075e-05      29335.708       62.56     -1
    10     22       14327       17903   Coal      0     -1  9.8145254e+08       17900.05  1.8238325e-05      27414.799      82.671     -1
    10     23       17903       22372   Coal      0     -1  1.3376659e+09       29737.93  2.2231209e-05      22490.905      88.577     -1
    10     24       22372       27956   Coal      0     -1  1.7107229e+09       43213.72  2.5260502e-05      19793.748       101.9     -1
    10     25       27956       34934   Coal      0     -1  2.0232462e+09       58445.71  2.8887098e-05      17308.765      109.37     -1
    10     26       34934       43654   Coal      0     -1  2.2019491e+09       68952.04  3.1314094e-05      15967.251      113.43     -1
    10     27       43654       54551   Coal      0     -1  2.1819177e+09       75473.25  3.4590329e-05      14454.907       111.7     -1
    10     28       54551       68167   Coal      0     -1   1.933368e+09       69919.14  3.6164425e-05      13825.742      91.996     -1
    10     29       68167       85183   Coal      0     -1  1.6364289e+09       54502.07  3.3305493e-05      15012.539      79.952     -1
    10     30       85183  1.0645e+05   Coal      0     -1  1.5649962e+09       28739.81   1.836414e-05      27226.975      71.798     -1
    10     31  1.0645e+05  1.3302e+05   Coal      0     -1  1.6225202e+09       28553.83  1.7598443e-05      28411.604      72.591     -1
    10     32  1.3302e+05       1e+99   Coal      0     -1  4.0470208e+09       69967.12   1.728855e-05      28920.876      58.411     -1
    10     -1           0       1e+99  Delay     -1     -1  2.5982331e+09              0              0              0           1     -1
    10     -1           0       1e+99   LogL     -1     -1              1      -15638209      -15638209              0           1     -1
    10     -1           0       1e+99 Recomb     -1     -1           4158  1.2474005e-05  3.0000011e-09              0           1     -1
    10     -1           0       1e+99 Resamp     -1     -1  2.5982331e+09         732655  0.00028198202              0           1     -1
     9      0           0         133   Coal      0     -1      311403.83      30.794368  9.8888855e-05      5056.1815      1.5024     -1
     9      1         133       166.2   Coal      0     -1      168172.53    0.043317593  2.5757829e-07      1941157.4      2.4635     -1
     9      2       166.2      207.68   Coal      0     -1      261196.94     0.16750534    6.41299e-07      779667.52       2.804     -1
     9      3      207.68      259.53   Coal      0     -1         404885      1.6274566  4.0195527e-06      124391.95      3.0808     -1
     9      4      259.53      324.31   Coal      0     -1      628852.99      8.3009238  1.3200102e-05      37878.494       3.757     -1
     9      5      324.31      405.26   Coal      0     -1      981092.73      34.644567  3.5312225e-05      14159.402       4.353     -1
     9      6      405.26      506.42   Coal      0     -1      1518815.9      81.418216  5.3606374e-05      9327.2489      4.9019     -1
     9      7      506.42      632.82   Coal      0     -1      2312146.3      201.63453   8.720665e-05      5733.5077      5.7959     -1
     9      8      632.82      790.79   Coal      0     -1      3513022.7      313.62002  8.9273554e-05      5600.7628       7.488     -1
     9      9      790.79      988.18   Coal      0     -1      5366434.6      348.02266  6.4851748e-05      7709.8925      9.9061     -1
     9     10      988.18      1234.8   Coal      0     -1      8161785.8       520.4802  6.3770383e-05      7840.6303       11.01     -1
     9     11      1234.8      1543.1   Coal      0     -1       12365876       702.4127  5.6802504e-05      8802.4288      12.447     -1
     9     12      1543.1      1928.2   Coal      0     -1       18689445      908.13203  4.8590637e-05      10290.048       15.15     -1
     9     13      1928.2      2409.6   Coal      0     -1       28302180      1148.6484  4.0585157e-05      12319.775      18.032     -1
     9     14      2409.6        3011   Coal      0     -1       42759270      1491.8288  3.4889015e-05      14331.158      21.638     -1
     9     15        3011      3762.6   Coal      0     -1       64355521        2079.09  3.2306319e-05      15476.848      24.185     -1
     9     16      3762.6      4701.8   Coal      0     -1       96355149         3018.5  3.1326816e-05      15960.767      29.116     -1
     9     17      4701.8      5875.5   Coal      0     -1  1.4272714e+08        4521.19  3.1677157e-05      15784.245      32.034     -1
     9     18      5875.5      7342.1   Coal      0     -1  2.1137906e+08         5032.5   2.380794e-05      21001.397      39.977     -1
     9     19      7342.1      9174.7   Coal      0     -1  3.1382778e+08        6079.37  1.9371676e-05       25810.88      44.406     -1
     9     20      9174.7       11465   Coal      0     -1   4.661504e+08        7980.72  1.7120483e-05      29204.784      58.766     -1
     9     21       11465       14327   Coal      0     -1  6.8370155e+08       11596.39  1.6961187e-05      29479.069      62.819     -1
     9     22       14327       17903   Coal      0     -1  9.8058619e+08       17734.56  1.8085672e-05      27646.195      83.563     -1
     9     23       17903       22372   Coal      0     -1  1.3385935e+09       29423.14  2.1980638e-05      22747.292       90.01     -1
     9     24       22372       27956   Coal      0     -1  1.7152942e+09       42916.51  2.5019911e-05      19984.083      101.23     -1
     9     25       27956       34934   Coal      0     -1  2.0338851e+09       58383.48  2.8705398e-05      17418.327      112.13     -1
     9     26       34934       43654   Coal      0     -1  2.2123269e+09       69124.86  3.1245318e-05      16002.397      113.88     -1
     9     27       43654       54551   Coal      0     -1  2.1894273e+09       75949.46   3.468919e-05      14413.712      112.49     -1
     9     28       54551       68167   Coal      0     -1  1.9346447e+09       70191.64  3.6281411e-05      13781.162       93.88     -1
     9     29       68167       85183   Coal      0     -1  1.6323991e+09        54772.5  3.3553376e-05       14901.63      82.767     -1
     9     30       85183  1.0645e+05   Coal      0     -1  1.5597936e+09       28782.77  1.8452935e-05      27095.961      74.009     -1
     9     31  1.0645e+05  1.3302e+05   Coal      0     -1   1.611835e+09       28593.31  1.7739601e-05      28185.527      74.718     -1
     9     32  1.3302e+05       1e+99   Coal      0     -1  3.9571587e+09       69104.79  1.7463234e-05       28631.58      58.872     -1
     9     -1           0       1e+99  Delay     -1     -1  2.5982331e+09              0              0              0           1     -1
     9     -1           0       1e+99   LogL     -1     -1              1      -15638285      -15638285              0           1     -1
     9     -1           0       1e+99 Recomb     -1     -1           4158  1.2474005e-05  3.0000011e-09              0           1     -1
     9     -1           0       1e+99 Resamp     -1     -1  2.5982331e+09         731646  0.00028159368              0           1     -1
     8      0           0         133   Coal      0     -1      310786.03      36.559541  0.00011763573      4250.4093      1.5285     -1
     8      1         133       166.2   Coal      0     -1      167254.98    0.015948209  9.5352673e-08      5243691.5        2.47     -1
     8      2       166.2      207.68   Coal      0     -1      260452.27      0.6742263  2.5886751e-06         193149       2.545     -1
     8      3      207.68      259.53   Coal      0     -1      408071.76      1.1108345  2.7221549e-06      183678.01       3.038     -1
     8      4      259.53      324.31   Coal      0     -1      631921.89      10.621403  1.6808095e-05      29747.571      3.3648     -1
     8      5      324.31      405.26   Coal      0     -1      980020.14      31.011367  3.1643602e-05      15800.982      4.3265     -1
     8      6      405.26      506.42   Coal      0     -1      1516811.4      80.359015  5.2978909e-05      9437.7179      5.2494     -1
     8      7      506.42      632.82   Coal      0     -1      2323982.3      183.61935  7.9010651e-05      6328.2607      5.8887     -1
     8      8      632.82      790.79   Coal      0     -1      3540715.1      313.14435  8.8440989e-05      5653.4872       7.616     -1
     8      9      790.79      988.18   Coal      0     -1      5376549.5      352.34305  6.5533303e-05      7629.7085      9.0163     -1
     8     10      988.18      1234.8   Coal      0     -1      8171223.4      517.15877   6.329025e-05       7900.111      11.897     -1
     8     11      1234.8      1543.1   Coal      0     -1       12401940      683.92518  5.5146628e-05      9066.7375      11.586     -1
     8     12      1543.1      1928.2   Coal      0     -1       18763572       900.8669  4.8011482e-05      10414.176      15.516     -1
     8     13      1928.2      2409.6   Coal      0     -1       28364141      1146.8737  4.0433931e-05      12365.852      17.186     -1
     8     14      2409.6        3011   Coal      0     -1       42786561      1499.1742  3.5038437e-05      14270.043      23.088     -1
     8     15        3011      3762.6   Coal      0     -1       64414456        2109.56  3.2749792e-05      15267.273      24.393     -1
     8     16      3762.6      4701.8   Coal      0     -1       96382906        3054.79  3.1694313e-05      15775.701      25.641     -1
     8     17      4701.8      5875.5   Coal      0     -1  1.4265353e+08           4591  3.2182869e-05      15536.216      31.549     -1
     8     18      5875.5      7342.1   Coal      0     -1  2.1099825e+08        5113.46  2.4234609e-05      20631.651       39.15     -1
     8     19      7342.1      9174.7   Coal      0     -1  3.1277457e+08        6104.12  1.9516037e-05      25619.956      44.445     -1
     8     20      9174.7       11465   Coal      0     -1  4.6481523e+08        7971.05  1.7148857e-05      29156.462      55.553     -1
     8     21       11465       14327   Coal      0     -1  6.8244892e+08       11488.54  1.6834286e-05       29701.29      60.662     -1
     8     22       14327       17903   Coal      0     -1  9.8005581e+08        17579.9  1.7937652e-05      27874.328       81.85     -1
     8     23       17903       22372   Coal      0     -1  1.3403535e+09       29108.87  2.1717308e-05      23023.112      87.922     -1
     8     24       22372       27956   Coal      0     -1  1.7208334e+09       42609.32  2.4760863e-05      20193.157      99.909     -1
     8     25       27956       34934   Coal      0     -1  2.0451022e+09       58314.15  2.8514051e-05      17535.214       112.5     -1
     8     26       34934       43654   Coal      0     -1  2.2267995e+09       69381.36  3.1157435e-05      16047.534      114.67     -1
     8     27       43654       54551   Coal      0     -1  2.1963599e+09       76399.78  3.4784727e-05      14374.125      109.45     -1
     8     28       54551       68167   Coal      0     -1  1.9365872e+09       70452.91  3.6379932e-05      13743.841      90.296     -1
     8     29       68167       85183   Coal      0     -1  1.6288138e+09       55090.08  3.3822209e-05      14783.186      79.032     -1
     8     30       85183  1.0645e+05   Coal      0     -1  1.5494807e+09       28811.28  1.8594152e-05      26890.174      70.802     -1
     8     31  1.0645e+05  1.3302e+05   Coal      0     -1  1.6000389e+09       28651.27  1.7906608e-05      27922.653      71.696     -1
     8     32  1.3302e+05       1e+99   Coal      0     -1  3.8702469e+09       68396.56  1.7672402e-05      28292.701      58.099     -1
     8     -1           0       1e+99  Delay     -1     -1  2.5982331e+09              0              0              0           1     -1
     8     -1           0       1e+99   LogL     -1     -1              1      -15638170      -15638170              0           1     -1
     8     -1           0       1e+99 Recomb     -1     -1           4158  1.2474005e-05  3.0000011e-09              0           1     -1
     8     -1           0       1e+99 Resamp     -1     -1  2.5982331e+09         729871  0.00028091052              0           1     -1
     7      0           0         133   Coal      0     -1      312092.21      30.744858  9.8512097e-05      5075.5188      1.4812     -1
     7      1         133       166.2   Coal      0     -1      166707.24     0.14236692  8.5399361e-07      585484.48      2.3972     -1
     7      2       166.2      207.68   Coal      0     -1      259369.43      1.1281388  4.3495442e-06      114954.57      2.4287     -1
     7      3      207.68      259.53   Coal      0     -1      407852.11     0.75469982  1.8504252e-06      270208.17      2.7529     -1
     7      4      259.53      324.31   Coal      0     -1      634398.59      8.6901771  1.3698292e-05      36500.901      3.2034     -1
     7      5      324.31      405.26   Coal      0     -1      976961.03      28.842441  2.9522612e-05      16936.171      4.3953     -1
     7      6      405.26      506.42   Coal      0     -1      1510795.7       78.91893  5.2236667e-05      9571.8205      5.1486     -1
     7      7      506.42      632.82   Coal      0     -1      2321820.5       172.1171  7.4130237e-05       6744.886      5.7859     -1
     7      8      632.82      790.79   Coal      0     -1        3543797      308.77604  8.7131414e-05      5738.4584      7.5483     -1
     7      9      790.79      988.18   Coal      0     -1      5398995.6      358.81681  6.6459919e-05      7523.3315      8.8092     -1
     7     10      988.18      1234.8   Coal      0     -1      8194298.2      510.70487  6.2324418e-05      8022.5378      11.542     -1
     7     11      1234.8      1543.1   Coal      0     -1       12443961      674.12559  5.4172912e-05      9229.7051       11.69     -1
     7     12      1543.1      1928.2   Coal      0     -1       18806272      894.67228  4.7573079e-05      10510.146      16.178     -1
     7     13      1928.2      2409.6   Coal      0     -1       28430549      1148.0523  4.0380939e-05       12382.08      16.109     -1
     7     14      2409.6        3011   Coal      0     -1       42858136      1517.7932  3.5414353e-05      14118.569      22.602     -1
     7     15        3011      3762.6   Coal      0     -1       64575142        2130.83  3.2997682e-05       15152.58      24.052     -1
     7     16      3762.6      4701.8   Coal      0     -1       96478441        3113.03  3.2266587e-05      15495.906       25.37     -1
     7     17      4701.8      5875.5   Coal      0     -1  1.4251485e+08        4689.35  3.2904291e-05      15195.586      31.438     -1
     7     18      5875.5      7342.1   Coal      0     -1  2.1057857e+08        5189.58  2.4644388e-05      20288.595       40.98     -1
     7     19      7342.1      9174.7   Coal      0     -1  3.1208878e+08        6149.02  1.9702791e-05      25377.115      43.825     -1
     7     20      9174.7       11465   Coal      0     -1  4.6371605e+08        7946.29  1.7136112e-05      29178.148      55.795     -1
     7     21       11465       14327   Coal      0     -1  6.8179535e+08       11369.48  1.6675796e-05      29983.577      64.847     -1
     7     22       14327       17903   Coal      0     -1  9.8019708e+08       17389.97    1.77413e-05      28182.828      82.225     -1
     7     23       17903       22372   Coal      0     -1  1.3431391e+09       28789.44  2.1434443e-05      23326.941      88.262     -1
     7     24       22372       27956   Coal      0     -1  1.7281577e+09       42274.04  2.4461911e-05      20439.941      100.08     -1
     7     25       27956       34934   Coal      0     -1  2.0581261e+09       58238.32   2.829677e-05      17669.861      111.77     -1
     7     26       34934       43654   Coal      0     -1  2.2388871e+09        69579.3  3.1077628e-05      16088.744      111.97     -1
     7     27       43654       54551   Coal      0     -1  2.2073613e+09       76975.46  3.4872162e-05      14338.084      110.78     -1
     7     28       54551       68167   Coal      0     -1  1.9413347e+09       70869.66  3.6505637e-05      13696.515      92.346     -1
     7     29       68167       85183   Coal      0     -1  1.6229288e+09       55392.06  3.4130924e-05      14649.472      81.218     -1
     7     30       85183  1.0645e+05   Coal      0     -1  1.5414507e+09       28888.38  1.8741033e-05      26679.425      73.745     -1
     7     31  1.0645e+05  1.3302e+05   Coal      0     -1  1.5838054e+09       28695.26   1.811792e-05      27596.986      74.191     -1
     7     32  1.3302e+05       1e+99   Coal      0     -1  3.7589927e+09       67363.95  1.7920745e-05      27900.626      59.501     -1
     7     -1           0       1e+99  Delay     -1     -1  2.5982331e+09              0              0              0           1     -1
     7     -1           0       1e+99   LogL     -1     -1              1      -15638387      -15638387              0           1     -1
     7     -1           0       1e+99 Recomb     -1     -1           4158  1.2474005e-05  3.0000011e-09              0           1     -1
     7     -1           0       1e+99 Resamp     -1     -1  2.5982331e+09         728352  0.00028032589              0           1     -1
     6      0           0         133   Coal      0     -1      313493.95      34.203945   0.0001091056      4582.7163      1.5289     -1
     6      1         133       166.2   Coal      0     -1      165738.86     0.20152381  1.2159117e-06      411214.08      2.2224     -1
     6      2       166.2      207.68   Coal      0     -1      258155.43     0.47171156  1.8272386e-06      273636.96      2.7758     -1
     6      3      207.68      259.53   Coal      0     -1      403703.87     0.98653131  2.4437004e-06      204607.73      3.0222     -1
     6      4      259.53      324.31   Coal      0     -1      628463.93       8.578555  1.3650036e-05      36629.941      3.4459     -1
     6      5      324.31      405.26   Coal      0     -1       983625.7      26.371076  2.6810073e-05      18649.707      4.0579     -1
     6      6      405.26      506.42   Coal      0     -1      1523547.7      74.540422  4.8925558e-05      10219.607      5.3859     -1
     6      7      506.42      632.82   Coal      0     -1      2333457.8      161.99768  6.9423875e-05      7202.1333      5.5831     -1
     6      8      632.82      790.79   Coal      0     -1      3551058.5      300.53672  8.4632998e-05      5907.8612      6.7893     -1
     6      9      790.79      988.18   Coal      0     -1      5403130.7      352.70041  6.5277046e-05      7659.6603      9.2097     -1
     6     10      988.18      1234.8   Coal      0     -1      8204021.8      504.19025  6.1456474e-05      8135.8393      10.924     -1
     6     11      1234.8      1543.1   Coal      0     -1       12456791      663.55901  5.3268855e-05      9386.3478      11.692     -1
     6     12      1543.1      1928.2   Coal      0     -1       18854196      885.98276  4.6991279e-05      10640.272      16.176     -1
     6     13      1928.2      2409.6   Coal      0     -1       28525511      1143.6746  4.0093044e-05      12470.991      16.798     -1
     6     14      2409.6        3011   Coal      0     -1       43054439      1562.3753  3.6288367e-05       13778.52      21.389     -1
     6     15        3011      3762.6   Coal      0     -1       64629758      2175.3374  3.3658449e-05      14855.111      25.891     -1
     6     16      3762.6      4701.8   Coal      0     -1       96407066        3172.89  3.2911384e-05      15192.311      27.035     -1
     6     17      4701.8      5875.5   Coal      0     -1  1.4219165e+08        4780.55  3.3620469e-05      14871.892      31.537     -1
     6     18      5875.5      7342.1   Coal      0     -1  2.0973486e+08        5242.91  2.4997799e-05      20001.761      41.084     -1
     6     19      7342.1      9174.7   Coal      0     -1  3.1078114e+08        6172.55  1.9861405e-05      25174.453      45.558     -1
     6     20      9174.7       11465   Coal      0     -1   4.623511e+08        7918.92  1.7127503e-05      29192.813      59.926     -1
     6     21       11465       14327   Coal      0     -1  6.7994546e+08       11220.81  1.6502515e-05      30298.412      64.745     -1
     6     22       14327       17903   Coal      0     -1  9.7921548e+08       17149.04   1.751304e-05      28550.155      84.101     -1
     6     23       17903       22372   Coal      0     -1   1.344607e+09       28397.86  2.1119822e-05      23674.442      90.727     -1
     6     24       22372       27956   Coal      0     -1  1.7353893e+09       41894.63  2.4141344e-05      20711.357      101.55     -1
     6     25       27956       34934   Coal      0     -1  2.0709677e+09       58090.14  2.8049756e-05      17825.467      112.03     -1
     6     26       34934       43654   Coal      0     -1  2.2553691e+09       69801.98  3.0949248e-05      16155.481      113.39     -1
     6     27       43654       54551   Coal      0     -1  2.2188768e+09       77542.29   3.494664e-05      14307.527      110.78     -1
     6     28       54551       68167   Coal      0     -1  1.9492559e+09       71434.42  3.6647021e-05      13643.674      93.814     -1
     6     29       68167       85183   Coal      0     -1  1.6179062e+09       55765.83  3.4467901e-05       14506.25      80.357     -1
     6     30       85183  1.0645e+05   Coal      0     -1  1.5325486e+09       29047.72  1.8953865e-05      26379.844        74.7     -1
     6     31  1.0645e+05  1.3302e+05   Coal      0     -1  1.5644541e+09       28715.89  1.8355214e-05      27240.216      73.214     -1
     6     32  1.3302e+05       1e+99   Coal      0     -1   3.638479e+09       66163.94  1.8184505e-05      27495.937       55.82     -1
     6     -1           0       1e+99  Delay     -1     -1  2.5982331e+09              0              0              0           1     -1
     6     -1           0       1e+99   LogL     -1     -1              1      -15638528      -15638528              0           1     -1
     6     -1           0       1e+99 Recomb     -1     -1           4158  1.2474005e-05  3.0000011e-09              0           1     -1
     6     -1           0       1e+99 Resamp     -1     -1  2.5982331e+09         726501  0.00027961349              0           1     -1
     5      0           0         133   Coal      0     -1      314519.52      30.976948  9.8489748e-05      5076.6705      1.5464     -1
     5      1         133       166.2   Coal      0     -1      169831.77    0.019426667  1.1438771e-07        4371099      2.3458     -1
     5      2       166.2      207.68   Coal      0     -1      264104.79     0.68966588  2.6113342e-06         191473      2.5835     -1
     5      3      207.68      259.53   Coal      0     -1      409587.05      2.2490777  5.4910859e-06       91056.67      3.0972     -1
     5      4      259.53      324.31   Coal      0     -1      634265.89      9.1649634  1.4449718e-05      34602.751      3.2618     -1
     5      5      324.31      405.26   Coal      0     -1      982576.22      26.554918  2.7025809e-05      18500.834      4.3023     -1
     5      6      405.26      506.42   Coal      0     -1      1519837.2      69.453289  4.5697848e-05      10941.434      5.4313     -1
     5      7      506.42      632.82   Coal      0     -1      2336933.4      155.75198   6.664802e-05      7502.0984        5.79     -1
     5      8      632.82      790.79   Coal      0     -1      3560907.2      282.46828  7.9324806e-05      6303.1985      6.6861     -1
     5      9      790.79      988.18   Coal      0     -1      5410901.8       339.2817  6.2703357e-05      7974.0548      9.5024     -1
     5     10      988.18      1234.8   Coal      0     -1      8228082.5      484.43831   5.887621e-05      8492.3945      9.7534     -1
     5     11      1234.8      1543.1   Coal      0     -1       12517045      643.52994  5.1412291e-05      9725.3009      11.458     -1
     5     12      1543.1      1928.2   Coal      0     -1       18960260      877.94261  4.6304354e-05      10798.121      15.347     -1
     5     13      1928.2      2409.6   Coal      0     -1       28671023      1151.3087   4.015583e-05      12451.492      16.314     -1
     5     14      2409.6        3011   Coal      0     -1       43199629      1586.6878  3.6729201e-05      13613.147      20.319     -1
     5     15        3011      3762.6   Coal      0     -1       64655865         2226.8  3.4440804e-05      14517.663      24.891     -1
     5     16      3762.6      4701.8   Coal      0     -1       96442958        3240.49  3.3600069e-05      14880.922      26.552     -1
     5     17      4701.8      5875.5   Coal      0     -1  1.4202652e+08        4888.38  3.4418784e-05      14526.951      29.115     -1
     5     18      5875.5      7342.1   Coal      0     -1  2.0929204e+08        5349.15  2.5558306e-05      19563.112      40.415     -1
     5     19      7342.1      9174.7   Coal      0     -1   3.097825e+08         6205.6  2.0032119e-05      24959.915      43.886     -1
     5     20      9174.7       11465   Coal      0     -1  4.6092968e+08         7869.1  1.7072235e-05      29287.319      57.931     -1
     5     21       11465       14327   Coal      0     -1  6.7886095e+08       11038.52  1.6260355e-05      30749.636      62.767     -1
     5     22       14327       17903   Coal      0     -1   9.796943e+08        16901.2  1.7251504e-05      28982.981      81.162     -1
     5     23       17903       22372   Coal      0     -1  1.3486883e+09       27994.12  2.0756553e-05      24088.778      88.987     -1
     5     24       22372       27956   Coal      0     -1  1.7442015e+09       41445.05  2.3761618e-05      21042.338      99.019     -1
     5     25       27956       34934   Coal      0     -1  2.0894085e+09       58000.17  2.7759133e-05       18012.09      113.61     -1
     5     26       34934       43654   Coal      0     -1  2.2751439e+09       70006.94  3.0770335e-05      16249.417      111.35     -1
     5     27       43654       54551   Coal      0     -1  2.2385573e+09       78354.33  3.5002156e-05      14284.834      111.29     -1
     5     28       54551       68167   Coal      0     -1   1.956834e+09       72062.55  3.6826092e-05       13577.33      93.177     -1
     5     29       68167       85183   Coal      0     -1  1.6194388e+09       56375.62  3.4811825e-05      14362.936      81.136     -1
     5     30       85183  1.0645e+05   Coal      0     -1  1.5157065e+09       29097.82  1.9197529e-05      26045.018      71.518     -1
     5     31  1.0645e+05  1.3302e+05   Coal      0     -1  1.5392961e+09       28711.87  1.8652597e-05      26805.918      70.519     -1
     5     32  1.3302e+05       1e+99   Coal      0     -1  3.5104922e+09       64929.91  1.8495956e-05      27032.936      55.434     -1
     5     -1           0       1e+99  Delay     -1     -1  2.5982331e+09              0              0              0           1     -1
     5     -1           0       1e+99   LogL     -1     -1              1      -15638553      -15638553              0           1     -1
     5     -1           0       1e+99 Recomb     -1     -1           4158  1.2474005e-05  3.0000011e-09              0           1     -1
     5     -1           0       1e+99 Resamp     -1     -1  2.5982331e+09         723859  0.00027859664              0           1     -1
     4      0           0         133   Coal      0     -1      310066.43      31.109856  0.00010033287      4983.4116      1.5487     -1
     4      1         133       166.2   Coal      0     -1      166019.53     0.15570008  9.3784197e-07      533138.86      2.4054     -1
     4      2       166.2      207.68   Coal      0     -1      260683.34     0.99805223     3.8286e-06      130596.04       2.782     -1
     4      3      207.68      259.53   Coal      0     -1      405134.31      1.4817884  3.6575239e-06      136704.51      3.1025     -1
     4      4      259.53      324.31   Coal      0     -1      632497.11      8.9638782  1.4172204e-05      35280.327      3.6312     -1
     4      5      324.31      405.26   Coal      0     -1      981982.83      26.693316  2.7183079e-05      18393.796      4.2408     -1
     4      6      405.26      506.42   Coal      0     -1      1517981.5      66.184524   4.360035e-05      11467.798      5.1559     -1
     4      7      506.42      632.82   Coal      0     -1      2334783.9      145.81302  6.2452471e-05      8006.0883      6.3132     -1
     4      8      632.82      790.79   Coal      0     -1      3560052.5      274.49398  7.7103912e-05      6484.7552      6.5953     -1
     4      9      790.79      988.18   Coal      0     -1      5443082.5      328.40269  6.0333954e-05      8287.2075      8.7314     -1
     4     10      988.18      1234.8   Coal      0     -1      8271717.1      474.17273  5.7324583e-05      8722.2615      11.425     -1
     4     11      1234.8      1543.1   Coal      0     -1       12541423       643.7587  5.1330595e-05      9740.7794      11.774     -1
     4     12      1543.1      1928.2   Coal      0     -1       18965185      861.17808  4.5408367e-05      11011.186      13.771     -1
     4     13      1928.2      2409.6   Coal      0     -1       28653893      1153.3185  4.0249976e-05      12422.368      17.602     -1
     4     14      2409.6        3011   Coal      0     -1       43182030         1600.9  3.7073292e-05      13486.798      21.234     -1
     4     15        3011      3762.6   Coal      0     -1       64688640        2281.73  3.5272499e-05      14175.349      25.569     -1
     4     16      3762.6      4701.8   Coal      0     -1       96265762        3302.58  3.4306901e-05      14574.327      27.665     -1
     4     17      4701.8      5875.5   Coal      0     -1  1.4156251e+08        5006.81  3.5368192e-05      14136.996      29.825     -1
     4     18      5875.5      7342.1   Coal      0     -1  2.0771104e+08        5411.65  2.6053742e-05      19191.101      43.879     -1
     4     19      7342.1      9174.7   Coal      0     -1  3.0843996e+08        6226.57    2.01873e-05      24768.047      45.279     -1
     4     20      9174.7       11465   Coal      0     -1  4.5925698e+08         7798.6  1.6980907e-05      29444.835      59.804     -1
     4     21       11465       14327   Coal      0     -1  6.7717794e+08       10845.83  1.6016219e-05      31218.355      61.814     -1
     4     22       14327       17903   Coal      0     -1  9.7896952e+08       16588.86  1.6945226e-05      29506.835      82.038     -1
     4     23       17903       22372   Coal      0     -1  1.3517974e+09       27506.77  2.0348294e-05      24572.085      91.198     -1
     4     24       22372       27956   Coal      0     -1  1.7547785e+09       40937.35   2.332907e-05      21432.488      100.15     -1
     4     25       27956       34934   Coal      0     -1  2.1064924e+09       57814.46  2.7445843e-05      18217.695      112.45     -1
     4     26       34934       43654   Coal      0     -1   2.299777e+09       70330.32  3.0581365e-05      16349.826      113.48     -1
     4     27       43654       54551   Coal      0     -1  2.2572996e+09       79166.77   3.507145e-05      14256.611      111.47     -1
     4     28       54551       68167   Coal      0     -1  1.9685538e+09       72853.91   3.700885e-05      13510.282      95.507     -1
     4     29       68167       85183   Coal      0     -1  1.6123387e+09       56828.84  3.5246217e-05       14185.92      80.497     -1
     4     30       85183  1.0645e+05   Coal      0     -1  1.5007563e+09       29218.17  1.9468964e-05        25681.9      71.078     -1
     4     31  1.0645e+05  1.3302e+05   Coal      0     -1  1.5165774e+09       28830.78  1.9010424e-05       26301.36      71.137     -1
     4     32  1.3302e+05       1e+99   Coal      0     -1  3.3748819e+09       63602.65  1.8845889e-05      26530.985      54.118     -1
     4     -1           0       1e+99  Delay     -1     -1  2.5982331e+09              0              0              0           1     -1
     4     -1           0       1e+99   LogL     -1     -1              1      -15638726      -15638726              0           1     -1
     4     -1           0       1e+99 Recomb     -1     -1           4158  1.2474005e-05  3.0000011e-09              0           1     -1
     4     -1           0       1e+99 Resamp     -1     -1  2.5982331e+09         721348  0.00027763021              0           1     -1
     3      0           0         133   Coal      0     -1      313753.47       24.40196  7.7774311e-05      6428.8579      1.6072     -1
     3      1         133       166.2   Coal      0     -1      170255.43     0.74812264  4.3941191e-06      113788.45      2.2292     -1
     3      2       166.2      207.68   Coal      0     -1      262765.38      1.8163295  6.9123623e-06      72334.171      2.7065     -1
     3      3      207.68      259.53   Coal      0     -1      406847.45      2.7614424  6.7874148e-06       73665.75       2.971     -1
     3      4      259.53      324.31   Coal      0     -1      626637.35       8.956714  1.4293297e-05      34981.431      3.7768     -1
     3      5      324.31      405.26   Coal      0     -1      973749.29      25.152163  2.5830225e-05      19357.168       4.426     -1
     3      6      405.26      506.42   Coal      0     -1      1508683.3      56.520822  3.7463676e-05      13346.261      4.8145     -1
     3      7      506.42      632.82   Coal      0     -1      2327076.4      137.98458  5.9295252e-05      8432.3784      6.3846     -1
     3      8      632.82      790.79   Coal      0     -1      3569419.4      254.15094  7.1202318e-05      7022.2433       7.113     -1
     3      9      790.79      988.18   Coal      0     -1      5428115.8      321.04316  5.9144493e-05      8453.8724      8.9362     -1
     3     10      988.18      1234.8   Coal      0     -1      8277202.6      451.25357  5.4517642e-05      9171.3431      11.109     -1
     3     11      1234.8      1543.1   Coal      0     -1       12568524        623.394   4.959962e-05      10080.722      13.919     -1
     3     12      1543.1      1928.2   Coal      0     -1       19076460      854.63674  4.4800593e-05      11160.566      13.148     -1
     3     13      1928.2      2409.6   Coal      0     -1       28808359      1166.7939  4.0501921e-05      12345.093      16.703     -1
     3     14      2409.6        3011   Coal      0     -1       43429905       1627.139  3.7465865e-05      13345.481      20.529     -1
     3     15        3011      3762.6   Coal      0     -1       64930198        2347.23  3.6150051e-05      13831.239        25.2     -1
     3     16      3762.6      4701.8   Coal      0     -1       96440448        3419.41  3.5456181e-05      14101.913      26.946     -1
     3     17      4701.8      5875.5   Coal      0     -1  1.4146597e+08        5121.11  3.6200297e-05      13812.041      30.943     -1
     3     18      5875.5      7342.1   Coal      0     -1   2.070867e+08        5522.28  2.6666513e-05      18750.108      43.786     -1
     3     19      7342.1      9174.7   Coal      0     -1  3.0711139e+08        6253.81  2.0363328e-05      24553.943      45.559     -1
     3     20      9174.7       11465   Coal      0     -1  4.5765426e+08        7744.14  1.6921376e-05      29548.424      60.808     -1
     3     21       11465       14327   Coal      0     -1  6.7566983e+08       10630.86  1.5733809e-05        31778.7      63.398     -1
     3     22       14327       17903   Coal      0     -1  9.7912366e+08       16248.08  1.6594513e-05      30130.442      81.744     -1
     3     23       17903       22372   Coal      0     -1  1.3564819e+09       26977.34  1.9887726e-05      25141.134      93.848     -1
     3     24       22372       27956   Coal      0     -1   1.767523e+09       40439.21  2.2879029e-05      21854.075      103.38     -1
     3     25       27956       34934   Coal      0     -1  2.1263284e+09       57631.59  2.7103805e-05      18447.594      114.84     -1
     3     26       34934       43654   Coal      0     -1  2.3268273e+09       70663.99  3.0369246e-05      16464.024      117.44     -1
     3     27       43654       54551   Coal      0     -1  2.2749993e+09       79871.14  3.5108205e-05      14241.685       112.7     -1
     3     28       54551       68167   Coal      0     -1  1.9783811e+09       73696.82  3.7251073e-05      13422.432      96.044     -1
     3     29       68167       85183   Coal      0     -1  1.6095115e+09       57506.93   3.572943e-05      13994.066      82.049     -1
     3     30       85183  1.0645e+05   Coal      0     -1  1.4852257e+09       29404.22  1.9797812e-05      25255.316      72.776     -1
     3     31  1.0645e+05  1.3302e+05   Coal      0     -1  1.4868578e+09       28878.65  1.9422604e-05      25743.202      71.994     -1
     3     32  1.3302e+05       1e+99   Coal      0     -1  3.2193415e+09       62050.71  1.9274349e-05      25941.214      54.658     -1
     3     -1           0       1e+99  Delay     -1     -1  2.5982331e+09              0              0              0           1     -1
     3     -1           0       1e+99   LogL     -1     -1              1      -15638922      -15638922              0           1     -1
     3     -1           0       1e+99 Recomb     -1     -1           4158  1.2474005e-05  3.0000011e-09              0           1     -1
     3     -1           0       1e+99 Resamp     -1     -1  2.5982331e+09         717648  0.00027620617              0           1     -1
     2      0           0         133   Coal      0     -1      313148.62      20.511369  6.5500428e-05      7633.5379      1.6624     -1
     2      1         133       166.2   Coal      0     -1      166862.81     0.73662105   4.414531e-06      113262.31      2.2718     -1
     2      2       166.2      207.68   Coal      0     -1      259838.83      1.3883761  5.3432204e-06      93576.526      2.7085     -1
     2      3      207.68      259.53   Coal      0     -1      405611.96      3.0900827  7.6183225e-06      65631.246      3.3163     -1
     2      4      259.53      324.31   Coal      0     -1      626530.89      7.1153575  1.1356755e-05      44026.663      3.5439     -1
     2      5      324.31      405.26   Coal      0     -1      972158.49      21.529131    2.21457e-05      22577.746      4.4629     -1
     2      6      405.26      506.42   Coal      0     -1      1516192.4      53.342563  3.5181923e-05      14211.844      5.0095     -1
     2      7      506.42      632.82   Coal      0     -1      2350805.3      116.20344  4.9431334e-05      10115.042      6.4736     -1
     2      8      632.82      790.79   Coal      0     -1      3603177.3       236.4664   6.562719e-05      7618.7933      6.8865     -1
     2      9      790.79      988.18   Coal      0     -1      5487931.4      308.23322  5.6165647e-05      8902.2388      8.2764     -1
     2     10      988.18      1234.8   Coal      0     -1      8332935.1      442.39656  5.3090125e-05      9417.9474      10.755     -1
     2     11      1234.8      1543.1   Coal      0     -1       12631186       605.3368  4.7923987e-05      10433.189      13.049     -1
     2     12      1543.1      1928.2   Coal      0     -1       19126934       849.2552   4.440101e-05      11261.005      14.582     -1
     2     13      1928.2      2409.6   Coal      0     -1       28863898      1181.1291  4.0920638e-05      12218.773      18.274     -1
     2     14      2409.6        3011   Coal      0     -1       43466708        1659.86  3.8186927e-05      13093.486      20.121     -1
     2     15        3011      3762.6   Coal      0     -1       64880533      2419.9229  3.7298136e-05      13405.496      24.217     -1
     2     16      3762.6      4701.8   Coal      0     -1       96244035        3517.62  3.6548966e-05      13680.277      29.472     -1
     2     17      4701.8      5875.5   Coal      0     -1  1.4096946e+08        5266.55   3.735951e-05      13383.473      30.884     -1
     2     18      5875.5      7342.1   Coal      0     -1  2.0616313e+08        5643.67  2.7374778e-05      18264.988      42.849     -1
     2     19      7342.1      9174.7   Coal      0     -1  3.0566376e+08        6249.21   2.044472e-05      24456.192      44.539     -1
     2     20      9174.7       11465   Coal      0     -1  4.5554161e+08        7657.74  1.6810188e-05      29743.868      59.042     -1
     2     21       11465       14327   Coal      0     -1   6.740358e+08       10358.38    1.53677e-05      32535.773      63.542     -1
     2     22       14327       17903   Coal      0     -1  9.7964797e+08       15856.94  1.6186365e-05      30890.196      83.556     -1
     2     23       17903       22372   Coal      0     -1  1.3617801e+09       26401.36  1.9387389e-05      25789.961      92.441     -1
     2     24       22372       27956   Coal      0     -1  1.7811962e+09       39851.52  2.2373459e-05      22347.908       102.9     -1
     2     25       27956       34934   Coal      0     -1  2.1473731e+09       57338.14  2.6701527e-05      18725.521      110.93     -1
     2     26       34934       43654   Coal      0     -1  2.3596791e+09       71077.37  3.0121625e-05       16599.37      120.16     -1
     2     27       43654       54551   Coal      0     -1  2.3014542e+09       80815.16  3.5114825e-05          14239      114.16     -1
     2     28       54551       68167   Coal      0     -1  1.9920442e+09       74711.43  3.7504907e-05      13331.589      98.089     -1
     2     29       68167       85183   Coal      0     -1  1.6072483e+09       58293.96  3.6269418e-05      13785.719      83.511     -1
     2     30       85183  1.0645e+05   Coal      0     -1  1.4661929e+09       29586.01  2.0178798e-05      24778.483      71.914     -1
     2     31  1.0645e+05  1.3302e+05   Coal      0     -1  1.4571892e+09       28975.71  1.9884659e-05      25145.012      71.467     -1
     2     32  1.3302e+05       1e+99   Coal      0     -1  3.0485234e+09       60321.13  1.9786999e-05      25269.117      54.413     -1
     2     -1           0       1e+99  Delay     -1     -1  2.5982331e+09              0              0              0           1     -1
     2     -1           0       1e+99   LogL     -1     -1              1      -15639209      -15639209              0           1     -1
     2     -1           0       1e+99 Recomb     -1     -1           4158  1.2474005e-05  3.0000011e-09              0           1     -1
     2     -1           0       1e+99 Resamp     -1     -1  2.5982331e+09         714402  0.00027495686              0           1     -1
     1      0           0         133   Coal      0     -1       313841.1      14.470053  4.6106303e-05      10844.504      1.4638     -1
     1      1         133       166.2   Coal      0     -1      167720.97     0.98417988  5.8679596e-06      85208.494      2.4928     -1
     1      2       166.2      207.68   Coal      0     -1      260918.84      2.3562618  9.0306311e-06      55367.116      2.5679     -1
     1      3      207.68      259.53   Coal      0     -1      405252.96      2.2371967  5.5204943e-06        90571.6      3.5211     -1
     1      4      259.53      324.31   Coal      0     -1      631493.13      6.7334058  1.0662675e-05       46892.55      3.9101     -1
     1      5      324.31      405.26   Coal      0     -1      982252.31       18.79724  1.9136875e-05      26127.567      4.2314     -1
     1      6      405.26      506.42   Coal      0     -1        1523165      45.514577   2.988158e-05      16732.716      5.5855     -1
     1      7      506.42      632.82   Coal      0     -1      2348504.7      103.43736  4.4043921e-05      11352.304      5.3372     -1
     1      8      632.82      790.79   Coal      0     -1      3602286.1      215.68978  5.9875805e-05      8350.6183      7.5815     -1
     1      9      790.79      988.18   Coal      0     -1      5489742.1      288.97844  5.2639712e-05      9498.5322      8.2184     -1
     1     10      988.18      1234.8   Coal      0     -1      8353882.7      415.43226  4.9729243e-05      10054.446      9.8668     -1
     1     11      1234.8      1543.1   Coal      0     -1       12676146      590.76463  4.6604438e-05      10728.592       12.55     -1
     1     12      1543.1      1928.2   Coal      0     -1       19225061      837.25748  4.3550316e-05      11480.973      14.917     -1
     1     13      1928.2      2409.6   Coal      0     -1       29048381      1199.3244  4.1287134e-05       12110.31      13.754     -1
     1     14      2409.6        3011   Coal      0     -1       43677806        1699.74  3.8915416e-05      12848.379      20.194     -1
     1     15        3011      3762.6   Coal      0     -1       65082676        2511.48  3.8589071e-05      12957.037      24.938     -1
     1     16      3762.6      4701.8   Coal      0     -1       96293274        3660.37  3.8012728e-05      13153.489      28.672     -1
     1     17      4701.8      5875.5   Coal      0     -1  1.4061117e+08        5414.48  3.8506756e-05      12984.734      30.624     -1
     1     18      5875.5      7342.1   Coal      0     -1   2.058147e+08        5772.25  2.8045859e-05      17827.944      39.142     -1
     1     19      7342.1      9174.7   Coal      0     -1  3.0396814e+08        6242.83  2.0537778e-05       24345.38      46.721     -1
     1     20      9174.7       11465   Coal      0     -1  4.5370142e+08        7525.59  1.6587098e-05       30143.91      61.887     -1
     1     21       11465       14327   Coal      0     -1   6.727708e+08       10065.22  1.4960846e-05      33420.571       64.51     -1
     1     22       14327       17903   Coal      0     -1   9.803099e+08       15436.63  1.5746684e-05      31752.718      82.118     -1
     1     23       17903       22372   Coal      0     -1  1.3678805e+09       25729.72  1.8809919e-05      26581.721      94.835     -1
     1     24       22372       27956   Coal      0     -1  1.7973612e+09       39216.47  2.1818915e-05      22915.897      105.81     -1
     1     25       27956       34934   Coal      0     -1   2.172886e+09       56911.26  2.6191553e-05      19090.124      109.05     -1
     1     26       34934       43654   Coal      0     -1  2.3950212e+09        71513.3  2.9859152e-05      16745.285      118.41     -1
     1     27       43654       54551   Coal      0     -1  2.3315001e+09       81831.16  3.5098073e-05      14245.796      111.99     -1
     1     28       54551       68167   Coal      0     -1  2.0080312e+09       75880.08  3.7788297e-05       13231.61      98.763     -1
     1     29       68167       85183   Coal      0     -1  1.6060976e+09       59252.95  3.6892496e-05      13552.892       83.93     -1
     1     30       85183  1.0645e+05   Coal      0     -1  1.4489327e+09       29917.87  2.0648212e-05      24215.171      72.015     -1
     1     31  1.0645e+05  1.3302e+05   Coal      0     -1  1.4207961e+09       29031.91  2.0433551e-05      24469.559      71.788     -1
     1     32  1.3302e+05       1e+99   Coal      0     -1  2.8715375e+09       58500.08  2.0372389e-05      24543.022      56.465     -1
     1     -1           0       1e+99  Delay     -1     -1  2.5982331e+09              0              0              0           1     -1
     1     -1           0       1e+99   LogL     -1     -1              1      -15639652      -15639652              0           1     -1
     1     -1           0       1e+99 Recomb     -1     -1           4158  1.2474005e-05  3.0000011e-09              0           1     -1
     1     -1           0       1e+99 Resamp     -1     -1  2.5982331e+09         710616  0.00027349972              0           1     -1
     0      0           0         133   Coal      0     -1      313581.82       7.030187  2.2418988e-05      22302.524       1.402     -1
     0      1         133       166.2   Coal      0     -1      167801.66     0.68317329  4.0713142e-06      122810.47      2.4148     -1
     0      2       166.2      207.68   Coal      0     -1      262447.37      1.8822804  7.1720298e-06      69715.271      2.5942     -1
     0      3      207.68      259.53   Coal      0     -1      409161.38      2.6589167  6.4984547e-06      76941.368      2.6444     -1
     0      4      259.53      324.31   Coal      0     -1      633056.99       6.171272  9.7483672e-06      51290.641      3.7984     -1
     0      5      324.31      405.26   Coal      0     -1       983185.6       18.90031  1.9223543e-05      26009.774      3.8954     -1
     0      6      405.26      506.42   Coal      0     -1      1527013.9      36.123987  2.3656619e-05      21135.734      6.3009     -1
     0      7      506.42      632.82   Coal      0     -1      2362401.7       81.03987  3.4304018e-05      14575.552      6.1596     -1
     0      8      632.82      790.79   Coal      0     -1      3627882.1      185.33813  5.1087144e-05      9787.1982       6.691     -1
     0      9      790.79      988.18   Coal      0     -1      5545099.6      263.42535  4.7505972e-05      10524.992       9.054     -1
     0     10      988.18      1234.8   Coal      0     -1      8460242.9      380.31902  4.4953676e-05      11122.561      10.372     -1
     0     11      1234.8      1543.1   Coal      0     -1       12879659      570.11611  4.4264844e-05      11295.646      11.564     -1
     0     12      1543.1      1928.2   Coal      0     -1       19471470      828.52173  4.2550549e-05       11750.73       15.05     -1
     0     13      1928.2      2409.6   Coal      0     -1       29343490      1206.5148   4.111695e-05      12160.435      15.979     -1
     0     14      2409.6        3011   Coal      0     -1       43971298        1756.92  3.9956064e-05      12513.745      20.517     -1
     0     15        3011      3762.6   Coal      0     -1       65293359        2593.46  3.9720119e-05      12588.079       26.04     -1
     0     16      3762.6      4701.8   Coal      0     -1       96364051         3802.2  3.9456623e-05      12672.144      31.097     -1
     0     17      4701.8      5875.5   Coal      0     -1  1.4030368e+08        5580.99   3.977793e-05      12569.784      31.799     -1
     0     18      5875.5      7342.1   Coal      0     -1  2.0487371e+08        5854.57  2.8576483e-05      17496.905      40.216     -1
     0     19      7342.1      9174.7   Coal      0     -1  3.0282791e+08         6228.2  2.0566796e-05       24311.03      50.006     -1
     0     20      9174.7       11465   Coal      0     -1  4.5212291e+08        7362.43  1.6284134e-05      30704.734      57.426     -1
     0     21       11465       14327   Coal      0     -1  6.7247449e+08        9768.71  1.4526514e-05      34419.821      67.432     -1
     0     22       14327       17903   Coal      0     -1  9.8221716e+08       14922.16  1.5192323e-05       32911.36      81.451     -1
     0     23       17903       22372   Coal      0     -1  1.3766478e+09       25028.02  1.8180409e-05      27502.131      94.506     -1
     0     24       22372       27956   Coal      0     -1  1.8209635e+09       38611.84  2.1204071e-05      23580.377      114.03     -1
     0     25       27956       34934   Coal      0     -1  2.2069462e+09       56537.74  2.5618087e-05       19517.46      111.02     -1
     0     26       34934       43654   Coal      0     -1  2.4307597e+09       71828.82  2.9549947e-05      16920.504       116.6     -1
     0     27       43654       54551   Coal      0     -1  2.3741976e+09       83161.95  3.5027392e-05      14274.542      116.85     -1
     0     28       54551       68167   Coal      0     -1  2.0303026e+09        77325.9  3.8085898e-05      13128.219      99.879     -1
     0     29       68167       85183   Coal      0     -1  1.6025646e+09       60254.61  3.7598866e-05      13298.273       84.05     -1
     0     30       85183  1.0645e+05   Coal      0     -1  1.4297586e+09       30308.67  2.1198452e-05      23586.628      72.662     -1
     0     31  1.0645e+05  1.3302e+05   Coal      0     -1  1.3763011e+09       29015.57  2.1082283e-05      23716.596      69.986     -1
     0     32  1.3302e+05       1e+99   Coal      0     -1  2.6845864e+09       56505.18  2.1048002e-05      23755.224      58.373     -1
     0     -1           0       1e+99  Delay     -1     -1  2.5982331e+09              0              0              0           1     -1
     0     -1           0       1e+99   LogL     -1     -1              1      -15640192      -15640192              0           1     -1
     0     -1           0       1e+99 Recomb     -1     -1           4158  1.2474005e-05  3.0000011e-09              0           1     -1
     0     -1           0       1e+99 Resamp     -1     -1  2.5982331e+09         706522  0.00027192403              0           1     -1
