  Iter  Epoch       Start         End   Type   From     To            Opp          Count           Rate             Ne         ESS  Clump
    10      0           0         133   Coal      0     -1      309708.84       34.67952  0.00011197459      4465.2988      1.5176     -1
    10      1         133       166.2   Coal      0     -1      164706.96      1.1921592  7.2380619e-06      69079.266      2.0737     -1
    10      2       166.2      207.68   Coal      0     -1      258602.82      6.1876856  2.3927371e-05      20896.571      2.2935     -1
    10      3      207.68      259.53   Coal      0     -1      403326.72      13.638947  3.3816125e-05      14785.846       2.979     -1
    10      4      259.53      324.31   Coal      0     -1      625702.08      15.476651  2.4734856e-05      20214.389      3.5761     -1
    10      5      324.31      405.26   Coal      0     -1      969968.31      38.972589   4.017924e-05      12444.238      4.1831     -1
    10      6      405.26      506.42   Coal      0     -1      1498120.8       91.93089  6.1364136e-05      8148.0819       4.462     -1
    10      7      506.42      632.82   Coal      0     -1      2304800.5      147.02749  6.3791852e-05      7837.9916      6.1748     -1
    10      8      632.82      790.79   Coal      0     -1      3526078.5      295.70571  8.3862486e-05      5962.1414      6.7463     -1
    10      9      790.79      988.18   Coal      0     -1        5359832      393.83679  7.3479315e-05      6804.6361      9.1517     -1
    10     10      988.18      1234.8   Coal      0     -1      8103127.8      537.67435  6.6353927e-05       7535.349       10.65     -1
    10     11      1234.8      1543.1   Coal      0     -1       12285054      717.02103  5.8365313e-05      8566.7321      11.623     -1
    10     12      1543.1      1928.2   Coal      0     -1       18547130      983.78932  5.3042672e-05      9426.3727      14.808     -1
    10     13      1928.2      2409.6   Coal      0     -1       27912886        1324.25  4.7442247e-05       10539.13       17.41     -1
    10     14      2409.6        3011   Coal      0     -1       41886324        1767.41  4.2195396e-05      11849.634        21.4     -1
    10     15        3011      3762.6   Coal      0     -1       62581690        2332.26   3.726745e-05      13416.534      23.509     -1
    10     16      3762.6      4701.8   Coal      0     -1       93129483        3257.51  3.4978289e-05      14294.581      27.117     -1
    10     17      4701.8      5875.5   Coal      0     -1  1.3732757e+08        4661.97  3.3947808e-05      14728.491      32.525     -1
    10     18      5875.5      7342.1   Coal      0     -1  2.0248579e+08        5288.07  2.6115759e-05      19145.528      38.571     -1
    10     19      7342.1      9174.7   Coal      0     -1  3.0011764e+08        6029.96  2.0091988e-05      24885.541      48.954     -1
    10     20      9174.7       11465   Coal      0     -1  4.4558213e+08         7919.1  1.7772481e-05      28133.382      51.771     -1
    10     21       11465       14327   Coal      0     -1  6.5537824e+08       11131.48  1.6984818e-05      29438.055      65.162     -1
    10     22       14327       17903   Coal      0     -1  9.4063275e+08       17248.74   1.833738e-05      27266.709      81.966     -1
    10     23       17903       22372   Coal      0     -1  1.2834813e+09       28456.63   2.217144e-05      22551.534      84.086     -1
    10     24       22372       27956   Coal      0     -1  1.6456692e+09       41264.25  2.5074449e-05      19940.617      95.203     -1
    10     25       27956       34934   Coal      0     -1  1.9617292e+09       55814.42  2.8451644e-05      17573.677      107.82     -1
    10     26       34934       43654   Coal      0     -1  2.1411896e+09       66737.65  3.1168492e-05      16041.841      109.13     -1
    10     27       43654       54551   Coal      0     -1  2.1274275e+09       73005.84  3.4316488e-05      14570.255      107.64     -1
    10     28       54551       68167   Coal      0     -1  1.8869133e+09       67845.96  3.5956056e-05      13905.863      89.292     -1
    10     29       68167       85183   Coal      0     -1  1.5928542e+09        53126.4  3.3352959e-05      14991.174      77.751     -1
    10     30       85183  1.0645e+05   Coal      0     -1   1.532275e+09       27983.23  1.8262537e-05      27378.452      71.353     -1
    10     31  1.0645e+05  1.3302e+05   Coal      0     -1  1.5774039e+09       28090.46  1.7808033e-05      28077.217      70.823     -1
    10     32  1.3302e+05       1e+99   Coal      0     -1  3.9719059e+09       68102.92  1.7146156e-05      29161.054      58.856     -1
    10     -1           0       1e+99  Delay     -1     -1  2.5938157e+09              0              0              0           1     -1
    10     -1           0       1e+99   LogL     -1     -1              1      -15171353      -15171353              0           1     -1
    10     -1           0       1e+99 Recomb     -1     -1           4323  1.2969005e-05  3.0000011e-09              0           1     -1
    10     -1           0       1e+99 Resamp     -1     -1  2.5938157e+09         714642  0.00027551764              0           1     -1
     9      0           0         133   Coal      0     -1         309350      33.373089  0.00010788133      4634.7223      1.5023     -1
     9      1         133       166.2   Coal      0     -1      169623.06       1.268601  7.4789418e-06      66854.378      1.9823     -1
     9      2       166.2      207.68   Coal      0     -1      265744.54      6.1245734  2.3046846e-05      21694.943      2.2764     -1
     9      3      207.68      259.53   Coal      0     -1      408263.93      14.085581  3.4501164e-05      14492.265      3.0009     -1
     9      4      259.53      324.31   Coal      0     -1      626546.92      15.626974  2.4941427e-05      20046.969      3.5222     -1
     9      5      324.31      405.26   Coal      0     -1      974085.74      38.791881  3.9823887e-05      12555.279      4.1713     -1
     9      6      405.26      506.42   Coal      0     -1      1509099.9      94.703723  6.2755107e-05      7967.4791      4.6751     -1
     9      7      506.42      632.82   Coal      0     -1      2330990.2       141.8239  6.0842771e-05      8217.9032      5.4422     -1
     9      8      632.82      790.79   Coal      0     -1      3543612.1      283.06445  7.9880202e-05      6259.3732      6.6874     -1
     9      9      790.79      988.18   Coal      0     -1      5370622.8      398.31173  7.4164904e-05      6741.7332      9.2114     -1
     9     10      988.18      1234.8   Coal      0     -1      8146254.1      543.23428  6.6685163e-05      7497.9197      10.363     -1
     9     11      1234.8      1543.1   Coal      0     -1       12338992      718.13356  5.8200341e-05       8591.015      11.195     -1
     9     12      1543.1      1928.2   Coal      0     -1       18606679      975.59839  5.2432697e-05      9536.0343       15.03     -1
     9     13      1928.2      2409.6   Coal      0     -1       27984450      1315.1629  4.6996205e-05      10639.157      17.132     -1
     9     14      2409.6        3011   Coal      0     -1       41989690        1759.18  4.1895522e-05       11934.45      21.033     -1
     9     15        3011      3762.6   Coal      0     -1       62692885         2351.8  3.7513029e-05      13328.702      23.709     -1
     9     16      3762.6      4701.8   Coal      0     -1       93340628        3294.39  3.5294277e-05      14166.603       25.75     -1
     9     17      4701.8      5875.5   Coal      0     -1  1.3740892e+08        4735.15  3.4460281e-05      14509.458      31.721     -1
     9     18      5875.5      7342.1   Coal      0     -1  2.0232848e+08        5361.16  2.6497308e-05      18869.841      37.228     -1
     9     19      7342.1      9174.7   Coal      0     -1  2.9956851e+08        6062.75  2.0238275e-05      24705.663      48.081     -1
     9     20      9174.7       11465   Coal      0     -1  4.4475696e+08        7896.29  1.7754168e-05      28162.401      52.045     -1
     9     21       11465       14327   Coal      0     -1  6.5442196e+08        11077.2  1.6926694e-05      29539.142      64.776     -1
     9     22       14327       17903   Coal      0     -1  9.3994253e+08       17119.34  1.8213177e-05      27452.651      77.361     -1
     9     23       17903       22372   Coal      0     -1  1.2858466e+09        28210.1  2.1938931e-05      22790.536      84.561     -1
     9     24       22372       27956   Coal      0     -1  1.6514358e+09       41005.01  2.4829914e-05      20137.001      94.009     -1
     9     25       27956       34934   Coal      0     -1  1.9702957e+09       55813.37  2.8327408e-05       17650.75      108.37     -1
     9     26       34934       43654   Coal      0     -1  2.1481109e+09       66877.15  3.1133006e-05      16060.126      107.31     -1
     9     27       43654       54551   Coal      0     -1  2.1291613e+09       73312.31  3.4432483e-05      14521.172      105.12     -1
     9     28       54551       68167   Coal      0     -1  1.8894223e+09       68090.21  3.6037582e-05      13874.405      89.068     -1
     9     29       68167       85183   Coal      0     -1  1.5909811e+09       53346.97  3.3530863e-05      14911.635      77.357     -1
     9     30       85183  1.0645e+05   Coal      0     -1  1.5279224e+09       28054.43  1.8361161e-05      27231.394      71.328     -1
     9     31  1.0645e+05  1.3302e+05   Coal      0     -1  1.5680824e+09       28085.67  1.7910838e-05      27916.059       70.08     -1
     9     32  1.3302e+05       1e+99   Coal      0     -1  3.8991278e+09       67533.71  1.7320209e-05      28868.011       54.89     -1
     9     -1           0       1e+99  Delay     -1     -1  2.5938157e+09              0              0              0           1     -1
     9     -1           0       1e+99   LogL     -1     -1              1      -15171275      -15171275              0           1     -1
     9     -1           0       1e+99 Recomb     -1     -1           4323  1.2969005e-05  3.0000011e-09              0           1     -1
     9     -1           0       1e+99 Resamp     -1     -1  2.5938157e+09         713083   0.0002749166              0           1     -1
     8      0           0         133   Coal      0     -1      313345.41      33.584712  0.00010718112      4665.0007      1.5431     -1
     8      1         133       166.2   Coal      0     -1      164392.55      2.6700507   1.624192e-05      30784.537      2.2876     -1
     8      2       166.2      207.68   Coal      0     -1      256205.01       6.359107  2.4820385e-05      20144.732        2.73     -1
     8      3      207.68      259.53   Coal      0     -1      399916.24      15.781279  3.9461461e-05       12670.59      3.1824     -1
     8      4      259.53      324.31   Coal      0     -1      624658.96      11.361619  1.8188515e-05      27489.875      3.6283     -1
     8      5      324.31      405.26   Coal      0     -1      973590.98      36.257294  3.7240787e-05      13426.139      4.0427     -1
     8      6      405.26      506.42   Coal      0     -1      1512865.1      87.931229  5.8122322e-05      8602.5469      4.3782     -1
     8      7      506.42      632.82   Coal      0     -1      2332091.3      141.66095   6.074417e-05      8231.2426      5.5853     -1
     8      8      632.82      790.79   Coal      0     -1      3554482.7      269.54208  7.5831593e-05      6593.5579      7.1449     -1
     8      9      790.79      988.18   Coal      0     -1      5398097.2      396.03899  7.3366406e-05      6815.1082      8.2383     -1
     8     10      988.18      1234.8   Coal      0     -1      8153836.9      537.96947  6.5977463e-05      7578.3454      10.426     -1
     8     11      1234.8      1543.1   Coal      0     -1       12326821      712.75349  5.7821356e-05      8647.3241      11.471     -1
     8     12      1543.1      1928.2   Coal      0     -1       18588695      964.96216  5.1911237e-05       9631.826       14.77     -1
     8     13      1928.2      2409.6   Coal      0     -1       27964765       1306.558   4.672158e-05      10701.693      17.136     -1
     8     14      2409.6        3011   Coal      0     -1       41999018        1757.16  4.1838121e-05      11950.823      21.366     -1
     8     15        3011      3762.6   Coal      0     -1       62754957        2375.83  3.7858842e-05      13206.954      22.556     -1
     8     16      3762.6      4701.8   Coal      0     -1       93249189        3342.07  3.5840204e-05      13950.813      26.145     -1
     8     17      4701.8      5875.5   Coal      0     -1  1.3725538e+08        4815.75  3.5086057e-05      14250.675      31.981     -1
     8     18      5875.5      7342.1   Coal      0     -1  2.0192423e+08        5406.08  2.6772815e-05       18675.66      37.027     -1
     8     19      7342.1      9174.7   Coal      0     -1  2.9886126e+08         6076.9  2.0333515e-05      24589.944      47.034     -1
     8     20      9174.7       11465   Coal      0     -1  4.4402766e+08        7867.78  1.7719121e-05      28218.104      53.536     -1
     8     21       11465       14327   Coal      0     -1  6.5364983e+08        10990.5  1.6814049e-05      29737.038      63.871     -1
     8     22       14327       17903   Coal      0     -1  9.3947255e+08        16943.1  1.8034694e-05      27724.341      77.253     -1
     8     23       17903       22372   Coal      0     -1  1.2874874e+09       27879.71  2.1654356e-05      23090.042      84.124     -1
     8     24       22372       27956   Coal      0     -1  1.6583829e+09       40726.37  2.4557881e-05      20360.063      97.116     -1
     8     25       27956       34934   Coal      0     -1  1.9800772e+09       55768.09  2.8164604e-05       17752.78      108.61     -1
     8     26       34934       43654   Coal      0     -1   2.158518e+09       67016.71  3.1047557e-05      16104.327      105.94     -1
     8     27       43654       54551   Coal      0     -1  2.1389833e+09       73839.39  3.4520788e-05      14484.026       104.7     -1
     8     28       54551       68167   Coal      0     -1   1.893536e+09       68395.77   3.612066e-05      13842.494       88.17     -1
     8     29       68167       85183   Coal      0     -1  1.5869565e+09        53536.8  3.3735519e-05      14821.174      76.121     -1
     8     30       85183  1.0645e+05   Coal      0     -1  1.5210749e+09       28157.46  1.8511554e-05      27010.158      70.124     -1
     8     31  1.0645e+05  1.3302e+05   Coal      0     -1  1.5521557e+09       28037.75  1.8063748e-05      27679.748      68.459     -1
     8     32  1.3302e+05       1e+99   Coal      0     -1  3.8083226e+09       66713.34  1.7517775e-05      28542.437      55.528     -1
     8     -1           0       1e+99  Delay     -1     -1  2.5938157e+09              0              0              0           1     -1
     8     -1           0       1e+99   LogL     -1     -1              1      -15171337      -15171337              0           1     -1
     8     -1           0       1e+99 Recomb     -1     -1           4323  1.2969005e-05  3.0000011e-09              0           1     -1
     8     -1           0       1e+99 Resamp     -1     -1  2.5938157e+09         712035  0.00027451256              0           1     -1
     7      0           0         133   Coal      0     -1      314834.54      42.669774  0.00013553079      3689.1986      1.5122     -1
     7      1         133       166.2   Coal      0     -1      167446.45      2.8335519  1.6922138e-05      29547.094       2.271     -1
     7      2       166.2      207.68   Coal      0     -1      261965.65      4.0856581   1.559616e-05      32059.174      2.5133     -1
     7      3      207.68      259.53   Coal      0     -1      406042.64       12.08483  2.9762465e-05      16799.684      3.2106     -1
     7      4      259.53      324.31   Coal      0     -1      626955.23      13.470118  2.1484976e-05      23272.077      3.7005     -1
     7      5      324.31      405.26   Coal      0     -1      979427.61      31.616798  3.2280893e-05      15489.039      4.1357     -1
     7      6      405.26      506.42   Coal      0     -1      1512157.2      83.368834  5.5132386e-05      9069.0796      4.4881     -1
     7      7      506.42      632.82   Coal      0     -1      2324905.5      141.57757  6.0896053e-05      8210.7127      5.5918     -1
     7      8      632.82      790.79   Coal      0     -1      3543866.8      268.30325  7.5709179e-05       6604.219      6.7405     -1
     7      9      790.79      988.18   Coal      0     -1        5382742      388.43199  7.2162476e-05      6928.8089      8.6802     -1
     7     10      988.18      1234.8   Coal      0     -1      8168449.2       522.2289  6.3932441e-05      7820.7556      10.399     -1
     7     11      1234.8      1543.1   Coal      0     -1       12383099       704.0513  5.6855823e-05       8794.174      11.478     -1
     7     12      1543.1      1928.2   Coal      0     -1       18727207      959.59142  5.1240498e-05      9757.9066      14.158     -1
     7     13      1928.2      2409.6   Coal      0     -1       28137797        1307.62  4.6472011e-05      10759.164      17.699     -1
     7     14      2409.6        3011   Coal      0     -1       42087596      1755.0976  4.1701066e-05      11990.101      22.136     -1
     7     15        3011      3762.6   Coal      0     -1       62833360        2406.86  3.8305448e-05      13052.974      23.044     -1
     7     16      3762.6      4701.8   Coal      0     -1       93227993        3401.63  3.6487217e-05      13703.429      27.045     -1
     7     17      4701.8      5875.5   Coal      0     -1   1.370784e+08        4907.15  3.5798126e-05      13967.211      32.407     -1
     7     18      5875.5      7342.1   Coal      0     -1  2.0149647e+08        5470.45  2.7149111e-05      18416.809      38.016     -1
     7     19      7342.1      9174.7   Coal      0     -1   2.980632e+08         6089.6  2.0430567e-05      24473.134      49.416     -1
     7     20      9174.7       11465   Coal      0     -1  4.4306425e+08         7824.8  1.7660644e-05      28311.538      55.043     -1
     7     21       11465       14327   Coal      0     -1   6.527808e+08       10876.82  1.6662285e-05      30007.888      64.771     -1
     7     22       14327       17903   Coal      0     -1  9.3966556e+08       16741.13  1.7816051e-05       28064.58      76.952     -1
     7     23       17903       22372   Coal      0     -1  1.2897869e+09       27560.07  2.1367926e-05      23399.557      84.323     -1
     7     24       22372       27956   Coal      0     -1  1.6655473e+09       40468.86  2.4297634e-05      20578.135      97.532     -1
     7     25       27956       34934   Coal      0     -1  1.9919364e+09       55750.44  2.7988062e-05       17864.76      108.11     -1
     7     26       34934       43654   Coal      0     -1  2.1716209e+09       67166.42  3.0929164e-05      16165.972      106.83     -1
     7     27       43654       54551   Coal      0     -1  2.1489682e+09       74396.17  3.4619484e-05      14442.734      107.99     -1
     7     28       54551       68167   Coal      0     -1  1.8988592e+09        68854.5  3.6260983e-05      13788.926      91.532     -1
     7     29       68167       85183   Coal      0     -1  1.5801507e+09       53704.87  3.3987182e-05      14711.428      76.567     -1
     7     30       85183  1.0645e+05   Coal      0     -1  1.5094947e+09       28192.13  1.8676535e-05      26771.561      70.773     -1
     7     31  1.0645e+05  1.3302e+05   Coal      0     -1  1.5411773e+09       28132.82   1.825411e-05      27391.092      70.645     -1
     7     32  1.3302e+05       1e+99   Coal      0     -1  3.7178777e+09       65977.12  1.7745909e-05      28175.507      57.079     -1
     7     -1           0       1e+99  Delay     -1     -1  2.5938157e+09              0              0              0           1     -1
     7     -1           0       1e+99   LogL     -1     -1              1      -15171587      -15171587              0           1     -1
     7     -1           0       1e+99 Recomb     -1     -1           4323  1.2969005e-05  3.0000011e-09              0           1     -1
     7     -1           0       1e+99 Resamp     -1     -1  2.5938157e+09         711004  0.00027411508              0           1     -1
     6      0           0         133   Coal      0     -1      299350.37      36.401538  0.00012160178      4111.7819      1.5496     -1
     6      1         133       166.2   Coal      0     -1      162111.79      2.7596729  1.7023271e-05      29371.559       2.017     -1
     6      2       166.2      207.68   Coal      0     -1      258802.75      6.1328363  2.3696952e-05       21099.76      2.7673     -1
     6      3      207.68      259.53   Coal      0     -1      404443.92      12.827126  3.1715464e-05       15765.18      3.0806     -1
     6      4      259.53      324.31   Coal      0     -1      628587.75      15.517734  2.4686664e-05      20253.851      3.6991     -1
     6      5      324.31      405.26   Coal      0     -1       973125.9      30.995951  3.1851944e-05      15697.629      4.3384     -1
     6      6      405.26      506.42   Coal      0     -1      1507181.6      77.456752  5.1391785e-05      9729.1815      4.3703     -1
     6      7      506.42      632.82   Coal      0     -1      2316286.2      135.74931   5.860645e-05      8531.4842      5.4418     -1
     6      8      632.82      790.79   Coal      0     -1      3541896.5        261.941  7.3955014e-05      6760.8668      6.7605     -1
     6      9      790.79      988.18   Coal      0     -1      5383905.4      384.44999   7.140727e-05      7002.0882       8.662     -1
     6     10      988.18      1234.8   Coal      0     -1      8147207.2      513.91582  6.3078771e-05       7926.597      10.942     -1
     6     11      1234.8      1543.1   Coal      0     -1       12344873      690.13623  5.5904684e-05      8943.7944      12.063     -1
     6     12      1543.1      1928.2   Coal      0     -1       18647198      937.49739  5.0275509e-05      9945.2001      14.418     -1
     6     13      1928.2      2409.6   Coal      0     -1       28129214      1287.3302  4.5764882e-05      10925.408      17.969     -1
     6     14      2409.6        3011   Coal      0     -1       42158737      1776.1853  4.2130893e-05      11867.776      21.891     -1
     6     15        3011      3762.6   Coal      0     -1       62952113        2431.16  3.8619196e-05      12946.929      23.982     -1
     6     16      3762.6      4701.8   Coal      0     -1       93398943        3482.38  3.7285005e-05      13410.217       24.02     -1
     6     17      4701.8      5875.5   Coal      0     -1  1.3701011e+08        4986.17  3.6392717e-05      13739.013      31.915     -1
     6     18      5875.5      7342.1   Coal      0     -1  2.0114721e+08        5531.26  2.7498566e-05      18182.766      36.902     -1
     6     19      7342.1      9174.7   Coal      0     -1  2.9737964e+08        6120.55  2.0581604e-05      24293.539      47.815     -1
     6     20      9174.7       11465   Coal      0     -1  4.4193965e+08        7808.78  1.7669336e-05      28297.612       55.87     -1
     6     21       11465       14327   Coal      0     -1  6.5120627e+08          10754  1.6513969e-05      30277.398      65.311     -1
     6     22       14327       17903   Coal      0     -1   9.386351e+08       16506.87  1.7586035e-05       28431.65      75.567     -1
     6     23       17903       22372   Coal      0     -1  1.2921586e+09       27188.32  2.1041008e-05       23763.12      83.279     -1
     6     24       22372       27956   Coal      0     -1  1.6736768e+09       40148.37  2.3988125e-05      20843.646      97.535     -1
     6     25       27956       34934   Coal      0     -1  2.0047858e+09       55692.67   2.777986e-05      17998.651      107.76     -1
     6     26       34934       43654   Coal      0     -1  2.1875151e+09       67385.24  3.0804469e-05      16231.411       106.1     -1
     6     27       43654       54551   Coal      0     -1  2.1648485e+09       75092.27  3.4687078e-05       14414.59      108.11     -1
     6     28       54551       68167   Coal      0     -1  1.9051277e+09       69385.82   3.642056e-05      13728.509      91.358     -1
     6     29       68167       85183   Coal      0     -1  1.5824767e+09       54170.82  3.4231671e-05      14606.357      77.933     -1
     6     30       85183  1.0645e+05   Coal      0     -1  1.4978223e+09       28245.08   1.885743e-05      26514.747       70.63     -1
     6     31  1.0645e+05  1.3302e+05   Coal      0     -1  1.5283004e+09        28234.8  1.8474641e-05      27064.126      71.048     -1
     6     32  1.3302e+05       1e+99   Coal      0     -1  3.6091655e+09       64995.53  1.8008465e-05      27764.721       54.25     -1
     6     -1           0       1e+99  Delay     -1     -1  2.5938157e+09              0              0              0           1     -1
     6     -1           0       1e+99   LogL     -1     -1              1      -15171690      -15171690              0           1     -1
     6     -1           0       1e+99 Recomb     -1     -1           4323  1.2969005e-05  3.0000011e-09              0           1     -1
     6     -1           0       1e+99 Resamp     -1     -1  2.5938157e+09         708767  0.00027325264              0           1     -1
     5      0           0         133   Coal      0     -1      305508.52      36.608344  0.00011982757      4172.6623      1.5905     -1
     5      1         133       166.2   Coal      0     -1      163789.31      2.3985928   1.464438e-05      34142.791      2.2874     -1
     5      2       166.2      207.68   Coal      0     -1      257145.01      6.2951044  2.4480757e-05      20424.205      2.7161     -1
     5      3      207.68      259.53   Coal      0     -1      400965.89      12.018901  2.9974872e-05      16680.638      2.8813     -1
     5      4      259.53      324.31   Coal      0     -1      624900.87      12.918784  2.0673333e-05      24185.747      3.3475     -1
     5      5      324.31      405.26   Coal      0     -1      972910.77      31.633332  3.2514114e-05      15377.937      4.5223     -1
     5      6      405.26      506.42   Coal      0     -1      1508334.8      71.698045  4.7534569e-05      10518.661      5.2564     -1
     5      7      506.42      632.82   Coal      0     -1      2324943.2      132.86508  5.7147666e-05      8749.2637       5.474     -1
     5      8      632.82      790.79   Coal      0     -1      3549935.7      259.11155   7.299049e-05      6850.2075       6.259     -1
     5      9      790.79      988.18   Coal      0     -1      5401715.7      387.03897   7.165112e-05       6978.258      8.7747     -1
     5     10      988.18      1234.8   Coal      0     -1      8182835.3      520.25105  6.3578336e-05       7864.314      11.141     -1
     5     11      1234.8      1543.1   Coal      0     -1       12401487      686.39197  5.5347552e-05      9033.8232      11.253     -1
     5     12      1543.1      1928.2   Coal      0     -1       18732749      928.42851  4.9561786e-05      10088.418      15.138     -1
     5     13      1928.2      2409.6   Coal      0     -1       28199942      1284.0522  4.5533861e-05      10980.839      17.394     -1
     5     14      2409.6        3011   Coal      0     -1       42280487        1790.75  4.2354053e-05      11805.246      21.239     -1
     5     15        3011      3762.6   Coal      0     -1       63038484        2463.95  3.9086442e-05       12792.16      23.446     -1
     5     16      3762.6      4701.8   Coal      0     -1       93357661        3526.55  3.7774618e-05      13236.401      24.876     -1
     5     17      4701.8      5875.5   Coal      0     -1  1.3676502e+08        5069.68  3.7068543e-05      13488.526      31.332     -1
     5     18      5875.5      7342.1   Coal      0     -1  2.0059613e+08        5596.25  2.7898096e-05       17922.37      37.675     -1
     5     19      7342.1      9174.7   Coal      0     -1  2.9655931e+08        6152.38  2.0745867e-05      24101.186      50.512     -1
     5     20      9174.7       11465   Coal      0     -1  4.4105236e+08        7749.62  1.7570748e-05      28456.386      55.147     -1
     5     21       11465       14327   Coal      0     -1  6.5108722e+08       10639.67   1.634139e-05      30597.153      66.301     -1
     5     22       14327       17903   Coal      0     -1  9.3999247e+08       16247.15  1.7284341e-05      28927.919      76.229     -1
     5     23       17903       22372   Coal      0     -1  1.2967233e+09       26820.36   2.068318e-05      24174.233      84.071     -1
     5     24       22372       27956   Coal      0     -1   1.682108e+09       39795.41  2.3658058e-05      21134.448      96.526     -1
     5     25       27956       34934   Coal      0     -1  2.0204051e+09       55644.45  2.7541235e-05      18154.596      109.54     -1
     5     26       34934       43654   Coal      0     -1  2.2069032e+09       67670.43  3.0663071e-05       16306.26      107.21     -1
     5     27       43654       54551   Coal      0     -1  2.1743791e+09       75662.33  3.4797211e-05      14368.968      107.37     -1
     5     28       54551       68167   Coal      0     -1  1.9141723e+09        70090.2  3.6616452e-05      13655.064      93.784     -1
     5     29       68167       85183   Coal      0     -1  1.5807041e+09       54654.03   3.457575e-05      14461.002      79.929     -1
     5     30       85183  1.0645e+05   Coal      0     -1  1.4848817e+09       28342.14  1.9087136e-05      26195.653      71.021     -1
     5     31  1.0645e+05  1.3302e+05   Coal      0     -1  1.5090781e+09       28281.54  1.8740939e-05       26679.56      71.062     -1
     5     32  1.3302e+05       1e+99   Coal      0     -1  3.4863607e+09        63923.4   1.833528e-05      27269.832      55.269     -1
     5     -1           0       1e+99  Delay     -1     -1  2.5938157e+09              0              0              0           1     -1
     5     -1           0       1e+99   LogL     -1     -1              1      -15171751      -15171751              0           1     -1
     5     -1           0       1e+99 Recomb     -1     -1           4323  1.2969005e-05  3.0000011e-09              0           1     -1
     5     -1           0       1e+99 Resamp     -1     -1  2.5938157e+09         706606   0.0002724195              0           1     -1
     4      0           0         133   Coal      0     -1      313635.59      28.934891  9.2256403e-05       5419.678      1.5475     -1
     4      1         133       166.2   Coal      0     -1      167696.91      1.7637006  1.0517192e-05      47541.206      2.3329     -1
     4      2       166.2      207.68   Coal      0     -1      262205.26      7.1924195  2.7430493e-05       18227.89      2.7887     -1
     4      3      207.68      259.53   Coal      0     -1      407047.35      8.6589417  2.1272566e-05      23504.451      2.9153     -1
     4      4      259.53      324.31   Coal      0     -1       636775.6      13.741009  2.1579045e-05      23170.627       3.825     -1
     4      5      324.31      405.26   Coal      0     -1       987260.8      30.445464  3.0838319e-05      16213.594      3.6506     -1
     4      6      405.26      506.42   Coal      0     -1      1526365.2      67.395916  4.4154516e-05       11323.87      5.1224     -1
     4      7      506.42      632.82   Coal      0     -1      2338979.2      128.90274  5.5110684e-05       9072.651      5.7741     -1
     4      8      632.82      790.79   Coal      0     -1      3574679.4      253.61271  7.0946982e-05      7047.5162      6.0844     -1
     4      9      790.79      988.18   Coal      0     -1      5432976.7      374.69691  6.8967149e-05      7249.8285      8.4803     -1
     4     10      988.18      1234.8   Coal      0     -1      8227156.6       511.7388  6.2201174e-05      8038.4335      10.989     -1
     4     11      1234.8      1543.1   Coal      0     -1       12474859      669.27704   5.365007e-05      9319.6524      11.486     -1
     4     12      1543.1      1928.2   Coal      0     -1       18849769      926.80322  4.9167882e-05       10169.24      13.835     -1
     4     13      1928.2      2409.6   Coal      0     -1       28364751      1268.2152  4.4710958e-05      11182.941       17.12     -1
     4     14      2409.6        3011   Coal      0     -1       42542778        1792.84  4.2142053e-05      11864.633      19.893     -1
     4     15        3011      3762.6   Coal      0     -1       63324785        2497.96  3.9446798e-05        12675.3      23.776     -1
     4     16      3762.6      4701.8   Coal      0     -1       93717314        3577.66  3.8175016e-05      13097.571      25.159     -1
     4     17      4701.8      5875.5   Coal      0     -1    1.37048e+08        5176.97  3.7774868e-05      13236.314      30.694     -1
     4     18      5875.5      7342.1   Coal      0     -1  2.0055629e+08        5660.23   2.822265e-05      17716.267      37.239     -1
     4     19      7342.1      9174.7   Coal      0     -1  2.9631308e+08        6177.44  2.0847679e-05      23983.485      45.623     -1
     4     20      9174.7       11465   Coal      0     -1  4.4053238e+08        7694.26  1.7465822e-05      28627.339      52.676     -1
     4     21       11465       14327   Coal      0     -1  6.5065027e+08       10495.98  1.6131523e-05      30995.213      66.821     -1
     4     22       14327       17903   Coal      0     -1  9.4110546e+08       15943.94  1.6941715e-05      29512.952      79.772     -1
     4     23       17903       22372   Coal      0     -1  1.3019429e+09       26398.26   2.027605e-05      24659.635      89.858     -1
     4     24       22372       27956   Coal      0     -1  1.6919903e+09       39368.48  2.3267557e-05      21489.149      95.384     -1
     4     25       27956       34934   Coal      0     -1  2.0390126e+09       55592.45  2.7264397e-05      18338.935       111.1     -1
     4     26       34934       43654   Coal      0     -1  2.2292731e+09       68002.03  3.0504128e-05      16391.224         111     -1
     4     27       43654       54551   Coal      0     -1  2.1943272e+09        76433.1  3.4832135e-05      14354.561      109.63     -1
     4     28       54551       68167   Coal      0     -1  1.9181696e+09       70695.24  3.6855574e-05      13566.469      92.955     -1
     4     29       68167       85183   Coal      0     -1  1.5774168e+09       55229.85  3.5012844e-05      14280.474       79.06     -1
     4     30       85183  1.0645e+05   Coal      0     -1  1.4718961e+09       28511.59  1.9370654e-05      25812.241      70.538     -1
     4     31  1.0645e+05  1.3302e+05   Coal      0     -1  1.4775891e+09       28178.46  1.9070566e-05      26218.415      68.034     -1
     4     32  1.3302e+05       1e+99   Coal      0     -1   3.342838e+09       62565.69  1.8716339e-05      26714.626      53.949     -1
     4     -1           0       1e+99  Delay     -1     -1  2.5938157e+09              0              0              0           1     -1
     4     -1           0       1e+99   LogL     -1     -1              1      -15171902      -15171902              0           1     -1
     4     -1           0       1e+99 Recomb     -1     -1           4323  1.2969005e-05  3.0000011e-09              0           1     -1
     4     -1           0       1e+99 Resamp     -1     -1  2.5938157e+09         703535  0.00027123553              0           1     -1
     3      0           0         133   Coal      0     -1      306056.19      22.164961  7.2421215e-05      6904.0543      1.6061     -1
     3      1         133       166.2   Coal      0     -1      166811.35      2.0296237   1.216718e-05      41094.157      2.0908     -1
     3      2       166.2      207.68   Coal      0     -1      259441.36      5.9630295  2.2984113e-05      21754.157      3.0724     -1
     3      3      207.68      259.53   Coal      0     -1      402335.92      7.9066809  1.9651939e-05      25442.782      3.0263     -1
     3      4      259.53      324.31   Coal      0     -1      626401.11      12.986136  2.0731343e-05       24118.07      3.5997     -1
     3      5      324.31      405.26   Coal      0     -1       976600.3      29.161134  2.9859845e-05      16744.896      4.3443     -1
     3      6      405.26      506.42   Coal      0     -1      1513106.4      63.573334  4.2015112e-05       11900.48      4.9551     -1
     3      7      506.42      632.82   Coal      0     -1      2330305.2      123.46852  5.2983842e-05      9436.8393      6.0899     -1
     3      8      632.82      790.79   Coal      0     -1      3567853.1      236.80101  6.6370729e-05      7533.4415      6.1863     -1
     3      9      790.79      988.18   Coal      0     -1        5424007      357.98185  6.5999519e-05      7575.8128      9.0834     -1
     3     10      988.18      1234.8   Coal      0     -1      8251382.3       488.0886  5.9152343e-05      8452.7505      10.767     -1
     3     11      1234.8      1543.1   Coal      0     -1       12502596        656.939   5.254421e-05      9515.7963      13.154     -1
     3     12      1543.1      1928.2   Coal      0     -1       18874943      903.67922  4.7877189e-05      10443.387      13.056     -1
     3     13      1928.2      2409.6   Coal      0     -1       28418446      1261.4522    4.43885e-05      11264.179        16.5     -1
     3     14      2409.6        3011   Coal      0     -1       42622344      1780.0769  4.1763937e-05      11972.051      18.561     -1
     3     15        3011      3762.6   Coal      0     -1       63444302        2518.56  3.9697182e-05      12595.353      25.257     -1
     3     16      3762.6      4701.8   Coal      0     -1       93740612        3623.93  3.8659125e-05      12933.557      24.328     -1
     3     17      4701.8      5875.5   Coal      0     -1  1.3689424e+08        5290.17  3.8644212e-05      12938.548      32.011     -1
     3     18      5875.5      7342.1   Coal      0     -1  2.0011639e+08        5713.46  2.8550685e-05      17512.715      36.861     -1
     3     19      7342.1      9174.7   Coal      0     -1  2.9543234e+08        6176.13  2.0905396e-05       23917.27      46.488     -1
     3     20      9174.7       11465   Coal      0     -1  4.3984042e+08        7593.81  1.7264921e-05      28960.457      54.877     -1
     3     21       11465       14327   Coal      0     -1  6.5037353e+08        10300.9  1.5838437e-05      31568.772       62.22     -1
     3     22       14327       17903   Coal      0     -1  9.4273592e+08       15653.66  1.6604502e-05      30112.316      79.686     -1
     3     23       17903       22372   Coal      0     -1  1.3075042e+09       25965.61  1.9858912e-05      25177.613       92.04     -1
     3     24       22372       27956   Coal      0     -1  1.7048962e+09       38894.09  2.2813171e-05      21917.163      99.202     -1
     3     25       27956       34934   Coal      0     -1  2.0582823e+09       55457.32  2.6943496e-05      18557.354      112.53     -1
     3     26       34934       43654   Coal      0     -1  2.2532097e+09       68297.26  3.0311097e-05      16495.609       110.6     -1
     3     27       43654       54551   Coal      0     -1  2.2145567e+09       77309.95  3.4909899e-05      14322.585      111.44     -1
     3     28       54551       68167   Coal      0     -1  1.9264943e+09       71471.97  3.7099497e-05      13477.272      94.542     -1
     3     29       68167       85183   Coal      0     -1  1.5728164e+09       55872.28  3.5523715e-05      14075.105       80.37     -1
     3     30       85183  1.0645e+05   Coal      0     -1  1.4546138e+09       28683.83  1.9719206e-05      25355.991      71.072     -1
     3     31  1.0645e+05  1.3302e+05   Coal      0     -1  1.4490493e+09       28219.48  1.9474479e-05      25674.628      69.488     -1
     3     32  1.3302e+05       1e+99   Coal      0     -1  3.1654264e+09       60700.49  1.9176086e-05      26074.142      51.649     -1
     3     -1           0       1e+99  Delay     -1     -1  2.5938157e+09              0              0              0           1     -1
     3     -1           0       1e+99   LogL     -1     -1              1      -15172211      -15172211              0           1     -1
     3     -1           0       1e+99 Recomb     -1     -1           4323  1.2969005e-05  3.0000011e-09              0           1     -1
     3     -1           0       1e+99 Resamp     -1     -1  2.5938157e+09         700565   0.0002700905              0           1     -1
     2      0           0         133   Coal      0     -1      318236.03      18.416229  5.7869716e-05      8640.0977      1.5774     -1
     2      1         133       166.2   Coal      0     -1      167273.51      5.0540897  3.0214526e-05      16548.332      2.2749     -1
     2      2       166.2      207.68   Coal      0     -1      260335.12      4.3415055  1.6676603e-05      29982.125      2.5213     -1
     2      3      207.68      259.53   Coal      0     -1      406785.46      5.3100145    1.30536e-05      38303.611      2.8124     -1
     2      4      259.53      324.31   Coal      0     -1      631666.96      11.213561  1.7752331e-05      28165.316      3.6616     -1
     2      5      324.31      405.26   Coal      0     -1      986812.22      26.781327  2.7139233e-05      18423.512      4.0751     -1
     2      6      405.26      506.42   Coal      0     -1      1527231.8      59.012658  3.8640276e-05      12939.866       4.366     -1
     2      7      506.42      632.82   Coal      0     -1        2346573      107.89466  4.5979674e-05       10874.37      6.3934     -1
     2      8      632.82      790.79   Coal      0     -1      3590867.2      219.52793  6.1135074e-05      8178.6112      6.9151     -1
     2      9      790.79      988.18   Coal      0     -1      5489936.4      330.45676  6.0193186e-05      8306.5881      7.8464     -1
     2     10      988.18      1234.8   Coal      0     -1      8324305.3      474.93643  5.7054182e-05      8763.5994      10.902     -1
     2     11      1234.8      1543.1   Coal      0     -1       12612156       639.3467  5.0692894e-05      9863.3153      11.774     -1
     2     12      1543.1      1928.2   Coal      0     -1       19055805      890.41418  4.6726663e-05      10700.529      12.848     -1
     2     13      1928.2      2409.6   Coal      0     -1       28671485      1263.7471  4.4076791e-05      11343.838      15.886     -1
     2     14      2409.6        3011   Coal      0     -1       42922101        1801.16  4.1963463e-05      11915.127      20.064     -1
     2     15        3011      3762.6   Coal      0     -1       63732002         2556.1  4.0107009e-05      12466.649      24.284     -1
     2     16      3762.6      4701.8   Coal      0     -1       94011636         3712.9  3.9494047e-05      12660.136      24.845     -1
     2     17      4701.8      5875.5   Coal      0     -1  1.3696354e+08        5392.11  3.9368945e-05      12700.366      28.087     -1
     2     18      5875.5      7342.1   Coal      0     -1  2.0002608e+08        5750.43  2.8748402e-05      17392.271      38.331     -1
     2     19      7342.1      9174.7   Coal      0     -1  2.9497687e+08        6195.73  2.1004121e-05      23804.852      44.446     -1
     2     20      9174.7       11465   Coal      0     -1  4.3921441e+08         7494.2  1.7062737e-05      29303.622      52.826     -1
     2     21       11465       14327   Coal      0     -1  6.4971835e+08       10077.36  1.5510351e-05      32236.536      56.982     -1
     2     22       14327       17903   Coal      0     -1  9.4506207e+08       15318.05  1.6208512e-05      30847.989      78.679     -1
     2     23       17903       22372   Coal      0     -1  1.3140636e+09       25472.68  1.9384662e-05      25793.588      88.166     -1
     2     24       22372       27956   Coal      0     -1   1.720416e+09       38434.98  2.2340515e-05      22380.862      97.982     -1
     2     25       27956       34934   Coal      0     -1  2.0809346e+09       55315.19  2.6581897e-05      18809.794      108.72     -1
     2     26       34934       43654   Coal      0     -1  2.2825136e+09        68673.3  3.0086699e-05      16618.639      111.25     -1
     2     27       43654       54551   Coal      0     -1  2.2336604e+09       78112.33  3.4970549e-05      14297.745      107.78     -1
     2     28       54551       68167   Coal      0     -1  1.9433078e+09       72637.71  3.7378386e-05      13376.715       95.65     -1
     2     29       68167       85183   Coal      0     -1  1.5647693e+09       56473.92  3.6090892e-05      13853.911      78.461     -1
     2     30       85183  1.0645e+05   Coal      0     -1  1.4376186e+09       28918.98  2.0115892e-05      24855.969      67.949     -1
     2     31  1.0645e+05  1.3302e+05   Coal      0     -1  1.4161933e+09       28219.47  1.9926284e-05      25092.486      66.556     -1
     2     32  1.3302e+05       1e+99   Coal      0     -1  2.9979386e+09        59080.3  1.9706974e-05      25371.728      52.808     -1
     2     -1           0       1e+99  Delay     -1     -1  2.5938157e+09              0              0              0           1     -1
     2     -1           0       1e+99   LogL     -1     -1              1      -15172250      -15172250              0           1     -1
     2     -1           0       1e+99 Recomb     -1     -1           4323  1.2969005e-05  3.0000011e-09              0           1     -1
     2     -1           0       1e+99 Resamp     -1     -1  2.5938157e+09         696901  0.00026867791              0           1     -1
     1      0           0         133   Coal      0     -1      307259.52      14.615087  4.7565938e-05      10511.724      1.4535     -1
     1      1         133       166.2   Coal      0     -1      164403.37      3.6332431  2.2099566e-05      22624.879      2.0698     -1
     1      2       166.2      207.68   Coal      0     -1      256750.07      5.1002976  1.9864834e-05      25170.107       2.424     -1
     1      3      207.68      259.53   Coal      0     -1      402156.86      5.7519766  1.4302818e-05      34958.145      3.5345     -1
     1      4      259.53      324.31   Coal      0     -1      624428.81      8.1288401  1.3018041e-05      38408.236       3.521     -1
     1      5      324.31      405.26   Coal      0     -1      965310.42       24.96973  2.5867047e-05      19329.612      5.1654     -1
     1      6      405.26      506.42   Coal      0     -1      1500172.5      50.243273  3.3491665e-05      14929.088      5.0289     -1
     1      7      506.42      632.82   Coal      0     -1      2320402.8      97.506142  4.2021213e-05      11898.752      5.3481     -1
     1      8      632.82      790.79   Coal      0     -1      3590781.3      203.06387  5.6551444e-05      8841.5073      7.3797     -1
     1      9      790.79      988.18   Coal      0     -1      5486456.9      300.86674  5.4838076e-05      9117.7524      7.7909     -1
     1     10      988.18      1234.8   Coal      0     -1      8367098.3      434.42586   5.192073e-05      9630.0649      9.7329     -1
     1     11      1234.8      1543.1   Coal      0     -1       12685013      616.87531  4.8630247e-05      10281.667      12.502     -1
     1     12      1543.1      1928.2   Coal      0     -1       19179647      873.00196  4.5517101e-05      10984.882      14.743     -1
     1     13      1928.2      2409.6   Coal      0     -1       28883869      1254.8709  4.3445389e-05      11508.701      14.616     -1
     1     14      2409.6        3011   Coal      0     -1       43210291        1816.58  4.2040448e-05      11893.308      20.454     -1
     1     15        3011      3762.6   Coal      0     -1       64113616        2609.25  4.0697283e-05      12285.832      23.065     -1
     1     16      3762.6      4701.8   Coal      0     -1       94338624        3815.55  4.0445258e-05      12362.389      26.822     -1
     1     17      4701.8      5875.5   Coal      0     -1  1.3706026e+08        5467.43  3.9890702e-05      12534.249      28.719     -1
     1     18      5875.5      7342.1   Coal      0     -1  1.9925889e+08        5764.27  2.8928546e-05      17283.966       41.78     -1
     1     19      7342.1      9174.7   Coal      0     -1  2.9471389e+08        6190.24  2.1004235e-05      23804.723       42.74     -1
     1     20      9174.7       11465   Coal      0     -1  4.3898857e+08        7357.93  1.6761097e-05      29830.983      55.356     -1
     1     21       11465       14327   Coal      0     -1    6.50783e+08        9805.99  1.5067987e-05      33182.932      59.955     -1
     1     22       14327       17903   Coal      0     -1  9.4802802e+08       14926.15  1.5744419e-05      31757.286      79.321     -1
     1     23       17903       22372   Coal      0     -1   1.323214e+09       24897.42  1.8815868e-05      26573.316      90.672     -1
     1     24       22372       27956   Coal      0     -1  1.7379488e+09       37894.69  2.1804261e-05      22931.298      98.795     -1
     1     25       27956       34934   Coal      0     -1   2.103681e+09       55012.71   2.615069e-05      19119.955      104.28     -1
     1     26       34934       43654   Coal      0     -1  2.3189421e+09       69144.82  2.9817399e-05      16768.733      113.65     -1
     1     27       43654       54551   Coal      0     -1  2.2664025e+09       79280.15  3.4980613e-05      14293.632       111.4     -1
     1     28       54551       68167   Coal      0     -1   1.950473e+09       73534.83  3.7701024e-05      13262.239      94.793     -1
     1     29       68167       85183   Coal      0     -1  1.5680713e+09       57659.23  3.6770796e-05      13597.747       81.95     -1
     1     30       85183  1.0645e+05   Coal      0     -1    1.41232e+09       29087.12  2.0595276e-05      24277.412      69.094     -1
     1     31  1.0645e+05  1.3302e+05   Coal      0     -1  1.3813575e+09       28260.44  2.0458455e-05      24439.773      67.871     -1
     1     32  1.3302e+05       1e+99   Coal      0     -1  2.8108587e+09       57080.22   2.030704e-05      24622.003       52.58     -1
     1     -1           0       1e+99  Delay     -1     -1  2.5938157e+09              0              0              0           1     -1
     1     -1           0       1e+99   LogL     -1     -1              1      -15172698      -15172698              0           1     -1
     1     -1           0       1e+99 Recomb     -1     -1           4323  1.2969005e-05  3.0000011e-09              0           1     -1
     1     -1           0       1e+99 Resamp     -1     -1  2.5938157e+09         693321  0.00026729771              0           1     -1
     0      0           0         133   Coal      0     -1      322680.87      6.5061476  2.0162793e-05      24798.152      1.3959     -1
     0      1         133       166.2   Coal      0     -1      171203.01      2.2768885  1.3299349e-05      37595.826      2.3737     -1
     0      2       166.2      207.68   Coal      0     -1      262831.69       1.984087   7.548888e-06      66234.921      2.5796     -1
     0      3      207.68      259.53   Coal      0     -1      406265.38       5.641721  1.3886787e-05      36005.448      2.6064     -1
     0      4      259.53      324.31   Coal      0     -1      627387.56      6.3519783  1.0124489e-05       49385.21      3.7354     -1
     0      5      324.31      405.26   Coal      0     -1      974721.82      17.649615  1.8107335e-05      27613.119      3.8349     -1
     0      6      405.26      506.42   Coal      0     -1      1523906.5      40.597883  2.6640666e-05        18768.3      6.1345     -1
     0      7      506.42      632.82   Coal      0     -1      2358077.1      80.896795  3.4306255e-05      14574.601      5.9698     -1
     0      8      632.82      790.79   Coal      0     -1      3629881.9      188.10095  5.1820129e-05      9648.7603      6.4318     -1
     0      9      790.79      988.18   Coal      0     -1      5539965.9      277.90129  5.0162997e-05      9967.5065       8.773     -1
     0     10      988.18      1234.8   Coal      0     -1        8441825      393.09271  4.6564897e-05      10737.702      10.003     -1
     0     11      1234.8      1543.1   Coal      0     -1       12817084      574.71996   4.484015e-05      11150.721      11.209     -1
     0     12      1543.1      1928.2   Coal      0     -1       19383796      848.45121  4.3771158e-05      11423.047      14.457     -1
     0     13      1928.2      2409.6   Coal      0     -1       29188626      1252.7704  4.2919813e-05      11649.631      15.247     -1
     0     14      2409.6        3011   Coal      0     -1       43586784        1828.53  4.1951478e-05      11918.531      19.659     -1
     0     15        3011      3762.6   Coal      0     -1       64585091        2653.43  4.1084249e-05      12170.114      24.462     -1
     0     16      3762.6      4701.8   Coal      0     -1       94890884         3874.9  4.0835324e-05      12244.301      29.163     -1
     0     17      4701.8      5875.5   Coal      0     -1  1.3749583e+08        5581.93  4.0597085e-05      12316.155      30.176     -1
     0     18      5875.5      7342.1   Coal      0     -1  2.0015353e+08        5837.74   2.916631e-05      17143.066       38.06     -1
     0     19      7342.1      9174.7   Coal      0     -1  2.9497146e+08         6153.5   2.086134e-05       23967.78      47.127     -1
     0     20      9174.7       11465   Coal      0     -1  4.3930551e+08        7207.64  1.6406896e-05       30474.99      54.445     -1
     0     21       11465       14327   Coal      0     -1  6.5253532e+08        9507.45  1.4570016e-05      34317.053      63.443     -1
     0     22       14327       17903   Coal      0     -1  9.5198542e+08       14481.83  1.5212239e-05      32868.271      76.645     -1
     0     23       17903       22372   Coal      0     -1  1.3330619e+09       24270.21  1.8206363e-05      27462.926       89.46     -1
     0     24       22372       27956   Coal      0     -1  1.7637496e+09       37359.84  2.1182054e-05      23604.887      108.36     -1
     0     25       27956       34934   Coal      0     -1  2.1374062e+09       54711.92  2.5597343e-05      19533.277      106.14     -1
     0     26       34934       43654   Coal      0     -1  2.3566516e+09       69540.47  2.9508167e-05      16944.461      111.17     -1
     0     27       43654       54551   Coal      0     -1  2.3040786e+09       80579.35  3.4972483e-05      14296.954      111.35     -1
     0     28       54551       68167   Coal      0     -1  1.9726024e+09       75011.07  3.8026452e-05      13148.742      95.626     -1
     0     29       68167       85183   Coal      0     -1   1.558773e+09       58537.68  3.7553691e-05      13314.271      79.784     -1
     0     30       85183  1.0645e+05   Coal      0     -1  1.3919528e+09       29484.43  2.1182061e-05       23604.88       68.16     -1
     0     31  1.0645e+05  1.3302e+05   Coal      0     -1  1.3394474e+09       28264.15  2.1101352e-05      23695.165      66.577     -1
     0     32  1.3302e+05       1e+99   Coal      0     -1  2.6251195e+09       55145.44   2.100683e-05      23801.783      53.231     -1
     0     -1           0       1e+99  Delay     -1     -1  2.5938157e+09              0              0              0           1     -1
     0     -1           0       1e+99   LogL     -1     -1              1      -15173280      -15173280              0           1     -1
     0     -1           0       1e+99 Recomb     -1     -1           4323  1.2969005e-05  3.0000011e-09              0           1     -1
     0     -1           0       1e+99 Resamp     -1     -1  2.5938157e+09         689228  0.00026571972              0           1     -1
