  Iter  Epoch       Start         End   Type   From     To            Opp          Count           Rate             Ne         ESS  Clump
    10      0           0         133   Coal      0     -1      281939.46      130.18118  0.00046173452      1082.8733      1.3161     -1
    10      1         133       166.2   Coal      0     -1      148958.19      15.773901  0.00010589482      4721.6661       2.325     -1
    10      2       166.2      207.68   Coal      0     -1      231113.83      6.0621097  2.6229974e-05      19062.162      2.5242     -1
    10      3      207.68      259.53   Coal      0     -1      363214.67      22.761374  6.2666449e-05      7978.7511      3.0397     -1
    10      4      259.53      324.31   Coal      0     -1      567489.15       52.04102  9.1703992e-05      5452.3254      3.6856     -1
    10      5      324.31      405.26   Coal      0     -1      880207.24      73.187426  8.3147948e-05      6013.3775      4.2992     -1
    10      6      405.26      506.42   Coal      0     -1      1359035.1      136.10536  0.00010014853      4992.5848      4.3451     -1
    10      7      506.42      632.82   Coal      0     -1      2074488.8       188.4564  9.0844744e-05      5503.8958      6.8839     -1
    10      8      632.82      790.79   Coal      0     -1      3133737.4      457.35353  0.00014594507      3425.9464      6.9229     -1
    10      9      790.79      988.18   Coal      0     -1      4709009.5      457.88927  9.7236856e-05      5142.0832      8.5615     -1
    10     10      988.18      1234.8   Coal      0     -1      7166120.4      470.98441  6.5723764e-05      7607.5984      10.263     -1
    10     11      1234.8      1543.1   Coal      0     -1       10991604      467.93509  4.2572046e-05      11744.796      11.876     -1
    10     12      1543.1      1928.2   Coal      0     -1       16888054       571.8731  3.3862582e-05       14765.56      14.494     -1
    10     13      1928.2      2409.6   Coal      0     -1       25946145      692.66146  2.6696122e-05      18729.312      17.248     -1
    10     14      2409.6        3011   Coal      0     -1       39901732      903.11934  2.2633588e-05      22091.063      21.702     -1
    10     15        3011      3762.6   Coal      0     -1       60999499      1403.2699  2.3004614e-05       21734.77      22.652     -1
    10     16      3762.6      4701.8   Coal      0     -1       92573307      2104.4335  2.2732617e-05      21994.828          27     -1
    10     17      4701.8      5875.5   Coal      0     -1  1.3882757e+08      3581.1528  2.5795688e-05      19383.084      33.244     -1
    10     18      5875.5      7342.1   Coal      0     -1  2.0654672e+08      4482.8246  2.1703683e-05      23037.565       39.09     -1
    10     19      7342.1      9174.7   Coal      0     -1  3.0591182e+08        5722.11  1.8705096e-05      26730.684      47.247     -1
    10     20      9174.7       11465   Coal      0     -1  4.5248189e+08      7843.5832  1.7334579e-05       28844.08      55.695     -1
    10     21       11465       14327   Coal      0     -1  6.6065985e+08      11355.755  1.7188505e-05      29089.208      66.658     -1
    10     22       14327       17903   Coal      0     -1  9.3859319e+08      17988.652  1.9165547e-05      26088.481      77.812     -1
    10     23       17903       22372   Coal      0     -1  1.2667892e+09      29443.877  2.3242918e-05      21511.929      83.868     -1
    10     24       22372       27956   Coal      0     -1  1.6040807e+09      41922.954   2.613519e-05      19131.294      97.165     -1
    10     25       27956       34934   Coal      0     -1  1.8817921e+09      56039.771  2.9780002e-05      16789.791      105.89     -1
    10     26       34934       43654   Coal      0     -1  2.0309172e+09      65054.204  3.2031933e-05      15609.423      109.03     -1
    10     27       43654       54551   Coal      0     -1  1.9980945e+09      70338.462  3.5202771e-05      14203.427      106.43     -1
    10     28       54551       68167   Coal      0     -1  1.7573498e+09      64562.351  3.6738475e-05       13609.71      88.696     -1
    10     29       68167       85183   Coal      0     -1  1.4792559e+09      49773.507  3.3647664e-05      14859.872      78.285     -1
    10     30       85183  1.0645e+05   Coal      0     -1   1.418017e+09      26057.883  1.8376284e-05      27208.983      71.361     -1
    10     31  1.0645e+05  1.3302e+05   Coal      0     -1  1.4641916e+09      25893.641  1.7684599e-05      28273.188      70.247     -1
    10     32  1.3302e+05       1e+99   Coal      0     -1  3.6753314e+09      63138.005   1.717886e-05       29105.54      54.611     -1
    10     -1           0       1e+99  Delay     -1     -1  2.5863037e+09              0              0              0           1     -1
    10     -1           0       1e+99   LogL     -1     -1              1      -14627702      -14627702              0           1     -1
    10     -1           0       1e+99 Recomb     -1     -1           4884  1.4652005e-05   3.000001e-09              0           1     -1
    10     -1           0       1e+99 Resamp     -1     -1  2.5863037e+09         687433  0.00026579748              0           1     -1
     9      0           0         133   Coal      0     -1      294722.41      133.20798  0.00045197777      1106.2491      1.3357     -1
     9      1         133       166.2   Coal      0     -1      155047.68      11.315249  7.2979157e-05      6851.2713      2.1302     -1
     9      2       166.2      207.68   Coal      0     -1      242135.33      7.2985819  3.0142573e-05      16587.834      2.1348     -1
     9      3      207.68      259.53   Coal      0     -1      372016.99      28.744325  7.7266162e-05      6471.1381      2.8033     -1
     9      4      259.53      324.31   Coal      0     -1      572525.41      52.284645  9.1322837e-05      5475.0818      3.5847     -1
     9      5      324.31      405.26   Coal      0     -1      882781.96      74.933504  8.4883366e-05      5890.4356      3.7932     -1
     9      6      405.26      506.42   Coal      0     -1      1360907.2      127.38669   9.360425e-05      5341.6378      4.5296     -1
     9      7      506.42      632.82   Coal      0     -1      2080719.7      183.14722  8.8021092e-05      5680.4567      5.8524     -1
     9      8      632.82      790.79   Coal      0     -1      3147374.6      451.13197  0.00014333596      3488.3081      7.8113     -1
     9      9      790.79      988.18   Coal      0     -1      4741820.4       440.1399  9.2820873e-05      5386.7194      8.5446     -1
     9     10      988.18      1234.8   Coal      0     -1      7194107.5      472.60801  6.5693765e-05      7611.0723      10.042     -1
     9     11      1234.8      1543.1   Coal      0     -1       10999597      464.47891  4.2226901e-05      11840.793      11.788     -1
     9     12      1543.1      1928.2   Coal      0     -1       16926138      573.57261  3.3886798e-05      14755.009      13.909     -1
     9     13      1928.2      2409.6   Coal      0     -1       25999217      705.01704  2.7116857e-05      18438.715      16.891     -1
     9     14      2409.6        3011   Coal      0     -1       39952275      924.78224  2.3147174e-05      21600.909      21.263     -1
     9     15        3011      3762.6   Coal      0     -1       61009825      1439.0993  2.3587993e-05      21197.225      23.245     -1
     9     16      3762.6      4701.8   Coal      0     -1       92633021      2151.8324  2.3229647e-05      21524.218      26.546     -1
     9     17      4701.8      5875.5   Coal      0     -1  1.3867241e+08      3657.1234  2.6372395e-05      18959.219      33.379     -1
     9     18      5875.5      7342.1   Coal      0     -1  2.0611616e+08      4533.3045  2.1993931e-05      22733.544      38.981     -1
     9     19      7342.1      9174.7   Coal      0     -1  3.0502817e+08      5764.4498   1.889809e-05        26457.7      46.367     -1
     9     20      9174.7       11465   Coal      0     -1  4.5129697e+08       7801.065  1.7285879e-05      28925.344      58.004     -1
     9     21       11465       14327   Coal      0     -1  6.5952321e+08      11257.054  1.7068473e-05      29293.775      71.233     -1
     9     22       14327       17903   Coal      0     -1   9.374427e+08       17773.46  1.8959516e-05      26371.981      73.498     -1
     9     23       17903       22372   Coal      0     -1  1.2688127e+09       29096.16  2.2931801e-05      21803.783      86.806     -1
     9     24       22372       27956   Coal      0     -1  1.6091609e+09      41617.664  2.5862959e-05      19332.668      95.982     -1
     9     25       27956       34934   Coal      0     -1  1.8915346e+09      55927.674  2.9567354e-05      16910.542      105.74     -1
     9     26       34934       43654   Coal      0     -1  2.0420235e+09      65284.255  3.1970373e-05       15639.48      107.43     -1
     9     27       43654       54551   Coal      0     -1  2.0074541e+09      70833.911  3.5285444e-05      14170.149      106.31     -1
     9     28       54551       68167   Coal      0     -1   1.763495e+09      64895.569  3.6799406e-05      13587.176      87.658     -1
     9     29       68167       85183   Coal      0     -1  1.4769059e+09      49987.036  3.3845782e-05       14772.89      75.584     -1
     9     30       85183  1.0645e+05   Coal      0     -1  1.4121347e+09      26114.262  1.8492755e-05      27037.615      67.904     -1
     9     31  1.0645e+05  1.3302e+05   Coal      0     -1  1.4511485e+09       25892.13  1.7842508e-05      28022.966      66.481     -1
     9     32  1.3302e+05       1e+99   Coal      0     -1  3.6068753e+09      62597.665  1.7355095e-05      28809.983      52.148     -1
     9     -1           0       1e+99  Delay     -1     -1  2.5863037e+09              0              0              0           1     -1
     9     -1           0       1e+99   LogL     -1     -1              1      -14627523      -14627523              0           1     -1
     9     -1           0       1e+99 Recomb     -1     -1           4884  1.4652005e-05   3.000001e-09              0           1     -1
     9     -1           0       1e+99 Resamp     -1     -1  2.5863037e+09         687217  0.00026571396              0           1     -1
     8      0           0         133   Coal      0     -1      286610.77      142.13128  0.00049590349      1008.2607      1.3634     -1
     8      1         133       166.2   Coal      0     -1      150851.31       12.32201  8.1683152e-05      6121.2134      2.0174     -1
     8      2       166.2      207.68   Coal      0     -1      235134.34      6.5290396  2.7767274e-05      18006.809      2.6314     -1
     8      3      207.68      259.53   Coal      0     -1      366556.46      30.195575  8.2376328e-05      6069.7049       2.986     -1
     8      4      259.53      324.31   Coal      0     -1      570393.47      52.638927   9.228529e-05      5417.9815      3.6618     -1
     8      5      324.31      405.26   Coal      0     -1      880112.28      72.081054  8.1899839e-05      6105.0181      3.7965     -1
     8      6      405.26      506.42   Coal      0     -1      1358482.1      125.33017  9.2257508e-05      5419.6131      4.9456     -1
     8      7      506.42      632.82   Coal      0     -1      2082277.4      190.54958  9.1510179e-05       5463.873      5.8855     -1
     8      8      632.82      790.79   Coal      0     -1      3161974.1      438.09397  0.00013855078      3608.7852      7.4081     -1
     8      9      790.79      988.18   Coal      0     -1      4750360.3       433.7514  9.1309157e-05       5475.902      8.5818     -1
     8     10      988.18      1234.8   Coal      0     -1      7217501.4      459.48972  6.3663268e-05      7853.8224      9.9013     -1
     8     11      1234.8      1543.1   Coal      0     -1       11028224      472.74383  4.2866722e-05       11664.06      13.171     -1
     8     12      1543.1      1928.2   Coal      0     -1       16945219      585.27979  3.4539525e-05      14476.169      13.822     -1
     8     13      1928.2      2409.6   Coal      0     -1       26001458      724.88383  2.7878584e-05      17934.914      17.221     -1
     8     14      2409.6        3011   Coal      0     -1       39928393      940.60065  2.3557188e-05      21224.944      20.252     -1
     8     15        3011      3762.6   Coal      0     -1       60937025      1466.4725  2.4065376e-05      20776.737      23.884     -1
     8     16      3762.6      4701.8   Coal      0     -1       92365754      2214.6429  2.3976884e-05      20853.419      27.185     -1
     8     17      4701.8      5875.5   Coal      0     -1  1.3818064e+08      3738.6736  2.7056421e-05      18479.902      32.996     -1
     8     18      5875.5      7342.1   Coal      0     -1  2.0525267e+08       4629.936  2.2557251e-05      22165.821      37.631     -1
     8     19      7342.1      9174.7   Coal      0     -1  3.0388491e+08      5784.9306  1.9036584e-05      26265.217      45.348     -1
     8     20      9174.7       11465   Coal      0     -1  4.4998315e+08      7771.8441  1.7271411e-05      28949.574      57.842     -1
     8     21       11465       14327   Coal      0     -1  6.5827499e+08      11151.945  1.6941165e-05      29513.909      68.795     -1
     8     22       14327       17903   Coal      0     -1  9.3718592e+08      17519.479  1.8693707e-05       26746.97      73.194     -1
     8     23       17903       22372   Coal      0     -1  1.2712446e+09       28759.28  2.2622932e-05      22101.467      85.494     -1
     8     24       22372       27956   Coal      0     -1   1.616754e+09      41335.556  2.5567004e-05      19556.457      96.206     -1
     8     25       27956       34934   Coal      0     -1   1.904115e+09      55881.688  2.9347854e-05      17037.021      104.64     -1
     8     26       34934       43654   Coal      0     -1  2.0559851e+09      65516.609  3.1866285e-05      15690.564      107.01     -1
     8     27       43654       54551   Coal      0     -1  2.0181922e+09      71369.662  3.5363165e-05      14139.006      105.52     -1
     8     28       54551       68167   Coal      0     -1  1.7673822e+09      65250.669  3.6919388e-05       13543.02      86.062     -1
     8     29       68167       85183   Coal      0     -1  1.4732308e+09      50231.285  3.4096004e-05      14664.475      74.328     -1
     8     30       85183  1.0645e+05   Coal      0     -1  1.4042896e+09      26189.013  1.8649297e-05      26810.662      68.242     -1
     8     31  1.0645e+05  1.3302e+05   Coal      0     -1  1.4377533e+09      25918.647  1.8027187e-05      27735.886      66.355     -1
     8     32  1.3302e+05       1e+99   Coal      0     -1  3.5214462e+09      61874.577  1.7570786e-05      28456.326      52.171     -1
     8     -1           0       1e+99  Delay     -1     -1  2.5863037e+09              0              0              0           1     -1
     8     -1           0       1e+99   LogL     -1     -1              1      -14627569      -14627569              0           1     -1
     8     -1           0       1e+99 Recomb     -1     -1           4884  1.4652005e-05   3.000001e-09              0           1     -1
     8     -1           0       1e+99 Resamp     -1     -1  2.5863037e+09         685743  0.00026514404              0           1     -1
     7      0           0         133   Coal      0     -1      288832.55      139.70361  0.00048368374      1033.7333      1.3815     -1
     7      1         133       166.2   Coal      0     -1      152623.69      14.627874  9.5842752e-05      5216.8786      2.1839     -1
     7      2       166.2      207.68   Coal      0     -1      237987.87      7.6505945  3.2146993e-05      15553.554      2.6284     -1
     7      3      207.68      259.53   Coal      0     -1      369860.85      30.092901  8.1362763e-05      6145.3173       3.051     -1
     7      4      259.53      324.31   Coal      0     -1      569419.44      61.007407  0.00010713966      4666.8058      3.8348     -1
     7      5      324.31      405.26   Coal      0     -1      882942.63       65.63088  7.4331987e-05      6726.5793      3.9273     -1
     7      6      405.26      506.42   Coal      0     -1      1359802.2      116.37568  8.5582799e-05      5842.2955      4.7865     -1
     7      7      506.42      632.82   Coal      0     -1      2092819.4      184.55027  8.8182604e-05      5670.0526      6.1819     -1
     7      8      632.82      790.79   Coal      0     -1      3155114.3      416.74285  0.00013208487       3785.445      7.1694     -1
     7      9      790.79      988.18   Coal      0     -1      4764729.9      409.78127  8.6003043e-05      5813.7478       8.478     -1
     7     10      988.18      1234.8   Coal      0     -1      7244983.7      453.87512   6.264681e-05      7981.2524      10.181     -1
     7     11      1234.8      1543.1   Coal      0     -1       11035087      483.77136  4.3839381e-05      11405.271       13.34     -1
     7     12      1543.1      1928.2   Coal      0     -1       16926455      590.12133  3.4863847e-05      14341.504       14.45     -1
     7     13      1928.2      2409.6   Coal      0     -1       25990487        738.432  2.8411626e-05      17598.429      17.594     -1
     7     14      2409.6        3011   Coal      0     -1       39907855      972.23052  2.4361884e-05      20523.865      20.715     -1
     7     15        3011      3762.6   Coal      0     -1       60890542      1520.7943  2.4975871e-05      20019.322      23.286     -1
     7     16      3762.6      4701.8   Coal      0     -1       92199518      2312.7885  2.5084605e-05      19932.544      28.928     -1
     7     17      4701.8      5875.5   Coal      0     -1  1.3783728e+08       3841.137  2.7867185e-05       17942.25      35.142     -1
     7     18      5875.5      7342.1   Coal      0     -1   2.043555e+08      4684.9719  2.2925597e-05      21809.683      39.705     -1
     7     19      7342.1      9174.7   Coal      0     -1  3.0237654e+08       5808.694  1.9210134e-05      26027.928      46.321     -1
     7     20      9174.7       11465   Coal      0     -1  4.4823336e+08      7713.6836   1.720908e-05       29054.43      60.668     -1
     7     21       11465       14327   Coal      0     -1  6.5648029e+08      11020.962  1.6787955e-05      29783.258      70.358     -1
     7     22       14327       17903   Coal      0     -1    9.36457e+08      17240.607  1.8410463e-05       27158.47      74.369     -1
     7     23       17903       22372   Coal      0     -1   1.273893e+09      28372.479  2.2272263e-05      22449.448      87.867     -1
     7     24       22372       27956   Coal      0     -1  1.6248141e+09      40956.176  2.5206684e-05      19836.009       98.73     -1
     7     25       27956       34934   Coal      0     -1  1.9166339e+09      55787.035  2.9106777e-05       17178.13      108.95     -1
     7     26       34934       43654   Coal      0     -1  2.0711854e+09      65758.072  3.1749004e-05      15748.526      111.05     -1
     7     27       43654       54551   Coal      0     -1  2.0283441e+09      71910.523  3.5452822e-05       14103.25      108.49     -1
     7     28       54551       68167   Coal      0     -1  1.7723724e+09      65698.072  3.7067872e-05       13488.77      89.717     -1
     7     29       68167       85183   Coal      0     -1  1.4704923e+09      50521.873  3.4357115e-05      14553.026       77.21     -1
     7     30       85183  1.0645e+05   Coal      0     -1  1.3936464e+09      26241.536  1.8829408e-05      26554.208      69.985     -1
     7     31  1.0645e+05  1.3302e+05   Coal      0     -1  1.4249792e+09      25996.297  1.8243282e-05      27407.349      68.992     -1
     7     32  1.3302e+05       1e+99   Coal      0     -1  3.4124957e+09      60822.119  1.7823354e-05      28053.081      52.699     -1
     7     -1           0       1e+99  Delay     -1     -1  2.5863037e+09              0              0              0           1     -1
     7     -1           0       1e+99   LogL     -1     -1              1      -14627728      -14627728              0           1     -1
     7     -1           0       1e+99 Recomb     -1     -1           4884  1.4652005e-05   3.000001e-09              0           1     -1
     7     -1           0       1e+99 Resamp     -1     -1  2.5863037e+09         684648  0.00026472066              0           1     -1
     6      0           0         133   Coal      0     -1      292632.55      147.73926   0.0005048627      990.36828       1.355     -1
     6      1         133       166.2   Coal      0     -1      152153.77      11.510248  7.5648788e-05      6609.4913      2.2015     -1
     6      2       166.2      207.68   Coal      0     -1       237496.6      6.6002457  2.7790906e-05      17991.497      2.5149     -1
     6      3      207.68      259.53   Coal      0     -1      368651.47       25.51309  6.9206534e-05      7224.7514      3.2197     -1
     6      4      259.53      324.31   Coal      0     -1      571423.71      54.307001  9.5038061e-05      5261.0501      3.3418     -1
     6      5      324.31      405.26   Coal      0     -1      882152.34      62.423494  7.0762714e-05      7065.8681      4.1507     -1
     6      6      405.26      506.42   Coal      0     -1      1361571.2      110.72025  8.1318007e-05      6148.6996      4.2324     -1
     6      7      506.42      632.82   Coal      0     -1      2093375.6      172.01642  8.2171789e-05      6084.8133      6.7686     -1
     6      8      632.82      790.79   Coal      0     -1      3170289.5      401.22382  0.00012655747      3950.7743      6.5611     -1
     6      9      790.79      988.18   Coal      0     -1      4789880.3      391.43621  8.1721501e-05      6118.3408      7.8882     -1
     6     10      988.18      1234.8   Coal      0     -1      7271231.8      450.80382  6.1998274e-05      8064.7406      10.626     -1
     6     11      1234.8      1543.1   Coal      0     -1       11095953      486.45213  4.3840499e-05       11404.98       12.69     -1
     6     12      1543.1      1928.2   Coal      0     -1       17015907      602.23993  3.5392761e-05      14127.183      15.773     -1
     6     13      1928.2      2409.6   Coal      0     -1       26104033      755.34861  2.8936088e-05      17279.461      16.897     -1
     6     14      2409.6        3011   Coal      0     -1       40022337      1025.0217  2.5611241e-05      19522.678      20.156     -1
     6     15        3011      3762.6   Coal      0     -1       60958685      1577.8387   2.588374e-05      19317.147      22.722     -1
     6     16      3762.6      4701.8   Coal      0     -1       92003891      2396.6163  2.6049075e-05      19194.539      26.503     -1
     6     17      4701.8      5875.5   Coal      0     -1   1.373162e+08      3939.4989  2.8689252e-05       17428.13      34.636     -1
     6     18      5875.5      7342.1   Coal      0     -1  2.0356846e+08      4755.8982  2.3362648e-05      21401.684      39.938     -1
     6     19      7342.1      9174.7   Coal      0     -1  3.0107116e+08      5832.6464  1.9372983e-05      25809.139      45.915     -1
     6     20      9174.7       11465   Coal      0     -1  4.4636125e+08      7657.7417  1.7155929e-05      29144.444      60.793     -1
     6     21       11465       14327   Coal      0     -1  6.5443918e+08       10876.04   1.661887e-05      30086.281      70.454     -1
     6     22       14327       17903   Coal      0     -1  9.3561556e+08      16931.519  1.8096662e-05      27629.404      77.281     -1
     6     23       17903       22372   Coal      0     -1  1.2754408e+09      27937.127  2.1903899e-05      22826.986      86.187     -1
     6     24       22372       27956   Coal      0     -1  1.6334486e+09      40561.694  2.4831937e-05       20135.36      100.28     -1
     6     25       27956       34934   Coal      0     -1  1.9310888e+09      55620.767  2.8802802e-05      17359.422       108.2     -1
     6     26       34934       43654   Coal      0     -1  2.0907489e+09      66053.823  3.1593379e-05      15826.101      112.66     -1
     6     27       43654       54551   Coal      0     -1  2.0431407e+09       72534.47  3.5501457e-05      14083.929         108     -1
     6     28       54551       68167   Coal      0     -1  1.7811805e+09      66246.877   3.719268e-05      13443.506      91.632     -1
     6     29       68167       85183   Coal      0     -1  1.4728102e+09      51031.296  3.4648929e-05       14430.46      78.383     -1
     6     30       85183  1.0645e+05   Coal      0     -1  1.3863883e+09      26404.607  1.9045608e-05      26252.772      70.086     -1
     6     31  1.0645e+05  1.3302e+05   Coal      0     -1  1.4116048e+09      26091.212  1.8483368e-05      27051.347      69.712     -1
     6     32  1.3302e+05       1e+99   Coal      0     -1  3.3090863e+09      59829.623  1.8080406e-05      27654.247      53.605     -1
     6     -1           0       1e+99  Delay     -1     -1  2.5863037e+09              0              0              0           1     -1
     6     -1           0       1e+99   LogL     -1     -1              1      -14627872      -14627872              0           1     -1
     6     -1           0       1e+99 Recomb     -1     -1           4884  1.4652005e-05   3.000001e-09              0           1     -1
     6     -1           0       1e+99 Resamp     -1     -1  2.5863037e+09         683367  0.00026422535              0           1     -1
     5      0           0         133   Coal      0     -1      289825.33      140.97085  0.00048639933       1027.962      1.3734     -1
     5      1         133       166.2   Coal      0     -1      150363.56      10.736112  7.1401022e-05      7002.7009      2.0532     -1
     5      2       166.2      207.68   Coal      0     -1      233058.05      7.8215192  3.3560391e-05      14898.516      2.3366     -1
     5      3      207.68      259.53   Coal      0     -1      365140.84      28.793651  7.8856287e-05      6340.6485      3.2759     -1
     5      4      259.53      324.31   Coal      0     -1       569499.7      48.550533    8.52512e-05      5865.0201         3.4     -1
     5      5      324.31      405.26   Coal      0     -1      880004.26      63.324839  7.1959696e-05       6948.334      4.1998     -1
     5      6      405.26      506.42   Coal      0     -1      1363967.5      100.67584   7.381103e-05      6774.0553      4.7384     -1
     5      7      506.42      632.82   Coal      0     -1      2095174.6      161.31179  7.6992054e-05      6494.1767      5.1727     -1
     5      8      632.82      790.79   Coal      0     -1        3171269      377.04208  0.00011889313      4205.4576      6.8202     -1
     5      9      790.79      988.18   Coal      0     -1      4787988.4      376.32092  7.8596875e-05      6361.5761      7.9346     -1
     5     10      988.18      1234.8   Coal      0     -1      7286284.3      436.42273  5.9896473e-05      8347.7369      10.219     -1
     5     11      1234.8      1543.1   Coal      0     -1       11145125      486.66317  4.3666012e-05      11450.553      13.551     -1
     5     12      1543.1      1928.2   Coal      0     -1       17074348       601.7005  3.5240028e-05      14188.411      15.224     -1
     5     13      1928.2      2409.6   Coal      0     -1       26176965      783.10616   2.991585e-05      16713.548      16.101     -1
     5     14      2409.6        3011   Coal      0     -1       40083490      1076.9207   2.686694e-05      18610.233      20.707     -1
     5     15        3011      3762.6   Coal      0     -1       60977327      1652.6644  2.7102933e-05      18448.188      21.949     -1
     5     16      3762.6      4701.8   Coal      0     -1       91868609      2501.8285  2.7232681e-05      18360.293      26.401     -1
     5     17      4701.8      5875.5   Coal      0     -1  1.3670596e+08      4068.9446  2.9764207e-05      16798.701      33.391     -1
     5     18      5875.5      7342.1   Coal      0     -1  2.0214288e+08      4841.9638  2.3953175e-05      20874.059      37.223     -1
     5     19      7342.1      9174.7   Coal      0     -1  2.9917174e+08      5838.6241  1.9515961e-05      25620.055      46.249     -1
     5     20      9174.7       11465   Coal      0     -1   4.438104e+08      7574.6588   1.706733e-05      29295.736      57.115     -1
     5     21       11465       14327   Coal      0     -1  6.5207271e+08       10703.54  1.6414642e-05       30460.61      67.393     -1
     5     22       14327       17903   Coal      0     -1  9.3503486e+08      16591.432  1.7744186e-05      28178.244      78.782     -1
     5     23       17903       22372   Coal      0     -1  1.2778342e+09      27427.444  2.1464009e-05       23294.81      82.751     -1
     5     24       22372       27956   Coal      0     -1  1.6424631e+09       40074.24  2.4398868e-05      20492.754      97.765     -1
     5     25       27956       34934   Coal      0     -1  1.9483996e+09      55441.356  2.8454818e-05      17571.717      106.32     -1
     5     26       34934       43654   Coal      0     -1  2.1133368e+09      66396.704  3.1417947e-05      15914.471       112.4     -1
     5     27       43654       54551   Coal      0     -1   2.063876e+09      73338.189  3.5534203e-05       14070.95      110.52     -1
     5     28       54551       68167   Coal      0     -1  1.7917781e+09      66941.088  3.7360144e-05      13383.246      92.457     -1
     5     29       68167       85183   Coal      0     -1  1.4749617e+09      51675.862  3.5035392e-05      14271.283      79.749     -1
     5     30       85183  1.0645e+05   Coal      0     -1  1.3750933e+09      26531.359  1.9294224e-05      25914.491      69.242     -1
     5     31  1.0645e+05  1.3302e+05   Coal      0     -1  1.3949122e+09      26185.229  1.8771955e-05      26635.479      70.244     -1
     5     32  1.3302e+05       1e+99   Coal      0     -1  3.2082481e+09      58982.911  1.8384772e-05      27196.421       53.61     -1
     5     -1           0       1e+99  Delay     -1     -1  2.5863037e+09              0              0              0           1     -1
     5     -1           0       1e+99   LogL     -1     -1              1      -14628096      -14628096              0           1     -1
     5     -1           0       1e+99 Recomb     -1     -1           4884  1.4652005e-05   3.000001e-09              0           1     -1
     5     -1           0       1e+99 Resamp     -1     -1  2.5863037e+09         681813   0.0002636245              0           1     -1
     4      0           0         133   Coal      0     -1      293546.05      121.59477  0.00041422725      1207.0669       1.367     -1
     4      1         133       166.2   Coal      0     -1      152738.82      11.266503   7.376319e-05      6778.4487      2.0638     -1
     4      2       166.2      207.68   Coal      0     -1      237079.47      7.8505232  3.3113467e-05      15099.597       2.424     -1
     4      3      207.68      259.53   Coal      0     -1      369820.72      30.132402  8.1478404e-05      6136.5954      2.8207     -1
     4      4      259.53      324.31   Coal      0     -1      572850.29      46.956316  8.1969612e-05      6099.8215      3.3294     -1
     4      5      324.31      405.26   Coal      0     -1      883297.18      57.813461   6.545188e-05         7639.2      4.7806     -1
     4      6      405.26      506.42   Coal      0     -1      1365498.2        93.5926  6.8540993e-05      7294.9046      4.9123     -1
     4      7      506.42      632.82   Coal      0     -1      2107090.4      157.83499  7.4906609e-05      6674.9785      5.9183     -1
     4      8      632.82      790.79   Coal      0     -1      3195815.2      353.60486  0.00011064622      4518.9073      7.0125     -1
     4      9      790.79      988.18   Coal      0     -1      4831226.9      352.95316  7.3056631e-05      6844.0057      8.6642     -1
     4     10      988.18      1234.8   Coal      0     -1      7357652.1       411.4706  5.5924171e-05      8940.6778       8.915     -1
     4     11      1234.8      1543.1   Coal      0     -1       11236260      491.67646  4.3758017e-05      11426.478      11.214     -1
     4     12      1543.1      1928.2   Coal      0     -1       17148601      628.36364  3.6642268e-05      13645.443      15.893     -1
     4     13      1928.2      2409.6   Coal      0     -1       26225386      815.73332  3.1104721e-05       16074.73      17.533     -1
     4     14      2409.6        3011   Coal      0     -1       40048509      1131.0717  2.8242542e-05      17703.789      19.266     -1
     4     15        3011      3762.6   Coal      0     -1       60853779      1728.4191  2.8402823e-05      17603.884      21.041     -1
     4     16      3762.6      4701.8   Coal      0     -1       91392126       2626.142  2.8734883e-05      17400.454      27.541     -1
     4     17      4701.8      5875.5   Coal      0     -1  1.3573936e+08      4205.2206  3.0980112e-05      16139.386      33.253     -1
     4     18      5875.5      7342.1   Coal      0     -1  2.0058134e+08       4929.973  2.4578422e-05      20343.047      37.375     -1
     4     19      7342.1      9174.7   Coal      0     -1  2.9714564e+08      5843.1544  1.9664278e-05      25426.817      50.299     -1
     4     20      9174.7       11465   Coal      0     -1  4.4103905e+08       7491.668  1.6986405e-05      29435.304      53.497     -1
     4     21       11465       14327   Coal      0     -1  6.4973122e+08      10495.069  1.6152939e-05      30954.119      67.473     -1
     4     22       14327       17903   Coal      0     -1   9.339672e+08      16204.334  1.7350003e-05      28818.439      75.722     -1
     4     23       17903       22372   Coal      0     -1  1.2826085e+09      26857.606  2.0939832e-05      23877.938       85.62     -1
     4     24       22372       27956   Coal      0     -1   1.653952e+09      39553.964  2.3914821e-05      20907.537      98.151     -1
     4     25       27956       34934   Coal      0     -1  1.9680154e+09       55223.28  2.8060391e-05      17818.711      105.86     -1
     4     26       34934       43654   Coal      0     -1  2.1342296e+09      66569.246   3.119123e-05      16030.147      108.13     -1
     4     27       43654       54551   Coal      0     -1  2.0862284e+09      74161.967  3.5548345e-05      14065.353      110.92     -1
     4     28       54551       68167   Coal      0     -1  1.8049731e+09      67767.688  3.7544986e-05      13317.357      93.095     -1
     4     29       68167       85183   Coal      0     -1  1.4727753e+09      52253.172  3.5479392e-05      14092.688      78.664     -1
     4     30       85183  1.0645e+05   Coal      0     -1  1.3599848e+09      26636.023   1.958553e-05      25529.051      68.243     -1
     4     31  1.0645e+05  1.3302e+05   Coal      0     -1  1.3724094e+09       26234.46  1.9115623e-05      26156.616      69.384     -1
     4     32  1.3302e+05       1e+99   Coal      0     -1  3.0820108e+09      57838.639  1.8766527e-05      26643.183      54.045     -1
     4     -1           0       1e+99  Delay     -1     -1  2.5863037e+09              0              0              0           1     -1
     4     -1           0       1e+99   LogL     -1     -1              1      -14628252      -14628252              0           1     -1
     4     -1           0       1e+99 Recomb     -1     -1           4884  1.4652005e-05   3.000001e-09              0           1     -1
     4     -1           0       1e+99 Resamp     -1     -1  2.5863037e+09         678311  0.00026227044              0           1     -1
     3      0           0         133   Coal      0     -1      301679.77      111.71394  0.00037030637      1350.2333      1.3769     -1
     3      1         133       166.2   Coal      0     -1      156520.99      10.150361  6.4849839e-05      7710.1193      2.2921     -1
     3      2       166.2      207.68   Coal      0     -1      243379.22      9.3071428  3.8241321e-05      13074.862      2.3544     -1
     3      3      207.68      259.53   Coal      0     -1      378397.95      26.236743  6.9336376e-05       7211.222       2.759     -1
     3      4      259.53      324.31   Coal      0     -1      585979.57      39.938267  6.8156416e-05      7336.0665      3.8307     -1
     3      5      324.31      405.26   Coal      0     -1      899675.63      55.694804  6.1905427e-05      8076.8363      4.1251     -1
     3      6      405.26      506.42   Coal      0     -1      1384840.3      83.683004  6.0427909e-05      8274.3223      5.1538     -1
     3      7      506.42      632.82   Coal      0     -1      2122298.1      143.21924  6.7483092e-05      7409.2634      5.9161     -1
     3      8      632.82      790.79   Coal      0     -1      3215489.8      317.79891  9.8833747e-05      5059.0007      7.3738     -1
     3      9      790.79      988.18   Coal      0     -1      4866473.6      349.61911  7.1842393e-05      6959.6791      8.4942     -1
     3     10      988.18      1234.8   Coal      0     -1        7397305      397.38035  5.3719612e-05      9307.5877      11.086     -1
     3     11      1234.8      1543.1   Coal      0     -1       11294070      495.64513  4.3885432e-05      11393.302      11.792     -1
     3     12      1543.1      1928.2   Coal      0     -1       17272563      639.79911  3.7041354e-05      13498.427      15.422     -1
     3     13      1928.2      2409.6   Coal      0     -1       26377747      859.00323  3.2565451e-05      15353.695      17.793     -1
     3     14      2409.6        3011   Coal      0     -1       40177543       1209.761  3.0110378e-05       16605.57      20.374     -1
     3     15        3011      3762.6   Coal      0     -1       60772041      1829.5432  3.0105014e-05      16608.529      22.835     -1
     3     16      3762.6      4701.8   Coal      0     -1       91097567      2778.1436  3.0496354e-05      16395.403      25.511     -1
     3     17      4701.8      5875.5   Coal      0     -1  1.3501433e+08      4358.2327   3.227978e-05      15489.573      32.648     -1
     3     18      5875.5      7342.1   Coal      0     -1  1.9931514e+08      5031.8649  2.5245774e-05      19805.295      38.833     -1
     3     19      7342.1      9174.7   Coal      0     -1   2.950787e+08      5850.5944  1.9827234e-05      25217.839      47.522     -1
     3     20      9174.7       11465   Coal      0     -1  4.3892593e+08       7402.725  1.6865545e-05       29646.24      56.817     -1
     3     21       11465       14327   Coal      0     -1  6.4727494e+08      10242.535  1.5824088e-05      31597.398      68.935     -1
     3     22       14327       17903   Coal      0     -1  9.3372001e+08      15772.746  1.6892372e-05      29599.159      80.086     -1
     3     23       17903       22372   Coal      0     -1  1.2870203e+09       26245.59  2.0392522e-05      24518.792      90.504     -1
     3     24       22372       27956   Coal      0     -1  1.6669622e+09      38956.231  2.3369595e-05      21395.321      101.41     -1
     3     25       27956       34934   Coal      0     -1    1.99221e+09       54994.38   2.760471e-05      18112.851      109.65     -1
     3     26       34934       43654   Coal      0     -1  2.1646149e+09      66867.164  3.0891021e-05      16185.933      111.61     -1
     3     27       43654       54551   Coal      0     -1  2.1076046e+09      74900.149  3.5538045e-05      14069.429      111.18     -1
     3     28       54551       68167   Coal      0     -1  1.8187651e+09      68584.259  3.7709245e-05      13259.348      95.758     -1
     3     29       68167       85183   Coal      0     -1  1.4740868e+09      53022.738  3.5969889e-05      13900.516      81.091     -1
     3     30       85183  1.0645e+05   Coal      0     -1  1.3485375e+09      26866.956  1.9923032e-05      25096.581      70.368     -1
     3     31  1.0645e+05  1.3302e+05   Coal      0     -1  1.3472888e+09      26316.507  1.9532937e-05      25597.789      69.589     -1
     3     32  1.3302e+05       1e+99   Coal      0     -1  2.9319845e+09      56321.575   1.920937e-05      26028.964       51.06     -1
     3     -1           0       1e+99  Delay     -1     -1  2.5863037e+09              0              0              0           1     -1
     3     -1           0       1e+99   LogL     -1     -1              1      -14628568      -14628568              0           1     -1
     3     -1           0       1e+99 Recomb     -1     -1           4884  1.4652005e-05   3.000001e-09              0           1     -1
     3     -1           0       1e+99 Resamp     -1     -1  2.5863037e+09         673261  0.00026031785              0           1     -1
     2      0           0         133   Coal      0     -1      293235.09      82.289786  0.00028062735      1781.7223      1.4667     -1
     2      1         133       166.2   Coal      0     -1      154057.45       9.925171  6.4425129e-05      7760.9469      2.4939     -1
     2      2       166.2      207.68   Coal      0     -1      240699.39      5.0280374  2.0889282e-05       23935.72      2.7231     -1
     2      3      207.68      259.53   Coal      0     -1      374686.01      19.088566  5.0945499e-05      9814.4098      2.9243     -1
     2      4      259.53      324.31   Coal      0     -1      577613.32      27.905589  4.8311887e-05       10349.42      3.3514     -1
     2      5      324.31      405.26   Coal      0     -1      894446.13      43.620272  4.8767914e-05      10252.643      4.2973     -1
     2      6      405.26      506.42   Coal      0     -1      1382772.9      73.684175  5.3287256e-05      9383.1065       4.531     -1
     2      7      506.42      632.82   Coal      0     -1      2121804.8      122.52946   5.774775e-05      8658.3459      6.4404     -1
     2      8      632.82      790.79   Coal      0     -1      3232537.6      298.26786    9.22705e-05        5418.85       7.226     -1
     2      9      790.79      988.18   Coal      0     -1      4893576.2      330.25984  6.7488444e-05      7408.6758      9.1726     -1
     2     10      988.18      1234.8   Coal      0     -1      7453473.2      386.90105  5.1908827e-05      9632.2732      9.8396     -1
     2     11      1234.8      1543.1   Coal      0     -1       11394527      492.32611  4.3207244e-05      11572.133      13.198     -1
     2     12      1543.1      1928.2   Coal      0     -1       17405663        661.488  3.8004184e-05      13156.446       14.15     -1
     2     13      1928.2      2409.6   Coal      0     -1       26510096      908.91544  3.4285633e-05      14583.368      18.914     -1
     2     14      2409.6        3011   Coal      0     -1       40190576      1300.9304  3.2369041e-05      15446.859      21.365     -1
     2     15        3011      3762.6   Coal      0     -1       60586387      1951.8918  3.2216674e-05      15519.914      23.464     -1
     2     16      3762.6      4701.8   Coal      0     -1       90646566      2941.7214  3.2452651e-05      15407.062      26.072     -1
     2     17      4701.8      5875.5   Coal      0     -1   1.339887e+08      4562.3954  3.4050599e-05       14684.03      31.475     -1
     2     18      5875.5      7342.1   Coal      0     -1  1.9754247e+08      5130.3978  2.5971113e-05      19252.159      39.751     -1
     2     19      7342.1      9174.7   Coal      0     -1  2.9245125e+08       5857.278   2.002822e-05      24964.774      47.637     -1
     2     20      9174.7       11465   Coal      0     -1  4.3543641e+08      7266.1525  1.6687058e-05      29963.341      57.716     -1
     2     21       11465       14327   Coal      0     -1  6.4365066e+08      9963.9524  1.5480373e-05      32298.963      66.086     -1
     2     22       14327       17903   Coal      0     -1  9.3297474e+08      15310.133  1.6410019e-05      30469.192      83.257     -1
     2     23       17903       22372   Coal      0     -1  1.2909106e+09      25549.631  1.9791944e-05      25262.803      90.256     -1
     2     24       22372       27956   Coal      0     -1  1.6803651e+09      38285.912  2.2784283e-05      21944.952       102.6     -1
     2     25       27956       34934   Coal      0     -1   2.016447e+09      54609.073  2.7081829e-05      18462.564      109.94     -1
     2     26       34934       43654   Coal      0     -1  2.2016697e+09      67259.774  3.0549439e-05      16366.913      116.29     -1
     2     27       43654       54551   Coal      0     -1  2.1347948e+09       75715.85  3.5467508e-05       14097.41      109.68     -1
     2     28       54551       68167   Coal      0     -1   1.840073e+09      69705.599  3.7881976e-05      13198.889      94.681     -1
     2     29       68167       85183   Coal      0     -1   1.476294e+09      53873.335  3.6492282e-05      13701.527       78.39     -1
     2     30       85183  1.0645e+05   Coal      0     -1  1.3425901e+09      27263.503  2.0306647e-05       24622.48      68.157     -1
     2     31  1.0645e+05  1.3302e+05   Coal      0     -1  1.3238164e+09      26473.522  1.9997881e-05      25002.649      67.723     -1
     2     32  1.3302e+05       1e+99   Coal      0     -1  2.7758879e+09      54771.867  1.9731296e-05      25340.454      49.225     -1
     2     -1           0       1e+99  Delay     -1     -1  2.5863037e+09              0              0              0           1     -1
     2     -1           0       1e+99   LogL     -1     -1              1      -14628860      -14628860              0           1     -1
     2     -1           0       1e+99 Recomb     -1     -1           4884  1.4652005e-05   3.000001e-09              0           1     -1
     2     -1           0       1e+99 Resamp     -1     -1  2.5863037e+09         667661  0.00025815259              0           1     -1
     1      0           0         133   Coal      0     -1      288937.33      56.047947   0.0001939796      2577.5907      1.5629     -1
     1      1         133       166.2   Coal      0     -1      154533.86      10.441785  6.7569559e-05      7399.7819      2.2272     -1
     1      2       166.2      207.68   Coal      0     -1      243653.85      4.7120158  1.9338975e-05      25854.524      2.7553     -1
     1      3      207.68      259.53   Coal      0     -1      377001.95       16.10187   4.271031e-05      11706.775      3.0564     -1
     1      4      259.53      324.31   Coal      0     -1      581429.19      20.513912  3.5281874e-05      14171.583      3.2559     -1
     1      5      324.31      405.26   Coal      0     -1       895784.3      35.557852  3.9694658e-05      12596.153      4.7276     -1
     1      6      405.26      506.42   Coal      0     -1      1385960.6      57.221132  4.1286263e-05      12110.566      5.1199     -1
     1      7      506.42      632.82   Coal      0     -1      2144605.8      103.37794  4.8203704e-05      10372.647      6.0097     -1
     1      8      632.82      790.79   Coal      0     -1      3272907.3      253.79892  7.7545403e-05      6447.8354      7.3003     -1
     1      9      790.79      988.18   Coal      0     -1      4965748.5      298.59227  6.0130366e-05      8315.2662      8.4086     -1
     1     10      988.18      1234.8   Coal      0     -1      7575636.9      384.51094  5.0756253e-05      9851.0031      10.612     -1
     1     11      1234.8      1543.1   Coal      0     -1       11528342      495.63591  4.2992817e-05       11629.85       13.49     -1
     1     12      1543.1      1928.2   Coal      0     -1       17547515      691.87848  3.9428859e-05      12681.067      14.327     -1
     1     13      1928.2      2409.6   Coal      0     -1       26622851      975.26263  3.6632538e-05      13649.068      19.498     -1
     1     14      2409.6        3011   Coal      0     -1       40277616      1411.7214  3.5049775e-05      14265.427      20.337     -1
     1     15        3011      3762.6   Coal      0     -1       60497299      2094.6645  3.4624099e-05      14440.809      24.489     -1
     1     16      3762.6      4701.8   Coal      0     -1       90255898      3134.1541    3.47252e-05      14398.765      27.433     -1
     1     17      4701.8      5875.5   Coal      0     -1  1.3288292e+08      4800.3335  3.6124533e-05      13841.009      32.287     -1
     1     18      5875.5      7342.1   Coal      0     -1   1.948918e+08      5232.6327  2.6848911e-05      18622.729      42.315     -1
     1     19      7342.1      9174.7   Coal      0     -1  2.8940844e+08      5851.5661  2.0219058e-05      24729.144      48.167     -1
     1     20      9174.7       11465   Coal      0     -1  4.3205068e+08       7123.804  1.6488353e-05      30324.436      62.569     -1
     1     21       11465       14327   Coal      0     -1  6.3999672e+08      9645.1433  1.5070614e-05      33177.149      63.975     -1
     1     22       14327       17903   Coal      0     -1  9.3121458e+08      14768.706  1.5859617e-05      31526.613      84.622     -1
     1     23       17903       22372   Coal      0     -1  1.2944197e+09      24746.564  1.9117883e-05      26153.524      89.417     -1
     1     24       22372       27956   Coal      0     -1   1.695804e+09          37464  2.2092175e-05      22632.448      103.41     -1
     1     25       27956       34934   Coal      0     -1  2.0439688e+09      54130.064  2.6482823e-05      18880.162      108.62     -1
     1     26       34934       43654   Coal      0     -1  2.2413621e+09      67607.545  3.0163598e-05      16576.272      119.07     -1
     1     27       43654       54551   Coal      0     -1  2.1738682e+09      76834.957  3.5344809e-05      14146.349      113.01     -1
     1     28       54551       68167   Coal      0     -1  1.8608477e+09      70904.066    3.81031e-05      13122.292      96.878     -1
     1     29       68167       85183   Coal      0     -1  1.4828482e+09      54996.136  3.7088176e-05      13481.386      81.262     -1
     1     30       85183  1.0645e+05   Coal      0     -1  1.3259718e+09      27508.768  2.0746118e-05      24100.894      68.281     -1
     1     31  1.0645e+05  1.3302e+05   Coal      0     -1  1.2923802e+09      26551.968  2.0545013e-05      24336.806       66.91     -1
     1     32  1.3302e+05       1e+99   Coal      0     -1  2.6194879e+09      53264.967  2.0334115e-05      24589.219      50.222     -1
     1     -1           0       1e+99  Delay     -1     -1  2.5863037e+09              0              0              0           1     -1
     1     -1           0       1e+99   LogL     -1     -1              1      -14629421      -14629421              0           1     -1
     1     -1           0       1e+99 Recomb     -1     -1           4884  1.4652005e-05   3.000001e-09              0           1     -1
     1     -1           0       1e+99 Resamp     -1     -1  2.5863037e+09         661674  0.00025583771              0           1     -1
     0      0           0         133   Coal      0     -1      298633.15      24.628636  8.2471204e-05      6062.7222      1.4392     -1
     0      1         133       166.2   Coal      0     -1      156338.42      7.3972248  4.7315464e-05       10567.37        2.44     -1
     0      2       166.2      207.68   Coal      0     -1      243380.23      3.8104309  1.5656288e-05      31936.051      2.6281     -1
     0      3      207.68      259.53   Coal      0     -1      377060.23      7.9192874  2.1002712e-05      23806.449      2.6897     -1
     0      4      259.53      324.31   Coal      0     -1      579058.78      14.610049  2.5230685e-05       19817.14      3.8693     -1
     0      5      324.31      405.26   Coal      0     -1      899022.81      24.556813  2.7315005e-05      18304.957      3.9161     -1
     0      6      405.26      506.42   Coal      0     -1      1388193.8      39.877154  2.8725928e-05      17405.878      6.4103     -1
     0      7      506.42      632.82   Coal      0     -1      2149463.5      78.215959  3.6388595e-05      13740.569      6.2704     -1
     0      8      632.82      790.79   Coal      0     -1      3299603.8      198.95412  6.0296367e-05      8292.3736        6.81     -1
     0      9      790.79      988.18   Coal      0     -1      5044540.3      257.28047  5.1001768e-05      9803.5818      9.2041     -1
     0     10      988.18      1234.8   Coal      0     -1      7702454.1      362.82862  4.7105587e-05      10614.452      10.359     -1
     0     11      1234.8      1543.1   Coal      0     -1       11714450      495.95904  4.2337372e-05      11809.897      11.604     -1
     0     12      1543.1      1928.2   Coal      0     -1       17799686      719.34667  4.0413447e-05       12372.12       15.02     -1
     0     13      1928.2      2409.6   Coal      0     -1       26941687      1055.4489  3.9175307e-05      12763.142      15.998     -1
     0     14      2409.6        3011   Coal      0     -1       40523299      1540.7534  3.8021421e-05      13150.482      20.765     -1
     0     15        3011      3762.6   Coal      0     -1       60563538      2275.0773  3.7565132e-05      13310.215      26.086     -1
     0     16      3762.6      4701.8   Coal      0     -1       89925732       3394.816   3.775133e-05      13244.566      31.345     -1
     0     17      4701.8      5875.5   Coal      0     -1  1.3171396e+08       5045.275  3.8304785e-05        13053.2      32.223     -1
     0     18      5875.5      7342.1   Coal      0     -1  1.9332284e+08      5401.3737  2.7939657e-05       17895.71      40.452     -1
     0     19      7342.1      9174.7   Coal      0     -1  2.8623933e+08      5842.5501  2.0411416e-05      24496.095      50.795     -1
     0     20      9174.7       11465   Coal      0     -1  4.2795236e+08      6949.5271  1.6239021e-05      30790.034      58.608     -1
     0     21       11465       14327   Coal      0     -1  6.3662652e+08      9257.8362  1.4542021e-05      34383.116      68.976     -1
     0     22       14327       17903   Coal      0     -1  9.2947282e+08      14161.248  1.5235784e-05      32817.477      82.531     -1
     0     23       17903       22372   Coal      0     -1  1.3010364e+09      23845.984  1.8328453e-05       27279.99      95.263     -1
     0     24       22372       27956   Coal      0     -1  1.7172459e+09      36614.231  2.1321484e-05      23450.525       115.8     -1
     0     25       27956       34934   Coal      0     -1  2.0762946e+09      53502.134  2.5768084e-05      19403.849      112.62     -1
     0     26       34934       43654   Coal      0     -1  2.2808489e+09      67754.146  2.9705671e-05      16831.803      117.28     -1
     0     27       43654       54551   Coal      0     -1  2.2199518e+09      78096.863  3.5179531e-05       14212.81      117.86     -1
     0     28       54551       68167   Coal      0     -1  1.8896851e+09      72327.231  3.8274753e-05      13063.441      101.76     -1
     0     29       68167       85183   Coal      0     -1  1.4843297e+09      56042.274  3.7755947e-05      13242.947      84.758     -1
     0     30       85183  1.0645e+05   Coal      0     -1  1.3167896e+09      28026.845  2.1284224e-05      23491.577      72.817     -1
     0     31  1.0645e+05  1.3302e+05   Coal      0     -1  1.2632468e+09      26707.352  2.1141832e-05      23649.795      70.725     -1
     0     32  1.3302e+05       1e+99   Coal      0     -1   2.465494e+09      51849.327  2.1029995e-05      23775.564      53.518     -1
     0     -1           0       1e+99  Delay     -1     -1  2.5863037e+09              0              0              0           1     -1
     0     -1           0       1e+99   LogL     -1     -1              1      -14630219      -14630219              0           1     -1
     0     -1           0       1e+99 Recomb     -1     -1           4884  1.4652005e-05   3.000001e-09              0           1     -1
     0     -1           0       1e+99 Resamp     -1     -1  2.5863037e+09         657106  0.00025407148              0           1     -1
