  Iter  Epoch       Start         End   Type   From     To            Opp          Count           Rate             Ne         ESS  Clump
    10      0           0         133   Coal      0     -1      303523.96      37.297942  0.00012288302      4068.9103       1.496     -1
    10      1         133       166.2   Coal      0     -1      166557.96     0.58770572  3.5285358e-06      141701.84      2.3812     -1
    10      2       166.2      207.68   Coal      0     -1      261112.55     0.80947769  3.1001102e-06      161284.59      2.5802     -1
    10      3      207.68      259.53   Coal      0     -1      405747.88      3.8987146  9.6087122e-06      52036.109      3.0161     -1
    10      4      259.53      324.31   Coal      0     -1      629511.33      9.2212278  1.4648232e-05      34133.813      3.4829     -1
    10      5      324.31      405.26   Coal      0     -1      982116.67      13.380301  1.3623942e-05      36700.097      4.6436     -1
    10      6      405.26      506.42   Coal      0     -1        1513926       67.10038  4.4322101e-05      11281.054      5.1671     -1
    10      7      506.42      632.82   Coal      0     -1      2337530.2      142.66625  6.1032901e-05      8192.3028      5.9939     -1
    10      8      632.82      790.79   Coal      0     -1      3568777.4      291.19441  8.1595004e-05      6127.8262      6.6351     -1
    10      9      790.79      988.18   Coal      0     -1      5406296.5      431.66352  7.9844589e-05      6262.1651       8.881     -1
    10     10      988.18      1234.8   Coal      0     -1      8170087.2      512.34433  6.2709775e-05      7973.2386      11.984     -1
    10     11      1234.8      1543.1   Coal      0     -1       12405505      698.66897  5.6319267e-05      8877.9565      11.728     -1
    10     12      1543.1      1928.2   Coal      0     -1       18749461      851.70888   4.542578e-05      11006.966      15.993     -1
    10     13      1928.2      2409.6   Coal      0     -1       28406924        1163.59  4.0961493e-05      12206.586      16.867     -1
    10     14      2409.6        3011   Coal      0     -1       42909149        1544.89  3.6003744e-05      13887.445       21.52     -1
    10     15        3011      3762.6   Coal      0     -1       64502593        2037.74  3.1591598e-05      15826.993      25.828     -1
    10     16      3762.6      4701.8   Coal      0     -1       96758991        2953.71  3.0526466e-05       16379.23      26.932     -1
    10     17      4701.8      5875.5   Coal      0     -1  1.4326996e+08        4597.15  3.2087327e-05      15582.476      31.683     -1
    10     18      5875.5      7342.1   Coal      0     -1  2.1178794e+08        5100.49  2.4083005e-05      20761.529      40.201     -1
    10     19      7342.1      9174.7   Coal      0     -1  3.1432129e+08        6017.01  1.9142865e-05      26119.392      47.437     -1
    10     20      9174.7       11465   Coal      0     -1  4.6779009e+08        7928.49   1.694882e-05      29500.579      63.343     -1
    10     21       11465       14327   Coal      0     -1  6.8602979e+08       11599.04  1.6907487e-05      29572.697      63.446     -1
    10     22       14327       17903   Coal      0     -1  9.8416687e+08       17887.36  1.8175129e-05      27510.121      84.371     -1
    10     23       17903       22372   Coal      0     -1  1.3415347e+09       29786.08  2.2202989e-05      22519.491      90.143     -1
    10     24       22372       27956   Coal      0     -1  1.7157263e+09       43152.36  2.5151074e-05      19879.867      100.67     -1
    10     25       27956       34934   Coal      0     -1   2.033422e+09       58604.71  2.8820732e-05      17348.623      111.72     -1
    10     26       34934       43654   Coal      0     -1   2.212105e+09       69175.95  3.1271549e-05      15988.974      114.36     -1
    10     27       43654       54551   Coal      0     -1  2.1910184e+09       75765.18  3.4579892e-05       14459.27      111.87     -1
    10     28       54551       68167   Coal      0     -1  1.9364943e+09       70226.86  3.6264945e-05      13787.419      92.544     -1
    10     29       68167       85183   Coal      0     -1  1.6346476e+09       54633.48  3.3422177e-05      14960.127      81.313     -1
    10     30       85183  1.0645e+05   Coal      0     -1  1.5628662e+09       28780.01   1.841489e-05       27151.94      73.157     -1
    10     31  1.0645e+05  1.3302e+05   Coal      0     -1  1.6197713e+09       28599.58  1.7656554e-05      28318.096      73.421     -1
    10     32  1.3302e+05       1e+99   Coal      0     -1  4.0385194e+09       69583.77   1.723002e-05      29019.119      58.172     -1
    10     -1           0       1e+99  Delay     -1     -1  2.5967832e+09              0              0              0           1     -1
    10     -1           0       1e+99   LogL     -1     -1              1      -15660731      -15660731              0           1     -1
    10     -1           0       1e+99 Recomb     -1     -1           4257  1.2771005e-05  3.0000011e-09              0           1     -1
    10     -1           0       1e+99 Resamp     -1     -1  2.5967832e+09         732409  0.00028204473              0           1     -1
     9      0           0         133   Coal      0     -1      313181.55      33.933882  0.00010835211      4614.5848      1.4583     -1
     9      1         133       166.2   Coal      0     -1      166096.59     0.50437365  3.0366286e-06      164656.29      1.9683     -1
     9      2       166.2      207.68   Coal      0     -1      258273.46      1.0258341  3.9718915e-06      125884.61      2.5427     -1
     9      3      207.68      259.53   Coal      0     -1      404311.35      4.0604523  1.0042885e-05      49786.492      2.8357     -1
     9      4      259.53      324.31   Coal      0     -1      629545.62      11.112945  1.7652327e-05      28324.877      3.7301     -1
     9      5      324.31      405.26   Coal      0     -1      975175.78      14.927887  1.5307893e-05      32662.888      4.4648     -1
     9      6      405.26      506.42   Coal      0     -1      1514725.2      63.997412  4.2250181e-05      11834.269      5.0261     -1
     9      7      506.42      632.82   Coal      0     -1      2329892.1      138.11746  5.9280625e-05       8434.459      5.6388     -1
     9      8      632.82      790.79   Coal      0     -1      3550626.8        297.691  8.3841817e-05      5963.6112       6.758     -1
     9      9      790.79      988.18   Coal      0     -1      5393071.5      414.12145   7.678768e-05      6511.4612      8.8393     -1
     9     10      988.18      1234.8   Coal      0     -1      8184770.2      504.71888  6.1665613e-05      8108.2466      12.004     -1
     9     11      1234.8      1543.1   Coal      0     -1       12413799      685.75033  5.5240971e-05      9051.2529      11.864     -1
     9     12      1543.1      1928.2   Coal      0     -1       18808999      857.11425   4.556937e-05      10972.283      15.731     -1
     9     13      1928.2      2409.6   Coal      0     -1       28442503        1154.02  4.0573785e-05      12323.228      16.964     -1
     9     14      2409.6        3011   Coal      0     -1       42963366        1558.85  3.6283237e-05      13780.468      20.635     -1
     9     15        3011      3762.6   Coal      0     -1       64568515        2056.47  3.1849424e-05      15698.871      25.365     -1
     9     16      3762.6      4701.8   Coal      0     -1       96731888        2983.86  3.0846705e-05      16209.187      26.113     -1
     9     17      4701.8      5875.5   Coal      0     -1   1.431668e+08        4650.85  3.2485533e-05      15391.467      31.152     -1
     9     18      5875.5      7342.1   Coal      0     -1  2.1163523e+08        5148.93  2.4329267e-05      20551.379      40.074     -1
     9     19      7342.1      9174.7   Coal      0     -1  3.1384304e+08         6089.2  1.9402055e-05      25770.466      45.584     -1
     9     20      9174.7       11465   Coal      0     -1  4.6693469e+08        7917.42  1.6956162e-05      29487.806      60.975     -1
     9     21       11465       14327   Coal      0     -1   6.852337e+08       11514.84  1.6804252e-05      29754.374       61.57     -1
     9     22       14327       17903   Coal      0     -1  9.8351668e+08       17730.05  1.8027198e-05      27735.869      82.364     -1
     9     23       17903       22372   Coal      0     -1  1.3430357e+09       29519.46  2.1979654e-05      22748.311      89.837     -1
     9     24       22372       27956   Coal      0     -1  1.7206879e+09       42878.78  2.4919556e-05      20064.563      99.493     -1
     9     25       27956       34934   Coal      0     -1  2.0435469e+09        58556.2  2.8654199e-05       17449.45      111.97     -1
     9     26       34934       43654   Coal      0     -1  2.2228567e+09       69355.32  3.1200985e-05      16025.135       112.9     -1
     9     27       43654       54551   Coal      0     -1  2.1981997e+09       76239.96   3.468291e-05      14416.322      110.47     -1
     9     28       54551       68167   Coal      0     -1  1.9389014e+09          70470  3.6345325e-05      13756.927      91.503     -1
     9     29       68167       85183   Coal      0     -1  1.6308715e+09       54870.61  3.3644961e-05      14861.066      79.262     -1
     9     30       85183  1.0645e+05   Coal      0     -1  1.5552111e+09       28768.11  1.8497881e-05      27030.124      70.973     -1
     9     31  1.0645e+05  1.3302e+05   Coal      0     -1  1.6085931e+09       28646.82  1.7808618e-05      28076.294      72.632     -1
     9     32  1.3302e+05       1e+99   Coal      0     -1  3.9588924e+09       68905.58  1.7405267e-05      28726.936      55.485     -1
     9     -1           0       1e+99  Delay     -1     -1  2.5967832e+09              0              0              0           1     -1
     9     -1           0       1e+99   LogL     -1     -1              1      -15660790      -15660790              0           1     -1
     9     -1           0       1e+99 Recomb     -1     -1           4257  1.2771005e-05  3.0000011e-09              0           1     -1
     9     -1           0       1e+99 Resamp     -1     -1  2.5967832e+09         731028  0.00028151292              0           1     -1
     8      0           0         133   Coal      0     -1      305786.66      34.968475  0.00011435579      4372.3191      1.4749     -1
     8      1         133       166.2   Coal      0     -1      165837.63     0.54926848  3.3120859e-06      150962.27      2.1781     -1
     8      2       166.2      207.68   Coal      0     -1      259911.27     0.35071341  1.3493582e-06      370546.52      2.6981     -1
     8      3      207.68      259.53   Coal      0     -1      404401.76      3.7443453  9.2589739e-06      54001.664       2.927     -1
     8      4      259.53      324.31   Coal      0     -1      629795.65      7.1622895  1.1372402e-05      43966.085      3.4098     -1
     8      5      324.31      405.26   Coal      0     -1      983990.31      13.977514   1.420493e-05      35199.046      4.4219     -1
     8      6      405.26      506.42   Coal      0     -1      1516188.6      64.899894  4.2804632e-05      11680.979      5.2772     -1
     8      7      506.42      632.82   Coal      0     -1      2341742.2      137.58536  5.8753417e-05      8510.1433      5.4656     -1
     8      8      632.82      790.79   Coal      0     -1      3570212.1      291.13406  8.1545312e-05      6131.5603      6.6319     -1
     8      9      790.79      988.18   Coal      0     -1      5394463.6      403.01322  7.4708672e-05      6692.6634      8.8642     -1
     8     10      988.18      1234.8   Coal      0     -1      8174927.7      505.16133  6.1793981e-05      8091.4029      11.485     -1
     8     11      1234.8      1543.1   Coal      0     -1       12392027      678.52409   5.475489e-05      9131.6045       11.78     -1
     8     12      1543.1      1928.2   Coal      0     -1       18807951      856.07841  4.5516835e-05      10984.947      15.869     -1
     8     13      1928.2      2409.6   Coal      0     -1       28474603        1148.16  4.0322248e-05      12400.102      17.088     -1
     8     14      2409.6        3011   Coal      0     -1       43001542        1579.55  3.6732404e-05       13611.96      20.548     -1
     8     15        3011      3762.6   Coal      0     -1       64631667        2080.99  3.2197684e-05      15529.067      25.457     -1
     8     16      3762.6      4701.8   Coal      0     -1       96770246         3035.1  3.1363979e-05      15941.855      26.023     -1
     8     17      4701.8      5875.5   Coal      0     -1  1.4301757e+08        4721.06  3.3010349e-05      15146.765      30.401     -1
     8     18      5875.5      7342.1   Coal      0     -1  2.1119875e+08        5205.46   2.464721e-05      20286.271      39.487     -1
     8     19      7342.1      9174.7   Coal      0     -1  3.1295317e+08        6109.26  1.9521323e-05      25613.018      45.314     -1
     8     20      9174.7       11465   Coal      0     -1  4.6573596e+08        7913.97  1.6992396e-05      29424.926      60.181     -1
     8     21       11465       14327   Coal      0     -1  6.8396969e+08       11435.06  1.6718665e-05      29906.694      61.087     -1
     8     22       14327       17903   Coal      0     -1  9.8352213e+08       17545.09  1.7839039e-05      28028.415      82.424     -1
     8     23       17903       22372   Coal      0     -1   1.345298e+09       29235.66  2.1731736e-05      23007.826      89.646     -1
     8     24       22372       27956   Coal      0     -1  1.7270017e+09       42586.04  2.4658945e-05      20276.618      99.957     -1
     8     25       27956       34934   Coal      0     -1  2.0542895e+09       58505.83  2.8479836e-05      17556.281      110.96     -1
     8     26       34934       43654   Coal      0     -1  2.2360054e+09       69574.69  3.1115619e-05        16069.1      112.53     -1
     8     27       43654       54551   Coal      0     -1  2.2060355e+09       76729.41  3.4781585e-05      14375.423      109.97     -1
     8     28       54551       68167   Coal      0     -1  1.9418932e+09       70759.73  3.6438529e-05      13721.739      90.891     -1
     8     29       68167       85183   Coal      0     -1  1.6233139e+09        55038.5  3.3905027e-05      14747.076      78.695     -1
     8     30       85183  1.0645e+05   Coal      0     -1  1.5500067e+09       28860.39  1.8619526e-05       26853.53      72.466     -1
     8     31  1.0645e+05  1.3302e+05   Coal      0     -1  1.5952793e+09       28680.64  1.7978444e-05      27811.083      71.886     -1
     8     32  1.3302e+05       1e+99   Coal      0     -1  3.8678632e+09       68162.45  1.7622767e-05       28372.39      56.092     -1
     8     -1           0       1e+99  Delay     -1     -1  2.5967832e+09              0              0              0           1     -1
     8     -1           0       1e+99   LogL     -1     -1              1      -15660772      -15660772              0           1     -1
     8     -1           0       1e+99 Recomb     -1     -1           4257  1.2771005e-05  3.0000011e-09              0           1     -1
     8     -1           0       1e+99 Resamp     -1     -1  2.5967832e+09         729844  0.00028105697              0           1     -1
     7      0           0         133   Coal      0     -1      302838.66      33.225877  0.00010971478      4557.2711      1.5596     -1
     7      1         133       166.2   Coal      0     -1      164299.22      0.8171148  4.9733334e-06      100536.19      2.2172     -1
     7      2       166.2      207.68   Coal      0     -1      259974.23     0.48963268  1.8833893e-06      265478.84      2.9549     -1
     7      3      207.68      259.53   Coal      0     -1      404211.76      5.9055148  1.4609953e-05      34223.245      3.0244     -1
     7      4      259.53      324.31   Coal      0     -1      630136.97      10.106418  1.6038446e-05      31175.091      3.4231     -1
     7      5      324.31      405.26   Coal      0     -1      983039.15       14.75201  1.5006533e-05      33318.821      3.7612     -1
     7      6      405.26      506.42   Coal      0     -1      1521046.6      66.618955  4.3798101e-05       11416.02      5.3739     -1
     7      7      506.42      632.82   Coal      0     -1      2345828.8      144.75386  6.1706917e-05      8102.8193      5.9512     -1
     7      8      632.82      790.79   Coal      0     -1      3575048.2      290.47273  8.1250017e-05      6153.8449      6.5077     -1
     7      9      790.79      988.18   Coal      0     -1      5393171.6      393.11023  7.2890362e-05      6859.6174      9.0607     -1
     7     10      988.18      1234.8   Coal      0     -1      8190375.7      476.63876  5.8194981e-05      8591.8062      10.733     -1
     7     11      1234.8      1543.1   Coal      0     -1       12431131      661.64482  5.3224829e-05       9394.112      12.365     -1
     7     12      1543.1      1928.2   Coal      0     -1       18851737      853.52628  4.5275737e-05      11043.442       16.02     -1
     7     13      1928.2      2409.6   Coal      0     -1       28556732        1154.73   4.043635e-05      12365.112      16.312     -1
     7     14      2409.6        3011   Coal      0     -1       43113718        1578.87  3.6621059e-05      13653.346      21.059     -1
     7     15        3011      3762.6   Coal      0     -1       64691828        2119.29  3.2759779e-05      15262.618      26.068     -1
     7     16      3762.6      4701.8   Coal      0     -1       96760257        3096.26  3.1999295e-05      15625.344        27.2     -1
     7     17      4701.8      5875.5   Coal      0     -1   1.428733e+08        4808.58  3.3656252e-05      14856.081      30.375     -1
     7     18      5875.5      7342.1   Coal      0     -1  2.1043783e+08        5246.85  2.4933018e-05       20053.73      41.423     -1
     7     19      7342.1      9174.7   Coal      0     -1  3.1211063e+08        6125.84  1.9627143e-05      25474.925       45.25     -1
     7     20      9174.7       11465   Coal      0     -1   4.646186e+08        7895.01  1.6992453e-05      29424.827       60.55     -1
     7     21       11465       14327   Coal      0     -1  6.8308525e+08       11311.28  1.6559105e-05       30194.87       63.85     -1
     7     22       14327       17903   Coal      0     -1  9.8289623e+08       17326.78   1.762829e-05        28363.5      82.765     -1
     7     23       17903       22372   Coal      0     -1  1.3468756e+09       28873.56  2.1437436e-05      23323.684      89.656     -1
     7     24       22372       27956   Coal      0     -1  1.7337223e+09       42262.65  2.4376828e-05      20511.282      100.79     -1
     7     25       27956       34934   Coal      0     -1  2.0643142e+09       58386.85  2.8283897e-05      17677.904       110.5     -1
     7     26       34934       43654   Coal      0     -1  2.2485613e+09       69777.59  3.1032105e-05      16112.345      112.71     -1
     7     27       43654       54551   Coal      0     -1  2.2155961e+09       77245.33  3.4864356e-05      14341.295      109.86     -1
     7     28       54551       68167   Coal      0     -1  1.9482495e+09       71179.53  3.6535121e-05      13685.462      91.406     -1
     7     29       68167       85183   Coal      0     -1  1.6245859e+09       55444.08   3.412813e-05      14650.671      79.085     -1
     7     30       85183  1.0645e+05   Coal      0     -1  1.5437536e+09       28989.34  1.8778476e-05      26626.229      71.742     -1
     7     31  1.0645e+05  1.3302e+05   Coal      0     -1  1.5734556e+09       28634.14  1.8198251e-05      27475.168      69.914     -1
     7     32  1.3302e+05       1e+99   Coal      0     -1  3.7564272e+09       67137.26  1.7872637e-05      27975.726       53.93     -1
     7     -1           0       1e+99  Delay     -1     -1  2.5967832e+09              0              0              0           1     -1
     7     -1           0       1e+99   LogL     -1     -1              1      -15660855      -15660855              0           1     -1
     7     -1           0       1e+99 Recomb     -1     -1           4257  1.2771005e-05  3.0000011e-09              0           1     -1
     7     -1           0       1e+99 Resamp     -1     -1  2.5967832e+09         727730  0.00028024288              0           1     -1
     6      0           0         133   Coal      0     -1      316608.09      29.938407  9.4559829e-05      5287.6576       1.518     -1
     6      1         133       166.2   Coal      0     -1      168700.33      1.5955931  9.4581507e-06      52864.457      2.3432     -1
     6      2       166.2      207.68   Coal      0     -1      262503.27     0.30522466  1.1627461e-06      430016.48      2.4565     -1
     6      3      207.68      259.53   Coal      0     -1       405890.4      4.1778583   1.029307e-05      48576.373      3.1027     -1
     6      4      259.53      324.31   Coal      0     -1      633197.95      11.192513  1.7676167e-05      28286.675      3.6753     -1
     6      5      324.31      405.26   Coal      0     -1      990669.67      14.412468  1.4548207e-05      34368.495      4.0082     -1
     6      6      405.26      506.42   Coal      0     -1      1518037.3      62.899676  4.1434868e-05      12067.131      5.5532     -1
     6      7      506.42      632.82   Coal      0     -1      2337010.9      134.22578  5.7434811e-05      8705.5218      6.4369     -1
     6      8      632.82      790.79   Coal      0     -1      3574594.4      291.18185   8.145871e-05       6138.079      6.7026     -1
     6      9      790.79      988.18   Coal      0     -1      5431391.7      382.34605  7.0395595e-05      7102.7172      8.9041     -1
     6     10      988.18      1234.8   Coal      0     -1      8234576.5      476.05119  5.7811254e-05      8648.8351       10.36     -1
     6     11      1234.8      1543.1   Coal      0     -1       12512337      675.31976  5.3972313e-05      9264.0091      12.427     -1
     6     12      1543.1      1928.2   Coal      0     -1       18949445          846.1  4.4650384e-05      11198.112      14.705     -1
     6     13      1928.2      2409.6   Coal      0     -1       28646623        1167.89  4.0768854e-05      12264.264      17.267     -1
     6     14      2409.6        3011   Coal      0     -1       43208139        1574.36  3.6436653e-05      13722.446      20.244     -1
     6     15        3011      3762.6   Coal      0     -1       64657244        2160.38  3.3412807e-05      14964.322      26.582     -1
     6     16      3762.6      4701.8   Coal      0     -1       96562193         3147.9  3.2599715e-05      15337.557      28.821     -1
     6     17      4701.8      5875.5   Coal      0     -1  1.4237383e+08        4881.68  3.4287761e-05      14582.463       30.32     -1
     6     18      5875.5      7342.1   Coal      0     -1  2.0988957e+08        5321.34  2.5353046e-05      19721.496      41.255     -1
     6     19      7342.1      9174.7   Coal      0     -1  3.1098214e+08        6150.19  1.9776666e-05       25282.32      47.153     -1
     6     20      9174.7       11465   Coal      0     -1  4.6336523e+08        7859.66  1.6962127e-05      29477.435      63.183     -1
     6     21       11465       14327   Coal      0     -1  6.8187789e+08       11162.94  1.6370878e-05      30542.038      64.128     -1
     6     22       14327       17903   Coal      0     -1  9.8249268e+08       17103.52  1.7408292e-05      28721.944      82.415     -1
     6     23       17903       22372   Coal      0     -1  1.3501585e+09        28508.2  2.1114706e-05      23680.179      92.335     -1
     6     24       22372       27956   Coal      0     -1  1.7415661e+09       41897.37  2.4057295e-05      20783.717       101.2     -1
     6     25       27956       34934   Coal      0     -1   2.079418e+09        58300.6  2.8036979e-05       17833.59      113.01     -1
     6     26       34934       43654   Coal      0     -1  2.2648581e+09        70022.1  3.0916771e-05      16172.452      114.43     -1
     6     27       43654       54551   Coal      0     -1  2.2285315e+09       77835.17  3.4926663e-05       14315.71      112.29     -1
     6     28       54551       68167   Coal      0     -1  1.9538215e+09       71668.86  3.6681376e-05      13630.895      95.275     -1
     6     29       68167       85183   Coal      0     -1  1.6245217e+09       55931.39  3.4429451e-05      14522.451      82.907     -1
     6     30       85183  1.0645e+05   Coal      0     -1  1.5289209e+09       29006.92  1.8972152e-05      26354.416      72.875     -1
     6     31  1.0645e+05  1.3302e+05   Coal      0     -1  1.5552145e+09       28681.56  1.8442189e-05       27111.75      71.343     -1
     6     32  1.3302e+05       1e+99   Coal      0     -1  3.6329508e+09       65960.81  1.8156263e-05      27538.707      53.152     -1
     6     -1           0       1e+99  Delay     -1     -1  2.5967832e+09              0              0              0           1     -1
     6     -1           0       1e+99   LogL     -1     -1              1      -15661055      -15661055              0           1     -1
     6     -1           0       1e+99 Recomb     -1     -1           4257  1.2771005e-05  3.0000011e-09              0           1     -1
     6     -1           0       1e+99 Resamp     -1     -1  2.5967832e+09         726203  0.00027965485              0           1     -1
     5      0           0         133   Coal      0     -1      313238.74      27.560008  8.7984033e-05      5682.8493      1.5499     -1
     5      1         133       166.2   Coal      0     -1      166228.21      1.2745592  7.6675264e-06      65210.079      2.2993     -1
     5      2       166.2      207.68   Coal      0     -1      257830.61     0.11077053   4.296252e-07      1163805.1      2.9353     -1
     5      3      207.68      259.53   Coal      0     -1      401546.81      5.4832065  1.3655211e-05      36616.057      3.1472     -1
     5      4      259.53      324.31   Coal      0     -1      628690.78      10.426908  1.6585114e-05      30147.516      3.5654     -1
     5      5      324.31      405.26   Coal      0     -1      977907.33      15.826013  1.6183551e-05      30895.569      4.6221     -1
     5      6      405.26      506.42   Coal      0     -1      1513162.6      63.521271  4.1979146e-05      11910.676      5.1043     -1
     5      7      506.42      632.82   Coal      0     -1      2328009.6      123.50479  5.3051669e-05      9424.7742      6.5443     -1
     5      8      632.82      790.79   Coal      0     -1        3567257      274.86618   7.705253e-05      6489.0796      6.6912     -1
     5      9      790.79      988.18   Coal      0     -1      5435996.8      376.88485  6.9331324e-05      7211.7475      8.5396     -1
     5     10      988.18      1234.8   Coal      0     -1      8251715.1      449.50435  5.4474051e-05      9178.6821      11.229     -1
     5     11      1234.8      1543.1   Coal      0     -1       12523040      670.39579   5.353299e-05      9340.0349      13.202     -1
     5     12      1543.1      1928.2   Coal      0     -1       18978552      831.27642  4.3800834e-05      11415.308      13.598     -1
     5     13      1928.2      2409.6   Coal      0     -1       28725075      1167.9329  4.0659005e-05      12297.399      18.155     -1
     5     14      2409.6        3011   Coal      0     -1       43296229        1595.63  3.6853787e-05      13567.127      21.772     -1
     5     15        3011      3762.6   Coal      0     -1       64909048        2201.21  3.3912221e-05      14743.947      26.041     -1
     5     16      3762.6      4701.8   Coal      0     -1       96779020        3237.79  3.3455495e-05      14945.228      29.569     -1
     5     17      4701.8      5875.5   Coal      0     -1  1.4242372e+08        4969.44  3.4891941e-05      14329.957      29.404     -1
     5     18      5875.5      7342.1   Coal      0     -1  2.0939556e+08        5402.57  2.5800786e-05      19379.255      40.447     -1
     5     19      7342.1      9174.7   Coal      0     -1   3.102064e+08        6183.75  1.9934308e-05      25082.385      46.303     -1
     5     20      9174.7       11465   Coal      0     -1  4.6200916e+08        7838.02  1.6965075e-05      29472.313      61.588     -1
     5     21       11465       14327   Coal      0     -1  6.8037164e+08       11013.76  1.6187859e-05      30887.346      64.209     -1
     5     22       14327       17903   Coal      0     -1  9.8197643e+08       16851.08  1.7160371e-05      29136.899      83.261     -1
     5     23       17903       22372   Coal      0     -1  1.3525522e+09       28064.37  2.0749196e-05       24097.32      92.051     -1
     5     24       22372       27956   Coal      0     -1  1.7502568e+09       41463.58  2.3689998e-05      21105.954      99.854     -1
     5     25       27956       34934   Coal      0     -1  2.0970693e+09       58204.34  2.7755086e-05      18014.716       113.9     -1
     5     26       34934       43654   Coal      0     -1   2.282871e+09       70208.47  3.0754463e-05      16257.803      111.45     -1
     5     27       43654       54551   Coal      0     -1  2.2458055e+09       78553.05  3.4977674e-05      14294.833       111.8     -1
     5     28       54551       68167   Coal      0     -1  1.9621226e+09       72283.98  3.6839685e-05       13572.32      93.507     -1
     5     29       68167       85183   Coal      0     -1  1.6224516e+09       56474.21  3.4807947e-05      14364.536      80.636     -1
     5     30       85183  1.0645e+05   Coal      0     -1  1.5163717e+09       29138.44  1.9215895e-05      26020.125      70.547     -1
     5     31  1.0645e+05  1.3302e+05   Coal      0     -1  1.5358802e+09       28764.62  1.8728427e-05      26697.383      70.188     -1
     5     32  1.3302e+05       1e+99   Coal      0     -1  3.5077826e+09       64786.92   1.846948e-05      27071.688      53.273     -1
     5     -1           0       1e+99  Delay     -1     -1  2.5967832e+09              0              0              0           1     -1
     5     -1           0       1e+99   LogL     -1     -1              1      -15661025      -15661025              0           1     -1
     5     -1           0       1e+99 Recomb     -1     -1           4257  1.2771005e-05  3.0000011e-09              0           1     -1
     5     -1           0       1e+99 Resamp     -1     -1  2.5967832e+09         723208   0.0002785015              0           1     -1
     4      0           0         133   Coal      0     -1      309336.02      22.251872  7.1934307e-05      6950.7864      1.5966     -1
     4      1         133       166.2   Coal      0     -1      167865.56      1.4967746  8.9165081e-06      56075.764      2.2038     -1
     4      2       166.2      207.68   Coal      0     -1      261354.65     0.45772666  1.7513622e-06      285492.05      3.0606     -1
     4      3      207.68      259.53   Coal      0     -1      405904.88      4.9951791   1.230628e-05      40629.662      3.2946     -1
     4      4      259.53      324.31   Coal      0     -1      626824.99        10.1541  1.6199259e-05       30865.61      3.7256     -1
     4      5      324.31      405.26   Coal      0     -1      978469.71      14.216689  1.4529514e-05      34412.714      4.3196     -1
     4      6      405.26      506.42   Coal      0     -1      1523320.1      61.655468  4.0474401e-05      12353.487      5.0546     -1
     4      7      506.42      632.82   Coal      0     -1      2345986.2      114.80376  4.8936246e-05      10217.375      6.2734     -1
     4      8      632.82      790.79   Coal      0     -1      3589758.3      259.61488  7.2320991e-05      6913.6221      6.9581     -1
     4      9      790.79      988.18   Coal      0     -1      5444267.4      362.21551  6.6531544e-05      7515.2322      9.1433     -1
     4     10      988.18      1234.8   Coal      0     -1      8254923.2      435.25202  5.2726356e-05      9482.9235      11.198     -1
     4     11      1234.8      1543.1   Coal      0     -1       12540966      652.56376  5.2034569e-05      9608.9966      13.266     -1
     4     12      1543.1      1928.2   Coal      0     -1       19008617      839.41951  4.4159947e-05      11322.477      14.097     -1
     4     13      1928.2      2409.6   Coal      0     -1       28763217      1176.3635   4.089819e-05       12225.48      17.298     -1
     4     14      2409.6        3011   Coal      0     -1       43313551        1625.56  3.7530056e-05      13322.655      22.069     -1
     4     15        3011      3762.6   Coal      0     -1       64846722        2272.46   3.504356e-05      14267.957      25.524     -1
     4     16      3762.6      4701.8   Coal      0     -1       96520936        3315.96  3.4354826e-05      14553.996      27.203     -1
     4     17      4701.8      5875.5   Coal      0     -1  1.4194239e+08        5062.25  3.5664116e-05      14019.694      31.706     -1
     4     18      5875.5      7342.1   Coal      0     -1  2.0800078e+08        5466.98  2.6283459e-05      19023.371      43.084     -1
     4     19      7342.1      9174.7   Coal      0     -1  3.0884494e+08        6200.48  2.0076353e-05      24904.922      44.781     -1
     4     20      9174.7       11465   Coal      0     -1  4.6025662e+08        7797.38  1.6941375e-05      29513.543      60.501     -1
     4     21       11465       14327   Coal      0     -1  6.7905786e+08       10843.05  1.5967785e-05      31313.047       63.96     -1
     4     22       14327       17903   Coal      0     -1  9.8172083e+08       16565.09  1.6873524e-05      29632.221      81.667     -1
     4     23       17903       22372   Coal      0     -1  1.3557394e+09       27610.72  2.0365801e-05      24550.961      91.956     -1
     4     24       22372       27956   Coal      0     -1  1.7606586e+09       40984.23  2.3277783e-05      21479.709      102.43     -1
     4     25       27956       34934   Coal      0     -1  2.1130405e+09       58063.82  2.7478801e-05      18195.845      114.04     -1
     4     26       34934       43654   Coal      0     -1  2.3082328e+09       70541.24  3.0560713e-05      16360.875       115.9     -1
     4     27       43654       54551   Coal      0     -1  2.2615412e+09       79205.08  3.5022612e-05      14276.491      112.21     -1
     4     28       54551       68167   Coal      0     -1  1.9733591e+09        73144.2  3.7065833e-05      13489.512      94.845     -1
     4     29       68167       85183   Coal      0     -1  1.6175548e+09       57025.89  3.5254378e-05      14182.636      81.296     -1
     4     30       85183  1.0645e+05   Coal      0     -1  1.5008434e+09       29273.48  1.9504687e-05      25634.864      70.783     -1
     4     31  1.0645e+05  1.3302e+05   Coal      0     -1  1.5090192e+09       28802.86  1.9087139e-05      26195.649      70.771     -1
     4     32  1.3302e+05       1e+99   Coal      0     -1  3.3628243e+09       63336.87  1.8834427e-05      26547.131      53.864     -1
     4     -1           0       1e+99  Delay     -1     -1  2.5967832e+09              0              0              0           1     -1
     4     -1           0       1e+99   LogL     -1     -1              1      -15661265      -15661265              0           1     -1
     4     -1           0       1e+99 Recomb     -1     -1           4257  1.2771005e-05  3.0000011e-09              0           1     -1
     4     -1           0       1e+99 Resamp     -1     -1  2.5967832e+09         720782  0.00027756727              0           1     -1
     3      0           0         133   Coal      0     -1      309747.18      19.842433  6.4060094e-05      7805.1712      1.6312     -1
     3      1         133       166.2   Coal      0     -1      166367.33      1.1744745  7.0595262e-06      70826.283      2.3854     -1
     3      2       166.2      207.68   Coal      0     -1      257669.22      1.2626242  4.9001747e-06      102037.18      2.5448     -1
     3      3      207.68      259.53   Coal      0     -1      403820.28      5.2570145  1.3018203e-05      38407.758      3.3847     -1
     3      4      259.53      324.31   Coal      0     -1      630915.37      8.7976169  1.3944211e-05      35857.174      3.5381     -1
     3      5      324.31      405.26   Coal      0     -1      984861.16      17.765357  1.8038438e-05      27718.586      4.1155     -1
     3      6      405.26      506.42   Coal      0     -1      1523211.1      57.926988  3.8029521e-05      13147.681      4.5543     -1
     3      7      506.42      632.82   Coal      0     -1      2352746.1      109.26777  4.6442651e-05      10765.966      6.5322     -1
     3      8      632.82      790.79   Coal      0     -1      3611196.8      242.95405  6.7277988e-05      7431.8513      7.2089     -1
     3      9      790.79      988.18   Coal      0     -1      5496492.1      343.00095  6.2403609e-05      8012.3571      7.4996     -1
     3     10      988.18      1234.8   Coal      0     -1      8311713.1      428.62583  5.1568891e-05      9695.7679      11.576     -1
     3     11      1234.8      1543.1   Coal      0     -1       12625998      635.39737  5.0324527e-05      9935.5132      13.261     -1
     3     12      1543.1      1928.2   Coal      0     -1       19134713      831.62322  4.3461495e-05      11504.436       13.92     -1
     3     13      1928.2      2409.6   Coal      0     -1       28890697        1188.71  4.1145079e-05      12152.122      17.818     -1
     3     14      2409.6        3011   Coal      0     -1       43473570        1660.12   3.818688e-05      13093.502      20.959     -1
     3     15        3011      3762.6   Coal      0     -1       64978687        2361.21  3.6338222e-05      13759.616       24.53     -1
     3     16      3762.6      4701.8   Coal      0     -1       96598870        3406.86  3.5268114e-05      14177.112      27.835     -1
     3     17      4701.8      5875.5   Coal      0     -1  1.4164514e+08        5187.46   3.662293e-05      13652.649      31.477     -1
     3     18      5875.5      7342.1   Coal      0     -1  2.0777518e+08        5598.49  2.6944942e-05      18556.359      41.491     -1
     3     19      7342.1      9174.7   Coal      0     -1  3.0748782e+08        6217.94  2.0221744e-05      24725.859      46.269     -1
     3     20      9174.7       11465   Coal      0     -1  4.5822088e+08        7710.94  1.6827998e-05      29712.388      60.782     -1
     3     21       11465       14327   Coal      0     -1  6.7710418e+08       10612.64   1.567357e-05      31900.836      63.852     -1
     3     22       14327       17903   Coal      0     -1  9.8183772e+08       16205.05  1.6504815e-05       30294.19       84.74     -1
     3     23       17903       22372   Coal      0     -1  1.3593263e+09       27068.62  1.9913262e-05      25108.895      89.301     -1
     3     24       22372       27956   Coal      0     -1  1.7743625e+09       40506.72  2.2828886e-05      21902.076      106.82     -1
     3     25       27956       34934   Coal      0     -1  2.1309123e+09       57804.36  2.7126579e-05      18432.107      113.43     -1
     3     26       34934       43654   Coal      0     -1   2.334783e+09       70895.21  3.0364796e-05      16466.437      118.22     -1
     3     27       43654       54551   Coal      0     -1  2.2814037e+09       79945.78  3.5042364e-05      14268.444      112.36     -1
     3     28       54551       68167   Coal      0     -1   1.983314e+09       73996.98  3.7309766e-05      13401.317       97.79     -1
     3     29       68167       85183   Coal      0     -1  1.6106846e+09       57553.41  3.5732265e-05      13992.956      82.587     -1
     3     30       85183  1.0645e+05   Coal      0     -1  1.4869567e+09       29493.56  1.9834849e-05      25208.158      73.036     -1
     3     31  1.0645e+05  1.3302e+05   Coal      0     -1  1.4854589e+09       28924.92  1.9472043e-05       25677.84      73.608     -1
     3     32  1.3302e+05       1e+99   Coal      0     -1  3.2031568e+09        61704.8  1.9263746e-05      25955.491      54.285     -1
     3     -1           0       1e+99  Delay     -1     -1  2.5967832e+09              0              0              0           1     -1
     3     -1           0       1e+99   LogL     -1     -1              1      -15661543      -15661543              0           1     -1
     3     -1           0       1e+99 Recomb     -1     -1           4257  1.2771005e-05  3.0000011e-09              0           1     -1
     3     -1           0       1e+99 Resamp     -1     -1  2.5967832e+09         717992  0.00027649286              0           1     -1
     2      0           0         133   Coal      0     -1      312531.45      18.336385  5.8670528e-05      8522.1664      1.6206     -1
     2      1         133       166.2   Coal      0     -1      167540.28      1.4187102  8.4678751e-06      59046.691      2.5611     -1
     2      2       166.2      207.68   Coal      0     -1       260783.2     0.90350481  3.4645821e-06      144317.55      2.7526     -1
     2      3      207.68      259.53   Coal      0     -1       404070.8      6.1367331  1.5187272e-05      32922.305      3.1787     -1
     2      4      259.53      324.31   Coal      0     -1      629454.54      9.7610308  1.5507126e-05      32243.241       3.259     -1
     2      5      324.31      405.26   Coal      0     -1      977135.56      17.429479   1.783732e-05      28031.117      4.3441     -1
     2      6      405.26      506.42   Coal      0     -1      1516844.5      51.290258  3.3813788e-05      14786.868      4.9036     -1
     2      7      506.42      632.82   Coal      0     -1      2357915.8      91.299241  3.8720315e-05      12913.118      5.6597     -1
     2      8      632.82      790.79   Coal      0     -1      3619513.9      219.91737  6.0758815e-05      8229.2587      7.2071     -1
     2      9      790.79      988.18   Coal      0     -1      5521162.5       316.2345  5.7276796e-05      8729.5386      7.2387     -1
     2     10      988.18      1234.8   Coal      0     -1      8392088.2      420.12407  5.0061922e-05      9987.6309      10.581     -1
     2     11      1234.8      1543.1   Coal      0     -1       12722171      613.54481  4.8226425e-05       10367.76      13.525     -1
     2     12      1543.1      1928.2   Coal      0     -1       19273881      826.13771  4.2863071e-05      11665.053      14.394     -1
     2     13      1928.2      2409.6   Coal      0     -1       29095614        1208.11  4.1522066e-05       12041.79      15.789     -1
     2     14      2409.6        3011   Coal      0     -1       43701322        1683.89  3.8531787e-05      12976.299      19.561     -1
     2     15        3011      3762.6   Coal      0     -1       65226752        2431.99  3.7285162e-05       13410.16      24.236     -1
     2     16      3762.6      4701.8   Coal      0     -1       96747543        3535.68  3.6545424e-05      13681.603      28.639     -1
     2     17      4701.8      5875.5   Coal      0     -1  1.4158957e+08        5336.74  3.7691619e-05      13265.549      30.321     -1
     2     18      5875.5      7342.1   Coal      0     -1  2.0657456e+08        5699.25  2.7589312e-05       18122.96      43.641     -1
     2     19      7342.1      9174.7   Coal      0     -1  3.0619265e+08        6251.07   2.041548e-05      24491.219      44.847     -1
     2     20      9174.7       11465   Coal      0     -1  4.5653983e+08        7629.06  1.6710612e-05      29921.106      59.536     -1
     2     21       11465       14327   Coal      0     -1  6.7554041e+08       10377.91  1.5362382e-05      32547.036      62.495     -1
     2     22       14327       17903   Coal      0     -1  9.8178978e+08       15814.67     1.6108e-05      31040.476       84.25     -1
     2     23       17903       22372   Coal      0     -1  1.3637525e+09       26457.61  1.9400595e-05      25772.405      88.717     -1
     2     24       22372       27956   Coal      0     -1  1.7855349e+09       39918.16  2.2356416e-05      22364.945      102.12     -1
     2     25       27956       34934   Coal      0     -1  2.1523078e+09       57487.03  2.6709484e-05      18719.943      107.74     -1
     2     26       34934       43654   Coal      0     -1  2.3654538e+09       71326.24  3.0153301e-05      16581.933      117.65     -1
     2     27       43654       54551   Coal      0     -1  2.3086023e+09       80899.38   3.504258e-05      14268.356      111.83     -1
     2     28       54551       68167   Coal      0     -1  1.9972583e+09       75002.02  3.7552489e-05      13314.697      96.237     -1
     2     29       68167       85183   Coal      0     -1  1.6096322e+09       58404.26  3.6284227e-05      13780.092      81.652     -1
     2     30       85183  1.0645e+05   Coal      0     -1  1.4673758e+09        29675.5  2.0223518e-05      24723.691      70.482     -1
     2     31  1.0645e+05  1.3302e+05   Coal      0     -1  1.4529623e+09       28969.33  1.9938116e-05      25077.596      71.087     -1
     2     32  1.3302e+05       1e+99   Coal      0     -1   3.039829e+09       60073.72  1.9762204e-05      25300.822      54.162     -1
     2     -1           0       1e+99  Delay     -1     -1  2.5967832e+09              0              0              0           1     -1
     2     -1           0       1e+99   LogL     -1     -1              1      -15661769      -15661769              0           1     -1
     2     -1           0       1e+99 Recomb     -1     -1           4257  1.2771005e-05  3.0000011e-09              0           1     -1
     2     -1           0       1e+99 Resamp     -1     -1  2.5967832e+09         714334  0.00027508419              0           1     -1
     1      0           0         133   Coal      0     -1      309202.08      13.079906  4.2302128e-05      11819.736       1.508     -1
     1      1         133       166.2   Coal      0     -1      166305.96      1.4965614  8.9988442e-06      55562.691      2.5588     -1
     1      2       166.2      207.68   Coal      0     -1      258928.55      1.7822413  6.8831394e-06      72641.271      2.7229     -1
     1      3      207.68      259.53   Coal      0     -1      402498.52      5.5661202  1.3828921e-05      36156.111      2.9372     -1
     1      4      259.53      324.31   Coal      0     -1      630348.13      8.9234241  1.4156343e-05      35319.857      4.2966     -1
     1      5      324.31      405.26   Coal      0     -1      981138.72      16.512903  1.6830345e-05      29708.245      4.7382     -1
     1      6      405.26      506.42   Coal      0     -1      1519739.5      43.463532   2.859933e-05      17482.927      5.4793     -1
     1      7      506.42      632.82   Coal      0     -1      2352834.4      75.290209  3.1999791e-05      15625.102      5.5024     -1
     1      8      632.82      790.79   Coal      0     -1      3609551.4      200.56255  5.5564396e-05      8998.5681      7.7552     -1
     1      9      790.79      988.18   Coal      0     -1      5514598.9      289.97066  5.2582368e-05       9508.891      8.0281     -1
     1     10      988.18      1234.8   Coal      0     -1      8404789.6       409.3253  4.8701434e-05      10266.638      9.9982     -1
     1     11      1234.8      1543.1   Coal      0     -1       12745549       594.0238  4.6606371e-05      10728.147       12.86     -1
     1     12      1543.1      1928.2   Coal      0     -1       19320210       817.2498  4.2300255e-05       11820.26      14.516     -1
     1     13      1928.2      2409.6   Coal      0     -1       29184295        1219.03  4.1770068e-05      11970.294      14.536     -1
     1     14      2409.6        3011   Coal      0     -1       43771483        1712.29  3.9118848e-05      12781.562      20.505     -1
     1     15        3011      3762.6   Coal      0     -1       65216821        2512.88  3.8531164e-05      12976.509      25.524     -1
     1     16      3762.6      4701.8   Coal      0     -1       96504802        3663.61  3.7962981e-05      13170.725      29.111     -1
     1     17      4701.8      5875.5   Coal      0     -1  1.4086417e+08        5462.03  3.8775154e-05      12894.855      31.156     -1
     1     18      5875.5      7342.1   Coal      0     -1  2.0605865e+08        5800.78  2.8151111e-05      17761.288      40.781     -1
     1     19      7342.1      9174.7   Coal      0     -1  3.0465329e+08        6245.99  2.0501961e-05       24387.91      47.033     -1
     1     20      9174.7       11465   Coal      0     -1   4.548224e+08        7499.74  1.6489381e-05      30322.545       61.44     -1
     1     21       11465       14327   Coal      0     -1  6.7469645e+08       10108.87  1.4982841e-05      33371.507      64.899     -1
     1     22       14327       17903   Coal      0     -1  9.8274533e+08       15408.02  1.5678548e-05      31890.708      82.508     -1
     1     23       17903       22372   Coal      0     -1  1.3718099e+09       25805.98   1.881163e-05      26579.302      94.633     -1
     1     24       22372       27956   Coal      0     -1  1.8027567e+09       39280.44  2.1789097e-05      22947.257      104.92     -1
     1     25       27956       34934   Coal      0     -1  2.1798818e+09       57113.45  2.6200251e-05      19083.786      108.45     -1
     1     26       34934       43654   Coal      0     -1  2.4012414e+09        71731.7  2.9872756e-05      16737.659      119.29     -1
     1     27       43654       54551   Coal      0     -1  2.3403471e+09       82019.97  3.5046071e-05      14266.935       115.4     -1
     1     28       54551       68167   Coal      0     -1  2.0133258e+09       76144.98  3.7820495e-05      13220.345      99.469     -1
     1     29       68167       85183   Coal      0     -1  1.6068926e+09       59309.69  3.6909554e-05      13546.628      84.233     -1
     1     30       85183  1.0645e+05   Coal      0     -1  1.4487036e+09       29950.84  2.0674235e-05      24184.691      70.913     -1
     1     31  1.0645e+05  1.3302e+05   Coal      0     -1  1.4145794e+09       28965.69  2.0476539e-05      24418.189      70.523     -1
     1     32  1.3302e+05       1e+99   Coal      0     -1  2.8694735e+09       58355.82  2.0336769e-05      24586.009      54.691     -1
     1     -1           0       1e+99  Delay     -1     -1  2.5967832e+09              0              0              0           1     -1
     1     -1           0       1e+99   LogL     -1     -1              1      -15662169      -15662169              0           1     -1
     1     -1           0       1e+99 Recomb     -1     -1           4257  1.2771005e-05  3.0000011e-09              0           1     -1
     1     -1           0       1e+99 Resamp     -1     -1  2.5967832e+09         711259  0.00027390004              0           1     -1
     0      0           0         133   Coal      0     -1      308897.99      8.4218592  2.7264209e-05      18339.062       1.395     -1
     0      1         133       166.2   Coal      0     -1      165906.85      1.3529398  8.1548158e-06      61313.463      2.3841     -1
     0      2       166.2      207.68   Coal      0     -1      258257.48      1.2137519  4.6997742e-06      106388.09      2.5966     -1
     0      3      207.68      259.53   Coal      0     -1      403653.64      4.3867339  1.0867569e-05      46008.448      2.6269     -1
     0      4      259.53      324.31   Coal      0     -1      629317.58         6.7955  1.0798205e-05      46303.994      3.7188     -1
     0      5      324.31      405.26   Coal      0     -1       976811.9      12.921544  1.3228283e-05        37797.8       3.814     -1
     0      6      405.26      506.42   Coal      0     -1        1515660      33.905612  2.2370198e-05      22351.166      6.1783     -1
     0      7      506.42      632.82   Coal      0     -1      2351350.9      69.089918  2.9383075e-05      17016.599      6.0093     -1
     0      8      632.82      790.79   Coal      0     -1      3619667.8      182.04302  5.0292743e-05      9941.7921      6.5717     -1
     0      9      790.79      988.18   Coal      0     -1      5531694.9      262.09019  4.7379726e-05      10553.037      9.0118     -1
     0     10      988.18      1234.8   Coal      0     -1      8448002.7      389.63383  4.6121414e-05      10840.951      10.245     -1
     0     11      1234.8      1543.1   Coal      0     -1       12870859      570.76001  4.4345136e-05      11275.194      11.454     -1
     0     12      1543.1      1928.2   Coal      0     -1       19485113       815.2462  4.1839439e-05      11950.447      14.957     -1
     0     13      1928.2      2409.6   Coal      0     -1       29407234        1224.74  4.1647575e-05      12005.501      15.883     -1
     0     14      2409.6        3011   Coal      0     -1       44020588        1764.67  4.0087379e-05      12472.754      20.504     -1
     0     15        3011      3762.6   Coal      0     -1       65452413         2596.8  3.9674626e-05      12602.513      25.484     -1
     0     16      3762.6      4701.8   Coal      0     -1       96591408        3819.27  3.9540473e-05      12645.271      30.418     -1
     0     17      4701.8      5875.5   Coal      0     -1  1.4054003e+08        5617.74  3.9972527e-05      12508.591      31.461     -1
     0     18      5875.5      7342.1   Coal      0     -1  2.0526989e+08        5885.44  2.8671716e-05      17438.789      39.684     -1
     0     19      7342.1      9174.7   Coal      0     -1  3.0346896e+08        6242.15  2.0569319e-05      24308.048      49.299     -1
     0     20      9174.7       11465   Coal      0     -1  4.5311124e+08         7347.1  1.6214782e-05       30836.06      56.369     -1
     0     21       11465       14327   Coal      0     -1  6.7388073e+08        9801.57  1.4544963e-05      34376.162      66.284     -1
     0     22       14327       17903   Coal      0     -1   9.842397e+08       14924.53  1.5163511e-05      32973.893      80.009     -1
     0     23       17903       22372   Coal      0     -1  1.3798243e+09        25100.4  1.8191012e-05      27486.101      92.167     -1
     0     24       22372       27956   Coal      0     -1  1.8250852e+09       38658.82  2.1181926e-05       23605.03       111.8     -1
     0     25       27956       34934   Coal      0     -1  2.2118215e+09       56653.78  2.5614084e-05      19520.511      109.79     -1
     0     26       34934       43654   Coal      0     -1  2.4369233e+09       71991.58  2.9541996e-05      16925.058      115.51     -1
     0     27       43654       54551   Coal      0     -1  2.3802152e+09       83312.57  3.5002116e-05      14284.851      116.32     -1
     0     28       54551       68167   Coal      0     -1   2.034997e+09       77511.27  3.8089133e-05      13127.104      100.06     -1
     0     29       68167       85183   Coal      0     -1  1.6052325e+09       60381.35   3.761533e-05      13292.453      82.625     -1
     0     30       85183  1.0645e+05   Coal      0     -1  1.4307552e+09       30357.54  2.1217843e-05      23565.072      70.726     -1
     0     31  1.0645e+05  1.3302e+05   Coal      0     -1  1.3749205e+09       28999.97  2.1092106e-05      23705.551      67.981     -1
     0     32  1.3302e+05       1e+99   Coal      0     -1  2.6815509e+09        56379.6  2.1024998e-05      23781.216      55.539     -1
     0     -1           0       1e+99  Delay     -1     -1  2.5967832e+09              0              0              0           1     -1
     0     -1           0       1e+99   LogL     -1     -1              1      -15662633      -15662633              0           1     -1
     0     -1           0       1e+99 Recomb     -1     -1           4257  1.2771005e-05  3.0000011e-09              0           1     -1
     0     -1           0       1e+99 Resamp     -1     -1  2.5967832e+09         707528  0.00027246326              0           1     -1
