  Iter  Epoch       Start         End   Type   From     To            Opp          Count           Rate             Ne         ESS  Clump
    10      0           0         133   Coal      0     -1      305725.39      31.755213  0.00010386842      4813.7827      1.4932     -1
    10      1         133       166.2   Coal      0     -1      165619.07      7.0781105  4.2737292e-05      11699.384      1.9148     -1
    10      2       166.2      207.68   Coal      0     -1      259168.56      7.4162447  2.8615526e-05      17473.032      2.4581     -1
    10      3      207.68      259.53   Coal      0     -1      401907.28      21.353906  5.3131423e-05      9410.6269      3.0478     -1
    10      4      259.53      324.31   Coal      0     -1      618215.52      22.414585   3.625691e-05      13790.475      3.6731     -1
    10      5      324.31      405.26   Coal      0     -1      961663.85      55.476838  5.7688389e-05      8667.2553       4.348     -1
    10      6      405.26      506.42   Coal      0     -1      1478352.8      96.862853  6.5520798e-05      7631.1647      5.3871     -1
    10      7      506.42      632.82   Coal      0     -1      2271210.8      122.84296  5.4086991e-05      9244.3672      6.3619     -1
    10      8      632.82      790.79   Coal      0     -1        3466278      268.30933    7.74056e-05       6459.481      7.7235     -1
    10      9      790.79      988.18   Coal      0     -1      5282922.1      299.84886  5.6758147e-05      8809.3081      9.4521     -1
    10     10      988.18      1234.8   Coal      0     -1        8067506      378.55521   4.692345e-05      10655.653      10.624     -1
    10     11      1234.8      1543.1   Coal      0     -1       12338397      468.13244  3.7941108e-05      13178.318      12.498     -1
    10     12      1543.1      1928.2   Coal      0     -1       18916653      587.87939  3.1077348e-05      16088.889      16.326     -1
    10     13      1928.2      2409.6   Coal      0     -1       29029379      721.25313  2.4845627e-05      20124.266      18.729     -1
    10     14      2409.6        3011   Coal      0     -1       44502334      1061.7866  2.3859121e-05      20956.346      20.737     -1
    10     15        3011      3762.6   Coal      0     -1       67738751      1474.9436     2.1774e-05      22963.167      26.282     -1
    10     16      3762.6      4701.8   Coal      0     -1  1.0269978e+08      2386.2955  2.3235645e-05      21518.662      33.013     -1
    10     17      4701.8      5875.5   Coal      0     -1  1.5346715e+08      3932.0846  2.5621669e-05      19514.732      34.049     -1
    10     18      5875.5      7342.1   Coal      0     -1  2.2801186e+08      4861.1373  2.1319669e-05      23452.522      43.671     -1
    10     19      7342.1      9174.7   Coal      0     -1  3.3827758e+08      6065.5596  1.7930717e-05      27885.109      46.685     -1
    10     20      9174.7       11465   Coal      0     -1  5.0188874e+08      8308.5339  1.6554533e-05      30203.207      65.274     -1
    10     21       11465       14327   Coal      0     -1  7.3484337e+08       12005.77  1.6337862e-05      30603.759      73.434     -1
    10     22       14327       17903   Coal      0     -1  1.0478878e+09      19350.933  1.8466608e-05      27075.898      82.079     -1
    10     23       17903       22372   Coal      0     -1  1.4258755e+09       31270.64  2.1930835e-05      22798.949      98.849     -1
    10     24       22372       27956   Coal      0     -1  1.8147069e+09       46244.01  2.5482909e-05      19620.994      103.38     -1
    10     25       27956       34934   Coal      0     -1  2.1336956e+09       62668.04  2.9370657e-05      17023.794      113.28     -1
    10     26       34934       43654   Coal      0     -1  2.3110467e+09       72774.68  3.1489922e-05      15878.096      118.67     -1
    10     27       43654       54551   Coal      0     -1  2.2698029e+09       79365.54  3.4965828e-05      14299.675      110.33     -1
    10     28       54551       68167   Coal      0     -1  2.0161704e+09       73027.66  3.6220977e-05      13804.156      95.993     -1
    10     29       68167       85183   Coal      0     -1  1.6978445e+09       56659.11    3.33712e-05      14982.979      82.053     -1
    10     30       85183  1.0645e+05   Coal      0     -1  1.6413489e+09       29680.11  1.8082755e-05      27650.654      75.701     -1
    10     31  1.0645e+05  1.3302e+05   Coal      0     -1  1.7091647e+09       29897.97  1.7492737e-05      28583.291      74.619     -1
    10     32  1.3302e+05       1e+99   Coal      0     -1  4.3050733e+09       73853.81  1.7155065e-05      29145.912      59.048     -1
    10     -1           0       1e+99  Delay     -1     -1  2.5961247e+09              0              0              0           1     -1
    10     -1           0       1e+99   LogL     -1     -1              1      -16420847      -16420847              0           1     -1
    10     -1           0       1e+99 Recomb     -1     -1           4224  1.2672004e-05   3.000001e-09              0           1     -1
    10     -1           0       1e+99 Resamp     -1     -1  2.5961247e+09         757700   0.0002918581              0           1     -1
     9      0           0         133   Coal      0     -1      313195.26      33.650212  0.00010744164      4653.6893      1.4668     -1
     9      1         133       166.2   Coal      0     -1       166049.7       6.218747  3.7451118e-05      13350.736      2.1057     -1
     9      2       166.2      207.68   Coal      0     -1      256590.54      6.4941847  2.5309525e-05      19755.408      2.6118     -1
     9      3      207.68      259.53   Coal      0     -1         397011      16.879304  4.2515962e-05      11760.289      3.2661     -1
     9      4      259.53      324.31   Coal      0     -1      614316.95      19.474749  3.1701468e-05       15772.14      3.9076     -1
     9      5      324.31      405.26   Coal      0     -1      952427.92      55.838293  5.8627316e-05      8528.4477      4.2785     -1
     9      6      405.26      506.42   Coal      0     -1      1473808.8      91.744858  6.2250177e-05      8032.1057      5.1824     -1
     9      7      506.42      632.82   Coal      0     -1      2272265.4      112.41254  4.9471571e-05      10106.815      5.9637     -1
     9      8      632.82      790.79   Coal      0     -1      3474831.9      262.64037   7.558362e-05      6615.1899      7.6548     -1
     9      9      790.79      988.18   Coal      0     -1      5276288.2      298.32984  5.6541612e-05      8843.0446      9.4621     -1
     9     10      988.18      1234.8   Coal      0     -1      8073463.9      379.58394  4.7016244e-05      10634.622      10.329     -1
     9     11      1234.8      1543.1   Coal      0     -1       12368667      461.40486  3.7304331e-05       13403.27      12.242     -1
     9     12      1543.1      1928.2   Coal      0     -1       18965460      596.38125  3.1445652e-05      15900.449      15.282     -1
     9     13      1928.2      2409.6   Coal      0     -1       29056841      725.00005  2.4951097e-05      20039.199      17.884     -1
     9     14      2409.6        3011   Coal      0     -1       44468311      1089.6026    2.45029e-05      20405.748      20.597     -1
     9     15        3011      3762.6   Coal      0     -1       67696184      1507.1983  2.2264154e-05      22457.624      26.122     -1
     9     16      3762.6      4701.8   Coal      0     -1  1.0254629e+08      2449.0309  2.3882199e-05      20936.095      30.724     -1
     9     17      4701.8      5875.5   Coal      0     -1  1.5314078e+08      3998.4419  2.6109583e-05      19150.057      34.398     -1
     9     18      5875.5      7342.1   Coal      0     -1  2.2745307e+08      4913.5411  2.1602439e-05      23145.534      41.182     -1
     9     19      7342.1      9174.7   Coal      0     -1  3.3745161e+08      6095.7339  1.8064024e-05      27679.325      47.504     -1
     9     20      9174.7       11465   Coal      0     -1  5.0045632e+08      8292.3414  1.6569561e-05      30175.815      63.176     -1
     9     21       11465       14327   Coal      0     -1  7.3347895e+08      11919.401  1.6250502e-05      30768.279      72.399     -1
     9     22       14327       17903   Coal      0     -1  1.0462736e+09       19137.47  1.8291076e-05      27335.735      78.213     -1
     9     23       17903       22372   Coal      0     -1    1.42721e+09       30980.47  2.1707015e-05      23034.028      100.53     -1
     9     24       22372       27956   Coal      0     -1  1.8192766e+09       45917.54  2.5239449e-05      19810.258       104.2     -1
     9     25       27956       34934   Coal      0     -1  2.1424279e+09        62518.9  2.9181332e-05      17134.242      114.68     -1
     9     26       34934       43654   Coal      0     -1  2.3232734e+09       73037.52  3.1437333e-05      15904.657      121.86     -1
     9     27       43654       54551   Coal      0     -1  2.2808505e+09       79845.26  3.5006793e-05      14282.942      114.05     -1
     9     28       54551       68167   Coal      0     -1  2.0172726e+09       73309.05  3.6340676e-05      13758.687      95.436     -1
     9     29       68167       85183   Coal      0     -1  1.6931918e+09       56840.77  3.3570189e-05      14894.167      80.777     -1
     9     30       85183  1.0645e+05   Coal      0     -1    1.63366e+09      29750.321   1.821084e-05      27456.175       74.21     -1
     9     31  1.0645e+05  1.3302e+05   Coal      0     -1  1.7032657e+09      30040.151  1.7636797e-05      28349.819      75.202     -1
     9     32  1.3302e+05       1e+99   Coal      0     -1   4.224115e+09       73168.04  1.7321508e-05      28865.848      59.139     -1
     9     -1           0       1e+99  Delay     -1     -1  2.5961247e+09              0              0              0           1     -1
     9     -1           0       1e+99   LogL     -1     -1              1      -16420943      -16420943              0           1     -1
     9     -1           0       1e+99 Recomb     -1     -1           4224  1.2672004e-05   3.000001e-09              0           1     -1
     9     -1           0       1e+99 Resamp     -1     -1  2.5961247e+09         756964   0.0002915746              0           1     -1
     8      0           0         133   Coal      0     -1      304246.13      34.630062  0.00011382252      4392.8037      1.5285     -1
     8      1         133       166.2   Coal      0     -1      162831.12      5.7070862  3.5049112e-05      14265.696      2.2831     -1
     8      2       166.2      207.68   Coal      0     -1      252412.49      8.5773268  3.3981388e-05      14713.937      2.4718     -1
     8      3      207.68      259.53   Coal      0     -1      393376.03      14.613164  3.7148079e-05      13459.646      3.1535     -1
     8      4      259.53      324.31   Coal      0     -1      616128.47      16.054448  2.6056982e-05      19188.715      4.0504     -1
     8      5      324.31      405.26   Coal      0     -1      954085.85      59.669591  6.2541113e-05       7994.741      4.4052     -1
     8      6      405.26      506.42   Coal      0     -1      1470101.8      89.756188  6.1054404e-05      8189.4174      5.4025     -1
     8      7      506.42      632.82   Coal      0     -1      2260998.1      110.31012  4.8788241e-05      10248.371      6.6148     -1
     8      8      632.82      790.79   Coal      0     -1      3455302.7      255.40294  7.3916225e-05      6764.4147      8.0812     -1
     8      9      790.79      988.18   Coal      0     -1      5288115.7      294.51499  5.5693749e-05      8977.6682      9.0392     -1
     8     10      988.18      1234.8   Coal      0     -1      8096322.9      371.51937   4.588742e-05      10896.233      10.226     -1
     8     11      1234.8      1543.1   Coal      0     -1       12413491      465.39657  3.7491192e-05      13336.466      12.782     -1
     8     12      1543.1      1928.2   Coal      0     -1       19013037      597.70036  3.1436344e-05      15905.157      13.952     -1
     8     13      1928.2      2409.6   Coal      0     -1       29111166      737.00181  2.5316808e-05      19749.725      19.407     -1
     8     14      2409.6        3011   Coal      0     -1       44516051      1117.9503   2.511342e-05      19909.673      20.339     -1
     8     15        3011      3762.6   Coal      0     -1       67673805      1547.1691  2.2862157e-05      21870.203      27.448     -1
     8     16      3762.6      4701.8   Coal      0     -1  1.0230964e+08      2501.3898  2.4449208e-05       20450.56      31.787     -1
     8     17      4701.8      5875.5   Coal      0     -1  1.5270418e+08      4065.8384  2.6625587e-05      18778.929      33.564     -1
     8     18      5875.5      7342.1   Coal      0     -1  2.2681377e+08      4983.4187  2.1971411e-05      22756.845      41.504     -1
     8     19      7342.1      9174.7   Coal      0     -1  3.3632486e+08      6134.4073   1.823953e-05      27412.988      48.077     -1
     8     20      9174.7       11465   Coal      0     -1  4.9877568e+08      8261.5479  1.6563654e-05      30186.576      60.834     -1
     8     21       11465       14327   Coal      0     -1  7.3189788e+08      11812.089  1.6138986e-05      30980.882       74.04     -1
     8     22       14327       17903   Coal      0     -1  1.0455739e+09       18857.78  1.8035818e-05      27722.613      75.829     -1
     8     23       17903       22372   Coal      0     -1  1.4295823e+09       30679.02  2.1460128e-05      23299.022      98.174     -1
     8     24       22372       27956   Coal      0     -1  1.8263649e+09        45550.8  2.4940689e-05      20047.561      102.67     -1
     8     25       27956       34934   Coal      0     -1  2.1558598e+09       62414.76  2.8951215e-05      17270.432      112.46     -1
     8     26       34934       43654   Coal      0     -1  2.3381073e+09       73322.66  3.1359835e-05      15943.961      121.28     -1
     8     27       43654       54551   Coal      0     -1  2.2929234e+09       80372.09  3.5052236e-05      14264.425      114.66     -1
     8     28       54551       68167   Coal      0     -1  2.0217362e+09       73703.75  3.6455671e-05      13715.287      95.912     -1
     8     29       68167       85183   Coal      0     -1  1.6938448e+09       57245.65  3.3796277e-05      14794.529      81.249     -1
     8     30       85183  1.0645e+05   Coal      0     -1  1.6299739e+09          29918  1.8354895e-05       27240.69      74.679     -1
     8     31  1.0645e+05  1.3302e+05   Coal      0     -1  1.6847374e+09       30057.23  1.7840899e-05      28025.494      73.521     -1
     8     32  1.3302e+05       1e+99   Coal      0     -1  4.1251717e+09       72346.54  1.7537825e-05      28509.807      57.473     -1
     8     -1           0       1e+99  Delay     -1     -1  2.5961247e+09              0              0              0           1     -1
     8     -1           0       1e+99   LogL     -1     -1              1      -16420971      -16420971              0           1     -1
     8     -1           0       1e+99 Recomb     -1     -1           4224  1.2672004e-05   3.000001e-09              0           1     -1
     8     -1           0       1e+99 Resamp     -1     -1  2.5961247e+09         754894  0.00029077725              0           1     -1
     7      0           0         133   Coal      0     -1      311900.02      31.425125  0.00010075384        4962.59      1.4922     -1
     7      1         133       166.2   Coal      0     -1      166081.47      6.0592894  3.6483838e-05      13704.699      2.0433     -1
     7      2       166.2      207.68   Coal      0     -1      256664.58      11.797387  4.5964221e-05      10878.026      2.5878     -1
     7      3      207.68      259.53   Coal      0     -1      396465.76      11.131669  2.8077251e-05      17808.011      3.0437     -1
     7      4      259.53      324.31   Coal      0     -1      613343.35      15.811375  2.5778995e-05      19395.636       3.901     -1
     7      5      324.31      405.26   Coal      0     -1       949672.1      47.214961  4.9717119e-05      10056.898      4.2667     -1
     7      6      405.26      506.42   Coal      0     -1        1467584      79.115508  5.3908673e-05      9274.9454       5.302     -1
     7      7      506.42      632.82   Coal      0     -1      2263950.4      109.86314  4.8527186e-05      10303.503      6.9385     -1
     7      8      632.82      790.79   Coal      0     -1      3470361.9      257.05722  7.4072164e-05      6750.1741      7.9921     -1
     7      9      790.79      988.18   Coal      0     -1      5304878.3      282.69495   5.328962e-05      9382.6904      9.2496     -1
     7     10      988.18      1234.8   Coal      0     -1        8124993      363.74753  4.4768966e-05      11168.451      9.9855     -1
     7     11      1234.8      1543.1   Coal      0     -1       12438614      457.19403  3.6756026e-05      13603.211      12.477     -1
     7     12      1543.1      1928.2   Coal      0     -1       19042139       593.8024  3.1183597e-05      16034.071      14.185     -1
     7     13      1928.2      2409.6   Coal      0     -1       29117973      749.74234  2.5748438e-05      19418.653      19.767     -1
     7     14      2409.6        3011   Coal      0     -1       44533966       1119.257  2.5132659e-05      19894.433      19.787     -1
     7     15        3011      3762.6   Coal      0     -1       67654379       1607.398  2.3758964e-05      21044.688      26.661     -1
     7     16      3762.6      4701.8   Coal      0     -1  1.0209508e+08      2573.5611  2.5207495e-05      19835.371      30.912     -1
     7     17      4701.8      5875.5   Coal      0     -1  1.5221122e+08      4154.5636  2.7294726e-05      18318.558      33.254     -1
     7     18      5875.5      7342.1   Coal      0     -1  2.2588141e+08      5054.5593  2.2377048e-05      22344.323      40.476     -1
     7     19      7342.1      9174.7   Coal      0     -1  3.3488262e+08      6142.1145  1.8341097e-05      27261.183      48.342     -1
     7     20      9174.7       11465   Coal      0     -1  4.9724554e+08        8218.95  1.6528957e-05      30249.943       62.72     -1
     7     21       11465       14327   Coal      0     -1  7.3000597e+08      11678.438  1.5997729e-05      31254.436      71.657     -1
     7     22       14327       17903   Coal      0     -1  1.0447417e+09      18577.492    1.77819e-05       28118.48      75.088     -1
     7     23       17903       22372   Coal      0     -1  1.4314238e+09        30338.3  2.1194491e-05      23591.036      98.372     -1
     7     24       22372       27956   Coal      0     -1  1.8340066e+09       45182.12  2.4635745e-05      20295.712      102.29     -1
     7     25       27956       34934   Coal      0     -1  2.1690855e+09       62249.62  2.8698555e-05       17422.48      112.41     -1
     7     26       34934       43654   Coal      0     -1  2.3549864e+09       73632.45  3.1266614e-05      15991.498      121.82     -1
     7     27       43654       54551   Coal      0     -1    2.30542e+09       80935.77  3.5106735e-05      14242.281      114.49     -1
     7     28       54551       68167   Coal      0     -1  2.0256573e+09       74116.92  3.6589072e-05      13665.282      94.934     -1
     7     29       68167       85183   Coal      0     -1  1.6920814e+09       57629.35   3.405826e-05      14680.726      81.738     -1
     7     30       85183  1.0645e+05   Coal      0     -1  1.6168494e+09       29971.17  1.8536773e-05      26973.412      74.652     -1
     7     31  1.0645e+05  1.3302e+05   Coal      0     -1  1.6652693e+09       30107.49  1.8079652e-05      27655.399      73.877     -1
     7     32  1.3302e+05       1e+99   Coal      0     -1  4.0006167e+09       71229.38    1.78046e-05       28082.63      56.769     -1
     7     -1           0       1e+99  Delay     -1     -1  2.5961247e+09              0              0              0           1     -1
     7     -1           0       1e+99   LogL     -1     -1              1      -16421067      -16421067              0           1     -1
     7     -1           0       1e+99 Recomb     -1     -1           4224  1.2672004e-05   3.000001e-09              0           1     -1
     7     -1           0       1e+99 Resamp     -1     -1  2.5961247e+09         752950  0.00029002845              0           1     -1
     6      0           0         133   Coal      0     -1      297110.47      31.349325  0.00010551403      4738.7061      1.4821     -1
     6      1         133       166.2   Coal      0     -1      158419.69      8.2108011  5.1829423e-05        9647.03      2.4247     -1
     6      2       166.2      207.68   Coal      0     -1      247223.48      10.239834  4.1419344e-05      12071.654      2.9505     -1
     6      3      207.68      259.53   Coal      0     -1      386120.55       10.89766  2.8223465e-05      17715.756      3.1276     -1
     6      4      259.53      324.31   Coal      0     -1       599056.5      13.851646  2.3122437e-05      21624.018       3.491     -1
     6      5      324.31      405.26   Coal      0     -1      938182.84      41.785547   4.453881e-05      11226.164      4.6658     -1
     6      6      405.26      506.42   Coal      0     -1      1453212.2      77.420444   5.327539e-05      9385.1964      5.0507     -1
     6      7      506.42      632.82   Coal      0     -1        2256582      106.79804  4.7327346e-05      10564.717      6.5689     -1
     6      8      632.82      790.79   Coal      0     -1      3467135.1      243.19257  7.0142223e-05       7128.374      7.3489     -1
     6      9      790.79      988.18   Coal      0     -1      5299019.9      278.81262  5.2615884e-05      9502.8337      10.045     -1
     6     10      988.18      1234.8   Coal      0     -1      8120448.6      363.65631  4.4782785e-05      11165.005      11.164     -1
     6     11      1234.8      1543.1   Coal      0     -1       12430152      450.93331  3.6277377e-05      13782.694       12.68     -1
     6     12      1543.1      1928.2   Coal      0     -1       19047082      589.88467  3.0969818e-05      16144.751      13.915     -1
     6     13      1928.2      2409.6   Coal      0     -1       29184829      775.34566  2.6566736e-05      18820.528      18.804     -1
     6     14      2409.6        3011   Coal      0     -1       44607562      1150.5967  2.5793758e-05      19384.535      19.053     -1
     6     15        3011      3762.6   Coal      0     -1       67641097      1670.7802  2.4700666e-05      20242.369        28.4     -1
     6     16      3762.6      4701.8   Coal      0     -1  1.0202261e+08      2652.1326  2.5995539e-05      19234.069       29.19     -1
     6     17      4701.8      5875.5   Coal      0     -1  1.5183647e+08      4273.4546  2.8145113e-05      17765.074      32.648     -1
     6     18      5875.5      7342.1   Coal      0     -1  2.2496829e+08      5132.3997   2.281388e-05      21916.482      41.131     -1
     6     19      7342.1      9174.7   Coal      0     -1  3.3338663e+08      6179.9088  1.8536763e-05      26973.426      48.224     -1
     6     20      9174.7       11465   Coal      0     -1  4.9517698e+08       8173.767  1.6506759e-05      30290.622      60.259     -1
     6     21       11465       14327   Coal      0     -1  7.2857347e+08       11539.82  1.5838924e-05        31567.8      76.528     -1
     6     22       14327       17903   Coal      0     -1  1.0446449e+09       18284.41   1.750299e-05      28566.548      79.771     -1
     6     23       17903       22372   Coal      0     -1   1.433376e+09       29946.92  2.0892578e-05      23931.944      97.271     -1
     6     24       22372       27956   Coal      0     -1  1.8424244e+09       44736.14  2.4281127e-05      20592.125      104.77     -1
     6     25       27956       34934   Coal      0     -1  2.1824889e+09       62010.22  2.8412616e-05      17597.816      111.26     -1
     6     26       34934       43654   Coal      0     -1  2.3732866e+09       73926.41  3.1149382e-05      16051.683      120.11     -1
     6     27       43654       54551   Coal      0     -1  2.3211915e+09       81568.06  3.5140599e-05      14228.557      114.33     -1
     6     28       54551       68167   Coal      0     -1   2.033718e+09       74729.46  3.6745242e-05      13607.204       95.78     -1
     6     29       68167       85183   Coal      0     -1  1.6876241e+09        58021.3  3.4380464e-05      14543.143      82.176     -1
     6     30       85183  1.0645e+05   Coal      0     -1   1.607072e+09       30139.52  1.8754306e-05      26660.544      74.524     -1
     6     31  1.0645e+05  1.3302e+05   Coal      0     -1  1.6436493e+09       30137.51  1.8335731e-05      27269.161      73.848     -1
     6     32  1.3302e+05       1e+99   Coal      0     -1  3.8667283e+09       69989.22  1.8100372e-05      27623.742        57.4     -1
     6     -1           0       1e+99  Delay     -1     -1  2.5961247e+09              0              0              0           1     -1
     6     -1           0       1e+99   LogL     -1     -1              1      -16421257      -16421257              0           1     -1
     6     -1           0       1e+99 Recomb     -1     -1           4224  1.2672004e-05   3.000001e-09              0           1     -1
     6     -1           0       1e+99 Resamp     -1     -1  2.5961247e+09         751447  0.00028944951              0           1     -1
     5      0           0         133   Coal      0     -1      309107.79      42.590346  0.00013778477      3628.8481      1.4889     -1
     5      1         133       166.2   Coal      0     -1      162831.63      7.5219527  4.6194666e-05      10823.761      1.8834     -1
     5      2       166.2      207.68   Coal      0     -1      251300.92       9.814939  3.9056518e-05       12801.96      2.3728     -1
     5      3      207.68      259.53   Coal      0     -1      387039.25       11.29096  2.9172649e-05      17139.342      3.1202     -1
     5      4      259.53      324.31   Coal      0     -1      601151.79      11.467176  1.9075343e-05      26211.849      3.4835     -1
     5      5      324.31      405.26   Coal      0     -1         942299      33.634676  3.5694271e-05       14007.85      4.4994     -1
     5      6      405.26      506.42   Coal      0     -1      1457446.1      70.079085  4.8083484e-05      10398.581      5.1468     -1
     5      7      506.42      632.82   Coal      0     -1      2251696.1       109.0991  4.8451965e-05      10319.499      6.3096     -1
     5      8      632.82      790.79   Coal      0     -1      3459183.7        236.274  6.8303397e-05      7320.2801      7.5301     -1
     5      9      790.79      988.18   Coal      0     -1      5301445.2      275.27543  5.1924602e-05      9629.3468      9.6704     -1
     5     10      988.18      1234.8   Coal      0     -1      8124401.6      363.50248  4.4742062e-05      11175.167       11.51     -1
     5     11      1234.8      1543.1   Coal      0     -1       12447647      451.78544  3.6294847e-05       13776.06      12.365     -1
     5     12      1543.1      1928.2   Coal      0     -1       19088370      603.58286  3.1620451e-05      15812.551      15.011     -1
     5     13      1928.2      2409.6   Coal      0     -1       29214833      808.84845  2.7686225e-05      18059.522      17.167     -1
     5     14      2409.6        3011   Coal      0     -1       44618158       1196.416  2.6814555e-05       18646.59      19.397     -1
     5     15        3011      3762.6   Coal      0     -1       67552169      1748.6378  2.5885739e-05      19315.655      27.533     -1
     5     16      3762.6      4701.8   Coal      0     -1  1.0171765e+08       2765.164  2.7184703e-05      18392.697      30.621     -1
     5     17      4701.8      5875.5   Coal      0     -1  1.5114099e+08      4399.3768  2.9107767e-05      17177.546      34.457     -1
     5     18      5875.5      7342.1   Coal      0     -1  2.2379164e+08      5219.0501  2.3321023e-05      21439.882      41.366     -1
     5     19      7342.1      9174.7   Coal      0     -1  3.3164817e+08      6203.9588  1.8706446e-05      26728.754      49.799     -1
     5     20      9174.7       11465   Coal      0     -1  4.9284673e+08      8119.7654  1.6475235e-05      30348.582      61.688     -1
     5     21       11465       14327   Coal      0     -1  7.2605996e+08       11381.01  1.5675028e-05       31897.87      77.023     -1
     5     22       14327       17903   Coal      0     -1  1.0427785e+09        17955.2  1.7218613e-05      29038.343      77.443     -1
     5     23       17903       22372   Coal      0     -1  1.4357119e+09       29468.91  2.0525643e-05      24359.773      100.33     -1
     5     24       22372       27956   Coal      0     -1  1.8495761e+09       44193.97  2.3894108e-05      20925.661      101.27     -1
     5     25       27956       34934   Coal      0     -1  2.1991298e+09       61737.35  2.8073536e-05      17810.368      111.46     -1
     5     26       34934       43654   Coal      0     -1  2.3940927e+09       74229.67  3.1005345e-05      16126.252      121.33     -1
     5     27       43654       54551   Coal      0     -1  2.3381003e+09       82244.72  3.5175873e-05      14214.288       113.5     -1
     5     28       54551       68167   Coal      0     -1  2.0460166e+09       75502.35   3.690212e-05      13549.357      97.967     -1
     5     29       68167       85183   Coal      0     -1  1.6864818e+09        58586.3  3.4738769e-05      14393.141      82.425     -1
     5     30       85183  1.0645e+05   Coal      0     -1  1.5940811e+09       30312.55  1.9015689e-05      26294.077      74.687     -1
     5     31  1.0645e+05  1.3302e+05   Coal      0     -1  1.6202901e+09       30195.32  1.8635749e-05      26830.153      74.462     -1
     5     32  1.3302e+05       1e+99   Coal      0     -1  3.7210696e+09       68542.61  1.8420137e-05      27144.207       55.27     -1
     5     -1           0       1e+99  Delay     -1     -1  2.5961247e+09              0              0              0           1     -1
     5     -1           0       1e+99   LogL     -1     -1              1      -16421319      -16421319              0           1     -1
     5     -1           0       1e+99 Recomb     -1     -1           4224  1.2672004e-05   3.000001e-09              0           1     -1
     5     -1           0       1e+99 Resamp     -1     -1  2.5961247e+09         748327  0.00028824771              0           1     -1
     4      0           0         133   Coal      0     -1      302343.28      31.931979  0.00010561498       4734.177      1.5824     -1
     4      1         133       166.2   Coal      0     -1      163733.41       3.936569  2.4042552e-05      20796.461       2.298     -1
     4      2       166.2      207.68   Coal      0     -1      254127.99        9.15695  3.6032828e-05      13876.235       2.665     -1
     4      3      207.68      259.53   Coal      0     -1      392965.99      9.5458695  2.4291846e-05      20583.038      3.0377     -1
     4      4      259.53      324.31   Coal      0     -1      613125.51      9.4894014  1.5477094e-05      32305.805      3.2606     -1
     4      5      324.31      405.26   Coal      0     -1      951261.07      27.628614  2.9044197e-05      17215.143      4.2893     -1
     4      6      405.26      506.42   Coal      0     -1      1473538.8      66.210536  4.4933011e-05      11127.676      5.2666     -1
     4      7      506.42      632.82   Coal      0     -1      2281785.3      105.20477  4.6106338e-05      10844.496       6.791     -1
     4      8      632.82      790.79   Coal      0     -1      3483743.5       222.5505  6.3882575e-05      7826.8604      7.4025     -1
     4      9      790.79      988.18   Coal      0     -1      5321073.4      264.97603  4.9797477e-05      10040.669      8.9622     -1
     4     10      988.18      1234.8   Coal      0     -1      8134813.4       358.0833  4.4018625e-05      11358.828      12.927     -1
     4     11      1234.8      1543.1   Coal      0     -1       12456067      451.66386  3.6260552e-05       13789.09       12.53     -1
     4     12      1543.1      1928.2   Coal      0     -1       19064893      606.80776  3.1828543e-05       15709.17      14.608     -1
     4     13      1928.2      2409.6   Coal      0     -1       29155066      831.37807  2.8515733e-05       17534.18      16.573     -1
     4     14      2409.6        3011   Coal      0     -1       44465316       1238.889  2.7861918e-05      17945.642      22.566     -1
     4     15        3011      3762.6   Coal      0     -1       67349297      1835.9867  2.7260666e-05      18341.445      28.109     -1
     4     16      3762.6      4701.8   Coal      0     -1  1.0122707e+08      2877.9828  2.8430961e-05      17586.461      29.245     -1
     4     17      4701.8      5875.5   Coal      0     -1  1.5015134e+08      4566.8555  3.0415017e-05      16439.248      34.757     -1
     4     18      5875.5      7342.1   Coal      0     -1  2.2199265e+08      5311.4001  2.3926018e-05      20897.752      42.638     -1
     4     19      7342.1      9174.7   Coal      0     -1  3.2920662e+08      6212.4857  1.8871083e-05      26495.564      51.578     -1
     4     20      9174.7       11465   Coal      0     -1  4.8994714e+08      8051.4167  1.6433235e-05      30426.145      62.069     -1
     4     21       11465       14327   Coal      0     -1  7.2304839e+08      11201.487  1.5492029e-05      32274.662      77.298     -1
     4     22       14327       17903   Coal      0     -1  1.0413179e+09      17561.354  1.6864547e-05      29647.995       79.45     -1
     4     23       17903       22372   Coal      0     -1  1.4389961e+09       29012.92  2.0161917e-05      24799.229      101.85     -1
     4     24       22372       27956   Coal      0     -1  1.8604212e+09       43614.61  2.3443406e-05      21327.959      104.67     -1
     4     25       27956       34934   Coal      0     -1   2.219686e+09       61450.73  2.7684425e-05      18060.696       113.3     -1
     4     26       34934       43654   Coal      0     -1  2.4150164e+09       74427.67  3.0818702e-05      16223.915      117.59     -1
     4     27       43654       54551   Coal      0     -1  2.3619367e+09       83090.25  3.5178863e-05       14213.08      116.61     -1
     4     28       54551       68167   Coal      0     -1   2.059669e+09       76430.38  3.7108088e-05      13474.151       100.4     -1
     4     29       68167       85183   Coal      0     -1  1.6836541e+09       59209.41  3.5167205e-05      14217.792      84.663     -1
     4     30       85183  1.0645e+05   Coal      0     -1  1.5791531e+09       30504.12  1.9316759e-05      25884.259      75.202     -1
     4     31  1.0645e+05  1.3302e+05   Coal      0     -1  1.5950724e+09       30282.29    1.89849e-05      26336.721      75.686     -1
     4     32  1.3302e+05       1e+99   Coal      0     -1  3.5632406e+09       66998.69  1.8802741e-05      26591.867      57.376     -1
     4     -1           0       1e+99  Delay     -1     -1  2.5961247e+09              0              0              0           1     -1
     4     -1           0       1e+99   LogL     -1     -1              1      -16421602      -16421602              0           1     -1
     4     -1           0       1e+99 Recomb     -1     -1           4224  1.2672004e-05   3.000001e-09              0           1     -1
     4     -1           0       1e+99 Resamp     -1     -1  2.5961247e+09         745469  0.00028714684              0           1     -1
     3      0           0         133   Coal      0     -1      303041.39      24.142138   7.966614e-05      6276.1921      1.5807     -1
     3      1         133       166.2   Coal      0     -1      163019.52      4.3005799  2.6380767e-05      18953.202      2.2718     -1
     3      2       166.2      207.68   Coal      0     -1      254002.81      6.8596624  2.7006246e-05      18514.235      2.6251     -1
     3      3      207.68      259.53   Coal      0     -1      392413.03      7.5460305  1.9229816e-05      26001.288      3.2454     -1
     3      4      259.53      324.31   Coal      0     -1      608496.27      9.7979811  1.6101958e-05      31052.125      3.9119     -1
     3      5      324.31      405.26   Coal      0     -1      947791.67      25.418546  2.6818705e-05      18643.704      4.4598     -1
     3      6      405.26      506.42   Coal      0     -1      1472365.3      56.071992  3.8082936e-05       13129.24      4.8131     -1
     3      7      506.42      632.82   Coal      0     -1      2274261.2      97.884504  4.3040132e-05      11617.065      6.5382     -1
     3      8      632.82      790.79   Coal      0     -1      3491294.4      206.74579  5.9217517e-05      8443.4476      7.4416     -1
     3      9      790.79      988.18   Coal      0     -1      5344119.7      257.33141  4.8152255e-05       10383.73      8.7005     -1
     3     10      988.18      1234.8   Coal      0     -1      8172124.5      361.82033  4.4274941e-05       11293.07       11.44     -1
     3     11      1234.8      1543.1   Coal      0     -1       12501251       450.0049  3.5996788e-05      13890.128       13.97     -1
     3     12      1543.1      1928.2   Coal      0     -1       19147588      622.53247  3.2512319e-05      15378.786       14.66     -1
     3     13      1928.2      2409.6   Coal      0     -1       29184801      867.09426  2.9710473e-05      16829.082      17.309     -1
     3     14      2409.6        3011   Coal      0     -1       44387841      1307.0362  2.9445816e-05      16980.341      23.181     -1
     3     15        3011      3762.6   Coal      0     -1       67128299      1931.6816  2.8775965e-05      17375.612      28.445     -1
     3     16      3762.6      4701.8   Coal      0     -1  1.0072839e+08      3029.4656  3.0075587e-05      16624.779      29.367     -1
     3     17      4701.8      5875.5   Coal      0     -1  1.4920389e+08      4742.9619  3.1788459e-05      15728.979      37.519     -1
     3     18      5875.5      7342.1   Coal      0     -1  2.2019312e+08        5423.64  2.4631288e-05      20299.385      42.159     -1
     3     19      7342.1      9174.7   Coal      0     -1  3.2656377e+08      6225.7265  1.9064352e-05      26226.961      52.588     -1
     3     20      9174.7       11465   Coal      0     -1  4.8640291e+08      7964.8023  1.6374907e-05      30534.525      58.428     -1
     3     21       11465       14327   Coal      0     -1  7.2003747e+08      10983.055   1.525345e-05       32779.47      84.396     -1
     3     22       14327       17903   Coal      0     -1  1.0394472e+09       17127.75  1.6477749e-05       30343.95       81.87     -1
     3     23       17903       22372   Coal      0     -1  1.4400426e+09       28428.17  1.9741201e-05       25327.74      101.84     -1
     3     24       22372       27956   Coal      0     -1  1.8710839e+09       42964.94  2.2962594e-05      21774.543      108.61     -1
     3     25       27956       34934   Coal      0     -1  2.2403516e+09       61074.13  2.7260958e-05      18341.248      115.38     -1
     3     26       34934       43654   Coal      0     -1  2.4414349e+09        74623.4  3.0565386e-05      16358.373      119.29     -1
     3     27       43654       54551   Coal      0     -1  2.3862268e+09       83941.86  3.5177654e-05      14213.569      118.31     -1
     3     28       54551       68167   Coal      0     -1  2.0714742e+09       77337.35   3.733445e-05      13392.457      101.93     -1
     3     29       68167       85183   Coal      0     -1  1.6781868e+09       59849.18  3.5663003e-05      14020.132      84.093     -1
     3     30       85183  1.0645e+05   Coal      0     -1  1.5615473e+09       30716.04  1.9670259e-05      25419.086      74.647     -1
     3     31  1.0645e+05  1.3302e+05   Coal      0     -1  1.5661752e+09      30363.488  1.9387032e-05      25790.436      74.051     -1
     3     32  1.3302e+05       1e+99   Coal      0     -1   3.409355e+09       65592.77  1.9239056e-05      25988.801      55.922     -1
     3     -1           0       1e+99  Delay     -1     -1  2.5961247e+09              0              0              0           1     -1
     3     -1           0       1e+99   LogL     -1     -1              1      -16421846      -16421846              0           1     -1
     3     -1           0       1e+99 Recomb     -1     -1           4224  1.2672004e-05   3.000001e-09              0           1     -1
     3     -1           0       1e+99 Resamp     -1     -1  2.5961247e+09         741928  0.00028578289              0           1     -1
     2      0           0         133   Coal      0     -1      298206.85      20.252186  6.7913215e-05      7362.3374      1.6321     -1
     2      1         133       166.2   Coal      0     -1      159899.89      1.5773926  9.8648758e-06      50684.875      2.3747     -1
     2      2       166.2      207.68   Coal      0     -1      251651.74      5.8138201  2.3102642e-05      21642.546      2.5651     -1
     2      3      207.68      259.53   Coal      0     -1      391377.07      5.4759907  1.3991598e-05      35735.732      3.7481     -1
     2      4      259.53      324.31   Coal      0     -1      607378.43      6.6650048  1.0973397e-05       45564.74      3.9191     -1
     2      5      324.31      405.26   Coal      0     -1      943685.77      22.038339  2.3353471e-05      21410.093      4.4104     -1
     2      6      405.26      506.42   Coal      0     -1      1469184.8      46.553884  3.1686881e-05      15779.401      4.9798     -1
     2      7      506.42      632.82   Coal      0     -1      2269607.7      84.590068  3.7270788e-05      13415.332      6.4762     -1
     2      8      632.82      790.79   Coal      0     -1        3491370      197.78741  5.6650371e-05      8826.0675      7.4356     -1
     2      9      790.79      988.18   Coal      0     -1      5348550.6      242.59745  4.5357606e-05       11023.51      8.4965     -1
     2     10      988.18      1234.8   Coal      0     -1      8184941.6      357.82461   4.371743e-05      11437.086      11.621     -1
     2     11      1234.8      1543.1   Coal      0     -1       12538120      460.85416  3.6756241e-05      13603.132       14.02     -1
     2     12      1543.1      1928.2   Coal      0     -1       19134233      658.11281  3.4394523e-05      14537.198      15.443     -1
     2     13      1928.2      2409.6   Coal      0     -1       29195667      922.09125  3.1583154e-05      15831.225      16.996     -1
     2     14      2409.6        3011   Coal      0     -1       44346014      1382.2196  3.1168971e-05      16041.595      22.066     -1
     2     15        3011      3762.6   Coal      0     -1       66816954      2069.8044  3.0977234e-05      16140.886      27.509     -1
     2     16      3762.6      4701.8   Coal      0     -1       99970647      3195.1585  3.1960966e-05      15644.083      32.148     -1
     2     17      4701.8      5875.5   Coal      0     -1  1.4764814e+08      4934.8955   3.342335e-05      14959.602      35.959     -1
     2     18      5875.5      7342.1   Coal      0     -1    2.17857e+08      5545.4198  2.5454402e-05      19642.967      43.207     -1
     2     19      7342.1      9174.7   Coal      0     -1  3.2322761e+08      6262.2576  1.9374142e-05      25807.595      53.522     -1
     2     20      9174.7       11465   Coal      0     -1  4.8201329e+08      7823.0472  1.6229941e-05      30807.259      57.995     -1
     2     21       11465       14327   Coal      0     -1  7.1459193e+08        10745.4  1.5037114e-05      33251.061      75.046     -1
     2     22       14327       17903   Coal      0     -1  1.0365591e+09       16665.12  1.6077347e-05      31099.658      86.454     -1
     2     23       17903       22372   Coal      0     -1  1.4408897e+09       27758.92  1.9265125e-05      25953.634       104.2     -1
     2     24       22372       27956   Coal      0     -1  1.8798688e+09       42204.49  2.2450763e-05      22270.958      107.33     -1
     2     25       27956       34934   Coal      0     -1  2.2612913e+09       60607.05  2.6801965e-05      18655.349      114.16     -1
     2     26       34934       43654   Coal      0     -1  2.4749627e+09       74918.01  3.0270359e-05      16517.808      121.24     -1
     2     27       43654       54551   Coal      0     -1  2.4168584e+09        84945.5  3.5147074e-05      14225.935      120.29     -1
     2     28       54551       68167   Coal      0     -1  2.0872387e+09       78465.01  3.7592734e-05      13300.443       103.1     -1
     2     29       68167       85183   Coal      0     -1  1.6867867e+09       61057.55  3.6197552e-05      13813.089      87.423     -1
     2     30       85183  1.0645e+05   Coal      0     -1  1.5459582e+09       31071.69  2.0098661e-05      24877.279      76.104     -1
     2     31  1.0645e+05  1.3302e+05   Coal      0     -1  1.5286868e+09       30360.25  1.9860347e-05      25175.794      73.753     -1
     2     32  1.3302e+05       1e+99   Coal      0     -1  3.2164154e+09       63589.21  1.9770211e-05      25290.575      57.234     -1
     2     -1           0       1e+99  Delay     -1     -1  2.5961247e+09              0              0              0           1     -1
     2     -1           0       1e+99   LogL     -1     -1              1      -16422246      -16422246              0           1     -1
     2     -1           0       1e+99 Recomb     -1     -1           4224  1.2672004e-05   3.000001e-09              0           1     -1
     2     -1           0       1e+99 Resamp     -1     -1  2.5961247e+09         738451  0.00028444358              0           1     -1
     1      0           0         133   Coal      0     -1       304329.5       17.08869  5.6151935e-05      8904.4126      1.4614     -1
     1      1         133       166.2   Coal      0     -1      163643.56     0.87832425   5.367301e-06       93156.69      2.3782     -1
     1      2       166.2      207.68   Coal      0     -1       252505.4      4.9921498  1.9770467e-05      25290.247      2.8711     -1
     1      3      207.68      259.53   Coal      0     -1      391706.92      3.7135193  9.4803515e-06       52740.66      3.6404     -1
     1      4      259.53      324.31   Coal      0     -1       608452.6      5.3740913  8.8323911e-06      56609.812      3.8015     -1
     1      5      324.31      405.26   Coal      0     -1      947036.38      17.678151  1.8666813e-05      26785.504      4.3482     -1
     1      6      405.26      506.42   Coal      0     -1      1471299.6      38.086225  2.5886112e-05      19315.376      5.4475     -1
     1      7      506.42      632.82   Coal      0     -1      2278720.5      74.473864  3.2682317e-05      15298.793      6.0716     -1
     1      8      632.82      790.79   Coal      0     -1      3511832.6      178.17322  5.0735111e-05       9855.108      7.7286     -1
     1      9      790.79      988.18   Coal      0     -1      5383391.1      240.17772  4.4614577e-05      11207.099       8.635     -1
     1     10      988.18      1234.8   Coal      0     -1      8233396.2      349.71824  4.2475575e-05      11771.471      9.6742     -1
     1     11      1234.8      1543.1   Coal      0     -1       12549926      474.07828  3.7775383e-05      13236.133      13.294     -1
     1     12      1543.1      1928.2   Coal      0     -1       19156431      684.92319  3.5754218e-05      13984.364      17.124     -1
     1     13      1928.2      2409.6   Coal      0     -1       29180120      986.19311  3.3796746e-05      14794.324      16.582     -1
     1     14      2409.6        3011   Coal      0     -1       44220997      1483.2024  3.3540682e-05       14907.27      20.454     -1
     1     15        3011      3762.6   Coal      0     -1       66388665      2215.2865  3.3368445e-05      14984.216      27.745     -1
     1     16      3762.6      4701.8   Coal      0     -1       99120697      3401.1076   3.431279e-05      14571.826      31.919     -1
     1     17      4701.8      5875.5   Coal      0     -1  1.4597288e+08      5173.2204    3.54396e-05      14108.512      35.222     -1
     1     18      5875.5      7342.1   Coal      0     -1  2.1502398e+08      5670.1276  2.6369745e-05      18961.124      40.014     -1
     1     19      7342.1      9174.7   Coal      0     -1  3.1932714e+08      6293.7945  1.9709551e-05      25368.411      52.283     -1
     1     20      9174.7       11465   Coal      0     -1  4.7757107e+08      7701.5472  1.6126494e-05      31004.878      62.673     -1
     1     21       11465       14327   Coal      0     -1  7.0967106e+08      10450.555  1.4725914e-05      33953.751      72.629     -1
     1     22       14327       17903   Coal      0     -1  1.0333332e+09       16135.37  1.5614876e-05      32020.747      84.349     -1
     1     23       17903       22372   Coal      0     -1  1.4442446e+09       27038.59  1.8721614e-05      26707.099      105.41     -1
     1     24       22372       27956   Coal      0     -1  1.8933031e+09       41355.72  2.1843159e-05      22890.462       108.3     -1
     1     25       27956       34934   Coal      0     -1  2.2859327e+09       60016.46  2.6254693e-05      19044.215      110.62     -1
     1     26       34934       43654   Coal      0     -1  2.5143756e+09       75282.49  2.9940829e-05      16699.604         124     -1
     1     27       43654       54551   Coal      0     -1  2.4460311e+09       85940.91   3.513484e-05      14230.889       119.3     -1
     1     28       54551       68167   Coal      0     -1  2.0993261e+09       79496.31  3.7867538e-05      13203.922      101.27     -1
     1     29       68167       85183   Coal      0     -1   1.676126e+09       61814.42  3.6879339e-05      13557.727      84.661     -1
     1     30       85183  1.0645e+05   Coal      0     -1   1.522556e+09       31359.51  2.0596622e-05      24275.825      74.371     -1
     1     31  1.0645e+05  1.3302e+05   Coal      0     -1  1.4870181e+09       30362.59   2.041844e-05      24487.669      72.218     -1
     1     32  1.3302e+05       1e+99   Coal      0     -1  3.0237611e+09       61572.21  2.0362789e-05      24554.593      58.134     -1
     1     -1           0       1e+99  Delay     -1     -1  2.5961247e+09              0              0              0           1     -1
     1     -1           0       1e+99   LogL     -1     -1              1      -16422652      -16422652              0           1     -1
     1     -1           0       1e+99 Recomb     -1     -1           4224  1.2672004e-05   3.000001e-09              0           1     -1
     1     -1           0       1e+99 Resamp     -1     -1  2.5961247e+09         735082  0.00028314588              0           1     -1
     0      0           0         133   Coal      0     -1      304146.43      6.9155174   2.273746e-05      21990.143       1.432     -1
     0      1         133       166.2   Coal      0     -1      160447.89      1.2500106  7.7907574e-06      64178.613      2.4462     -1
     0      2       166.2      207.68   Coal      0     -1      251004.49      1.9505688  7.7710513e-06      64341.358      2.6387     -1
     0      3      207.68      259.53   Coal      0     -1      389497.83      2.4430687  6.2723551e-06      79714.874      2.6878     -1
     0      4      259.53      324.31   Coal      0     -1      611805.27      5.5898452  9.1366412e-06      54724.706      3.7616     -1
     0      5      324.31      405.26   Coal      0     -1      956711.39      15.191312  1.5878678e-05      31488.767       3.818     -1
     0      6      405.26      506.42   Coal      0     -1      1477593.6      31.953701    2.16255e-05      23120.852      6.2298     -1
     0      7      506.42      632.82   Coal      0     -1      2285330.6      67.731467  2.9637492e-05      16870.523      6.1438     -1
     0      8      632.82      790.79   Coal      0     -1      3510602.8       162.1298  4.6182895e-05      10826.519      6.7281     -1
     0      9      790.79      988.18   Coal      0     -1      5376624.7      234.62944  4.3638798e-05      11457.694      9.2509     -1
     0     10      988.18      1234.8   Coal      0     -1      8219468.4      340.00032  4.1365245e-05      12087.442      10.581     -1
     0     11      1234.8      1543.1   Coal      0     -1       12579370      500.33008  3.9773859e-05      12571.071      11.889     -1
     0     12      1543.1      1928.2   Coal      0     -1       19151644      733.02023  3.8274533e-05      13063.517      15.683     -1
     0     13      1928.2      2409.6   Coal      0     -1       29109636      1069.8987  3.6754109e-05      13603.921      16.575     -1
     0     14      2409.6        3011   Coal      0     -1       43966765      1617.5333  3.6789909e-05      13590.683       21.52     -1
     0     15        3011      3762.6   Coal      0     -1       65880438      2425.8823  3.6822497e-05      13578.655      27.017     -1
     0     16      3762.6      4701.8   Coal      0     -1       97966133      3653.4379  3.7292866e-05       13407.39      32.601     -1
     0     17      4701.8      5875.5   Coal      0     -1  1.4375776e+08       5448.283  3.7899052e-05      13192.942      33.597     -1
     0     18      5875.5      7342.1   Coal      0     -1  2.1151979e+08      5832.0087  2.7571929e-05      18134.386      42.069     -1
     0     19      7342.1      9174.7   Coal      0     -1  3.1427395e+08      6310.3703  2.0079203e-05      24901.387      52.064     -1
     0     20      9174.7       11465   Coal      0     -1  4.7100475e+08      7545.0861  1.6019129e-05      31212.682      59.729     -1
     0     21       11465       14327   Coal      0     -1  7.0274847e+08      10091.605  1.4360195e-05      34818.468      69.733     -1
     0     22       14327       17903   Coal      0     -1  1.0281327e+09       15539.91  1.5114692e-05      33080.396      84.684     -1
     0     23       17903       22372   Coal      0     -1  1.4425822e+09          26201   1.816257e-05      27529.144      98.749     -1
     0     24       22372       27956   Coal      0     -1  1.9089813e+09       40474.03  2.1201899e-05      23582.793       120.5     -1
     0     25       27956       34934   Coal      0     -1  2.3148509e+09        59320.2  2.5625927e-05       19511.49      117.61     -1
     0     26       34934       43654   Coal      0     -1  2.5494641e+09       75364.93  2.9561087e-05      16914.127       122.7     -1
     0     27       43654       54551   Coal      0     -1  2.4870902e+09       87178.64  3.5052464e-05      14264.332      123.93     -1
     0     28       54551       68167   Coal      0     -1   2.125176e+09       80988.62  3.8109136e-05      13120.214       106.5     -1
     0     29       68167       85183   Coal      0     -1  1.6768909e+09       63045.19  3.7596476e-05      13299.119      88.961     -1
     0     30       85183  1.0645e+05   Coal      0     -1  1.4988448e+09       31739.47  2.1175955e-05      23611.686      75.614     -1
     0     31  1.0645e+05  1.3302e+05   Coal      0     -1  1.4433798e+09       30430.85  2.1083052e-05      23715.732      73.118     -1
     0     32  1.3302e+05       1e+99   Coal      0     -1  2.8159241e+09       59291.95  2.1055947e-05       23746.26      60.181     -1
     0     -1           0       1e+99  Delay     -1     -1  2.5961247e+09              0              0              0           1     -1
     0     -1           0       1e+99   LogL     -1     -1              1      -16423245      -16423245              0           1     -1
     0     -1           0       1e+99 Recomb     -1     -1           4224  1.2672004e-05   3.000001e-09              0           1     -1
     0     -1           0       1e+99 Resamp     -1     -1  2.5961247e+09         729948  0.00028116832              0           1     -1
