  Iter  Epoch       Start         End   Type   From     To            Opp          Count           Rate             Ne         ESS  Clump
    10      0           0         133   Coal      0     -1      303873.17      123.24972  0.00040559594       1232.754       1.566     -1
    10      1         133       166.2   Coal      0     -1      159701.22      1.9299115  1.2084513e-05      41375.271      2.3901     -1
    10      2       166.2      207.68   Coal      0     -1      250638.68      2.5939256  1.0349263e-05       48312.62      2.9107     -1
    10      3      207.68      259.53   Coal      0     -1      392825.58      3.4026817  8.6620676e-06      57722.939      3.2806     -1
    10      4      259.53      324.31   Coal      0     -1      621326.18      5.9420692  9.5635262e-06      52281.971       4.336     -1
    10      5      324.31      405.26   Coal      0     -1       965588.2      14.979088  1.5512915e-05      32231.209      4.9256     -1
    10      6      405.26      506.42   Coal      0     -1        1501562      25.400282  1.6915907e-05      29557.978       5.492     -1
    10      7      506.42      632.82   Coal      0     -1        2337593      88.521684  3.7868733e-05      13203.505      7.2784     -1
    10      8      632.82      790.79   Coal      0     -1      3565533.7      352.00769  9.8725107e-05      5064.5678      7.7631     -1
    10      9      790.79      988.18   Coal      0     -1      5338444.3      638.77161  0.00011965501        4178.68      8.5589     -1
    10     10      988.18      1234.8   Coal      0     -1      7857765.2      1098.5943  0.00013981002      3576.2815       11.07     -1
    10     11      1234.8      1543.1   Coal      0     -1       11276296       1743.297  0.00015459837      3234.1867      13.831     -1
    10     12      1543.1      1928.2   Coal      0     -1       15975903      2238.1114  0.00014009296      3569.0588      12.524     -1
    10     13      1928.2      2409.6   Coal      0     -1       22509253      2777.6276  0.00012339937      4051.8845      15.502     -1
    10     14      2409.6        3011   Coal      0     -1       31765870      3145.1443  9.9010173e-05      5049.9861      19.132     -1
    10     15        3011      3762.6   Coal      0     -1       45471106      3465.1127  7.6204717e-05      6561.2737      21.896     -1
    10     16      3762.6      4701.8   Coal      0     -1       65637036      3889.9614  5.9264733e-05      8436.7207      26.622     -1
    10     17      4701.8      5875.5   Coal      0     -1       95277420      4736.2613  4.9710218e-05      10058.294      32.955     -1
    10     18      5875.5      7342.1   Coal      0     -1  1.4001746e+08      4644.6617  3.3172019e-05      15072.944      39.779     -1
    10     19      7342.1      9174.7   Coal      0     -1  2.0873176e+08      4779.7041  2.2898787e-05      21835.217      49.188     -1
    10     20      9174.7       11465   Coal      0     -1  3.1395379e+08       5753.309  1.8325337e-05      27284.628      55.343     -1
    10     21       11465       14327   Coal      0     -1  4.6867521e+08      7898.1757   1.685213e-05       29669.84      68.447     -1
    10     22       14327       17903   Coal      0     -1  6.8166798e+08      12379.845  1.8161107e-05      27531.361      79.752     -1
    10     23       17903       22372   Coal      0     -1   9.439175e+08      20233.259   2.143541e-05      23325.889      89.632     -1
    10     24       22372       27956   Coal      0     -1  1.2358422e+09      29376.759   2.377064e-05      21034.352      108.69     -1
    10     25       27956       34934   Coal      0     -1   1.487372e+09      41174.579   2.768277e-05      18061.776      108.17     -1
    10     26       34934       43654   Coal      0     -1  1.6445441e+09      50420.608  3.0659323e-05      16308.253      113.95     -1
    10     27       43654       54551   Coal      0     -1  1.6313289e+09      56200.198  3.4450562e-05      14513.551      106.05     -1
    10     28       54551       68167   Coal      0     -1    1.44753e+09      52266.608  3.6107444e-05       13847.56      89.897     -1
    10     29       68167       85183   Coal      0     -1  1.1980059e+09      40947.173  3.4179443e-05      14628.676      73.747     -1
    10     30       85183  1.0645e+05   Coal      0     -1  1.1663238e+09      21122.864  1.8110635e-05      27608.087      71.722     -1
    10     31  1.0645e+05  1.3302e+05   Coal      0     -1  1.2039015e+09      21275.979  1.7672525e-05      28292.505      69.747     -1
    10     32  1.3302e+05       1e+99   Coal      0     -1  2.8243282e+09      50612.321  1.7920128e-05      27901.587      55.959     -1
    10     -1           0       1e+99  Delay     -1     -1   2.579203e+09              0              0              0           1     -1
    10     -1           0       1e+99   LogL     -1     -1              1      -11605810      -11605810              0           1     -1
    10     -1           0       1e+99 Recomb     -1     -1           4818  1.4454006e-05  3.0000012e-09              0           1     -1
    10     -1           0       1e+99 Resamp     -1     -1   2.579203e+09         549456  0.00021303325              0           1     -1
     9      0           0         133   Coal      0     -1      302262.28      117.68136  0.00038933526      1284.2402      1.5622     -1
     9      1         133       166.2   Coal      0     -1      161599.04      2.4372537  1.5082105e-05      33151.872      2.6224     -1
     9      2       166.2      207.68   Coal      0     -1      252745.14      3.1483779   1.245673e-05      40138.946      2.7321     -1
     9      3      207.68      259.53   Coal      0     -1      393688.97      1.9075714  4.8453767e-06      103191.15      3.5501     -1
     9      4      259.53      324.31   Coal      0     -1      615808.15      5.7687227  9.3677271e-06       53374.74       3.715     -1
     9      5      324.31      405.26   Coal      0     -1      968583.33      18.533042  1.9134174e-05      26131.256      4.4549     -1
     9      6      405.26      506.42   Coal      0     -1      1510878.7      25.036951  1.6571119e-05      30172.977      6.1451     -1
     9      7      506.42      632.82   Coal      0     -1      2331761.9      96.587411  4.1422502e-05      12070.734      7.4355     -1
     9      8      632.82      790.79   Coal      0     -1      3551506.7      367.94141   0.0001036015       4826.185      7.8004     -1
     9      9      790.79      988.18   Coal      0     -1        5318357      654.05369   0.0001229804      4065.6884      8.5168     -1
     9     10      988.18      1234.8   Coal      0     -1      7820535.2      1086.9984  0.00013899284      3597.3075      11.436     -1
     9     11      1234.8      1543.1   Coal      0     -1       11225748      1710.3784  0.00015236209      3281.6562      14.941     -1
     9     12      1543.1      1928.2   Coal      0     -1       15956935      2181.1694    0.000136691      3657.8853      12.561     -1
     9     13      1928.2      2409.6   Coal      0     -1       22605932      2734.7682  0.00012097569      4133.0619      15.426     -1
     9     14      2409.6        3011   Coal      0     -1       32001885      3113.6898  9.7297073e-05      5138.9007      19.054     -1
     9     15        3011      3762.6   Coal      0     -1       45720615      3465.0305   7.578705e-05      6597.4332       22.67     -1
     9     16      3762.6      4701.8   Coal      0     -1       65869936      3929.1953  5.9650815e-05      8382.1152      26.781     -1
     9     17      4701.8      5875.5   Coal      0     -1       95357199      4810.3704  5.0445803e-05      9911.6274      32.237     -1
     9     18      5875.5      7342.1   Coal      0     -1  1.3993533e+08        4696.42  3.3561361e-05      14898.085      40.248     -1
     9     19      7342.1      9174.7   Coal      0     -1  2.0856265e+08      4824.4234  2.3131771e-05      21615.292      48.585     -1
     9     20      9174.7       11465   Coal      0     -1  3.1347836e+08      5763.8416  1.8386729e-05      27193.527       53.91     -1
     9     21       11465       14327   Coal      0     -1  4.6853462e+08      7890.5084  1.6840823e-05      29689.761      70.324     -1
     9     22       14327       17903   Coal      0     -1  6.8108442e+08      12281.018  1.8031566e-05      27729.151      78.705     -1
     9     23       17903       22372   Coal      0     -1  9.4486761e+08      20083.139  2.1254976e-05      23523.903      90.395     -1
     9     24       22372       27956   Coal      0     -1  1.2378563e+09        29274.2   2.364911e-05      21142.445      106.69     -1
     9     25       27956       34934   Coal      0     -1   1.493747e+09      41153.148   2.755028e-05      18148.636      108.66     -1
     9     26       34934       43654   Coal      0     -1  1.6507563e+09      50541.937  3.0617443e-05       16330.56      112.24     -1
     9     27       43654       54551   Coal      0     -1  1.6365466e+09      56499.266  3.4523469e-05      14482.902      106.26     -1
     9     28       54551       68167   Coal      0     -1  1.4491844e+09      52449.162  3.6192193e-05      13815.134      89.623     -1
     9     29       68167       85183   Coal      0     -1  1.1955973e+09      40959.812   3.425887e-05      14594.761      72.324     -1
     9     30       85183  1.0645e+05   Coal      0     -1  1.1607999e+09      21206.614  1.8268966e-05      27368.817      70.985     -1
     9     31  1.0645e+05  1.3302e+05   Coal      0     -1   1.194631e+09      21300.751  1.7830402e-05      28041.992      69.256     -1
     9     32  1.3302e+05       1e+99   Coal      0     -1  2.7885306e+09      50306.649  1.8040559e-05      27715.328      56.673     -1
     9     -1           0       1e+99  Delay     -1     -1   2.579203e+09              0              0              0           1     -1
     9     -1           0       1e+99   LogL     -1     -1              1      -11605847      -11605847              0           1     -1
     9     -1           0       1e+99 Recomb     -1     -1           4818  1.4454006e-05  3.0000012e-09              0           1     -1
     9     -1           0       1e+99 Resamp     -1     -1   2.579203e+09         549277  0.00021296385              0           1     -1
     8      0           0         133   Coal      0     -1      301365.41      121.54291  0.00040330744       1239.749       1.543     -1
     8      1         133       166.2   Coal      0     -1       160075.2      4.9777772  3.1096492e-05      16078.984      2.7654     -1
     8      2       166.2      207.68   Coal      0     -1      252221.36      4.8525328  1.9239183e-05       25988.63      3.1851     -1
     8      3      207.68      259.53   Coal      0     -1      394466.68       3.542223  8.9797775e-06      55680.667      3.5728     -1
     8      4      259.53      324.31   Coal      0     -1      616255.88      6.0432734  9.8064353e-06      50986.927      4.2564     -1
     8      5      324.31      405.26   Coal      0     -1      959489.41      22.313165  2.3255248e-05      21500.523      4.8181     -1
     8      6      405.26      506.42   Coal      0     -1      1502023.2      27.456047  1.8279377e-05       27353.23      5.9997     -1
     8      7      506.42      632.82   Coal      0     -1      2331892.1      99.002927   4.245605e-05      11776.885       6.348     -1
     8      8      632.82      790.79   Coal      0     -1      3564546.4       377.7395  0.00010597127        4718.26       8.029     -1
     8      9      790.79      988.18   Coal      0     -1      5321988.7      665.38795  0.00012502619      3999.1622       8.715     -1
     8     10      988.18      1234.8   Coal      0     -1        7820363      1070.7439  0.00013691742      3651.8363      11.229     -1
     8     11      1234.8      1543.1   Coal      0     -1       11250310      1671.5126   0.0001485748      3365.3083      13.442     -1
     8     12      1543.1      1928.2   Coal      0     -1       16029263      2121.3602  0.00013234296      3778.0626      12.854     -1
     8     13      1928.2      2409.6   Coal      0     -1       22708882       2683.414  0.00011816584      4231.3414      15.282     -1
     8     14      2409.6        3011   Coal      0     -1       32156731       3088.674  9.6050621e-05      5205.5884      19.109     -1
     8     15        3011      3762.6   Coal      0     -1       46003926      3453.4925  7.5069518e-05       6660.493      21.723     -1
     8     16      3762.6      4701.8   Coal      0     -1       66219201      3955.1042  5.9727453e-05      8371.3598      27.771     -1
     8     17      4701.8      5875.5   Coal      0     -1       95651401      4876.5009  5.0982012e-05      9807.3807      32.224     -1
     8     18      5875.5      7342.1   Coal      0     -1  1.4009005e+08       4757.832  3.3962669e-05      14722.047      42.185     -1
     8     19      7342.1      9174.7   Coal      0     -1  2.0841114e+08      4883.1369  2.3430306e-05      21339.884      48.392     -1
     8     20      9174.7       11465   Coal      0     -1  3.1336071e+08       5782.965  1.8454659e-05      27093.429      55.783     -1
     8     21       11465       14327   Coal      0     -1  4.6817675e+08      7864.5879  1.6798331e-05      29764.862      69.044     -1
     8     22       14327       17903   Coal      0     -1  6.8145119e+08      12187.516  1.7884651e-05      27956.934       80.34     -1
     8     23       17903       22372   Coal      0     -1  9.4641522e+08      19932.383  2.1060928e-05      23740.644      90.351     -1
     8     24       22372       27956   Coal      0     -1  1.2427771e+09      29190.116  2.3487813e-05      21287.635      108.76     -1
     8     25       27956       34934   Coal      0     -1  1.4974344e+09       41027.36  2.7398436e-05      18249.217      107.18     -1
     8     26       34934       43654   Coal      0     -1    1.65892e+09      50758.458  3.0597291e-05      16341.316      113.96     -1
     8     27       43654       54551   Coal      0     -1  1.6390805e+09      56711.004  3.4599279e-05      14451.168       105.9     -1
     8     28       54551       68167   Coal      0     -1  1.4491141e+09      52615.214  3.6308537e-05      13770.866      90.869     -1
     8     29       68167       85183   Coal      0     -1  1.1927816e+09      41003.749  3.4376577e-05      14544.787      72.473     -1
     8     30       85183  1.0645e+05   Coal      0     -1  1.1560095e+09      21315.924  1.8439229e-05      27116.102      69.301     -1
     8     31  1.0645e+05  1.3302e+05   Coal      0     -1  1.1889306e+09      21399.399  1.7998863e-05      27779.533      67.679     -1
     8     32  1.3302e+05       1e+99   Coal      0     -1  2.7407688e+09      49867.966  1.8194883e-05      27480.254      53.786     -1
     8     -1           0       1e+99  Delay     -1     -1   2.579203e+09              0              0              0           1     -1
     8     -1           0       1e+99   LogL     -1     -1              1      -11605900      -11605900              0           1     -1
     8     -1           0       1e+99 Recomb     -1     -1           4818  1.4454006e-05  3.0000012e-09              0           1     -1
     8     -1           0       1e+99 Resamp     -1     -1   2.579203e+09         548181  0.00021253891              0           1     -1
     7      0           0         133   Coal      0     -1      296586.48      129.34424  0.00043610971      1146.5005      1.5316     -1
     7      1         133       166.2   Coal      0     -1      157369.82      6.0057253  3.8163133e-05       13101.65      2.5533     -1
     7      2       166.2      207.68   Coal      0     -1      247128.53      3.9946801  1.6164382e-05      30932.206      2.7367     -1
     7      3      207.68      259.53   Coal      0     -1       393021.4      2.8748101  7.3146401e-06      68356.063      3.4766     -1
     7      4      259.53      324.31   Coal      0     -1      615481.13      8.5286734  1.3856921e-05      36083.052      4.3241     -1
     7      5      324.31      405.26   Coal      0     -1      959145.04       23.67998  2.4688633e-05      20252.235        4.76     -1
     7      6      405.26      506.42   Coal      0     -1      1497377.4      31.458347  2.1008964e-05      23799.365      5.6553     -1
     7      7      506.42      632.82   Coal      0     -1        2320830      110.47716  4.7602436e-05      10503.664      6.3015     -1
     7      8      632.82      790.79   Coal      0     -1      3543606.3      380.27034  0.00010731168      4659.3251      7.8709     -1
     7      9      790.79      988.18   Coal      0     -1      5306492.8      670.25214  0.00012630793      3958.5795      8.3607     -1
     7     10      988.18      1234.8   Coal      0     -1      7781874.4      1057.7768  0.00013592828      3678.4105      11.401     -1
     7     11      1234.8      1543.1   Coal      0     -1       11230910       1628.068  0.00014496314      3449.1526       12.91     -1
     7     12      1543.1      1928.2   Coal      0     -1       16055859      2059.1405  0.00012824854      3898.6797       13.17     -1
     7     13      1928.2      2409.6   Coal      0     -1       22826184      2623.0887  0.00011491578      4351.0125      15.394     -1
     7     14      2409.6        3011   Coal      0     -1       32389256       3033.792  9.3666616e-05      5338.0812      18.719     -1
     7     15        3011      3762.6   Coal      0     -1       46360939      3427.3162  7.3926806e-05      6763.4466      22.597     -1
     7     16      3762.6      4701.8   Coal      0     -1       66734787      3989.3996   5.977991e-05      8364.0139      26.942     -1
     7     17      4701.8      5875.5   Coal      0     -1       96214571      4972.0985  5.1677189e-05      9675.4489      32.155     -1
     7     18      5875.5      7342.1   Coal      0     -1  1.4026499e+08      4812.8444  3.4312514e-05      14571.943      39.652     -1
     7     19      7342.1      9174.7   Coal      0     -1  2.0853414e+08      4919.0907  2.3588899e-05      21196.411      47.946     -1
     7     20      9174.7       11465   Coal      0     -1  3.1317038e+08      5787.3911  1.8480008e-05      27056.266      54.265     -1
     7     21       11465       14327   Coal      0     -1  4.6763362e+08      7823.6832  1.6730369e-05      29885.772       64.71     -1
     7     22       14327       17903   Coal      0     -1  6.8110885e+08      12091.852  1.7753186e-05      28163.959      75.252     -1
     7     23       17903       22372   Coal      0     -1  9.4884597e+08      19799.383  2.0866804e-05      23961.503      91.201     -1
     7     24       22372       27956   Coal      0     -1  1.2471581e+09      29103.082  2.3335518e-05      21426.565      107.74     -1
     7     25       27956       34934   Coal      0     -1  1.5053437e+09      41016.249    2.72471e-05      18350.577      107.72     -1
     7     26       34934       43654   Coal      0     -1  1.6633577e+09      50894.014  3.0597156e-05      16341.388      111.44     -1
     7     27       43654       54551   Coal      0     -1  1.6417312e+09      56874.597  3.4643063e-05      14432.904      102.67     -1
     7     28       54551       68167   Coal      0     -1  1.4515083e+09      52907.011  3.6449678e-05      13717.542      88.342     -1
     7     29       68167       85183   Coal      0     -1  1.1906063e+09      41122.404  3.4539044e-05      14476.371      71.117     -1
     7     30       85183  1.0645e+05   Coal      0     -1   1.149879e+09      21426.061  1.8633318e-05      26833.654      69.439     -1
     7     31  1.0645e+05  1.3302e+05   Coal      0     -1  1.1823264e+09      21554.412  1.8230509e-05      27426.551      69.514     -1
     7     32  1.3302e+05       1e+99   Coal      0     -1  2.6771812e+09      49192.026   1.837456e-05      27211.536      54.756     -1
     7     -1           0       1e+99  Delay     -1     -1   2.579203e+09              0              0              0           1     -1
     7     -1           0       1e+99   LogL     -1     -1              1      -11605894      -11605894              0           1     -1
     7     -1           0       1e+99 Recomb     -1     -1           4818  1.4454006e-05  3.0000012e-09              0           1     -1
     7     -1           0       1e+99 Resamp     -1     -1   2.579203e+09         547845  0.00021240864              0           1     -1
     6      0           0         133   Coal      0     -1         300829      126.00763  0.00041886795      1193.6936      1.4776     -1
     6      1         133       166.2   Coal      0     -1      160729.14      7.6309868  4.7477307e-05      10531.347      2.4744     -1
     6      2       166.2      207.68   Coal      0     -1      250207.62      6.8523738  2.7386751e-05      18257.003      2.8477     -1
     6      3      207.68      259.53   Coal      0     -1      395171.71      3.5525237   8.989823e-06      55618.448      3.1834     -1
     6      4      259.53      324.31   Coal      0     -1      616698.96      6.9039239  1.1194966e-05      44662.931      3.9757     -1
     6      5      324.31      405.26   Coal      0     -1       964753.8      23.675514  2.4540472e-05      20374.506      4.5913     -1
     6      6      405.26      506.42   Coal      0     -1      1499514.8      35.658094  2.3779754e-05       21026.29      5.7748     -1
     6      7      506.42      632.82   Coal      0     -1      2326305.2      114.12169   4.905706e-05      10192.213      6.9317     -1
     6      8      632.82      790.79   Coal      0     -1      3537773.4      381.14051  0.00010773458      4641.0356      7.9438     -1
     6      9      790.79      988.18   Coal      0     -1      5287992.2      674.01731  0.00012746186      3922.7421      9.0299     -1
     6     10      988.18      1234.8   Coal      0     -1      7788688.7      1034.7988  0.00013285918      3763.3831      10.673     -1
     6     11      1234.8      1543.1   Coal      0     -1       11272424      1572.8247  0.00013952853      3583.4965      12.946     -1
     6     12      1543.1      1928.2   Coal      0     -1       16140865      1996.1439  0.00012367019      4043.0113      13.889     -1
     6     13      1928.2      2409.6   Coal      0     -1       22969863      2554.0276  0.00011119037      4496.7922      15.161     -1
     6     14      2409.6        3011   Coal      0     -1       32651395      2989.7231  9.1564945e-05      5460.6051      19.329     -1
     6     15        3011      3762.6   Coal      0     -1       46729689       3419.338   7.317271e-05      6833.1486      23.314     -1
     6     16      3762.6      4701.8   Coal      0     -1       67204468        4019.36  5.9807928e-05      8360.0957      29.121     -1
     6     17      4701.8      5875.5   Coal      0     -1       96799369      5055.7128  5.2228778e-05      9573.2663      33.327     -1
     6     18      5875.5      7342.1   Coal      0     -1  1.4076459e+08      4873.8009  3.4623771e-05      14440.946      41.502     -1
     6     19      7342.1      9174.7   Coal      0     -1  2.0878428e+08       4976.641  2.3836282e-05      20976.426      46.071     -1
     6     20      9174.7       11465   Coal      0     -1  3.1351255e+08      5815.4684  1.8549396e-05      26955.056      54.396     -1
     6     21       11465       14327   Coal      0     -1  4.6775655e+08      7770.9328  1.6613199e-05      30096.551      66.145     -1
     6     22       14327       17903   Coal      0     -1  6.8118588e+08      11957.551   1.755402e-05      28483.504      74.053     -1
     6     23       17903       22372   Coal      0     -1  9.5060413e+08      19616.741  2.0636079e-05       24229.41      91.092     -1
     6     24       22372       27956   Coal      0     -1   1.248422e+09      28963.018  2.3199702e-05      21552.001      103.53     -1
     6     25       27956       34934   Coal      0     -1  1.5146764e+09      41011.669  2.7076191e-05      18466.408      109.85     -1
     6     26       34934       43654   Coal      0     -1  1.6690027e+09      51001.293  3.0557945e-05      16362.357      109.63     -1
     6     27       43654       54551   Coal      0     -1  1.6487337e+09      57179.659  3.4680956e-05      14417.134      105.63     -1
     6     28       54551       68167   Coal      0     -1  1.4545841e+09      53242.704  3.6603387e-05      13659.938      91.712     -1
     6     29       68167       85183   Coal      0     -1  1.1913709e+09      41391.196  3.4742494e-05      14391.598      74.359     -1
     6     30       85183  1.0645e+05   Coal      0     -1  1.1412431e+09      21496.404  1.8835956e-05      26544.976      70.037     -1
     6     31  1.0645e+05  1.3302e+05   Coal      0     -1   1.157585e+09      21430.422  1.8513045e-05      27007.983      68.358     -1
     6     32  1.3302e+05       1e+99   Coal      0     -1  2.6326487e+09      48882.749  1.8567897e-05      26928.198      57.907     -1
     6     -1           0       1e+99  Delay     -1     -1   2.579203e+09              0              0              0           1     -1
     6     -1           0       1e+99   LogL     -1     -1              1      -11606063      -11606063              0           1     -1
     6     -1           0       1e+99 Recomb     -1     -1           4818  1.4454006e-05  3.0000012e-09              0           1     -1
     6     -1           0       1e+99 Resamp     -1     -1   2.579203e+09         548870  0.00021280605              0           1     -1
     5      0           0         133   Coal      0     -1      311786.22      111.27901  0.00035690805       1400.921      1.4991     -1
     5      1         133       166.2   Coal      0     -1      161981.75       6.773549  4.1816742e-05      11956.934      2.6015     -1
     5      2       166.2      207.68   Coal      0     -1      253240.27      5.4163522  2.1388195e-05      23377.382      2.9813     -1
     5      3      207.68      259.53   Coal      0     -1      401149.09      3.7637905  9.3825229e-06      53290.571      3.2733     -1
     5      4      259.53      324.31   Coal      0     -1      625333.02      9.3209995  1.4905657e-05      33544.311       3.932     -1
     5      5      324.31      405.26   Coal      0     -1      978285.98      28.216242  2.8842529e-05      17335.511      4.3862     -1
     5      6      405.26      506.42   Coal      0     -1        1515804      40.841573  2.6943836e-05       18557.12      5.0054     -1
     5      7      506.42      632.82   Coal      0     -1      2338062.1      118.89216  5.0850729e-05      9832.7007       6.309     -1
     5      8      632.82      790.79   Coal      0     -1      3561623.9      375.17437  0.00010533801      4746.6248      7.5183     -1
     5      9      790.79      988.18   Coal      0     -1      5307148.6      669.27595  0.00012610839      3964.8433      7.9132     -1
     5     10      988.18      1234.8   Coal      0     -1      7805541.4      1024.2866  0.00013122557       3810.233       10.07     -1
     5     11      1234.8      1543.1   Coal      0     -1       11322947      1501.5351  0.00013260992      3770.4571      12.808     -1
     5     12      1543.1      1928.2   Coal      0     -1       16251176      1919.8634  0.00011813689      4232.3782      13.607     -1
     5     13      1928.2      2409.6   Coal      0     -1       23258104      2455.3629  0.00010557021      4736.1847      15.013     -1
     5     14      2409.6        3011   Coal      0     -1       33123738      2928.8754  8.8422249e-05      5654.6854      17.849     -1
     5     15        3011      3762.6   Coal      0     -1       47336247      3424.2326  7.2338489e-05      6911.9497      23.919     -1
     5     16      3762.6      4701.8   Coal      0     -1       67937849      4075.9392  5.9995117e-05      8334.0115      27.727     -1
     5     17      4701.8      5875.5   Coal      0     -1       97447938      5141.5745  5.2762271e-05      9476.4686       33.53     -1
     5     18      5875.5      7342.1   Coal      0     -1  1.4143808e+08      4926.9638  3.4834777e-05      14353.472      37.096     -1
     5     19      7342.1      9174.7   Coal      0     -1  2.0950699e+08       5021.287  2.3967157e-05      20861.882      47.528     -1
     5     20      9174.7       11465   Coal      0     -1  3.1379605e+08      5822.1055  1.8553788e-05      26948.674      52.946     -1
     5     21       11465       14327   Coal      0     -1  4.6803228e+08      7728.2753   1.651227e-05      30280.513      62.982     -1
     5     22       14327       17903   Coal      0     -1  6.8180315e+08      11835.127  1.7358569e-05      28804.218      69.513     -1
     5     23       17903       22372   Coal      0     -1  9.5373296e+08       19457.63  2.0401549e-05      24507.943      89.107     -1
     5     24       22372       27956   Coal      0     -1  1.2535262e+09      28833.347   2.300179e-05      21737.439      102.23     -1
     5     25       27956       34934   Coal      0     -1  1.5235377e+09      40983.415  2.6900165e-05      18587.246      108.77     -1
     5     26       34934       43654   Coal      0     -1  1.6767347e+09      51064.405  3.0454671e-05      16417.843      105.25     -1
     5     27       43654       54551   Coal      0     -1  1.6575773e+09      57567.373  3.4729826e-05      14396.847      102.13     -1
     5     28       54551       68167   Coal      0     -1   1.457649e+09      53631.968  3.6793472e-05      13589.367      88.891     -1
     5     29       68167       85183   Coal      0     -1  1.1885559e+09      41597.969  3.4998748e-05      14286.225       71.41     -1
     5     30       85183  1.0645e+05   Coal      0     -1  1.1311906e+09      21623.204  1.9115438e-05      26156.868      66.977     -1
     5     31  1.0645e+05  1.3302e+05   Coal      0     -1  1.1391126e+09      21405.796  1.8791641e-05      26607.575      65.606     -1
     5     32  1.3302e+05       1e+99   Coal      0     -1  2.5422322e+09      47875.641  1.8832128e-05      26550.372      52.799     -1
     5     -1           0       1e+99  Delay     -1     -1   2.579203e+09              0              0              0           1     -1
     5     -1           0       1e+99   LogL     -1     -1              1      -11606153      -11606153              0           1     -1
     5     -1           0       1e+99 Recomb     -1     -1           4818  1.4454006e-05  3.0000012e-09              0           1     -1
     5     -1           0       1e+99 Resamp     -1     -1   2.579203e+09         549142  0.00021291151              0           1     -1
     4      0           0         133   Coal      0     -1      309501.38      103.40941  0.00033411616      1496.4855      1.4933     -1
     4      1         133       166.2   Coal      0     -1      163880.46      7.0607374  4.3084681e-05      11605.053      2.3256     -1
     4      2       166.2      207.68   Coal      0     -1      256089.18      3.7314951  1.4571077e-05      34314.554      2.8044     -1
     4      3      207.68      259.53   Coal      0     -1      400041.26      4.1852625  1.0462077e-05      47791.656      3.4349     -1
     4      4      259.53      324.31   Coal      0     -1      626025.45      8.1554392  1.3027329e-05      38380.854      4.2124     -1
     4      5      324.31      405.26   Coal      0     -1      974657.33      30.591116  3.1386535e-05      15930.398      4.2418     -1
     4      6      405.26      506.42   Coal      0     -1      1518956.5      43.562434  2.8679184e-05      17434.248      5.1104     -1
     4      7      506.42      632.82   Coal      0     -1      2343920.4      120.14658  5.1258813e-05      9754.4201       6.823     -1
     4      8      632.82      790.79   Coal      0     -1      3567835.2      366.63753   0.0001027619      4865.6165      7.3199     -1
     4      9      790.79      988.18   Coal      0     -1      5330398.3      651.61564  0.00012224521        4090.14       7.944     -1
     4     10      988.18      1234.8   Coal      0     -1      7849783.1      980.69358  0.00012493257      4002.1589      9.6176     -1
     4     11      1234.8      1543.1   Coal      0     -1       11420758      1432.3206  0.00012541379      3986.8023      11.723     -1
     4     12      1543.1      1928.2   Coal      0     -1       16437607       1807.424  0.00010995664      4547.2471      14.629     -1
     4     13      1928.2      2409.6   Coal      0     -1       23578183      2353.8988  9.9833768e-05      5008.3255       15.52     -1
     4     14      2409.6        3011   Coal      0     -1       33703388       2832.346  8.4037426e-05      5949.7301      18.206     -1
     4     15        3011      3762.6   Coal      0     -1       48224992      3411.5044  7.0741419e-05       7067.995       22.53     -1
     4     16      3762.6      4701.8   Coal      0     -1       68908013      4132.4686  5.9970799e-05       8337.391      25.324     -1
     4     17      4701.8      5875.5   Coal      0     -1       98483196      5210.9007  5.2911572e-05      9449.7288      31.832     -1
     4     18      5875.5      7342.1   Coal      0     -1  1.4253119e+08      4989.1303  3.5003779e-05      14284.172      36.558     -1
     4     19      7342.1      9174.7   Coal      0     -1  2.1048927e+08      5062.6586   2.405186e-05      20788.413      46.007     -1
     4     20      9174.7       11465   Coal      0     -1  3.1515873e+08      5841.5246  1.8535183e-05      26975.726      56.005     -1
     4     21       11465       14327   Coal      0     -1   4.693138e+08      7679.4564  1.6363159e-05      30556.446      62.133     -1
     4     22       14327       17903   Coal      0     -1  6.8453419e+08      11692.041  1.7080288e-05      29273.512      70.801     -1
     4     23       17903       22372   Coal      0     -1  9.5609424e+08      19230.579  2.0113686e-05      24858.696      82.369     -1
     4     24       22372       27956   Coal      0     -1  1.2620365e+09      28711.184  2.2749884e-05      21978.134      100.85     -1
     4     25       27956       34934   Coal      0     -1  1.5335508e+09      40978.837  2.6721539e-05      18711.497      105.79     -1
     4     26       34934       43654   Coal      0     -1  1.6862692e+09      51163.013  3.0340953e-05      16479.377      102.19     -1
     4     27       43654       54551   Coal      0     -1  1.6703286e+09      58077.117  3.4769874e-05      14380.265      102.56     -1
     4     28       54551       68167   Coal      0     -1  1.4606419e+09      54059.688  3.7010912e-05      13509.529        88.2     -1
     4     29       68167       85183   Coal      0     -1   1.193706e+09      42195.625  3.5348424e-05      14144.902       74.39     -1
     4     30       85183  1.0645e+05   Coal      0     -1   1.119025e+09       21739.78   1.942743e-05      25736.806      67.858     -1
     4     31  1.0645e+05  1.3302e+05   Coal      0     -1  1.1176145e+09      21372.724  1.9123521e-05      26145.813      64.054     -1
     4     32  1.3302e+05       1e+99   Coal      0     -1   2.444556e+09      46860.251  1.9169228e-05      26083.471      54.641     -1
     4     -1           0       1e+99  Delay     -1     -1   2.579203e+09              0              0              0           1     -1
     4     -1           0       1e+99   LogL     -1     -1              1      -11606364      -11606364              0           1     -1
     4     -1           0       1e+99 Recomb     -1     -1           4818  1.4454006e-05  3.0000012e-09              0           1     -1
     4     -1           0       1e+99 Resamp     -1     -1   2.579203e+09         551145  0.00021368811              0           1     -1
     3      0           0         133   Coal      0     -1      319474.65      92.710577  0.00029019698      1722.9676      1.4653     -1
     3      1         133       166.2   Coal      0     -1      164733.04      9.4406325  5.7308677e-05      8724.6824      2.2349     -1
     3      2       166.2      207.68   Coal      0     -1      256549.34      2.3853301  9.2977442e-06      53776.485      2.5092     -1
     3      3      207.68      259.53   Coal      0     -1      401826.19      4.9166623  1.2235794e-05      40863.716      3.4083     -1
     3      4      259.53      324.31   Coal      0     -1      626924.06      9.7787583  1.5597995e-05      32055.402      3.9065     -1
     3      5      324.31      405.26   Coal      0     -1      974735.81      31.725981  3.2548287e-05      15361.792      4.5841     -1
     3      6      405.26      506.42   Coal      0     -1      1511603.9      45.270017  2.9948332e-05      16695.421      5.2813     -1
     3      7      506.42      632.82   Coal      0     -1      2334956.6      121.64539  5.2097495e-05      9597.3904      6.1867     -1
     3      8      632.82      790.79   Coal      0     -1      3562505.9       358.6968  0.00010068665      4965.9015      8.6795     -1
     3      9      790.79      988.18   Coal      0     -1      5333928.2      615.76081  0.00011544228      4331.1689      7.6468     -1
     3     10      988.18      1234.8   Coal      0     -1      7871368.7      912.50801  0.00011592749      4313.0409      10.417     -1
     3     11      1234.8      1543.1   Coal      0     -1       11510768      1327.5483  0.00011533099      4335.3481      11.818     -1
     3     12      1543.1      1928.2   Coal      0     -1       16657144      1701.9903   0.0001021778      4893.4309      13.386     -1
     3     13      1928.2      2409.6   Coal      0     -1       23939793      2225.4707   9.296115e-05       5378.591        15.7     -1
     3     14      2409.6        3011   Coal      0     -1       34299036      2733.8815  7.9707241e-05      6272.9558      17.656     -1
     3     15        3011      3762.6   Coal      0     -1       49134491      3354.8279  6.8278471e-05      7322.9525      21.529     -1
     3     16      3762.6      4701.8   Coal      0     -1       70194001      4150.3987  5.9127541e-05      8456.2962      27.598     -1
     3     17      4701.8      5875.5   Coal      0     -1  1.0000089e+08      5282.3139  5.2822667e-05      9465.6335      31.012     -1
     3     18      5875.5      7342.1   Coal      0     -1  1.4431913e+08      5046.2487  3.4965903e-05      14299.645      36.356     -1
     3     19      7342.1      9174.7   Coal      0     -1  2.1256924e+08      5086.6925   2.392958e-05      20894.642      46.173     -1
     3     20      9174.7       11465   Coal      0     -1  3.1738264e+08      5843.0541  1.8410125e-05      27158.968      51.978     -1
     3     21       11465       14327   Coal      0     -1  4.7292785e+08      7647.5246  1.6170594e-05      30920.323      61.917     -1
     3     22       14327       17903   Coal      0     -1  6.8972867e+08      11556.785  1.6755552e-05      29840.855      70.496     -1
     3     23       17903       22372   Coal      0     -1  9.6491003e+08      19039.933   1.973234e-05      25339.113      83.695     -1
     3     24       22372       27956   Coal      0     -1  1.2708012e+09      28551.705  2.2467483e-05      22254.384      93.788     -1
     3     25       27956       34934   Coal      0     -1  1.5575594e+09      41261.983  2.6491435e-05      18874.025      111.42     -1
     3     26       34934       43654   Coal      0     -1  1.7001821e+09      51290.563  3.0167689e-05      16574.024      97.692     -1
     3     27       43654       54551   Coal      0     -1  1.6816828e+09      58597.415  3.4844511e-05      14349.462      99.437     -1
     3     28       54551       68167   Coal      0     -1  1.4681097e+09      54666.184  3.7235764e-05      13427.951      86.274     -1
     3     29       68167       85183   Coal      0     -1  1.1927176e+09      42711.615  3.5810335e-05       13962.45       73.91     -1
     3     30       85183  1.0645e+05   Coal      0     -1  1.1077888e+09      21921.452  1.9788475e-05      25267.233      67.762     -1
     3     31  1.0645e+05  1.3302e+05   Coal      0     -1  1.0995731e+09      21442.856  1.9501074e-05      25639.614      65.607     -1
     3     32  1.3302e+05       1e+99   Coal      0     -1  2.3441056e+09      45836.645  1.9554002e-05      25570.213      56.493     -1
     3     -1           0       1e+99  Delay     -1     -1   2.579203e+09              0              0              0           1     -1
     3     -1           0       1e+99   LogL     -1     -1              1      -11606686      -11606686              0           1     -1
     3     -1           0       1e+99 Recomb     -1     -1           4818  1.4454006e-05  3.0000012e-09              0           1     -1
     3     -1           0       1e+99 Resamp     -1     -1   2.579203e+09         553143  0.00021446276              0           1     -1
     2      0           0         133   Coal      0     -1       313757.3      75.097238  0.00023934818      2089.0069      1.6433     -1
     2      1         133       166.2   Coal      0     -1      162065.49      6.6779278  4.1205119e-05      12134.415      2.5478     -1
     2      2       166.2      207.68   Coal      0     -1      255185.41      2.2319112  8.7462335e-06      57167.465      2.8254     -1
     2      3      207.68      259.53   Coal      0     -1      400932.37      5.6609343  1.4119424e-05      35412.208      3.1978     -1
     2      4      259.53      324.31   Coal      0     -1      624795.27       12.55949  2.0101769e-05      24873.432      3.9391     -1
     2      5      324.31      405.26   Coal      0     -1      973933.92      29.938008   3.073926e-05      16265.844       4.486     -1
     2      6      405.26      506.42   Coal      0     -1      1512864.1      45.396772   3.000717e-05      16662.684       5.294     -1
     2      7      506.42      632.82   Coal      0     -1      2343347.8      120.85828   5.157505e-05        9694.61      5.7252     -1
     2      8      632.82      790.79   Coal      0     -1      3579116.8      336.41844  9.3994821e-05       5319.442      8.0342     -1
     2      9      790.79      988.18   Coal      0     -1      5364526.6      566.68779  0.00010563612      4733.2293      9.3819     -1
     2     10      988.18      1234.8   Coal      0     -1      7965784.2      824.70359  0.00010353075      4829.4832      8.7233     -1
     2     11      1234.8      1543.1   Coal      0     -1       11685212       1196.413  0.00010238694      4883.4356      11.302     -1
     2     12      1543.1      1928.2   Coal      0     -1       16991822      1558.1647  9.1700859e-05      5452.5116      14.386     -1
     2     13      1928.2      2409.6   Coal      0     -1       24523963      2062.1404  8.4086753e-05      5946.2398      16.463     -1
     2     14      2409.6        3011   Coal      0     -1       35213605      2564.5491  7.2828359e-05      6865.4574      21.145     -1
     2     15        3011      3762.6   Coal      0     -1       50461255      3244.6291  6.4299414e-05      7776.1207      20.303     -1
     2     16      3762.6      4701.8   Coal      0     -1       72080215       4104.891  5.6948929e-05      8779.7964      26.299     -1
     2     17      4701.8      5875.5   Coal      0     -1  1.0225921e+08      5325.1655  5.2075166e-05      9601.5056      28.872     -1
     2     18      5875.5      7342.1   Coal      0     -1  1.4702985e+08       5088.564  3.4609053e-05      14447.087      37.858     -1
     2     19      7342.1      9174.7   Coal      0     -1  2.1573651e+08      5110.5549  2.3688873e-05      21106.956      41.783     -1
     2     20      9174.7       11465   Coal      0     -1  3.2179129e+08      5843.9338  1.8160634e-05      27532.079      52.997     -1
     2     21       11465       14327   Coal      0     -1  4.7856415e+08      7615.4831  1.5913192e-05      31420.472      65.104     -1
     2     22       14327       17903   Coal      0     -1  6.9579277e+08       11393.13  1.6374316e-05      30535.627      67.175     -1
     2     23       17903       22372   Coal      0     -1    9.74365e+08      18847.018  1.9342873e-05      25849.314      80.053     -1
     2     24       22372       27956   Coal      0     -1  1.2895045e+09      28474.973  2.2082103e-05      22642.771      97.359     -1
     2     25       27956       34934   Coal      0     -1  1.5694816e+09      41284.129  2.6304309e-05      19008.292      102.81     -1
     2     26       34934       43654   Coal      0     -1   1.725456e+09      51741.344  2.9987054e-05      16673.862      99.189     -1
     2     27       43654       54551   Coal      0     -1  1.7043747e+09      59489.644  3.4904086e-05       14324.97      100.82     -1
     2     28       54551       68167   Coal      0     -1  1.4727433e+09      55260.046  3.7521846e-05       13325.57      85.007     -1
     2     29       68167       85183   Coal      0     -1  1.1875699e+09      43152.691  3.6336968e-05      13760.091      72.872     -1
     2     30       85183  1.0645e+05   Coal      0     -1  1.0912339e+09      22042.252  2.0199383e-05      24753.231      65.649     -1
     2     31  1.0645e+05  1.3302e+05   Coal      0     -1  1.0794891e+09      21545.599  1.9959071e-05      25051.266      64.538     -1
     2     32  1.3302e+05       1e+99   Coal      0     -1  2.2408882e+09      44808.003  1.9995644e-05      25005.446      56.156     -1
     2     -1           0       1e+99  Delay     -1     -1   2.579203e+09              0              0              0           1     -1
     2     -1           0       1e+99   LogL     -1     -1              1      -11607187      -11607187              0           1     -1
     2     -1           0       1e+99 Recomb     -1     -1           4818  1.4454006e-05  3.0000012e-09              0           1     -1
     2     -1           0       1e+99 Resamp     -1     -1   2.579203e+09         553977  0.00021478612              0           1     -1
     1      0           0         133   Coal      0     -1      308028.77      55.987793  0.00018176157      2750.8565      1.6085     -1
     1      1         133       166.2   Coal      0     -1      165453.89      6.3500618  3.8379647e-05      13027.738      2.4619     -1
     1      2       166.2      207.68   Coal      0     -1      260278.46      2.6411236    1.01473e-05      49274.191       2.562     -1
     1      3      207.68      259.53   Coal      0     -1      404781.51      8.0702334  1.9937258e-05      25078.674       3.474     -1
     1      4      259.53      324.31   Coal      0     -1      630563.22      11.858625  1.8806401e-05      26586.693      3.6445     -1
     1      5      324.31      405.26   Coal      0     -1      982641.64      29.205338   2.972125e-05       16822.98      3.8958     -1
     1      6      405.26      506.42   Coal      0     -1      1522859.2      45.855442  3.0111412e-05          16605      5.5395     -1
     1      7      506.42      632.82   Coal      0     -1      2344905.3      114.88222  4.8992264e-05      10205.693      6.1756     -1
     1      8      632.82      790.79   Coal      0     -1      3568946.1      297.46343  8.3347695e-05      5998.9662      6.4771     -1
     1      9      790.79      988.18   Coal      0     -1      5387973.2      489.33209  9.0819326e-05      5505.4362      7.9165     -1
     1     10      988.18      1234.8   Coal      0     -1      8041742.5       710.2492  8.8320311e-05      5661.2119      11.206     -1
     1     11      1234.8      1543.1   Coal      0     -1       11882592      1029.4149  8.6632178e-05      5771.5275      10.613     -1
     1     12      1543.1      1928.2   Coal      0     -1       17382973       1379.353  7.9350808e-05       6301.133      14.299     -1
     1     13      1928.2      2409.6   Coal      0     -1       25245319       1839.469  7.2863765e-05      6862.1214      15.769     -1
     1     14      2409.6        3011   Coal      0     -1       36415350      2365.9782  6.4972003e-05      7695.6224      21.238     -1
     1     15        3011      3762.6   Coal      0     -1       52206134      3082.4838  5.9044476e-05      8468.1927      19.331     -1
     1     16      3762.6      4701.8   Coal      0     -1       74516592      4012.0221  5.3840655e-05      9286.6627      24.967     -1
     1     17      4701.8      5875.5   Coal      0     -1  1.0571321e+08      5304.0657  5.0174106e-05      9965.2996      32.418     -1
     1     18      5875.5      7342.1   Coal      0     -1  1.5124236e+08      5109.6621  3.3784595e-05      14799.644      36.679     -1
     1     19      7342.1      9174.7   Coal      0     -1  2.2118201e+08      5128.5073   2.318682e-05      21563.975      46.317     -1
     1     20      9174.7       11465   Coal      0     -1  3.2792657e+08      5813.5954  1.7728345e-05      28203.422      51.442     -1
     1     21       11465       14327   Coal      0     -1  4.8567799e+08      7526.0137  1.5495892e-05      32266.616      60.155     -1
     1     22       14327       17903   Coal      0     -1  7.0850789e+08      11274.932   1.591363e-05      31419.607      74.525     -1
     1     23       17903       22372   Coal      0     -1  9.8992381e+08      18656.777   1.884668e-05      26529.872       81.45     -1
     1     24       22372       27956   Coal      0     -1    1.30703e+09      28371.507  2.1706852e-05      23034.201      91.451     -1
     1     25       27956       34934   Coal      0     -1  1.5959362e+09      41448.035  2.5970985e-05      19252.254      101.75     -1
     1     26       34934       43654   Coal      0     -1  1.7606342e+09      52372.452  2.9746356e-05      16808.782      102.54     -1
     1     27       43654       54551   Coal      0     -1  1.7239776e+09      60297.804  3.4975978e-05      14295.526       98.21     -1
     1     28       54551       68167   Coal      0     -1  1.4877001e+09      56228.697   3.779572e-05      13229.011      86.311     -1
     1     29       68167       85183   Coal      0     -1  1.1915846e+09      44024.289  3.6946005e-05      13533.263      75.546     -1
     1     30       85183  1.0645e+05   Coal      0     -1  1.0756403e+09      22228.205  2.0665092e-05      24195.392      66.989     -1
     1     31  1.0645e+05  1.3302e+05   Coal      0     -1  1.0492073e+09      21501.832  2.0493406e-05      24398.091      65.314     -1
     1     32  1.3302e+05       1e+99   Coal      0     -1  2.1042938e+09      43205.413  2.0532025e-05      24352.201      53.764     -1
     1     -1           0       1e+99  Delay     -1     -1   2.579203e+09              0              0              0           1     -1
     1     -1           0       1e+99   LogL     -1     -1              1      -11608028      -11608028              0           1     -1
     1     -1           0       1e+99 Recomb     -1     -1           4818  1.4454006e-05  3.0000012e-09              0           1     -1
     1     -1           0       1e+99 Resamp     -1     -1   2.579203e+09         554937  0.00021515833              0           1     -1
     0      0           0         133   Coal      0     -1      310235.06      24.096724  7.7672473e-05       6437.287      1.4361     -1
     0      1         133       166.2   Coal      0     -1      166798.19      4.6403823   2.782034e-05      17972.462      2.4279     -1
     0      2       166.2      207.68   Coal      0     -1      259324.34      2.3771478  9.1666975e-06      54545.271      2.6283     -1
     0      3      207.68      259.53   Coal      0     -1      406225.72       4.698679   1.156667e-05      43227.652      2.6543     -1
     0      4      259.53      324.31   Coal      0     -1      639131.63      9.4663872  1.4811326e-05      33757.949      3.6631     -1
     0      5      324.31      405.26   Coal      0     -1      988640.28      22.775742  2.3037441e-05      21703.799      3.7384     -1
     0      6      405.26      506.42   Coal      0     -1      1519040.4      40.839424  2.6885015e-05      18597.721      6.1318     -1
     0      7      506.42      632.82   Coal      0     -1        2348961      92.158591  3.9233768e-05      12744.124      6.0037     -1
     0      8      632.82      790.79   Coal      0     -1      3592294.6      240.36403  6.6911002e-05      7472.6127       6.526     -1
     0      9      790.79      988.18   Coal      0     -1      5429269.1      373.92736  6.8872504e-05      7259.7912      8.8787     -1
     0     10      988.18      1234.8   Coal      0     -1      8146034.5      542.18226  6.6557815e-05      7512.2658      10.108     -1
     0     11      1234.8      1543.1   Coal      0     -1       12132692      800.32556  6.5964385e-05      7579.8478      11.259     -1
     0     12      1543.1      1928.2   Coal      0     -1       17884695      1100.1332  6.1512546e-05      8128.4231      14.613     -1
     0     13      1928.2      2409.6   Coal      0     -1       26197884      1546.3834  5.9027033e-05      8470.6951      15.451     -1
     0     14      2409.6        3011   Coal      0     -1       38050585      2086.2877  5.4829318e-05      9119.2088      19.635     -1
     0     15        3011      3762.6   Coal      0     -1       54757140      2802.3475  5.1177754e-05      9769.8699      24.379     -1
     0     16      3762.6      4701.8   Coal      0     -1       78319286      3811.3739  4.8664564e-05      10274.416      28.806     -1
     0     17      4701.8      5875.5   Coal      0     -1  1.1052001e+08      5163.9887  4.6724469e-05      10701.031      29.645     -1
     0     18      5875.5      7342.1   Coal      0     -1  1.5778851e+08      5066.1851  3.2107439e-05      15572.715      36.755     -1
     0     19      7342.1      9174.7   Coal      0     -1  2.2928988e+08      5090.5118  2.2201206e-05      22521.299      45.555     -1
     0     20      9174.7       11465   Coal      0     -1   3.383945e+08      5767.8141  1.7044645e-05      29334.727      51.877     -1
     0     21       11465       14327   Coal      0     -1  4.9926018e+08      7428.7712  1.4879559e-05      33603.147      60.747     -1
     0     22       14327       17903   Coal      0     -1  7.2599079e+08      11138.322  1.5342236e-05      32589.774      72.575     -1
     0     23       17903       22372   Coal      0     -1  1.0152487e+09      18515.793  1.8237692e-05       27415.75      83.284     -1
     0     24       22372       27956   Coal      0     -1  1.3454001e+09      28477.638  2.1166669e-05      23622.044      99.751     -1
     0     25       27956       34934   Coal      0     -1   1.628351e+09      41591.792  2.5542277e-05      19575.389      98.225     -1
     0     26       34934       43654   Coal      0     -1  1.7995039e+09       53062.69    2.94874e-05      16956.395      102.66     -1
     0     27       43654       54551   Coal      0     -1   1.765475e+09      61728.038  3.4963983e-05       14300.43      102.92     -1
     0     28       54551       68167   Coal      0     -1  1.5121416e+09      57588.155  3.8083836e-05      13128.929      89.177     -1
     0     29       68167       85183   Coal      0     -1   1.194052e+09      44975.841  3.7666568e-05      13274.371      76.434     -1
     0     30       85183  1.0645e+05   Coal      0     -1   1.062432e+09       22547.71  2.1222733e-05      23559.643      67.606     -1
     0     31  1.0645e+05  1.3302e+05   Coal      0     -1  1.0229365e+09      21596.582  2.1112339e-05      23682.833      65.214     -1
     0     32  1.3302e+05       1e+99   Coal      0     -1  1.9846165e+09      41957.747  2.1141488e-05       23650.18      56.314     -1
     0     -1           0       1e+99  Delay     -1     -1   2.579203e+09              0              0              0           1     -1
     0     -1           0       1e+99   LogL     -1     -1              1      -11609761      -11609761              0           1     -1
     0     -1           0       1e+99 Recomb     -1     -1           4818  1.4454006e-05  3.0000012e-09              0           1     -1
     0     -1           0       1e+99 Resamp     -1     -1   2.579203e+09         552893  0.00021436583              0           1     -1
