  Iter  Epoch       Start         End   Type   From     To            Opp          Count           Rate             Ne         ESS  Clump
    10      0           0         133   Coal      0     -1      309711.77      36.097122  0.00011655069      4289.9788      1.5093     -1
    10      1         133       166.2   Coal      0     -1      166337.44       0.442895  2.6626296e-06      187784.28      2.1125     -1
    10      2       166.2      207.68   Coal      0     -1      259824.12     0.87439263  3.3653251e-06      148574.06      2.3417     -1
    10      3      207.68      259.53   Coal      0     -1       403679.8      8.1823369  2.0269374e-05      24667.757      3.1134     -1
    10      4      259.53      324.31   Coal      0     -1      626492.66      12.431189  1.9842513e-05      25198.421      3.3948     -1
    10      5      324.31      405.26   Coal      0     -1      969514.63      45.043777  4.6460131e-05      10761.915      3.9047     -1
    10      6      405.26      506.42   Coal      0     -1      1503856.8      67.603493  4.4953411e-05      11122.627      4.6152     -1
    10      7      506.42      632.82   Coal      0     -1      2305903.4        179.067  7.7655895e-05      6438.6612       5.104     -1
    10      8      632.82      790.79   Coal      0     -1      3509739.9      313.41833   8.929959e-05      5599.1299      7.3213     -1
    10      9      790.79      988.18   Coal      0     -1      5340250.1      389.24609  7.2889112e-05      6859.7351      8.1435     -1
    10     10      988.18      1234.8   Coal      0     -1      8089065.6      516.76414  6.3884281e-05      7826.6514      9.7738     -1
    10     11      1234.8      1543.1   Coal      0     -1       12262692      728.11945  5.9376804e-05      8420.7968      11.915     -1
    10     12      1543.1      1928.2   Coal      0     -1       18489096      1021.5287  5.5250331e-05      9049.7195      14.838     -1
    10     13      1928.2      2409.6   Coal      0     -1       27827228      1324.1463  4.7584556e-05      10507.611      16.374     -1
    10     14      2409.6        3011   Coal      0     -1       41848992      1702.7986  4.0689119e-05      12288.298      20.231     -1
    10     15        3011      3762.6   Coal      0     -1       62649442        2300.14  3.6714453e-05      13618.615      22.224     -1
    10     16      3762.6      4701.8   Coal      0     -1       93283023        3319.37   3.558386e-05      14051.314      25.541     -1
    10     17      4701.8      5875.5   Coal      0     -1  1.3732122e+08        4755.76  3.4632375e-05      14437.358      31.929     -1
    10     18      5875.5      7342.1   Coal      0     -1  2.0213288e+08         5229.6   2.587209e-05      19325.845       39.28     -1
    10     19      7342.1      9174.7   Coal      0     -1   2.996844e+08        6047.09  2.0178194e-05      24779.224      46.432     -1
    10     20      9174.7       11465   Coal      0     -1  4.4531713e+08         7799.6  1.7514709e-05      28547.434      53.322     -1
    10     21       11465       14327   Coal      0     -1  6.5538012e+08       11125.01  1.6974897e-05       29455.26      64.898     -1
    10     22       14327       17903   Coal      0     -1  9.4045946e+08       17217.14  1.8307158e-05      27311.721      75.226     -1
    10     23       17903       22372   Coal      0     -1  1.2849929e+09       28505.07  2.2183057e-05      22539.725      83.686     -1
    10     24       22372       27956   Coal      0     -1  1.6477358e+09       41275.53  2.5049847e-05      19960.202      95.249     -1
    10     25       27956       34934   Coal      0     -1  1.9618203e+09       55853.57  2.8470278e-05      17562.175      106.55     -1
    10     26       34934       43654   Coal      0     -1  2.1363905e+09       66678.08  3.1210624e-05      16020.186      104.43     -1
    10     27       43654       54551   Coal      0     -1  2.1210048e+09       73104.99  3.4467149e-05      14506.567      103.47     -1
    10     28       54551       68167   Coal      0     -1  1.8865317e+09       67795.82  3.5936751e-05      13913.334      87.373     -1
    10     29       68167       85183   Coal      0     -1  1.5910633e+09       53030.99  3.3330535e-05      15001.259      75.645     -1
    10     30       85183  1.0645e+05   Coal      0     -1  1.5246117e+09       28018.37  1.8377382e-05      27207.358      68.113     -1
    10     31  1.0645e+05  1.3302e+05   Coal      0     -1  1.5789394e+09        27940.1  1.7695486e-05      28255.793      69.341     -1
    10     32  1.3302e+05       1e+99   Coal      0     -1  3.9918452e+09       68326.41  1.7116498e-05      29211.583      55.988     -1
    10     -1           0       1e+99  Delay     -1     -1  2.5938157e+09              0              0              0           1     -1
    10     -1           0       1e+99   LogL     -1     -1              1      -15171232      -15171232              0           1     -1
    10     -1           0       1e+99 Recomb     -1     -1           4323  1.2969005e-05  3.0000011e-09              0           1     -1
    10     -1           0       1e+99 Resamp     -1     -1  2.5938157e+09         714826  0.00027558858              0           1     -1
     9      0           0         133   Coal      0     -1         307458      46.675931  0.00015181238       3293.539      1.5211     -1
     9      1         133       166.2   Coal      0     -1      165299.85     0.69960674  4.2323495e-06      118137.69      2.3244     -1
     9      2       166.2      207.68   Coal      0     -1      258879.42      1.6274589  6.2865518e-06      79534.858      2.4543     -1
     9      3      207.68      259.53   Coal      0     -1      403063.48      7.5861585   1.882125e-05      26565.717      3.1776     -1
     9      4      259.53      324.31   Coal      0     -1      626803.33      12.790935  2.0406616e-05      24501.858      3.6318     -1
     9      5      324.31      405.26   Coal      0     -1      974488.86       46.13083  4.7338489e-05       10562.23      4.2087     -1
     9      6      405.26      506.42   Coal      0     -1      1503838.9      66.079108  4.3940284e-05       11379.08       5.127     -1
     9      7      506.42      632.82   Coal      0     -1      2310198.2      175.75358  7.6077271e-05      6572.2652      5.2113     -1
     9      8      632.82      790.79   Coal      0     -1      3516993.5      303.92123  8.6415068e-05       5786.028      7.5552     -1
     9      9      790.79      988.18   Coal      0     -1        5349040      404.48662  7.5618545e-05      6612.1346      8.2199     -1
     9     10      988.18      1234.8   Coal      0     -1      8122910.5      515.40622  6.3450929e-05      7880.1053      10.033     -1
     9     11      1234.8      1543.1   Coal      0     -1       12283964      725.11955  5.9029767e-05      8470.3028      12.341     -1
     9     12      1543.1      1928.2   Coal      0     -1       18541514      1016.2062  5.4807079e-05      9122.9092      13.857     -1
     9     13      1928.2      2409.6   Coal      0     -1       27863373      1306.0142   4.687208e-05      10667.331      16.985     -1
     9     14      2409.6        3011   Coal      0     -1       41915762        1712.68  4.0860047e-05      12236.892      21.107     -1
     9     15        3011      3762.6   Coal      0     -1       62695729        2319.99  3.7003956e-05      13512.069      22.696     -1
     9     16      3762.6      4701.8   Coal      0     -1       93305684        3348.59  3.5888382e-05      13932.086      25.681     -1
     9     17      4701.8      5875.5   Coal      0     -1  1.3719629e+08        4842.96  3.5299497e-05      14164.508      32.807     -1
     9     18      5875.5      7342.1   Coal      0     -1  2.0189016e+08        5298.48  2.6244369e-05      19051.706      38.092     -1
     9     19      7342.1      9174.7   Coal      0     -1  2.9898809e+08        6079.39  2.0333218e-05      24590.303      47.788     -1
     9     20      9174.7       11465   Coal      0     -1  4.4455134e+08        7795.62  1.7535927e-05      28512.892      53.793     -1
     9     21       11465       14327   Coal      0     -1  6.5456808e+08       11043.45  1.6871354e-05      29636.032      65.232     -1
     9     22       14327       17903   Coal      0     -1  9.4018824e+08        17056.2  1.8141261e-05       27561.48      75.213     -1
     9     23       17903       22372   Coal      0     -1  1.2868144e+09       28245.83  2.1950198e-05      22778.838      84.357     -1
     9     24       22372       27956   Coal      0     -1  1.6526713e+09       41033.86  2.4828809e-05      20137.897      94.501     -1
     9     25       27956       34934   Coal      0     -1  1.9714233e+09       55836.92  2.8323151e-05      17653.403       108.4     -1
     9     26       34934       43654   Coal      0     -1  2.1485282e+09       66887.96   3.113199e-05       16060.65      107.86     -1
     9     27       43654       54551   Coal      0     -1  2.1262132e+09       73429.97  3.4535563e-05       14477.83      105.96     -1
     9     28       54551       68167   Coal      0     -1   1.887839e+09       68041.58  3.6042046e-05      13872.686      90.126     -1
     9     29       68167       85183   Coal      0     -1  1.5906506e+09       53306.34  3.3512287e-05      14919.901      79.871     -1
     9     30       85183  1.0645e+05   Coal      0     -1  1.5185375e+09       28021.47  1.8452933e-05      27095.964      70.854     -1
     9     31  1.0645e+05  1.3302e+05   Coal      0     -1  1.5635227e+09       27874.91  1.7828274e-05       28045.34      69.798     -1
     9     32  1.3302e+05       1e+99   Coal      0     -1  3.9108921e+09       67653.39  1.7298711e-05      28903.889      55.878     -1
     9     -1           0       1e+99  Delay     -1     -1  2.5938157e+09              0              0              0           1     -1
     9     -1           0       1e+99   LogL     -1     -1              1      -15171361      -15171361              0           1     -1
     9     -1           0       1e+99 Recomb     -1     -1           4323  1.2969005e-05  3.0000011e-09              0           1     -1
     9     -1           0       1e+99 Resamp     -1     -1  2.5938157e+09         713694  0.00027515216              0           1     -1
     8      0           0         133   Coal      0     -1      305537.63      43.745619  0.00014317588      3492.2084      1.5337     -1
     8      1         133       166.2   Coal      0     -1      163144.19      1.1361455  6.9640576e-06      71797.223      2.3333     -1
     8      2       166.2      207.68   Coal      0     -1      255977.95     0.86629226  3.3842456e-06      147743.41      2.3392     -1
     8      3      207.68      259.53   Coal      0     -1      400404.47      6.5305541  1.6309893e-05       30656.24      3.3813     -1
     8      4      259.53      324.31   Coal      0     -1      625750.32      16.315661  2.6073755e-05      19176.371      3.4106     -1
     8      5      324.31      405.26   Coal      0     -1      971290.86      36.447214  3.7524511e-05      13324.624      4.3108     -1
     8      6      405.26      506.42   Coal      0     -1      1501602.8      63.307153  4.2159719e-05      11859.662      4.6783     -1
     8      7      506.42      632.82   Coal      0     -1      2306328.5      170.39594  7.3881903e-05      6767.5571      5.6437     -1
     8      8      632.82      790.79   Coal      0     -1      3534164.4      300.68642  8.5079917e-05      5876.8276      6.7749     -1
     8      9      790.79      988.18   Coal      0     -1      5370619.8       400.0796   7.449412e-05      6711.9391      7.9952     -1
     8     10      988.18      1234.8   Coal      0     -1      8137286.9      511.29675  6.2833811e-05      7957.4992      10.618     -1
     8     11      1234.8      1543.1   Coal      0     -1       12329996      724.03521   5.872145e-05      8514.7762       11.31     -1
     8     12      1543.1      1928.2   Coal      0     -1       18600403      1015.5982  5.4600874e-05      9157.3625      14.545     -1
     8     13      1928.2      2409.6   Coal      0     -1       27982716        1310.37  4.6827834e-05       10677.41      16.698     -1
     8     14      2409.6        3011   Coal      0     -1       42024410        1720.89  4.0949772e-05       12210.08      20.908     -1
     8     15        3011      3762.6   Coal      0     -1       62876088        2343.76  3.7275856e-05      13413.508      21.413     -1
     8     16      3762.6      4701.8   Coal      0     -1       93405116        3377.11  3.6155514e-05      13829.149      25.748     -1
     8     17      4701.8      5875.5   Coal      0     -1  1.3723041e+08        4910.55  3.5783249e-05      13973.019      32.551     -1
     8     18      5875.5      7342.1   Coal      0     -1  2.0165039e+08         5373.1  2.6645621e-05      18764.809      37.918     -1
     8     19      7342.1      9174.7   Coal      0     -1  2.9858244e+08         6133.2  2.0541061e-05      24341.489       46.29     -1
     8     20      9174.7       11465   Coal      0     -1  4.4379241e+08        7780.17  1.7531102e-05       28520.74      53.426     -1
     8     21       11465       14327   Coal      0     -1   6.535828e+08       10952.42   1.675751e-05      29837.369      63.996     -1
     8     22       14327       17903   Coal      0     -1  9.4061536e+08       16882.96  1.7948846e-05      27856.945      78.507     -1
     8     23       17903       22372   Coal      0     -1  1.2881881e+09       27965.78  2.1709391e-05      23031.507       82.25     -1
     8     24       22372       27956   Coal      0     -1  1.6585476e+09       40770.85  2.4582261e-05       20339.87      94.772     -1
     8     25       27956       34934   Coal      0     -1  1.9809044e+09       55777.63  2.8157658e-05      17757.158      107.19     -1
     8     26       34934       43654   Coal      0     -1  2.1591673e+09       67030.23  3.1044482e-05      16105.922      106.54     -1
     8     27       43654       54551   Coal      0     -1  2.1380066e+09       73966.37   3.459595e-05      14452.559      106.16     -1
     8     28       54551       68167   Coal      0     -1  1.8919908e+09       68375.69  3.6139546e-05      13835.259      89.026     -1
     8     29       68167       85183   Coal      0     -1  1.5885576e+09       53609.71  3.3747413e-05       14815.95      77.801     -1
     8     30       85183  1.0645e+05   Coal      0     -1  1.5163284e+09       28153.19  1.8566684e-05      26929.957      70.583     -1
     8     31  1.0645e+05  1.3302e+05   Coal      0     -1   1.552872e+09       27939.25  1.7991985e-05      27790.152      69.274     -1
     8     32  1.3302e+05       1e+99   Coal      0     -1  3.8133304e+09        66802.5  1.7518151e-05      28541.824      55.871     -1
     8     -1           0       1e+99  Delay     -1     -1  2.5938157e+09              0              0              0           1     -1
     8     -1           0       1e+99   LogL     -1     -1              1      -15171397      -15171397              0           1     -1
     8     -1           0       1e+99 Recomb     -1     -1           4323  1.2969005e-05  3.0000011e-09              0           1     -1
     8     -1           0       1e+99 Resamp     -1     -1  2.5938157e+09         711834  0.00027443507              0           1     -1
     7      0           0         133   Coal      0     -1      295801.08      39.594942  0.00013385665      3735.3392      1.5576     -1
     7      1         133       166.2   Coal      0     -1       163794.5     0.64069158  3.9115573e-06      127826.33      2.1645     -1
     7      2       166.2      207.68   Coal      0     -1      256960.43     0.98193657  3.8213533e-06       130843.7        2.56     -1
     7      3      207.68      259.53   Coal      0     -1      401676.75      6.8829343  1.7135506e-05      29179.179      2.9327     -1
     7      4      259.53      324.31   Coal      0     -1      629106.55      17.611771  2.7994894e-05        17860.4      3.7202     -1
     7      5      324.31      405.26   Coal      0     -1      978935.34      36.773496  3.7564785e-05      13310.338      4.3542     -1
     7      6      405.26      506.42   Coal      0     -1      1514175.1      60.292033  3.9818403e-05      12557.008      4.6574     -1
     7      7      506.42      632.82   Coal      0     -1      2334792.8      166.21682  7.1191252e-05      7023.3348      5.3053     -1
     7      8      632.82      790.79   Coal      0     -1      3545432.9      304.53119  8.5893937e-05      5821.1326      6.8803     -1
     7      9      790.79      988.18   Coal      0     -1      5383405.7      391.88348  7.2794715e-05      6868.6305      8.6986     -1
     7     10      988.18      1234.8   Coal      0     -1        8165699      509.69367  6.2418866e-05      8010.3987      10.006     -1
     7     11      1234.8      1543.1   Coal      0     -1       12364908      706.17302   5.711106e-05      8754.8716      11.205     -1
     7     12      1543.1      1928.2   Coal      0     -1       18615074         1003.9  5.3929413e-05      9271.3785       14.95     -1
     7     13      1928.2      2409.6   Coal      0     -1       27966293       1300.329  4.6496295e-05      10753.545      17.107     -1
     7     14      2409.6        3011   Coal      0     -1       42003225        1721.91  4.0994709e-05      12196.696      21.469     -1
     7     15        3011      3762.6   Coal      0     -1       62780881        2355.27  3.7515721e-05      13327.746      23.185     -1
     7     16      3762.6      4701.8   Coal      0     -1       93279266        3392.22  3.6366281e-05          13749      25.281     -1
     7     17      4701.8      5875.5   Coal      0     -1  1.3704791e+08        4960.89  3.6198217e-05      13812.835      31.744     -1
     7     18      5875.5      7342.1   Coal      0     -1  2.0139332e+08        5452.48  2.7073788e-05      18468.048      36.865     -1
     7     19      7342.1      9174.7   Coal      0     -1  2.9794378e+08        6182.37  2.0750123e-05      24096.243      48.157     -1
     7     20      9174.7       11465   Coal      0     -1  4.4293657e+08        7746.57  1.7489118e-05      28589.206      54.955     -1
     7     21       11465       14327   Coal      0     -1  6.5269246e+08       10852.07  1.6626621e-05      30072.256      64.408     -1
     7     22       14327       17903   Coal      0     -1  9.4026858e+08       16704.35  1.7765509e-05      28144.423      78.069     -1
     7     23       17903       22372   Coal      0     -1  1.2904691e+09       27625.53  2.1407356e-05      23356.458      83.683     -1
     7     24       22372       27956   Coal      0     -1  1.6660311e+09       40500.52  2.4309583e-05      20568.021      97.208     -1
     7     25       27956       34934   Coal      0     -1  1.9917024e+09       55735.98   2.798409e-05      17867.295      107.69     -1
     7     26       34934       43654   Coal      0     -1  2.1720658e+09       67197.18  3.0936991e-05      16161.882      106.26     -1
     7     27       43654       54551   Coal      0     -1  2.1486697e+09       74472.13  3.4659645e-05      14425.999      106.25     -1
     7     28       54551       68167   Coal      0     -1  1.8965277e+09       68780.44   3.626651e-05      13786.824      90.287     -1
     7     29       68167       85183   Coal      0     -1  1.5790264e+09       53724.53  3.4023832e-05      14695.582      76.657     -1
     7     30       85183  1.0645e+05   Coal      0     -1  1.5062563e+09       28204.78  1.8725087e-05      26702.146      70.325     -1
     7     31  1.0645e+05  1.3302e+05   Coal      0     -1   1.543985e+09        28044.2  1.8163518e-05      27527.706      69.637     -1
     7     32  1.3302e+05       1e+99   Coal      0     -1  3.7144455e+09       65940.79  1.7752526e-05      28165.006      54.566     -1
     7     -1           0       1e+99  Delay     -1     -1  2.5938157e+09              0              0              0           1     -1
     7     -1           0       1e+99   LogL     -1     -1              1      -15171477      -15171477              0           1     -1
     7     -1           0       1e+99 Recomb     -1     -1           4323  1.2969005e-05  3.0000011e-09              0           1     -1
     7     -1           0       1e+99 Resamp     -1     -1  2.5938157e+09         710857   0.0002740584              0           1     -1
     6      0           0         133   Coal      0     -1      301088.67      38.993287  0.00012950765      3860.7757      1.5552     -1
     6      1         133       166.2   Coal      0     -1      164919.34      2.1351453  1.2946603e-05      38620.169      2.0744     -1
     6      2       166.2      207.68   Coal      0     -1      257717.14     0.22181398  8.6068773e-07      580930.78      2.3823     -1
     6      3      207.68      259.53   Coal      0     -1      397748.83      8.4297882  2.1193747e-05      23591.864      3.1162     -1
     6      4      259.53      324.31   Coal      0     -1      617745.97      16.198281  2.6221589e-05      19068.257      3.4975     -1
     6      5      324.31      405.26   Coal      0     -1      961116.26      37.428512  3.8942752e-05       12839.36      4.3178     -1
     6      6      405.26      506.42   Coal      0     -1      1490660.3      58.423938  3.9193328e-05      12757.273      4.7724     -1
     6      7      506.42      632.82   Coal      0     -1        2305624      157.64493  6.8374082e-05      7312.7125      5.8024     -1
     6      8      632.82      790.79   Coal      0     -1      3519726.5      288.35298  8.1924823e-05      6103.1563      6.7366     -1
     6      9      790.79      988.18   Coal      0     -1      5351255.7       374.0383  6.9897295e-05      7153.3527      8.5665     -1
     6     10      988.18      1234.8   Coal      0     -1      8151564.5      498.10207  6.1105088e-05      8182.6247      11.846     -1
     6     11      1234.8      1543.1   Coal      0     -1       12355783      703.50128  5.6937006e-05      8781.6348      11.663     -1
     6     12      1543.1      1928.2   Coal      0     -1       18661199      1005.7043  5.3892801e-05       9277.677      14.083     -1
     6     13      1928.2      2409.6   Coal      0     -1       28052377      1303.9321  4.6482055e-05      10756.839      18.255     -1
     6     14      2409.6        3011   Coal      0     -1       42135032      1730.0252   4.105907e-05      12177.577      21.064     -1
     6     15        3011      3762.6   Coal      0     -1       62914424        2391.16  3.8006547e-05      13155.628       22.75     -1
     6     16      3762.6      4701.8   Coal      0     -1       93473230        3443.61  3.6840601e-05      13571.983      24.834     -1
     6     17      4701.8      5875.5   Coal      0     -1  1.3708624e+08        5039.78  3.6763574e-05      13600.419      31.094     -1
     6     18      5875.5      7342.1   Coal      0     -1    2.01185e+08        5515.59  2.7415513e-05      18237.849        36.6     -1
     6     19      7342.1      9174.7   Coal      0     -1  2.9745249e+08        6202.21  2.0851095e-05      23979.556      50.387     -1
     6     20      9174.7       11465   Coal      0     -1  4.4206592e+08        7720.18  1.7463866e-05      28630.545      55.426     -1
     6     21       11465       14327   Coal      0     -1  6.5192528e+08       10764.17  1.6511355e-05       30282.19      65.217     -1
     6     22       14327       17903   Coal      0     -1  9.3946066e+08       16488.93  1.7551485e-05      28487.618      75.243     -1
     6     23       17903       22372   Coal      0     -1  1.2930346e+09       27249.58   2.107413e-05      23725.771      83.381     -1
     6     24       22372       27956   Coal      0     -1  1.6730941e+09       40173.57  2.4011543e-05      20823.319      96.334     -1
     6     25       27956       34934   Coal      0     -1  2.0051292e+09       55687.05    2.77723e-05      18003.551      108.76     -1
     6     26       34934       43654   Coal      0     -1  2.1878667e+09       67423.27  3.0816901e-05      16224.863      108.02     -1
     6     27       43654       54551   Coal      0     -1  2.1603979e+09       75043.49  3.4735958e-05      14394.306      108.44     -1
     6     28       54551       68167   Coal      0     -1  1.9044081e+09       69347.87  3.6414395e-05      13730.834      91.534     -1
     6     29       68167       85183   Coal      0     -1  1.5847255e+09       54323.31  3.4279318e-05      14586.055      77.879     -1
     6     30       85183  1.0645e+05   Coal      0     -1  1.4960537e+09       28312.97  1.8925102e-05      26419.937       70.79     -1
     6     31  1.0645e+05  1.3302e+05   Coal      0     -1  1.5250216e+09        28077.3  1.8411083e-05      27157.555      69.784     -1
     6     32  1.3302e+05       1e+99   Coal      0     -1  3.6025992e+09       64946.46  1.8027668e-05      27735.146      54.222     -1
     6     -1           0       1e+99  Delay     -1     -1  2.5938157e+09              0              0              0           1     -1
     6     -1           0       1e+99   LogL     -1     -1              1      -15171566      -15171566              0           1     -1
     6     -1           0       1e+99 Recomb     -1     -1           4323  1.2969005e-05  3.0000011e-09              0           1     -1
     6     -1           0       1e+99 Resamp     -1     -1  2.5938157e+09         708394  0.00027310884              0           1     -1
     5      0           0         133   Coal      0     -1      301218.73      28.055277  9.3139219e-05      5368.3078      1.6003     -1
     5      1         133       166.2   Coal      0     -1       163529.7     0.87767001  5.3670374e-06      93161.267      2.3297     -1
     5      2       166.2      207.68   Coal      0     -1      256762.95     0.63596876  2.4768712e-06      201867.58      2.7058     -1
     5      3      207.68      259.53   Coal      0     -1      402490.26      10.709106  2.6607118e-05      18791.964      2.9428     -1
     5      4      259.53      324.31   Coal      0     -1      624606.91      18.453304  2.9543868e-05      16923.985      3.1634     -1
     5      5      324.31      405.26   Coal      0     -1      966378.79      31.508332  3.2604536e-05       15335.29      4.3581     -1
     5      6      405.26      506.42   Coal      0     -1      1500358.9      59.236356  3.9481457e-05      12664.173      4.9036     -1
     5      7      506.42      632.82   Coal      0     -1        2308468      148.25142  6.4220695e-05      7785.6523      5.8901     -1
     5      8      632.82      790.79   Coal      0     -1      3532737.3      278.26246  7.8766814e-05       6347.851      6.1679     -1
     5      9      790.79      988.18   Coal      0     -1      5371190.1       362.8787  6.7560203e-05      7400.8066      8.6645     -1
     5     10      988.18      1234.8   Coal      0     -1      8170092.7      476.77504  5.8356136e-05      8568.0793      11.022     -1
     5     11      1234.8      1543.1   Coal      0     -1       12399210      699.96135  5.6452094e-05      8857.0673      11.516     -1
     5     12      1543.1      1928.2   Coal      0     -1       18702326       995.9437  5.3252398e-05      9389.2486      14.523     -1
     5     13      1928.2      2409.6   Coal      0     -1       28112298        1287.54  4.5799885e-05      10917.058      17.724     -1
     5     14      2409.6        3011   Coal      0     -1       42185806      1740.9976   4.126975e-05      12115.412      19.863     -1
     5     15        3011      3762.6   Coal      0     -1       62947797        2407.32  3.8243118e-05      13074.248      22.772     -1
     5     16      3762.6      4701.8   Coal      0     -1       93415874        3483.72  3.7292591e-05      13407.489      23.987     -1
     5     17      4701.8      5875.5   Coal      0     -1  1.3682383e+08        5115.85  3.7390052e-05      13372.541      30.275     -1
     5     18      5875.5      7342.1   Coal      0     -1  2.0069282e+08        5566.62  2.7737017e-05      18026.452      36.427     -1
     5     19      7342.1      9174.7   Coal      0     -1   2.965664e+08        6226.17  2.0994185e-05      23816.118      47.963     -1
     5     20      9174.7       11465   Coal      0     -1  4.4078316e+08        7684.81  1.7434446e-05      28678.858      53.327     -1
     5     21       11465       14327   Coal      0     -1  6.5086151e+08       10635.08  1.6340004e-05      30599.747      65.597     -1
     5     22       14327       17903   Coal      0     -1  9.4000572e+08       16216.66  1.7251661e-05      28982.717      76.211     -1
     5     23       17903       22372   Coal      0     -1  1.2965339e+09       26852.06   2.071065e-05      24142.169      83.412     -1
     5     24       22372       27956   Coal      0     -1   1.681934e+09       39775.28  2.3648538e-05      21142.956      95.657     -1
     5     25       27956       34934   Coal      0     -1  2.0199932e+09       55616.75  2.7533137e-05      18159.936      108.92     -1
     5     26       34934       43654   Coal      0     -1   2.205772e+09       67656.89  3.0672658e-05      16301.163      107.83     -1
     5     27       43654       54551   Coal      0     -1  2.1712265e+09        75594.7  3.4816588e-05      14360.971      106.02     -1
     5     28       54551       68167   Coal      0     -1  1.9133567e+09       70039.54  3.6605584e-05      13659.118      92.638     -1
     5     29       68167       85183   Coal      0     -1  1.5781859e+09       54712.53  3.4667989e-05      14422.527      77.978     -1
     5     30       85183  1.0645e+05   Coal      0     -1  1.4792014e+09       28337.32  1.9157175e-05      26099.882      69.663     -1
     5     31  1.0645e+05  1.3302e+05   Coal      0     -1  1.5053758e+09       28149.47  1.8699297e-05      26738.973      70.247     -1
     5     32  1.3302e+05       1e+99   Coal      0     -1  3.4735665e+09       63753.63   1.835394e-05      27242.108      55.896     -1
     5     -1           0       1e+99  Delay     -1     -1  2.5938157e+09              0              0              0           1     -1
     5     -1           0       1e+99   LogL     -1     -1              1      -15171648      -15171648              0           1     -1
     5     -1           0       1e+99 Recomb     -1     -1           4323  1.2969005e-05  3.0000011e-09              0           1     -1
     5     -1           0       1e+99 Resamp     -1     -1  2.5938157e+09         706121  0.00027223252              0           1     -1
     4      0           0         133   Coal      0     -1      315676.49      27.713359  8.7790379e-05      5695.3849      1.5163     -1
     4      1         133       166.2   Coal      0     -1      165881.09     0.88984244  5.3643392e-06      93208.125      2.2035     -1
     4      2       166.2      207.68   Coal      0     -1      258983.42      1.4247926  5.5014817e-06      90884.606      2.6653     -1
     4      3      207.68      259.53   Coal      0     -1       403126.5      10.284972  2.5513015e-05       19597.84      3.3217     -1
     4      4      259.53      324.31   Coal      0     -1      624980.58      17.268472  2.7630413e-05      18096.002       4.018     -1
     4      5      324.31      405.26   Coal      0     -1      971972.54      33.240127  3.4198627e-05       14620.47      3.9409     -1
     4      6      405.26      506.42   Coal      0     -1      1510421.4      52.028803  3.4446549e-05      14515.242      4.7939     -1
     4      7      506.42      632.82   Coal      0     -1      2331381.9      148.19431  6.3565007e-05      7865.9631      6.2211     -1
     4      8      632.82      790.79   Coal      0     -1      3553109.8      274.22066  7.7177647e-05      6478.5598        6.06     -1
     4      9      790.79      988.18   Coal      0     -1      5422952.6      368.50279  6.7952427e-05      7358.0889      8.4012     -1
     4     10      988.18      1234.8   Coal      0     -1      8240626.3      471.31569  5.7194159e-05      8742.1515      11.131     -1
     4     11      1234.8      1543.1   Coal      0     -1       12492152      678.71647  5.4331428e-05      9202.7768      11.949     -1
     4     12      1543.1      1928.2   Coal      0     -1       18825006      991.38054  5.2662959e-05      9494.3392       14.28     -1
     4     13      1928.2      2409.6   Coal      0     -1       28263602      1297.5777   4.590985e-05      10890.909      16.649     -1
     4     14      2409.6        3011   Coal      0     -1       42415663      1757.5364  4.1436023e-05      12066.795      20.002     -1
     4     15        3011      3762.6   Coal      0     -1       63176040         2460.8  3.8951476e-05      12836.484      24.088     -1
     4     16      3762.6      4701.8   Coal      0     -1       93578310        3542.87  3.7859949e-05      13206.568      25.474     -1
     4     17      4701.8      5875.5   Coal      0     -1  1.3695902e+08        5197.72  3.7950914e-05      13174.913      30.955     -1
     4     18      5875.5      7342.1   Coal      0     -1  2.0062703e+08        5643.82  2.8130906e-05      17774.046      37.846     -1
     4     19      7342.1      9174.7   Coal      0     -1  2.9623183e+08        6227.48  2.1022319e-05      23784.246      48.296     -1
     4     20      9174.7       11465   Coal      0     -1  4.4029503e+08         7633.4  1.7337012e-05      28840.034      52.234     -1
     4     21       11465       14327   Coal      0     -1  6.5104318e+08       10477.94  1.6094078e-05      31067.327      67.606     -1
     4     22       14327       17903   Coal      0     -1   9.417068e+08       15980.24  1.6969443e-05      29464.726      80.329     -1
     4     23       17903       22372   Coal      0     -1   1.301962e+09       26435.44  2.0304311e-05      24625.313       88.43     -1
     4     24       22372       27956   Coal      0     -1  1.6916963e+09        39366.5  2.3270429e-05      21486.496      95.182     -1
     4     25       27956       34934   Coal      0     -1  2.0382069e+09       55539.44  2.7249167e-05      18349.185      112.09     -1
     4     26       34934       43654   Coal      0     -1  2.2294541e+09       67984.75    3.04939e-05      16396.722      111.59     -1
     4     27       43654       54551   Coal      0     -1  2.1955177e+09       76522.66  3.4854039e-05       14345.54      110.71     -1
     4     28       54551       68167   Coal      0     -1  1.9185755e+09       70678.12  3.6838852e-05      13572.627      93.985     -1
     4     29       68167       85183   Coal      0     -1  1.5750096e+09       55263.82  3.5087925e-05      14249.917      79.449     -1
     4     30       85183  1.0645e+05   Coal      0     -1  1.4669675e+09       28472.55  1.9409121e-05      25761.084        70.3     -1
     4     31  1.0645e+05  1.3302e+05   Coal      0     -1  1.4750471e+09       28080.19  1.9036809e-05      26264.906      69.678     -1
     4     32  1.3302e+05       1e+99   Coal      0     -1    3.33777e+09       62471.87  1.8716649e-05      26714.183      56.508     -1
     4     -1           0       1e+99  Delay     -1     -1  2.5938157e+09              0              0              0           1     -1
     4     -1           0       1e+99   LogL     -1     -1              1      -15172017      -15172017              0           1     -1
     4     -1           0       1e+99 Recomb     -1     -1           4323  1.2969005e-05  3.0000011e-09              0           1     -1
     4     -1           0       1e+99 Resamp     -1     -1  2.5938157e+09         703848  0.00027135621              0           1     -1
     3      0           0         133   Coal      0     -1      308791.78      22.475689  7.2785905e-05      6869.4618      1.5367     -1
     3      1         133       166.2   Coal      0     -1      166889.18      1.3539375  8.1127939e-06      61631.049      2.3824     -1
     3      2       166.2      207.68   Coal      0     -1      260084.96      1.1164227  4.2925307e-06       116481.4      2.9197     -1
     3      3      207.68      259.53   Coal      0     -1       403989.1       10.73409  2.6570246e-05      18818.042      3.2116     -1
     3      4      259.53      324.31   Coal      0     -1      626674.09      12.821408  2.0459452e-05      24438.583      3.9032     -1
     3      5      324.31      405.26   Coal      0     -1      974288.55       30.23326  3.1031115e-05       16112.86      3.7207     -1
     3      6      405.26      506.42   Coal      0     -1      1514822.8      52.403938  3.4594105e-05       14453.33      5.1718     -1
     3      7      506.42      632.82   Coal      0     -1      2344874.9      138.46177  5.9048683e-05      8467.5894      5.8706     -1
     3      8      632.82      790.79   Coal      0     -1      3587461.8      247.40309  6.8963268e-05      7250.2365      6.9195     -1
     3      9      790.79      988.18   Coal      0     -1      5443250.1      361.41964  6.6397765e-05      7530.3739      8.1725     -1
     3     10      988.18      1234.8   Coal      0     -1      8267913.1      462.87206  5.5984146e-05      8931.0998      10.737     -1
     3     11      1234.8      1543.1   Coal      0     -1       12529249      656.89851  5.2429203e-05      9536.6699      12.433     -1
     3     12      1543.1      1928.2   Coal      0     -1       18918819      964.72618  5.0992938e-05      9805.2793      12.901     -1
     3     13      1928.2      2409.6   Coal      0     -1       28415448      1286.9875  4.5291825e-05       11039.52      16.839     -1
     3     14      2409.6        3011   Coal      0     -1       42590367      1773.1971  4.1633759e-05      12009.485      20.351     -1
     3     15        3011      3762.6   Coal      0     -1       63305040        2514.34  3.9717849e-05      12588.799      24.769     -1
     3     16      3762.6      4701.8   Coal      0     -1       93563031        3605.84  3.8539153e-05      12973.819      24.446     -1
     3     17      4701.8      5875.5   Coal      0     -1  1.3676437e+08        5303.35  3.8777277e-05      12894.149      30.942     -1
     3     18      5875.5      7342.1   Coal      0     -1  2.0007372e+08        5690.19  2.8440467e-05      17580.583      36.975     -1
     3     19      7342.1      9174.7   Coal      0     -1  2.9527082e+08        6239.95  2.1132972e-05       23659.71      45.737     -1
     3     20      9174.7       11465   Coal      0     -1  4.3951374e+08        7525.76  1.7122923e-05      29200.621      54.419     -1
     3     21       11465       14327   Coal      0     -1  6.5020214e+08       10300.67  1.5842258e-05      31561.158      64.977     -1
     3     22       14327       17903   Coal      0     -1  9.4262498e+08       15665.91  1.6619451e-05      30085.229      80.598     -1
     3     23       17903       22372   Coal      0     -1  1.3072213e+09       25957.27  1.9856829e-05      25180.254      90.011     -1
     3     24       22372       27956   Coal      0     -1  1.7046521e+09        38920.1  2.2831697e-05      21899.379      97.644     -1
     3     25       27956       34934   Coal      0     -1  2.0586717e+09       55435.65  2.6927873e-05      18568.121      111.02     -1
     3     26       34934       43654   Coal      0     -1  2.2535263e+09       68285.57  3.0301652e-05      16500.751      109.81     -1
     3     27       43654       54551   Coal      0     -1  2.2145961e+09       77348.57  3.4926717e-05      14315.688      109.77     -1
     3     28       54551       68167   Coal      0     -1  1.9266468e+09        71497.2  3.7109657e-05      13473.582      93.759     -1
     3     29       68167       85183   Coal      0     -1   1.571085e+09       55909.62  3.5586629e-05      14050.221       79.64     -1
     3     30       85183  1.0645e+05   Coal      0     -1  1.4519988e+09       28658.53  1.9737296e-05       25332.75      69.962     -1
     3     31  1.0645e+05  1.3302e+05   Coal      0     -1  1.4459683e+09       28093.85  1.9429091e-05      25734.606      67.839     -1
     3     32  1.3302e+05       1e+99   Coal      0     -1  3.1761272e+09       60819.91  1.9149079e-05      26110.917      51.963     -1
     3     -1           0       1e+99  Delay     -1     -1  2.5938157e+09              0              0              0           1     -1
     3     -1           0       1e+99   LogL     -1     -1              1      -15172071      -15172071              0           1     -1
     3     -1           0       1e+99 Recomb     -1     -1           4323  1.2969005e-05  3.0000011e-09              0           1     -1
     3     -1           0       1e+99 Resamp     -1     -1  2.5938157e+09         701119  0.00027030409              0           1     -1
     2      0           0         133   Coal      0     -1      306584.44      22.551205  7.3556261e-05      6797.5179      1.5962     -1
     2      1         133       166.2   Coal      0     -1      163843.63      1.9144021  1.1684324e-05      42792.376      2.3106     -1
     2      2       166.2      207.68   Coal      0     -1      256057.45      1.9408255  7.5796488e-06      65966.117      2.4802     -1
     2      3      207.68      259.53   Coal      0     -1      399950.27      10.470709  2.6180028e-05      19098.528      3.0274     -1
     2      4      259.53      324.31   Coal      0     -1      625671.23      13.047959  2.0854338e-05      23975.827      3.9283     -1
     2      5      324.31      405.26   Coal      0     -1      973178.12      26.599076  2.7332176e-05      18293.457      3.9643     -1
     2      6      405.26      506.42   Coal      0     -1      1512027.4      46.394418  3.0683583e-05      16295.359      5.3338     -1
     2      7      506.42      632.82   Coal      0     -1      2333844.1      123.44205  5.2892158e-05      9453.1971      5.7027     -1
     2      8      632.82      790.79   Coal      0     -1      3568872.2      233.23331  6.5352105e-05       7650.863      6.9889     -1
     2      9      790.79      988.18   Coal      0     -1      5433196.6       334.5871  6.1581998e-05      8119.2559      8.4216     -1
     2     10      988.18      1234.8   Coal      0     -1      8284825.5      450.54096  5.4381466e-05       9194.309       11.13     -1
     2     11      1234.8      1543.1   Coal      0     -1       12573070      636.09623  5.0591958e-05      9882.9937      11.941     -1
     2     12      1543.1      1928.2   Coal      0     -1       19018131      939.10295  4.9379349e-05       10125.69      12.773     -1
     2     13      1928.2      2409.6   Coal      0     -1       28595064      1292.9032   4.521421e-05       11058.47      15.201     -1
     2     14      2409.6        3011   Coal      0     -1       42808934        1787.36  4.1752032e-05      11975.465      20.905     -1
     2     15        3011      3762.6   Coal      0     -1       63613160        2553.16   4.013572e-05      12457.731      24.797     -1
     2     16      3762.6      4701.8   Coal      0     -1       93841430        3691.47  3.9337316e-05      12710.577      24.856     -1
     2     17      4701.8      5875.5   Coal      0     -1  1.3680522e+08        5382.86  3.9346892e-05      12707.484      29.433     -1
     2     18      5875.5      7342.1   Coal      0     -1  1.9990619e+08        5761.57  2.8821368e-05      17348.239      38.916     -1
     2     19      7342.1      9174.7   Coal      0     -1  2.9469107e+08        6227.38  2.1131892e-05      23660.919       45.77     -1
     2     20      9174.7       11465   Coal      0     -1  4.3875439e+08        7445.97  1.6970702e-05      29462.541      51.679     -1
     2     21       11465       14327   Coal      0     -1  6.4950501e+08       10074.51  1.5511058e-05      32235.067      57.807     -1
     2     22       14327       17903   Coal      0     -1   9.444047e+08       15316.88  1.6218555e-05      30828.886       80.96     -1
     2     23       17903       22372   Coal      0     -1  1.3139639e+09       25439.87  1.9361163e-05      25824.895      89.337     -1
     2     24       22372       27956   Coal      0     -1  1.7202474e+09        38430.1  2.2339868e-05      22381.511      97.946     -1
     2     25       27956       34934   Coal      0     -1  2.0807587e+09       55296.38  2.6575105e-05      18814.601       109.3     -1
     2     26       34934       43654   Coal      0     -1  2.2830386e+09       68668.43  3.0077647e-05      16623.641      111.15     -1
     2     27       43654       54551   Coal      0     -1  2.2336592e+09       78124.08  3.4975827e-05      14295.587      108.37     -1
     2     28       54551       68167   Coal      0     -1  1.9429544e+09       72653.26  3.7393188e-05       13371.42       96.43     -1
     2     29       68167       85183   Coal      0     -1  1.5629412e+09       56524.06  3.6165186e-05      13825.451      79.549     -1
     2     30       85183  1.0645e+05   Coal      0     -1  1.4341879e+09       28884.91  2.0140255e-05      24825.902      70.635     -1
     2     31  1.0645e+05  1.3302e+05   Coal      0     -1  1.4152637e+09       28144.17  1.9886167e-05      25143.106       69.55     -1
     2     32  1.3302e+05       1e+99   Coal      0     -1  3.0049429e+09       59126.99  1.9676577e-05      25410.924      52.456     -1
     2     -1           0       1e+99  Delay     -1     -1  2.5938157e+09              0              0              0           1     -1
     2     -1           0       1e+99   LogL     -1     -1              1      -15172435      -15172435              0           1     -1
     2     -1           0       1e+99 Recomb     -1     -1           4323  1.2969005e-05  3.0000011e-09              0           1     -1
     2     -1           0       1e+99 Resamp     -1     -1  2.5938157e+09         697085  0.00026874885              0           1     -1
     1      0           0         133   Coal      0     -1      316132.09      15.315013  4.8444982e-05      10320.986      1.4482     -1
     1      1         133       166.2   Coal      0     -1      168265.62      2.6348851  1.5659082e-05      31930.353      2.3627     -1
     1      2       166.2      207.68   Coal      0     -1      263706.68      1.7256534  6.5438365e-06      76407.777      2.7039     -1
     1      3      207.68      259.53   Coal      0     -1      410116.51      5.6908201  1.3876106e-05      36033.164      3.0127     -1
     1      4      259.53      324.31   Coal      0     -1      636959.92      11.470885  1.8008802e-05      27764.201      3.1361     -1
     1      5      324.31      405.26   Coal      0     -1       984765.6      24.185372  2.4559521e-05      20358.703      4.6648     -1
     1      6      405.26      506.42   Coal      0     -1      1527304.4      43.126802  2.8237202e-05      17707.137      4.8345     -1
     1      7      506.42      632.82   Coal      0     -1      2353037.2      101.43137  4.3106571e-05       11599.16      5.2102     -1
     1      8      632.82      790.79   Coal      0     -1      3610226.6      207.99382    5.76124e-05      8678.6872      7.2877     -1
     1      9      790.79      988.18   Coal      0     -1      5511317.5      307.62176  5.5816374e-05      8957.9448       7.733     -1
     1     10      988.18      1234.8   Coal      0     -1      8370807.3      422.15947  5.0432348e-05      9914.2717      9.3656     -1
     1     11      1234.8      1543.1   Coal      0     -1       12679430      609.29607  4.8053901e-05      10404.983      12.755     -1
     1     12      1543.1      1928.2   Coal      0     -1       19153688      894.16459  4.6683678e-05      10710.381      14.354     -1
     1     13      1928.2      2409.6   Coal      0     -1       28856500      1284.6738  4.4519393e-05      11231.061      14.596     -1
     1     14      2409.6        3011   Coal      0     -1       43154553      1804.5644  4.1816315e-05      11957.056      20.051     -1
     1     15        3011      3762.6   Coal      0     -1       63946720        2605.07  4.0738133e-05      12273.513      23.581     -1
     1     16      3762.6      4701.8   Coal      0     -1       94207568         3751.3  3.9819518e-05      12556.656      27.228     -1
     1     17      4701.8      5875.5   Coal      0     -1  1.3707034e+08        5485.53  4.0019819e-05       12493.81      29.036     -1
     1     18      5875.5      7342.1   Coal      0     -1   1.991904e+08        5788.39  2.9059584e-05      17206.028      41.391     -1
     1     19      7342.1      9174.7   Coal      0     -1  2.9453912e+08        6216.84   2.110701e-05      23688.813      42.424     -1
     1     20      9174.7       11465   Coal      0     -1  4.3890842e+08        7330.64  1.6701981e-05      29936.569      54.649     -1
     1     21       11465       14327   Coal      0     -1  6.5060339e+08        9815.88  1.5087348e-05       33140.35      60.074     -1
     1     22       14327       17903   Coal      0     -1  9.4778964e+08       14931.74  1.5754276e-05      31737.415      79.049     -1
     1     23       17903       22372   Coal      0     -1  1.3227973e+09       24903.85  1.8826656e-05      26558.089      91.052     -1
     1     24       22372       27956   Coal      0     -1  1.7370814e+09       37867.77  2.1799652e-05      22936.146      97.896     -1
     1     25       27956       34934   Coal      0     -1  2.1037353e+09       55015.02  2.6151113e-05      19119.645      104.63     -1
     1     26       34934       43654   Coal      0     -1   2.319122e+09       69148.42  2.9816638e-05      16769.161      114.64     -1
     1     27       43654       54551   Coal      0     -1  2.2659994e+09       79262.33  3.4978971e-05      14294.303      111.57     -1
     1     28       54551       68167   Coal      0     -1   1.946067e+09        73413.2  3.7723882e-05      13254.203      93.981     -1
     1     29       68167       85183   Coal      0     -1  1.5648984e+09       57614.17  3.6816556e-05      13580.846      81.775     -1
     1     30       85183  1.0645e+05   Coal      0     -1  1.4110934e+09       29088.23  2.0613964e-05      24255.402      69.427     -1
     1     31  1.0645e+05  1.3302e+05   Coal      0     -1  1.3814992e+09       28213.45  2.0422343e-05      24482.989      67.261     -1
     1     32  1.3302e+05       1e+99   Coal      0     -1  2.8137061e+09        57100.6  2.0293733e-05      24638.148       52.22     -1
     1     -1           0       1e+99  Delay     -1     -1  2.5938157e+09              0              0              0           1     -1
     1     -1           0       1e+99   LogL     -1     -1              1      -15172766      -15172766              0           1     -1
     1     -1           0       1e+99 Recomb     -1     -1           4323  1.2969005e-05  3.0000011e-09              0           1     -1
     1     -1           0       1e+99 Resamp     -1     -1  2.5938157e+09         693152  0.00026723255              0           1     -1
     0      0           0         133   Coal      0     -1      325375.25      7.7102737  2.3696559e-05       21100.11      1.3675     -1
     0      1         133       166.2   Coal      0     -1      169881.41      2.4669524  1.4521615e-05      34431.432       2.322     -1
     0      2       166.2      207.68   Coal      0     -1      263402.59      1.7252004  6.5496715e-06      76339.706      2.5125     -1
     0      3      207.68      259.53   Coal      0     -1      407924.53       4.240947  1.0396401e-05      48093.566      2.5626     -1
     0      4      259.53      324.31   Coal      0     -1      631140.47      9.9719096  1.5799826e-05      31645.918      3.6066     -1
     0      5      324.31      405.26   Coal      0     -1      979808.95      15.892848  1.6220354e-05      30825.468      3.7149     -1
     0      6      405.26      506.42   Coal      0     -1      1519962.4      35.867027  2.3597312e-05      21188.854      6.0399     -1
     0      7      506.42      632.82   Coal      0     -1      2356501.8      79.442075  3.3711867e-05      14831.573      5.9005     -1
     0      8      632.82      790.79   Coal      0     -1      3624923.7        179.207  4.9437454e-05      10113.789      6.4441     -1
     0      9      790.79      988.18   Coal      0     -1      5537184.8      272.45805  4.9205158e-05      10161.536      8.8565     -1
     0     10      988.18      1234.8   Coal      0     -1      8436993.9      395.21781  4.6843439e-05      10673.853      10.094     -1
     0     11      1234.8      1543.1   Coal      0     -1       12833472      583.02775  4.5430241e-05      11005.885       11.32     -1
     0     12      1543.1      1928.2   Coal      0     -1       19433698      858.74272  4.4188333e-05      11315.204      14.615     -1
     0     13      1928.2      2409.6   Coal      0     -1       29221054      1265.5854  4.3310739e-05      11544.481      15.516     -1
     0     14      2409.6        3011   Coal      0     -1       43614798        1826.41  4.1875925e-05      11940.035       19.93     -1
     0     15        3011      3762.6   Coal      0     -1       64514358        2662.85  4.1275308e-05       12113.78      25.066     -1
     0     16      3762.6      4701.8   Coal      0     -1       94864730        3849.96  4.0583682e-05      12320.223      29.642     -1
     0     17      4701.8      5875.5   Coal      0     -1  1.3756849e+08        5588.26  4.0621656e-05      12308.705      30.323     -1
     0     18      5875.5      7342.1   Coal      0     -1  2.0024898e+08        5856.07  2.9243944e-05      17097.557      37.921     -1
     0     19      7342.1      9174.7   Coal      0     -1  2.9491253e+08         6165.5  2.0906199e-05      23916.351      47.736     -1
     0     20      9174.7       11465   Coal      0     -1   4.394407e+08        7178.41  1.6335333e-05      30608.498       54.55     -1
     0     21       11465       14327   Coal      0     -1  6.5262858e+08        9516.84  1.4582322e-05      34288.092      63.901     -1
     0     22       14327       17903   Coal      0     -1  9.5201634e+08       14487.85  1.5218069e-05      32855.681       77.39     -1
     0     23       17903       22372   Coal      0     -1  1.3330475e+09        24248.6   1.819035e-05      27487.102      90.365     -1
     0     24       22372       27956   Coal      0     -1  1.7634015e+09        37361.2  2.1187006e-05       23599.37      109.42     -1
     0     25       27956       34934   Coal      0     -1  2.1377219e+09       54682.23  2.5579674e-05       19546.77      106.09     -1
     0     26       34934       43654   Coal      0     -1  2.3576377e+09       69576.12  2.9510946e-05      16942.866      110.96     -1
     0     27       43654       54551   Coal      0     -1  2.3050123e+09       80630.64  3.4980569e-05       14293.65      111.58     -1
     0     28       54551       68167   Coal      0     -1  1.9724429e+09       75031.18  3.8039722e-05      13144.155      96.186     -1
     0     29       68167       85183   Coal      0     -1  1.5577037e+09       58525.68  3.7571768e-05      13307.865      81.443     -1
     0     30       85183  1.0645e+05   Coal      0     -1   1.390454e+09       29454.78   2.118357e-05      23603.199      70.215     -1
     0     31  1.0645e+05  1.3302e+05   Coal      0     -1  1.3387624e+09        28207.1  2.1069534e-05      23730.947      66.564     -1
     0     32  1.3302e+05       1e+99   Coal      0     -1  2.6273517e+09       55194.68  2.1007724e-05      23800.769      54.499     -1
     0     -1           0       1e+99  Delay     -1     -1  2.5938157e+09              0              0              0           1     -1
     0     -1           0       1e+99   LogL     -1     -1              1      -15173237      -15173237              0           1     -1
     0     -1           0       1e+99 Recomb     -1     -1           4323  1.2969005e-05  3.0000011e-09              0           1     -1
     0     -1           0       1e+99 Resamp     -1     -1  2.5938157e+09         689088  0.00026566575              0           1     -1
