  Iter  Epoch       Start         End   Type   From     To            Opp          Count           Rate             Ne         ESS  Clump
    10      0           0         133   Coal      0     -1      313248.98      27.279112  8.7084439e-05      5741.5539      1.4857     -1
    10      1         133       166.2   Coal      0     -1      168085.96      1.8540549  1.1030397e-05      45329.284      2.1718     -1
    10      2       166.2      207.68   Coal      0     -1      260628.21     0.41243899  1.5824802e-06      315959.71      2.4525     -1
    10      3      207.68      259.53   Coal      0     -1      404400.98      7.7942376  1.9273538e-05      25942.305      2.6136     -1
    10      4      259.53      324.31   Coal      0     -1      627296.67      17.596434  2.8051215e-05       17824.54      3.7825     -1
    10      5      324.31      405.26   Coal      0     -1      975441.82      22.694308  2.3265671e-05      21490.891       4.221     -1
    10      6      405.26      506.42   Coal      0     -1      1507723.4      82.776112   5.490139e-05      9107.2375      4.9969     -1
    10      7      506.42      632.82   Coal      0     -1      2327606.2      136.53536  5.8659134e-05      8523.8216      5.7644     -1
    10      8      632.82      790.79   Coal      0     -1      3543484.5      321.55121  9.0744353e-05      5509.9847      6.9594     -1
    10      9      790.79      988.18   Coal      0     -1        5368176      388.50735  7.2372319e-05      6908.7188      8.9855     -1
    10     10      988.18      1234.8   Coal      0     -1      8147146.9      478.54775  5.8738078e-05      8512.3657      11.453     -1
    10     11      1234.8      1543.1   Coal      0     -1       12378793      663.13286  5.3570076e-05      9333.5689      11.485     -1
    10     12      1543.1      1928.2   Coal      0     -1       18779031      896.90097  4.7760769e-05      10468.843        15.6     -1
    10     13      1928.2      2409.6   Coal      0     -1       28379747      1144.9389  4.0343519e-05      12393.564      18.372     -1
    10     14      2409.6        3011   Coal      0     -1       42925384        1506.95  3.5106267e-05      14242.471      20.638     -1
    10     15        3011      3762.6   Coal      0     -1       64669665        1957.51   3.026937e-05      16518.349       25.66     -1
    10     16      3762.6      4701.8   Coal      0     -1       97058050        2941.48  3.0306399e-05      16498.166      26.914     -1
    10     17      4701.8      5875.5   Coal      0     -1  1.4397912e+08        4421.52  3.0709454e-05      16281.631      30.865     -1
    10     18      5875.5      7342.1   Coal      0     -1  2.1328146e+08        5075.25   2.379602e-05      21011.917      39.779     -1
    10     19      7342.1      9174.7   Coal      0     -1  3.1666892e+08        5949.13  1.8786592e-05      26614.725       50.91     -1
    10     20      9174.7       11465   Coal      0     -1  4.7135728e+08        7808.94  1.6566923e-05      30180.619      59.687     -1
    10     21       11465       14327   Coal      0     -1  6.9276389e+08       11500.22   1.660049e-05      30119.593      63.401     -1
    10     22       14327       17903   Coal      0     -1  9.9475998e+08       17830.36  1.7924284e-05      27895.118      84.397     -1
    10     23       17903       22372   Coal      0     -1  1.3569647e+09       29841.75  2.1991545e-05       22736.01      90.022     -1
    10     24       22372       27956   Coal      0     -1  1.7376855e+09       43278.61  2.4905894e-05      20075.569      101.28     -1
    10     25       27956       34934   Coal      0     -1  2.0578405e+09       59257.58  2.8796002e-05      17363.521      108.56     -1
    10     26       34934       43654   Coal      0     -1  2.2372237e+09       69881.21  3.1235682e-05      16007.334      112.52     -1
    10     27       43654       54551   Coal      0     -1  2.2116324e+09       76430.81   3.455855e-05        14468.2      109.22     -1
    10     28       54551       68167   Coal      0     -1  1.9614633e+09       70715.91   3.605263e-05      13868.614       91.42     -1
    10     29       68167       85183   Coal      0     -1  1.6606051e+09       55220.84  3.3253444e-05      15036.037      80.294     -1
    10     30       85183  1.0645e+05   Coal      0     -1  1.5953345e+09       29021.84  1.8191695e-05      27485.069      73.079     -1
    10     31  1.0645e+05  1.3302e+05   Coal      0     -1  1.6637412e+09       29155.29  1.7523933e-05      28532.407      73.906     -1
    10     32  1.3302e+05       1e+99   Coal      0     -1  4.1681493e+09       71402.39  1.7130478e-05      29187.744      55.167     -1
    10     -1           0       1e+99  Delay     -1     -1  2.5971955e+09              0              0              0           1     -1
    10     -1           0       1e+99   LogL     -1     -1              1      -15806734      -15806734              0           1     -1
    10     -1           0       1e+99 Recomb     -1     -1           4158  1.2474005e-05  3.0000011e-09              0           1     -1
    10     -1           0       1e+99 Resamp     -1     -1  2.5971955e+09         739964  0.00028490886              0           1     -1
     9      0           0         133   Coal      0     -1      305004.03       30.79828  0.00010097663      4951.6406      1.4993     -1
     9      1         133       166.2   Coal      0     -1      162964.19      2.6473113  1.6244743e-05      30779.189      2.1253     -1
     9      2       166.2      207.68   Coal      0     -1      256438.32     0.60344172  2.3531651e-06      212479.78      2.8047     -1
     9      3      207.68      259.53   Coal      0     -1      398157.67      5.1966025   1.305162e-05      38309.422      2.7552     -1
     9      4      259.53      324.31   Coal      0     -1      618988.43      19.372872  3.1297633e-05      15975.649      3.4126     -1
     9      5      324.31      405.26   Coal      0     -1      969591.53      21.652281  2.2331343e-05      22390.055      4.4026     -1
     9      6      405.26      506.42   Coal      0     -1      1506154.2      87.666811  5.8205732e-05      8590.2192       4.889     -1
     9      7      506.42      632.82   Coal      0     -1      2322783.2      132.23161  5.6928089e-05      8783.0105       5.733     -1
     9      8      632.82      790.79   Coal      0     -1      3545936.5      322.22788  9.0872436e-05      5502.2185      6.9467     -1
     9      9      790.79      988.18   Coal      0     -1      5376972.7      384.40879  7.1491675e-05      6993.8213      8.7251     -1
     9     10      988.18      1234.8   Coal      0     -1      8168498.7      487.55823  5.9687618e-05      8376.9468      11.454     -1
     9     11      1234.8      1543.1   Coal      0     -1       12410311      647.86316  5.2203618e-05      9577.8801      11.358     -1
     9     12      1543.1      1928.2   Coal      0     -1       18753381      880.53535  4.6953418e-05      10648.852      16.106     -1
     9     13      1928.2      2409.6   Coal      0     -1       28389295      1147.7493  4.0428946e-05      12367.377       17.42     -1
     9     14      2409.6        3011   Coal      0     -1       42953005           1515  3.5271106e-05      14175.909      20.356     -1
     9     15        3011      3762.6   Coal      0     -1       64747886        1982.79  3.0623239e-05      16327.469      24.951     -1
     9     16      3762.6      4701.8   Coal      0     -1       97099175        2990.15  3.0794803e-05      16236.506      26.019     -1
     9     17      4701.8      5875.5   Coal      0     -1  1.4392194e+08        4490.54   3.120122e-05      16025.014      30.722     -1
     9     18      5875.5      7342.1   Coal      0     -1  2.1298499e+08        5142.48    2.41448e-05      20708.393      37.547     -1
     9     19      7342.1      9174.7   Coal      0     -1   3.161453e+08         6001.5   1.898336e-05      26338.857      47.837     -1
     9     20      9174.7       11465   Coal      0     -1  4.7072224e+08        7811.75  1.6595243e-05      30129.116      59.253     -1
     9     21       11465       14327   Coal      0     -1  6.9197606e+08       11408.25  1.6486481e-05      30327.879      60.723     -1
     9     22       14327       17903   Coal      0     -1  9.9410614e+08       17692.84  1.7797737e-05      28093.459        80.6     -1
     9     23       17903       22372   Coal      0     -1  1.3583638e+09       29575.08  2.1772577e-05      22964.668      87.556     -1
     9     24       22372       27956   Coal      0     -1  1.7429959e+09       42986.66  2.4662513e-05      20273.684      98.661     -1
     9     25       27956       34934   Coal      0     -1  2.0682287e+09       59156.87  2.8602673e-05      17480.884      106.28     -1
     9     26       34934       43654   Coal      0     -1   2.246832e+09       70028.59  3.1167701e-05      16042.248      108.58     -1
     9     27       43654       54551   Coal      0     -1  2.2211503e+09       76951.25  3.4644774e-05      14432.191       107.8     -1
     9     28       54551       68167   Coal      0     -1  1.9659156e+09       71029.21  3.6130346e-05      13838.783      89.985     -1
     9     29       68167       85183   Coal      0     -1  1.6580302e+09       55486.16  3.3465109e-05      14940.934      79.351     -1
     9     30       85183  1.0645e+05   Coal      0     -1  1.5890384e+09        29079.3  1.8299935e-05      27322.501       71.89     -1
     9     31  1.0645e+05  1.3302e+05   Coal      0     -1  1.6522055e+09       29205.25  1.7676524e-05      28286.104      72.134     -1
     9     32  1.3302e+05       1e+99   Coal      0     -1  4.1065532e+09       71035.28   1.729803e-05      28905.026      54.717     -1
     9     -1           0       1e+99  Delay     -1     -1  2.5971955e+09              0              0              0           1     -1
     9     -1           0       1e+99   LogL     -1     -1              1      -15806660      -15806660              0           1     -1
     9     -1           0       1e+99 Recomb     -1     -1           4158  1.2474005e-05  3.0000011e-09              0           1     -1
     9     -1           0       1e+99 Resamp     -1     -1  2.5971955e+09         738468  0.00028433285              0           1     -1
     8      0           0         133   Coal      0     -1      299846.14      33.268232  0.00011095101      4506.4935      1.5031     -1
     8      1         133       166.2   Coal      0     -1      160918.18      4.0682396  2.5281417e-05      19777.372       2.146     -1
     8      2       166.2      207.68   Coal      0     -1      252256.44     0.44337133  1.7576214e-06      284475.36      2.4186     -1
     8      3      207.68      259.53   Coal      0     -1      395687.93      6.3099159  1.5946698e-05      31354.453      2.7768     -1
     8      4      259.53      324.31   Coal      0     -1      622710.37      20.450292  3.2840777e-05      15224.975       3.791     -1
     8      5      324.31      405.26   Coal      0     -1      972156.38      20.472568  2.1058925e-05      23742.902      4.4092     -1
     8      6      405.26      506.42   Coal      0     -1      1509542.7      83.012003  5.4991491e-05      9092.3158      4.8567     -1
     8      7      506.42      632.82   Coal      0     -1        2326486      130.78224  5.6214498e-05      8894.5025       5.684     -1
     8      8      632.82      790.79   Coal      0     -1      3554314.3      317.92252  8.9446937e-05      5589.9064      7.0737     -1
     8      9      790.79      988.18   Coal      0     -1      5390330.6      363.87327  6.7504815e-05       7406.879      8.7871     -1
     8     10      988.18      1234.8   Coal      0     -1      8201315.6      474.53509   5.786085e-05      8641.4217      10.744     -1
     8     11      1234.8      1543.1   Coal      0     -1       12457495      641.19185  5.1470366e-05      9714.3277      11.509     -1
     8     12      1543.1      1928.2   Coal      0     -1       18823744       880.9349  4.6799133e-05      10683.959      15.716     -1
     8     13      1928.2      2409.6   Coal      0     -1       28503409      1155.8769  4.0552234e-05      12329.777      17.137     -1
     8     14      2409.6        3011   Coal      0     -1       43077856      1541.3127    3.57797e-05      13974.405      20.076     -1
     8     15        3011      3762.6   Coal      0     -1       64857830        2029.95  3.1298457e-05      15975.228      25.264     -1
     8     16      3762.6      4701.8   Coal      0     -1       97151875        3042.62  3.1318181e-05      15965.167      27.028     -1
     8     17      4701.8      5875.5   Coal      0     -1  1.4388799e+08        4576.44  3.1805574e-05      15720.515      30.009     -1
     8     18      5875.5      7342.1   Coal      0     -1   2.125255e+08         5183.1  2.4388132e-05      20501.775       38.12     -1
     8     19      7342.1      9174.7   Coal      0     -1  3.1524984e+08        6047.53  1.9183293e-05      26064.347      46.172     -1
     8     20      9174.7       11465   Coal      0     -1  4.6962469e+08        7818.62  1.6648656e-05      30032.454      60.427     -1
     8     21       11465       14327   Coal      0     -1  6.9074425e+08       11300.89  1.6360455e-05      30561.498      62.513     -1
     8     22       14327       17903   Coal      0     -1  9.9328592e+08       17524.37  1.7642825e-05      28340.132      79.632     -1
     8     23       17903       22372   Coal      0     -1  1.3601069e+09       29299.06  2.1541733e-05       23210.76      89.144     -1
     8     24       22372       27956   Coal      0     -1  1.7475637e+09       42674.91  2.4419659e-05      20475.306      97.125     -1
     8     25       27956       34934   Coal      0     -1  2.0778469e+09       59041.24  2.8414625e-05      17596.572      107.69     -1
     8     26       34934       43654   Coal      0     -1  2.2606326e+09       70191.48  3.1049485e-05      16103.327      109.74     -1
     8     27       43654       54551   Coal      0     -1  2.2309394e+09       77497.62  3.4737663e-05      14393.599      108.34     -1
     8     28       54551       68167   Coal      0     -1  1.9711589e+09       71444.84  3.6245094e-05       13794.97      91.676     -1
     8     29       68167       85183   Coal      0     -1  1.6531844e+09       55719.08  3.3704092e-05      14834.994      79.202     -1
     8     30       85183  1.0645e+05   Coal      0     -1  1.5802317e+09       29139.05  1.8439733e-05       27115.36      70.513     -1
     8     31  1.0645e+05  1.3302e+05   Coal      0     -1   1.635402e+09       29207.84  1.7859731e-05      27995.942      69.892     -1
     8     32  1.3302e+05       1e+99   Coal      0     -1  3.9995096e+09       70058.86  1.7516863e-05      28543.924      54.547     -1
     8     -1           0       1e+99  Delay     -1     -1  2.5971955e+09              0              0              0           1     -1
     8     -1           0       1e+99   LogL     -1     -1              1      -15806751      -15806751              0           1     -1
     8     -1           0       1e+99 Recomb     -1     -1           4158  1.2474005e-05  3.0000011e-09              0           1     -1
     8     -1           0       1e+99 Resamp     -1     -1  2.5971955e+09         736688   0.0002836475              0           1     -1
     7      0           0         133   Coal      0     -1      308914.46      30.275007    9.80045e-05      5101.8066      1.4733     -1
     7      1         133       166.2   Coal      0     -1      164681.02      3.9574127  2.4030776e-05      20806.653      1.9894     -1
     7      2       166.2      207.68   Coal      0     -1      255638.13     0.89328488  3.4943335e-06       143088.8      2.7344     -1
     7      3      207.68      259.53   Coal      0     -1      399086.91      6.2627426  1.5692679e-05      31861.992      2.8303     -1
     7      4      259.53      324.31   Coal      0     -1      623809.26      17.698713  2.8371994e-05      17623.012      3.5854     -1
     7      5      324.31      405.26   Coal      0     -1      973611.56      21.457882   2.203947e-05      22686.571       4.483     -1
     7      6      405.26      506.42   Coal      0     -1        1513031      84.516794  5.5859263e-05      8951.0669      4.8582     -1
     7      7      506.42      632.82   Coal      0     -1      2333983.7      125.61606  5.3820455e-05      9290.1482      5.3851     -1
     7      8      632.82      790.79   Coal      0     -1      3558917.1      300.66933  8.4483375e-05      5918.3242       7.113     -1
     7      9      790.79      988.18   Coal      0     -1      5398956.1      362.84907  6.7207265e-05      7439.6719      9.1664     -1
     7     10      988.18      1234.8   Coal      0     -1      8203729.4       469.8017  5.7266845e-05      8731.0555      10.738     -1
     7     11      1234.8      1543.1   Coal      0     -1       12474703      631.57116  5.0628154e-05       9875.928      11.763     -1
     7     12      1543.1      1928.2   Coal      0     -1       18876250      868.12872  4.5990529e-05      10871.804      16.052     -1
     7     13      1928.2      2409.6   Coal      0     -1       28550957        1159.52  4.0612298e-05      12311.542      16.558     -1
     7     14      2409.6        3011   Coal      0     -1       43151946        1536.94  3.5616934e-05      14038.266      20.915     -1
     7     15        3011      3762.6   Coal      0     -1       64917412        2060.33   3.173771e-05       15754.13      25.345     -1
     7     16      3762.6      4701.8   Coal      0     -1       97097068        3087.72  3.1800342e-05      15723.101       28.34     -1
     7     17      4701.8      5875.5   Coal      0     -1   1.435606e+08        4644.29  3.2350728e-05      15455.603      30.271     -1
     7     18      5875.5      7342.1   Coal      0     -1  2.1206464e+08        5260.86  2.4807813e-05      20154.941       39.22     -1
     7     19      7342.1      9174.7   Coal      0     -1  3.1423469e+08        6074.26  1.9330329e-05      25866.088      47.627     -1
     7     20      9174.7       11465   Coal      0     -1  4.6813708e+08        7813.33  1.6690261e-05       29957.59      63.392     -1
     7     21       11465       14327   Coal      0     -1  6.8902417e+08       11184.18  1.6231913e-05      30803.517      62.258     -1
     7     22       14327       17903   Coal      0     -1  9.9221501e+08       17318.68  1.7454564e-05      28645.804      81.742     -1
     7     23       17903       22372   Coal      0     -1  1.3612847e+09        28950.3  2.1266896e-05      23510.718      90.526     -1
     7     24       22372       27956   Coal      0     -1  1.7532262e+09       42321.62  2.4139281e-05      20713.127      99.162     -1
     7     25       27956       34934   Coal      0     -1  2.0902124e+09       58925.38  2.8191097e-05      17736.096      110.67     -1
     7     26       34934       43654   Coal      0     -1  2.2761834e+09       70432.96  3.0943447e-05       16158.51      112.17     -1
     7     27       43654       54551   Coal      0     -1  2.2422736e+09       78055.51  3.4810876e-05      14363.327      110.21     -1
     7     28       54551       68167   Coal      0     -1   1.972476e+09       71767.05  3.6384244e-05      13742.212        91.8     -1
     7     29       68167       85183   Coal      0     -1  1.6496417e+09        56077.2  3.3993563e-05      14708.667      78.676     -1
     7     30       85183  1.0645e+05   Coal      0     -1  1.5709566e+09       29231.65  1.8607547e-05      26870.817       71.23     -1
     7     31  1.0645e+05  1.3302e+05   Coal      0     -1    1.61442e+09       29216.39  1.8097143e-05       27628.67      70.857     -1
     7     32  1.3302e+05       1e+99   Coal      0     -1  3.8885024e+09       69054.85  1.7758726e-05      28155.173        53.1     -1
     7     -1           0       1e+99  Delay     -1     -1  2.5971955e+09              0              0              0           1     -1
     7     -1           0       1e+99   LogL     -1     -1              1      -15806796      -15806796              0           1     -1
     7     -1           0       1e+99 Recomb     -1     -1           4158  1.2474005e-05  3.0000011e-09              0           1     -1
     7     -1           0       1e+99 Resamp     -1     -1  2.5971955e+09         734704   0.0002828836              0           1     -1
     6      0           0         133   Coal      0     -1      305487.01      32.816095  0.00010742223      4654.5301      1.4756     -1
     6      1         133       166.2   Coal      0     -1      162593.95      2.9809789  1.8333886e-05      27271.906      2.2225     -1
     6      2       166.2      207.68   Coal      0     -1      253468.65     0.35677609  1.4075748e-06       355220.9      2.8042     -1
     6      3      207.68      259.53   Coal      0     -1      394807.12      3.6282597   9.189955e-06      54407.231      2.9944     -1
     6      4      259.53      324.31   Coal      0     -1      618284.31      15.580919   2.520025e-05      19841.073      3.7084     -1
     6      5      324.31      405.26   Coal      0     -1      966250.06      22.462483  2.3247071e-05      21508.086      4.0085     -1
     6      6      405.26      506.42   Coal      0     -1      1504818.3      84.937442  5.6443652e-05      8858.3921      5.2889     -1
     6      7      506.42      632.82   Coal      0     -1      2323562.9      114.72225  4.9373419e-05      10126.907      6.0115     -1
     6      8      632.82      790.79   Coal      0     -1      3558359.4      271.49526  7.6297876e-05      6553.2624      5.9138     -1
     6      9      790.79      988.18   Coal      0     -1      5406001.9      346.61561  6.4116812e-05      7798.2667      8.7462     -1
     6     10      988.18      1234.8   Coal      0     -1      8201354.7      455.21547  5.5504912e-05      9008.2118      10.578     -1
     6     11      1234.8      1543.1   Coal      0     -1       12485101      623.01861  4.9900967e-05      10019.846       12.37     -1
     6     12      1543.1      1928.2   Coal      0     -1       18943515      858.28213  4.5307437e-05      11035.716      13.548     -1
     6     13      1928.2      2409.6   Coal      0     -1       28621502      1169.1615  4.0849062e-05      12240.183      17.632     -1
     6     14      2409.6        3011   Coal      0     -1       43237993        1539.96  3.5615899e-05      14038.674      21.186     -1
     6     15        3011      3762.6   Coal      0     -1       64999111        2109.92  3.2460752e-05      15403.217      26.201     -1
     6     16      3762.6      4701.8   Coal      0     -1       97108044        3144.87  3.2385268e-05      15439.119      27.951     -1
     6     17      4701.8      5875.5   Coal      0     -1  1.4338031e+08        4743.43  3.3082855e-05      15113.569      31.701     -1
     6     18      5875.5      7342.1   Coal      0     -1  2.1146515e+08        5335.61  2.5231628e-05      19816.399       39.99     -1
     6     19      7342.1      9174.7   Coal      0     -1  3.1322236e+08        6123.42  1.9549754e-05       25575.77      48.697     -1
     6     20      9174.7       11465   Coal      0     -1  4.6660644e+08        7789.98  1.6694969e-05      29949.142      62.723     -1
     6     21       11465       14327   Coal      0     -1  6.8757691e+08       11061.25  1.6087291e-05      31080.434      65.687     -1
     6     22       14327       17903   Coal      0     -1  9.9149069e+08       17080.01  1.7226597e-05      29024.886      80.751     -1
     6     23       17903       22372   Coal      0     -1  1.3638605e+09       28595.52  2.0966602e-05       23847.45      90.941     -1
     6     24       22372       27956   Coal      0     -1  1.7608745e+09       41958.99  2.3828495e-05      20983.281      98.716     -1
     6     25       27956       34934   Coal      0     -1  2.1042632e+09       58800.95  2.7943724e-05      17893.105      112.48     -1
     6     26       34934       43654   Coal      0     -1  2.2926901e+09       70634.92  3.0808752e-05      16229.154      112.75     -1
     6     27       43654       54551   Coal      0     -1  2.2562143e+09       78705.31  3.4883791e-05      14333.304      110.51     -1
     6     28       54551       68167   Coal      0     -1  1.9785205e+09       72327.83  3.6556523e-05       13677.45      91.968     -1
     6     29       68167       85183   Coal      0     -1  1.6396705e+09       56269.27  3.4317425e-05      14569.858      78.948     -1
     6     30       85183  1.0645e+05   Coal      0     -1  1.5587017e+09       29310.83  1.8804644e-05      26589.177      72.503     -1
     6     31  1.0645e+05  1.3302e+05   Coal      0     -1  1.5899986e+09       29186.87  1.8356538e-05      27238.252      70.929     -1
     6     32  1.3302e+05       1e+99   Coal      0     -1  3.7618936e+09       67913.82  1.8053094e-05      27696.083       55.77     -1
     6     -1           0       1e+99  Delay     -1     -1  2.5971955e+09              0              0              0           1     -1
     6     -1           0       1e+99   LogL     -1     -1              1      -15806974      -15806974              0           1     -1
     6     -1           0       1e+99 Recomb     -1     -1           4158  1.2474005e-05  3.0000011e-09              0           1     -1
     6     -1           0       1e+99 Resamp     -1     -1  2.5971955e+09         732048  0.00028186095              0           1     -1
     5      0           0         133   Coal      0     -1      311649.83        26.7753  8.5914694e-05      5819.7263      1.5454     -1
     5      1         133       166.2   Coal      0     -1      165323.74      2.3801308  1.4396788e-05       34729.97      2.1937     -1
     5      2       166.2      207.68   Coal      0     -1      257582.43     0.83964678  3.2597207e-06      153387.37      2.8548     -1
     5      3      207.68      259.53   Coal      0     -1      401914.02      4.2061522  1.0465304e-05      47776.923      3.0435     -1
     5      4      259.53      324.31   Coal      0     -1      632971.64      15.186316  2.3992095e-05      20840.197       3.581     -1
     5      5      324.31      405.26   Coal      0     -1      980657.72      24.407524  2.4888933e-05       20089.25      4.3684     -1
     5      6      405.26      506.42   Coal      0     -1      1518062.6      76.845034  5.0620466e-05      9877.4279      4.9761     -1
     5      7      506.42      632.82   Coal      0     -1      2343252.8      113.37645  4.8384216e-05      10333.949       6.293     -1
     5      8      632.82      790.79   Coal      0     -1      3589379.2      266.87996   7.435268e-05      6724.7072      6.4327     -1
     5      9      790.79      988.18   Coal      0     -1      5433199.2      337.41103  6.2101722e-05      8051.3065       8.366     -1
     5     10      988.18      1234.8   Coal      0     -1      8272311.2      452.18793  5.4662829e-05      9146.9836       11.06     -1
     5     11      1234.8      1543.1   Coal      0     -1       12564444      609.52605  4.8511981e-05      10306.732      12.732     -1
     5     12      1543.1      1928.2   Coal      0     -1       19057702      853.48069  4.4784029e-05      11164.694      13.057     -1
     5     13      1928.2      2409.6   Coal      0     -1       28781065        1165.24   4.048634e-05      12349.844      18.152     -1
     5     14      2409.6        3011   Coal      0     -1       43392921        1570.75  3.6198301e-05      13812.803      21.342     -1
     5     15        3011      3762.6   Coal      0     -1       65093378        2152.41  3.3066497e-05      15121.045      25.243     -1
     5     16      3762.6      4701.8   Coal      0     -1       97205316        3219.14  3.3116913e-05      15098.026       27.28     -1
     5     17      4701.8      5875.5   Coal      0     -1   1.432819e+08        4842.65  3.3798059e-05      14793.749      30.679     -1
     5     18      5875.5      7342.1   Coal      0     -1  2.1100331e+08        5421.34  2.5693152e-05      19460.439      40.609     -1
     5     19      7342.1      9174.7   Coal      0     -1  3.1246603e+08        6161.46  1.9718815e-05      25356.493      47.581     -1
     5     20      9174.7       11465   Coal      0     -1  4.6526783e+08        7759.25  1.6676954e-05      29981.495      61.389     -1
     5     21       11465       14327   Coal      0     -1  6.8641092e+08       10925.68  1.5917113e-05      31412.732      68.503     -1
     5     22       14327       17903   Coal      0     -1  9.9111158e+08       16823.44  1.6974315e-05       29456.27      83.292     -1
     5     23       17903       22372   Coal      0     -1  1.3658559e+09       28179.66  2.0631503e-05      24234.783      90.318     -1
     5     24       22372       27956   Coal      0     -1  1.7697668e+09        41531.4   2.346716e-05       21306.37      100.57     -1
     5     25       27956       34934   Coal      0     -1  2.1197953e+09       58642.57  2.7664261e-05      18073.861       111.4     -1
     5     26       34934       43654   Coal      0     -1  2.3102663e+09        70871.5  3.0676767e-05       16298.98      111.25     -1
     5     27       43654       54551   Coal      0     -1  2.2676806e+09       79250.95  3.4948021e-05      14306.962      108.47     -1
     5     28       54551       68167   Coal      0     -1  1.9880815e+09        73013.2  3.6725456e-05      13614.535      94.029     -1
     5     29       68167       85183   Coal      0     -1  1.6434581e+09       56896.98  3.4620281e-05      14442.402      79.883     -1
     5     30       85183  1.0645e+05   Coal      0     -1  1.5445886e+09       29418.51  1.9046178e-05      26251.986      69.992     -1
     5     31  1.0645e+05  1.3302e+05   Coal      0     -1  1.5694836e+09       29231.69  1.8625037e-05      26845.584       69.52     -1
     5     32  1.3302e+05       1e+99   Coal      0     -1  3.6278812e+09       66678.26  1.8379395e-05      27204.378      55.735     -1
     5     -1           0       1e+99  Delay     -1     -1  2.5971955e+09              0              0              0           1     -1
     5     -1           0       1e+99   LogL     -1     -1              1      -15807144      -15807144              0           1     -1
     5     -1           0       1e+99 Recomb     -1     -1           4158  1.2474005e-05  3.0000011e-09              0           1     -1
     5     -1           0       1e+99 Resamp     -1     -1  2.5971955e+09         730212  0.00028115404              0           1     -1
     4      0           0         133   Coal      0     -1      306636.59      20.539804   6.698419e-05      7464.4479      1.5739     -1
     4      1         133       166.2   Coal      0     -1      166011.73      3.0541771  1.8397357e-05      27177.817      2.2847     -1
     4      2       166.2      207.68   Coal      0     -1      255974.51     0.65769806  2.5693889e-06       194598.8      2.3537     -1
     4      3      207.68      259.53   Coal      0     -1      402177.27      4.5050716  1.1201706e-05      44636.058      3.4016     -1
     4      4      259.53      324.31   Coal      0     -1      624661.66      15.559983  2.4909457e-05      20072.698      3.4681     -1
     4      5      324.31      405.26   Coal      0     -1      975707.13      19.409126  1.9892369e-05      25135.267      3.9272     -1
     4      6      405.26      506.42   Coal      0     -1        1506615      76.743358  5.0937605e-05      9815.9307      5.3051     -1
     4      7      506.42      632.82   Coal      0     -1      2317562.7      113.04356  4.8776915e-05      10250.751      5.8782     -1
     4      8      632.82      790.79   Coal      0     -1      3541622.2      250.70178  7.0787274e-05      7063.4165      6.1137     -1
     4      9      790.79      988.18   Coal      0     -1      5406766.9      326.42317   6.037308e-05      8281.8368      8.6431     -1
     4     10      988.18      1234.8   Coal      0     -1      8241470.9      425.63847  5.1645935e-05       9681.304      11.096     -1
     4     11      1234.8      1543.1   Coal      0     -1       12529127      608.77562  4.8588831e-05      10290.431      12.926     -1
     4     12      1543.1      1928.2   Coal      0     -1       19053735      836.46287  4.3900205e-05      11389.468      12.476     -1
     4     13      1928.2      2409.6   Coal      0     -1       28786033      1179.2874  4.0967347e-05      12204.842      17.451     -1
     4     14      2409.6        3011   Coal      0     -1       43400095        1588.39  3.6598768e-05      13661.662        21.5     -1
     4     15        3011      3762.6   Coal      0     -1       65065621        2208.04  3.3935586e-05      14733.796      25.565     -1
     4     16      3762.6      4701.8   Coal      0     -1       97074545        3293.99  3.3932583e-05        14735.1      27.737     -1
     4     17      4701.8      5875.5   Coal      0     -1  1.4296208e+08        4963.85  3.4721445e-05      14400.322      30.108     -1
     4     18      5875.5      7342.1   Coal      0     -1  2.1023589e+08        5495.88  2.6141492e-05      19126.682      39.674     -1
     4     19      7342.1      9174.7   Coal      0     -1   3.113105e+08        6206.09   1.993537e-05      25081.049      46.998     -1
     4     20      9174.7       11465   Coal      0     -1  4.6352445e+08         7725.5  1.6666866e-05      29999.641      59.968     -1
     4     21       11465       14327   Coal      0     -1    6.84621e+08       10775.01   1.573865e-05      31768.926      62.391     -1
     4     22       14327       17903   Coal      0     -1  9.9077002e+08       16542.84  1.6696953e-05      29945.584       81.59     -1
     4     23       17903       22372   Coal      0     -1  1.3684796e+09        27712.8  2.0250795e-05      24690.389      87.252     -1
     4     24       22372       27956   Coal      0     -1  1.7801205e+09       41111.64  2.3094864e-05      21649.835      101.16     -1
     4     25       27956       34934   Coal      0     -1  2.1361559e+09       58470.79  2.7371968e-05      18266.864      111.06     -1
     4     26       34934       43654   Coal      0     -1  2.3347892e+09       71203.26  3.0496655e-05      16395.241      113.75     -1
     4     27       43654       54551   Coal      0     -1  2.2874141e+09       80028.42  3.4986415e-05      14291.261      110.29     -1
     4     28       54551       68167   Coal      0     -1  1.9965454e+09       73767.39  3.6947515e-05       13532.71      94.567     -1
     4     29       68167       85183   Coal      0     -1  1.6371537e+09       57414.27  3.5069567e-05      14257.376      79.015     -1
     4     30       85183  1.0645e+05   Coal      0     -1   1.532458e+09       29623.96  1.9331009e-05      25865.178       71.07     -1
     4     31  1.0645e+05  1.3302e+05   Coal      0     -1  1.5480741e+09       29366.24  1.8969532e-05      26358.057      70.901     -1
     4     32  1.3302e+05       1e+99   Coal      0     -1   3.469698e+09       65102.08  1.8763039e-05      26648.135      54.041     -1
     4     -1           0       1e+99  Delay     -1     -1  2.5971955e+09              0              0              0           1     -1
     4     -1           0       1e+99   LogL     -1     -1              1      -15807239      -15807239              0           1     -1
     4     -1           0       1e+99 Recomb     -1     -1           4158  1.2474005e-05  3.0000011e-09              0           1     -1
     4     -1           0       1e+99 Resamp     -1     -1  2.5971955e+09         727414  0.00028007672              0           1     -1
     3      0           0         133   Coal      0     -1      311719.68      25.703501  8.2457102e-05      6063.7591       1.598     -1
     3      1         133       166.2   Coal      0     -1      168199.12      2.5519245  1.5172044e-05      32955.348      2.2613     -1
     3      2       166.2      207.68   Coal      0     -1      259408.58      1.0087289  3.8885717e-06      128581.92      2.4477     -1
     3      3      207.68      259.53   Coal      0     -1      404886.42      4.3926024  1.0848974e-05      46087.306      2.8512     -1
     3      4      259.53      324.31   Coal      0     -1      625854.72      14.139452  2.2592227e-05      22131.506      3.8415     -1
     3      5      324.31      405.26   Coal      0     -1      975503.59      18.661497  1.9130116e-05      26136.799      4.0258     -1
     3      6      405.26      506.42   Coal      0     -1      1510961.5       68.52763  4.5353656e-05       11024.47      4.7056     -1
     3      7      506.42      632.82   Coal      0     -1      2334906.5      118.06001  5.0563058e-05      9888.6424        6.25     -1
     3      8      632.82      790.79   Coal      0     -1      3569673.3      243.37761  6.8179239e-05      7333.6107      7.0687     -1
     3      9      790.79      988.18   Coal      0     -1      5437712.9      326.35061  6.0016152e-05      8331.0906      8.3725     -1
     3     10      988.18      1234.8   Coal      0     -1        8277581      409.47116  4.9467491e-05      10107.648      11.325     -1
     3     11      1234.8      1543.1   Coal      0     -1       12582385       600.4861  4.7724344e-05      10476.833      12.977     -1
     3     12      1543.1      1928.2   Coal      0     -1       19120703      814.74306  4.2610518e-05      11734.192      13.254     -1
     3     13      1928.2      2409.6   Coal      0     -1       28933189        1182.42  4.0867255e-05      12234.734      15.694     -1
     3     14      2409.6        3011   Coal      0     -1       43587919        1620.11  3.7168785e-05      13452.148      18.529     -1
     3     15        3011      3762.6   Coal      0     -1       65234959        2283.29  3.5001019e-05      14285.299       24.26     -1
     3     16      3762.6      4701.8   Coal      0     -1       97020713        3392.65  3.4968306e-05      14298.662      27.906     -1
     3     17      4701.8      5875.5   Coal      0     -1  1.4247908e+08        5093.23  3.5747213e-05      13987.104      31.285     -1
     3     18      5875.5      7342.1   Coal      0     -1  2.0927015e+08        5575.18  2.6641067e-05      18768.017      41.005     -1
     3     19      7342.1      9174.7   Coal      0     -1  3.0976552e+08        6225.45  2.0097298e-05      24878.966      46.537     -1
     3     20      9174.7       11465   Coal      0     -1  4.6165797e+08        7666.12  1.6605627e-05      30110.276      58.052     -1
     3     21       11465       14327   Coal      0     -1  6.8289557e+08       10571.34  1.5480171e-05      32299.385       64.91     -1
     3     22       14327       17903   Coal      0     -1   9.904034e+08       16224.18  1.6381386e-05      30522.449      83.683     -1
     3     23       17903       22372   Coal      0     -1  1.3713726e+09       27146.92  1.9795437e-05      25258.346      87.283     -1
     3     24       22372       27956   Coal      0     -1  1.7916545e+09       40674.77  2.2702351e-05      22024.151      105.13     -1
     3     25       27956       34934   Coal      0     -1  2.1538277e+09       58186.69   2.701548e-05      18507.907      111.23     -1
     3     26       34934       43654   Coal      0     -1  2.3619327e+09       71578.65  3.0305118e-05      16498.863      118.31     -1
     3     27       43654       54551   Coal      0     -1  2.3064193e+09       80768.75   3.501911e-05      14277.919      111.74     -1
     3     28       54551       68167   Coal      0     -1  2.0042973e+09       74538.59  3.7189387e-05      13444.696       96.29     -1
     3     29       68167       85183   Coal      0     -1  1.6327352e+09       58064.11  3.5562477e-05      14059.763      80.912     -1
     3     30       85183  1.0645e+05   Coal      0     -1  1.5157002e+09       29835.33   1.968419e-05      25401.096       72.02     -1
     3     31  1.0645e+05  1.3302e+05   Coal      0     -1  1.5144025e+09       29347.67  1.9379043e-05      25801.068      72.109     -1
     3     32  1.3302e+05       1e+99   Coal      0     -1  3.3084694e+09       63539.86  1.9205213e-05      26034.598       56.28     -1
     3     -1           0       1e+99  Delay     -1     -1  2.5971955e+09              0              0              0           1     -1
     3     -1           0       1e+99   LogL     -1     -1              1      -15807452      -15807452              0           1     -1
     3     -1           0       1e+99 Recomb     -1     -1           4158  1.2474005e-05  3.0000011e-09              0           1     -1
     3     -1           0       1e+99 Resamp     -1     -1  2.5971955e+09         723970  0.00027875068              0           1     -1
     2      0           0         133   Coal      0     -1      308693.84      17.034155  5.5181388e-05      9061.0261      1.6391     -1
     2      1         133       166.2   Coal      0     -1      165533.94      1.2345156  7.4577796e-06      67044.083       2.381     -1
     2      2       166.2      207.68   Coal      0     -1      257234.49     0.81409805  3.1648091e-06      157987.41       3.039     -1
     2      3      207.68      259.53   Coal      0     -1      401618.08      3.8073104  9.4799278e-06      52743.018      3.1028     -1
     2      4      259.53      324.31   Coal      0     -1      625613.22      12.376915  1.9783654e-05       25273.39      3.2281     -1
     2      5      324.31      405.26   Coal      0     -1      975505.29      18.805836  1.9278046e-05      25936.238       4.344     -1
     2      6      405.26      506.42   Coal      0     -1      1509607.3      63.107903  4.1804186e-05      11960.525      4.9218     -1
     2      7      506.42      632.82   Coal      0     -1      2337610.8      102.11031  4.3681483e-05      11446.498      6.3982     -1
     2      8      632.82      790.79   Coal      0     -1      3582501.2      230.02172   6.420702e-05      7787.3105      7.1441     -1
     2      9      790.79      988.18   Coal      0     -1        5470830      312.80717  5.7177278e-05      8744.7325      7.0599     -1
     2     10      988.18      1234.8   Coal      0     -1      8312417.4      399.62621  4.8075811e-05      10400.241      10.631     -1
     2     11      1234.8      1543.1   Coal      0     -1       12659422      591.78308  4.6746452e-05      10695.999      13.873     -1
     2     12      1543.1      1928.2   Coal      0     -1       19208667      815.48981  4.2454264e-05       11777.38      14.269     -1
     2     13      1928.2      2409.6   Coal      0     -1       29026452      1187.2749  4.0903206e-05      12223.981      16.734     -1
     2     14      2409.6        3011   Coal      0     -1       43675987        1656.72  3.7932056e-05      13181.463        20.1     -1
     2     15        3011      3762.6   Coal      0     -1       65267393        2358.86  3.6141477e-05       13834.52      25.439     -1
     2     16      3762.6      4701.8   Coal      0     -1       96913873         3499.8  3.6112477e-05       13845.63      27.576     -1
     2     17      4701.8      5875.5   Coal      0     -1  1.4195507e+08        5230.02  3.6842785e-05      13571.178      30.835     -1
     2     18      5875.5      7342.1   Coal      0     -1  2.0809024e+08        5668.99  2.7242941e-05      18353.378       40.72     -1
     2     19      7342.1      9174.7   Coal      0     -1   3.078543e+08        6242.88  2.0278684e-05      24656.432      47.529     -1
     2     20      9174.7       11465   Coal      0     -1  4.5962773e+08        7589.35   1.651195e-05        30281.1      60.335     -1
     2     21       11465       14327   Coal      0     -1  6.8093915e+08       10342.07   1.518795e-05      32920.835      64.005     -1
     2     22       14327       17903   Coal      0     -1  9.9031175e+08       15851.42  1.6006495e-05       31237.32       85.06     -1
     2     23       17903       22372   Coal      0     -1   1.376091e+09       26548.11  1.9292409e-05      25916.929      88.256     -1
     2     24       22372       27956   Coal      0     -1  1.8036348e+09       40116.83  2.2242214e-05      22479.777      103.35     -1
     2     25       27956       34934   Coal      0     -1  2.1744773e+09       57889.67  2.6622338e-05      18781.221      108.05     -1
     2     26       34934       43654   Coal      0     -1   2.387466e+09        71869.6  3.0102878e-05      16609.707      115.89     -1
     2     27       43654       54551   Coal      0     -1  2.3332673e+09       81748.11  3.5035896e-05      14271.078       112.8     -1
     2     28       54551       68167   Coal      0     -1  2.0195148e+09        75663.1   3.746598e-05       13345.44      97.946     -1
     2     29       68167       85183   Coal      0     -1   1.626762e+09       58788.28  3.6138219e-05      13835.768       81.59     -1
     2     30       85183  1.0645e+05   Coal      0     -1  1.4954439e+09       30036.63  2.0085428e-05      24893.669      70.772     -1
     2     31  1.0645e+05  1.3302e+05   Coal      0     -1  1.4846921e+09       29465.59  1.9846263e-05       25193.66      70.185     -1
     2     32  1.3302e+05       1e+99   Coal      0     -1  3.1268293e+09       61648.46  1.9715966e-05      25360.158       54.71     -1
     2     -1           0       1e+99  Delay     -1     -1  2.5971955e+09              0              0              0           1     -1
     2     -1           0       1e+99   LogL     -1     -1              1      -15807843      -15807843              0           1     -1
     2     -1           0       1e+99 Recomb     -1     -1           4158  1.2474005e-05  3.0000011e-09              0           1     -1
     2     -1           0       1e+99 Resamp     -1     -1  2.5971955e+09         719424  0.00027700033              0           1     -1
     1      0           0         133   Coal      0     -1      306110.48      12.796044  4.1802044e-05      11961.138      1.4776     -1
     1      1         133       166.2   Coal      0     -1      166599.16      0.8199829   4.921891e-06      101586.97      2.2647     -1
     1      2       166.2      207.68   Coal      0     -1      260154.59      1.0711385  4.1173155e-06      121438.35      2.6784     -1
     1      3      207.68      259.53   Coal      0     -1      407754.41      3.3534976  8.2243074e-06      60795.393      3.3913     -1
     1      4      259.53      324.31   Coal      0     -1      631678.84      7.9269931  1.2549088e-05      39843.534      3.4692     -1
     1      5      324.31      405.26   Coal      0     -1      981289.49      18.957734  1.9319206e-05       25880.98      5.0529     -1
     1      6      405.26      506.42   Coal      0     -1      1522180.3      47.793489  3.1398047e-05      15924.557      5.4076     -1
     1      7      506.42      632.82   Coal      0     -1      2354192.7      91.249527  3.8760432e-05      12899.753       5.576     -1
     1      8      632.82      790.79   Coal      0     -1      3602559.1      210.19847  5.8346986e-05       8569.423      7.2801     -1
     1      9      790.79      988.18   Coal      0     -1        5495800      283.86121  5.1650572e-05      9680.4349      8.2746     -1
     1     10      988.18      1234.8   Coal      0     -1      8394834.5      385.01458  4.5863272e-05       10901.97      9.8236     -1
     1     11      1234.8      1543.1   Coal      0     -1       12767521      582.38723  4.5614747e-05      10961.367      12.795     -1
     1     12      1543.1      1928.2   Coal      0     -1       19363094       800.0292  4.1317219e-05      12101.492      15.579     -1
     1     13      1928.2      2409.6   Coal      0     -1       29251815      1189.5082  4.0664425e-05       12295.76      15.317     -1
     1     14      2409.6        3011   Coal      0     -1       43919458        1710.05  3.8936045e-05      12841.571      19.249     -1
     1     15        3011      3762.6   Coal      0     -1       65441776         2463.4  3.7642621e-05      13282.816      25.081     -1
     1     16      3762.6      4701.8   Coal      0     -1       96914484         3623.2  3.7385537e-05      13374.156      27.801     -1
     1     17      4701.8      5875.5   Coal      0     -1  1.4158702e+08        5410.84  3.8215649e-05      13083.645      31.339     -1
     1     18      5875.5      7342.1   Coal      0     -1  2.0722556e+08        5764.59  2.7817948e-05      17974.007      37.416     -1
     1     19      7342.1      9174.7   Coal      0     -1  3.0654524e+08        6247.38  2.0379961e-05      24533.904      48.533     -1
     1     20      9174.7       11465   Coal      0     -1  4.5735141e+08        7482.57  1.6360658e-05      30561.118      55.443     -1
     1     21       11465       14327   Coal      0     -1  6.7936096e+08       10089.36  1.4851251e-05      33667.198      64.669     -1
     1     22       14327       17903   Coal      0     -1  9.9005397e+08       15451.27  1.5606493e-05      32037.948      81.092     -1
     1     23       17903       22372   Coal      0     -1  1.3836714e+09       25915.55  1.8729556e-05      26695.775      97.211     -1
     1     24       22372       27956   Coal      0     -1  1.8202292e+09       39514.18  2.1708354e-05      23032.608      109.36     -1
     1     25       27956       34934   Coal      0     -1  2.1982154e+09       57442.82   2.613157e-05      19133.944       105.9     -1
     1     26       34934       43654   Coal      0     -1  2.4215972e+09        72273.2  2.9845261e-05      16753.079      117.72     -1
     1     27       43654       54551   Coal      0     -1  2.3566245e+09       82569.96  3.5037384e-05      14270.472         112     -1
     1     28       54551       68167   Coal      0     -1  2.0256155e+09       76484.77   3.775878e-05      13241.953      94.939     -1
     1     29       68167       85183   Coal      0     -1  1.6265711e+09       59831.61  3.6783888e-05      13592.908      82.647     -1
     1     30       85183  1.0645e+05   Coal      0     -1  1.4734118e+09       30307.32  2.0569484e-05      24307.853      70.884     -1
     1     31  1.0645e+05  1.3302e+05   Coal      0     -1  1.4432987e+09       29440.55    2.03981e-05      24512.087      69.726     -1
     1     32  1.3302e+05       1e+99   Coal      0     -1  2.9370856e+09       59653.75  2.0310525e-05      24617.779      53.839     -1
     1     -1           0       1e+99  Delay     -1     -1  2.5971955e+09              0              0              0           1     -1
     1     -1           0       1e+99   LogL     -1     -1              1      -15808140      -15808140              0           1     -1
     1     -1           0       1e+99 Recomb     -1     -1           4158  1.2474005e-05  3.0000011e-09              0           1     -1
     1     -1           0       1e+99 Resamp     -1     -1  2.5971955e+09         715847  0.00027562307              0           1     -1
     0      0           0         133   Coal      0     -1      310709.71      7.3408095  2.3625942e-05      21163.178      1.3885     -1
     0      1         133       166.2   Coal      0     -1      165913.32      1.4707103  8.8643292e-06      56405.847      2.3618     -1
     0      2       166.2      207.68   Coal      0     -1      256925.95     0.74646625  2.9053751e-06      172094.82      2.5592     -1
     0      3      207.68      259.53   Coal      0     -1      399958.72      3.5060315  8.7659834e-06      57038.666      2.6192     -1
     0      4      259.53      324.31   Coal      0     -1      628249.86      7.1638006  1.1402789e-05      43848.922      3.6997     -1
     0      5      324.31      405.26   Coal      0     -1      978393.73      13.616443   1.391714e-05      35926.922      3.7737     -1
     0      6      405.26      506.42   Coal      0     -1      1521350.7      34.727547  2.2826786e-05      21904.091      6.1143     -1
     0      7      506.42      632.82   Coal      0     -1      2354003.3      72.274655  3.0702869e-05      16285.123      5.9713     -1
     0      8      632.82      790.79   Coal      0     -1      3622602.4      176.81899  4.8809935e-05      10243.816      6.5103     -1
     0      9      790.79      988.18   Coal      0     -1      5528678.7      252.45537  4.5662876e-05      10949.814       8.936     -1
     0     10      988.18      1234.8   Coal      0     -1      8424868.5      366.81268  4.3539277e-05      11483.884      10.276     -1
     0     11      1234.8      1543.1   Coal      0     -1       12841651      560.00571  4.3608543e-05      11465.643      11.418     -1
     0     12      1543.1      1928.2   Coal      0     -1       19415072      798.77271  4.1141888e-05      12153.064      14.901     -1
     0     13      1928.2      2409.6   Coal      0     -1       29366770        1190.79  4.0548892e-05      12330.793      15.592     -1
     0     14      2409.6        3011   Coal      0     -1       44044285        1763.04  4.0028803e-05      12491.006      19.981     -1
     0     15        3011      3762.6   Coal      0     -1       65522492        2573.82  3.9281473e-05      12728.647      25.004     -1
     0     16      3762.6      4701.8   Coal      0     -1       96732874        3785.13  3.9129717e-05      12778.012      29.827     -1
     0     17      4701.8      5875.5   Coal      0     -1  1.4103234e+08        5569.67  3.9492147e-05      12660.745       30.67     -1
     0     18      5875.5      7342.1   Coal      0     -1  2.0603768e+08        5866.74  2.8474112e-05       17559.81      38.848     -1
     0     19      7342.1      9174.7   Coal      0     -1  3.0451041e+08        6248.18  2.0518773e-05      24367.929      48.957     -1
     0     20      9174.7       11465   Coal      0     -1  4.5505378e+08        7362.19  1.6178725e-05      30904.783      55.963     -1
     0     21       11465       14327   Coal      0     -1  6.7735717e+08        9794.34  1.4459639e-05      34579.011      65.102     -1
     0     22       14327       17903   Coal      0     -1  9.9002231e+08       14974.04  1.5124952e-05      33057.956      79.046     -1
     0     23       17903       22372   Coal      0     -1  1.3885269e+09       25193.75  1.8144228e-05      27556.972      92.268     -1
     0     24       22372       27956   Coal      0     -1  1.8376932e+09       38893.59  2.1164355e-05      23624.628         112     -1
     0     25       27956       34934   Coal      0     -1  2.2290853e+09       57014.07  2.5577339e-05      19548.555      109.29     -1
     0     26       34934       43654   Coal      0     -1   2.456524e+09       72515.67  2.9519626e-05      16937.884      115.73     -1
     0     27       43654       54551   Coal      0     -1  2.3986259e+09       83939.97  3.4995024e-05      14287.746      118.08     -1
     0     28       54551       68167   Coal      0     -1  2.0530794e+09       78093.51  3.8037257e-05      13145.007      101.18     -1
     0     29       68167       85183   Coal      0     -1  1.6218707e+09        60894.8  3.7546027e-05      13316.988      84.055     -1
     0     30       85183  1.0645e+05   Coal      0     -1  1.4498049e+09       30669.11  2.1153956e-05      23636.241      72.028     -1
     0     31  1.0645e+05  1.3302e+05   Coal      0     -1  1.3978057e+09       29415.09  2.1043761e-05      23760.011      68.693     -1
     0     32  1.3302e+05       1e+99   Coal      0     -1  2.7380157e+09          57542  2.1015949e-05      23791.454      57.585     -1
     0     -1           0       1e+99  Delay     -1     -1  2.5971955e+09              0              0              0           1     -1
     0     -1           0       1e+99   LogL     -1     -1              1      -15808671      -15808671              0           1     -1
     0     -1           0       1e+99 Recomb     -1     -1           4158  1.2474005e-05  3.0000011e-09              0           1     -1
     0     -1           0       1e+99 Resamp     -1     -1  2.5971955e+09         710949  0.00027373719              0           1     -1
