  Iter  Epoch       Start         End   Type   From     To            Opp          Count           Rate             Ne         ESS  Clump
    10      0           0         133   Coal      0     -1      296663.71      34.770237  0.00011720421      4266.0583      1.5582     -1
    10      1         133       166.2   Coal      0     -1      162102.02      1.2107712  7.4691927e-06      66941.639       2.128     -1
    10      2       166.2      207.68   Coal      0     -1      251447.82      3.8360038  1.5255666e-05      32774.709      2.5605     -1
    10      3      207.68      259.53   Coal      0     -1      393299.28      10.198482  2.5930589e-05      19282.246      3.2119     -1
    10      4      259.53      324.31   Coal      0     -1      609935.73      11.431918  1.8742825e-05      26676.876      3.5315     -1
    10      5      324.31      405.26   Coal      0     -1      952653.55      29.071855  3.0516713e-05      16384.464      4.6744     -1
    10      6      405.26      506.42   Coal      0     -1      1475278.2      87.335397  5.9199272e-05      8446.0498      5.3568     -1
    10      7      506.42      632.82   Coal      0     -1      2267853.9      194.79129  8.5892345e-05      5821.2405      5.9965     -1
    10      8      632.82      790.79   Coal      0     -1      3452145.9      276.76747  8.0172588e-05      6236.5456      7.9439     -1
    10      9      790.79      988.18   Coal      0     -1        5257463      279.25969  5.3116814e-05      9413.2151      9.9686     -1
    10     10      988.18      1234.8   Coal      0     -1      8055261.8      373.43434  4.6359057e-05      10785.379        10.4     -1
    10     11      1234.8      1543.1   Coal      0     -1       12372127      459.37697  3.7129992e-05      13466.203       12.83     -1
    10     12      1543.1      1928.2   Coal      0     -1       18973354      583.49056  3.0753158e-05      16258.493      13.855     -1
    10     13      1928.2      2409.6   Coal      0     -1       29084369      720.99298  2.4789707e-05      20169.662      20.239     -1
    10     14      2409.6        3011   Coal      0     -1       44536131      1075.9594  2.4159246e-05       20696.01      20.869     -1
    10     15        3011      3762.6   Coal      0     -1       67837718      1450.2519  2.1378252e-05      23388.254      27.059     -1
    10     16      3762.6      4701.8   Coal      0     -1  1.0284367e+08      2348.8772  2.2839298e-05      21892.091      31.175     -1
    10     17      4701.8      5875.5   Coal      0     -1  1.5359954e+08      4033.4385  2.6259443e-05      19040.769      35.041     -1
    10     18      5875.5      7342.1   Coal      0     -1  2.2804332e+08      4887.3735  2.1431777e-05      23329.843      42.284     -1
    10     19      7342.1      9174.7   Coal      0     -1  3.3812421e+08      6081.8481  1.7987023e-05      27797.818      48.062     -1
    10     20      9174.7       11465   Coal      0     -1  5.0161258e+08      8210.1357  1.6367484e-05      30548.373       59.77     -1
    10     21       11465       14327   Coal      0     -1  7.3511044e+08      12025.351  1.6358564e-05      30565.031      73.572     -1
    10     22       14327       17903   Coal      0     -1  1.0479718e+09        19405.6  1.8517293e-05      27001.787      82.562     -1
    10     23       17903       22372   Coal      0     -1  1.4255306e+09       31317.79  2.1969216e-05      22759.119      98.384     -1
    10     24       22372       27956   Coal      0     -1  1.8140862e+09       46237.43     2.5488e-05      19617.075       103.1     -1
    10     25       27956       34934   Coal      0     -1  2.1321726e+09       62634.28  2.9375802e-05      17020.812      112.69     -1
    10     26       34934       43654   Coal      0     -1   2.307771e+09       72726.41  3.1513703e-05      15866.114       116.9     -1
    10     27       43654       54551   Coal      0     -1  2.2661571e+09       79330.44  3.5006593e-05      14283.024      109.97     -1
    10     28       54551       68167   Coal      0     -1  2.0144299e+09       72838.52  3.6158379e-05      13828.054      96.139     -1
    10     29       68167       85183   Coal      0     -1  1.7024198e+09       56722.21  3.3318579e-05      15006.642      82.493     -1
    10     30       85183  1.0645e+05   Coal      0     -1  1.6450849e+09       29775.73  1.8099814e-05      27624.594      75.767     -1
    10     31  1.0645e+05  1.3302e+05   Coal      0     -1  1.7056856e+09       29861.59   1.750709e-05      28559.858      75.025     -1
    10     32  1.3302e+05       1e+99   Coal      0     -1  4.3173125e+09       74008.47  1.7142254e-05      29167.692      58.531     -1
    10     -1           0       1e+99  Delay     -1     -1  2.5961247e+09              0              0              0           1     -1
    10     -1           0       1e+99   LogL     -1     -1              1      -16420936      -16420936              0           1     -1
    10     -1           0       1e+99 Recomb     -1     -1           4224  1.2672004e-05   3.000001e-09              0           1     -1
    10     -1           0       1e+99 Resamp     -1     -1  2.5961247e+09         757597  0.00029181842              0           1     -1
     9      0           0         133   Coal      0     -1      310137.65      34.850875  0.00011237228      4449.4959      1.4618     -1
     9      1         133       166.2   Coal      0     -1      162564.42      2.6395346  1.6236853e-05      30794.145      2.4503     -1
     9      2       166.2      207.68   Coal      0     -1      254643.92       3.999062  1.5704526e-05      31837.956      2.8539     -1
     9      3      207.68      259.53   Coal      0     -1      395664.48      9.0887181  2.2970771e-05      21766.792      3.1526     -1
     9      4      259.53      324.31   Coal      0     -1      616556.16      9.9446342  1.6129324e-05      30999.439      3.5201     -1
     9      5      324.31      405.26   Coal      0     -1      954652.09      24.818854    2.59978e-05      19232.397      4.1775     -1
     9      6      405.26      506.42   Coal      0     -1      1485221.4      84.270334  5.6739241e-05      8812.2434       5.385     -1
     9      7      506.42      632.82   Coal      0     -1      2266788.3      195.11924  8.6077399e-05      5808.7257      6.1291     -1
     9      8      632.82      790.79   Coal      0     -1      3443764.3      263.32811  7.6465197e-05      6538.9225      8.1527     -1
     9      9      790.79      988.18   Coal      0     -1      5262083.4      270.09132  5.1327831e-05       9741.304      9.4934     -1
     9     10      988.18      1234.8   Coal      0     -1      8064616.6      368.20905  4.5657354e-05      10951.138      10.862     -1
     9     11      1234.8      1543.1   Coal      0     -1       12374387      455.27657  3.6791848e-05      13589.967       12.96     -1
     9     12      1543.1      1928.2   Coal      0     -1       18962901      576.72757  3.0413467e-05      16440.086      16.329     -1
     9     13      1928.2      2409.6   Coal      0     -1       29067550      733.54176  2.5235762e-05      19813.153      19.401     -1
     9     14      2409.6        3011   Coal      0     -1       44511586      1075.8329  2.4169727e-05      20687.036      21.151     -1
     9     15        3011      3762.6   Coal      0     -1       67781818      1487.7803  2.1949548e-05      22779.512      26.239     -1
     9     16      3762.6      4701.8   Coal      0     -1  1.0267211e+08      2396.5805  2.3342078e-05      21420.544      32.396     -1
     9     17      4701.8      5875.5   Coal      0     -1  1.5328989e+08      4092.8573  2.6700112e-05      18726.513      34.397     -1
     9     18      5875.5      7342.1   Coal      0     -1  2.2740954e+08      4928.6815  2.1673152e-05      23070.018      42.966     -1
     9     19      7342.1      9174.7   Coal      0     -1   3.371949e+08      6110.8195  1.8122515e-05       27589.99      48.726     -1
     9     20      9174.7       11465   Coal      0     -1  5.0048046e+08      8187.8319  1.6359943e-05      30562.453      63.171     -1
     9     21       11465       14327   Coal      0     -1  7.3398609e+08      11943.733  1.6272424e-05      30726.829      76.074     -1
     9     22       14327       17903   Coal      0     -1  1.0466503e+09      19182.462  1.8327479e-05       27281.44      77.197     -1
     9     23       17903       22372   Coal      0     -1  1.4275375e+09       31064.89  2.1761172e-05      22976.703      100.92     -1
     9     24       22372       27956   Coal      0     -1  1.8197662e+09       45929.88   2.523944e-05      19810.266      106.15     -1
     9     25       27956       34934   Coal      0     -1  2.1423729e+09       62495.41  2.9171116e-05      17140.242      115.08     -1
     9     26       34934       43654   Coal      0     -1  2.3231965e+09       73008.58  3.1425917e-05      15910.435      121.76     -1
     9     27       43654       54551   Coal      0     -1   2.280037e+09       79837.71  3.5015972e-05      14279.198      114.05     -1
     9     28       54551       68167   Coal      0     -1   2.019496e+09       73239.74  3.6266345e-05      13786.887      96.873     -1
     9     29       68167       85183   Coal      0     -1  1.6965413e+09       56884.25  3.3529541e-05      14912.223      81.419     -1
     9     30       85183  1.0645e+05   Coal      0     -1  1.6383148e+09       29863.32  1.8228072e-05      27430.219      75.212     -1
     9     31  1.0645e+05  1.3302e+05   Coal      0     -1  1.7023611e+09       30056.37  1.7655696e-05      28319.472      76.337     -1
     9     32  1.3302e+05       1e+99   Coal      0     -1   4.224003e+09       73229.09   1.733642e-05      28841.018      58.783     -1
     9     -1           0       1e+99  Delay     -1     -1  2.5961247e+09              0              0              0           1     -1
     9     -1           0       1e+99   LogL     -1     -1              1      -16420972      -16420972              0           1     -1
     9     -1           0       1e+99 Recomb     -1     -1           4224  1.2672004e-05   3.000001e-09              0           1     -1
     9     -1           0       1e+99 Resamp     -1     -1  2.5961247e+09         757279  0.00029169593              0           1     -1
     8      0           0         133   Coal      0     -1      300142.46       41.65266   0.0001387763      3602.9207      1.4667     -1
     8      1         133       166.2   Coal      0     -1       161807.9       4.776515  2.9519665e-05      16937.861      1.9894     -1
     8      2       166.2      207.68   Coal      0     -1      249136.33       2.961154  1.1885677e-05      42067.439      2.5769     -1
     8      3      207.68      259.53   Coal      0     -1      388334.59      8.5216214  2.1944018e-05      22785.253      3.1848     -1
     8      4      259.53      324.31   Coal      0     -1      605715.16      12.470492  2.0588046e-05      24285.937      3.8004     -1
     8      5      324.31      405.26   Coal      0     -1      947353.73      21.129988  2.2304222e-05      22417.281      4.0302     -1
     8      6      405.26      506.42   Coal      0     -1      1468313.5      84.156977  5.7315401e-05      8723.6587       5.347     -1
     8      7      506.42      632.82   Coal      0     -1      2257235.3      182.73755  8.0956357e-05      6176.1673      5.8816     -1
     8      8      632.82      790.79   Coal      0     -1      3443345.6      255.63102  7.4239139e-05      6734.9919      8.1348     -1
     8      9      790.79      988.18   Coal      0     -1      5262677.9      261.53559  4.9696294e-05      10061.112      9.8091     -1
     8     10      988.18      1234.8   Coal      0     -1      8083589.6      364.76746  4.5124441e-05       11080.47      11.384     -1
     8     11      1234.8      1543.1   Coal      0     -1       12389609       450.3703  3.6350646e-05      13754.914      12.578     -1
     8     12      1543.1      1928.2   Coal      0     -1       18968396       587.2155  3.0957572e-05      16151.137      14.646     -1
     8     13      1928.2      2409.6   Coal      0     -1       29094500      753.99429  2.5915355e-05      19293.581      19.788     -1
     8     14      2409.6        3011   Coal      0     -1       44484775      1088.6349  2.4472079e-05      20431.448      20.388     -1
     8     15        3011      3762.6   Coal      0     -1       67733571      1533.3747  2.2638327e-05      22086.438      26.001     -1
     8     16      3762.6      4701.8   Coal      0     -1  1.0252906e+08      2474.8637  2.4138169e-05      20714.081      31.875     -1
     8     17      4701.8      5875.5   Coal      0     -1  1.5288129e+08      4156.7616  2.7189472e-05       18389.47       33.85     -1
     8     18      5875.5      7342.1   Coal      0     -1  2.2677734e+08      4979.5447  2.1957858e-05      22770.892      42.763     -1
     8     19      7342.1      9174.7   Coal      0     -1  3.3620989e+08      6128.8374    1.82292e-05      27428.521      48.587     -1
     8     20      9174.7       11465   Coal      0     -1  4.9921226e+08       8174.644  1.6375087e-05       30534.19      61.791     -1
     8     21       11465       14327   Coal      0     -1  7.3231891e+08      11846.826  1.6177141e-05       30907.81       70.78     -1
     8     22       14327       17903   Coal      0     -1  1.0455348e+09      18933.847  1.8109245e-05      27610.207      70.963     -1
     8     23       17903       22372   Coal      0     -1  1.4293619e+09       30741.33  2.1507031e-05      23248.212      97.757     -1
     8     24       22372       27956   Coal      0     -1  1.8256269e+09       45584.48   2.496922e-05      20024.654      102.44     -1
     8     25       27956       34934   Coal      0     -1  2.1535662e+09       62312.76  2.8934686e-05      17280.298      112.21     -1
     8     26       34934       43654   Coal      0     -1  2.3379444e+09       73266.34  3.1337931e-05      15955.106      120.05     -1
     8     27       43654       54551   Coal      0     -1  2.2910524e+09       80322.87  3.5059377e-05       14261.52      112.97     -1
     8     28       54551       68167   Coal      0     -1  2.0235676e+09       73622.94  3.6382743e-05      13742.779      96.166     -1
     8     29       68167       85183   Coal      0     -1  1.6927881e+09       57134.78  3.3751879e-05       14813.99      80.358     -1
     8     30       85183  1.0645e+05   Coal      0     -1  1.6287277e+09       29932.88  1.8378075e-05      27206.332      74.258     -1
     8     31  1.0645e+05  1.3302e+05   Coal      0     -1  1.6912481e+09       30160.68  1.7833386e-05        28037.3      73.849     -1
     8     32  1.3302e+05       1e+99   Coal      0     -1  4.1225633e+09       72383.77  1.7557952e-05      28477.125      56.138     -1
     8     -1           0       1e+99  Delay     -1     -1  2.5961247e+09              0              0              0           1     -1
     8     -1           0       1e+99   LogL     -1     -1              1      -16421035      -16421035              0           1     -1
     8     -1           0       1e+99 Recomb     -1     -1           4224  1.2672004e-05   3.000001e-09              0           1     -1
     8     -1           0       1e+99 Resamp     -1     -1  2.5961247e+09         755280  0.00029092594              0           1     -1
     7      0           0         133   Coal      0     -1      300926.91      39.975104  0.00013283991       3763.929      1.5038     -1
     7      1         133       166.2   Coal      0     -1      160813.76      3.8495939  2.3938212e-05      20887.107      2.1225     -1
     7      2       166.2      207.68   Coal      0     -1      250677.26      5.1731547  2.0636713e-05      24228.665      2.8469     -1
     7      3      207.68      259.53   Coal      0     -1      391266.31      7.4071442  1.8931209e-05      26411.414       2.797     -1
     7      4      259.53      324.31   Coal      0     -1      606295.47      16.201123  2.6721498e-05      18711.526      4.0072     -1
     7      5      324.31      405.26   Coal      0     -1      943783.73      19.028781  2.0162226e-05      24798.849      4.1336     -1
     7      6      405.26      506.42   Coal      0     -1        1468632      76.449735  5.2055064e-05      9605.2134      5.1819     -1
     7      7      506.42      632.82   Coal      0     -1      2258187.3      171.32197  7.5867031e-05       6590.478      6.0509     -1
     7      8      632.82      790.79   Coal      0     -1        3438838      249.54548  7.2566802e-05       6890.203      8.1054     -1
     7      9      790.79      988.18   Coal      0     -1      5266651.4      251.68727  4.7788862e-05      10462.689      8.6515     -1
     7     10      988.18      1234.8   Coal      0     -1      8079456.2      357.45778  4.4242802e-05      11301.273      10.686     -1
     7     11      1234.8      1543.1   Coal      0     -1       12400581      451.04805  3.6373137e-05      13746.408      12.266     -1
     7     12      1543.1      1928.2   Coal      0     -1       18999300      578.96174  3.0472793e-05      16408.079      15.064     -1
     7     13      1928.2      2409.6   Coal      0     -1       29087366      777.75005  2.6738415e-05      18699.687      20.314     -1
     7     14      2409.6        3011   Coal      0     -1       44470892      1119.0325  2.5163257e-05      19870.242      19.661     -1
     7     15        3011      3762.6   Coal      0     -1       67600749       1601.758  2.3694383e-05      21102.048       27.93     -1
     7     16      3762.6      4701.8   Coal      0     -1  1.0215353e+08      2547.1173  2.4934208e-05      20052.772      30.287     -1
     7     17      4701.8      5875.5   Coal      0     -1  1.5223782e+08      4222.5063   2.773625e-05       18026.95      34.858     -1
     7     18      5875.5      7342.1   Coal      0     -1    2.25774e+08      5035.4628  2.2303112e-05      22418.396      42.118     -1
     7     19      7342.1      9174.7   Coal      0     -1  3.3481764e+08      6158.4773  1.8393527e-05      27183.476      48.619     -1
     7     20      9174.7       11465   Coal      0     -1  4.9732646e+08        8146.55  1.6380689e-05      30523.747      63.451     -1
     7     21       11465       14327   Coal      0     -1  7.3050018e+08      11722.723  1.6047529e-05      31157.446      72.672     -1
     7     22       14327       17903   Coal      0     -1  1.0450597e+09       18665.52  1.7860721e-05      27994.391      74.849     -1
     7     23       17903       22372   Coal      0     -1  1.4309722e+09       30382.52  2.1232083e-05      23549.267       97.68     -1
     7     24       22372       27956   Coal      0     -1  1.8318739e+09       45173.64  2.4659798e-05      20275.916      99.618     -1
     7     25       27956       34934   Coal      0     -1  2.1679342e+09       62176.46  2.8680049e-05      17433.722      112.44     -1
     7     26       34934       43654   Coal      0     -1  2.3535604e+09       73555.57  3.1252892e-05      15998.519      117.75     -1
     7     27       43654       54551   Coal      0     -1  2.3058704e+09       80950.76  3.5106379e-05      14242.426      111.76     -1
     7     28       54551       68167   Coal      0     -1  2.0283164e+09       74081.92  3.6523848e-05      13689.686      95.107     -1
     7     29       68167       85183   Coal      0     -1  1.6910083e+09       57506.12     3.4007e-05      14702.855      79.864     -1
     7     30       85183  1.0645e+05   Coal      0     -1  1.6241369e+09       30109.42  1.8538721e-05      26970.577      74.378     -1
     7     31  1.0645e+05  1.3302e+05   Coal      0     -1  1.6718578e+09       30201.15  1.8064425e-05      27678.711      73.944     -1
     7     32  1.3302e+05       1e+99   Coal      0     -1  4.0039028e+09       71295.29  1.7806449e-05      28079.715      56.587     -1
     7     -1           0       1e+99  Delay     -1     -1  2.5961247e+09              0              0              0           1     -1
     7     -1           0       1e+99   LogL     -1     -1              1      -16421023      -16421023              0           1     -1
     7     -1           0       1e+99 Recomb     -1     -1           4224  1.2672004e-05   3.000001e-09              0           1     -1
     7     -1           0       1e+99 Resamp     -1     -1  2.5961247e+09         752777  0.00028996181              0           1     -1
     6      0           0         133   Coal      0     -1      316496.94      37.746266  0.00011926266      4192.4271      1.4842     -1
     6      1         133       166.2   Coal      0     -1      164233.56      3.0060124  1.8303277e-05      27317.512      2.1346     -1
     6      2       166.2      207.68   Coal      0     -1      252216.41      6.3155384  2.5040156e-05      19967.926       2.664     -1
     6      3      207.68      259.53   Coal      0     -1      394431.76      6.0611977  1.5366911e-05      32537.444      3.0809     -1
     6      4      259.53      324.31   Coal      0     -1      616089.85      14.542535  2.3604569e-05       21182.34      3.6563     -1
     6      5      324.31      405.26   Coal      0     -1      953540.04      21.054416  2.2080264e-05      22644.657      4.5726     -1
     6      6      405.26      506.42   Coal      0     -1      1475583.9      68.369375  4.6333776e-05      10791.264      5.0254     -1
     6      7      506.42      632.82   Coal      0     -1        2266191      156.28599  6.8964173e-05      7250.1413      6.2497     -1
     6      8      632.82      790.79   Coal      0     -1      3464084.3      237.95012  6.8690625e-05      7279.0137      7.6447     -1
     6      9      790.79      988.18   Coal      0     -1      5288401.4      247.57201   4.681415e-05      10680.531      9.2302     -1
     6     10      988.18      1234.8   Coal      0     -1      8114652.1      344.05308  4.2398993e-05      11792.733      10.903     -1
     6     11      1234.8      1543.1   Coal      0     -1       12438966      438.68654  3.5267122e-05      14177.511        12.1     -1
     6     12      1543.1      1928.2   Coal      0     -1       19093010      582.55734  3.0511551e-05      16387.237       15.49     -1
     6     13      1928.2      2409.6   Coal      0     -1       29206430      794.29477  2.7195887e-05      18385.133      18.707     -1
     6     14      2409.6        3011   Coal      0     -1       44565983      1160.9809   2.605083e-05      19193.246      19.248     -1
     6     15        3011      3762.6   Coal      0     -1       67621348      1663.5777  2.4601369e-05      20324.072      27.693     -1
     6     16      3762.6      4701.8   Coal      0     -1  1.0203353e+08      2645.8838  2.5931512e-05       19281.56      30.728     -1
     6     17      4701.8      5875.5   Coal      0     -1  1.5179577e+08      4327.4625  2.8508452e-05      17538.658      33.721     -1
     6     18      5875.5      7342.1   Coal      0     -1  2.2481788e+08      5117.5217  2.2762966e-05      21965.503      39.979     -1
     6     19      7342.1      9174.7   Coal      0     -1  3.3347936e+08      6187.3755  1.8553999e-05      26948.369      50.383     -1
     6     20      9174.7       11465   Coal      0     -1  4.9554288e+08      8128.0841  1.6402383e-05      30483.376      61.024     -1
     6     21       11465       14327   Coal      0     -1  7.2852047e+08      11578.915  1.5893741e-05      31458.925       73.45     -1
     6     22       14327       17903   Coal      0     -1   1.044042e+09      18337.838  1.7564271e-05       28466.88      75.279     -1
     6     23       17903       22372   Coal      0     -1  1.4334384e+09       29998.05  2.0927338e-05      23892.193      98.979     -1
     6     24       22372       27956   Coal      0     -1  1.8399913e+09       44721.36  2.4305201e-05      20571.728      99.666     -1
     6     25       27956       34934   Coal      0     -1   2.182017e+09       61968.29  2.8399545e-05      17605.916      110.87     -1
     6     26       34934       43654   Coal      0     -1  2.3723803e+09        73848.3  3.1128356e-05      16062.525      120.49     -1
     6     27       43654       54551   Coal      0     -1  2.3208992e+09       81589.14  3.5154108e-05      14223.089       114.4     -1
     6     28       54551       68167   Coal      0     -1  2.0360677e+09       74679.73  3.6678412e-05      13631.997      96.672     -1
     6     29       68167       85183   Coal      0     -1  1.6938849e+09       58149.43  3.4329033e-05      14564.931      81.831     -1
     6     30       85183  1.0645e+05   Coal      0     -1  1.6079404e+09       30175.14   1.876633e-05      26643.462      73.229     -1
     6     31  1.0645e+05  1.3302e+05   Coal      0     -1  1.6439533e+09       30138.64  1.8333027e-05      27273.183      72.495     -1
     6     32  1.3302e+05       1e+99   Coal      0     -1  3.8696118e+09        70024.2  1.8095924e-05      27630.532      56.827     -1
     6     -1           0       1e+99  Delay     -1     -1  2.5961247e+09              0              0              0           1     -1
     6     -1           0       1e+99   LogL     -1     -1              1      -16421178      -16421178              0           1     -1
     6     -1           0       1e+99 Recomb     -1     -1           4224  1.2672004e-05   3.000001e-09              0           1     -1
     6     -1           0       1e+99 Resamp     -1     -1  2.5961247e+09         750924  0.00028924805              0           1     -1
     5      0           0         133   Coal      0     -1      300689.57       34.54569  0.00011488822      4352.0562      1.5025     -1
     5      1         133       166.2   Coal      0     -1      162784.75      2.1003987   1.290292e-05      38750.917      2.3168     -1
     5      2       166.2      207.68   Coal      0     -1      256418.24      7.4479406  2.9046064e-05      17214.036      2.3405     -1
     5      3      207.68      259.53   Coal      0     -1       394321.2      5.9466103  1.5080625e-05      33155.124      2.7894     -1
     5      4      259.53      324.31   Coal      0     -1      616746.78      11.520603  1.8679631e-05      26767.123      3.5985     -1
     5      5      324.31      405.26   Coal      0     -1      962335.01      20.572945  2.1378153e-05      23388.363       4.193     -1
     5      6      405.26      506.42   Coal      0     -1      1482487.6      65.354285  4.4084202e-05      11341.931      5.2027     -1
     5      7      506.42      632.82   Coal      0     -1      2277975.2      148.56212   6.521674e-05      7666.7432      6.1303     -1
     5      8      632.82      790.79   Coal      0     -1      3481335.3      228.12529    6.55281e-05      7630.3143      7.2798     -1
     5      9      790.79      988.18   Coal      0     -1        5324139      252.16148  4.7361926e-05      10557.003      8.5934     -1
     5     10      988.18      1234.8   Coal      0     -1      8141626.6      346.61583   4.257329e-05      11744.453      11.696     -1
     5     11      1234.8      1543.1   Coal      0     -1       12480587      444.03596  3.5578132e-05      14053.576      12.282     -1
     5     12      1543.1      1928.2   Coal      0     -1       19134345      593.47049  3.1015981e-05      16120.722      14.723     -1
     5     13      1928.2      2409.6   Coal      0     -1       29242355      816.64411  2.7926756e-05      17903.977      16.813     -1
     5     14      2409.6        3011   Coal      0     -1       44622577      1205.1628  2.7007916e-05      18513.091      19.718     -1
     5     15        3011      3762.6   Coal      0     -1       67520804       1733.295  2.5670532e-05      19477.586      27.874     -1
     5     16      3762.6      4701.8   Coal      0     -1  1.0170023e+08      2749.7703  2.7037994e-05      18492.496      29.774     -1
     5     17      4701.8      5875.5   Coal      0     -1  1.5111441e+08      4431.7998  2.9327447e-05      17048.876      34.203     -1
     5     18      5875.5      7342.1   Coal      0     -1  2.2361547e+08       5219.087  2.3339562e-05      21422.853      40.327     -1
     5     19      7342.1      9174.7   Coal      0     -1  3.3150551e+08      6207.9897  1.8726656e-05      26699.908      51.144     -1
     5     20      9174.7       11465   Coal      0     -1  4.9281052e+08      8075.2908  1.6386198e-05      30513.484      63.664     -1
     5     21       11465       14327   Coal      0     -1  7.2595458e+08       11407.45  1.5713724e-05      31819.319      75.567     -1
     5     22       14327       17903   Coal      0     -1  1.0427257e+09      17959.105   1.722323e-05      29030.559      72.675     -1
     5     23       17903       22372   Coal      0     -1  1.4359787e+09       29564.39   2.058832e-05      24285.614      100.38     -1
     5     24       22372       27956   Coal      0     -1  1.8486565e+09       44198.21  2.3908288e-05       20913.25      98.849     -1
     5     25       27956       34934   Coal      0     -1   2.199121e+09       61724.25  2.8067692e-05      17814.076      109.87     -1
     5     26       34934       43654   Coal      0     -1  2.3925199e+09       74133.43  3.0985502e-05      16136.579      117.43     -1
     5     27       43654       54551   Coal      0     -1  2.3378539e+09       82285.46  3.5197006e-05      14205.754      113.78     -1
     5     28       54551       68167   Coal      0     -1  2.0460461e+09       75425.34  3.6863949e-05      13563.387      97.369     -1
     5     29       68167       85183   Coal      0     -1  1.6875008e+09       58629.15  3.4743183e-05      14391.313      81.828     -1
     5     30       85183  1.0645e+05   Coal      0     -1  1.5930442e+09       30319.67  1.9032536e-05      26270.803      73.698     -1
     5     31  1.0645e+05  1.3302e+05   Coal      0     -1  1.6199805e+09       30167.49  1.8622132e-05      26849.772       72.79     -1
     5     32  1.3302e+05       1e+99   Coal      0     -1   3.731554e+09       68682.45  1.8405857e-05      27165.266      54.449     -1
     5     -1           0       1e+99  Delay     -1     -1  2.5961247e+09              0              0              0           1     -1
     5     -1           0       1e+99   LogL     -1     -1              1      -16421294      -16421294              0           1     -1
     5     -1           0       1e+99 Recomb     -1     -1           4224  1.2672004e-05   3.000001e-09              0           1     -1
     5     -1           0       1e+99 Resamp     -1     -1  2.5961247e+09         748390  0.00028827198              0           1     -1
     4      0           0         133   Coal      0     -1      298129.25       30.47214  0.00010221117      4891.8332      1.5991     -1
     4      1         133       166.2   Coal      0     -1      159586.87      3.5739208   2.239483e-05      22326.582      2.2306     -1
     4      2       166.2      207.68   Coal      0     -1      250421.76      6.3292848    2.52745e-05      19782.785      2.7913     -1
     4      3      207.68      259.53   Coal      0     -1      390642.96      5.4150393  1.3861863e-05      36070.187      2.8952     -1
     4      4      259.53      324.31   Coal      0     -1      609802.97      9.2802714  1.5218475e-05      32854.802      3.0226     -1
     4      5      324.31      405.26   Coal      0     -1      951048.83      17.846087  1.8764638e-05      26645.865      4.1703     -1
     4      6      405.26      506.42   Coal      0     -1      1482942.4      57.260874  3.8613014e-05      12949.002        5.13     -1
     4      7      506.42      632.82   Coal      0     -1      2276975.6       135.9463  5.9704767e-05      8374.5407      6.8126     -1
     4      8      632.82      790.79   Coal      0     -1      3488506.1      213.50233  6.1201648e-05      8169.7146      7.1574     -1
     4      9      790.79      988.18   Coal      0     -1      5338257.5      252.08365  4.7222086e-05      10588.266       9.561     -1
     4     10      988.18      1234.8   Coal      0     -1      8157597.4      348.24692  4.2689888e-05      11712.376      12.316     -1
     4     11      1234.8      1543.1   Coal      0     -1       12487519      458.37404  3.6706576e-05      13621.538      12.641     -1
     4     12      1543.1      1928.2   Coal      0     -1       19113027      609.50039  3.1889265e-05      15679.257      14.373     -1
     4     13      1928.2      2409.6   Coal      0     -1       29232041      842.78396  2.8830829e-05      17342.547       15.97     -1
     4     14      2409.6        3011   Coal      0     -1       44527881      1252.9228  2.8137939e-05      17769.603      21.649     -1
     4     15        3011      3762.6   Coal      0     -1       67412980       1830.112  2.7147769e-05       18417.72      27.715     -1
     4     16      3762.6      4701.8   Coal      0     -1  1.0136025e+08       2872.317  2.8337707e-05      17644.335      28.136     -1
     4     17      4701.8      5875.5   Coal      0     -1    1.50252e+08      4578.8029  3.0474157e-05      16407.345       34.13     -1
     4     18      5875.5      7342.1   Coal      0     -1  2.2209507e+08      5315.7739  2.3934678e-05      20890.191      41.529     -1
     4     19      7342.1      9174.7   Coal      0     -1  3.2928327e+08      6232.6866  1.8928039e-05      26415.838      49.873     -1
     4     20      9174.7       11465   Coal      0     -1  4.9000516e+08        8012.78   1.635244e-05      30576.477      60.524     -1
     4     21       11465       14327   Coal      0     -1  7.2292278e+08       11238.77  1.5546294e-05      32162.006      76.573     -1
     4     22       14327       17903   Coal      0     -1  1.0411162e+09        17532.3  1.6839906e-05      29691.376      75.479     -1
     4     23       17903       22372   Coal      0     -1  1.4384732e+09       29081.35  2.0216817e-05      24731.885      100.56     -1
     4     24       22372       27956   Coal      0     -1  1.8592691e+09       43606.57  2.3453608e-05      21318.681      102.84     -1
     4     25       27956       34934   Coal      0     -1  2.2191381e+09       61419.07  2.7676993e-05      18065.546      112.12     -1
     4     26       34934       43654   Coal      0     -1  2.4159896e+09       74386.04  3.0789056e-05      16239.537      116.66     -1
     4     27       43654       54551   Coal      0     -1  2.3612564e+09       83139.55  3.5209878e-05       14200.56      115.09     -1
     4     28       54551       68167   Coal      0     -1  2.0588785e+09       76343.85  3.7080309e-05      13484.246      98.207     -1
     4     29       68167       85183   Coal      0     -1  1.6841491e+09       59232.13  3.5170359e-05      14216.517      81.394     -1
     4     30       85183  1.0645e+05   Coal      0     -1  1.5793204e+09        30531.1  1.9331797e-05      25864.125      73.134     -1
     4     31  1.0645e+05  1.3302e+05   Coal      0     -1  1.5969034e+09       30323.26  1.8988788e-05      26331.328      73.138     -1
     4     32  1.3302e+05       1e+99   Coal      0     -1  3.5727452e+09       67082.29  1.8776119e-05      26629.571      55.195     -1
     4     -1           0       1e+99  Delay     -1     -1  2.5961247e+09              0              0              0           1     -1
     4     -1           0       1e+99   LogL     -1     -1              1      -16421505      -16421505              0           1     -1
     4     -1           0       1e+99 Recomb     -1     -1           4224  1.2672004e-05   3.000001e-09              0           1     -1
     4     -1           0       1e+99 Resamp     -1     -1  2.5961247e+09         746115  0.00028739568              0           1     -1
     3      0           0         133   Coal      0     -1      305306.66      28.203028  9.2376067e-05      5412.6574      1.6732     -1
     3      1         133       166.2   Coal      0     -1      164277.15      2.4047015  1.4638077e-05      34157.493      2.2119     -1
     3      2       166.2      207.68   Coal      0     -1      253934.15      5.1620469   2.032829e-05      24596.265      2.9092     -1
     3      3      207.68      259.53   Coal      0     -1      395948.29      4.7638014  1.2031373e-05      41558.018      3.1976     -1
     3      4      259.53      324.31   Coal      0     -1       613257.7      11.535041  1.8809452e-05      26582.379      3.6883     -1
     3      5      324.31      405.26   Coal      0     -1      952500.05      16.555892  1.7381513e-05      28766.195      3.5481     -1
     3      6      405.26      506.42   Coal      0     -1      1473806.1      55.303396  3.7524202e-05      13324.734      5.3007     -1
     3      7      506.42      632.82   Coal      0     -1      2266899.5      116.95597  5.1592921e-05      9691.2519      6.9837     -1
     3      8      632.82      790.79   Coal      0     -1      3479091.2      200.72816  5.7695571e-05      8666.1765      7.2252     -1
     3      9      790.79      988.18   Coal      0     -1        5331163      254.80174  4.7794775e-05      10461.395        8.53     -1
     3     10      988.18      1234.8   Coal      0     -1      8172026.7         349.38  4.2753165e-05      11695.041      12.476     -1
     3     11      1234.8      1543.1   Coal      0     -1       12506784      460.83016  3.6846417e-05       13569.84      14.119     -1
     3     12      1543.1      1928.2   Coal      0     -1       19144620      625.46116  3.2670335e-05      15304.404      14.379     -1
     3     13      1928.2      2409.6   Coal      0     -1       29238258      863.12485  2.9520392e-05      16937.444      17.531     -1
     3     14      2409.6        3011   Coal      0     -1       44484467      1319.9994  2.9673265e-05      16850.185      22.384     -1
     3     15        3011      3762.6   Coal      0     -1       67208195      1924.0118  2.8627637e-05       17465.64      27.955     -1
     3     16      3762.6      4701.8   Coal      0     -1   1.008238e+08      3016.4439  2.9917974e-05      16712.361      29.272     -1
     3     17      4701.8      5875.5   Coal      0     -1  1.4927489e+08      4758.4124  3.1876843e-05      15685.367       36.01     -1
     3     18      5875.5      7342.1   Coal      0     -1  2.2040168e+08      5422.6645  2.4603553e-05      20322.268       41.18     -1
     3     19      7342.1      9174.7   Coal      0     -1  3.2685149e+08      6257.7523  1.9145552e-05      26115.726      53.218     -1
     3     20      9174.7       11465   Coal      0     -1  4.8661402e+08      7929.5842  1.6295429e-05      30683.451      58.893     -1
     3     21       11465       14327   Coal      0     -1  7.1961746e+08       11021.32  1.5315526e-05       32646.61      81.291     -1
     3     22       14327       17903   Coal      0     -1  1.0394511e+09      17086.579  1.6438079e-05      30417.179      82.763     -1
     3     23       17903       22372   Coal      0     -1   1.440012e+09       28500.14  1.9791599e-05      25263.245      102.75     -1
     3     24       22372       27956   Coal      0     -1  1.8697328e+09        42922.9  2.2956703e-05      21780.131      107.87     -1
     3     25       27956       34934   Coal      0     -1  2.2401267e+09       61064.06  2.7259199e-05      18342.432      116.67     -1
     3     26       34934       43654   Coal      0     -1  2.4431998e+09        74652.1  3.0555054e-05      16363.905      121.38     -1
     3     27       43654       54551   Coal      0     -1  2.3829455e+09       83892.72  3.5205472e-05      14202.338      118.53     -1
     3     28       54551       68167   Coal      0     -1  2.0716418e+09       77310.84  3.7318632e-05      13398.133       103.3     -1
     3     29       68167       85183   Coal      0     -1  1.6793651e+09       59922.96  3.5681913e-05      14012.701      85.026     -1
     3     30       85183  1.0645e+05   Coal      0     -1  1.5601856e+09       30723.62  1.9692285e-05      25390.654      74.426     -1
     3     31  1.0645e+05  1.3302e+05   Coal      0     -1  1.5648786e+09       30357.16  1.9399051e-05      25774.457      76.443     -1
     3     32  1.3302e+05       1e+99   Coal      0     -1  3.4063622e+09       65428.13  1.9207625e-05      26031.328      55.549     -1
     3     -1           0       1e+99  Delay     -1     -1  2.5961247e+09              0              0              0           1     -1
     3     -1           0       1e+99   LogL     -1     -1              1      -16421826      -16421826              0           1     -1
     3     -1           0       1e+99 Recomb     -1     -1           4224  1.2672004e-05   3.000001e-09              0           1     -1
     3     -1           0       1e+99 Resamp     -1     -1  2.5961247e+09         742699  0.00028607987              0           1     -1
     2      0           0         133   Coal      0     -1      300454.95      27.102081  9.0203477e-05      5543.0236      1.6003     -1
     2      1         133       166.2   Coal      0     -1      164381.02      1.4461107  8.7973093e-06       56835.56      2.3405     -1
     2      2       166.2      207.68   Coal      0     -1      253809.04      3.5659487  1.4049731e-05       35587.87      2.5169     -1
     2      3      207.68      259.53   Coal      0     -1      392722.06      5.1990258  1.3238436e-05      37768.812      3.1957     -1
     2      4      259.53      324.31   Coal      0     -1      613369.99      8.3232493  1.3569704e-05      36846.787      3.6282     -1
     2      5      324.31      405.26   Coal      0     -1      956937.82       15.03885  1.5715598e-05      31815.525      4.0493     -1
     2      6      405.26      506.42   Coal      0     -1      1485340.6      46.170462   3.108409e-05      16085.399      5.4197     -1
     2      7      506.42      632.82   Coal      0     -1      2289155.7       98.94611  4.3223845e-05      11567.689      6.3242     -1
     2      8      632.82      790.79   Coal      0     -1      3509824.2      188.59486  5.3733419e-05      9305.1961      7.1673     -1
     2      9      790.79      988.18   Coal      0     -1      5382979.9       245.0674  4.5526344e-05      10982.652      7.7834     -1
     2     10      988.18      1234.8   Coal      0     -1      8233215.5      346.65776  4.2104784e-05      11875.135      10.816     -1
     2     11      1234.8      1543.1   Coal      0     -1       12564842       476.8027  3.7947371e-05      13176.143      13.589     -1
     2     12      1543.1      1928.2   Coal      0     -1       19201083      651.31945  3.3920974e-05      14740.143      14.583     -1
     2     13      1928.2      2409.6   Coal      0     -1       29252884      913.94852  3.1243023e-05      16003.573      16.989     -1
     2     14      2409.6        3011   Coal      0     -1       44445344      1406.9526  3.1655792e-05      15794.898      21.671     -1
     2     15        3011      3762.6   Coal      0     -1       66982695      2055.9204  3.0693306e-05      16290.197      26.291     -1
     2     16      3762.6      4701.8   Coal      0     -1  1.0027718e+08      3180.1816  3.1713911e-05      15765.952      31.173     -1
     2     17      4701.8      5875.5   Coal      0     -1  1.4801282e+08      4972.4237  3.3594547e-05      14883.368      33.771     -1
     2     18      5875.5      7342.1   Coal      0     -1  2.1812929e+08      5554.6791  2.5465076e-05      19634.734      41.856     -1
     2     19      7342.1      9174.7   Coal      0     -1  3.2344908e+08         6281.9  1.9421604e-05      25744.526      52.466     -1
     2     20      9174.7       11465   Coal      0     -1  4.8229737e+08      7821.7622  1.6217717e-05       30830.48      56.859     -1
     2     21       11465       14327   Coal      0     -1  7.1501598e+08      10771.145  1.5064202e-05       33191.27      75.185     -1
     2     22       14327       17903   Coal      0     -1   1.037061e+09       16643.39  1.6048613e-05      31155.341      87.239     -1
     2     23       17903       22372   Coal      0     -1  1.4411695e+09       27818.87  1.9302983e-05      25902.733      102.86     -1
     2     24       22372       27956   Coal      0     -1  1.8790598e+09       42154.33  2.2433735e-05      22287.862      105.88     -1
     2     25       27956       34934   Coal      0     -1   2.262209e+09       60602.48  2.6789072e-05      18664.327      115.24     -1
     2     26       34934       43654   Coal      0     -1  2.4756133e+09       74934.69  3.0269142e-05      16518.473      122.54     -1
     2     27       43654       54551   Coal      0     -1  2.4164502e+09       84979.73  3.5167177e-05      14217.803      119.31     -1
     2     28       54551       68167   Coal      0     -1  2.0856686e+09        78344.7  3.7563351e-05      13310.847      102.03     -1
     2     29       68167       85183   Coal      0     -1  1.6822241e+09       60931.65  3.6220888e-05      13804.189      84.874     -1
     2     30       85183  1.0645e+05   Coal      0     -1  1.5459801e+09       31055.15  2.0087678e-05      24890.881      74.854     -1
     2     31  1.0645e+05  1.3302e+05   Coal      0     -1  1.5287724e+09       30381.73  1.9873285e-05      25159.403      72.593     -1
     2     32  1.3302e+05       1e+99   Coal      0     -1  3.2323391e+09       63764.84   1.972715e-05      25345.779      57.855     -1
     2     -1           0       1e+99  Delay     -1     -1  2.5961247e+09              0              0              0           1     -1
     2     -1           0       1e+99   LogL     -1     -1              1      -16422182      -16422182              0           1     -1
     2     -1           0       1e+99 Recomb     -1     -1           4224  1.2672004e-05   3.000001e-09              0           1     -1
     2     -1           0       1e+99 Resamp     -1     -1  2.5961247e+09         738425  0.00028443357              0           1     -1
     1      0           0         133   Coal      0     -1      308873.97      15.811079  5.1189418e-05      9767.6437       1.464     -1
     1      1         133       166.2   Coal      0     -1      164583.57      1.1917361  7.2409177e-06      69052.021       2.443     -1
     1      2       166.2      207.68   Coal      0     -1      255342.87      4.6791281  1.8324882e-05      27285.305      3.1297     -1
     1      3      207.68      259.53   Coal      0     -1      396397.23      3.9778316  1.0034963e-05      49825.793      3.1787     -1
     1      4      259.53      324.31   Coal      0     -1      615265.54      9.7444711   1.583783e-05      31569.981      4.0714     -1
     1      5      324.31      405.26   Coal      0     -1      954777.87      13.303461  1.3933567e-05      35884.565      4.9146     -1
     1      6      405.26      506.42   Coal      0     -1        1477323      40.298753  2.7278227e-05      18329.637        5.41     -1
     1      7      506.42      632.82   Coal      0     -1      2275838.5      94.321311  4.1444641e-05      12064.286      5.7264     -1
     1      8      632.82      790.79   Coal      0     -1      3495096.3      171.89388  4.9181443e-05      10166.436      8.0934     -1
     1      9      790.79      988.18   Coal      0     -1      5366373.1      236.89469  4.4144282e-05      11326.495      8.9774     -1
     1     10      988.18      1234.8   Coal      0     -1      8234500.6      332.44238  4.0371894e-05      12384.854      9.8925     -1
     1     11      1234.8      1543.1   Coal      0     -1       12556756      502.11081  3.9987302e-05      12503.969      13.771     -1
     1     12      1543.1      1928.2   Coal      0     -1       19164540      674.56188  3.5198439e-05      14205.176      17.446     -1
     1     13      1928.2      2409.6   Coal      0     -1       29157487      970.22125  3.3275201e-05      15026.205      16.461     -1
     1     14      2409.6        3011   Coal      0     -1       44240529      1512.1979   3.418128e-05       14627.89      20.699     -1
     1     15        3011      3762.6   Coal      0     -1       66457994      2211.7998  3.3281169e-05      15023.511      27.802     -1
     1     16      3762.6      4701.8   Coal      0     -1       99204482      3391.1057  3.4182989e-05      14627.159      32.077     -1
     1     17      4701.8      5875.5   Coal      0     -1  1.4607246e+08      5197.2536  3.5579968e-05      14052.851      35.309     -1
     1     18      5875.5      7342.1   Coal      0     -1  2.1503246e+08        5682.27  2.6425173e-05      18921.352      39.976     -1
     1     19      7342.1      9174.7   Coal      0     -1  3.1917073e+08      6321.1764     1.9805e-05       25246.15      52.387     -1
     1     20      9174.7       11465   Coal      0     -1  4.7726376e+08      7679.3413  1.6090351e-05      31074.525      62.912     -1
     1     21       11465       14327   Coal      0     -1  7.0926411e+08      10456.766   1.474312e-05      33914.124      72.613     -1
     1     22       14327       17903   Coal      0     -1  1.0331459e+09       16123.52  1.5606237e-05      32038.473      87.384     -1
     1     23       17903       22372   Coal      0     -1   1.442483e+09       27055.14   1.875595e-05      26658.206      105.48     -1
     1     24       22372       27956   Coal      0     -1  1.8920776e+09        41303.6   2.182976e-05      22904.512      110.88     -1
     1     25       27956       34934   Coal      0     -1  2.2849366e+09       60009.28  2.6262995e-05      19038.194      112.69     -1
     1     26       34934       43654   Coal      0     -1   2.513786e+09       75232.97  2.9928152e-05      16706.678         124     -1
     1     27       43654       54551   Coal      0     -1  2.4461879e+09       85935.78   3.513049e-05      14232.651      120.01     -1
     1     28       54551       68167   Coal      0     -1   2.102327e+09       79521.92  3.7825667e-05      13218.538      103.45     -1
     1     29       68167       85183   Coal      0     -1  1.6802604e+09       61951.24  3.6870022e-05      13561.153      86.724     -1
     1     30       85183  1.0645e+05   Coal      0     -1  1.5231303e+09        31339.5  2.0575718e-05      24300.489      74.318     -1
     1     31  1.0645e+05  1.3302e+05   Coal      0     -1  1.4899681e+09       30442.91  2.0431921e-05      24471.512      72.499     -1
     1     32  1.3302e+05       1e+99   Coal      0     -1   3.033847e+09       61649.54  2.0320583e-05      24605.593      56.262     -1
     1     -1           0       1e+99  Delay     -1     -1  2.5961247e+09              0              0              0           1     -1
     1     -1           0       1e+99   LogL     -1     -1              1      -16422631      -16422631              0           1     -1
     1     -1           0       1e+99 Recomb     -1     -1           4224  1.2672004e-05   3.000001e-09              0           1     -1
     1     -1           0       1e+99 Resamp     -1     -1  2.5961247e+09         734684  0.00028299257              0           1     -1
     0      0           0         133   Coal      0     -1      309352.16      7.7032123  2.4901111e-05      20079.426      1.4012     -1
     0      1         133       166.2   Coal      0     -1      163451.75      1.3255352  8.1096422e-06      61655.001      2.4269     -1
     0      2       166.2      207.68   Coal      0     -1       253723.1      2.2315916   8.795382e-06      56848.014      2.6415     -1
     0      3      207.68      259.53   Coal      0     -1       393691.7      4.0846645  1.0375287e-05      48191.437       2.705     -1
     0      4      259.53      324.31   Coal      0     -1       611247.7      6.4006453  1.0471443e-05      47748.912      3.8991     -1
     0      5      324.31      405.26   Coal      0     -1         949261      14.096887  1.4850381e-05      33669.171      3.9757     -1
     0      6      405.26      506.42   Coal      0     -1      1469237.1      32.130669  2.1868947e-05       22863.47      6.4766     -1
     0      7      506.42      632.82   Coal      0     -1        2277480      76.242349  3.3476627e-05      14935.794      6.3125     -1
     0      8      632.82      790.79   Coal      0     -1      3508616.1      159.49806  4.5458965e-05      10998.931      6.9064     -1
     0      9      790.79      988.18   Coal      0     -1      5379423.9      227.88855  4.2363002e-05      11802.752      9.3709     -1
     0     10      988.18      1234.8   Coal      0     -1      8241711.3      326.88631  3.9662431e-05      12606.388      10.673     -1
     0     11      1234.8      1543.1   Coal      0     -1       12567403      497.55343  3.9590792e-05      12629.199      12.049     -1
     0     12      1543.1      1928.2   Coal      0     -1       19130402      724.69008  3.7881591e-05      13199.023      15.895     -1
     0     13      1928.2      2409.6   Coal      0     -1       29099264      1064.5559  3.6583602e-05      13667.326       16.64     -1
     0     14      2409.6        3011   Coal      0     -1       43941083      1623.9829  3.6958189e-05      13528.801      21.371     -1
     0     15        3011      3762.6   Coal      0     -1       65894734      2412.7348  3.6614988e-05       13655.61      26.756     -1
     0     16      3762.6      4701.8   Coal      0     -1       98017155      3660.6167  3.7346693e-05      13388.066      32.242     -1
     0     17      4701.8      5875.5   Coal      0     -1  1.4378513e+08      5461.7948  3.7985812e-05      13162.809      33.553     -1
     0     18      5875.5      7342.1   Coal      0     -1  2.1150026e+08      5845.9095    2.76402e-05      18089.594      42.255     -1
     0     19      7342.1      9174.7   Coal      0     -1  3.1427092e+08      6336.6523  2.0163024e-05      24797.867      53.089     -1
     0     20      9174.7       11465   Coal      0     -1  4.7112678e+08      7526.7885  1.5976143e-05      31296.666      60.286     -1
     0     21       11465       14327   Coal      0     -1  7.0257375e+08      10110.866  1.4391181e-05        34743.5      70.496     -1
     0     22       14327       17903   Coal      0     -1  1.0280743e+09       15540.25  1.5115883e-05      33077.791      84.667     -1
     0     23       17903       22372   Coal      0     -1     1.4426e+09       26188.29  1.8153535e-05      27542.845      97.739     -1
     0     24       22372       27956   Coal      0     -1  1.9091285e+09       40447.36  2.1186295e-05      23600.162       118.5     -1
     0     25       27956       34934   Coal      0     -1  2.3151667e+09       59340.91  2.5631377e-05       19507.34      115.76     -1
     0     26       34934       43654   Coal      0     -1  2.5498814e+09        75377.3    2.95611e-05       16914.12      122.11     -1
     0     27       43654       54551   Coal      0     -1  2.4876287e+09       87164.89  3.5039349e-05      14269.672      122.72     -1
     0     28       54551       68167   Coal      0     -1  2.1265368e+09       80996.73  3.8088562e-05        13127.3      104.67     -1
     0     29       68167       85183   Coal      0     -1  1.6780961e+09       63102.08  3.7603377e-05      13296.678      86.417     -1
     0     30       85183  1.0645e+05   Coal      0     -1  1.4999879e+09       31731.48  2.1154491e-05      23635.643      73.645     -1
     0     31  1.0645e+05  1.3302e+05   Coal      0     -1   1.445282e+09       30452.58  2.1070339e-05      23730.041      71.511     -1
     0     32  1.3302e+05       1e+99   Coal      0     -1  2.8254438e+09       59403.14  2.1024357e-05       23781.94      58.725     -1
     0     -1           0       1e+99  Delay     -1     -1  2.5961247e+09              0              0              0           1     -1
     0     -1           0       1e+99   LogL     -1     -1              1      -16423226      -16423226              0           1     -1
     0     -1           0       1e+99 Recomb     -1     -1           4224  1.2672004e-05   3.000001e-09              0           1     -1
     0     -1           0       1e+99 Resamp     -1     -1  2.5961247e+09         729655  0.00028105546              0           1     -1
