  Iter  Epoch       Start         End   Type   From     To            Opp          Count           Rate             Ne         ESS  Clump
    10      0           0         133   Coal      0     -1      303248.45      88.413864  0.00029155586      1714.9372      1.4551     -1
    10      1         133       166.2   Coal      0     -1      162820.09      3.7662676  2.3131468e-05      21615.576      2.5255     -1
    10      2       166.2      207.68   Coal      0     -1      253552.86      5.4218045   2.138333e-05        23382.7      2.8404     -1
    10      3      207.68      259.53   Coal      0     -1      395957.04      9.5046578  2.4004265e-05      20829.632      3.2484     -1
    10      4      259.53      324.31   Coal      0     -1      615009.74      8.4588055  1.3753938e-05      36353.226      4.0716     -1
    10      5      324.31      405.26   Coal      0     -1      960184.69      15.454086   1.609491e-05      31065.722      4.2399     -1
    10      6      405.26      506.42   Coal      0     -1      1490309.1      35.835335  2.4045572e-05      20793.849      4.9838     -1
    10      7      506.42      632.82   Coal      0     -1        2311727      99.999306  4.3257403e-05      11558.715      6.5516     -1
    10      8      632.82      790.79   Coal      0     -1      3529945.3       354.1238  0.00010031991      4984.0555      7.4067     -1
    10      9      790.79      988.18   Coal      0     -1      5304679.3      599.13866  0.00011294531      4426.9212      7.0873     -1
    10     10      988.18      1234.8   Coal      0     -1      7897448.9      823.28647  0.00010424714      4796.2946      9.9858     -1
    10     11      1234.8      1543.1   Coal      0     -1       11620294      1362.2669   0.0001172317      4265.0579      11.628     -1
    10     12      1543.1      1928.2   Coal      0     -1       16865311      1742.6846  0.00010332952       4838.888      14.648     -1
    10     13      1928.2      2409.6   Coal      0     -1       24518501      2121.5916  8.6530233e-05      5778.3272      15.947     -1
    10     14      2409.6        3011   Coal      0     -1       35613039      2613.1939  7.3377448e-05      6814.0828       19.16     -1
    10     15        3011      3762.6   Coal      0     -1       52118029      2940.0565  5.6411505e-05      8863.4402      22.109     -1
    10     16      3762.6      4701.8   Coal      0     -1       76527014      3575.3081  4.6719555e-05      10702.157      24.873     -1
    10     17      4701.8      5875.5   Coal      0     -1  1.1192473e+08      4802.9985  4.2912756e-05      11651.547       33.36     -1
    10     18      5875.5      7342.1   Coal      0     -1  1.6464935e+08      4886.8842  2.9680556e-05      16846.045      37.362     -1
    10     19      7342.1      9174.7   Coal      0     -1  2.4484162e+08      5313.1562   2.170038e-05      23041.072      47.652     -1
    10     20      9174.7       11465   Coal      0     -1  3.6619955e+08      6663.7961  1.8197172e-05      27476.798      55.427     -1
    10     21       11465       14327   Coal      0     -1  5.4271706e+08      9153.3484  1.6865783e-05      29645.821      64.223     -1
    10     22       14327       17903   Coal      0     -1  7.8403031e+08      14350.192  1.8303109e-05      27317.763      73.149     -1
    10     23       17903       22372   Coal      0     -1  1.0767172e+09       23967.22  2.2259532e-05      22462.287      80.804     -1
    10     24       22372       27956   Coal      0     -1  1.3909616e+09      34471.125  2.4782225e-05      20175.751      95.611     -1
    10     25       27956       34934   Coal      0     -1  1.6640073e+09      47164.684  2.8344038e-05      17640.394      104.72     -1
    10     26       34934       43654   Coal      0     -1  1.8099446e+09      56957.904  3.1469418e-05      15888.441      100.09     -1
    10     27       43654       54551   Coal      0     -1  1.8040868e+09      62118.046   3.443185e-05      14521.439      103.27     -1
    10     28       54551       68167   Coal      0     -1  1.5952011e+09      58205.353  3.6487784e-05      13703.216      86.379     -1
    10     29       68167       85183   Coal      0     -1  1.3347985e+09      45261.523  3.3908881e-05        14745.4      74.267     -1
    10     30       85183  1.0645e+05   Coal      0     -1  1.2580012e+09      23729.978  1.8863239e-05      26506.583      66.079     -1
    10     31  1.0645e+05  1.3302e+05   Coal      0     -1  1.2986904e+09       23425.43  1.8037733e-05       27719.67      67.077     -1
    10     32  1.3302e+05       1e+99   Coal      0     -1   3.068103e+09      54987.158  1.7922201e-05      27898.359      53.932     -1
    10     -1           0       1e+99  Delay     -1     -1  2.5933527e+09              0              0              0           1     -1
    10     -1           0       1e+99   LogL     -1     -1              1      -12921212      -12921212              0           1     -1
    10     -1           0       1e+99 Recomb     -1     -1           4290  1.2870004e-05   3.000001e-09              0           1     -1
    10     -1           0       1e+99 Resamp     -1     -1  2.5933527e+09         616291  0.00023764257              0           1     -1
     9      0           0         133   Coal      0     -1      309643.15      103.55852  0.00033444474      1495.0153      1.4375     -1
     9      1         133       166.2   Coal      0     -1      163070.28      5.3814404  3.3000743e-05      15151.174      2.4451     -1
     9      2       166.2      207.68   Coal      0     -1      255039.63      4.1572361  1.6300354e-05      30674.181       2.566     -1
     9      3      207.68      259.53   Coal      0     -1       396087.8      11.303618  2.8538164e-05      17520.399      3.3112     -1
     9      4      259.53      324.31   Coal      0     -1      617598.69      9.5461686  1.5456912e-05      32347.988      3.9098     -1
     9      5      324.31      405.26   Coal      0     -1      967519.83      16.433861  1.6985555e-05      29436.777       4.511     -1
     9      6      405.26      506.42   Coal      0     -1      1502380.6      38.424128  2.5575496e-05      19549.963      5.2228     -1
     9      7      506.42      632.82   Coal      0     -1      2328119.1      104.54165  4.4903909e-05      11134.888      6.7225     -1
     9      8      632.82      790.79   Coal      0     -1      3548686.8      352.29294  9.9274169e-05      5036.5569      7.7752     -1
     9      9      790.79      988.18   Coal      0     -1      5332979.7      593.04626  0.00011120355      4496.2595      7.3702     -1
     9     10      988.18      1234.8   Coal      0     -1      7926716.1       836.3269  0.00010550736      4739.0058      10.171     -1
     9     11      1234.8      1543.1   Coal      0     -1       11635271       1351.659  0.00011616911      4304.0703      11.126     -1
     9     12      1543.1      1928.2   Coal      0     -1       16864596      1717.0124  0.00010181165      4911.0293      15.453     -1
     9     13      1928.2      2409.6   Coal      0     -1       24523262      2085.3265  8.5034626e-05      5879.9576        16.5     -1
     9     14      2409.6        3011   Coal      0     -1       35701040      2591.8886  7.2599807e-05      6887.0707      19.197     -1
     9     15        3011      3762.6   Coal      0     -1       52143907      2947.4324  5.6524963e-05      8845.6494      23.387     -1
     9     16      3762.6      4701.8   Coal      0     -1       76561890      3605.8963  4.7097796e-05      10616.208      26.656     -1
     9     17      4701.8      5875.5   Coal      0     -1  1.1181932e+08      4850.1794  4.3375146e-05      11527.339      31.078     -1
     9     18      5875.5      7342.1   Coal      0     -1  1.6449463e+08      4938.0345  3.0019426e-05      16655.882      39.567     -1
     9     19      7342.1      9174.7   Coal      0     -1  2.4439667e+08      5358.0922  2.1923753e-05      22806.314      46.376     -1
     9     20      9174.7       11465   Coal      0     -1  3.6582529e+08      6665.2928   1.821988e-05      27442.552       56.91     -1
     9     21       11465       14327   Coal      0     -1  5.4210535e+08      9124.0833   1.683083e-05      29707.387      64.327     -1
     9     22       14327       17903   Coal      0     -1  7.8410092e+08      14255.337  1.8180488e-05      27502.012       73.92     -1
     9     23       17903       22372   Coal      0     -1  1.0778847e+09       23718.62  2.2004784e-05      22722.332      81.408     -1
     9     24       22372       27956   Coal      0     -1  1.3952548e+09      34291.958  2.4577559e-05      20343.762      99.292     -1
     9     25       27956       34934   Coal      0     -1  1.6721111e+09      47125.367  2.8183155e-05      17741.094      107.17     -1
     9     26       34934       43654   Coal      0     -1  1.8187792e+09      57021.776  3.1351677e-05       15948.11      101.23     -1
     9     27       43654       54551   Coal      0     -1  1.8110975e+09      62593.252   3.456095e-05      14467.195      104.39     -1
     9     28       54551       68167   Coal      0     -1  1.6004315e+09      58538.828  3.6576904e-05      13669.828      88.695     -1
     9     29       68167       85183   Coal      0     -1  1.3328205e+09      45435.301  3.4089586e-05      14667.236      75.432     -1
     9     30       85183  1.0645e+05   Coal      0     -1  1.2529465e+09      23738.667  1.8946273e-05      26390.415      67.024     -1
     9     31  1.0645e+05  1.3302e+05   Coal      0     -1  1.2853079e+09      23387.685  1.8196173e-05      27478.305      68.311     -1
     9     32  1.3302e+05       1e+99   Coal      0     -1  3.0010322e+09       54332.78  1.8104697e-05      27617.142      55.218     -1
     9     -1           0       1e+99  Delay     -1     -1  2.5933527e+09              0              0              0           1     -1
     9     -1           0       1e+99   LogL     -1     -1              1      -12921236      -12921236              0           1     -1
     9     -1           0       1e+99 Recomb     -1     -1           4290  1.2870004e-05   3.000001e-09              0           1     -1
     9     -1           0       1e+99 Resamp     -1     -1  2.5933527e+09         615913  0.00023749681              0           1     -1
     8      0           0         133   Coal      0     -1       297587.5      93.447053  0.00031401538      1592.2787      1.4482     -1
     8      1         133       166.2   Coal      0     -1      161095.16      4.3356903  2.6913846e-05      18577.798      2.3594     -1
     8      2       166.2      207.68   Coal      0     -1      250631.24      3.2698564  1.3046484e-05      38324.503      2.5213     -1
     8      3      207.68      259.53   Coal      0     -1      392474.01      9.5062187  2.4221269e-05      20643.014      3.6627     -1
     8      4      259.53      324.31   Coal      0     -1      612876.78      11.522915  1.8801357e-05      26593.825      3.7625     -1
     8      5      324.31      405.26   Coal      0     -1      953311.81      15.073116  1.5811317e-05      31622.918      5.2515     -1
     8      6      405.26      506.42   Coal      0     -1      1485900.8      41.391047  2.7855862e-05      17949.543      5.2956     -1
     8      7      506.42      632.82   Coal      0     -1      2309634.5      109.37767  4.7357136e-05      10558.071      6.1624     -1
     8      8      632.82      790.79   Coal      0     -1      3522732.2      346.26258  9.8293755e-05      5086.7932      7.8726     -1
     8      9      790.79      988.18   Coal      0     -1      5304744.1      601.62519  0.00011341267      4408.6786      7.2602     -1
     8     10      988.18      1234.8   Coal      0     -1      7880518.8      857.52443  0.00010881573      4594.9238       10.04     -1
     8     11      1234.8      1543.1   Coal      0     -1       11612672      1315.1408  0.00011325049      4414.9919      12.099     -1
     8     12      1543.1      1928.2   Coal      0     -1       16924799      1680.4276  9.9287892e-05      5035.8608      14.906     -1
     8     13      1928.2      2409.6   Coal      0     -1       24647079      2048.9298  8.3130733e-05      6014.6227      16.615     -1
     8     14      2409.6        3011   Coal      0     -1       35920122      2575.5506  7.1702168e-05      6973.2899       17.77     -1
     8     15        3011      3762.6   Coal      0     -1       52391478      2963.3446  5.6561576e-05      8839.9234      23.716     -1
     8     16      3762.6      4701.8   Coal      0     -1       76833593       3650.547  4.7512382e-05      10523.573      27.595     -1
     8     17      4701.8      5875.5   Coal      0     -1   1.120826e+08      4922.2782  4.3916522e-05      11385.237      29.684     -1
     8     18      5875.5      7342.1   Coal      0     -1  1.6435889e+08      4989.1667  3.0355321e-05      16471.577      40.295     -1
     8     19      7342.1      9174.7   Coal      0     -1  2.4433981e+08      5408.4898  2.2135115e-05      22588.543      46.163     -1
     8     20      9174.7       11465   Coal      0     -1  3.6535317e+08      6674.1662  1.8267711e-05      27370.698      56.604     -1
     8     21       11465       14327   Coal      0     -1  5.4140087e+08      9076.5034  1.6764848e-05      29824.308      66.057     -1
     8     22       14327       17903   Coal      0     -1  7.8329804e+08      14119.452  1.8025645e-05      27738.259      74.481     -1
     8     23       17903       22372   Coal      0     -1   1.079243e+09      23476.711  2.1752943e-05      22985.396      83.415     -1
     8     24       22372       27956   Coal      0     -1  1.3987627e+09      34082.933  2.4366488e-05      20519.987      98.284     -1
     8     25       27956       34934   Coal      0     -1  1.6791101e+09      47068.631  2.8031891e-05      17836.827      107.73     -1
     8     26       34934       43654   Coal      0     -1  1.8281638e+09      57127.066  3.1248331e-05      16000.855      102.66     -1
     8     27       43654       54551   Coal      0     -1  1.8171695e+09      62999.569  3.4669065e-05      14422.079      106.52     -1
     8     28       54551       68167   Coal      0     -1  1.5967362e+09      58605.633   3.670339e-05       13622.72      88.048     -1
     8     29       68167       85183   Coal      0     -1  1.3296941e+09      45633.873  3.4319076e-05      14569.157      75.706     -1
     8     30       85183  1.0645e+05   Coal      0     -1  1.2477064e+09      23753.173  1.9037469e-05      26263.995      66.912     -1
     8     31  1.0645e+05  1.3302e+05   Coal      0     -1  1.2755264e+09      23407.728  1.8351425e-05      27245.841      66.648     -1
     8     32  1.3302e+05       1e+99   Coal      0     -1  2.9449847e+09      53858.183  1.8288103e-05      27340.179      56.061     -1
     8     -1           0       1e+99  Delay     -1     -1  2.5933527e+09              0              0              0           1     -1
     8     -1           0       1e+99   LogL     -1     -1              1      -12921253      -12921253              0           1     -1
     8     -1           0       1e+99 Recomb     -1     -1           4290  1.2870004e-05   3.000001e-09              0           1     -1
     8     -1           0       1e+99 Resamp     -1     -1  2.5933527e+09         615050  0.00023716404              0           1     -1
     7      0           0         133   Coal      0     -1      305459.44      91.044784   0.0002980585       1677.523      1.4386     -1
     7      1         133       166.2   Coal      0     -1      161990.23      4.1489629  2.5612427e-05      19521.774      2.5004     -1
     7      2       166.2      207.68   Coal      0     -1      256624.25      3.9150787  1.5256075e-05       32773.83      2.8761     -1
     7      3      207.68      259.53   Coal      0     -1      399889.09      6.3294788  1.5828086e-05      31589.417      3.0177     -1
     7      4      259.53      324.31   Coal      0     -1      616013.87      15.726494  2.5529448e-05      19585.226      3.5284     -1
     7      5      324.31      405.26   Coal      0     -1      962335.92       16.86258  1.7522551e-05      28534.658      4.1914     -1
     7      6      405.26      506.42   Coal      0     -1      1498878.1      43.409238  2.8961154e-05      17264.506      5.1155     -1
     7      7      506.42      632.82   Coal      0     -1      2316231.8      113.44744  4.8979314e-05      10208.391      6.6271     -1
     7      8      632.82      790.79   Coal      0     -1      3543739.9      350.67885  9.8957278e-05      5052.6855      7.5021     -1
     7      9      790.79      988.18   Coal      0     -1      5327649.9      598.32379  0.00011230539      4452.1461      7.5615     -1
     7     10      988.18      1234.8   Coal      0     -1      7927833.4      854.36875  0.00010776825      4639.5853      9.5379     -1
     7     11      1234.8      1543.1   Coal      0     -1       11660894      1270.1662  0.00010892528      4590.3027      11.667     -1
     7     12      1543.1      1928.2   Coal      0     -1       17046581      1652.5699  9.6944357e-05      5157.5978      14.365     -1
     7     13      1928.2      2409.6   Coal      0     -1       24799737      2009.8224  8.1042087e-05      6169.6338        17.6     -1
     7     14      2409.6        3011   Coal      0     -1       36156012      2564.6697  7.0933423e-05      7048.8633       17.49     -1
     7     15        3011      3762.6   Coal      0     -1       52653119      2972.5058  5.6454506e-05      8856.6889      23.338     -1
     7     16      3762.6      4701.8   Coal      0     -1       77114929      3714.7599  4.8171735e-05      10379.531      27.442     -1
     7     17      4701.8      5875.5   Coal      0     -1  1.1221112e+08      4980.0897  4.4381426e-05      11265.974      28.948     -1
     7     18      5875.5      7342.1   Coal      0     -1  1.6449874e+08      5074.1501  3.0846134e-05      16209.487      38.927     -1
     7     19      7342.1      9174.7   Coal      0     -1  2.4372707e+08      5453.5825  2.2375777e-05      22345.593      45.783     -1
     7     20      9174.7       11465   Coal      0     -1  3.6426086e+08      6665.9184  1.8299848e-05      27322.631      55.371     -1
     7     21       11465       14327   Coal      0     -1  5.4061761e+08      9010.0247   1.666617e-05      30000.895      66.202     -1
     7     22       14327       17903   Coal      0     -1  7.8353657e+08      13977.409  1.7838872e-05      28028.678      76.995     -1
     7     23       17903       22372   Coal      0     -1  1.0805514e+09      23192.812  2.1463868e-05      23294.963      82.209     -1
     7     24       22372       27956   Coal      0     -1  1.4045384e+09      33893.096  2.4131129e-05      20720.125       99.55     -1
     7     25       27956       34934   Coal      0     -1  1.6877493e+09      46995.723  2.7845205e-05      17956.413      106.43     -1
     7     26       34934       43654   Coal      0     -1  1.8403738e+09       57243.12  3.1104073e-05      16075.065      101.93     -1
     7     27       43654       54551   Coal      0     -1   1.828889e+09      63531.829  3.4737937e-05      14393.486      105.86     -1
     7     28       54551       68167   Coal      0     -1  1.6020918e+09      58984.684  3.6817294e-05      13580.574      87.144     -1
     7     29       68167       85183   Coal      0     -1  1.3291399e+09       45962.28  3.4580467e-05       14459.03      74.725     -1
     7     30       85183  1.0645e+05   Coal      0     -1  1.2406527e+09      23772.124  1.9160983e-05      26094.695      66.099     -1
     7     31  1.0645e+05  1.3302e+05   Coal      0     -1  1.2638034e+09      23438.067  1.8545659e-05      26960.487        66.9     -1
     7     32  1.3302e+05       1e+99   Coal      0     -1  2.8775984e+09      53222.574  1.8495484e-05      27033.627      53.431     -1
     7     -1           0       1e+99  Delay     -1     -1  2.5933527e+09              0              0              0           1     -1
     7     -1           0       1e+99   LogL     -1     -1              1      -12921197      -12921197              0           1     -1
     7     -1           0       1e+99 Recomb     -1     -1           4290  1.2870004e-05   3.000001e-09              0           1     -1
     7     -1           0       1e+99 Resamp     -1     -1  2.5933527e+09         614612  0.00023699514              0           1     -1
     6      0           0         133   Coal      0     -1      316056.96       87.41793  0.00027658916      1807.7353      1.4227     -1
     6      1         133       166.2   Coal      0     -1      162934.12      5.7602666  3.5353348e-05      14142.932      2.4607     -1
     6      2       166.2      207.68   Coal      0     -1      255754.12      3.2508129  1.2710696e-05      39336.949      2.7431     -1
     6      3      207.68      259.53   Coal      0     -1      400850.12       8.085165  2.0170045e-05      24789.236      3.2762     -1
     6      4      259.53      324.31   Coal      0     -1      625439.48      17.523044   2.801717e-05      17846.199       3.847     -1
     6      5      324.31      405.26   Coal      0     -1      974775.36        17.9804  1.8445686e-05       27106.61      4.1754     -1
     6      6      405.26      506.42   Coal      0     -1      1511543.9      44.528342  2.9458847e-05       16972.83      4.5703     -1
     6      7      506.42      632.82   Coal      0     -1      2332945.1       115.8493  4.9657961e-05      10068.879      6.1344     -1
     6      8      632.82      790.79   Coal      0     -1      3543795.2      353.33755  9.9705974e-05      5014.7447      7.6105     -1
     6      9      790.79      988.18   Coal      0     -1      5304515.7      587.44461  0.00011074425      4514.9072      7.9177     -1
     6     10      988.18      1234.8   Coal      0     -1      7911344.5      839.58464  0.00010612414      4711.4633      9.8549     -1
     6     11      1234.8      1543.1   Coal      0     -1       11661967      1225.0036  0.00010504262      4759.9726      11.214     -1
     6     12      1543.1      1928.2   Coal      0     -1       17032946      1600.4609  9.3962655e-05       5321.263      14.269     -1
     6     13      1928.2      2409.6   Coal      0     -1       24877461      1976.7296  7.9458656e-05      6292.5807      17.571     -1
     6     14      2409.6        3011   Coal      0     -1       36336792        2517.42  6.9280192e-05        7217.07      19.834     -1
     6     15        3011      3762.6   Coal      0     -1       53032795      2984.7602  5.6281405e-05      8883.9289      22.699     -1
     6     16      3762.6      4701.8   Coal      0     -1       77435179      3771.6485  4.8707171e-05      10265.429       28.14     -1
     6     17      4701.8      5875.5   Coal      0     -1  1.1240532e+08      5060.2554  4.5017935e-05      11106.684      29.318     -1
     6     18      5875.5      7342.1   Coal      0     -1   1.643273e+08      5132.6618  3.1234383e-05          16008       39.72     -1
     6     19      7342.1      9174.7   Coal      0     -1  2.4355928e+08      5496.7981  2.2568625e-05      22154.651      42.719     -1
     6     20      9174.7       11465   Coal      0     -1  3.6395963e+08       6653.779   1.828164e-05      27349.843      56.768     -1
     6     21       11465       14327   Coal      0     -1  5.4049984e+08      8927.1481  1.6516467e-05      30272.817      67.055     -1
     6     22       14327       17903   Coal      0     -1  7.8386843e+08      13826.473  1.7638768e-05      28346.651      75.968     -1
     6     23       17903       22372   Coal      0     -1  1.0830991e+09      22890.725  2.1134468e-05      23658.035      82.139     -1
     6     24       22372       27956   Coal      0     -1  1.4112481e+09      33671.029  2.3859043e-05      20956.415      99.717     -1
     6     25       27956       34934   Coal      0     -1   1.701982e+09      47042.207  2.7639661e-05      18089.947      110.45     -1
     6     26       34934       43654   Coal      0     -1  1.8526975e+09      57366.178  3.0963597e-05      16147.995      101.53     -1
     6     27       43654       54551   Coal      0     -1  1.8365279e+09      64011.275  3.4854507e-05      14345.347      104.71     -1
     6     28       54551       68167   Coal      0     -1  1.6083586e+09      59424.765  3.6947461e-05       13532.73      88.363     -1
     6     29       68167       85183   Coal      0     -1  1.3249736e+09      46220.586  3.4884155e-05      14333.155      76.152     -1
     6     30       85183  1.0645e+05   Coal      0     -1  1.2334913e+09      23827.158  1.9316844e-05      25884.145      66.342     -1
     6     31  1.0645e+05  1.3302e+05   Coal      0     -1  1.2585416e+09      23632.935  1.8778033e-05      26626.858      68.258     -1
     6     32  1.3302e+05       1e+99   Coal      0     -1  2.7868808e+09      52263.214  1.8753301e-05      26661.973       54.32     -1
     6     -1           0       1e+99  Delay     -1     -1  2.5933527e+09              0              0              0           1     -1
     6     -1           0       1e+99   LogL     -1     -1              1      -12921485      -12921485              0           1     -1
     6     -1           0       1e+99 Recomb     -1     -1           4290  1.2870004e-05   3.000001e-09              0           1     -1
     6     -1           0       1e+99 Resamp     -1     -1  2.5933527e+09         613895  0.00023671867              0           1     -1
     5      0           0         133   Coal      0     -1      305194.64      79.248898  0.00025966674       1925.545      1.4778     -1
     5      1         133       166.2   Coal      0     -1      163315.53      8.7315903  5.3464543e-05      9351.9923      2.3201     -1
     5      2       166.2      207.68   Coal      0     -1      254485.98      2.2195605  8.7217399e-06      57328.011       2.752     -1
     5      3      207.68      259.53   Coal      0     -1      397349.77      10.405287   2.618672e-05      19093.648      3.3327     -1
     5      4      259.53      324.31   Coal      0     -1      619431.12      20.562352  3.3195543e-05      15062.263      3.7623     -1
     5      5      324.31      405.26   Coal      0     -1      962119.36      17.609626  1.8302953e-05      27317.996      4.1079     -1
     5      6      405.26      506.42   Coal      0     -1      1498293.5      45.680708  3.0488491e-05      16399.631      4.5918     -1
     5      7      506.42      632.82   Coal      0     -1      2317644.8      105.29764  4.5433038e-05      11005.207      6.0914     -1
     5      8      632.82      790.79   Coal      0     -1      3542210.1      343.23725  9.6899178e-05      5160.0025      7.6285     -1
     5      9      790.79      988.18   Coal      0     -1      5326568.4      561.27821  0.00010537332      4745.0341      7.7205     -1
     5     10      988.18      1234.8   Coal      0     -1      7919246.5       812.8125  0.00010263761      4871.5088      9.9076     -1
     5     11      1234.8      1543.1   Coal      0     -1       11695574      1178.7641   0.0001007872      4960.9476      11.223     -1
     5     12      1543.1      1928.2   Coal      0     -1       17161120      1553.3454  9.0515387e-05      5523.9227      14.779     -1
     5     13      1928.2      2409.6   Coal      0     -1       25045618      1928.3389  7.6993066e-05      6494.0913      18.745     -1
     5     14      2409.6        3011   Coal      0     -1       36612147      2473.7138  6.7565385e-05      7400.2391      18.532     -1
     5     15        3011      3762.6   Coal      0     -1       53423168      2972.4675  5.5640045e-05      8986.3335      22.716     -1
     5     16      3762.6      4701.8   Coal      0     -1       77906123      3824.2696  4.9088178e-05      10185.752      27.247     -1
     5     17      4701.8      5875.5   Coal      0     -1   1.129259e+08       5158.882   4.568378e-05      10944.804      30.306     -1
     5     18      5875.5      7342.1   Coal      0     -1  1.6481983e+08      5214.6037  3.1638206e-05      15803.677      39.391     -1
     5     19      7342.1      9174.7   Coal      0     -1  2.4384561e+08      5528.2745  2.2671208e-05      22054.405      44.245     -1
     5     20      9174.7       11465   Coal      0     -1  3.6449605e+08      6661.5089  1.8275943e-05       27358.37      57.233     -1
     5     21       11465       14327   Coal      0     -1    5.40841e+08      8852.2242  1.6367517e-05      30548.311      62.987     -1
     5     22       14327       17903   Coal      0     -1  7.8519817e+08      13652.544  1.7387386e-05      28756.479       73.82     -1
     5     23       17903       22372   Coal      0     -1   1.088028e+09      22604.167  2.0775354e-05      24066.978      82.168     -1
     5     24       22372       27956   Coal      0     -1  1.4205115e+09      33483.149  2.3571192e-05      21212.334      99.026     -1
     5     25       27956       34934   Coal      0     -1  1.7132435e+09      47024.314  2.7447537e-05      18216.571       108.3     -1
     5     26       34934       43654   Coal      0     -1  1.8679744e+09       57508.08  3.0786333e-05      16240.973      101.97     -1
     5     27       43654       54551   Coal      0     -1  1.8503987e+09       64631.54   3.492844e-05      14314.982      105.62     -1
     5     28       54551       68167   Coal      0     -1  1.6129167e+09      59885.226  3.7128529e-05      13466.733        88.8     -1
     5     29       68167       85183   Coal      0     -1  1.3214254e+09      46564.706  3.5238242e-05       14189.13      75.958     -1
     5     30       85183  1.0645e+05   Coal      0     -1  1.2288468e+09      23984.507  1.9517898e-05      25617.513       67.69     -1
     5     31  1.0645e+05  1.3302e+05   Coal      0     -1  1.2435849e+09      23701.423   1.905895e-05      26234.393        68.9     -1
     5     32  1.3302e+05       1e+99   Coal      0     -1  2.7053853e+09       51433.27   1.901144e-05      26299.954      56.383     -1
     5     -1           0       1e+99  Delay     -1     -1  2.5933527e+09              0              0              0           1     -1
     5     -1           0       1e+99   LogL     -1     -1              1      -12921609      -12921609              0           1     -1
     5     -1           0       1e+99 Recomb     -1     -1           4290  1.2870004e-05   3.000001e-09              0           1     -1
     5     -1           0       1e+99 Resamp     -1     -1  2.5933527e+09         613174  0.00023644065              0           1     -1
     4      0           0         133   Coal      0     -1      309652.31       79.70284  0.00025739463      1942.5425      1.4842     -1
     4      1         133       166.2   Coal      0     -1      166244.97      11.622746  6.9913372e-05      7151.7076      2.2364     -1
     4      2       166.2      207.68   Coal      0     -1      257056.81      1.7278237  6.7215635e-06      74387.455      2.6828     -1
     4      3      207.68      259.53   Coal      0     -1      398956.42      7.7645027  1.9462032e-05      25691.048      3.0989     -1
     4      4      259.53      324.31   Coal      0     -1      618125.91      20.921258  3.3846272e-05      14772.676      3.4422     -1
     4      5      324.31      405.26   Coal      0     -1      959807.71      18.922257  1.9714633e-05      25361.872       4.812     -1
     4      6      405.26      506.42   Coal      0     -1      1499133.2      49.700762     3.3153e-05      15081.591      5.2965     -1
     4      7      506.42      632.82   Coal      0     -1      2315488.2      112.06078   4.839618e-05      10331.394      5.5753     -1
     4      8      632.82      790.79   Coal      0     -1      3527527.1       343.2673  9.7311031e-05      5138.1636      7.5775     -1
     4      9      790.79      988.18   Coal      0     -1      5313655.1      545.41355  0.00010264376      4871.2167      9.1592     -1
     4     10      988.18      1234.8   Coal      0     -1      7936312.4      781.77796  9.8506449e-05      5075.8098      9.9508     -1
     4     11      1234.8      1543.1   Coal      0     -1       11782470      1128.5234  9.5779869e-05      5220.3037      10.253     -1
     4     12      1543.1      1928.2   Coal      0     -1       17275274       1493.846  8.6473069e-05       5782.147      14.715     -1
     4     13      1928.2      2409.6   Coal      0     -1       25281121      1889.1518  7.4725793e-05      6691.1301      16.431     -1
     4     14      2409.6        3011   Coal      0     -1       36966233      2412.6758  6.5267017e-05      7660.8373      19.616     -1
     4     15        3011      3762.6   Coal      0     -1       53975641      2978.1313  5.5175469e-05      9061.9982      21.309     -1
     4     16      3762.6      4701.8   Coal      0     -1       78603816       3866.403  4.9188489e-05       10164.98      26.803     -1
     4     17      4701.8      5875.5   Coal      0     -1  1.1358394e+08      5232.6014  4.6068143e-05      10853.487       29.57     -1
     4     18      5875.5      7342.1   Coal      0     -1   1.655169e+08      5271.3472  3.1847789e-05      15699.677      37.477     -1
     4     19      7342.1      9174.7   Coal      0     -1  2.4433231e+08      5557.6905  2.2746441e-05       21981.46      46.241     -1
     4     20      9174.7       11465   Coal      0     -1  3.6495961e+08      6642.2497  1.8199958e-05       27472.59      56.446     -1
     4     21       11465       14327   Coal      0     -1  5.4202524e+08      8771.4763  1.6182782e-05      30897.036      67.517     -1
     4     22       14327       17903   Coal      0     -1   7.866236e+08      13438.574  1.7083869e-05      29267.375      73.755     -1
     4     23       17903       22372   Coal      0     -1  1.0926041e+09      22272.754  2.0385019e-05      24527.816      84.205     -1
     4     24       22372       27956   Coal      0     -1  1.4313377e+09      33239.111   2.322241e-05      21530.926      102.37     -1
     4     25       27956       34934   Coal      0     -1  1.7246375e+09      46908.912  2.7199289e-05      18382.834       107.6     -1
     4     26       34934       43654   Coal      0     -1  1.8890763e+09      57787.706  3.0590457e-05      16344.967      106.96     -1
     4     27       43654       54551   Coal      0     -1  1.8633576e+09      65266.703  3.5026397e-05      14274.948       107.9     -1
     4     28       54551       68167   Coal      0     -1  1.6188115e+09       60438.17  3.7334903e-05      13392.294       91.93     -1
     4     29       68167       85183   Coal      0     -1  1.3153688e+09      46900.506  3.5655783e-05      14022.971      78.133     -1
     4     30       85183  1.0645e+05   Coal      0     -1   1.213199e+09      24025.822  1.9803695e-05      25247.814      70.606     -1
     4     31  1.0645e+05  1.3302e+05   Coal      0     -1   1.215783e+09      23581.717  1.9396321e-05      25778.084       70.91     -1
     4     32  1.3302e+05       1e+99   Coal      0     -1  2.6007379e+09      50264.901  1.9327169e-05      25870.318      54.711     -1
     4     -1           0       1e+99  Delay     -1     -1  2.5933527e+09              0              0              0           1     -1
     4     -1           0       1e+99   LogL     -1     -1              1      -12921917      -12921917              0           1     -1
     4     -1           0       1e+99 Recomb     -1     -1           4290  1.2870004e-05   3.000001e-09              0           1     -1
     4     -1           0       1e+99 Resamp     -1     -1  2.5933527e+09         612294  0.00023610132              0           1     -1
     3      0           0         133   Coal      0     -1      306234.57      64.491296  0.00021059443      2374.2318        1.47     -1
     3      1         133       166.2   Coal      0     -1      165268.73      8.3327582  5.0419448e-05      9916.8083       2.576     -1
     3      2       166.2      207.68   Coal      0     -1      257990.15      2.2247936  8.6235602e-06      57980.694       2.805     -1
     3      3      207.68      259.53   Coal      0     -1      400923.79      7.5762404  1.8896959e-05      26459.284      3.2975     -1
     3      4      259.53      324.31   Coal      0     -1      622601.71       21.82499  3.5054497e-05      14263.505      3.7231     -1
     3      5      324.31      405.26   Coal      0     -1      967454.31      20.760516  2.1458911e-05      23300.343      4.4821     -1
     3      6      405.26      506.42   Coal      0     -1      1505419.6      51.946634  3.4506416e-05      14490.059      4.9328     -1
     3      7      506.42      632.82   Coal      0     -1      2327146.4      113.39016  4.8724981e-05      10261.677      6.0202     -1
     3      8      632.82      790.79   Coal      0     -1      3553320.5      319.85888  9.0016895e-05      5554.5129      7.1104     -1
     3      9      790.79      988.18   Coal      0     -1      5341790.6      510.48053  9.5563561e-05      5232.1198      8.7319     -1
     3     10      988.18      1234.8   Coal      0     -1      8008327.9      733.53883  9.1597002e-05      5458.6939      8.8508     -1
     3     11      1234.8      1543.1   Coal      0     -1       11849078      1063.4936  8.9753286e-05      5570.8267      10.702     -1
     3     12      1543.1      1928.2   Coal      0     -1       17450928      1417.1685  8.1208776e-05        6156.97      14.161     -1
     3     13      1928.2      2409.6   Coal      0     -1       25637351      1815.7197  7.0823216e-05      7059.8319      15.962     -1
     3     14      2409.6        3011   Coal      0     -1       37504383       2366.475  6.3098626e-05      7924.1029       18.02     -1
     3     15        3011      3762.6   Coal      0     -1       54748404      2969.1194  5.4232073e-05      9219.6365      21.578     -1
     3     16      3762.6      4701.8   Coal      0     -1       79556630      3896.0086  4.8971514e-05      10210.017      25.778     -1
     3     17      4701.8      5875.5   Coal      0     -1  1.1469813e+08      5327.3591  4.6446784e-05      10765.008       29.83     -1
     3     18      5875.5      7342.1   Coal      0     -1  1.6634521e+08      5332.1847  3.2054933e-05      15598.223      35.334     -1
     3     19      7342.1      9174.7   Coal      0     -1  2.4523715e+08      5582.1062  2.2762074e-05      21966.364      45.364     -1
     3     20      9174.7       11465   Coal      0     -1  3.6554361e+08      6589.6316  1.8026937e-05      27736.271      51.608     -1
     3     21       11465       14327   Coal      0     -1  5.4389601e+08      8663.2926  1.5928215e-05      31390.837      70.364     -1
     3     22       14327       17903   Coal      0     -1   7.894808e+08      13224.093  1.6750367e-05      29850.093      73.089     -1
     3     23       17903       22372   Coal      0     -1  1.0993784e+09      21947.647  1.9963688e-05      25045.473      84.238     -1
     3     24       22372       27956   Coal      0     -1  1.4419266e+09      32965.113  2.2861852e-05      21870.494      99.567     -1
     3     25       27956       34934   Coal      0     -1  1.7431619e+09      46855.768  2.6879757e-05      18601.359      105.93     -1
     3     26       34934       43654   Coal      0     -1  1.9077512e+09      57997.389  3.0400919e-05      16446.871      102.95     -1
     3     27       43654       54551   Coal      0     -1  1.8789637e+09      65938.297  3.5092907e-05      14247.893      104.92     -1
     3     28       54551       68167   Coal      0     -1  1.6232859e+09      60912.646  3.7524288e-05      13324.703      88.559     -1
     3     29       68167       85183   Coal      0     -1  1.3144839e+09      47417.099  3.6072789e-05      13860.863      74.639     -1
     3     30       85183  1.0645e+05   Coal      0     -1  1.2056224e+09      24197.378  2.0070445e-05      24912.253      65.722     -1
     3     31  1.0645e+05  1.3302e+05   Coal      0     -1  1.1931326e+09      23579.327  1.9762537e-05      25300.396      65.297     -1
     3     32  1.3302e+05       1e+99   Coal      0     -1  2.5040002e+09      49303.334  1.9689829e-05      25393.822       53.02     -1
     3     -1           0       1e+99  Delay     -1     -1  2.5933527e+09              0              0              0           1     -1
     3     -1           0       1e+99   LogL     -1     -1              1      -12922025      -12922025              0           1     -1
     3     -1           0       1e+99 Recomb     -1     -1           4290  1.2870004e-05   3.000001e-09              0           1     -1
     3     -1           0       1e+99 Resamp     -1     -1  2.5933527e+09         612041  0.00023600376              0           1     -1
     2      0           0         133   Coal      0     -1      307791.98      57.460169  0.00018668508      2678.3073      1.5352     -1
     2      1         133       166.2   Coal      0     -1      167012.15       7.996697  4.7880929e-05      10442.571      2.0761     -1
     2      2       166.2      207.68   Coal      0     -1      258877.46      3.2742379  1.2647829e-05      39532.476       2.576     -1
     2      3      207.68      259.53   Coal      0     -1      405256.14      10.331077  2.5492709e-05      19613.451      3.1872     -1
     2      4      259.53      324.31   Coal      0     -1      624809.25          20.06  3.2105799e-05      15573.511       3.724     -1
     2      5      324.31      405.26   Coal      0     -1      969886.35      23.065722  2.3781881e-05      21024.409      3.9682     -1
     2      6      405.26      506.42   Coal      0     -1      1508523.9      49.192745  3.2609854e-05      15332.789      5.0634     -1
     2      7      506.42      632.82   Coal      0     -1      2338500.5      111.31619  4.7601526e-05      10503.865      5.5345     -1
     2      8      632.82      790.79   Coal      0     -1      3570117.6      307.95855  8.6260058e-05      5796.4255      7.5731     -1
     2      9      790.79      988.18   Coal      0     -1      5373197.9      485.67627   9.038868e-05      5531.6661      8.6448     -1
     2     10      988.18      1234.8   Coal      0     -1      8053873.7      685.88769  8.5162459e-05      5871.1315      10.795     -1
     2     11      1234.8      1543.1   Coal      0     -1       11991737      977.19998  8.1489443e-05      6135.7641       11.22     -1
     2     12      1543.1      1928.2   Coal      0     -1       17732224      1316.3288  7.4233712e-05      6735.4843      12.504     -1
     2     13      1928.2      2409.6   Coal      0     -1       26041531      1720.0954   6.605201e-05      7569.7923      18.043     -1
     2     14      2409.6        3011   Coal      0     -1       38121941      2283.6232   5.990312e-05      8346.8107       20.37     -1
     2     15        3011      3762.6   Coal      0     -1       55593019      2914.9524  5.2433786e-05      9535.8363      19.205     -1
     2     16      3762.6      4701.8   Coal      0     -1       80645451      3909.1846  4.8473715e-05      10314.869      24.924     -1
     2     17      4701.8      5875.5   Coal      0     -1  1.1615643e+08        5389.29   4.639683e-05      10776.598      31.998     -1
     2     18      5875.5      7342.1   Coal      0     -1  1.6803905e+08      5378.7285    3.20088e-05      15620.704      34.729     -1
     2     19      7342.1      9174.7   Coal      0     -1  2.4711899e+08      5600.4579  2.2663001e-05      22062.392      41.596     -1
     2     20      9174.7       11465   Coal      0     -1  3.6805714e+08      6542.5348  1.7775867e-05      28128.023      54.822     -1
     2     21       11465       14327   Coal      0     -1  5.4631335e+08       8563.126  1.5674385e-05      31899.177      64.512     -1
     2     22       14327       17903   Coal      0     -1  7.9685867e+08       13036.58  1.6359966e-05      30562.411      80.231     -1
     2     23       17903       22372   Coal      0     -1  1.1092599e+09      21603.491   1.947559e-05      25673.163      85.337     -1
     2     24       22372       27956   Coal      0     -1  1.4556676e+09      32647.565  2.2427898e-05      22293.663      96.304     -1
     2     25       27956       34934   Coal      0     -1  1.7671131e+09      46851.287  2.6512896e-05      18858.747      107.65     -1
     2     26       34934       43654   Coal      0     -1  1.9380588e+09       58436.63  3.0152144e-05      16582.569      106.18     -1
     2     27       43654       54551   Coal      0     -1  1.9012931e+09      66801.224  3.5134628e-05      14230.975      105.64     -1
     2     28       54551       68167   Coal      0     -1  1.6354101e+09       61720.32  3.7739964e-05      13248.555       90.14     -1
     2     29       68167       85183   Coal      0     -1  1.3143214e+09      48108.782  3.6603514e-05      13659.891       77.35     -1
     2     30       85183  1.0645e+05   Coal      0     -1  1.1949849e+09      24396.179   2.041547e-05      24491.232      68.628     -1
     2     31  1.0645e+05  1.3302e+05   Coal      0     -1  1.1726774e+09      23681.555  2.0194434e-05      24759.298      67.424     -1
     2     32  1.3302e+05       1e+99   Coal      0     -1  2.3867897e+09       48022.79  2.0120244e-05      24850.593      53.384     -1
     2     -1           0       1e+99  Delay     -1     -1  2.5933527e+09              0              0              0           1     -1
     2     -1           0       1e+99   LogL     -1     -1              1      -12922338      -12922338              0           1     -1
     2     -1           0       1e+99 Recomb     -1     -1           4290  1.2870004e-05   3.000001e-09              0           1     -1
     2     -1           0       1e+99 Resamp     -1     -1  2.5933527e+09         610842  0.00023554143              0           1     -1
     1      0           0         133   Coal      0     -1      318096.88      42.356567  0.00013315619      3754.9889      1.6665     -1
     1      1         133       166.2   Coal      0     -1      169744.93      5.9015074  3.4766914e-05      14381.489      2.2062     -1
     1      2       166.2      207.68   Coal      0     -1      261088.94      4.5075856   1.726456e-05      28961.063      2.5313     -1
     1      3      207.68      259.53   Coal      0     -1      405477.09      9.0772267  2.2386534e-05      22334.855      3.5117     -1
     1      4      259.53      324.31   Coal      0     -1      632034.12       18.82375  2.9782807e-05      16788.209      3.5507     -1
     1      5      324.31      405.26   Coal      0     -1      986467.02      19.648789  1.9918344e-05      25102.489      4.1236     -1
     1      6      405.26      506.42   Coal      0     -1      1525050.1      49.877891  3.2705738e-05      15287.837      4.2388     -1
     1      7      506.42      632.82   Coal      0     -1      2348982.3      105.32572  4.4838875e-05      11151.038      6.1663     -1
     1      8      632.82      790.79   Coal      0     -1      3597546.7      279.45607  7.7679621e-05      6436.6946      6.5648     -1
     1      9      790.79      988.18   Coal      0     -1      5436371.1      424.48475  7.8082371e-05      6403.4941      7.8934     -1
     1     10      988.18      1234.8   Coal      0     -1      8166338.8      599.67851   7.343297e-05      6808.9306      10.875     -1
     1     11      1234.8      1543.1   Coal      0     -1       12185769      850.16114   6.976672e-05      7166.7408       11.81     -1
     1     12      1543.1      1928.2   Coal      0     -1       18122143      1175.6464  6.4873478e-05        7707.31      12.128     -1
     1     13      1928.2      2409.6   Coal      0     -1       26715281      1604.3922  6.0055226e-05      8325.6701      16.191     -1
     1     14      2409.6        3011   Coal      0     -1       39165858      2169.2679  5.5386706e-05      9027.4369      18.862     -1
     1     15        3011      3762.6   Coal      0     -1       57031699       2837.913  4.9760274e-05      10048.176       23.51     -1
     1     16      3762.6      4701.8   Coal      0     -1       82639017      3898.4768  4.7174772e-05      10598.885       24.65     -1
     1     17      4701.8      5875.5   Coal      0     -1  1.1850422e+08       5419.335  4.5731156e-05      10933.465      31.146     -1
     1     18      5875.5      7342.1   Coal      0     -1  1.7087964e+08      5420.9416  3.1723743e-05      15761.066      36.059     -1
     1     19      7342.1      9174.7   Coal      0     -1  2.5047253e+08       5583.865  2.2293323e-05       22428.24      43.969     -1
     1     20      9174.7       11465   Coal      0     -1  3.7281046e+08      6484.0192  1.7392267e-05      28748.408      57.834     -1
     1     21       11465       14327   Coal      0     -1  5.5240969e+08      8434.7225  1.5268962e-05      32746.169      66.421     -1
     1     22       14327       17903   Coal      0     -1  8.0414127e+08      12795.795  1.5912371e-05      31422.092       77.03     -1
     1     23       17903       22372   Coal      0     -1  1.1212742e+09      21223.113  1.8927674e-05      26416.346      83.733     -1
     1     24       22372       27956   Coal      0     -1  1.4762056e+09      32313.386  2.1889488e-05      22842.014      96.562     -1
     1     25       27956       34934   Coal      0     -1  1.7970651e+09      46930.057  2.6114834e-05      19146.207      107.85     -1
     1     26       34934       43654   Coal      0     -1  1.9731013e+09      58961.544  2.9882675e-05      16732.103      106.54     -1
     1     27       43654       54551   Coal      0     -1  1.9270118e+09      67704.744  3.5134577e-05      14230.995      103.86     -1
     1     28       54551       68167   Coal      0     -1  1.6568182e+09      62843.949  3.7930504e-05      13182.003      90.259     -1
     1     29       68167       85183   Coal      0     -1  1.3145649e+09       48855.15  3.7164502e-05      13453.699      76.006     -1
     1     30       85183  1.0645e+05   Coal      0     -1  1.1821141e+09      24615.611   2.082338e-05      24011.472       66.86     -1
     1     31  1.0645e+05  1.3302e+05   Coal      0     -1  1.1504178e+09      23759.764  2.0653162e-05      24209.368      65.587     -1
     1     32  1.3302e+05       1e+99   Coal      0     -1  2.2639226e+09      46668.712  2.0614093e-05      24255.251      51.329     -1
     1     -1           0       1e+99  Delay     -1     -1  2.5933527e+09              0              0              0           1     -1
     1     -1           0       1e+99   LogL     -1     -1              1      -12922855      -12922855              0           1     -1
     1     -1           0       1e+99 Recomb     -1     -1           4290  1.2870004e-05   3.000001e-09              0           1     -1
     1     -1           0       1e+99 Resamp     -1     -1  2.5933527e+09         609509  0.00023502742              0           1     -1
     0      0           0         133   Coal      0     -1      323766.69      17.237198  5.3239566e-05      9391.5116      1.4084     -1
     0      1         133       166.2   Coal      0     -1      170860.12      4.0293402  2.3582684e-05      21201.997      2.3514     -1
     0      2       166.2      207.68   Coal      0     -1      264657.24      3.3995109  1.2844957e-05      38925.781      2.5667     -1
     0      3      207.68      259.53   Coal      0     -1       411246.8      6.0871042  1.4801584e-05      33780.168      2.6086     -1
     0      4      259.53      324.31   Coal      0     -1      635079.03       14.83315  2.3356384e-05      21407.423      3.6569     -1
     0      5      324.31      405.26   Coal      0     -1      989000.95      17.186223  1.7377357e-05      28773.075      3.7356     -1
     0      6      405.26      506.42   Coal      0     -1      1530031.4      38.864126  2.5400868e-05      19684.367      6.0135     -1
     0      7      506.42      632.82   Coal      0     -1      2368175.2      82.540487  3.4854046e-05      14345.537      5.8995     -1
     0      8      632.82      790.79   Coal      0     -1      3618319.6      222.54061  6.1503858e-05      8129.5713      6.4129     -1
     0      9      790.79      988.18   Coal      0     -1      5506231.9      334.18555   6.069224e-05      8238.2855      8.5944     -1
     0     10      988.18      1234.8   Coal      0     -1      8313791.5      482.14461  5.7993348e-05      8621.6784      9.8389     -1
     0     11      1234.8      1543.1   Coal      0     -1       12482246      706.79247  5.6623824e-05      8830.2055      11.105     -1
     0     12      1543.1      1928.2   Coal      0     -1       18595117      1004.4444  5.4016568e-05      9256.4193       14.36     -1
     0     13      1928.2      2409.6   Coal      0     -1       27569668       1425.279  5.1697359e-05      9671.6739       15.13     -1
     0     14      2409.6        3011   Coal      0     -1       40462439      1995.4397  4.9315853e-05      10138.728      19.317     -1
     0     15        3011      3762.6   Coal      0     -1       58902408      2728.6778  4.6325404e-05      10793.214      24.273     -1
     0     16      3762.6      4701.8   Coal      0     -1       85288601      3800.0002  4.4554609e-05      11222.184      28.931     -1
     0     17      4701.8      5875.5   Coal      0     -1  1.2186686e+08      5377.9959  4.4130092e-05      11330.137      29.668     -1
     0     18      5875.5      7342.1   Coal      0     -1  1.7519316e+08      5399.1852   3.081847e-05      16224.037      37.407     -1
     0     19      7342.1      9174.7   Coal      0     -1  2.5585869e+08      5555.9296  2.1714837e-05      23025.732      46.806     -1
     0     20      9174.7       11465   Coal      0     -1  3.7907093e+08      6359.5913  1.6776784e-05      29803.089      53.683     -1
     0     21       11465       14327   Coal      0     -1  5.6109404e+08      8270.4023  1.4739779e-05      33921.811      62.241     -1
     0     22       14327       17903   Coal      0     -1  8.1652997e+08      12527.427  1.5342274e-05      32589.693      75.553     -1
     0     23       17903       22372   Coal      0     -1  1.1419892e+09      20846.279  1.8254357e-05       27390.72       87.12     -1
     0     24       22372       27956   Coal      0     -1  1.5109044e+09      32119.164  2.1258238e-05      23520.294      105.47     -1
     0     25       27956       34934   Coal      0     -1  1.8277881e+09      46863.083  2.5639232e-05      19501.364      103.43     -1
     0     26       34934       43654   Coal      0     -1  2.0149939e+09      59548.765  2.9552827e-05      16918.855         107     -1
     0     27       43654       54551   Coal      0     -1  1.9707449e+09      69093.469   3.505957e-05      14261.441       107.1     -1
     0     28       54551       68167   Coal      0     -1  1.6835791e+09       64239.61  3.8156574e-05      13103.902        92.5     -1
     0     29       68167       85183   Coal      0     -1  1.3256136e+09      50020.078  3.7733528e-05      13250.815      78.117     -1
     0     30       85183  1.0645e+05   Coal      0     -1  1.1748101e+09      25018.527  2.1295806e-05      23478.802      67.708     -1
     0     31  1.0645e+05  1.3302e+05   Coal      0     -1  1.1253309e+09      23875.588  2.1216505e-05      23566.558      66.611     -1
     0     32  1.3302e+05       1e+99   Coal      0     -1  2.1579538e+09       45711.07  2.1182599e-05       23604.28      56.316     -1
     0     -1           0       1e+99  Delay     -1     -1  2.5933527e+09              0              0              0           1     -1
     0     -1           0       1e+99   LogL     -1     -1              1      -12923829      -12923829              0           1     -1
     0     -1           0       1e+99 Recomb     -1     -1           4290  1.2870004e-05   3.000001e-09              0           1     -1
     0     -1           0       1e+99 Resamp     -1     -1  2.5933527e+09         607254  0.00023415789              0           1     -1
