  Iter  Epoch       Start         End   Type   From     To            Opp          Count           Rate             Ne         ESS  Clump
     5      0           0         133   Coal      0     -1       484129.5      2.1239108  4.3870716e-06      113971.24       1.015     -1
     5      1         133       166.2   Coal      0     -1      245143.38       7.071079  2.8844667e-05      17334.227       1.027     -1
     5      2       166.2      207.68   Coal      0     -1       374405.8      4.0102924  1.0711085e-05      46680.612      1.0351     -1
     5      3      207.68      259.53   Coal      0     -1      572203.48      16.455645   2.875838e-05      17386.237      1.0641     -1
     5      4      259.53      324.31   Coal      0     -1      880170.56      4.9025329  5.5699806e-06       89766.92      1.1181     -1
     5      5      324.31      405.26   Coal      0     -1        1368804      20.813777  1.5205812e-05      32882.163      1.1265     -1
     5      6      405.26      506.42   Coal      0     -1        2106651      41.241773  1.9576937e-05      25540.257      1.2498     -1
     5      7      506.42      632.82   Coal      0     -1      3250986.3      58.789421  1.8083565e-05      27649.416      1.4662     -1
     5      8      632.82      790.79   Coal      0     -1      4973809.8      143.68002  2.8887317e-05      17308.634      1.4264     -1
     5      9      790.79      988.18   Coal      0     -1        7531552      240.38921  3.1917619e-05      15665.329      1.6386     -1
     5     10      988.18      1234.8   Coal      0     -1       11382295         363.92  3.1972461e-05      15638.458      1.7412     -1
     5     11      1234.8      1543.1   Coal      0     -1       17071366         532.81  3.1210743e-05      16020.125      2.1745     -1
     5     12      1543.1      1928.2   Coal      0     -1       25515409         758.79    2.97385e-05      16813.222      2.4064     -1
     5     13      1928.2      2409.6   Coal      0     -1       38003502        1062.74  2.7964265e-05      17879.962      2.7467     -1
     5     14      2409.6        3011   Coal      0     -1       56348514         1496.3  2.6554382e-05      18829.284      2.9662     -1
     5     15        3011      3762.6   Coal      0     -1       83114661        2050.77  2.4673986e-05      20264.257      3.9754     -1
     5     16      3762.6      4701.8   Coal      0     -1   1.220173e+08        2740.32  2.2458455e-05      22263.331      4.5619     -1
     5     17      4701.8      5875.5   Coal      0     -1  1.7579971e+08        4333.07  2.4647765e-05      20285.815      5.7069     -1
     5     18      5875.5      7342.1   Coal      0     -1  2.5175049e+08        5019.75  1.9939385e-05      25075.999      6.3393     -1
     5     19      7342.1      9174.7   Coal      0     -1  3.6411115e+08        5758.32  1.5814731e-05      31616.092      7.8427     -1
     5     20      9174.7       11465   Coal      0     -1  5.2748909e+08        7221.39  1.3690122e-05      36522.684      8.2138     -1
     5     21       11465       14327   Coal      0     -1  7.5547838e+08       10012.87  1.3253682e-05      37725.366      10.264     -1
     5     22       14327       17903   Coal      0     -1  1.0476321e+09       15269.79  1.4575527e-05      34304.076       12.37     -1
     5     23       17903       22372   Coal      0     -1  1.3670096e+09       24829.99  1.8163727e-05       27527.39      14.761     -1
     5     24       22372       27956   Coal      0     -1  1.6437688e+09        35512.1  2.1604072e-05      23143.785      18.181     -1
     5     25       27956       34934   Coal      0     -1  1.8030064e+09       46870.92  2.5995981e-05      19233.742      19.985     -1
     5     26       34934       43654   Coal      0     -1  1.8122591e+09       53758.09  2.9663578e-05      16855.688       23.28     -1
     5     27       43654       54551   Coal      0     -1   1.676439e+09       57008.67  3.4005813e-05      14703.369      26.854     -1
     5     28       54551       68167   Coal      0     -1  1.4532058e+09       51319.34  3.5314571e-05      14158.462       24.81     -1
     5     29       68167       85183   Coal      0     -1  1.2231676e+09       41152.08  3.3643861e-05      14861.552      28.898     -1
     5     30       85183  1.0645e+05   Coal      0     -1  1.2003564e+09       22728.71  1.8934968e-05       26406.17       26.97     -1
     5     31  1.0645e+05  1.3302e+05   Coal      0     -1  1.2225101e+09       23644.77  1.9341165e-05      25851.597      28.695     -1
     5     32  1.3302e+05       1e+99   Coal      0     -1  2.4821878e+09       49958.03  2.0126611e-05      24842.731      26.658     -1
     5     -1           0       1e+99  Delay     -1     -1  9.9999984e+08              0              0              0           1     -1
     5     -1           0       1e+99   LogL     -1     -1              1      -18026501      -18026501              0           1     -1
     5     -1           0       1e+99 Recomb     -1     -1           3300   9.900001e-06  3.0000003e-09              0           1     -1
     5     -1           0       1e+99 Resamp     -1     -1  9.9999984e+08        1139552   0.0011395522              0           1     -1
     4      0           0         133   Coal      0     -1      463668.47      8.7332231  1.8835059e-05       26546.24      1.0138     -1
     4      1         133       166.2   Coal      0     -1      237893.22      5.5501436  2.3330398e-05      21431.267      1.0241     -1
     4      2       166.2      207.68   Coal      0     -1      361565.17      4.6847288  1.2956803e-05      38589.766      1.0416     -1
     4      3      207.68      259.53   Coal      0     -1      561273.95      11.555137  2.0587338e-05      24286.772      1.0498     -1
     4      4      259.53      324.31   Coal      0     -1      875430.49      2.1910308  2.5028039e-06      199775.94      1.0836     -1
     4      5      324.31      405.26   Coal      0     -1      1356913.6      18.838568  1.3883395e-05      36014.245      1.1709     -1
     4      6      405.26      506.42   Coal      0     -1      2086876.8      34.682002  1.6619094e-05      30085.876      1.3101     -1
     4      7      506.42      632.82   Coal      0     -1      3217976.8      57.744006  1.7944196e-05      27864.163      1.3141     -1
     4      8      632.82      790.79   Coal      0     -1        4940093      158.36988  3.2058076e-05      15596.694      1.4177     -1
     4      9      790.79      988.18   Coal      0     -1      7533552.5         247.73  3.2883557e-05      15205.168      1.6244     -1
     4     10      988.18      1234.8   Coal      0     -1       11415731         372.76  3.2653187e-05      15312.441      1.7921     -1
     4     11      1234.8      1543.1   Coal      0     -1       17178745         549.73  3.2000592e-05      15624.711      2.0977     -1
     4     12      1543.1      1928.2   Coal      0     -1       25739571         767.15  2.9804304e-05        16776.1      2.3079     -1
     4     13      1928.2      2409.6   Coal      0     -1       38377520        1085.14  2.8275407e-05      17683.211      2.7908     -1
     4     14      2409.6        3011   Coal      0     -1       56941986        1504.42  2.6420223e-05      18924.897      3.1681     -1
     4     15        3011      3762.6   Coal      0     -1       83686583         2089.3   2.496577e-05      20027.421      3.7859     -1
     4     16      3762.6      4701.8   Coal      0     -1  1.2246663e+08        2864.34  2.3388739e-05       21377.81      5.2154     -1
     4     17      4701.8      5875.5   Coal      0     -1   1.759192e+08        4466.37  2.5388757e-05      19693.756      5.3055     -1
     4     18      5875.5      7342.1   Coal      0     -1  2.5092079e+08        5072.58  2.0215862e-05      24733.054      6.4058     -1
     4     19      7342.1      9174.7   Coal      0     -1  3.6192125e+08        5804.38  1.6037688e-05      31176.564       8.078     -1
     4     20      9174.7       11465   Coal      0     -1  5.2439393e+08         7252.1  1.3829489e-05      36154.626      8.8861     -1
     4     21       11465       14327   Coal      0     -1  7.5165842e+08        9949.84  1.3237183e-05      37772.387       11.36     -1
     4     22       14327       17903   Coal      0     -1  1.0455456e+09       15082.49  1.4425473e-05      34660.908      12.191     -1
     4     23       17903       22372   Coal      0     -1  1.3668998e+09       24562.29  1.7969342e-05      27825.171      16.104     -1
     4     24       22372       27956   Coal      0     -1  1.6479912e+09       35227.02  2.1375733e-05      23391.011      17.512     -1
     4     25       27956       34934   Coal      0     -1  1.8108992e+09       46763.14   2.582316e-05      19362.464      19.516     -1
     4     26       34934       43654   Coal      0     -1  1.8215122e+09        53784.5  2.9527389e-05      16933.431      23.555     -1
     4     27       43654       54551   Coal      0     -1  1.6809096e+09       57239.11  3.4052461e-05      14683.226      25.384     -1
     4     28       54551       68167   Coal      0     -1  1.4507776e+09       51624.06  3.5583718e-05       14051.37      27.102     -1
     4     29       68167       85183   Coal      0     -1  1.2147212e+09       41296.51  3.3996699e-05       14707.31      27.335     -1
     4     30       85183  1.0645e+05   Coal      0     -1  1.1875572e+09       22755.71   1.916178e-05      26093.609      25.892     -1
     4     31  1.0645e+05  1.3302e+05   Coal      0     -1   1.206686e+09       23504.99  1.9478961e-05       25668.72      28.103     -1
     4     32  1.3302e+05       1e+99   Coal      0     -1  2.4453431e+09       49382.69  2.0194585e-05      24759.112          25     -1
     4     -1           0       1e+99  Delay     -1     -1  9.9999984e+08              0              0              0           1     -1
     4     -1           0       1e+99   LogL     -1     -1              1      -18026746      -18026746              0           1     -1
     4     -1           0       1e+99 Recomb     -1     -1           3300   9.900001e-06  3.0000003e-09              0           1     -1
     4     -1           0       1e+99 Resamp     -1     -1  9.9999984e+08        1136879   0.0011368792              0           1     -1
     3      0           0         133   Coal      0     -1      474895.31      12.164307  2.5614714e-05      19520.031      1.0138     -1
     3      1         133       166.2   Coal      0     -1      237645.01      3.3845258  1.4241939e-05      35107.579      1.0206     -1
     3      2       166.2      207.68   Coal      0     -1      368327.26      4.3888761  1.1915697e-05      41961.455      1.0297     -1
     3      3      207.68      259.53   Coal      0     -1      567757.92      7.2840641  1.2829524e-05      38972.606      1.0517     -1
     3      4      259.53      324.31   Coal      0     -1      882600.13      2.5143505  2.8487991e-06      175512.55      1.0611     -1
     3      5      324.31      405.26   Coal      0     -1      1383124.9      18.607145  1.3452975e-05      37166.501      1.1264     -1
     3      6      405.26      506.42   Coal      0     -1      2119772.9       32.56381  1.5361933e-05      32547.987      1.2227     -1
     3      7      506.42      632.82   Coal      0     -1      3238237.8      61.772585  1.9075988e-05      26210.962      1.2768     -1
     3      8      632.82      790.79   Coal      0     -1      4974811.4       151.5195  3.0457336e-05      16416.406      1.3619     -1
     3      9      790.79      988.18   Coal      0     -1      7548173.5         250.63  3.3204059e-05        15058.4      1.6829     -1
     3     10      988.18      1234.8   Coal      0     -1       11419614         355.54  3.1134151e-05      16059.535      1.6715     -1
     3     11      1234.8      1543.1   Coal      0     -1       17188004         574.68  3.3434947e-05      14954.413      1.9015     -1
     3     12      1543.1      1928.2   Coal      0     -1       25594819         766.66  2.9953718e-05      16692.419      2.5108     -1
     3     13      1928.2      2409.6   Coal      0     -1       38094611        1084.61  2.8471482e-05      17561.432      2.6646     -1
     3     14      2409.6        3011   Coal      0     -1       56085525        1537.37  2.7411173e-05      18240.737      3.3667     -1
     3     15        3011      3762.6   Coal      0     -1       82466267        2143.82  2.5996326e-05      19233.487      3.9536     -1
     3     16      3762.6      4701.8   Coal      0     -1  1.2061106e+08        2927.47  2.4271987e-05      20599.879      4.2773     -1
     3     17      4701.8      5875.5   Coal      0     -1  1.7290894e+08        4550.21  2.6315643e-05      19000.106      5.3482     -1
     3     18      5875.5      7342.1   Coal      0     -1  2.4727233e+08        5140.08  2.0787121e-05      24053.354      5.7071     -1
     3     19      7342.1      9174.7   Coal      0     -1  3.5752076e+08        5852.82  1.6370574e-05      30542.607      7.3908     -1
     3     20      9174.7       11465   Coal      0     -1  5.1910838e+08        7208.66  1.3886618e-05      36005.886      9.9546     -1
     3     21       11465       14327   Coal      0     -1  7.4620377e+08        9863.71  1.3218521e-05      37825.715      10.525     -1
     3     22       14327       17903   Coal      0     -1  1.0408862e+09       14951.47  1.4364174e-05      34808.824      13.142     -1
     3     23       17903       22372   Coal      0     -1  1.3643283e+09       24308.92    1.78175e-05      28062.298       15.61     -1
     3     24       22372       27956   Coal      0     -1  1.6486439e+09       34914.23  2.1177545e-05      23609.913      16.889     -1
     3     25       27956       34934   Coal      0     -1  1.8179763e+09       46610.12  2.5638463e-05      19501.949      19.841     -1
     3     26       34934       43654   Coal      0     -1   1.831129e+09       53869.75  2.9418872e-05      16995.893      22.952     -1
     3     27       43654       54551   Coal      0     -1  1.6889987e+09       57649.89  3.4132585e-05      14648.759      24.598     -1
     3     28       54551       68167   Coal      0     -1  1.4514366e+09       52146.69  3.5927638e-05      13916.862      27.011     -1
     3     29       68167       85183   Coal      0     -1  1.2070459e+09       41546.16    3.44197e-05      14526.565      26.279     -1
     3     30       85183  1.0645e+05   Coal      0     -1  1.1711201e+09       22781.63  1.9452856e-05      25703.167      28.705     -1
     3     31  1.0645e+05  1.3302e+05   Coal      0     -1  1.1858015e+09       23369.25  1.9707557e-05      25370.978       29.47     -1
     3     32  1.3302e+05       1e+99   Coal      0     -1  2.3936187e+09       48639.38  2.0320438e-05      24605.769      25.308     -1
     3     -1           0       1e+99  Delay     -1     -1  9.9999984e+08              0              0              0           1     -1
     3     -1           0       1e+99   LogL     -1     -1              1      -18026818      -18026818              0           1     -1
     3     -1           0       1e+99 Recomb     -1     -1           3300   9.900001e-06  3.0000003e-09              0           1     -1
     3     -1           0       1e+99 Resamp     -1     -1  9.9999984e+08        1134079   0.0011340792              0           1     -1
     2      0           0         133   Coal      0     -1      468164.41       12.14261  2.5936637e-05       19277.75      1.0142     -1
     2      1         133       166.2   Coal      0     -1      235953.76      4.5546683  1.9303224e-05      25902.408        1.02     -1
     2      2       166.2      207.68   Coal      0     -1       361784.5      4.0012561  1.1059778e-05      45208.866      1.0427     -1
     2      3      207.68      259.53   Coal      0     -1       559278.1      5.5142534  9.8595912e-06      50712.042      1.0517     -1
     2      4      259.53      324.31   Coal      0     -1      864916.75      4.5372937  5.2459312e-06      95311.964      1.1276     -1
     2      5      324.31      405.26   Coal      0     -1      1329156.7      17.803562  1.3394629e-05      37328.394      1.1956     -1
     2      6      405.26      506.42   Coal      0     -1      2039629.8      32.410691  1.5890477e-05      31465.386      1.3053     -1
     2      7      506.42      632.82   Coal      0     -1      3133303.2      63.981662  2.0419876e-05      24485.947      1.4348     -1
     2      8      632.82      790.79   Coal      0     -1      4805430.4      150.17474  3.1251049e-05      15999.463      1.5112     -1
     2      9      790.79      988.18   Coal      0     -1      7303324.8         256.45  3.5114144e-05      14239.276      1.6026     -1
     2     10      988.18      1234.8   Coal      0     -1       11106270         365.09  3.2872422e-05      15210.318      1.9365     -1
     2     11      1234.8      1543.1   Coal      0     -1       16810560         545.81  3.2468282e-05      15399.645      2.1265     -1
     2     12      1543.1      1928.2   Coal      0     -1       25256404         773.78  3.0636983e-05      16320.145      2.4588     -1
     2     13      1928.2      2409.6   Coal      0     -1       37615703        1141.71  3.0351952e-05      16473.405       2.976     -1
     2     14      2409.6        3011   Coal      0     -1       55591633        1597.69  2.8739757e-05      17397.503      3.5367     -1
     2     15        3011      3762.6   Coal      0     -1       81445693           2263  2.7785386e-05      17995.071      4.2021     -1
     2     16      3762.6      4701.8   Coal      0     -1  1.1879377e+08         3143.5  2.6461824e-05      18895.145      4.5055     -1
     2     17      4701.8      5875.5   Coal      0     -1  1.6992745e+08        4737.95  2.7882193e-05      17932.593      5.2268     -1
     2     18      5875.5      7342.1   Coal      0     -1  2.4291516e+08        5260.66  2.1656367e-05      23087.898      6.4476     -1
     2     19      7342.1      9174.7   Coal      0     -1  3.5175482e+08        5857.87  1.6653276e-05      30024.123      7.3341     -1
     2     20      9174.7       11465   Coal      0     -1   5.120892e+08        7199.59   1.405925e-05      35563.775      8.2547     -1
     2     21       11465       14327   Coal      0     -1  7.3605943e+08        9746.52  1.3241485e-05      37760.115      11.752     -1
     2     22       14327       17903   Coal      0     -1  1.0299374e+09       14721.89  1.4293966e-05      34979.794       13.68     -1
     2     23       17903       22372   Coal      0     -1  1.3558055e+09       23996.77  1.7699272e-05       28249.75      15.218     -1
     2     24       22372       27956   Coal      0     -1  1.6464341e+09       34514.38  2.0963111e-05      23851.422      17.026     -1
     2     25       27956       34934   Coal      0     -1  1.8217013e+09       46277.88  2.5403659e-05      19682.204      20.456     -1
     2     26       34934       43654   Coal      0     -1  1.8404379e+09       53863.29  2.9266562e-05      17084.344      22.152     -1
     2     27       43654       54551   Coal      0     -1  1.6927375e+09       57972.04  3.4247508e-05      14599.602      24.585     -1
     2     28       54551       68167   Coal      0     -1  1.4468556e+09       52527.13  3.6304335e-05       13772.46       26.46     -1
     2     29       68167       85183   Coal      0     -1  1.1910247e+09       41736.74  3.5042717e-05        14268.3      27.494     -1
     2     30       85183  1.0645e+05   Coal      0     -1  1.1515192e+09       22767.71  1.9771889e-05      25288.428      26.139     -1
     2     31  1.0645e+05  1.3302e+05   Coal      0     -1   1.158018e+09       23181.34  2.0018117e-05      24977.374      29.536     -1
     2     32  1.3302e+05       1e+99   Coal      0     -1  2.3240476e+09       47702.56  2.0525638e-05      24359.779      24.085     -1
     2     -1           0       1e+99  Delay     -1     -1  9.9999984e+08              0              0              0           1     -1
     2     -1           0       1e+99   LogL     -1     -1              1      -18026886      -18026886              0           1     -1
     2     -1           0       1e+99 Recomb     -1     -1           3300   9.900001e-06  3.0000003e-09              0           1     -1
     2     -1           0       1e+99 Resamp     -1     -1  9.9999984e+08        1130145   0.0011301452              0           1     -1
     1      0           0         133   Coal      0     -1      469117.56      6.0126341  1.2816903e-05      39010.985      1.0158     -1
     1      1         133       166.2   Coal      0     -1      234908.16      3.0012348  1.2776205e-05      39135.252      1.0233     -1
     1      2       166.2      207.68   Coal      0     -1      362745.46      2.9777015  8.2087906e-06      60910.313      1.0381     -1
     1      3      207.68      259.53   Coal      0     -1      557717.05      4.0306369  7.2270282e-06      69184.731      1.0681     -1
     1      4      259.53      324.31   Coal      0     -1      859569.75      7.1379732  8.3041233e-06      60211.052      1.1227     -1
     1      5      324.31      405.26   Coal      0     -1      1316612.4      20.451083  1.5533108e-05      32189.308      1.2216     -1
     1      6      405.26      506.42   Coal      0     -1      2033776.8      39.403902  1.9374743e-05      25806.794      1.2213     -1
     1      7      506.42      632.82   Coal      0     -1      3111037.9      69.307778  2.2278024e-05      22443.642      1.3967     -1
     1      8      632.82      790.79   Coal      0     -1      4782190.1      156.87015  3.2802994e-05      15242.511      1.5649     -1
     1      9      790.79      988.18   Coal      0     -1      7271268.6      265.77872  3.6551905e-05      13679.178      1.6178     -1
     1     10      988.18      1234.8   Coal      0     -1       11025156         367.57  3.3339212e-05      14997.355      1.7241     -1
     1     11      1234.8      1543.1   Coal      0     -1       16658597         550.63  3.3053805e-05      15126.852      2.5062     -1
     1     12      1543.1      1928.2   Coal      0     -1       24875949         814.04  3.2723978e-05      15279.316      2.2693     -1
     1     13      1928.2      2409.6   Coal      0     -1       37010042        1182.23  3.1943493e-05       15652.64      2.6981     -1
     1     14      2409.6        3011   Coal      0     -1       54569117         1691.7  3.1001052e-05      16128.485      3.4158     -1
     1     15        3011      3762.6   Coal      0     -1       79798055        2403.41  3.0118654e-05      16601.008      3.5009     -1
     1     16      3762.6      4701.8   Coal      0     -1  1.1575584e+08        3358.66  2.9015037e-05      17232.444      4.7276     -1
     1     17      4701.8      5875.5   Coal      0     -1   1.651263e+08        5036.16  3.0498836e-05      16394.068       5.262     -1
     1     18      5875.5      7342.1   Coal      0     -1  2.3520875e+08        5426.48  2.3070911e-05      21672.313      6.3651     -1
     1     19      7342.1      9174.7   Coal      0     -1  3.4214926e+08        5942.08  1.7366923e-05      28790.361      7.4624     -1
     1     20      9174.7       11465   Coal      0     -1   4.993678e+08        7130.04  1.4278133e-05      35018.583      8.8756     -1
     1     21       11465       14327   Coal      0     -1  7.2312279e+08        9653.81  1.3350167e-05      37452.715      9.9996     -1
     1     22       14327       17903   Coal      0     -1   1.015691e+09       14480.68  1.4256974e-05      35070.555      13.193     -1
     1     23       17903       22372   Coal      0     -1  1.3444596e+09       23585.21   1.754252e-05      28502.176      14.624     -1
     1     24       22372       27956   Coal      0     -1  1.6412563e+09       34131.81  2.0796149e-05      24042.913      17.332     -1
     1     25       27956       34934   Coal      0     -1  1.8207471e+09       45930.53    2.52262e-05      19820.663      20.935     -1
     1     26       34934       43654   Coal      0     -1  1.8445467e+09       53712.76  2.9119762e-05       17170.47      22.166     -1
     1     27       43654       54551   Coal      0     -1  1.6965028e+09       58355.05  3.4397262e-05      14536.041      25.532     -1
     1     28       54551       68167   Coal      0     -1  1.4394015e+09        53006.3  3.6825237e-05      13577.645      27.233     -1
     1     29       68167       85183   Coal      0     -1   1.174135e+09       42060.39  3.5822448e-05      13957.728      25.024     -1
     1     30       85183  1.0645e+05   Coal      0     -1  1.1200319e+09       22693.09   2.026111e-05      24677.819      27.157     -1
     1     31  1.0645e+05  1.3302e+05   Coal      0     -1  1.1236419e+09       22921.79  2.0399551e-05      24510.344      27.698     -1
     1     32  1.3302e+05       1e+99   Coal      0     -1  2.2146682e+09       46145.67  2.0836381e-05      23996.489      24.544     -1
     1     -1           0       1e+99  Delay     -1     -1  9.9999984e+08              0              0              0           1     -1
     1     -1           0       1e+99   LogL     -1     -1              1      -18027350      -18027350              0           1     -1
     1     -1           0       1e+99 Recomb     -1     -1           3300   9.900001e-06  3.0000003e-09              0           1     -1
     1     -1           0       1e+99 Resamp     -1     -1  9.9999984e+08        1124866   0.0011248662              0           1     -1
     0      0           0         133   Coal      0     -1      443520.22      2.1284505  4.7989931e-06      104188.52      1.0142     -1
     0      1         133       166.2   Coal      0     -1      225457.74      1.0005764  4.4379778e-06      112663.93      1.0262     -1
     0      2       166.2      207.68   Coal      0     -1      351510.86      1.1718309  3.3336975e-06      149983.62      1.0354     -1
     0      3      207.68      259.53   Coal      0     -1      544895.65      3.8106901   6.993431e-06      71495.665      1.0552     -1
     0      4      259.53      324.31   Coal      0     -1      853078.04      6.3611273  7.4566769e-06      67053.998      1.1666     -1
     0      5      324.31      405.26   Coal      0     -1      1335387.8      14.480632  1.0843765e-05      46109.445      1.1897     -1
     0      6      405.26      506.42   Coal      0     -1      2051418.4      33.437275  1.6299588e-05      30675.621      1.1835     -1
     0      7      506.42      632.82   Coal      0     -1      3148419.3      80.859657   2.568262e-05      19468.419      1.3287     -1
     0      8      632.82      790.79   Coal      0     -1      4761106.1      168.42029  3.5374194e-05      14134.598      1.3998     -1
     0      9      790.79      988.18   Coal      0     -1      7190102.2         258.73   3.598419e-05      13894.991      1.6336     -1
     0     10      988.18      1234.8   Coal      0     -1       10874857         394.29  3.6257029e-05      13790.429      1.7714     -1
     0     11      1234.8      1543.1   Coal      0     -1       16291984         584.28  3.5863035e-05      13941.932      2.1879     -1
     0     12      1543.1      1928.2   Coal      0     -1       24244683          881.3  3.6350238e-05      13755.068      2.4247     -1
     0     13      1928.2      2409.6   Coal      0     -1       35931367        1267.21  3.5267514e-05      14177.353      3.0628     -1
     0     14      2409.6        3011   Coal      0     -1       52820695        1793.31  3.3950897e-05      14727.151      3.2842     -1
     0     15        3011      3762.6   Coal      0     -1       77204234        2632.03  3.4091783e-05      14666.291      3.6929     -1
     0     16      3762.6      4701.8   Coal      0     -1  1.1105586e+08        3730.36  3.3589943e-05      14885.408      4.2744     -1
     0     17      4701.8      5875.5   Coal      0     -1  1.5721064e+08        5405.23  3.4382087e-05      14542.457      5.3253     -1
     0     18      5875.5      7342.1   Coal      0     -1  2.2388803e+08        5637.92  2.5181874e-05      19855.552      6.1984     -1
     0     19      7342.1      9174.7   Coal      0     -1  3.2623748e+08        6053.04  1.8554091e-05      26948.234      7.2686     -1
     0     20      9174.7       11465   Coal      0     -1  4.8031284e+08        7125.97  1.4836101e-05      33701.576      8.1059     -1
     0     21       11465       14327   Coal      0     -1  7.0018556e+08        9487.02  1.3549294e-05      36902.292      10.518     -1
     0     22       14327       17903   Coal      0     -1  9.9055891e+08       14191.38  1.4326639e-05      34900.021       12.84     -1
     0     23       17903       22372   Coal      0     -1  1.3180228e+09       23035.78  1.7477528e-05      28608.165      16.026     -1
     0     24       22372       27956   Coal      0     -1  1.6204503e+09       33432.44  2.0631574e-05        24234.7      17.893     -1
     0     25       27956       34934   Coal      0     -1  1.8119215e+09       45411.51  2.5062626e-05      19950.024      19.217     -1
     0     26       34934       43654   Coal      0     -1  1.8412486e+09       53533.25  2.9074429e-05      17197.242      22.819     -1
     0     27       43654       54551   Coal      0     -1   1.691408e+09       58558.72  3.4621285e-05      14441.983       24.43     -1
     0     28       54551       68167   Coal      0     -1  1.4254991e+09       53439.13  3.7488013e-05      13337.597      25.946     -1
     0     29       68167       85183   Coal      0     -1  1.1467907e+09       42312.63  3.6896559e-05      13551.399      25.485     -1
     0     30       85183  1.0645e+05   Coal      0     -1  1.0836969e+09       22662.49  2.0912203e-05      23909.485      26.666     -1
     0     31  1.0645e+05  1.3302e+05   Coal      0     -1  1.0821218e+09       22712.89  2.0989218e-05      23821.754      24.072     -1
     0     32  1.3302e+05       1e+99   Coal      0     -1  2.0899772e+09       44363.48  2.1226777e-05      23555.154      24.003     -1
     0     -1           0       1e+99  Delay     -1     -1  9.9999984e+08              0              0              0           1     -1
     0     -1           0       1e+99   LogL     -1     -1              1      -18028141      -18028141              0           1     -1
     0     -1           0       1e+99 Recomb     -1     -1           3300   9.900001e-06  3.0000003e-09              0           1     -1
     0     -1           0       1e+99 Resamp     -1     -1  9.9999984e+08        1119335   0.0011193352              0           1     -1
