  Iter  Epoch       Start         End   Type   From     To            Opp          Count           Rate             Ne         ESS  Clump
     5      0           0         133   Coal      0     -1       493101.5      11.876203  2.4084702e-05      20760.066      1.0137     -1
     5      1         133       166.2   Coal      0     -1      249455.93  0.00027434331  1.0997666e-09  4.5464191e+08      1.0197     -1
     5      2       166.2      207.68   Coal      0     -1      384137.96      3.4911893  9.0883735e-06      55015.344      1.0434     -1
     5      3      207.68      259.53   Coal      0     -1      593783.97      3.7102362  6.2484614e-06      80019.699      1.0467     -1
     5      4      259.53      324.31   Coal      0     -1      913753.83      31.020818  3.3948769e-05      14728.074      1.1009     -1
     5      5      324.31      405.26   Coal      0     -1      1397768.1      15.535655  1.1114616e-05       44985.81      1.2388     -1
     5      6      405.26      506.42   Coal      0     -1      2146434.8      28.806162  1.3420469e-05      37256.522      1.2192     -1
     5      7      506.42      632.82   Coal      0     -1      3272562.7       63.31402  1.9346923e-05      25843.903      1.2948     -1
     5      8      632.82      790.79   Coal      0     -1      5029548.5      103.10719  2.0500287e-05      24389.903      1.3981     -1
     5      9      790.79      988.18   Coal      0     -1      7690884.4         228.29  2.9683192e-05       16844.55      1.6461     -1
     5     10      988.18      1234.8   Coal      0     -1       11672190         313.05   2.682016e-05      18642.692      2.0701     -1
     5     11      1234.8      1543.1   Coal      0     -1       17712939         414.54  2.3403231e-05      21364.572      2.0086     -1
     5     12      1543.1      1928.2   Coal      0     -1       26715559         760.73  2.8475167e-05       17559.16      2.2211     -1
     5     13      1928.2      2409.6   Coal      0     -1       39758744        1179.24  2.9659891e-05      16857.783      2.7862     -1
     5     14      2409.6        3011   Coal      0     -1       58160778         1815.6  3.1216914e-05      16016.958      3.0725     -1
     5     15        3011      3762.6   Coal      0     -1       83455444         2600.9  3.1165133e-05       16043.57         4.1     -1
     5     16      3762.6      4701.8   Coal      0     -1  1.1821421e+08        3874.61  3.2776178e-05      15254.982      4.8709     -1
     5     17      4701.8      5875.5   Coal      0     -1  1.6455652e+08        5373.39  3.2653766e-05      15312.169      4.9836     -1
     5     18      5875.5      7342.1   Coal      0     -1  2.2984939e+08        5677.84  2.4702437e-05      20240.918      5.8254     -1
     5     19      7342.1      9174.7   Coal      0     -1  3.2871842e+08        6019.85   1.831309e-05      27302.875      7.5522     -1
     5     20      9174.7       11465   Coal      0     -1  4.7537501e+08        7185.39  1.5115204e-05      33079.277      9.1284     -1
     5     21       11465       14327   Coal      0     -1  6.8325732e+08        9581.03  1.4022579e-05      35656.778      11.383     -1
     5     22       14327       17903   Coal      0     -1  9.5525042e+08       14368.97  1.5042098e-05      33240.045      13.311     -1
     5     23       17903       22372   Coal      0     -1  1.2587304e+09       23039.52  1.8303777e-05      27316.767      13.911     -1
     5     24       22372       27956   Coal      0     -1  1.5304053e+09       33096.08  2.1625696e-05      23120.643      18.494     -1
     5     25       27956       34934   Coal      0     -1  1.7020603e+09       44072.23   2.589346e-05      19309.895      18.697     -1
     5     26       34934       43654   Coal      0     -1  1.7331124e+09        51306.5  2.9603677e-05      16889.794      22.666     -1
     5     27       43654       54551   Coal      0     -1  1.6110375e+09        55000.4   3.413974e-05      14645.689      25.544     -1
     5     28       54551       68167   Coal      0     -1  1.3978325e+09       49694.84  3.5551354e-05      14064.162       26.26     -1
     5     29       68167       85183   Coal      0     -1  1.1727208e+09       39721.12   3.387091e-05       14761.93      24.079     -1
     5     30       85183  1.0645e+05   Coal      0     -1  1.1433156e+09       21744.75  1.9019026e-05      26289.463      26.682     -1
     5     31  1.0645e+05  1.3302e+05   Coal      0     -1  1.1627347e+09       22379.21  1.9247047e-05      25978.011      29.463     -1
     5     32  1.3302e+05       1e+99   Coal      0     -1  2.4155294e+09       48049.19  1.9891784e-05      25136.006       25.16     -1
     5     -1           0       1e+99  Delay     -1     -1  9.9999993e+08              0              0              0           1     -1
     5     -1           0       1e+99   LogL     -1     -1              1      -17608841      -17608841              0           1     -1
     5     -1           0       1e+99 Recomb     -1     -1           3300   9.900001e-06  3.0000003e-09              0           1     -1
     5     -1           0       1e+99 Resamp     -1     -1  9.9999993e+08        1127118   0.0011271181              0           1     -1
     4      0           0         133   Coal      0     -1      469501.44      11.010064  2.3450544e-05      21321.467      1.0142     -1
     4      1         133       166.2   Coal      0     -1      245126.64  0.00018475731  7.5372187e-10  6.6337467e+08      1.0268     -1
     4      2       166.2      207.68   Coal      0     -1      375804.72       3.001302  7.9863339e-06      62606.949      1.0479     -1
     4      3      207.68      259.53   Coal      0     -1      579797.08      1.0934005  1.8858331e-06      265134.81      1.0511     -1
     4      4      259.53      324.31   Coal      0     -1      898437.64      23.755522  2.6440925e-05       18910.08      1.0845     -1
     4      5      324.31      405.26   Coal      0     -1      1384977.8      14.053657  1.0147208e-05      49274.639      1.2182     -1
     4      6      405.26      506.42   Coal      0     -1      2159567.3      30.486137   1.411678e-05      35418.842      1.2451     -1
     4      7      506.42      632.82   Coal      0     -1      3326972.8      71.466477  2.1480933e-05      23276.457      1.3973     -1
     4      8      632.82      790.79   Coal      0     -1      5081512.9      119.96709  2.3608538e-05      21178.779      1.5126     -1
     4      9      790.79      988.18   Coal      0     -1        7707754         223.51  2.8998071e-05      17242.526      1.6089     -1
     4     10      988.18      1234.8   Coal      0     -1       11643677         312.36  2.6826577e-05      18638.233      1.7414     -1
     4     11      1234.8      1543.1   Coal      0     -1       17648416         453.66  2.5705423e-05      19451.148      2.2828     -1
     4     12      1543.1      1928.2   Coal      0     -1       26529737         774.17  2.9181216e-05       17134.31      2.4015     -1
     4     13      1928.2      2409.6   Coal      0     -1       39422164        1193.36  3.0271296e-05      16517.297      2.9729     -1
     4     14      2409.6        3011   Coal      0     -1       57692515        1887.53  3.2717069e-05      15282.542      3.2512     -1
     4     15        3011      3762.6   Coal      0     -1       82888317        2608.52  3.1470298e-05      15887.997      3.8115     -1
     4     16      3762.6      4701.8   Coal      0     -1  1.1750279e+08        3887.87  3.3087468e-05      15111.461      4.5107     -1
     4     17      4701.8      5875.5   Coal      0     -1  1.6372161e+08        5402.69  3.2999248e-05       15151.86      5.0969     -1
     4     18      5875.5      7342.1   Coal      0     -1  2.2924025e+08        5679.84  2.4776801e-05      20180.168      6.3562     -1
     4     19      7342.1      9174.7   Coal      0     -1  3.2809386e+08        6021.57  1.8353193e-05      27243.215      7.6003     -1
     4     20      9174.7       11465   Coal      0     -1  4.7433418e+08        7113.26  1.4996305e-05      33341.547      9.2059     -1
     4     21       11465       14327   Coal      0     -1  6.8264038e+08        9531.22  1.3962286e-05      35810.756      10.283     -1
     4     22       14327       17903   Coal      0     -1  9.5407453e+08       14288.48  1.4976272e-05      33386.145      12.237     -1
     4     23       17903       22372   Coal      0     -1  1.2575901e+09       22891.11  1.8202361e-05      27468.964      14.649     -1
     4     24       22372       27956   Coal      0     -1  1.5323364e+09        32990.8  2.1529738e-05      23223.692      17.446     -1
     4     25       27956       34934   Coal      0     -1  1.7083638e+09       43949.12  2.5725856e-05      19435.699      19.945     -1
     4     26       34934       43654   Coal      0     -1   1.741688e+09       51338.18  2.9476106e-05      16962.892      23.339     -1
     4     27       43654       54551   Coal      0     -1  1.6172678e+09       55273.32  3.4176974e-05      14629.733      24.401     -1
     4     28       54551       68167   Coal      0     -1  1.3976044e+09       50045.51  3.5808066e-05      13963.334      27.029     -1
     4     29       68167       85183   Coal      0     -1   1.164908e+09       39881.13  3.4235433e-05      14604.752      28.128     -1
     4     30       85183  1.0645e+05   Coal      0     -1  1.1309441e+09       21784.54  1.9262261e-05      25957.493      30.868     -1
     4     31  1.0645e+05  1.3302e+05   Coal      0     -1  1.1491009e+09       22378.38  1.9474686e-05      25674.355      30.332     -1
     4     32  1.3302e+05       1e+99   Coal      0     -1  2.3701561e+09       47418.08  2.0006311e-05      24992.114      26.539     -1
     4     -1           0       1e+99  Delay     -1     -1  9.9999993e+08              0              0              0           1     -1
     4     -1           0       1e+99   LogL     -1     -1              1      -17608781      -17608781              0           1     -1
     4     -1           0       1e+99 Recomb     -1     -1           3300   9.900001e-06  3.0000003e-09              0           1     -1
     4     -1           0       1e+99 Resamp     -1     -1  9.9999993e+08        1124260   0.0011242601              0           1     -1
     3      0           0         133   Coal      0     -1      497989.54      10.053069  2.0187309e-05      24768.036      1.0148     -1
     3      1         133       166.2   Coal      0     -1      256493.82     0.14055898  5.4800142e-07       912406.4      1.0171     -1
     3      2       166.2      207.68   Coal      0     -1      393587.16      2.3547777   5.982862e-06      83572.042      1.0363     -1
     3      3      207.68      259.53   Coal      0     -1      605255.87      1.0025404  1.6563911e-06      301861.08      1.0494     -1
     3      4      259.53      324.31   Coal      0     -1      929573.64      24.587122  2.6449892e-05      18903.669      1.1321     -1
     3      5      324.31      405.26   Coal      0     -1      1436985.6      16.005781  1.1138442e-05       44889.58      1.0969     -1
     3      6      405.26      506.42   Coal      0     -1      2184332.2      34.767024  1.5916546e-05      31413.851      1.2525     -1
     3      7      506.42      632.82   Coal      0     -1        3348121      79.899048  2.3863848e-05      20952.196      1.3344     -1
     3      8      632.82      790.79   Coal      0     -1      5084142.1      127.02269  2.4984096e-05      20012.731      1.4576     -1
     3      9      790.79      988.18   Coal      0     -1      7715911.5         227.87   2.953248e-05      16930.512      1.7828     -1
     3     10      988.18      1234.8   Coal      0     -1       11710565         325.47  2.7792852e-05      17990.237      1.9115     -1
     3     11      1234.8      1543.1   Coal      0     -1       17743646         484.84  2.7324711e-05      18298.455      2.0524     -1
     3     12      1543.1      1928.2   Coal      0     -1       26652512         820.16  3.0772333e-05      16248.362      2.4924     -1
     3     13      1928.2      2409.6   Coal      0     -1       39346011        1218.04  3.0957141e-05      16151.362      2.8427     -1
     3     14      2409.6        3011   Coal      0     -1       57415491        1869.85  3.2566995e-05      15352.967      2.9146     -1
     3     15        3011      3762.6   Coal      0     -1       82907355        2622.62   3.163314e-05      15806.208      3.6834     -1
     3     16      3762.6      4701.8   Coal      0     -1   1.176688e+08         3914.6  3.3267952e-05      15029.479      4.6106     -1
     3     17      4701.8      5875.5   Coal      0     -1  1.6347928e+08        5469.18  3.3454881e-05      14945.502      5.0403     -1
     3     18      5875.5      7342.1   Coal      0     -1  2.2794068e+08        5685.55  2.4943112e-05      20045.614      5.9501     -1
     3     19      7342.1      9174.7   Coal      0     -1  3.2561179e+08        6066.32  1.8630529e-05       26837.67       7.673     -1
     3     20      9174.7       11465   Coal      0     -1   4.723767e+08        7104.93  1.5040814e-05      33242.882      8.8973     -1
     3     21       11465       14327   Coal      0     -1  6.8045729e+08        9438.17  1.3870334e-05      36048.158      10.174     -1
     3     22       14327       17903   Coal      0     -1  9.5387872e+08        14128.3  1.4811422e-05      33757.732       12.84     -1
     3     23       17903       22372   Coal      0     -1  1.2598115e+09       22790.65  1.8090524e-05       27638.78      14.578     -1
     3     24       22372       27956   Coal      0     -1  1.5378427e+09       32810.94  2.1335694e-05      23434.907      17.113     -1
     3     25       27956       34934   Coal      0     -1  1.7170599e+09       43911.91  2.5573895e-05      19551.187      20.498     -1
     3     26       34934       43654   Coal      0     -1  1.7515888e+09       51437.27  2.9366065e-05      17026.456      22.866     -1
     3     27       43654       54551   Coal      0     -1  1.6253362e+09       55610.73   3.421491e-05      14613.512      23.836     -1
     3     28       54551       68167   Coal      0     -1  1.3977495e+09       50405.15  3.6061648e-05      13865.146      26.365     -1
     3     29       68167       85183   Coal      0     -1   1.158939e+09       40125.78  3.4622858e-05      14441.327       27.67     -1
     3     30       85183  1.0645e+05   Coal      0     -1  1.1200734e+09       21863.09  1.9519337e-05      25615.624      27.893     -1
     3     31  1.0645e+05  1.3302e+05   Coal      0     -1  1.1341065e+09       22323.93  1.9684157e-05      25401.138      26.409     -1
     3     32  1.3302e+05       1e+99   Coal      0     -1  2.3225332e+09       46782.41  2.0142838e-05      24822.719      25.265     -1
     3     -1           0       1e+99  Delay     -1     -1  9.9999993e+08              0              0              0           1     -1
     3     -1           0       1e+99   LogL     -1     -1              1      -17608829      -17608829              0           1     -1
     3     -1           0       1e+99 Recomb     -1     -1           3300   9.900001e-06  3.0000003e-09              0           1     -1
     3     -1           0       1e+99 Resamp     -1     -1  9.9999993e+08        1121370   0.0011213701              0           1     -1
     2      0           0         133   Coal      0     -1      460557.46      9.4759468   2.057495e-05      24301.395      1.0125     -1
     2      1         133       166.2   Coal      0     -1      236307.26      1.0009166  4.2356576e-06      118045.42      1.0177     -1
     2      2       166.2      207.68   Coal      0     -1      362345.18       3.600487  9.9366217e-06      50318.913      1.0488     -1
     2      3      207.68      259.53   Coal      0     -1      564342.42      3.0279105  5.3653781e-06      93190.077      1.0429     -1
     2      4      259.53      324.31   Coal      0     -1      872498.81      19.781471  2.2672203e-05      22053.437      1.0622     -1
     2      5      324.31      405.26   Coal      0     -1      1356737.5      12.744686  9.3936273e-06      53227.575      1.1762     -1
     2      6      405.26      506.42   Coal      0     -1      2110080.7      30.003054  1.4218913e-05      35164.433      1.2103     -1
     2      7      506.42      632.82   Coal      0     -1      3242300.4      68.485742  2.1122578e-05      23671.353      1.4563     -1
     2      8      632.82      790.79   Coal      0     -1      4946477.1      138.53567  2.8006937e-05       17852.72      1.4875     -1
     2      9      790.79      988.18   Coal      0     -1      7496689.8         211.29   2.818444e-05      17740.285      1.6494     -1
     2     10      988.18      1234.8   Coal      0     -1       11445945         323.64  2.8275516e-05      17683.143      1.7369     -1
     2     11      1234.8      1543.1   Coal      0     -1       17342065         500.87  2.8881797e-05      17311.942      2.0522     -1
     2     12      1543.1      1928.2   Coal      0     -1       26130264         813.43  3.1129804e-05      16061.778      2.4583     -1
     2     13      1928.2      2409.6   Coal      0     -1       38711987        1219.02  3.1489471e-05      15878.323      2.6984     -1
     2     14      2409.6        3011   Coal      0     -1       56682462        1900.39  3.3526949e-05      14913.376      3.4352     -1
     2     15        3011      3762.6   Coal      0     -1       81739061        2663.44  3.2584666e-05      15344.641      3.7934     -1
     2     16      3762.6      4701.8   Coal      0     -1  1.1631976e+08        3924.42  3.3738207e-05      14819.993      4.9952     -1
     2     17      4701.8      5875.5   Coal      0     -1  1.6182069e+08        5571.14  3.4427859e-05      14523.122      5.7569     -1
     2     18      5875.5      7342.1   Coal      0     -1  2.2583194e+08        5772.15  2.5559494e-05      19562.203      6.1536     -1
     2     19      7342.1      9174.7   Coal      0     -1  3.2303421e+08        6017.89  1.8629265e-05      26839.491      8.0861     -1
     2     20      9174.7       11465   Coal      0     -1   4.688309e+08        7065.35  1.5070146e-05      33178.179      8.9965     -1
     2     21       11465       14327   Coal      0     -1  6.7687213e+08        9353.85  1.3819227e-05      36181.473      11.336     -1
     2     22       14327       17903   Coal      0     -1  9.5110505e+08       13964.86  1.4682773e-05      34053.512      12.269     -1
     2     23       17903       22372   Coal      0     -1  1.2582044e+09       22522.18  1.7900256e-05      27932.562      15.265     -1
     2     24       22372       27956   Coal      0     -1  1.5415401e+09        32548.8  2.1114469e-05      23680.444      18.478     -1
     2     25       27956       34934   Coal      0     -1  1.7251684e+09       43833.42  2.5408197e-05      19678.689      21.587     -1
     2     26       34934       43654   Coal      0     -1   1.760057e+09        51553.3  2.9290699e-05      17070.265      23.333     -1
     2     27       43654       54551   Coal      0     -1  1.6324261e+09       56001.23  3.4305523e-05      14574.912      26.171     -1
     2     28       54551       68167   Coal      0     -1  1.3959645e+09       50845.63  3.6423298e-05      13727.477      27.584     -1
     2     29       68167       85183   Coal      0     -1  1.1474189e+09       40361.84  3.5176204e-05      14214.155      25.778     -1
     2     30       85183  1.0645e+05   Coal      0     -1  1.1026144e+09       21899.47  1.9861405e-05      25174.453      25.876     -1
     2     31  1.0645e+05  1.3302e+05   Coal      0     -1  1.1084537e+09       22174.87  2.0005228e-05      24993.467      27.681     -1
     2     32  1.3302e+05       1e+99   Coal      0     -1  2.2512203e+09       45876.92   2.037869e-05      24535.434      25.059     -1
     2     -1           0       1e+99  Delay     -1     -1  9.9999993e+08              0              0              0           1     -1
     2     -1           0       1e+99   LogL     -1     -1              1      -17608736      -17608736              0           1     -1
     2     -1           0       1e+99 Recomb     -1     -1           3300   9.900001e-06  3.0000003e-09              0           1     -1
     2     -1           0       1e+99 Resamp     -1     -1  9.9999993e+08        1116974   0.0011169741              0           1     -1
     1      0           0         133   Coal      0     -1      502219.38      7.0040424  1.3946181e-05      35852.109       1.013     -1
     1      1         133       166.2   Coal      0     -1      252718.95      1.0005389  3.9590974e-06      126291.41      1.0207     -1
     1      2       166.2      207.68   Coal      0     -1       383888.8      1.2006567  3.1276158e-06      159866.18      1.0311     -1
     1      3      207.68      259.53   Coal      0     -1      591568.27      2.5740331  4.3512021e-06      114910.77       1.091     -1
     1      4      259.53      324.31   Coal      0     -1      905644.78      18.310049  2.0217694e-05      24730.812      1.0917     -1
     1      5      324.31      405.26   Coal      0     -1      1401221.2      9.5011374  6.7806121e-06      73739.656      1.1932     -1
     1      6      405.26      506.42   Coal      0     -1      2167436.5      33.482455  1.5447952e-05      32366.751        1.19     -1
     1      7      506.42      632.82   Coal      0     -1      3311231.1       74.59837  2.2528893e-05      22193.723      1.4202     -1
     1      8      632.82      790.79   Coal      0     -1      5051619.5      150.10359  2.9713954e-05      16827.111        1.42     -1
     1      9      790.79      988.18   Coal      0     -1      7662145.1      234.90664  3.0658077e-05      16308.916       1.521     -1
     1     10      988.18      1234.8   Coal      0     -1       11616061         360.11  3.1001041e-05       16128.49      1.8622     -1
     1     11      1234.8      1543.1   Coal      0     -1       17413603         541.78  3.1112459e-05      16070.732      2.0459     -1
     1     12      1543.1      1928.2   Coal      0     -1       26081113            849  3.2552292e-05      15359.901      2.6213     -1
     1     13      1928.2      2409.6   Coal      0     -1       38576458        1294.12  3.3546885e-05      14904.513      2.6118     -1
     1     14      2409.6        3011   Coal      0     -1       56247623        1948.66  3.4644308e-05      14432.385      3.3982     -1
     1     15        3011      3762.6   Coal      0     -1       81149427        2785.62  3.4327045e-05      14565.775      3.7204     -1
     1     16      3762.6      4701.8   Coal      0     -1  1.1521941e+08        4053.52  3.5180878e-05      14212.266      4.2433     -1
     1     17      4701.8      5875.5   Coal      0     -1  1.5982624e+08         5668.7  3.5467893e-05      14097.257      4.8101     -1
     1     18      5875.5      7342.1   Coal      0     -1  2.2221445e+08        5859.54  2.6368852e-05      18961.766      6.0613     -1
     1     19      7342.1      9174.7   Coal      0     -1  3.1861646e+08        6010.76   1.886519e-05      26503.842      6.7939     -1
     1     20      9174.7       11465   Coal      0     -1  4.6280953e+08        7014.14  1.5155565e-05      32991.182       8.832     -1
     1     21       11465       14327   Coal      0     -1  6.6991956e+08        9273.09  1.3842095e-05        36121.7      9.2704     -1
     1     22       14327       17903   Coal      0     -1  9.4387025e+08       13791.43  1.4611574e-05      34219.448      12.235     -1
     1     23       17903       22372   Coal      0     -1  1.2541924e+09       22240.57  1.7732982e-05      28196.048      14.526     -1
     1     24       22372       27956   Coal      0     -1  1.5414434e+09       32257.72  2.0926958e-05      23892.627      16.834     -1
     1     25       27956       34934   Coal      0     -1  1.7281316e+09       43666.15  2.5267839e-05          19788      19.741     -1
     1     26       34934       43654   Coal      0     -1  1.7671867e+09       51487.66  2.9135383e-05      17161.264      23.579     -1
     1     27       43654       54551   Coal      0     -1  1.6342493e+09       56318.42   3.446134e-05      14509.012      24.457     -1
     1     28       54551       68167   Coal      0     -1  1.3897989e+09       51337.59  3.6938861e-05       13535.88      29.659     -1
     1     29       68167       85183   Coal      0     -1  1.1309396e+09       40638.89  3.5933739e-05        13914.5      25.812     -1
     1     30       85183  1.0645e+05   Coal      0     -1  1.0720849e+09       21829.52  2.0361746e-05      24555.851      30.601     -1
     1     31  1.0645e+05  1.3302e+05   Coal      0     -1  1.0759291e+09       21990.06  2.0438205e-05      24463.988      27.387     -1
     1     32  1.3302e+05       1e+99   Coal      0     -1  2.1564935e+09       44656.57  2.0707955e-05       24145.31       23.49     -1
     1     -1           0       1e+99  Delay     -1     -1  9.9999993e+08              0              0              0           1     -1
     1     -1           0       1e+99   LogL     -1     -1              1      -17609042      -17609042              0           1     -1
     1     -1           0       1e+99 Recomb     -1     -1           3300   9.900001e-06  3.0000003e-09              0           1     -1
     1     -1           0       1e+99 Resamp     -1     -1  9.9999993e+08        1112273   0.0011122731              0           1     -1
     0      0           0         133   Coal      0     -1      475600.12       4.000559  8.4116021e-06      59441.708      1.0124     -1
     0      1         133       166.2   Coal      0     -1      245036.89      1.0005764  4.0833706e-06      122447.86      1.0214     -1
     0      2       166.2      207.68   Coal      0     -1       376524.4      1.0138115   2.692552e-06      185697.43      1.0272     -1
     0      3      207.68      259.53   Coal      0     -1       583155.9      4.0011477  6.8611974e-06      72873.578      1.0479     -1
     0      4      259.53      324.31   Coal      0     -1      894234.46      8.8455395  9.8917453e-06      50547.197      1.1534     -1
     0      5      324.31      405.26   Coal      0     -1      1375034.4      11.602087  8.4376706e-06      59258.061      1.1816     -1
     0      6      405.26      506.42   Coal      0     -1      2124724.9      31.937322  1.5031274e-05      33263.981       1.173     -1
     0      7      506.42      632.82   Coal      0     -1      3259230.3      77.064506  2.3645002e-05      21146.118      1.3168     -1
     0      8      632.82      790.79   Coal      0     -1      4948693.3      173.63982  3.5088014e-05       14249.88      1.3836     -1
     0      9      790.79      988.18   Coal      0     -1      7522499.9         253.67  3.3721503e-05      14827.334       1.615     -1
     0     10      988.18      1234.8   Coal      0     -1       11349240         397.99  3.5067546e-05      14258.198      1.7524     -1
     0     11      1234.8      1543.1   Coal      0     -1       16998127         609.48  3.5855715e-05      13944.779      2.1588     -1
     0     12      1543.1      1928.2   Coal      0     -1       25452084         896.58  3.5226191e-05      14193.984      2.3929     -1
     0     13      1928.2      2409.6   Coal      0     -1       37754354        1369.28  3.6268135e-05      13786.207      3.0106     -1
     0     14      2409.6        3011   Coal      0     -1       55072963        2041.37  3.7066646e-05      13489.216      3.2269     -1
     0     15        3011      3762.6   Coal      0     -1       78969792        2917.09  3.6939315e-05      13535.714      3.6637     -1
     0     16      3762.6      4701.8   Coal      0     -1  1.1159735e+08        4191.95  3.7563169e-05      13310.911      4.2389     -1
     0     17      4701.8      5875.5   Coal      0     -1   1.546175e+08        5800.07  3.7512377e-05      13328.934      5.3267     -1
     0     18      5875.5      7342.1   Coal      0     -1  2.1646196e+08        5903.29   2.727172e-05      18334.011      6.1662     -1
     0     19      7342.1      9174.7   Coal      0     -1  3.1115316e+08        6079.85  1.9539734e-05      25588.885      7.2652     -1
     0     20      9174.7       11465   Coal      0     -1  4.5532926e+08        7006.67  1.5388139e-05      32492.558      8.1255     -1
     0     21       11465       14327   Coal      0     -1  6.6015671e+08        9145.23   1.385312e-05      36092.953      10.615     -1
     0     22       14327       17903   Coal      0     -1  9.3306577e+08       13563.18  1.4536146e-05      34397.013      13.038     -1
     0     23       17903       22372   Coal      0     -1  1.2444267e+09       21875.95  1.7579138e-05      28442.805      16.186     -1
     0     24       22372       27956   Coal      0     -1  1.5362969e+09       31862.24  2.0739637e-05      24108.426      18.138     -1
     0     25       27956       34934   Coal      0     -1  1.7298342e+09       43412.69  2.5096446e-05       19923.14        19.6     -1
     0     26       34934       43654   Coal      0     -1  1.7734637e+09        51592.8  2.9091545e-05      17187.124      23.431     -1
     0     27       43654       54551   Coal      0     -1  1.6377161e+09       56714.46  3.4630214e-05      14438.259      25.043     -1
     0     28       54551       68167   Coal      0     -1  1.3825379e+09        51870.5   3.751832e-05      13326.823      26.213     -1
     0     29       68167       85183   Coal      0     -1  1.1078449e+09        40964.3  3.6976567e-05      13522.077      25.743     -1
     0     30       85183  1.0645e+05   Coal      0     -1  1.0427865e+09       21860.86  2.0963888e-05      23850.537      26.955     -1
     0     31  1.0645e+05  1.3302e+05   Coal      0     -1   1.038137e+09       21812.45  2.1011148e-05      23796.892      24.686     -1
     0     32  1.3302e+05       1e+99   Coal      0     -1  2.0173488e+09       42733.28  2.1182891e-05      23603.954      24.319     -1
     0     -1           0       1e+99  Delay     -1     -1  9.9999993e+08              0              0              0           1     -1
     0     -1           0       1e+99   LogL     -1     -1              1      -17609558      -17609558              0           1     -1
     0     -1           0       1e+99 Recomb     -1     -1           3300   9.900001e-06  3.0000003e-09              0           1     -1
     0     -1           0       1e+99 Resamp     -1     -1  9.9999993e+08        1105878   0.0011058781              0           1     -1
